[2025-07-18T12:59:36.514+0000] {processor.py:161} INFO - Started process (PID=41) to work on /opt/airflow/dags/s3_ingestion_dag.py
[2025-07-18T12:59:36.516+0000] {processor.py:830} INFO - Processing file /opt/airflow/dags/s3_ingestion_dag.py for tasks to queue
[2025-07-18T12:59:36.519+0000] {logging_mixin.py:188} INFO - [2025-07-18T12:59:36.518+0000] {dagbag.py:538} INFO - Filling up the DagBag from /opt/airflow/dags/s3_ingestion_dag.py
[2025-07-18T12:59:37.227+0000] {processor.py:840} INFO - DAG(s) 'spy_yfinance_parquet_ingestion' retrieved from /opt/airflow/dags/s3_ingestion_dag.py
[2025-07-18T12:59:37.271+0000] {logging_mixin.py:188} INFO - [2025-07-18T12:59:37.271+0000] {dag.py:3036} INFO - Sync 1 DAGs
[2025-07-18T12:59:37.283+0000] {logging_mixin.py:188} INFO - [2025-07-18T12:59:37.283+0000] {dag.py:3823} INFO - Setting next_dagrun for spy_yfinance_parquet_ingestion to 2025-07-18 00:00:00+00:00, run_after=2025-07-19 00:00:00+00:00
[2025-07-18T12:59:37.304+0000] {processor.py:183} INFO - Processing /opt/airflow/dags/s3_ingestion_dag.py took 0.793 seconds
[2025-07-18T13:00:07.934+0000] {processor.py:161} INFO - Started process (PID=118) to work on /opt/airflow/dags/s3_ingestion_dag.py
[2025-07-18T13:00:07.935+0000] {processor.py:830} INFO - Processing file /opt/airflow/dags/s3_ingestion_dag.py for tasks to queue
[2025-07-18T13:00:07.935+0000] {logging_mixin.py:188} INFO - [2025-07-18T13:00:07.935+0000] {dagbag.py:538} INFO - Filling up the DagBag from /opt/airflow/dags/s3_ingestion_dag.py
[2025-07-18T13:00:08.178+0000] {processor.py:840} INFO - DAG(s) 'spy_yfinance_parquet_ingestion' retrieved from /opt/airflow/dags/s3_ingestion_dag.py
[2025-07-18T13:00:08.186+0000] {logging_mixin.py:188} INFO - [2025-07-18T13:00:08.186+0000] {dag.py:3036} INFO - Sync 1 DAGs
[2025-07-18T13:00:08.195+0000] {logging_mixin.py:188} INFO - [2025-07-18T13:00:08.195+0000] {dag.py:3823} INFO - Setting next_dagrun for spy_yfinance_parquet_ingestion to 2025-07-18 00:00:00+00:00, run_after=2025-07-19 00:00:00+00:00
[2025-07-18T13:00:08.201+0000] {processor.py:183} INFO - Processing /opt/airflow/dags/s3_ingestion_dag.py took 0.268 seconds
[2025-07-18T13:00:38.435+0000] {processor.py:161} INFO - Started process (PID=194) to work on /opt/airflow/dags/s3_ingestion_dag.py
[2025-07-18T13:00:38.436+0000] {processor.py:830} INFO - Processing file /opt/airflow/dags/s3_ingestion_dag.py for tasks to queue
[2025-07-18T13:00:38.437+0000] {logging_mixin.py:188} INFO - [2025-07-18T13:00:38.437+0000] {dagbag.py:538} INFO - Filling up the DagBag from /opt/airflow/dags/s3_ingestion_dag.py
[2025-07-18T13:00:38.677+0000] {processor.py:840} INFO - DAG(s) 'spy_yfinance_parquet_ingestion' retrieved from /opt/airflow/dags/s3_ingestion_dag.py
[2025-07-18T13:00:38.683+0000] {logging_mixin.py:188} INFO - [2025-07-18T13:00:38.683+0000] {dag.py:3036} INFO - Sync 1 DAGs
[2025-07-18T13:00:38.692+0000] {logging_mixin.py:188} INFO - [2025-07-18T13:00:38.692+0000] {dag.py:3823} INFO - Setting next_dagrun for spy_yfinance_parquet_ingestion to 2025-07-18 00:00:00+00:00, run_after=2025-07-19 00:00:00+00:00
[2025-07-18T13:00:38.701+0000] {processor.py:183} INFO - Processing /opt/airflow/dags/s3_ingestion_dag.py took 0.267 seconds
[2025-07-18T13:01:08.755+0000] {processor.py:161} INFO - Started process (PID=272) to work on /opt/airflow/dags/s3_ingestion_dag.py
[2025-07-18T13:01:08.755+0000] {processor.py:830} INFO - Processing file /opt/airflow/dags/s3_ingestion_dag.py for tasks to queue
[2025-07-18T13:01:08.756+0000] {logging_mixin.py:188} INFO - [2025-07-18T13:01:08.756+0000] {dagbag.py:538} INFO - Filling up the DagBag from /opt/airflow/dags/s3_ingestion_dag.py
[2025-07-18T13:01:08.986+0000] {processor.py:840} INFO - DAG(s) 'spy_yfinance_parquet_ingestion' retrieved from /opt/airflow/dags/s3_ingestion_dag.py
[2025-07-18T13:01:08.994+0000] {logging_mixin.py:188} INFO - [2025-07-18T13:01:08.993+0000] {dag.py:3036} INFO - Sync 1 DAGs
[2025-07-18T13:01:09.000+0000] {logging_mixin.py:188} INFO - [2025-07-18T13:01:09.000+0000] {dag.py:3823} INFO - Setting next_dagrun for spy_yfinance_parquet_ingestion to 2025-07-18 00:00:00+00:00, run_after=2025-07-19 00:00:00+00:00
[2025-07-18T13:01:09.005+0000] {processor.py:183} INFO - Processing /opt/airflow/dags/s3_ingestion_dag.py took 0.252 seconds
[2025-07-18T13:01:39.083+0000] {processor.py:161} INFO - Started process (PID=337) to work on /opt/airflow/dags/s3_ingestion_dag.py
[2025-07-18T13:01:39.085+0000] {processor.py:830} INFO - Processing file /opt/airflow/dags/s3_ingestion_dag.py for tasks to queue
[2025-07-18T13:01:39.087+0000] {logging_mixin.py:188} INFO - [2025-07-18T13:01:39.087+0000] {dagbag.py:538} INFO - Filling up the DagBag from /opt/airflow/dags/s3_ingestion_dag.py
[2025-07-18T13:01:39.379+0000] {processor.py:840} INFO - DAG(s) 'spy_yfinance_parquet_ingestion' retrieved from /opt/airflow/dags/s3_ingestion_dag.py
[2025-07-18T13:01:39.387+0000] {logging_mixin.py:188} INFO - [2025-07-18T13:01:39.387+0000] {dag.py:3036} INFO - Sync 1 DAGs
[2025-07-18T13:01:39.394+0000] {logging_mixin.py:188} INFO - [2025-07-18T13:01:39.394+0000] {dag.py:3823} INFO - Setting next_dagrun for spy_yfinance_parquet_ingestion to 2025-07-18 00:00:00+00:00, run_after=2025-07-19 00:00:00+00:00
[2025-07-18T13:01:39.402+0000] {processor.py:183} INFO - Processing /opt/airflow/dags/s3_ingestion_dag.py took 0.325 seconds
[2025-07-18T13:02:09.938+0000] {processor.py:161} INFO - Started process (PID=410) to work on /opt/airflow/dags/s3_ingestion_dag.py
[2025-07-18T13:02:09.939+0000] {processor.py:830} INFO - Processing file /opt/airflow/dags/s3_ingestion_dag.py for tasks to queue
[2025-07-18T13:02:09.940+0000] {logging_mixin.py:188} INFO - [2025-07-18T13:02:09.940+0000] {dagbag.py:538} INFO - Filling up the DagBag from /opt/airflow/dags/s3_ingestion_dag.py
[2025-07-18T13:02:10.172+0000] {processor.py:840} INFO - DAG(s) 'spy_yfinance_parquet_ingestion' retrieved from /opt/airflow/dags/s3_ingestion_dag.py
[2025-07-18T13:02:10.183+0000] {logging_mixin.py:188} INFO - [2025-07-18T13:02:10.183+0000] {dag.py:3036} INFO - Sync 1 DAGs
[2025-07-18T13:02:10.191+0000] {logging_mixin.py:188} INFO - [2025-07-18T13:02:10.191+0000] {dag.py:3823} INFO - Setting next_dagrun for spy_yfinance_parquet_ingestion to 2025-07-18 00:00:00+00:00, run_after=2025-07-19 00:00:00+00:00
[2025-07-18T13:02:10.198+0000] {processor.py:183} INFO - Processing /opt/airflow/dags/s3_ingestion_dag.py took 0.264 seconds
[2025-07-18T13:02:41.057+0000] {processor.py:161} INFO - Started process (PID=483) to work on /opt/airflow/dags/s3_ingestion_dag.py
[2025-07-18T13:02:41.058+0000] {processor.py:830} INFO - Processing file /opt/airflow/dags/s3_ingestion_dag.py for tasks to queue
[2025-07-18T13:02:41.061+0000] {logging_mixin.py:188} INFO - [2025-07-18T13:02:41.061+0000] {dagbag.py:538} INFO - Filling up the DagBag from /opt/airflow/dags/s3_ingestion_dag.py
[2025-07-18T13:02:41.368+0000] {processor.py:840} INFO - DAG(s) 'spy_yfinance_parquet_ingestion' retrieved from /opt/airflow/dags/s3_ingestion_dag.py
[2025-07-18T13:02:41.378+0000] {logging_mixin.py:188} INFO - [2025-07-18T13:02:41.378+0000] {dag.py:3036} INFO - Sync 1 DAGs
[2025-07-18T13:02:41.386+0000] {logging_mixin.py:188} INFO - [2025-07-18T13:02:41.386+0000] {dag.py:3823} INFO - Setting next_dagrun for spy_yfinance_parquet_ingestion to 2025-07-18 00:00:00+00:00, run_after=2025-07-19 00:00:00+00:00
[2025-07-18T13:02:41.393+0000] {processor.py:183} INFO - Processing /opt/airflow/dags/s3_ingestion_dag.py took 0.343 seconds
[2025-07-18T13:03:11.703+0000] {processor.py:161} INFO - Started process (PID=556) to work on /opt/airflow/dags/s3_ingestion_dag.py
[2025-07-18T13:03:11.706+0000] {processor.py:830} INFO - Processing file /opt/airflow/dags/s3_ingestion_dag.py for tasks to queue
[2025-07-18T13:03:11.708+0000] {logging_mixin.py:188} INFO - [2025-07-18T13:03:11.707+0000] {dagbag.py:538} INFO - Filling up the DagBag from /opt/airflow/dags/s3_ingestion_dag.py
[2025-07-18T13:03:12.099+0000] {processor.py:840} INFO - DAG(s) 'spy_yfinance_parquet_ingestion' retrieved from /opt/airflow/dags/s3_ingestion_dag.py
[2025-07-18T13:03:12.107+0000] {logging_mixin.py:188} INFO - [2025-07-18T13:03:12.106+0000] {dag.py:3036} INFO - Sync 1 DAGs
[2025-07-18T13:03:12.116+0000] {logging_mixin.py:188} INFO - [2025-07-18T13:03:12.116+0000] {dag.py:3823} INFO - Setting next_dagrun for spy_yfinance_parquet_ingestion to 2025-07-18 00:00:00+00:00, run_after=2025-07-19 00:00:00+00:00
[2025-07-18T13:03:12.123+0000] {processor.py:183} INFO - Processing /opt/airflow/dags/s3_ingestion_dag.py took 0.429 seconds
[2025-07-18T13:03:42.764+0000] {processor.py:161} INFO - Started process (PID=629) to work on /opt/airflow/dags/s3_ingestion_dag.py
[2025-07-18T13:03:42.766+0000] {processor.py:830} INFO - Processing file /opt/airflow/dags/s3_ingestion_dag.py for tasks to queue
[2025-07-18T13:03:42.768+0000] {logging_mixin.py:188} INFO - [2025-07-18T13:03:42.768+0000] {dagbag.py:538} INFO - Filling up the DagBag from /opt/airflow/dags/s3_ingestion_dag.py
[2025-07-18T13:03:43.009+0000] {processor.py:840} INFO - DAG(s) 'spy_yfinance_parquet_ingestion' retrieved from /opt/airflow/dags/s3_ingestion_dag.py
[2025-07-18T13:03:43.016+0000] {logging_mixin.py:188} INFO - [2025-07-18T13:03:43.015+0000] {dag.py:3036} INFO - Sync 1 DAGs
[2025-07-18T13:03:43.023+0000] {logging_mixin.py:188} INFO - [2025-07-18T13:03:43.023+0000] {dag.py:3823} INFO - Setting next_dagrun for spy_yfinance_parquet_ingestion to 2025-07-18 00:00:00+00:00, run_after=2025-07-19 00:00:00+00:00
[2025-07-18T13:03:43.033+0000] {processor.py:183} INFO - Processing /opt/airflow/dags/s3_ingestion_dag.py took 0.274 seconds
[2025-07-18T13:04:13.509+0000] {processor.py:161} INFO - Started process (PID=701) to work on /opt/airflow/dags/s3_ingestion_dag.py
[2025-07-18T13:04:13.511+0000] {processor.py:830} INFO - Processing file /opt/airflow/dags/s3_ingestion_dag.py for tasks to queue
[2025-07-18T13:04:13.515+0000] {logging_mixin.py:188} INFO - [2025-07-18T13:04:13.514+0000] {dagbag.py:538} INFO - Filling up the DagBag from /opt/airflow/dags/s3_ingestion_dag.py
[2025-07-18T13:04:13.769+0000] {processor.py:840} INFO - DAG(s) 'spy_yfinance_parquet_ingestion' retrieved from /opt/airflow/dags/s3_ingestion_dag.py
[2025-07-18T13:04:13.775+0000] {logging_mixin.py:188} INFO - [2025-07-18T13:04:13.775+0000] {dag.py:3036} INFO - Sync 1 DAGs
[2025-07-18T13:04:13.783+0000] {logging_mixin.py:188} INFO - [2025-07-18T13:04:13.783+0000] {dag.py:3823} INFO - Setting next_dagrun for spy_yfinance_parquet_ingestion to 2025-07-18 00:00:00+00:00, run_after=2025-07-19 00:00:00+00:00
[2025-07-18T13:04:13.790+0000] {processor.py:183} INFO - Processing /opt/airflow/dags/s3_ingestion_dag.py took 0.287 seconds
[2025-07-18T13:04:44.125+0000] {processor.py:161} INFO - Started process (PID=774) to work on /opt/airflow/dags/s3_ingestion_dag.py
[2025-07-18T13:04:44.126+0000] {processor.py:830} INFO - Processing file /opt/airflow/dags/s3_ingestion_dag.py for tasks to queue
[2025-07-18T13:04:44.133+0000] {logging_mixin.py:188} INFO - [2025-07-18T13:04:44.132+0000] {dagbag.py:538} INFO - Filling up the DagBag from /opt/airflow/dags/s3_ingestion_dag.py
[2025-07-18T13:04:44.445+0000] {processor.py:840} INFO - DAG(s) 'spy_yfinance_parquet_ingestion' retrieved from /opt/airflow/dags/s3_ingestion_dag.py
[2025-07-18T13:04:44.452+0000] {logging_mixin.py:188} INFO - [2025-07-18T13:04:44.451+0000] {dag.py:3036} INFO - Sync 1 DAGs
[2025-07-18T13:04:44.460+0000] {logging_mixin.py:188} INFO - [2025-07-18T13:04:44.460+0000] {dag.py:3823} INFO - Setting next_dagrun for spy_yfinance_parquet_ingestion to 2025-07-18 00:00:00+00:00, run_after=2025-07-19 00:00:00+00:00
[2025-07-18T13:04:44.468+0000] {processor.py:183} INFO - Processing /opt/airflow/dags/s3_ingestion_dag.py took 0.348 seconds
[2025-07-18T13:05:14.920+0000] {processor.py:161} INFO - Started process (PID=853) to work on /opt/airflow/dags/s3_ingestion_dag.py
[2025-07-18T13:05:14.921+0000] {processor.py:830} INFO - Processing file /opt/airflow/dags/s3_ingestion_dag.py for tasks to queue
[2025-07-18T13:05:14.923+0000] {logging_mixin.py:188} INFO - [2025-07-18T13:05:14.923+0000] {dagbag.py:538} INFO - Filling up the DagBag from /opt/airflow/dags/s3_ingestion_dag.py
[2025-07-18T13:05:15.152+0000] {processor.py:840} INFO - DAG(s) 'spy_yfinance_parquet_ingestion' retrieved from /opt/airflow/dags/s3_ingestion_dag.py
[2025-07-18T13:05:15.165+0000] {logging_mixin.py:188} INFO - [2025-07-18T13:05:15.165+0000] {dag.py:3036} INFO - Sync 1 DAGs
[2025-07-18T13:05:15.178+0000] {logging_mixin.py:188} INFO - [2025-07-18T13:05:15.178+0000] {dag.py:3823} INFO - Setting next_dagrun for spy_yfinance_parquet_ingestion to 2025-07-18 00:00:00+00:00, run_after=2025-07-19 00:00:00+00:00
[2025-07-18T13:05:15.185+0000] {processor.py:183} INFO - Processing /opt/airflow/dags/s3_ingestion_dag.py took 0.269 seconds
[2025-07-18T13:05:45.592+0000] {processor.py:161} INFO - Started process (PID=926) to work on /opt/airflow/dags/s3_ingestion_dag.py
[2025-07-18T13:05:45.593+0000] {processor.py:830} INFO - Processing file /opt/airflow/dags/s3_ingestion_dag.py for tasks to queue
[2025-07-18T13:05:45.599+0000] {logging_mixin.py:188} INFO - [2025-07-18T13:05:45.599+0000] {dagbag.py:538} INFO - Filling up the DagBag from /opt/airflow/dags/s3_ingestion_dag.py
[2025-07-18T13:05:45.936+0000] {processor.py:840} INFO - DAG(s) 'spy_yfinance_parquet_ingestion' retrieved from /opt/airflow/dags/s3_ingestion_dag.py
[2025-07-18T13:05:45.946+0000] {logging_mixin.py:188} INFO - [2025-07-18T13:05:45.946+0000] {dag.py:3036} INFO - Sync 1 DAGs
[2025-07-18T13:05:45.954+0000] {logging_mixin.py:188} INFO - [2025-07-18T13:05:45.954+0000] {dag.py:3823} INFO - Setting next_dagrun for spy_yfinance_parquet_ingestion to 2025-07-18 00:00:00+00:00, run_after=2025-07-19 00:00:00+00:00
[2025-07-18T13:05:45.962+0000] {processor.py:183} INFO - Processing /opt/airflow/dags/s3_ingestion_dag.py took 0.380 seconds
[2025-07-18T13:06:16.390+0000] {processor.py:161} INFO - Started process (PID=999) to work on /opt/airflow/dags/s3_ingestion_dag.py
[2025-07-18T13:06:16.392+0000] {processor.py:830} INFO - Processing file /opt/airflow/dags/s3_ingestion_dag.py for tasks to queue
[2025-07-18T13:06:16.398+0000] {logging_mixin.py:188} INFO - [2025-07-18T13:06:16.397+0000] {dagbag.py:538} INFO - Filling up the DagBag from /opt/airflow/dags/s3_ingestion_dag.py
[2025-07-18T13:06:16.796+0000] {processor.py:840} INFO - DAG(s) 'spy_yfinance_parquet_ingestion' retrieved from /opt/airflow/dags/s3_ingestion_dag.py
[2025-07-18T13:06:16.807+0000] {logging_mixin.py:188} INFO - [2025-07-18T13:06:16.806+0000] {dag.py:3036} INFO - Sync 1 DAGs
[2025-07-18T13:06:16.818+0000] {logging_mixin.py:188} INFO - [2025-07-18T13:06:16.818+0000] {dag.py:3823} INFO - Setting next_dagrun for spy_yfinance_parquet_ingestion to 2025-07-18 00:00:00+00:00, run_after=2025-07-19 00:00:00+00:00
[2025-07-18T13:06:16.825+0000] {processor.py:183} INFO - Processing /opt/airflow/dags/s3_ingestion_dag.py took 0.443 seconds
[2025-07-18T13:06:47.484+0000] {processor.py:161} INFO - Started process (PID=1071) to work on /opt/airflow/dags/s3_ingestion_dag.py
[2025-07-18T13:06:47.486+0000] {processor.py:830} INFO - Processing file /opt/airflow/dags/s3_ingestion_dag.py for tasks to queue
[2025-07-18T13:06:47.488+0000] {logging_mixin.py:188} INFO - [2025-07-18T13:06:47.488+0000] {dagbag.py:538} INFO - Filling up the DagBag from /opt/airflow/dags/s3_ingestion_dag.py
[2025-07-18T13:06:47.967+0000] {processor.py:840} INFO - DAG(s) 'spy_yfinance_parquet_ingestion' retrieved from /opt/airflow/dags/s3_ingestion_dag.py
[2025-07-18T13:06:47.986+0000] {logging_mixin.py:188} INFO - [2025-07-18T13:06:47.986+0000] {dag.py:3036} INFO - Sync 1 DAGs
[2025-07-18T13:06:47.995+0000] {logging_mixin.py:188} INFO - [2025-07-18T13:06:47.995+0000] {dag.py:3823} INFO - Setting next_dagrun for spy_yfinance_parquet_ingestion to 2025-07-18 00:00:00+00:00, run_after=2025-07-19 00:00:00+00:00
[2025-07-18T13:06:48.004+0000] {processor.py:183} INFO - Processing /opt/airflow/dags/s3_ingestion_dag.py took 0.523 seconds
[2025-07-18T13:07:18.720+0000] {processor.py:161} INFO - Started process (PID=1144) to work on /opt/airflow/dags/s3_ingestion_dag.py
[2025-07-18T13:07:18.722+0000] {processor.py:830} INFO - Processing file /opt/airflow/dags/s3_ingestion_dag.py for tasks to queue
[2025-07-18T13:07:18.724+0000] {logging_mixin.py:188} INFO - [2025-07-18T13:07:18.724+0000] {dagbag.py:538} INFO - Filling up the DagBag from /opt/airflow/dags/s3_ingestion_dag.py
[2025-07-18T13:07:18.974+0000] {processor.py:840} INFO - DAG(s) 'spy_yfinance_parquet_ingestion' retrieved from /opt/airflow/dags/s3_ingestion_dag.py
[2025-07-18T13:07:18.990+0000] {logging_mixin.py:188} INFO - [2025-07-18T13:07:18.990+0000] {dag.py:3036} INFO - Sync 1 DAGs
[2025-07-18T13:07:18.999+0000] {logging_mixin.py:188} INFO - [2025-07-18T13:07:18.999+0000] {dag.py:3823} INFO - Setting next_dagrun for spy_yfinance_parquet_ingestion to 2025-07-18 00:00:00+00:00, run_after=2025-07-19 00:00:00+00:00
[2025-07-18T13:07:19.007+0000] {processor.py:183} INFO - Processing /opt/airflow/dags/s3_ingestion_dag.py took 0.292 seconds
[2025-07-18T13:07:49.481+0000] {processor.py:161} INFO - Started process (PID=1217) to work on /opt/airflow/dags/s3_ingestion_dag.py
[2025-07-18T13:07:49.483+0000] {processor.py:830} INFO - Processing file /opt/airflow/dags/s3_ingestion_dag.py for tasks to queue
[2025-07-18T13:07:49.484+0000] {logging_mixin.py:188} INFO - [2025-07-18T13:07:49.484+0000] {dagbag.py:538} INFO - Filling up the DagBag from /opt/airflow/dags/s3_ingestion_dag.py
[2025-07-18T13:07:49.749+0000] {processor.py:840} INFO - DAG(s) 'spy_yfinance_parquet_ingestion' retrieved from /opt/airflow/dags/s3_ingestion_dag.py
[2025-07-18T13:07:49.762+0000] {logging_mixin.py:188} INFO - [2025-07-18T13:07:49.762+0000] {dag.py:3036} INFO - Sync 1 DAGs
[2025-07-18T13:07:49.771+0000] {logging_mixin.py:188} INFO - [2025-07-18T13:07:49.771+0000] {dag.py:3823} INFO - Setting next_dagrun for spy_yfinance_parquet_ingestion to 2025-07-18 00:00:00+00:00, run_after=2025-07-19 00:00:00+00:00
[2025-07-18T13:07:49.782+0000] {processor.py:183} INFO - Processing /opt/airflow/dags/s3_ingestion_dag.py took 0.303 seconds
[2025-07-18T13:08:20.206+0000] {processor.py:161} INFO - Started process (PID=1290) to work on /opt/airflow/dags/s3_ingestion_dag.py
[2025-07-18T13:08:20.207+0000] {processor.py:830} INFO - Processing file /opt/airflow/dags/s3_ingestion_dag.py for tasks to queue
[2025-07-18T13:08:20.209+0000] {logging_mixin.py:188} INFO - [2025-07-18T13:08:20.209+0000] {dagbag.py:538} INFO - Filling up the DagBag from /opt/airflow/dags/s3_ingestion_dag.py
[2025-07-18T13:08:20.482+0000] {processor.py:840} INFO - DAG(s) 'spy_yfinance_parquet_ingestion' retrieved from /opt/airflow/dags/s3_ingestion_dag.py
[2025-07-18T13:08:20.490+0000] {logging_mixin.py:188} INFO - [2025-07-18T13:08:20.490+0000] {dag.py:3036} INFO - Sync 1 DAGs
[2025-07-18T13:08:20.498+0000] {logging_mixin.py:188} INFO - [2025-07-18T13:08:20.498+0000] {dag.py:3823} INFO - Setting next_dagrun for spy_yfinance_parquet_ingestion to 2025-07-18 00:00:00+00:00, run_after=2025-07-19 00:00:00+00:00
[2025-07-18T13:08:20.507+0000] {processor.py:183} INFO - Processing /opt/airflow/dags/s3_ingestion_dag.py took 0.305 seconds
[2025-07-18T13:08:50.932+0000] {processor.py:161} INFO - Started process (PID=1363) to work on /opt/airflow/dags/s3_ingestion_dag.py
[2025-07-18T13:08:50.933+0000] {processor.py:830} INFO - Processing file /opt/airflow/dags/s3_ingestion_dag.py for tasks to queue
[2025-07-18T13:08:50.936+0000] {logging_mixin.py:188} INFO - [2025-07-18T13:08:50.936+0000] {dagbag.py:538} INFO - Filling up the DagBag from /opt/airflow/dags/s3_ingestion_dag.py
[2025-07-18T13:08:51.218+0000] {processor.py:840} INFO - DAG(s) 'spy_yfinance_parquet_ingestion' retrieved from /opt/airflow/dags/s3_ingestion_dag.py
[2025-07-18T13:08:51.225+0000] {logging_mixin.py:188} INFO - [2025-07-18T13:08:51.225+0000] {dag.py:3036} INFO - Sync 1 DAGs
[2025-07-18T13:08:51.233+0000] {logging_mixin.py:188} INFO - [2025-07-18T13:08:51.233+0000] {dag.py:3823} INFO - Setting next_dagrun for spy_yfinance_parquet_ingestion to 2025-07-18 00:00:00+00:00, run_after=2025-07-19 00:00:00+00:00
[2025-07-18T13:08:51.242+0000] {processor.py:183} INFO - Processing /opt/airflow/dags/s3_ingestion_dag.py took 0.316 seconds
[2025-07-18T13:09:21.560+0000] {processor.py:161} INFO - Started process (PID=1436) to work on /opt/airflow/dags/s3_ingestion_dag.py
[2025-07-18T13:09:21.561+0000] {processor.py:830} INFO - Processing file /opt/airflow/dags/s3_ingestion_dag.py for tasks to queue
[2025-07-18T13:09:21.565+0000] {logging_mixin.py:188} INFO - [2025-07-18T13:09:21.564+0000] {dagbag.py:538} INFO - Filling up the DagBag from /opt/airflow/dags/s3_ingestion_dag.py
[2025-07-18T13:09:21.820+0000] {processor.py:840} INFO - DAG(s) 'spy_yfinance_parquet_ingestion' retrieved from /opt/airflow/dags/s3_ingestion_dag.py
[2025-07-18T13:09:21.826+0000] {logging_mixin.py:188} INFO - [2025-07-18T13:09:21.826+0000] {dag.py:3036} INFO - Sync 1 DAGs
[2025-07-18T13:09:21.834+0000] {logging_mixin.py:188} INFO - [2025-07-18T13:09:21.834+0000] {dag.py:3823} INFO - Setting next_dagrun for spy_yfinance_parquet_ingestion to 2025-07-18 00:00:00+00:00, run_after=2025-07-19 00:00:00+00:00
[2025-07-18T13:09:21.842+0000] {processor.py:183} INFO - Processing /opt/airflow/dags/s3_ingestion_dag.py took 0.287 seconds
[2025-07-18T13:09:52.086+0000] {processor.py:161} INFO - Started process (PID=1509) to work on /opt/airflow/dags/s3_ingestion_dag.py
[2025-07-18T13:09:52.087+0000] {processor.py:830} INFO - Processing file /opt/airflow/dags/s3_ingestion_dag.py for tasks to queue
[2025-07-18T13:09:52.089+0000] {logging_mixin.py:188} INFO - [2025-07-18T13:09:52.089+0000] {dagbag.py:538} INFO - Filling up the DagBag from /opt/airflow/dags/s3_ingestion_dag.py
[2025-07-18T13:09:52.349+0000] {processor.py:840} INFO - DAG(s) 'spy_yfinance_parquet_ingestion' retrieved from /opt/airflow/dags/s3_ingestion_dag.py
[2025-07-18T13:09:52.356+0000] {logging_mixin.py:188} INFO - [2025-07-18T13:09:52.355+0000] {dag.py:3036} INFO - Sync 1 DAGs
[2025-07-18T13:09:52.365+0000] {logging_mixin.py:188} INFO - [2025-07-18T13:09:52.364+0000] {dag.py:3823} INFO - Setting next_dagrun for spy_yfinance_parquet_ingestion to 2025-07-18 00:00:00+00:00, run_after=2025-07-19 00:00:00+00:00
[2025-07-18T13:09:52.373+0000] {processor.py:183} INFO - Processing /opt/airflow/dags/s3_ingestion_dag.py took 0.289 seconds
[2025-07-18T13:10:22.806+0000] {processor.py:161} INFO - Started process (PID=1582) to work on /opt/airflow/dags/s3_ingestion_dag.py
[2025-07-18T13:10:22.807+0000] {processor.py:830} INFO - Processing file /opt/airflow/dags/s3_ingestion_dag.py for tasks to queue
[2025-07-18T13:10:22.810+0000] {logging_mixin.py:188} INFO - [2025-07-18T13:10:22.810+0000] {dagbag.py:538} INFO - Filling up the DagBag from /opt/airflow/dags/s3_ingestion_dag.py
[2025-07-18T13:10:23.064+0000] {processor.py:840} INFO - DAG(s) 'spy_yfinance_parquet_ingestion' retrieved from /opt/airflow/dags/s3_ingestion_dag.py
[2025-07-18T13:10:23.071+0000] {logging_mixin.py:188} INFO - [2025-07-18T13:10:23.070+0000] {dag.py:3036} INFO - Sync 1 DAGs
[2025-07-18T13:10:23.080+0000] {logging_mixin.py:188} INFO - [2025-07-18T13:10:23.080+0000] {dag.py:3823} INFO - Setting next_dagrun for spy_yfinance_parquet_ingestion to 2025-07-18 00:00:00+00:00, run_after=2025-07-19 00:00:00+00:00
[2025-07-18T13:10:23.089+0000] {processor.py:183} INFO - Processing /opt/airflow/dags/s3_ingestion_dag.py took 0.288 seconds
[2025-07-18T13:10:53.514+0000] {processor.py:161} INFO - Started process (PID=1655) to work on /opt/airflow/dags/s3_ingestion_dag.py
[2025-07-18T13:10:53.515+0000] {processor.py:830} INFO - Processing file /opt/airflow/dags/s3_ingestion_dag.py for tasks to queue
[2025-07-18T13:10:53.516+0000] {logging_mixin.py:188} INFO - [2025-07-18T13:10:53.516+0000] {dagbag.py:538} INFO - Filling up the DagBag from /opt/airflow/dags/s3_ingestion_dag.py
[2025-07-18T13:10:53.764+0000] {processor.py:840} INFO - DAG(s) 'spy_yfinance_parquet_ingestion' retrieved from /opt/airflow/dags/s3_ingestion_dag.py
[2025-07-18T13:10:53.774+0000] {logging_mixin.py:188} INFO - [2025-07-18T13:10:53.774+0000] {dag.py:3036} INFO - Sync 1 DAGs
[2025-07-18T13:10:53.782+0000] {logging_mixin.py:188} INFO - [2025-07-18T13:10:53.782+0000] {dag.py:3823} INFO - Setting next_dagrun for spy_yfinance_parquet_ingestion to 2025-07-18 00:00:00+00:00, run_after=2025-07-19 00:00:00+00:00
[2025-07-18T13:10:53.790+0000] {processor.py:183} INFO - Processing /opt/airflow/dags/s3_ingestion_dag.py took 0.279 seconds
[2025-07-18T13:11:24.421+0000] {processor.py:161} INFO - Started process (PID=1728) to work on /opt/airflow/dags/s3_ingestion_dag.py
[2025-07-18T13:11:24.422+0000] {processor.py:830} INFO - Processing file /opt/airflow/dags/s3_ingestion_dag.py for tasks to queue
[2025-07-18T13:11:24.424+0000] {logging_mixin.py:188} INFO - [2025-07-18T13:11:24.424+0000] {dagbag.py:538} INFO - Filling up the DagBag from /opt/airflow/dags/s3_ingestion_dag.py
[2025-07-18T13:11:24.647+0000] {processor.py:840} INFO - DAG(s) 'spy_yfinance_parquet_ingestion' retrieved from /opt/airflow/dags/s3_ingestion_dag.py
[2025-07-18T13:11:24.657+0000] {logging_mixin.py:188} INFO - [2025-07-18T13:11:24.656+0000] {dag.py:3036} INFO - Sync 1 DAGs
[2025-07-18T13:11:24.665+0000] {logging_mixin.py:188} INFO - [2025-07-18T13:11:24.665+0000] {dag.py:3823} INFO - Setting next_dagrun for spy_yfinance_parquet_ingestion to 2025-07-18 00:00:00+00:00, run_after=2025-07-19 00:00:00+00:00
[2025-07-18T13:11:24.672+0000] {processor.py:183} INFO - Processing /opt/airflow/dags/s3_ingestion_dag.py took 0.254 seconds
[2025-07-18T13:11:55.286+0000] {processor.py:161} INFO - Started process (PID=1801) to work on /opt/airflow/dags/s3_ingestion_dag.py
[2025-07-18T13:11:55.287+0000] {processor.py:830} INFO - Processing file /opt/airflow/dags/s3_ingestion_dag.py for tasks to queue
[2025-07-18T13:11:55.290+0000] {logging_mixin.py:188} INFO - [2025-07-18T13:11:55.290+0000] {dagbag.py:538} INFO - Filling up the DagBag from /opt/airflow/dags/s3_ingestion_dag.py
[2025-07-18T13:11:55.562+0000] {processor.py:840} INFO - DAG(s) 'spy_yfinance_parquet_ingestion' retrieved from /opt/airflow/dags/s3_ingestion_dag.py
[2025-07-18T13:11:55.572+0000] {logging_mixin.py:188} INFO - [2025-07-18T13:11:55.572+0000] {dag.py:3036} INFO - Sync 1 DAGs
[2025-07-18T13:11:55.581+0000] {logging_mixin.py:188} INFO - [2025-07-18T13:11:55.581+0000] {dag.py:3823} INFO - Setting next_dagrun for spy_yfinance_parquet_ingestion to 2025-07-18 00:00:00+00:00, run_after=2025-07-19 00:00:00+00:00
[2025-07-18T13:11:55.591+0000] {processor.py:183} INFO - Processing /opt/airflow/dags/s3_ingestion_dag.py took 0.310 seconds
[2025-07-18T13:12:26.520+0000] {processor.py:161} INFO - Started process (PID=1873) to work on /opt/airflow/dags/s3_ingestion_dag.py
[2025-07-18T13:12:26.521+0000] {processor.py:830} INFO - Processing file /opt/airflow/dags/s3_ingestion_dag.py for tasks to queue
[2025-07-18T13:12:26.522+0000] {logging_mixin.py:188} INFO - [2025-07-18T13:12:26.522+0000] {dagbag.py:538} INFO - Filling up the DagBag from /opt/airflow/dags/s3_ingestion_dag.py
[2025-07-18T13:12:26.776+0000] {processor.py:840} INFO - DAG(s) 'spy_yfinance_parquet_ingestion' retrieved from /opt/airflow/dags/s3_ingestion_dag.py
[2025-07-18T13:12:26.786+0000] {logging_mixin.py:188} INFO - [2025-07-18T13:12:26.786+0000] {dag.py:3036} INFO - Sync 1 DAGs
[2025-07-18T13:12:26.793+0000] {logging_mixin.py:188} INFO - [2025-07-18T13:12:26.793+0000] {dag.py:3823} INFO - Setting next_dagrun for spy_yfinance_parquet_ingestion to 2025-07-18 00:00:00+00:00, run_after=2025-07-19 00:00:00+00:00
[2025-07-18T13:12:26.801+0000] {processor.py:183} INFO - Processing /opt/airflow/dags/s3_ingestion_dag.py took 0.283 seconds
[2025-07-18T13:12:57.049+0000] {processor.py:161} INFO - Started process (PID=1946) to work on /opt/airflow/dags/s3_ingestion_dag.py
[2025-07-18T13:12:57.050+0000] {processor.py:830} INFO - Processing file /opt/airflow/dags/s3_ingestion_dag.py for tasks to queue
[2025-07-18T13:12:57.052+0000] {logging_mixin.py:188} INFO - [2025-07-18T13:12:57.052+0000] {dagbag.py:538} INFO - Filling up the DagBag from /opt/airflow/dags/s3_ingestion_dag.py
[2025-07-18T13:12:57.343+0000] {processor.py:840} INFO - DAG(s) 'spy_yfinance_parquet_ingestion' retrieved from /opt/airflow/dags/s3_ingestion_dag.py
[2025-07-18T13:12:57.354+0000] {logging_mixin.py:188} INFO - [2025-07-18T13:12:57.353+0000] {dag.py:3036} INFO - Sync 1 DAGs
[2025-07-18T13:12:57.364+0000] {logging_mixin.py:188} INFO - [2025-07-18T13:12:57.363+0000] {dag.py:3823} INFO - Setting next_dagrun for spy_yfinance_parquet_ingestion to 2025-07-18 00:00:00+00:00, run_after=2025-07-19 00:00:00+00:00
[2025-07-18T13:12:57.370+0000] {processor.py:183} INFO - Processing /opt/airflow/dags/s3_ingestion_dag.py took 0.326 seconds
[2025-07-18T13:13:27.632+0000] {processor.py:161} INFO - Started process (PID=2019) to work on /opt/airflow/dags/s3_ingestion_dag.py
[2025-07-18T13:13:27.633+0000] {processor.py:830} INFO - Processing file /opt/airflow/dags/s3_ingestion_dag.py for tasks to queue
[2025-07-18T13:13:27.635+0000] {logging_mixin.py:188} INFO - [2025-07-18T13:13:27.635+0000] {dagbag.py:538} INFO - Filling up the DagBag from /opt/airflow/dags/s3_ingestion_dag.py
[2025-07-18T13:13:27.873+0000] {processor.py:840} INFO - DAG(s) 'spy_yfinance_parquet_ingestion' retrieved from /opt/airflow/dags/s3_ingestion_dag.py
[2025-07-18T13:13:27.883+0000] {logging_mixin.py:188} INFO - [2025-07-18T13:13:27.883+0000] {dag.py:3036} INFO - Sync 1 DAGs
[2025-07-18T13:13:27.890+0000] {logging_mixin.py:188} INFO - [2025-07-18T13:13:27.890+0000] {dag.py:3823} INFO - Setting next_dagrun for spy_yfinance_parquet_ingestion to 2025-07-18 00:00:00+00:00, run_after=2025-07-19 00:00:00+00:00
[2025-07-18T13:13:27.897+0000] {processor.py:183} INFO - Processing /opt/airflow/dags/s3_ingestion_dag.py took 0.271 seconds
[2025-07-18T13:13:58.264+0000] {processor.py:161} INFO - Started process (PID=2092) to work on /opt/airflow/dags/s3_ingestion_dag.py
[2025-07-18T13:13:58.266+0000] {processor.py:830} INFO - Processing file /opt/airflow/dags/s3_ingestion_dag.py for tasks to queue
[2025-07-18T13:13:58.269+0000] {logging_mixin.py:188} INFO - [2025-07-18T13:13:58.268+0000] {dagbag.py:538} INFO - Filling up the DagBag from /opt/airflow/dags/s3_ingestion_dag.py
[2025-07-18T13:13:58.534+0000] {processor.py:840} INFO - DAG(s) 'spy_yfinance_parquet_ingestion' retrieved from /opt/airflow/dags/s3_ingestion_dag.py
[2025-07-18T13:13:58.541+0000] {logging_mixin.py:188} INFO - [2025-07-18T13:13:58.541+0000] {dag.py:3036} INFO - Sync 1 DAGs
[2025-07-18T13:13:58.548+0000] {logging_mixin.py:188} INFO - [2025-07-18T13:13:58.548+0000] {dag.py:3823} INFO - Setting next_dagrun for spy_yfinance_parquet_ingestion to 2025-07-18 00:00:00+00:00, run_after=2025-07-19 00:00:00+00:00
[2025-07-18T13:13:58.556+0000] {processor.py:183} INFO - Processing /opt/airflow/dags/s3_ingestion_dag.py took 0.297 seconds
[2025-07-18T13:14:28.870+0000] {processor.py:161} INFO - Started process (PID=2165) to work on /opt/airflow/dags/s3_ingestion_dag.py
[2025-07-18T13:14:28.872+0000] {processor.py:830} INFO - Processing file /opt/airflow/dags/s3_ingestion_dag.py for tasks to queue
[2025-07-18T13:14:28.876+0000] {logging_mixin.py:188} INFO - [2025-07-18T13:14:28.876+0000] {dagbag.py:538} INFO - Filling up the DagBag from /opt/airflow/dags/s3_ingestion_dag.py
[2025-07-18T13:14:29.134+0000] {processor.py:840} INFO - DAG(s) 'spy_yfinance_parquet_ingestion' retrieved from /opt/airflow/dags/s3_ingestion_dag.py
[2025-07-18T13:14:29.141+0000] {logging_mixin.py:188} INFO - [2025-07-18T13:14:29.140+0000] {dag.py:3036} INFO - Sync 1 DAGs
[2025-07-18T13:14:29.148+0000] {logging_mixin.py:188} INFO - [2025-07-18T13:14:29.148+0000] {dag.py:3823} INFO - Setting next_dagrun for spy_yfinance_parquet_ingestion to 2025-07-18 00:00:00+00:00, run_after=2025-07-19 00:00:00+00:00
[2025-07-18T13:14:29.157+0000] {processor.py:183} INFO - Processing /opt/airflow/dags/s3_ingestion_dag.py took 0.292 seconds
[2025-07-18T13:14:59.529+0000] {processor.py:161} INFO - Started process (PID=2238) to work on /opt/airflow/dags/s3_ingestion_dag.py
[2025-07-18T13:14:59.530+0000] {processor.py:830} INFO - Processing file /opt/airflow/dags/s3_ingestion_dag.py for tasks to queue
[2025-07-18T13:14:59.533+0000] {logging_mixin.py:188} INFO - [2025-07-18T13:14:59.532+0000] {dagbag.py:538} INFO - Filling up the DagBag from /opt/airflow/dags/s3_ingestion_dag.py
[2025-07-18T13:14:59.716+0000] {processor.py:840} INFO - DAG(s) 'spy_yfinance_parquet_ingestion' retrieved from /opt/airflow/dags/s3_ingestion_dag.py
[2025-07-18T13:14:59.725+0000] {logging_mixin.py:188} INFO - [2025-07-18T13:14:59.725+0000] {dag.py:3036} INFO - Sync 1 DAGs
[2025-07-18T13:14:59.736+0000] {logging_mixin.py:188} INFO - [2025-07-18T13:14:59.735+0000] {dag.py:3823} INFO - Setting next_dagrun for spy_yfinance_parquet_ingestion to 2025-07-18 00:00:00+00:00, run_after=2025-07-19 00:00:00+00:00
[2025-07-18T13:14:59.820+0000] {processor.py:183} INFO - Processing /opt/airflow/dags/s3_ingestion_dag.py took 0.299 seconds
[2025-07-18T13:15:30.159+0000] {processor.py:161} INFO - Started process (PID=2311) to work on /opt/airflow/dags/s3_ingestion_dag.py
[2025-07-18T13:15:30.161+0000] {processor.py:830} INFO - Processing file /opt/airflow/dags/s3_ingestion_dag.py for tasks to queue
[2025-07-18T13:15:30.162+0000] {logging_mixin.py:188} INFO - [2025-07-18T13:15:30.162+0000] {dagbag.py:538} INFO - Filling up the DagBag from /opt/airflow/dags/s3_ingestion_dag.py
[2025-07-18T13:15:30.403+0000] {processor.py:840} INFO - DAG(s) 'spy_yfinance_parquet_ingestion' retrieved from /opt/airflow/dags/s3_ingestion_dag.py
[2025-07-18T13:15:30.410+0000] {logging_mixin.py:188} INFO - [2025-07-18T13:15:30.410+0000] {dag.py:3036} INFO - Sync 1 DAGs
[2025-07-18T13:15:30.418+0000] {logging_mixin.py:188} INFO - [2025-07-18T13:15:30.418+0000] {dag.py:3823} INFO - Setting next_dagrun for spy_yfinance_parquet_ingestion to 2025-07-18 00:00:00+00:00, run_after=2025-07-19 00:00:00+00:00
[2025-07-18T13:15:30.425+0000] {processor.py:183} INFO - Processing /opt/airflow/dags/s3_ingestion_dag.py took 0.270 seconds
[2025-07-18T13:16:00.739+0000] {processor.py:161} INFO - Started process (PID=2384) to work on /opt/airflow/dags/s3_ingestion_dag.py
[2025-07-18T13:16:00.740+0000] {processor.py:830} INFO - Processing file /opt/airflow/dags/s3_ingestion_dag.py for tasks to queue
[2025-07-18T13:16:00.742+0000] {logging_mixin.py:188} INFO - [2025-07-18T13:16:00.742+0000] {dagbag.py:538} INFO - Filling up the DagBag from /opt/airflow/dags/s3_ingestion_dag.py
[2025-07-18T13:16:00.999+0000] {processor.py:840} INFO - DAG(s) 'spy_yfinance_parquet_ingestion' retrieved from /opt/airflow/dags/s3_ingestion_dag.py
[2025-07-18T13:16:01.006+0000] {logging_mixin.py:188} INFO - [2025-07-18T13:16:01.006+0000] {dag.py:3036} INFO - Sync 1 DAGs
[2025-07-18T13:16:01.014+0000] {logging_mixin.py:188} INFO - [2025-07-18T13:16:01.014+0000] {dag.py:3823} INFO - Setting next_dagrun for spy_yfinance_parquet_ingestion to 2025-07-18 00:00:00+00:00, run_after=2025-07-19 00:00:00+00:00
[2025-07-18T13:16:01.020+0000] {processor.py:183} INFO - Processing /opt/airflow/dags/s3_ingestion_dag.py took 0.286 seconds
[2025-07-18T13:16:31.387+0000] {processor.py:161} INFO - Started process (PID=2457) to work on /opt/airflow/dags/s3_ingestion_dag.py
[2025-07-18T13:16:31.388+0000] {processor.py:830} INFO - Processing file /opt/airflow/dags/s3_ingestion_dag.py for tasks to queue
[2025-07-18T13:16:31.390+0000] {logging_mixin.py:188} INFO - [2025-07-18T13:16:31.390+0000] {dagbag.py:538} INFO - Filling up the DagBag from /opt/airflow/dags/s3_ingestion_dag.py
[2025-07-18T13:16:31.641+0000] {processor.py:840} INFO - DAG(s) 'spy_yfinance_parquet_ingestion' retrieved from /opt/airflow/dags/s3_ingestion_dag.py
[2025-07-18T13:16:31.651+0000] {logging_mixin.py:188} INFO - [2025-07-18T13:16:31.651+0000] {dag.py:3036} INFO - Sync 1 DAGs
[2025-07-18T13:16:31.659+0000] {logging_mixin.py:188} INFO - [2025-07-18T13:16:31.659+0000] {dag.py:3823} INFO - Setting next_dagrun for spy_yfinance_parquet_ingestion to 2025-07-18 00:00:00+00:00, run_after=2025-07-19 00:00:00+00:00
[2025-07-18T13:16:31.666+0000] {processor.py:183} INFO - Processing /opt/airflow/dags/s3_ingestion_dag.py took 0.283 seconds
[2025-07-18T13:17:01.973+0000] {processor.py:161} INFO - Started process (PID=2530) to work on /opt/airflow/dags/s3_ingestion_dag.py
[2025-07-18T13:17:01.974+0000] {processor.py:830} INFO - Processing file /opt/airflow/dags/s3_ingestion_dag.py for tasks to queue
[2025-07-18T13:17:01.976+0000] {logging_mixin.py:188} INFO - [2025-07-18T13:17:01.976+0000] {dagbag.py:538} INFO - Filling up the DagBag from /opt/airflow/dags/s3_ingestion_dag.py
[2025-07-18T13:17:02.217+0000] {processor.py:840} INFO - DAG(s) 'spy_yfinance_parquet_ingestion' retrieved from /opt/airflow/dags/s3_ingestion_dag.py
[2025-07-18T13:17:02.224+0000] {logging_mixin.py:188} INFO - [2025-07-18T13:17:02.223+0000] {dag.py:3036} INFO - Sync 1 DAGs
[2025-07-18T13:17:02.232+0000] {logging_mixin.py:188} INFO - [2025-07-18T13:17:02.232+0000] {dag.py:3823} INFO - Setting next_dagrun for spy_yfinance_parquet_ingestion to 2025-07-18 00:00:00+00:00, run_after=2025-07-19 00:00:00+00:00
[2025-07-18T13:17:02.239+0000] {processor.py:183} INFO - Processing /opt/airflow/dags/s3_ingestion_dag.py took 0.269 seconds
[2025-07-18T13:17:32.546+0000] {processor.py:161} INFO - Started process (PID=2603) to work on /opt/airflow/dags/s3_ingestion_dag.py
[2025-07-18T13:17:32.547+0000] {processor.py:830} INFO - Processing file /opt/airflow/dags/s3_ingestion_dag.py for tasks to queue
[2025-07-18T13:17:32.548+0000] {logging_mixin.py:188} INFO - [2025-07-18T13:17:32.548+0000] {dagbag.py:538} INFO - Filling up the DagBag from /opt/airflow/dags/s3_ingestion_dag.py
[2025-07-18T13:17:32.780+0000] {processor.py:840} INFO - DAG(s) 'spy_yfinance_parquet_ingestion' retrieved from /opt/airflow/dags/s3_ingestion_dag.py
[2025-07-18T13:17:32.787+0000] {logging_mixin.py:188} INFO - [2025-07-18T13:17:32.787+0000] {dag.py:3036} INFO - Sync 1 DAGs
[2025-07-18T13:17:32.796+0000] {logging_mixin.py:188} INFO - [2025-07-18T13:17:32.796+0000] {dag.py:3823} INFO - Setting next_dagrun for spy_yfinance_parquet_ingestion to 2025-07-18 00:00:00+00:00, run_after=2025-07-19 00:00:00+00:00
[2025-07-18T13:17:32.804+0000] {processor.py:183} INFO - Processing /opt/airflow/dags/s3_ingestion_dag.py took 0.259 seconds
[2025-07-18T13:19:04.689+0000] {processor.py:161} INFO - Started process (PID=2813) to work on /opt/airflow/dags/s3_ingestion_dag.py
[2025-07-18T13:19:04.689+0000] {processor.py:830} INFO - Processing file /opt/airflow/dags/s3_ingestion_dag.py for tasks to queue
[2025-07-18T13:19:04.690+0000] {logging_mixin.py:188} INFO - [2025-07-18T13:19:04.690+0000] {dagbag.py:538} INFO - Filling up the DagBag from /opt/airflow/dags/s3_ingestion_dag.py
[2025-07-18T13:19:04.853+0000] {processor.py:840} INFO - DAG(s) 'spy_yfinance_parquet_ingestion' retrieved from /opt/airflow/dags/s3_ingestion_dag.py
[2025-07-18T13:19:04.861+0000] {logging_mixin.py:188} INFO - [2025-07-18T13:19:04.860+0000] {dag.py:3036} INFO - Sync 1 DAGs
[2025-07-18T13:19:04.869+0000] {logging_mixin.py:188} INFO - [2025-07-18T13:19:04.869+0000] {dag.py:3823} INFO - Setting next_dagrun for spy_yfinance_parquet_ingestion to 2025-07-18 00:00:00+00:00, run_after=2025-07-19 00:00:00+00:00
[2025-07-18T13:19:04.876+0000] {processor.py:183} INFO - Processing /opt/airflow/dags/s3_ingestion_dag.py took 0.189 seconds
