[2025-07-18T12:59:37.327+0000] {processor.py:161} INFO - Started process (PID=50) to work on /opt/airflow/dags/transform_market_data_dag.py
[2025-07-18T12:59:37.327+0000] {processor.py:830} INFO - Processing file /opt/airflow/dags/transform_market_data_dag.py for tasks to queue
[2025-07-18T12:59:37.329+0000] {logging_mixin.py:188} INFO - [2025-07-18T12:59:37.329+0000] {dagbag.py:538} INFO - Filling up the DagBag from /opt/airflow/dags/transform_market_data_dag.py
[2025-07-18T12:59:37.656+0000] {processor.py:840} INFO - DAG(s) 'transform_market_data' retrieved from /opt/airflow/dags/transform_market_data_dag.py
[2025-07-18T12:59:37.667+0000] {logging_mixin.py:188} INFO - [2025-07-18T12:59:37.666+0000] {dag.py:3036} INFO - Sync 1 DAGs
[2025-07-18T12:59:37.672+0000] {logging_mixin.py:188} INFO - [2025-07-18T12:59:37.672+0000] {dag.py:3823} INFO - Setting next_dagrun for transform_market_data to None, run_after=None
[2025-07-18T12:59:37.681+0000] {processor.py:183} INFO - Processing /opt/airflow/dags/transform_market_data_dag.py took 0.357 seconds
[2025-07-18T13:00:07.934+0000] {processor.py:161} INFO - Started process (PID=119) to work on /opt/airflow/dags/transform_market_data_dag.py
[2025-07-18T13:00:07.935+0000] {processor.py:830} INFO - Processing file /opt/airflow/dags/transform_market_data_dag.py for tasks to queue
[2025-07-18T13:00:07.936+0000] {logging_mixin.py:188} INFO - [2025-07-18T13:00:07.936+0000] {dagbag.py:538} INFO - Filling up the DagBag from /opt/airflow/dags/transform_market_data_dag.py
[2025-07-18T13:00:08.143+0000] {processor.py:840} INFO - DAG(s) 'transform_market_data' retrieved from /opt/airflow/dags/transform_market_data_dag.py
[2025-07-18T13:00:08.149+0000] {logging_mixin.py:188} INFO - [2025-07-18T13:00:08.149+0000] {dag.py:3036} INFO - Sync 1 DAGs
[2025-07-18T13:00:08.153+0000] {logging_mixin.py:188} INFO - [2025-07-18T13:00:08.153+0000] {dag.py:3823} INFO - Setting next_dagrun for transform_market_data to None, run_after=None
[2025-07-18T13:00:08.159+0000] {processor.py:183} INFO - Processing /opt/airflow/dags/transform_market_data_dag.py took 0.226 seconds
[2025-07-18T13:00:38.201+0000] {processor.py:161} INFO - Started process (PID=191) to work on /opt/airflow/dags/transform_market_data_dag.py
[2025-07-18T13:00:38.203+0000] {processor.py:830} INFO - Processing file /opt/airflow/dags/transform_market_data_dag.py for tasks to queue
[2025-07-18T13:00:38.205+0000] {logging_mixin.py:188} INFO - [2025-07-18T13:00:38.205+0000] {dagbag.py:538} INFO - Filling up the DagBag from /opt/airflow/dags/transform_market_data_dag.py
[2025-07-18T13:00:38.410+0000] {processor.py:840} INFO - DAG(s) 'transform_market_data' retrieved from /opt/airflow/dags/transform_market_data_dag.py
[2025-07-18T13:00:38.416+0000] {logging_mixin.py:188} INFO - [2025-07-18T13:00:38.415+0000] {dag.py:3036} INFO - Sync 1 DAGs
[2025-07-18T13:00:38.419+0000] {logging_mixin.py:188} INFO - [2025-07-18T13:00:38.419+0000] {dag.py:3823} INFO - Setting next_dagrun for transform_market_data to None, run_after=None
[2025-07-18T13:00:38.424+0000] {processor.py:183} INFO - Processing /opt/airflow/dags/transform_market_data_dag.py took 0.227 seconds
[2025-07-18T13:01:08.542+0000] {processor.py:161} INFO - Started process (PID=264) to work on /opt/airflow/dags/transform_market_data_dag.py
[2025-07-18T13:01:08.543+0000] {processor.py:830} INFO - Processing file /opt/airflow/dags/transform_market_data_dag.py for tasks to queue
[2025-07-18T13:01:08.545+0000] {logging_mixin.py:188} INFO - [2025-07-18T13:01:08.545+0000] {dagbag.py:538} INFO - Filling up the DagBag from /opt/airflow/dags/transform_market_data_dag.py
[2025-07-18T13:01:08.764+0000] {processor.py:840} INFO - DAG(s) 'transform_market_data' retrieved from /opt/airflow/dags/transform_market_data_dag.py
[2025-07-18T13:01:08.769+0000] {logging_mixin.py:188} INFO - [2025-07-18T13:01:08.769+0000] {dag.py:3036} INFO - Sync 1 DAGs
[2025-07-18T13:01:08.773+0000] {logging_mixin.py:188} INFO - [2025-07-18T13:01:08.772+0000] {dag.py:3823} INFO - Setting next_dagrun for transform_market_data to None, run_after=None
[2025-07-18T13:01:08.779+0000] {processor.py:183} INFO - Processing /opt/airflow/dags/transform_market_data_dag.py took 0.241 seconds
[2025-07-18T13:01:39.087+0000] {processor.py:161} INFO - Started process (PID=338) to work on /opt/airflow/dags/transform_market_data_dag.py
[2025-07-18T13:01:39.089+0000] {processor.py:830} INFO - Processing file /opt/airflow/dags/transform_market_data_dag.py for tasks to queue
[2025-07-18T13:01:39.092+0000] {logging_mixin.py:188} INFO - [2025-07-18T13:01:39.092+0000] {dagbag.py:538} INFO - Filling up the DagBag from /opt/airflow/dags/transform_market_data_dag.py
[2025-07-18T13:01:39.344+0000] {processor.py:840} INFO - DAG(s) 'transform_market_data' retrieved from /opt/airflow/dags/transform_market_data_dag.py
[2025-07-18T13:01:39.350+0000] {logging_mixin.py:188} INFO - [2025-07-18T13:01:39.350+0000] {dag.py:3036} INFO - Sync 1 DAGs
[2025-07-18T13:01:39.354+0000] {logging_mixin.py:188} INFO - [2025-07-18T13:01:39.354+0000] {dag.py:3823} INFO - Setting next_dagrun for transform_market_data to None, run_after=None
[2025-07-18T13:01:39.360+0000] {processor.py:183} INFO - Processing /opt/airflow/dags/transform_market_data_dag.py took 0.277 seconds
[2025-07-18T13:02:09.940+0000] {processor.py:161} INFO - Started process (PID=411) to work on /opt/airflow/dags/transform_market_data_dag.py
[2025-07-18T13:02:09.941+0000] {processor.py:830} INFO - Processing file /opt/airflow/dags/transform_market_data_dag.py for tasks to queue
[2025-07-18T13:02:09.942+0000] {logging_mixin.py:188} INFO - [2025-07-18T13:02:09.942+0000] {dagbag.py:538} INFO - Filling up the DagBag from /opt/airflow/dags/transform_market_data_dag.py
[2025-07-18T13:02:10.138+0000] {processor.py:840} INFO - DAG(s) 'transform_market_data' retrieved from /opt/airflow/dags/transform_market_data_dag.py
[2025-07-18T13:02:10.145+0000] {logging_mixin.py:188} INFO - [2025-07-18T13:02:10.145+0000] {dag.py:3036} INFO - Sync 1 DAGs
[2025-07-18T13:02:10.149+0000] {logging_mixin.py:188} INFO - [2025-07-18T13:02:10.149+0000] {dag.py:3823} INFO - Setting next_dagrun for transform_market_data to None, run_after=None
[2025-07-18T13:02:10.154+0000] {processor.py:183} INFO - Processing /opt/airflow/dags/transform_market_data_dag.py took 0.217 seconds
[2025-07-18T13:02:41.057+0000] {processor.py:161} INFO - Started process (PID=484) to work on /opt/airflow/dags/transform_market_data_dag.py
[2025-07-18T13:02:41.058+0000] {processor.py:830} INFO - Processing file /opt/airflow/dags/transform_market_data_dag.py for tasks to queue
[2025-07-18T13:02:41.060+0000] {logging_mixin.py:188} INFO - [2025-07-18T13:02:41.060+0000] {dagbag.py:538} INFO - Filling up the DagBag from /opt/airflow/dags/transform_market_data_dag.py
[2025-07-18T13:02:41.328+0000] {processor.py:840} INFO - DAG(s) 'transform_market_data' retrieved from /opt/airflow/dags/transform_market_data_dag.py
[2025-07-18T13:02:41.336+0000] {logging_mixin.py:188} INFO - [2025-07-18T13:02:41.336+0000] {dag.py:3036} INFO - Sync 1 DAGs
[2025-07-18T13:02:41.340+0000] {logging_mixin.py:188} INFO - [2025-07-18T13:02:41.340+0000] {dag.py:3823} INFO - Setting next_dagrun for transform_market_data to None, run_after=None
[2025-07-18T13:02:41.346+0000] {processor.py:183} INFO - Processing /opt/airflow/dags/transform_market_data_dag.py took 0.295 seconds
[2025-07-18T13:03:11.703+0000] {processor.py:161} INFO - Started process (PID=557) to work on /opt/airflow/dags/transform_market_data_dag.py
[2025-07-18T13:03:11.706+0000] {processor.py:830} INFO - Processing file /opt/airflow/dags/transform_market_data_dag.py for tasks to queue
[2025-07-18T13:03:11.708+0000] {logging_mixin.py:188} INFO - [2025-07-18T13:03:11.708+0000] {dagbag.py:538} INFO - Filling up the DagBag from /opt/airflow/dags/transform_market_data_dag.py
[2025-07-18T13:03:12.055+0000] {processor.py:840} INFO - DAG(s) 'transform_market_data' retrieved from /opt/airflow/dags/transform_market_data_dag.py
[2025-07-18T13:03:12.065+0000] {logging_mixin.py:188} INFO - [2025-07-18T13:03:12.065+0000] {dag.py:3036} INFO - Sync 1 DAGs
[2025-07-18T13:03:12.070+0000] {logging_mixin.py:188} INFO - [2025-07-18T13:03:12.070+0000] {dag.py:3823} INFO - Setting next_dagrun for transform_market_data to None, run_after=None
[2025-07-18T13:03:12.079+0000] {processor.py:183} INFO - Processing /opt/airflow/dags/transform_market_data_dag.py took 0.383 seconds
[2025-07-18T13:03:42.768+0000] {processor.py:161} INFO - Started process (PID=630) to work on /opt/airflow/dags/transform_market_data_dag.py
[2025-07-18T13:03:42.769+0000] {processor.py:830} INFO - Processing file /opt/airflow/dags/transform_market_data_dag.py for tasks to queue
[2025-07-18T13:03:42.771+0000] {logging_mixin.py:188} INFO - [2025-07-18T13:03:42.771+0000] {dagbag.py:538} INFO - Filling up the DagBag from /opt/airflow/dags/transform_market_data_dag.py
[2025-07-18T13:03:42.975+0000] {processor.py:840} INFO - DAG(s) 'transform_market_data' retrieved from /opt/airflow/dags/transform_market_data_dag.py
[2025-07-18T13:03:42.983+0000] {logging_mixin.py:188} INFO - [2025-07-18T13:03:42.983+0000] {dag.py:3036} INFO - Sync 1 DAGs
[2025-07-18T13:03:42.987+0000] {logging_mixin.py:188} INFO - [2025-07-18T13:03:42.987+0000] {dag.py:3823} INFO - Setting next_dagrun for transform_market_data to None, run_after=None
[2025-07-18T13:03:42.993+0000] {processor.py:183} INFO - Processing /opt/airflow/dags/transform_market_data_dag.py took 0.228 seconds
[2025-07-18T13:04:13.512+0000] {processor.py:161} INFO - Started process (PID=702) to work on /opt/airflow/dags/transform_market_data_dag.py
[2025-07-18T13:04:13.513+0000] {processor.py:830} INFO - Processing file /opt/airflow/dags/transform_market_data_dag.py for tasks to queue
[2025-07-18T13:04:13.516+0000] {logging_mixin.py:188} INFO - [2025-07-18T13:04:13.516+0000] {dagbag.py:538} INFO - Filling up the DagBag from /opt/airflow/dags/transform_market_data_dag.py
[2025-07-18T13:04:13.732+0000] {processor.py:840} INFO - DAG(s) 'transform_market_data' retrieved from /opt/airflow/dags/transform_market_data_dag.py
[2025-07-18T13:04:13.740+0000] {logging_mixin.py:188} INFO - [2025-07-18T13:04:13.740+0000] {dag.py:3036} INFO - Sync 1 DAGs
[2025-07-18T13:04:13.744+0000] {logging_mixin.py:188} INFO - [2025-07-18T13:04:13.744+0000] {dag.py:3823} INFO - Setting next_dagrun for transform_market_data to None, run_after=None
[2025-07-18T13:04:13.750+0000] {processor.py:183} INFO - Processing /opt/airflow/dags/transform_market_data_dag.py took 0.241 seconds
[2025-07-18T13:04:44.126+0000] {processor.py:161} INFO - Started process (PID=775) to work on /opt/airflow/dags/transform_market_data_dag.py
[2025-07-18T13:04:44.127+0000] {processor.py:830} INFO - Processing file /opt/airflow/dags/transform_market_data_dag.py for tasks to queue
[2025-07-18T13:04:44.133+0000] {logging_mixin.py:188} INFO - [2025-07-18T13:04:44.132+0000] {dagbag.py:538} INFO - Filling up the DagBag from /opt/airflow/dags/transform_market_data_dag.py
[2025-07-18T13:04:44.402+0000] {processor.py:840} INFO - DAG(s) 'transform_market_data' retrieved from /opt/airflow/dags/transform_market_data_dag.py
[2025-07-18T13:04:44.412+0000] {logging_mixin.py:188} INFO - [2025-07-18T13:04:44.412+0000] {dag.py:3036} INFO - Sync 1 DAGs
[2025-07-18T13:04:44.416+0000] {logging_mixin.py:188} INFO - [2025-07-18T13:04:44.416+0000] {dag.py:3823} INFO - Setting next_dagrun for transform_market_data to None, run_after=None
[2025-07-18T13:04:44.423+0000] {processor.py:183} INFO - Processing /opt/airflow/dags/transform_market_data_dag.py took 0.300 seconds
[2025-07-18T13:05:14.920+0000] {processor.py:161} INFO - Started process (PID=854) to work on /opt/airflow/dags/transform_market_data_dag.py
[2025-07-18T13:05:14.921+0000] {processor.py:830} INFO - Processing file /opt/airflow/dags/transform_market_data_dag.py for tasks to queue
[2025-07-18T13:05:14.922+0000] {logging_mixin.py:188} INFO - [2025-07-18T13:05:14.922+0000] {dagbag.py:538} INFO - Filling up the DagBag from /opt/airflow/dags/transform_market_data_dag.py
[2025-07-18T13:05:15.116+0000] {processor.py:840} INFO - DAG(s) 'transform_market_data' retrieved from /opt/airflow/dags/transform_market_data_dag.py
[2025-07-18T13:05:15.122+0000] {logging_mixin.py:188} INFO - [2025-07-18T13:05:15.122+0000] {dag.py:3036} INFO - Sync 1 DAGs
[2025-07-18T13:05:15.126+0000] {logging_mixin.py:188} INFO - [2025-07-18T13:05:15.126+0000] {dag.py:3823} INFO - Setting next_dagrun for transform_market_data to None, run_after=None
[2025-07-18T13:05:15.131+0000] {processor.py:183} INFO - Processing /opt/airflow/dags/transform_market_data_dag.py took 0.214 seconds
[2025-07-18T13:05:45.595+0000] {processor.py:161} INFO - Started process (PID=927) to work on /opt/airflow/dags/transform_market_data_dag.py
[2025-07-18T13:05:45.598+0000] {processor.py:830} INFO - Processing file /opt/airflow/dags/transform_market_data_dag.py for tasks to queue
[2025-07-18T13:05:45.601+0000] {logging_mixin.py:188} INFO - [2025-07-18T13:05:45.601+0000] {dagbag.py:538} INFO - Filling up the DagBag from /opt/airflow/dags/transform_market_data_dag.py
[2025-07-18T13:05:45.897+0000] {processor.py:840} INFO - DAG(s) 'transform_market_data' retrieved from /opt/airflow/dags/transform_market_data_dag.py
[2025-07-18T13:05:45.906+0000] {logging_mixin.py:188} INFO - [2025-07-18T13:05:45.906+0000] {dag.py:3036} INFO - Sync 1 DAGs
[2025-07-18T13:05:45.910+0000] {logging_mixin.py:188} INFO - [2025-07-18T13:05:45.910+0000] {dag.py:3823} INFO - Setting next_dagrun for transform_market_data to None, run_after=None
[2025-07-18T13:05:45.916+0000] {processor.py:183} INFO - Processing /opt/airflow/dags/transform_market_data_dag.py took 0.327 seconds
[2025-07-18T13:06:16.396+0000] {processor.py:161} INFO - Started process (PID=1000) to work on /opt/airflow/dags/transform_market_data_dag.py
[2025-07-18T13:06:16.399+0000] {processor.py:830} INFO - Processing file /opt/airflow/dags/transform_market_data_dag.py for tasks to queue
[2025-07-18T13:06:16.401+0000] {logging_mixin.py:188} INFO - [2025-07-18T13:06:16.401+0000] {dagbag.py:538} INFO - Filling up the DagBag from /opt/airflow/dags/transform_market_data_dag.py
[2025-07-18T13:06:16.738+0000] {processor.py:840} INFO - DAG(s) 'transform_market_data' retrieved from /opt/airflow/dags/transform_market_data_dag.py
[2025-07-18T13:06:16.754+0000] {logging_mixin.py:188} INFO - [2025-07-18T13:06:16.754+0000] {dag.py:3036} INFO - Sync 1 DAGs
[2025-07-18T13:06:16.758+0000] {logging_mixin.py:188} INFO - [2025-07-18T13:06:16.758+0000] {dag.py:3823} INFO - Setting next_dagrun for transform_market_data to None, run_after=None
[2025-07-18T13:06:16.764+0000] {processor.py:183} INFO - Processing /opt/airflow/dags/transform_market_data_dag.py took 0.374 seconds
[2025-07-18T13:06:47.486+0000] {processor.py:161} INFO - Started process (PID=1072) to work on /opt/airflow/dags/transform_market_data_dag.py
[2025-07-18T13:06:47.487+0000] {processor.py:830} INFO - Processing file /opt/airflow/dags/transform_market_data_dag.py for tasks to queue
[2025-07-18T13:06:47.489+0000] {logging_mixin.py:188} INFO - [2025-07-18T13:06:47.489+0000] {dagbag.py:538} INFO - Filling up the DagBag from /opt/airflow/dags/transform_market_data_dag.py
[2025-07-18T13:06:47.868+0000] {processor.py:840} INFO - DAG(s) 'transform_market_data' retrieved from /opt/airflow/dags/transform_market_data_dag.py
[2025-07-18T13:06:47.886+0000] {logging_mixin.py:188} INFO - [2025-07-18T13:06:47.886+0000] {dag.py:3036} INFO - Sync 1 DAGs
[2025-07-18T13:06:47.906+0000] {logging_mixin.py:188} INFO - [2025-07-18T13:06:47.905+0000] {dag.py:3823} INFO - Setting next_dagrun for transform_market_data to None, run_after=None
[2025-07-18T13:06:47.918+0000] {processor.py:183} INFO - Processing /opt/airflow/dags/transform_market_data_dag.py took 0.435 seconds
[2025-07-18T13:07:18.725+0000] {processor.py:161} INFO - Started process (PID=1145) to work on /opt/airflow/dags/transform_market_data_dag.py
[2025-07-18T13:07:18.726+0000] {processor.py:830} INFO - Processing file /opt/airflow/dags/transform_market_data_dag.py for tasks to queue
[2025-07-18T13:07:18.728+0000] {logging_mixin.py:188} INFO - [2025-07-18T13:07:18.728+0000] {dagbag.py:538} INFO - Filling up the DagBag from /opt/airflow/dags/transform_market_data_dag.py
[2025-07-18T13:07:18.927+0000] {processor.py:840} INFO - DAG(s) 'transform_market_data' retrieved from /opt/airflow/dags/transform_market_data_dag.py
[2025-07-18T13:07:18.933+0000] {logging_mixin.py:188} INFO - [2025-07-18T13:07:18.933+0000] {dag.py:3036} INFO - Sync 1 DAGs
[2025-07-18T13:07:18.937+0000] {logging_mixin.py:188} INFO - [2025-07-18T13:07:18.937+0000] {dag.py:3823} INFO - Setting next_dagrun for transform_market_data to None, run_after=None
[2025-07-18T13:07:18.942+0000] {processor.py:183} INFO - Processing /opt/airflow/dags/transform_market_data_dag.py took 0.221 seconds
[2025-07-18T13:07:49.482+0000] {processor.py:161} INFO - Started process (PID=1218) to work on /opt/airflow/dags/transform_market_data_dag.py
[2025-07-18T13:07:49.483+0000] {processor.py:830} INFO - Processing file /opt/airflow/dags/transform_market_data_dag.py for tasks to queue
[2025-07-18T13:07:49.484+0000] {logging_mixin.py:188} INFO - [2025-07-18T13:07:49.484+0000] {dagbag.py:538} INFO - Filling up the DagBag from /opt/airflow/dags/transform_market_data_dag.py
[2025-07-18T13:07:49.703+0000] {processor.py:840} INFO - DAG(s) 'transform_market_data' retrieved from /opt/airflow/dags/transform_market_data_dag.py
[2025-07-18T13:07:49.716+0000] {logging_mixin.py:188} INFO - [2025-07-18T13:07:49.716+0000] {dag.py:3036} INFO - Sync 1 DAGs
[2025-07-18T13:07:49.720+0000] {logging_mixin.py:188} INFO - [2025-07-18T13:07:49.720+0000] {dag.py:3823} INFO - Setting next_dagrun for transform_market_data to None, run_after=None
[2025-07-18T13:07:49.726+0000] {processor.py:183} INFO - Processing /opt/airflow/dags/transform_market_data_dag.py took 0.246 seconds
[2025-07-18T13:08:20.210+0000] {processor.py:161} INFO - Started process (PID=1291) to work on /opt/airflow/dags/transform_market_data_dag.py
[2025-07-18T13:08:20.212+0000] {processor.py:830} INFO - Processing file /opt/airflow/dags/transform_market_data_dag.py for tasks to queue
[2025-07-18T13:08:20.213+0000] {logging_mixin.py:188} INFO - [2025-07-18T13:08:20.213+0000] {dagbag.py:538} INFO - Filling up the DagBag from /opt/airflow/dags/transform_market_data_dag.py
[2025-07-18T13:08:20.442+0000] {processor.py:840} INFO - DAG(s) 'transform_market_data' retrieved from /opt/airflow/dags/transform_market_data_dag.py
[2025-07-18T13:08:20.451+0000] {logging_mixin.py:188} INFO - [2025-07-18T13:08:20.451+0000] {dag.py:3036} INFO - Sync 1 DAGs
[2025-07-18T13:08:20.456+0000] {logging_mixin.py:188} INFO - [2025-07-18T13:08:20.456+0000] {dag.py:3823} INFO - Setting next_dagrun for transform_market_data to None, run_after=None
[2025-07-18T13:08:20.462+0000] {processor.py:183} INFO - Processing /opt/airflow/dags/transform_market_data_dag.py took 0.256 seconds
[2025-07-18T13:08:50.935+0000] {processor.py:161} INFO - Started process (PID=1364) to work on /opt/airflow/dags/transform_market_data_dag.py
[2025-07-18T13:08:50.936+0000] {processor.py:830} INFO - Processing file /opt/airflow/dags/transform_market_data_dag.py for tasks to queue
[2025-07-18T13:08:50.938+0000] {logging_mixin.py:188} INFO - [2025-07-18T13:08:50.938+0000] {dagbag.py:538} INFO - Filling up the DagBag from /opt/airflow/dags/transform_market_data_dag.py
[2025-07-18T13:08:51.180+0000] {processor.py:840} INFO - DAG(s) 'transform_market_data' retrieved from /opt/airflow/dags/transform_market_data_dag.py
[2025-07-18T13:08:51.197+0000] {logging_mixin.py:188} INFO - [2025-07-18T13:08:51.196+0000] {dag.py:3036} INFO - Sync 1 DAGs
[2025-07-18T13:08:51.203+0000] {logging_mixin.py:188} INFO - [2025-07-18T13:08:51.203+0000] {dag.py:3823} INFO - Setting next_dagrun for transform_market_data to None, run_after=None
[2025-07-18T13:08:51.214+0000] {processor.py:183} INFO - Processing /opt/airflow/dags/transform_market_data_dag.py took 0.283 seconds
[2025-07-18T13:09:21.564+0000] {processor.py:161} INFO - Started process (PID=1437) to work on /opt/airflow/dags/transform_market_data_dag.py
[2025-07-18T13:09:21.565+0000] {processor.py:830} INFO - Processing file /opt/airflow/dags/transform_market_data_dag.py for tasks to queue
[2025-07-18T13:09:21.567+0000] {logging_mixin.py:188} INFO - [2025-07-18T13:09:21.566+0000] {dagbag.py:538} INFO - Filling up the DagBag from /opt/airflow/dags/transform_market_data_dag.py
[2025-07-18T13:09:21.783+0000] {processor.py:840} INFO - DAG(s) 'transform_market_data' retrieved from /opt/airflow/dags/transform_market_data_dag.py
[2025-07-18T13:09:21.790+0000] {logging_mixin.py:188} INFO - [2025-07-18T13:09:21.790+0000] {dag.py:3036} INFO - Sync 1 DAGs
[2025-07-18T13:09:21.794+0000] {logging_mixin.py:188} INFO - [2025-07-18T13:09:21.794+0000] {dag.py:3823} INFO - Setting next_dagrun for transform_market_data to None, run_after=None
[2025-07-18T13:09:21.800+0000] {processor.py:183} INFO - Processing /opt/airflow/dags/transform_market_data_dag.py took 0.240 seconds
[2025-07-18T13:09:52.087+0000] {processor.py:161} INFO - Started process (PID=1510) to work on /opt/airflow/dags/transform_market_data_dag.py
[2025-07-18T13:09:52.088+0000] {processor.py:830} INFO - Processing file /opt/airflow/dags/transform_market_data_dag.py for tasks to queue
[2025-07-18T13:09:52.089+0000] {logging_mixin.py:188} INFO - [2025-07-18T13:09:52.089+0000] {dagbag.py:538} INFO - Filling up the DagBag from /opt/airflow/dags/transform_market_data_dag.py
[2025-07-18T13:09:52.311+0000] {processor.py:840} INFO - DAG(s) 'transform_market_data' retrieved from /opt/airflow/dags/transform_market_data_dag.py
[2025-07-18T13:09:52.318+0000] {logging_mixin.py:188} INFO - [2025-07-18T13:09:52.317+0000] {dag.py:3036} INFO - Sync 1 DAGs
[2025-07-18T13:09:52.323+0000] {logging_mixin.py:188} INFO - [2025-07-18T13:09:52.323+0000] {dag.py:3823} INFO - Setting next_dagrun for transform_market_data to None, run_after=None
[2025-07-18T13:09:52.330+0000] {processor.py:183} INFO - Processing /opt/airflow/dags/transform_market_data_dag.py took 0.245 seconds
[2025-07-18T13:10:22.807+0000] {processor.py:161} INFO - Started process (PID=1583) to work on /opt/airflow/dags/transform_market_data_dag.py
[2025-07-18T13:10:22.809+0000] {processor.py:830} INFO - Processing file /opt/airflow/dags/transform_market_data_dag.py for tasks to queue
[2025-07-18T13:10:22.810+0000] {logging_mixin.py:188} INFO - [2025-07-18T13:10:22.810+0000] {dagbag.py:538} INFO - Filling up the DagBag from /opt/airflow/dags/transform_market_data_dag.py
[2025-07-18T13:10:23.028+0000] {processor.py:840} INFO - DAG(s) 'transform_market_data' retrieved from /opt/airflow/dags/transform_market_data_dag.py
[2025-07-18T13:10:23.035+0000] {logging_mixin.py:188} INFO - [2025-07-18T13:10:23.034+0000] {dag.py:3036} INFO - Sync 1 DAGs
[2025-07-18T13:10:23.042+0000] {logging_mixin.py:188} INFO - [2025-07-18T13:10:23.042+0000] {dag.py:3823} INFO - Setting next_dagrun for transform_market_data to None, run_after=None
[2025-07-18T13:10:23.048+0000] {processor.py:183} INFO - Processing /opt/airflow/dags/transform_market_data_dag.py took 0.245 seconds
[2025-07-18T13:10:53.514+0000] {processor.py:161} INFO - Started process (PID=1656) to work on /opt/airflow/dags/transform_market_data_dag.py
[2025-07-18T13:10:53.514+0000] {processor.py:830} INFO - Processing file /opt/airflow/dags/transform_market_data_dag.py for tasks to queue
[2025-07-18T13:10:53.516+0000] {logging_mixin.py:188} INFO - [2025-07-18T13:10:53.516+0000] {dagbag.py:538} INFO - Filling up the DagBag from /opt/airflow/dags/transform_market_data_dag.py
[2025-07-18T13:10:53.726+0000] {processor.py:840} INFO - DAG(s) 'transform_market_data' retrieved from /opt/airflow/dags/transform_market_data_dag.py
[2025-07-18T13:10:53.732+0000] {logging_mixin.py:188} INFO - [2025-07-18T13:10:53.732+0000] {dag.py:3036} INFO - Sync 1 DAGs
[2025-07-18T13:10:53.737+0000] {logging_mixin.py:188} INFO - [2025-07-18T13:10:53.737+0000] {dag.py:3823} INFO - Setting next_dagrun for transform_market_data to None, run_after=None
[2025-07-18T13:10:53.742+0000] {processor.py:183} INFO - Processing /opt/airflow/dags/transform_market_data_dag.py took 0.231 seconds
[2025-07-18T13:11:24.423+0000] {processor.py:161} INFO - Started process (PID=1729) to work on /opt/airflow/dags/transform_market_data_dag.py
[2025-07-18T13:11:24.424+0000] {processor.py:830} INFO - Processing file /opt/airflow/dags/transform_market_data_dag.py for tasks to queue
[2025-07-18T13:11:24.425+0000] {logging_mixin.py:188} INFO - [2025-07-18T13:11:24.425+0000] {dagbag.py:538} INFO - Filling up the DagBag from /opt/airflow/dags/transform_market_data_dag.py
[2025-07-18T13:11:24.612+0000] {processor.py:840} INFO - DAG(s) 'transform_market_data' retrieved from /opt/airflow/dags/transform_market_data_dag.py
[2025-07-18T13:11:24.618+0000] {logging_mixin.py:188} INFO - [2025-07-18T13:11:24.618+0000] {dag.py:3036} INFO - Sync 1 DAGs
[2025-07-18T13:11:24.622+0000] {logging_mixin.py:188} INFO - [2025-07-18T13:11:24.622+0000] {dag.py:3823} INFO - Setting next_dagrun for transform_market_data to None, run_after=None
[2025-07-18T13:11:24.627+0000] {processor.py:183} INFO - Processing /opt/airflow/dags/transform_market_data_dag.py took 0.207 seconds
[2025-07-18T13:11:55.289+0000] {processor.py:161} INFO - Started process (PID=1802) to work on /opt/airflow/dags/transform_market_data_dag.py
[2025-07-18T13:11:55.290+0000] {processor.py:830} INFO - Processing file /opt/airflow/dags/transform_market_data_dag.py for tasks to queue
[2025-07-18T13:11:55.291+0000] {logging_mixin.py:188} INFO - [2025-07-18T13:11:55.291+0000] {dagbag.py:538} INFO - Filling up the DagBag from /opt/airflow/dags/transform_market_data_dag.py
[2025-07-18T13:11:55.524+0000] {processor.py:840} INFO - DAG(s) 'transform_market_data' retrieved from /opt/airflow/dags/transform_market_data_dag.py
[2025-07-18T13:11:55.535+0000] {logging_mixin.py:188} INFO - [2025-07-18T13:11:55.535+0000] {dag.py:3036} INFO - Sync 1 DAGs
[2025-07-18T13:11:55.540+0000] {logging_mixin.py:188} INFO - [2025-07-18T13:11:55.540+0000] {dag.py:3823} INFO - Setting next_dagrun for transform_market_data to None, run_after=None
[2025-07-18T13:11:55.552+0000] {processor.py:183} INFO - Processing /opt/airflow/dags/transform_market_data_dag.py took 0.267 seconds
[2025-07-18T13:12:26.520+0000] {processor.py:161} INFO - Started process (PID=1874) to work on /opt/airflow/dags/transform_market_data_dag.py
[2025-07-18T13:12:26.521+0000] {processor.py:830} INFO - Processing file /opt/airflow/dags/transform_market_data_dag.py for tasks to queue
[2025-07-18T13:12:26.522+0000] {logging_mixin.py:188} INFO - [2025-07-18T13:12:26.522+0000] {dagbag.py:538} INFO - Filling up the DagBag from /opt/airflow/dags/transform_market_data_dag.py
[2025-07-18T13:12:26.739+0000] {processor.py:840} INFO - DAG(s) 'transform_market_data' retrieved from /opt/airflow/dags/transform_market_data_dag.py
[2025-07-18T13:12:26.750+0000] {logging_mixin.py:188} INFO - [2025-07-18T13:12:26.750+0000] {dag.py:3036} INFO - Sync 1 DAGs
[2025-07-18T13:12:26.753+0000] {logging_mixin.py:188} INFO - [2025-07-18T13:12:26.753+0000] {dag.py:3823} INFO - Setting next_dagrun for transform_market_data to None, run_after=None
[2025-07-18T13:12:26.759+0000] {processor.py:183} INFO - Processing /opt/airflow/dags/transform_market_data_dag.py took 0.241 seconds
[2025-07-18T13:12:57.050+0000] {processor.py:161} INFO - Started process (PID=1947) to work on /opt/airflow/dags/transform_market_data_dag.py
[2025-07-18T13:12:57.051+0000] {processor.py:830} INFO - Processing file /opt/airflow/dags/transform_market_data_dag.py for tasks to queue
[2025-07-18T13:12:57.053+0000] {logging_mixin.py:188} INFO - [2025-07-18T13:12:57.053+0000] {dagbag.py:538} INFO - Filling up the DagBag from /opt/airflow/dags/transform_market_data_dag.py
[2025-07-18T13:12:57.307+0000] {processor.py:840} INFO - DAG(s) 'transform_market_data' retrieved from /opt/airflow/dags/transform_market_data_dag.py
[2025-07-18T13:12:57.314+0000] {logging_mixin.py:188} INFO - [2025-07-18T13:12:57.314+0000] {dag.py:3036} INFO - Sync 1 DAGs
[2025-07-18T13:12:57.318+0000] {logging_mixin.py:188} INFO - [2025-07-18T13:12:57.318+0000] {dag.py:3823} INFO - Setting next_dagrun for transform_market_data to None, run_after=None
[2025-07-18T13:12:57.324+0000] {processor.py:183} INFO - Processing /opt/airflow/dags/transform_market_data_dag.py took 0.277 seconds
[2025-07-18T13:13:27.636+0000] {processor.py:161} INFO - Started process (PID=2020) to work on /opt/airflow/dags/transform_market_data_dag.py
[2025-07-18T13:13:27.637+0000] {processor.py:830} INFO - Processing file /opt/airflow/dags/transform_market_data_dag.py for tasks to queue
[2025-07-18T13:13:27.640+0000] {logging_mixin.py:188} INFO - [2025-07-18T13:13:27.640+0000] {dagbag.py:538} INFO - Filling up the DagBag from /opt/airflow/dags/transform_market_data_dag.py
[2025-07-18T13:13:27.838+0000] {processor.py:840} INFO - DAG(s) 'transform_market_data' retrieved from /opt/airflow/dags/transform_market_data_dag.py
[2025-07-18T13:13:27.844+0000] {logging_mixin.py:188} INFO - [2025-07-18T13:13:27.844+0000] {dag.py:3036} INFO - Sync 1 DAGs
[2025-07-18T13:13:27.848+0000] {logging_mixin.py:188} INFO - [2025-07-18T13:13:27.848+0000] {dag.py:3823} INFO - Setting next_dagrun for transform_market_data to None, run_after=None
[2025-07-18T13:13:27.853+0000] {processor.py:183} INFO - Processing /opt/airflow/dags/transform_market_data_dag.py took 0.220 seconds
[2025-07-18T13:13:58.270+0000] {processor.py:161} INFO - Started process (PID=2093) to work on /opt/airflow/dags/transform_market_data_dag.py
[2025-07-18T13:13:58.271+0000] {processor.py:830} INFO - Processing file /opt/airflow/dags/transform_market_data_dag.py for tasks to queue
[2025-07-18T13:13:58.273+0000] {logging_mixin.py:188} INFO - [2025-07-18T13:13:58.273+0000] {dagbag.py:538} INFO - Filling up the DagBag from /opt/airflow/dags/transform_market_data_dag.py
[2025-07-18T13:13:58.494+0000] {processor.py:840} INFO - DAG(s) 'transform_market_data' retrieved from /opt/airflow/dags/transform_market_data_dag.py
[2025-07-18T13:13:58.501+0000] {logging_mixin.py:188} INFO - [2025-07-18T13:13:58.501+0000] {dag.py:3036} INFO - Sync 1 DAGs
[2025-07-18T13:13:58.505+0000] {logging_mixin.py:188} INFO - [2025-07-18T13:13:58.505+0000] {dag.py:3823} INFO - Setting next_dagrun for transform_market_data to None, run_after=None
[2025-07-18T13:13:58.511+0000] {processor.py:183} INFO - Processing /opt/airflow/dags/transform_market_data_dag.py took 0.246 seconds
[2025-07-18T13:14:28.966+0000] {processor.py:161} INFO - Started process (PID=2166) to work on /opt/airflow/dags/transform_market_data_dag.py
[2025-07-18T13:14:28.967+0000] {processor.py:830} INFO - Processing file /opt/airflow/dags/transform_market_data_dag.py for tasks to queue
[2025-07-18T13:14:28.967+0000] {logging_mixin.py:188} INFO - [2025-07-18T13:14:28.967+0000] {dagbag.py:538} INFO - Filling up the DagBag from /opt/airflow/dags/transform_market_data_dag.py
[2025-07-18T13:14:29.098+0000] {processor.py:840} INFO - DAG(s) 'transform_market_data' retrieved from /opt/airflow/dags/transform_market_data_dag.py
[2025-07-18T13:14:29.106+0000] {logging_mixin.py:188} INFO - [2025-07-18T13:14:29.106+0000] {dag.py:3036} INFO - Sync 1 DAGs
[2025-07-18T13:14:29.111+0000] {logging_mixin.py:188} INFO - [2025-07-18T13:14:29.111+0000] {dag.py:3823} INFO - Setting next_dagrun for transform_market_data to None, run_after=None
[2025-07-18T13:14:29.117+0000] {processor.py:183} INFO - Processing /opt/airflow/dags/transform_market_data_dag.py took 0.153 seconds
[2025-07-18T13:14:59.530+0000] {processor.py:161} INFO - Started process (PID=2239) to work on /opt/airflow/dags/transform_market_data_dag.py
[2025-07-18T13:14:59.531+0000] {processor.py:830} INFO - Processing file /opt/airflow/dags/transform_market_data_dag.py for tasks to queue
[2025-07-18T13:14:59.534+0000] {logging_mixin.py:188} INFO - [2025-07-18T13:14:59.534+0000] {dagbag.py:538} INFO - Filling up the DagBag from /opt/airflow/dags/transform_market_data_dag.py
[2025-07-18T13:14:59.676+0000] {processor.py:840} INFO - DAG(s) 'transform_market_data' retrieved from /opt/airflow/dags/transform_market_data_dag.py
[2025-07-18T13:14:59.684+0000] {logging_mixin.py:188} INFO - [2025-07-18T13:14:59.684+0000] {dag.py:3036} INFO - Sync 1 DAGs
[2025-07-18T13:14:59.688+0000] {logging_mixin.py:188} INFO - [2025-07-18T13:14:59.688+0000] {dag.py:3823} INFO - Setting next_dagrun for transform_market_data to None, run_after=None
[2025-07-18T13:14:59.695+0000] {processor.py:183} INFO - Processing /opt/airflow/dags/transform_market_data_dag.py took 0.168 seconds
[2025-07-18T13:15:30.163+0000] {processor.py:161} INFO - Started process (PID=2312) to work on /opt/airflow/dags/transform_market_data_dag.py
[2025-07-18T13:15:30.164+0000] {processor.py:830} INFO - Processing file /opt/airflow/dags/transform_market_data_dag.py for tasks to queue
[2025-07-18T13:15:30.166+0000] {logging_mixin.py:188} INFO - [2025-07-18T13:15:30.166+0000] {dagbag.py:538} INFO - Filling up the DagBag from /opt/airflow/dags/transform_market_data_dag.py
[2025-07-18T13:15:30.298+0000] {processor.py:840} INFO - DAG(s) 'transform_market_data' retrieved from /opt/airflow/dags/transform_market_data_dag.py
[2025-07-18T13:15:30.305+0000] {logging_mixin.py:188} INFO - [2025-07-18T13:15:30.305+0000] {dag.py:3036} INFO - Sync 1 DAGs
[2025-07-18T13:15:30.309+0000] {logging_mixin.py:188} INFO - [2025-07-18T13:15:30.309+0000] {dag.py:3823} INFO - Setting next_dagrun for transform_market_data to None, run_after=None
[2025-07-18T13:15:30.315+0000] {processor.py:183} INFO - Processing /opt/airflow/dags/transform_market_data_dag.py took 0.155 seconds
[2025-07-18T13:16:00.742+0000] {processor.py:161} INFO - Started process (PID=2385) to work on /opt/airflow/dags/transform_market_data_dag.py
[2025-07-18T13:16:00.744+0000] {processor.py:830} INFO - Processing file /opt/airflow/dags/transform_market_data_dag.py for tasks to queue
[2025-07-18T13:16:00.746+0000] {logging_mixin.py:188} INFO - [2025-07-18T13:16:00.746+0000] {dagbag.py:538} INFO - Filling up the DagBag from /opt/airflow/dags/transform_market_data_dag.py
[2025-07-18T13:16:00.891+0000] {processor.py:840} INFO - DAG(s) 'transform_market_data' retrieved from /opt/airflow/dags/transform_market_data_dag.py
[2025-07-18T13:16:00.898+0000] {logging_mixin.py:188} INFO - [2025-07-18T13:16:00.898+0000] {dag.py:3036} INFO - Sync 1 DAGs
[2025-07-18T13:16:00.903+0000] {logging_mixin.py:188} INFO - [2025-07-18T13:16:00.903+0000] {dag.py:3823} INFO - Setting next_dagrun for transform_market_data to None, run_after=None
[2025-07-18T13:16:00.909+0000] {processor.py:183} INFO - Processing /opt/airflow/dags/transform_market_data_dag.py took 0.169 seconds
[2025-07-18T13:16:31.388+0000] {processor.py:161} INFO - Started process (PID=2458) to work on /opt/airflow/dags/transform_market_data_dag.py
[2025-07-18T13:16:31.389+0000] {processor.py:830} INFO - Processing file /opt/airflow/dags/transform_market_data_dag.py for tasks to queue
[2025-07-18T13:16:31.391+0000] {logging_mixin.py:188} INFO - [2025-07-18T13:16:31.390+0000] {dagbag.py:538} INFO - Filling up the DagBag from /opt/airflow/dags/transform_market_data_dag.py
[2025-07-18T13:16:31.535+0000] {processor.py:840} INFO - DAG(s) 'transform_market_data' retrieved from /opt/airflow/dags/transform_market_data_dag.py
[2025-07-18T13:16:31.543+0000] {logging_mixin.py:188} INFO - [2025-07-18T13:16:31.543+0000] {dag.py:3036} INFO - Sync 1 DAGs
[2025-07-18T13:16:31.548+0000] {logging_mixin.py:188} INFO - [2025-07-18T13:16:31.548+0000] {dag.py:3823} INFO - Setting next_dagrun for transform_market_data to None, run_after=None
[2025-07-18T13:16:31.554+0000] {processor.py:183} INFO - Processing /opt/airflow/dags/transform_market_data_dag.py took 0.168 seconds
[2025-07-18T13:17:01.974+0000] {processor.py:161} INFO - Started process (PID=2531) to work on /opt/airflow/dags/transform_market_data_dag.py
[2025-07-18T13:17:01.975+0000] {processor.py:830} INFO - Processing file /opt/airflow/dags/transform_market_data_dag.py for tasks to queue
[2025-07-18T13:17:01.977+0000] {logging_mixin.py:188} INFO - [2025-07-18T13:17:01.976+0000] {dagbag.py:538} INFO - Filling up the DagBag from /opt/airflow/dags/transform_market_data_dag.py
[2025-07-18T13:17:02.107+0000] {processor.py:840} INFO - DAG(s) 'transform_market_data' retrieved from /opt/airflow/dags/transform_market_data_dag.py
[2025-07-18T13:17:02.118+0000] {logging_mixin.py:188} INFO - [2025-07-18T13:17:02.117+0000] {dag.py:3036} INFO - Sync 1 DAGs
[2025-07-18T13:17:02.122+0000] {logging_mixin.py:188} INFO - [2025-07-18T13:17:02.122+0000] {dag.py:3823} INFO - Setting next_dagrun for transform_market_data to None, run_after=None
[2025-07-18T13:17:02.128+0000] {processor.py:183} INFO - Processing /opt/airflow/dags/transform_market_data_dag.py took 0.156 seconds
[2025-07-18T13:17:32.608+0000] {processor.py:161} INFO - Started process (PID=2605) to work on /opt/airflow/dags/transform_market_data_dag.py
[2025-07-18T13:17:32.609+0000] {processor.py:830} INFO - Processing file /opt/airflow/dags/transform_market_data_dag.py for tasks to queue
[2025-07-18T13:17:32.610+0000] {logging_mixin.py:188} INFO - [2025-07-18T13:17:32.610+0000] {dagbag.py:538} INFO - Filling up the DagBag from /opt/airflow/dags/transform_market_data_dag.py
[2025-07-18T13:17:32.739+0000] {processor.py:840} INFO - DAG(s) 'transform_market_data' retrieved from /opt/airflow/dags/transform_market_data_dag.py
[2025-07-18T13:17:32.749+0000] {logging_mixin.py:188} INFO - [2025-07-18T13:17:32.749+0000] {dag.py:3036} INFO - Sync 1 DAGs
[2025-07-18T13:17:32.754+0000] {logging_mixin.py:188} INFO - [2025-07-18T13:17:32.754+0000] {dag.py:3823} INFO - Setting next_dagrun for transform_market_data to None, run_after=None
[2025-07-18T13:17:32.762+0000] {processor.py:183} INFO - Processing /opt/airflow/dags/transform_market_data_dag.py took 0.155 seconds
[2025-07-18T13:19:04.526+0000] {processor.py:161} INFO - Started process (PID=2810) to work on /opt/airflow/dags/transform_market_data_dag.py
[2025-07-18T13:19:04.528+0000] {processor.py:830} INFO - Processing file /opt/airflow/dags/transform_market_data_dag.py for tasks to queue
[2025-07-18T13:19:04.531+0000] {logging_mixin.py:188} INFO - [2025-07-18T13:19:04.530+0000] {dagbag.py:538} INFO - Filling up the DagBag from /opt/airflow/dags/transform_market_data_dag.py
[2025-07-18T13:19:04.662+0000] {processor.py:840} INFO - DAG(s) 'transform_market_data' retrieved from /opt/airflow/dags/transform_market_data_dag.py
[2025-07-18T13:19:04.668+0000] {logging_mixin.py:188} INFO - [2025-07-18T13:19:04.668+0000] {dag.py:3036} INFO - Sync 1 DAGs
[2025-07-18T13:19:04.672+0000] {logging_mixin.py:188} INFO - [2025-07-18T13:19:04.672+0000] {dag.py:3823} INFO - Setting next_dagrun for transform_market_data to None, run_after=None
[2025-07-18T13:19:04.678+0000] {processor.py:183} INFO - Processing /opt/airflow/dags/transform_market_data_dag.py took 0.156 seconds
