[2025-07-14T12:33:37.430+0000] {processor.py:161} INFO - Started process (PID=104) to work on /home/airflow/.local/lib/python3.8/site-packages/airflow/example_dags/example_local_kubernetes_executor.py
[2025-07-14T12:33:37.436+0000] {processor.py:830} INFO - Processing file /home/airflow/.local/lib/python3.8/site-packages/airflow/example_dags/example_local_kubernetes_executor.py for tasks to queue
[2025-07-14T12:33:37.444+0000] {logging_mixin.py:188} INFO - [2025-07-14T12:33:37.444+0000] {dagbag.py:538} INFO - Filling up the DagBag from /home/airflow/.local/lib/python3.8/site-packages/airflow/example_dags/example_local_kubernetes_executor.py
[2025-07-14T12:33:37.468+0000] {processor.py:840} INFO - DAG(s) 'example_local_kubernetes_executor' retrieved from /home/airflow/.local/lib/python3.8/site-packages/airflow/example_dags/example_local_kubernetes_executor.py
[2025-07-14T12:33:37.572+0000] {logging_mixin.py:188} INFO - [2025-07-14T12:33:37.572+0000] {dag.py:3036} INFO - Sync 1 DAGs
[2025-07-14T12:33:37.721+0000] {logging_mixin.py:188} INFO - [2025-07-14T12:33:37.720+0000] {dag.py:3823} INFO - Setting next_dagrun for example_local_kubernetes_executor to None, run_after=None
[2025-07-14T12:33:37.832+0000] {processor.py:183} INFO - Processing /home/airflow/.local/lib/python3.8/site-packages/airflow/example_dags/example_local_kubernetes_executor.py took 0.409 seconds
[2025-07-14T12:34:08.196+0000] {processor.py:161} INFO - Started process (PID=164) to work on /home/airflow/.local/lib/python3.8/site-packages/airflow/example_dags/example_local_kubernetes_executor.py
[2025-07-14T12:34:08.199+0000] {processor.py:830} INFO - Processing file /home/airflow/.local/lib/python3.8/site-packages/airflow/example_dags/example_local_kubernetes_executor.py for tasks to queue
[2025-07-14T12:34:08.202+0000] {logging_mixin.py:188} INFO - [2025-07-14T12:34:08.202+0000] {dagbag.py:538} INFO - Filling up the DagBag from /home/airflow/.local/lib/python3.8/site-packages/airflow/example_dags/example_local_kubernetes_executor.py
[2025-07-14T12:34:08.222+0000] {processor.py:840} INFO - DAG(s) 'example_local_kubernetes_executor' retrieved from /home/airflow/.local/lib/python3.8/site-packages/airflow/example_dags/example_local_kubernetes_executor.py
[2025-07-14T12:34:08.288+0000] {logging_mixin.py:188} INFO - [2025-07-14T12:34:08.288+0000] {dag.py:3036} INFO - Sync 1 DAGs
[2025-07-14T12:34:08.311+0000] {logging_mixin.py:188} INFO - [2025-07-14T12:34:08.309+0000] {dag.py:3823} INFO - Setting next_dagrun for example_local_kubernetes_executor to None, run_after=None
[2025-07-14T12:34:08.344+0000] {processor.py:183} INFO - Processing /home/airflow/.local/lib/python3.8/site-packages/airflow/example_dags/example_local_kubernetes_executor.py took 0.153 seconds
[2025-07-14T12:34:38.962+0000] {processor.py:161} INFO - Started process (PID=225) to work on /home/airflow/.local/lib/python3.8/site-packages/airflow/example_dags/example_local_kubernetes_executor.py
[2025-07-14T12:34:38.965+0000] {processor.py:830} INFO - Processing file /home/airflow/.local/lib/python3.8/site-packages/airflow/example_dags/example_local_kubernetes_executor.py for tasks to queue
[2025-07-14T12:34:38.981+0000] {logging_mixin.py:188} INFO - [2025-07-14T12:34:38.980+0000] {dagbag.py:538} INFO - Filling up the DagBag from /home/airflow/.local/lib/python3.8/site-packages/airflow/example_dags/example_local_kubernetes_executor.py
[2025-07-14T12:34:39.013+0000] {processor.py:840} INFO - DAG(s) 'example_local_kubernetes_executor' retrieved from /home/airflow/.local/lib/python3.8/site-packages/airflow/example_dags/example_local_kubernetes_executor.py
[2025-07-14T12:34:39.165+0000] {logging_mixin.py:188} INFO - [2025-07-14T12:34:39.165+0000] {dag.py:3036} INFO - Sync 1 DAGs
[2025-07-14T12:34:39.194+0000] {logging_mixin.py:188} INFO - [2025-07-14T12:34:39.193+0000] {dag.py:3823} INFO - Setting next_dagrun for example_local_kubernetes_executor to None, run_after=None
[2025-07-14T12:34:39.256+0000] {processor.py:183} INFO - Processing /home/airflow/.local/lib/python3.8/site-packages/airflow/example_dags/example_local_kubernetes_executor.py took 0.305 seconds
[2025-07-14T12:35:09.325+0000] {processor.py:161} INFO - Started process (PID=285) to work on /home/airflow/.local/lib/python3.8/site-packages/airflow/example_dags/example_local_kubernetes_executor.py
[2025-07-14T12:35:09.327+0000] {processor.py:830} INFO - Processing file /home/airflow/.local/lib/python3.8/site-packages/airflow/example_dags/example_local_kubernetes_executor.py for tasks to queue
[2025-07-14T12:35:09.335+0000] {logging_mixin.py:188} INFO - [2025-07-14T12:35:09.331+0000] {dagbag.py:538} INFO - Filling up the DagBag from /home/airflow/.local/lib/python3.8/site-packages/airflow/example_dags/example_local_kubernetes_executor.py
[2025-07-14T12:35:09.347+0000] {processor.py:840} INFO - DAG(s) 'example_local_kubernetes_executor' retrieved from /home/airflow/.local/lib/python3.8/site-packages/airflow/example_dags/example_local_kubernetes_executor.py
[2025-07-14T12:35:09.408+0000] {logging_mixin.py:188} INFO - [2025-07-14T12:35:09.407+0000] {dag.py:3036} INFO - Sync 1 DAGs
[2025-07-14T12:35:09.428+0000] {logging_mixin.py:188} INFO - [2025-07-14T12:35:09.427+0000] {dag.py:3823} INFO - Setting next_dagrun for example_local_kubernetes_executor to None, run_after=None
[2025-07-14T12:35:09.454+0000] {processor.py:183} INFO - Processing /home/airflow/.local/lib/python3.8/site-packages/airflow/example_dags/example_local_kubernetes_executor.py took 0.134 seconds
[2025-07-14T12:35:40.229+0000] {processor.py:161} INFO - Started process (PID=346) to work on /home/airflow/.local/lib/python3.8/site-packages/airflow/example_dags/example_local_kubernetes_executor.py
[2025-07-14T12:35:40.230+0000] {processor.py:830} INFO - Processing file /home/airflow/.local/lib/python3.8/site-packages/airflow/example_dags/example_local_kubernetes_executor.py for tasks to queue
[2025-07-14T12:35:40.234+0000] {logging_mixin.py:188} INFO - [2025-07-14T12:35:40.233+0000] {dagbag.py:538} INFO - Filling up the DagBag from /home/airflow/.local/lib/python3.8/site-packages/airflow/example_dags/example_local_kubernetes_executor.py
[2025-07-14T12:35:40.247+0000] {processor.py:840} INFO - DAG(s) 'example_local_kubernetes_executor' retrieved from /home/airflow/.local/lib/python3.8/site-packages/airflow/example_dags/example_local_kubernetes_executor.py
[2025-07-14T12:35:40.305+0000] {logging_mixin.py:188} INFO - [2025-07-14T12:35:40.304+0000] {dag.py:3036} INFO - Sync 1 DAGs
[2025-07-14T12:35:40.327+0000] {logging_mixin.py:188} INFO - [2025-07-14T12:35:40.326+0000] {dag.py:3823} INFO - Setting next_dagrun for example_local_kubernetes_executor to None, run_after=None
[2025-07-14T12:35:40.363+0000] {processor.py:183} INFO - Processing /home/airflow/.local/lib/python3.8/site-packages/airflow/example_dags/example_local_kubernetes_executor.py took 0.140 seconds
[2025-07-14T12:36:11.355+0000] {processor.py:161} INFO - Started process (PID=403) to work on /home/airflow/.local/lib/python3.8/site-packages/airflow/example_dags/example_local_kubernetes_executor.py
[2025-07-14T12:36:11.357+0000] {processor.py:830} INFO - Processing file /home/airflow/.local/lib/python3.8/site-packages/airflow/example_dags/example_local_kubernetes_executor.py for tasks to queue
[2025-07-14T12:36:11.360+0000] {logging_mixin.py:188} INFO - [2025-07-14T12:36:11.359+0000] {dagbag.py:538} INFO - Filling up the DagBag from /home/airflow/.local/lib/python3.8/site-packages/airflow/example_dags/example_local_kubernetes_executor.py
[2025-07-14T12:36:11.375+0000] {processor.py:840} INFO - DAG(s) 'example_local_kubernetes_executor' retrieved from /home/airflow/.local/lib/python3.8/site-packages/airflow/example_dags/example_local_kubernetes_executor.py
[2025-07-14T12:36:11.451+0000] {logging_mixin.py:188} INFO - [2025-07-14T12:36:11.450+0000] {dag.py:3036} INFO - Sync 1 DAGs
[2025-07-14T12:36:11.486+0000] {logging_mixin.py:188} INFO - [2025-07-14T12:36:11.485+0000] {dag.py:3823} INFO - Setting next_dagrun for example_local_kubernetes_executor to None, run_after=None
[2025-07-14T12:36:11.522+0000] {processor.py:183} INFO - Processing /home/airflow/.local/lib/python3.8/site-packages/airflow/example_dags/example_local_kubernetes_executor.py took 0.172 seconds
[2025-07-14T12:36:42.061+0000] {processor.py:161} INFO - Started process (PID=463) to work on /home/airflow/.local/lib/python3.8/site-packages/airflow/example_dags/example_local_kubernetes_executor.py
[2025-07-14T12:36:42.063+0000] {processor.py:830} INFO - Processing file /home/airflow/.local/lib/python3.8/site-packages/airflow/example_dags/example_local_kubernetes_executor.py for tasks to queue
[2025-07-14T12:36:42.069+0000] {logging_mixin.py:188} INFO - [2025-07-14T12:36:42.068+0000] {dagbag.py:538} INFO - Filling up the DagBag from /home/airflow/.local/lib/python3.8/site-packages/airflow/example_dags/example_local_kubernetes_executor.py
[2025-07-14T12:36:42.091+0000] {processor.py:840} INFO - DAG(s) 'example_local_kubernetes_executor' retrieved from /home/airflow/.local/lib/python3.8/site-packages/airflow/example_dags/example_local_kubernetes_executor.py
[2025-07-14T12:36:42.190+0000] {logging_mixin.py:188} INFO - [2025-07-14T12:36:42.189+0000] {dag.py:3036} INFO - Sync 1 DAGs
[2025-07-14T12:36:42.212+0000] {logging_mixin.py:188} INFO - [2025-07-14T12:36:42.212+0000] {dag.py:3823} INFO - Setting next_dagrun for example_local_kubernetes_executor to None, run_after=None
[2025-07-14T12:36:42.251+0000] {processor.py:183} INFO - Processing /home/airflow/.local/lib/python3.8/site-packages/airflow/example_dags/example_local_kubernetes_executor.py took 0.200 seconds
[2025-07-14T12:37:12.764+0000] {processor.py:161} INFO - Started process (PID=523) to work on /home/airflow/.local/lib/python3.8/site-packages/airflow/example_dags/example_local_kubernetes_executor.py
[2025-07-14T12:37:12.766+0000] {processor.py:830} INFO - Processing file /home/airflow/.local/lib/python3.8/site-packages/airflow/example_dags/example_local_kubernetes_executor.py for tasks to queue
[2025-07-14T12:37:12.769+0000] {logging_mixin.py:188} INFO - [2025-07-14T12:37:12.769+0000] {dagbag.py:538} INFO - Filling up the DagBag from /home/airflow/.local/lib/python3.8/site-packages/airflow/example_dags/example_local_kubernetes_executor.py
[2025-07-14T12:37:12.783+0000] {processor.py:840} INFO - DAG(s) 'example_local_kubernetes_executor' retrieved from /home/airflow/.local/lib/python3.8/site-packages/airflow/example_dags/example_local_kubernetes_executor.py
[2025-07-14T12:37:12.850+0000] {logging_mixin.py:188} INFO - [2025-07-14T12:37:12.849+0000] {dag.py:3036} INFO - Sync 1 DAGs
[2025-07-14T12:37:12.876+0000] {logging_mixin.py:188} INFO - [2025-07-14T12:37:12.876+0000] {dag.py:3823} INFO - Setting next_dagrun for example_local_kubernetes_executor to None, run_after=None
[2025-07-14T12:37:12.908+0000] {processor.py:183} INFO - Processing /home/airflow/.local/lib/python3.8/site-packages/airflow/example_dags/example_local_kubernetes_executor.py took 0.149 seconds
[2025-07-14T12:37:43.189+0000] {processor.py:161} INFO - Started process (PID=583) to work on /home/airflow/.local/lib/python3.8/site-packages/airflow/example_dags/example_local_kubernetes_executor.py
[2025-07-14T12:37:43.192+0000] {processor.py:830} INFO - Processing file /home/airflow/.local/lib/python3.8/site-packages/airflow/example_dags/example_local_kubernetes_executor.py for tasks to queue
[2025-07-14T12:37:43.197+0000] {logging_mixin.py:188} INFO - [2025-07-14T12:37:43.197+0000] {dagbag.py:538} INFO - Filling up the DagBag from /home/airflow/.local/lib/python3.8/site-packages/airflow/example_dags/example_local_kubernetes_executor.py
[2025-07-14T12:37:43.212+0000] {processor.py:840} INFO - DAG(s) 'example_local_kubernetes_executor' retrieved from /home/airflow/.local/lib/python3.8/site-packages/airflow/example_dags/example_local_kubernetes_executor.py
[2025-07-14T12:37:43.291+0000] {logging_mixin.py:188} INFO - [2025-07-14T12:37:43.291+0000] {dag.py:3036} INFO - Sync 1 DAGs
[2025-07-14T12:37:43.320+0000] {logging_mixin.py:188} INFO - [2025-07-14T12:37:43.320+0000] {dag.py:3823} INFO - Setting next_dagrun for example_local_kubernetes_executor to None, run_after=None
[2025-07-14T12:37:43.379+0000] {processor.py:183} INFO - Processing /home/airflow/.local/lib/python3.8/site-packages/airflow/example_dags/example_local_kubernetes_executor.py took 0.195 seconds
[2025-07-14T12:38:13.504+0000] {processor.py:161} INFO - Started process (PID=643) to work on /home/airflow/.local/lib/python3.8/site-packages/airflow/example_dags/example_local_kubernetes_executor.py
[2025-07-14T12:38:13.506+0000] {processor.py:830} INFO - Processing file /home/airflow/.local/lib/python3.8/site-packages/airflow/example_dags/example_local_kubernetes_executor.py for tasks to queue
[2025-07-14T12:38:13.510+0000] {logging_mixin.py:188} INFO - [2025-07-14T12:38:13.510+0000] {dagbag.py:538} INFO - Filling up the DagBag from /home/airflow/.local/lib/python3.8/site-packages/airflow/example_dags/example_local_kubernetes_executor.py
[2025-07-14T12:38:13.595+0000] {processor.py:840} INFO - DAG(s) 'example_local_kubernetes_executor' retrieved from /home/airflow/.local/lib/python3.8/site-packages/airflow/example_dags/example_local_kubernetes_executor.py
[2025-07-14T12:38:13.673+0000] {logging_mixin.py:188} INFO - [2025-07-14T12:38:13.672+0000] {dag.py:3036} INFO - Sync 1 DAGs
[2025-07-14T12:38:13.691+0000] {logging_mixin.py:188} INFO - [2025-07-14T12:38:13.691+0000] {dag.py:3823} INFO - Setting next_dagrun for example_local_kubernetes_executor to None, run_after=None
[2025-07-14T12:38:13.715+0000] {processor.py:183} INFO - Processing /home/airflow/.local/lib/python3.8/site-packages/airflow/example_dags/example_local_kubernetes_executor.py took 0.225 seconds
[2025-07-14T12:38:45.494+0000] {processor.py:161} INFO - Started process (PID=703) to work on /home/airflow/.local/lib/python3.8/site-packages/airflow/example_dags/example_local_kubernetes_executor.py
[2025-07-14T12:38:45.495+0000] {processor.py:830} INFO - Processing file /home/airflow/.local/lib/python3.8/site-packages/airflow/example_dags/example_local_kubernetes_executor.py for tasks to queue
[2025-07-14T12:38:45.504+0000] {logging_mixin.py:188} INFO - [2025-07-14T12:38:45.501+0000] {dagbag.py:538} INFO - Filling up the DagBag from /home/airflow/.local/lib/python3.8/site-packages/airflow/example_dags/example_local_kubernetes_executor.py
[2025-07-14T12:38:45.533+0000] {processor.py:840} INFO - DAG(s) 'example_local_kubernetes_executor' retrieved from /home/airflow/.local/lib/python3.8/site-packages/airflow/example_dags/example_local_kubernetes_executor.py
[2025-07-14T12:38:45.652+0000] {logging_mixin.py:188} INFO - [2025-07-14T12:38:45.652+0000] {dag.py:3036} INFO - Sync 1 DAGs
[2025-07-14T12:38:45.681+0000] {logging_mixin.py:188} INFO - [2025-07-14T12:38:45.681+0000] {dag.py:3823} INFO - Setting next_dagrun for example_local_kubernetes_executor to None, run_after=None
[2025-07-14T12:38:45.727+0000] {processor.py:183} INFO - Processing /home/airflow/.local/lib/python3.8/site-packages/airflow/example_dags/example_local_kubernetes_executor.py took 0.240 seconds
[2025-07-14T12:39:15.914+0000] {processor.py:161} INFO - Started process (PID=764) to work on /home/airflow/.local/lib/python3.8/site-packages/airflow/example_dags/example_local_kubernetes_executor.py
[2025-07-14T12:39:15.916+0000] {processor.py:830} INFO - Processing file /home/airflow/.local/lib/python3.8/site-packages/airflow/example_dags/example_local_kubernetes_executor.py for tasks to queue
[2025-07-14T12:39:15.918+0000] {logging_mixin.py:188} INFO - [2025-07-14T12:39:15.918+0000] {dagbag.py:538} INFO - Filling up the DagBag from /home/airflow/.local/lib/python3.8/site-packages/airflow/example_dags/example_local_kubernetes_executor.py
[2025-07-14T12:39:15.936+0000] {processor.py:840} INFO - DAG(s) 'example_local_kubernetes_executor' retrieved from /home/airflow/.local/lib/python3.8/site-packages/airflow/example_dags/example_local_kubernetes_executor.py
[2025-07-14T12:39:15.997+0000] {logging_mixin.py:188} INFO - [2025-07-14T12:39:15.997+0000] {dag.py:3036} INFO - Sync 1 DAGs
[2025-07-14T12:39:16.018+0000] {logging_mixin.py:188} INFO - [2025-07-14T12:39:16.018+0000] {dag.py:3823} INFO - Setting next_dagrun for example_local_kubernetes_executor to None, run_after=None
[2025-07-14T12:39:16.050+0000] {processor.py:183} INFO - Processing /home/airflow/.local/lib/python3.8/site-packages/airflow/example_dags/example_local_kubernetes_executor.py took 0.141 seconds
[2025-07-14T12:39:46.341+0000] {processor.py:161} INFO - Started process (PID=824) to work on /home/airflow/.local/lib/python3.8/site-packages/airflow/example_dags/example_local_kubernetes_executor.py
[2025-07-14T12:39:46.342+0000] {processor.py:830} INFO - Processing file /home/airflow/.local/lib/python3.8/site-packages/airflow/example_dags/example_local_kubernetes_executor.py for tasks to queue
[2025-07-14T12:39:46.345+0000] {logging_mixin.py:188} INFO - [2025-07-14T12:39:46.344+0000] {dagbag.py:538} INFO - Filling up the DagBag from /home/airflow/.local/lib/python3.8/site-packages/airflow/example_dags/example_local_kubernetes_executor.py
[2025-07-14T12:39:46.360+0000] {processor.py:840} INFO - DAG(s) 'example_local_kubernetes_executor' retrieved from /home/airflow/.local/lib/python3.8/site-packages/airflow/example_dags/example_local_kubernetes_executor.py
[2025-07-14T12:39:46.422+0000] {logging_mixin.py:188} INFO - [2025-07-14T12:39:46.421+0000] {dag.py:3036} INFO - Sync 1 DAGs
[2025-07-14T12:39:46.446+0000] {logging_mixin.py:188} INFO - [2025-07-14T12:39:46.446+0000] {dag.py:3823} INFO - Setting next_dagrun for example_local_kubernetes_executor to None, run_after=None
[2025-07-14T12:39:46.480+0000] {processor.py:183} INFO - Processing /home/airflow/.local/lib/python3.8/site-packages/airflow/example_dags/example_local_kubernetes_executor.py took 0.145 seconds
[2025-07-14T12:40:17.202+0000] {processor.py:161} INFO - Started process (PID=884) to work on /home/airflow/.local/lib/python3.8/site-packages/airflow/example_dags/example_local_kubernetes_executor.py
[2025-07-14T12:40:17.203+0000] {processor.py:830} INFO - Processing file /home/airflow/.local/lib/python3.8/site-packages/airflow/example_dags/example_local_kubernetes_executor.py for tasks to queue
[2025-07-14T12:40:17.206+0000] {logging_mixin.py:188} INFO - [2025-07-14T12:40:17.206+0000] {dagbag.py:538} INFO - Filling up the DagBag from /home/airflow/.local/lib/python3.8/site-packages/airflow/example_dags/example_local_kubernetes_executor.py
[2025-07-14T12:40:17.220+0000] {processor.py:840} INFO - DAG(s) 'example_local_kubernetes_executor' retrieved from /home/airflow/.local/lib/python3.8/site-packages/airflow/example_dags/example_local_kubernetes_executor.py
[2025-07-14T12:40:17.281+0000] {logging_mixin.py:188} INFO - [2025-07-14T12:40:17.281+0000] {dag.py:3036} INFO - Sync 1 DAGs
[2025-07-14T12:40:17.304+0000] {logging_mixin.py:188} INFO - [2025-07-14T12:40:17.303+0000] {dag.py:3823} INFO - Setting next_dagrun for example_local_kubernetes_executor to None, run_after=None
[2025-07-14T12:40:17.343+0000] {processor.py:183} INFO - Processing /home/airflow/.local/lib/python3.8/site-packages/airflow/example_dags/example_local_kubernetes_executor.py took 0.146 seconds
[2025-07-14T12:40:47.896+0000] {processor.py:161} INFO - Started process (PID=950) to work on /home/airflow/.local/lib/python3.8/site-packages/airflow/example_dags/example_local_kubernetes_executor.py
[2025-07-14T12:40:47.898+0000] {processor.py:830} INFO - Processing file /home/airflow/.local/lib/python3.8/site-packages/airflow/example_dags/example_local_kubernetes_executor.py for tasks to queue
[2025-07-14T12:40:47.901+0000] {logging_mixin.py:188} INFO - [2025-07-14T12:40:47.900+0000] {dagbag.py:538} INFO - Filling up the DagBag from /home/airflow/.local/lib/python3.8/site-packages/airflow/example_dags/example_local_kubernetes_executor.py
[2025-07-14T12:40:47.913+0000] {processor.py:840} INFO - DAG(s) 'example_local_kubernetes_executor' retrieved from /home/airflow/.local/lib/python3.8/site-packages/airflow/example_dags/example_local_kubernetes_executor.py
[2025-07-14T12:40:47.979+0000] {logging_mixin.py:188} INFO - [2025-07-14T12:40:47.979+0000] {dag.py:3036} INFO - Sync 1 DAGs
[2025-07-14T12:40:48.001+0000] {logging_mixin.py:188} INFO - [2025-07-14T12:40:48.000+0000] {dag.py:3823} INFO - Setting next_dagrun for example_local_kubernetes_executor to None, run_after=None
[2025-07-14T12:40:48.042+0000] {processor.py:183} INFO - Processing /home/airflow/.local/lib/python3.8/site-packages/airflow/example_dags/example_local_kubernetes_executor.py took 0.151 seconds
[2025-07-14T12:41:18.205+0000] {processor.py:161} INFO - Started process (PID=1010) to work on /home/airflow/.local/lib/python3.8/site-packages/airflow/example_dags/example_local_kubernetes_executor.py
[2025-07-14T12:41:18.206+0000] {processor.py:830} INFO - Processing file /home/airflow/.local/lib/python3.8/site-packages/airflow/example_dags/example_local_kubernetes_executor.py for tasks to queue
[2025-07-14T12:41:18.209+0000] {logging_mixin.py:188} INFO - [2025-07-14T12:41:18.208+0000] {dagbag.py:538} INFO - Filling up the DagBag from /home/airflow/.local/lib/python3.8/site-packages/airflow/example_dags/example_local_kubernetes_executor.py
[2025-07-14T12:41:18.221+0000] {processor.py:840} INFO - DAG(s) 'example_local_kubernetes_executor' retrieved from /home/airflow/.local/lib/python3.8/site-packages/airflow/example_dags/example_local_kubernetes_executor.py
[2025-07-14T12:41:18.276+0000] {logging_mixin.py:188} INFO - [2025-07-14T12:41:18.276+0000] {dag.py:3036} INFO - Sync 1 DAGs
[2025-07-14T12:41:18.299+0000] {logging_mixin.py:188} INFO - [2025-07-14T12:41:18.299+0000] {dag.py:3823} INFO - Setting next_dagrun for example_local_kubernetes_executor to None, run_after=None
[2025-07-14T12:41:18.339+0000] {processor.py:183} INFO - Processing /home/airflow/.local/lib/python3.8/site-packages/airflow/example_dags/example_local_kubernetes_executor.py took 0.140 seconds
[2025-07-14T12:41:48.401+0000] {processor.py:161} INFO - Started process (PID=1069) to work on /home/airflow/.local/lib/python3.8/site-packages/airflow/example_dags/example_local_kubernetes_executor.py
[2025-07-14T12:41:48.403+0000] {processor.py:830} INFO - Processing file /home/airflow/.local/lib/python3.8/site-packages/airflow/example_dags/example_local_kubernetes_executor.py for tasks to queue
[2025-07-14T12:41:48.407+0000] {logging_mixin.py:188} INFO - [2025-07-14T12:41:48.407+0000] {dagbag.py:538} INFO - Filling up the DagBag from /home/airflow/.local/lib/python3.8/site-packages/airflow/example_dags/example_local_kubernetes_executor.py
[2025-07-14T12:41:48.421+0000] {processor.py:840} INFO - DAG(s) 'example_local_kubernetes_executor' retrieved from /home/airflow/.local/lib/python3.8/site-packages/airflow/example_dags/example_local_kubernetes_executor.py
[2025-07-14T12:41:48.480+0000] {logging_mixin.py:188} INFO - [2025-07-14T12:41:48.479+0000] {dag.py:3036} INFO - Sync 1 DAGs
[2025-07-14T12:41:48.495+0000] {logging_mixin.py:188} INFO - [2025-07-14T12:41:48.494+0000] {dag.py:3823} INFO - Setting next_dagrun for example_local_kubernetes_executor to None, run_after=None
[2025-07-14T12:41:48.520+0000] {processor.py:183} INFO - Processing /home/airflow/.local/lib/python3.8/site-packages/airflow/example_dags/example_local_kubernetes_executor.py took 0.125 seconds
[2025-07-14T12:42:18.867+0000] {processor.py:161} INFO - Started process (PID=1128) to work on /home/airflow/.local/lib/python3.8/site-packages/airflow/example_dags/example_local_kubernetes_executor.py
[2025-07-14T12:42:18.868+0000] {processor.py:830} INFO - Processing file /home/airflow/.local/lib/python3.8/site-packages/airflow/example_dags/example_local_kubernetes_executor.py for tasks to queue
[2025-07-14T12:42:18.871+0000] {logging_mixin.py:188} INFO - [2025-07-14T12:42:18.871+0000] {dagbag.py:538} INFO - Filling up the DagBag from /home/airflow/.local/lib/python3.8/site-packages/airflow/example_dags/example_local_kubernetes_executor.py
[2025-07-14T12:42:18.885+0000] {processor.py:840} INFO - DAG(s) 'example_local_kubernetes_executor' retrieved from /home/airflow/.local/lib/python3.8/site-packages/airflow/example_dags/example_local_kubernetes_executor.py
[2025-07-14T12:42:18.944+0000] {logging_mixin.py:188} INFO - [2025-07-14T12:42:18.943+0000] {dag.py:3036} INFO - Sync 1 DAGs
[2025-07-14T12:42:18.973+0000] {logging_mixin.py:188} INFO - [2025-07-14T12:42:18.973+0000] {dag.py:3823} INFO - Setting next_dagrun for example_local_kubernetes_executor to None, run_after=None
[2025-07-14T12:42:19.003+0000] {processor.py:183} INFO - Processing /home/airflow/.local/lib/python3.8/site-packages/airflow/example_dags/example_local_kubernetes_executor.py took 0.141 seconds
[2025-07-14T12:42:49.149+0000] {processor.py:161} INFO - Started process (PID=1188) to work on /home/airflow/.local/lib/python3.8/site-packages/airflow/example_dags/example_local_kubernetes_executor.py
[2025-07-14T12:42:49.152+0000] {processor.py:830} INFO - Processing file /home/airflow/.local/lib/python3.8/site-packages/airflow/example_dags/example_local_kubernetes_executor.py for tasks to queue
[2025-07-14T12:42:49.157+0000] {logging_mixin.py:188} INFO - [2025-07-14T12:42:49.156+0000] {dagbag.py:538} INFO - Filling up the DagBag from /home/airflow/.local/lib/python3.8/site-packages/airflow/example_dags/example_local_kubernetes_executor.py
[2025-07-14T12:42:49.170+0000] {processor.py:840} INFO - DAG(s) 'example_local_kubernetes_executor' retrieved from /home/airflow/.local/lib/python3.8/site-packages/airflow/example_dags/example_local_kubernetes_executor.py
[2025-07-14T12:42:49.228+0000] {logging_mixin.py:188} INFO - [2025-07-14T12:42:49.228+0000] {dag.py:3036} INFO - Sync 1 DAGs
[2025-07-14T12:42:49.254+0000] {logging_mixin.py:188} INFO - [2025-07-14T12:42:49.254+0000] {dag.py:3823} INFO - Setting next_dagrun for example_local_kubernetes_executor to None, run_after=None
[2025-07-14T12:42:49.285+0000] {processor.py:183} INFO - Processing /home/airflow/.local/lib/python3.8/site-packages/airflow/example_dags/example_local_kubernetes_executor.py took 0.141 seconds
[2025-07-14T12:43:19.774+0000] {processor.py:161} INFO - Started process (PID=1248) to work on /home/airflow/.local/lib/python3.8/site-packages/airflow/example_dags/example_local_kubernetes_executor.py
[2025-07-14T12:43:19.775+0000] {processor.py:830} INFO - Processing file /home/airflow/.local/lib/python3.8/site-packages/airflow/example_dags/example_local_kubernetes_executor.py for tasks to queue
[2025-07-14T12:43:19.788+0000] {logging_mixin.py:188} INFO - [2025-07-14T12:43:19.779+0000] {dagbag.py:538} INFO - Filling up the DagBag from /home/airflow/.local/lib/python3.8/site-packages/airflow/example_dags/example_local_kubernetes_executor.py
[2025-07-14T12:43:19.800+0000] {processor.py:840} INFO - DAG(s) 'example_local_kubernetes_executor' retrieved from /home/airflow/.local/lib/python3.8/site-packages/airflow/example_dags/example_local_kubernetes_executor.py
[2025-07-14T12:43:19.853+0000] {logging_mixin.py:188} INFO - [2025-07-14T12:43:19.853+0000] {dag.py:3036} INFO - Sync 1 DAGs
[2025-07-14T12:43:19.872+0000] {logging_mixin.py:188} INFO - [2025-07-14T12:43:19.872+0000] {dag.py:3823} INFO - Setting next_dagrun for example_local_kubernetes_executor to None, run_after=None
[2025-07-14T12:43:19.904+0000] {processor.py:183} INFO - Processing /home/airflow/.local/lib/python3.8/site-packages/airflow/example_dags/example_local_kubernetes_executor.py took 0.136 seconds
[2025-07-14T12:43:50.734+0000] {processor.py:161} INFO - Started process (PID=1308) to work on /home/airflow/.local/lib/python3.8/site-packages/airflow/example_dags/example_local_kubernetes_executor.py
[2025-07-14T12:43:50.735+0000] {processor.py:830} INFO - Processing file /home/airflow/.local/lib/python3.8/site-packages/airflow/example_dags/example_local_kubernetes_executor.py for tasks to queue
[2025-07-14T12:43:50.739+0000] {logging_mixin.py:188} INFO - [2025-07-14T12:43:50.738+0000] {dagbag.py:538} INFO - Filling up the DagBag from /home/airflow/.local/lib/python3.8/site-packages/airflow/example_dags/example_local_kubernetes_executor.py
[2025-07-14T12:43:50.754+0000] {processor.py:840} INFO - DAG(s) 'example_local_kubernetes_executor' retrieved from /home/airflow/.local/lib/python3.8/site-packages/airflow/example_dags/example_local_kubernetes_executor.py
[2025-07-14T12:43:50.838+0000] {logging_mixin.py:188} INFO - [2025-07-14T12:43:50.837+0000] {dag.py:3036} INFO - Sync 1 DAGs
[2025-07-14T12:43:50.873+0000] {logging_mixin.py:188} INFO - [2025-07-14T12:43:50.873+0000] {dag.py:3823} INFO - Setting next_dagrun for example_local_kubernetes_executor to None, run_after=None
[2025-07-14T12:43:50.922+0000] {processor.py:183} INFO - Processing /home/airflow/.local/lib/python3.8/site-packages/airflow/example_dags/example_local_kubernetes_executor.py took 0.194 seconds
[2025-07-14T12:44:21.848+0000] {processor.py:161} INFO - Started process (PID=1368) to work on /home/airflow/.local/lib/python3.8/site-packages/airflow/example_dags/example_local_kubernetes_executor.py
[2025-07-14T12:44:21.850+0000] {processor.py:830} INFO - Processing file /home/airflow/.local/lib/python3.8/site-packages/airflow/example_dags/example_local_kubernetes_executor.py for tasks to queue
[2025-07-14T12:44:21.856+0000] {logging_mixin.py:188} INFO - [2025-07-14T12:44:21.856+0000] {dagbag.py:538} INFO - Filling up the DagBag from /home/airflow/.local/lib/python3.8/site-packages/airflow/example_dags/example_local_kubernetes_executor.py
[2025-07-14T12:44:21.872+0000] {processor.py:840} INFO - DAG(s) 'example_local_kubernetes_executor' retrieved from /home/airflow/.local/lib/python3.8/site-packages/airflow/example_dags/example_local_kubernetes_executor.py
[2025-07-14T12:44:21.935+0000] {logging_mixin.py:188} INFO - [2025-07-14T12:44:21.934+0000] {dag.py:3036} INFO - Sync 1 DAGs
[2025-07-14T12:44:21.957+0000] {logging_mixin.py:188} INFO - [2025-07-14T12:44:21.957+0000] {dag.py:3823} INFO - Setting next_dagrun for example_local_kubernetes_executor to None, run_after=None
[2025-07-14T12:44:21.993+0000] {processor.py:183} INFO - Processing /home/airflow/.local/lib/python3.8/site-packages/airflow/example_dags/example_local_kubernetes_executor.py took 0.151 seconds
[2025-07-14T12:44:52.850+0000] {processor.py:161} INFO - Started process (PID=1428) to work on /home/airflow/.local/lib/python3.8/site-packages/airflow/example_dags/example_local_kubernetes_executor.py
[2025-07-14T12:44:52.853+0000] {processor.py:830} INFO - Processing file /home/airflow/.local/lib/python3.8/site-packages/airflow/example_dags/example_local_kubernetes_executor.py for tasks to queue
[2025-07-14T12:44:52.858+0000] {logging_mixin.py:188} INFO - [2025-07-14T12:44:52.858+0000] {dagbag.py:538} INFO - Filling up the DagBag from /home/airflow/.local/lib/python3.8/site-packages/airflow/example_dags/example_local_kubernetes_executor.py
[2025-07-14T12:44:52.871+0000] {processor.py:840} INFO - DAG(s) 'example_local_kubernetes_executor' retrieved from /home/airflow/.local/lib/python3.8/site-packages/airflow/example_dags/example_local_kubernetes_executor.py
[2025-07-14T12:44:52.942+0000] {logging_mixin.py:188} INFO - [2025-07-14T12:44:52.942+0000] {dag.py:3036} INFO - Sync 1 DAGs
[2025-07-14T12:44:52.976+0000] {logging_mixin.py:188} INFO - [2025-07-14T12:44:52.976+0000] {dag.py:3823} INFO - Setting next_dagrun for example_local_kubernetes_executor to None, run_after=None
[2025-07-14T12:44:53.030+0000] {processor.py:183} INFO - Processing /home/airflow/.local/lib/python3.8/site-packages/airflow/example_dags/example_local_kubernetes_executor.py took 0.185 seconds
[2025-07-14T12:45:23.350+0000] {processor.py:161} INFO - Started process (PID=1488) to work on /home/airflow/.local/lib/python3.8/site-packages/airflow/example_dags/example_local_kubernetes_executor.py
[2025-07-14T12:45:23.352+0000] {processor.py:830} INFO - Processing file /home/airflow/.local/lib/python3.8/site-packages/airflow/example_dags/example_local_kubernetes_executor.py for tasks to queue
[2025-07-14T12:45:23.355+0000] {logging_mixin.py:188} INFO - [2025-07-14T12:45:23.355+0000] {dagbag.py:538} INFO - Filling up the DagBag from /home/airflow/.local/lib/python3.8/site-packages/airflow/example_dags/example_local_kubernetes_executor.py
[2025-07-14T12:45:23.369+0000] {processor.py:840} INFO - DAG(s) 'example_local_kubernetes_executor' retrieved from /home/airflow/.local/lib/python3.8/site-packages/airflow/example_dags/example_local_kubernetes_executor.py
[2025-07-14T12:45:23.425+0000] {logging_mixin.py:188} INFO - [2025-07-14T12:45:23.425+0000] {dag.py:3036} INFO - Sync 1 DAGs
[2025-07-14T12:45:23.449+0000] {logging_mixin.py:188} INFO - [2025-07-14T12:45:23.448+0000] {dag.py:3823} INFO - Setting next_dagrun for example_local_kubernetes_executor to None, run_after=None
[2025-07-14T12:45:23.478+0000] {processor.py:183} INFO - Processing /home/airflow/.local/lib/python3.8/site-packages/airflow/example_dags/example_local_kubernetes_executor.py took 0.133 seconds
[2025-07-14T12:45:53.608+0000] {processor.py:161} INFO - Started process (PID=1548) to work on /home/airflow/.local/lib/python3.8/site-packages/airflow/example_dags/example_local_kubernetes_executor.py
[2025-07-14T12:45:53.611+0000] {processor.py:830} INFO - Processing file /home/airflow/.local/lib/python3.8/site-packages/airflow/example_dags/example_local_kubernetes_executor.py for tasks to queue
[2025-07-14T12:45:53.613+0000] {logging_mixin.py:188} INFO - [2025-07-14T12:45:53.613+0000] {dagbag.py:538} INFO - Filling up the DagBag from /home/airflow/.local/lib/python3.8/site-packages/airflow/example_dags/example_local_kubernetes_executor.py
[2025-07-14T12:45:53.628+0000] {processor.py:840} INFO - DAG(s) 'example_local_kubernetes_executor' retrieved from /home/airflow/.local/lib/python3.8/site-packages/airflow/example_dags/example_local_kubernetes_executor.py
[2025-07-14T12:45:53.692+0000] {logging_mixin.py:188} INFO - [2025-07-14T12:45:53.691+0000] {dag.py:3036} INFO - Sync 1 DAGs
[2025-07-14T12:45:53.717+0000] {logging_mixin.py:188} INFO - [2025-07-14T12:45:53.716+0000] {dag.py:3823} INFO - Setting next_dagrun for example_local_kubernetes_executor to None, run_after=None
[2025-07-14T12:45:53.756+0000] {processor.py:183} INFO - Processing /home/airflow/.local/lib/python3.8/site-packages/airflow/example_dags/example_local_kubernetes_executor.py took 0.152 seconds
[2025-07-14T12:46:24.343+0000] {processor.py:161} INFO - Started process (PID=1608) to work on /home/airflow/.local/lib/python3.8/site-packages/airflow/example_dags/example_local_kubernetes_executor.py
[2025-07-14T12:46:24.344+0000] {processor.py:830} INFO - Processing file /home/airflow/.local/lib/python3.8/site-packages/airflow/example_dags/example_local_kubernetes_executor.py for tasks to queue
[2025-07-14T12:46:24.347+0000] {logging_mixin.py:188} INFO - [2025-07-14T12:46:24.347+0000] {dagbag.py:538} INFO - Filling up the DagBag from /home/airflow/.local/lib/python3.8/site-packages/airflow/example_dags/example_local_kubernetes_executor.py
[2025-07-14T12:46:24.361+0000] {processor.py:840} INFO - DAG(s) 'example_local_kubernetes_executor' retrieved from /home/airflow/.local/lib/python3.8/site-packages/airflow/example_dags/example_local_kubernetes_executor.py
[2025-07-14T12:46:24.422+0000] {logging_mixin.py:188} INFO - [2025-07-14T12:46:24.422+0000] {dag.py:3036} INFO - Sync 1 DAGs
[2025-07-14T12:46:24.446+0000] {logging_mixin.py:188} INFO - [2025-07-14T12:46:24.446+0000] {dag.py:3823} INFO - Setting next_dagrun for example_local_kubernetes_executor to None, run_after=None
[2025-07-14T12:46:24.483+0000] {processor.py:183} INFO - Processing /home/airflow/.local/lib/python3.8/site-packages/airflow/example_dags/example_local_kubernetes_executor.py took 0.146 seconds
[2025-07-14T12:46:55.507+0000] {processor.py:161} INFO - Started process (PID=1668) to work on /home/airflow/.local/lib/python3.8/site-packages/airflow/example_dags/example_local_kubernetes_executor.py
[2025-07-14T12:46:55.512+0000] {processor.py:830} INFO - Processing file /home/airflow/.local/lib/python3.8/site-packages/airflow/example_dags/example_local_kubernetes_executor.py for tasks to queue
[2025-07-14T12:46:55.515+0000] {logging_mixin.py:188} INFO - [2025-07-14T12:46:55.515+0000] {dagbag.py:538} INFO - Filling up the DagBag from /home/airflow/.local/lib/python3.8/site-packages/airflow/example_dags/example_local_kubernetes_executor.py
[2025-07-14T12:46:55.550+0000] {processor.py:840} INFO - DAG(s) 'example_local_kubernetes_executor' retrieved from /home/airflow/.local/lib/python3.8/site-packages/airflow/example_dags/example_local_kubernetes_executor.py
[2025-07-14T12:46:55.616+0000] {logging_mixin.py:188} INFO - [2025-07-14T12:46:55.615+0000] {dag.py:3036} INFO - Sync 1 DAGs
[2025-07-14T12:46:55.636+0000] {logging_mixin.py:188} INFO - [2025-07-14T12:46:55.635+0000] {dag.py:3823} INFO - Setting next_dagrun for example_local_kubernetes_executor to None, run_after=None
[2025-07-14T12:46:55.672+0000] {processor.py:183} INFO - Processing /home/airflow/.local/lib/python3.8/site-packages/airflow/example_dags/example_local_kubernetes_executor.py took 0.175 seconds
[2025-07-14T12:47:28.174+0000] {processor.py:161} INFO - Started process (PID=1728) to work on /home/airflow/.local/lib/python3.8/site-packages/airflow/example_dags/example_local_kubernetes_executor.py
[2025-07-14T12:47:28.177+0000] {processor.py:830} INFO - Processing file /home/airflow/.local/lib/python3.8/site-packages/airflow/example_dags/example_local_kubernetes_executor.py for tasks to queue
[2025-07-14T12:47:28.184+0000] {logging_mixin.py:188} INFO - [2025-07-14T12:47:28.183+0000] {dagbag.py:538} INFO - Filling up the DagBag from /home/airflow/.local/lib/python3.8/site-packages/airflow/example_dags/example_local_kubernetes_executor.py
[2025-07-14T12:47:28.204+0000] {processor.py:840} INFO - DAG(s) 'example_local_kubernetes_executor' retrieved from /home/airflow/.local/lib/python3.8/site-packages/airflow/example_dags/example_local_kubernetes_executor.py
[2025-07-14T12:47:28.294+0000] {logging_mixin.py:188} INFO - [2025-07-14T12:47:28.294+0000] {dag.py:3036} INFO - Sync 1 DAGs
[2025-07-14T12:47:28.327+0000] {logging_mixin.py:188} INFO - [2025-07-14T12:47:28.327+0000] {dag.py:3823} INFO - Setting next_dagrun for example_local_kubernetes_executor to None, run_after=None
[2025-07-14T12:47:28.430+0000] {processor.py:183} INFO - Processing /home/airflow/.local/lib/python3.8/site-packages/airflow/example_dags/example_local_kubernetes_executor.py took 0.261 seconds
[2025-07-14T12:47:59.546+0000] {processor.py:161} INFO - Started process (PID=1787) to work on /home/airflow/.local/lib/python3.8/site-packages/airflow/example_dags/example_local_kubernetes_executor.py
[2025-07-14T12:47:59.548+0000] {processor.py:830} INFO - Processing file /home/airflow/.local/lib/python3.8/site-packages/airflow/example_dags/example_local_kubernetes_executor.py for tasks to queue
[2025-07-14T12:47:59.555+0000] {logging_mixin.py:188} INFO - [2025-07-14T12:47:59.555+0000] {dagbag.py:538} INFO - Filling up the DagBag from /home/airflow/.local/lib/python3.8/site-packages/airflow/example_dags/example_local_kubernetes_executor.py
[2025-07-14T12:47:59.570+0000] {processor.py:840} INFO - DAG(s) 'example_local_kubernetes_executor' retrieved from /home/airflow/.local/lib/python3.8/site-packages/airflow/example_dags/example_local_kubernetes_executor.py
[2025-07-14T12:47:59.634+0000] {logging_mixin.py:188} INFO - [2025-07-14T12:47:59.634+0000] {dag.py:3036} INFO - Sync 1 DAGs
[2025-07-14T12:47:59.660+0000] {logging_mixin.py:188} INFO - [2025-07-14T12:47:59.659+0000] {dag.py:3823} INFO - Setting next_dagrun for example_local_kubernetes_executor to None, run_after=None
[2025-07-14T12:47:59.691+0000] {processor.py:183} INFO - Processing /home/airflow/.local/lib/python3.8/site-packages/airflow/example_dags/example_local_kubernetes_executor.py took 0.151 seconds
[2025-07-14T12:48:31.049+0000] {processor.py:161} INFO - Started process (PID=1847) to work on /home/airflow/.local/lib/python3.8/site-packages/airflow/example_dags/example_local_kubernetes_executor.py
[2025-07-14T12:48:31.053+0000] {processor.py:830} INFO - Processing file /home/airflow/.local/lib/python3.8/site-packages/airflow/example_dags/example_local_kubernetes_executor.py for tasks to queue
[2025-07-14T12:48:31.057+0000] {logging_mixin.py:188} INFO - [2025-07-14T12:48:31.057+0000] {dagbag.py:538} INFO - Filling up the DagBag from /home/airflow/.local/lib/python3.8/site-packages/airflow/example_dags/example_local_kubernetes_executor.py
[2025-07-14T12:48:31.073+0000] {processor.py:840} INFO - DAG(s) 'example_local_kubernetes_executor' retrieved from /home/airflow/.local/lib/python3.8/site-packages/airflow/example_dags/example_local_kubernetes_executor.py
[2025-07-14T12:48:31.147+0000] {logging_mixin.py:188} INFO - [2025-07-14T12:48:31.147+0000] {dag.py:3036} INFO - Sync 1 DAGs
[2025-07-14T12:48:31.176+0000] {logging_mixin.py:188} INFO - [2025-07-14T12:48:31.175+0000] {dag.py:3823} INFO - Setting next_dagrun for example_local_kubernetes_executor to None, run_after=None
[2025-07-14T12:48:31.221+0000] {processor.py:183} INFO - Processing /home/airflow/.local/lib/python3.8/site-packages/airflow/example_dags/example_local_kubernetes_executor.py took 0.177 seconds
[2025-07-14T12:49:04.138+0000] {processor.py:161} INFO - Started process (PID=1908) to work on /home/airflow/.local/lib/python3.8/site-packages/airflow/example_dags/example_local_kubernetes_executor.py
[2025-07-14T12:49:04.141+0000] {processor.py:830} INFO - Processing file /home/airflow/.local/lib/python3.8/site-packages/airflow/example_dags/example_local_kubernetes_executor.py for tasks to queue
[2025-07-14T12:49:04.146+0000] {logging_mixin.py:188} INFO - [2025-07-14T12:49:04.145+0000] {dagbag.py:538} INFO - Filling up the DagBag from /home/airflow/.local/lib/python3.8/site-packages/airflow/example_dags/example_local_kubernetes_executor.py
[2025-07-14T12:49:04.180+0000] {processor.py:840} INFO - DAG(s) 'example_local_kubernetes_executor' retrieved from /home/airflow/.local/lib/python3.8/site-packages/airflow/example_dags/example_local_kubernetes_executor.py
[2025-07-14T12:49:04.598+0000] {logging_mixin.py:188} INFO - [2025-07-14T12:49:04.597+0000] {dag.py:3036} INFO - Sync 1 DAGs
[2025-07-14T12:49:04.807+0000] {logging_mixin.py:188} INFO - [2025-07-14T12:49:04.807+0000] {dag.py:3823} INFO - Setting next_dagrun for example_local_kubernetes_executor to None, run_after=None
[2025-07-14T12:49:04.859+0000] {processor.py:183} INFO - Processing /home/airflow/.local/lib/python3.8/site-packages/airflow/example_dags/example_local_kubernetes_executor.py took 0.732 seconds
[2025-07-14T12:49:35.232+0000] {processor.py:161} INFO - Started process (PID=1968) to work on /home/airflow/.local/lib/python3.8/site-packages/airflow/example_dags/example_local_kubernetes_executor.py
[2025-07-14T12:49:35.234+0000] {processor.py:830} INFO - Processing file /home/airflow/.local/lib/python3.8/site-packages/airflow/example_dags/example_local_kubernetes_executor.py for tasks to queue
[2025-07-14T12:49:35.238+0000] {logging_mixin.py:188} INFO - [2025-07-14T12:49:35.237+0000] {dagbag.py:538} INFO - Filling up the DagBag from /home/airflow/.local/lib/python3.8/site-packages/airflow/example_dags/example_local_kubernetes_executor.py
[2025-07-14T12:49:35.253+0000] {processor.py:840} INFO - DAG(s) 'example_local_kubernetes_executor' retrieved from /home/airflow/.local/lib/python3.8/site-packages/airflow/example_dags/example_local_kubernetes_executor.py
[2025-07-14T12:49:35.329+0000] {logging_mixin.py:188} INFO - [2025-07-14T12:49:35.328+0000] {dag.py:3036} INFO - Sync 1 DAGs
[2025-07-14T12:49:35.358+0000] {logging_mixin.py:188} INFO - [2025-07-14T12:49:35.357+0000] {dag.py:3823} INFO - Setting next_dagrun for example_local_kubernetes_executor to None, run_after=None
[2025-07-14T12:49:35.399+0000] {processor.py:183} INFO - Processing /home/airflow/.local/lib/python3.8/site-packages/airflow/example_dags/example_local_kubernetes_executor.py took 0.173 seconds
[2025-07-14T12:50:05.456+0000] {processor.py:161} INFO - Started process (PID=2026) to work on /home/airflow/.local/lib/python3.8/site-packages/airflow/example_dags/example_local_kubernetes_executor.py
[2025-07-14T12:50:05.458+0000] {processor.py:830} INFO - Processing file /home/airflow/.local/lib/python3.8/site-packages/airflow/example_dags/example_local_kubernetes_executor.py for tasks to queue
[2025-07-14T12:50:05.462+0000] {logging_mixin.py:188} INFO - [2025-07-14T12:50:05.462+0000] {dagbag.py:538} INFO - Filling up the DagBag from /home/airflow/.local/lib/python3.8/site-packages/airflow/example_dags/example_local_kubernetes_executor.py
[2025-07-14T12:50:05.483+0000] {processor.py:840} INFO - DAG(s) 'example_local_kubernetes_executor' retrieved from /home/airflow/.local/lib/python3.8/site-packages/airflow/example_dags/example_local_kubernetes_executor.py
[2025-07-14T12:50:05.579+0000] {logging_mixin.py:188} INFO - [2025-07-14T12:50:05.578+0000] {dag.py:3036} INFO - Sync 1 DAGs
[2025-07-14T12:50:05.599+0000] {logging_mixin.py:188} INFO - [2025-07-14T12:50:05.598+0000] {dag.py:3823} INFO - Setting next_dagrun for example_local_kubernetes_executor to None, run_after=None
[2025-07-14T12:50:05.637+0000] {processor.py:183} INFO - Processing /home/airflow/.local/lib/python3.8/site-packages/airflow/example_dags/example_local_kubernetes_executor.py took 0.190 seconds
[2025-07-14T12:50:36.421+0000] {processor.py:161} INFO - Started process (PID=2084) to work on /home/airflow/.local/lib/python3.8/site-packages/airflow/example_dags/example_local_kubernetes_executor.py
[2025-07-14T12:50:36.423+0000] {processor.py:830} INFO - Processing file /home/airflow/.local/lib/python3.8/site-packages/airflow/example_dags/example_local_kubernetes_executor.py for tasks to queue
[2025-07-14T12:50:36.427+0000] {logging_mixin.py:188} INFO - [2025-07-14T12:50:36.426+0000] {dagbag.py:538} INFO - Filling up the DagBag from /home/airflow/.local/lib/python3.8/site-packages/airflow/example_dags/example_local_kubernetes_executor.py
[2025-07-14T12:50:36.456+0000] {processor.py:840} INFO - DAG(s) 'example_local_kubernetes_executor' retrieved from /home/airflow/.local/lib/python3.8/site-packages/airflow/example_dags/example_local_kubernetes_executor.py
[2025-07-14T12:50:36.542+0000] {logging_mixin.py:188} INFO - [2025-07-14T12:50:36.542+0000] {dag.py:3036} INFO - Sync 1 DAGs
[2025-07-14T12:50:36.580+0000] {logging_mixin.py:188} INFO - [2025-07-14T12:50:36.579+0000] {dag.py:3823} INFO - Setting next_dagrun for example_local_kubernetes_executor to None, run_after=None
[2025-07-14T12:50:36.628+0000] {processor.py:183} INFO - Processing /home/airflow/.local/lib/python3.8/site-packages/airflow/example_dags/example_local_kubernetes_executor.py took 0.216 seconds
[2025-07-14T12:51:06.791+0000] {processor.py:161} INFO - Started process (PID=2143) to work on /home/airflow/.local/lib/python3.8/site-packages/airflow/example_dags/example_local_kubernetes_executor.py
[2025-07-14T12:51:06.792+0000] {processor.py:830} INFO - Processing file /home/airflow/.local/lib/python3.8/site-packages/airflow/example_dags/example_local_kubernetes_executor.py for tasks to queue
[2025-07-14T12:51:06.800+0000] {logging_mixin.py:188} INFO - [2025-07-14T12:51:06.799+0000] {dagbag.py:538} INFO - Filling up the DagBag from /home/airflow/.local/lib/python3.8/site-packages/airflow/example_dags/example_local_kubernetes_executor.py
[2025-07-14T12:51:06.816+0000] {processor.py:840} INFO - DAG(s) 'example_local_kubernetes_executor' retrieved from /home/airflow/.local/lib/python3.8/site-packages/airflow/example_dags/example_local_kubernetes_executor.py
[2025-07-14T12:51:06.910+0000] {logging_mixin.py:188} INFO - [2025-07-14T12:51:06.910+0000] {dag.py:3036} INFO - Sync 1 DAGs
[2025-07-14T12:51:06.935+0000] {logging_mixin.py:188} INFO - [2025-07-14T12:51:06.934+0000] {dag.py:3823} INFO - Setting next_dagrun for example_local_kubernetes_executor to None, run_after=None
[2025-07-14T12:51:06.967+0000] {processor.py:183} INFO - Processing /home/airflow/.local/lib/python3.8/site-packages/airflow/example_dags/example_local_kubernetes_executor.py took 0.184 seconds
[2025-07-14T12:51:37.366+0000] {processor.py:161} INFO - Started process (PID=2203) to work on /home/airflow/.local/lib/python3.8/site-packages/airflow/example_dags/example_local_kubernetes_executor.py
[2025-07-14T12:51:37.367+0000] {processor.py:830} INFO - Processing file /home/airflow/.local/lib/python3.8/site-packages/airflow/example_dags/example_local_kubernetes_executor.py for tasks to queue
[2025-07-14T12:51:37.373+0000] {logging_mixin.py:188} INFO - [2025-07-14T12:51:37.372+0000] {dagbag.py:538} INFO - Filling up the DagBag from /home/airflow/.local/lib/python3.8/site-packages/airflow/example_dags/example_local_kubernetes_executor.py
[2025-07-14T12:51:37.386+0000] {processor.py:840} INFO - DAG(s) 'example_local_kubernetes_executor' retrieved from /home/airflow/.local/lib/python3.8/site-packages/airflow/example_dags/example_local_kubernetes_executor.py
[2025-07-14T12:51:37.456+0000] {logging_mixin.py:188} INFO - [2025-07-14T12:51:37.455+0000] {dag.py:3036} INFO - Sync 1 DAGs
[2025-07-14T12:51:37.485+0000] {logging_mixin.py:188} INFO - [2025-07-14T12:51:37.484+0000] {dag.py:3823} INFO - Setting next_dagrun for example_local_kubernetes_executor to None, run_after=None
[2025-07-14T12:51:37.526+0000] {processor.py:183} INFO - Processing /home/airflow/.local/lib/python3.8/site-packages/airflow/example_dags/example_local_kubernetes_executor.py took 0.167 seconds
[2025-07-14T12:52:07.795+0000] {processor.py:161} INFO - Started process (PID=2262) to work on /home/airflow/.local/lib/python3.8/site-packages/airflow/example_dags/example_local_kubernetes_executor.py
[2025-07-14T12:52:07.798+0000] {processor.py:830} INFO - Processing file /home/airflow/.local/lib/python3.8/site-packages/airflow/example_dags/example_local_kubernetes_executor.py for tasks to queue
[2025-07-14T12:52:07.802+0000] {logging_mixin.py:188} INFO - [2025-07-14T12:52:07.801+0000] {dagbag.py:538} INFO - Filling up the DagBag from /home/airflow/.local/lib/python3.8/site-packages/airflow/example_dags/example_local_kubernetes_executor.py
[2025-07-14T12:52:07.821+0000] {processor.py:840} INFO - DAG(s) 'example_local_kubernetes_executor' retrieved from /home/airflow/.local/lib/python3.8/site-packages/airflow/example_dags/example_local_kubernetes_executor.py
[2025-07-14T12:52:07.923+0000] {logging_mixin.py:188} INFO - [2025-07-14T12:52:07.922+0000] {dag.py:3036} INFO - Sync 1 DAGs
[2025-07-14T12:52:07.959+0000] {logging_mixin.py:188} INFO - [2025-07-14T12:52:07.958+0000] {dag.py:3823} INFO - Setting next_dagrun for example_local_kubernetes_executor to None, run_after=None
[2025-07-14T12:52:08.010+0000] {processor.py:183} INFO - Processing /home/airflow/.local/lib/python3.8/site-packages/airflow/example_dags/example_local_kubernetes_executor.py took 0.223 seconds
[2025-07-14T12:52:38.343+0000] {processor.py:161} INFO - Started process (PID=2322) to work on /home/airflow/.local/lib/python3.8/site-packages/airflow/example_dags/example_local_kubernetes_executor.py
[2025-07-14T12:52:38.370+0000] {processor.py:830} INFO - Processing file /home/airflow/.local/lib/python3.8/site-packages/airflow/example_dags/example_local_kubernetes_executor.py for tasks to queue
[2025-07-14T12:52:38.392+0000] {logging_mixin.py:188} INFO - [2025-07-14T12:52:38.385+0000] {dagbag.py:538} INFO - Filling up the DagBag from /home/airflow/.local/lib/python3.8/site-packages/airflow/example_dags/example_local_kubernetes_executor.py
[2025-07-14T12:52:38.422+0000] {processor.py:840} INFO - DAG(s) 'example_local_kubernetes_executor' retrieved from /home/airflow/.local/lib/python3.8/site-packages/airflow/example_dags/example_local_kubernetes_executor.py
[2025-07-14T12:52:38.520+0000] {logging_mixin.py:188} INFO - [2025-07-14T12:52:38.519+0000] {dag.py:3036} INFO - Sync 1 DAGs
[2025-07-14T12:52:38.587+0000] {logging_mixin.py:188} INFO - [2025-07-14T12:52:38.587+0000] {dag.py:3823} INFO - Setting next_dagrun for example_local_kubernetes_executor to None, run_after=None
[2025-07-14T12:52:38.630+0000] {processor.py:183} INFO - Processing /home/airflow/.local/lib/python3.8/site-packages/airflow/example_dags/example_local_kubernetes_executor.py took 0.294 seconds
[2025-07-14T12:53:09.150+0000] {processor.py:161} INFO - Started process (PID=2382) to work on /home/airflow/.local/lib/python3.8/site-packages/airflow/example_dags/example_local_kubernetes_executor.py
[2025-07-14T12:53:09.153+0000] {processor.py:830} INFO - Processing file /home/airflow/.local/lib/python3.8/site-packages/airflow/example_dags/example_local_kubernetes_executor.py for tasks to queue
[2025-07-14T12:53:09.158+0000] {logging_mixin.py:188} INFO - [2025-07-14T12:53:09.158+0000] {dagbag.py:538} INFO - Filling up the DagBag from /home/airflow/.local/lib/python3.8/site-packages/airflow/example_dags/example_local_kubernetes_executor.py
[2025-07-14T12:53:09.181+0000] {processor.py:840} INFO - DAG(s) 'example_local_kubernetes_executor' retrieved from /home/airflow/.local/lib/python3.8/site-packages/airflow/example_dags/example_local_kubernetes_executor.py
[2025-07-14T12:53:09.357+0000] {logging_mixin.py:188} INFO - [2025-07-14T12:53:09.356+0000] {dag.py:3036} INFO - Sync 1 DAGs
[2025-07-14T12:53:09.471+0000] {logging_mixin.py:188} INFO - [2025-07-14T12:53:09.470+0000] {dag.py:3823} INFO - Setting next_dagrun for example_local_kubernetes_executor to None, run_after=None
[2025-07-14T12:53:09.536+0000] {processor.py:183} INFO - Processing /home/airflow/.local/lib/python3.8/site-packages/airflow/example_dags/example_local_kubernetes_executor.py took 0.393 seconds
[2025-07-14T12:53:40.628+0000] {processor.py:161} INFO - Started process (PID=2441) to work on /home/airflow/.local/lib/python3.8/site-packages/airflow/example_dags/example_local_kubernetes_executor.py
[2025-07-14T12:53:40.640+0000] {processor.py:830} INFO - Processing file /home/airflow/.local/lib/python3.8/site-packages/airflow/example_dags/example_local_kubernetes_executor.py for tasks to queue
[2025-07-14T12:53:40.648+0000] {logging_mixin.py:188} INFO - [2025-07-14T12:53:40.647+0000] {dagbag.py:538} INFO - Filling up the DagBag from /home/airflow/.local/lib/python3.8/site-packages/airflow/example_dags/example_local_kubernetes_executor.py
[2025-07-14T12:53:40.758+0000] {processor.py:840} INFO - DAG(s) 'example_local_kubernetes_executor' retrieved from /home/airflow/.local/lib/python3.8/site-packages/airflow/example_dags/example_local_kubernetes_executor.py
[2025-07-14T12:53:40.884+0000] {logging_mixin.py:188} INFO - [2025-07-14T12:53:40.884+0000] {dag.py:3036} INFO - Sync 1 DAGs
[2025-07-14T12:53:40.909+0000] {logging_mixin.py:188} INFO - [2025-07-14T12:53:40.908+0000] {dag.py:3823} INFO - Setting next_dagrun for example_local_kubernetes_executor to None, run_after=None
[2025-07-14T12:53:40.960+0000] {processor.py:183} INFO - Processing /home/airflow/.local/lib/python3.8/site-packages/airflow/example_dags/example_local_kubernetes_executor.py took 0.339 seconds
[2025-07-14T12:54:11.070+0000] {processor.py:161} INFO - Started process (PID=2500) to work on /home/airflow/.local/lib/python3.8/site-packages/airflow/example_dags/example_local_kubernetes_executor.py
[2025-07-14T12:54:11.075+0000] {processor.py:830} INFO - Processing file /home/airflow/.local/lib/python3.8/site-packages/airflow/example_dags/example_local_kubernetes_executor.py for tasks to queue
[2025-07-14T12:54:11.080+0000] {logging_mixin.py:188} INFO - [2025-07-14T12:54:11.078+0000] {dagbag.py:538} INFO - Filling up the DagBag from /home/airflow/.local/lib/python3.8/site-packages/airflow/example_dags/example_local_kubernetes_executor.py
[2025-07-14T12:54:11.111+0000] {processor.py:840} INFO - DAG(s) 'example_local_kubernetes_executor' retrieved from /home/airflow/.local/lib/python3.8/site-packages/airflow/example_dags/example_local_kubernetes_executor.py
[2025-07-14T12:54:11.255+0000] {logging_mixin.py:188} INFO - [2025-07-14T12:54:11.255+0000] {dag.py:3036} INFO - Sync 1 DAGs
[2025-07-14T12:54:11.289+0000] {logging_mixin.py:188} INFO - [2025-07-14T12:54:11.289+0000] {dag.py:3823} INFO - Setting next_dagrun for example_local_kubernetes_executor to None, run_after=None
[2025-07-14T12:54:11.340+0000] {processor.py:183} INFO - Processing /home/airflow/.local/lib/python3.8/site-packages/airflow/example_dags/example_local_kubernetes_executor.py took 0.281 seconds
[2025-07-14T12:54:41.745+0000] {processor.py:161} INFO - Started process (PID=2561) to work on /home/airflow/.local/lib/python3.8/site-packages/airflow/example_dags/example_local_kubernetes_executor.py
[2025-07-14T12:54:41.750+0000] {processor.py:830} INFO - Processing file /home/airflow/.local/lib/python3.8/site-packages/airflow/example_dags/example_local_kubernetes_executor.py for tasks to queue
[2025-07-14T12:54:41.758+0000] {logging_mixin.py:188} INFO - [2025-07-14T12:54:41.755+0000] {dagbag.py:538} INFO - Filling up the DagBag from /home/airflow/.local/lib/python3.8/site-packages/airflow/example_dags/example_local_kubernetes_executor.py
[2025-07-14T12:54:41.796+0000] {processor.py:840} INFO - DAG(s) 'example_local_kubernetes_executor' retrieved from /home/airflow/.local/lib/python3.8/site-packages/airflow/example_dags/example_local_kubernetes_executor.py
[2025-07-14T12:54:41.936+0000] {logging_mixin.py:188} INFO - [2025-07-14T12:54:41.936+0000] {dag.py:3036} INFO - Sync 1 DAGs
[2025-07-14T12:54:41.970+0000] {logging_mixin.py:188} INFO - [2025-07-14T12:54:41.969+0000] {dag.py:3823} INFO - Setting next_dagrun for example_local_kubernetes_executor to None, run_after=None
[2025-07-14T12:54:42.030+0000] {processor.py:183} INFO - Processing /home/airflow/.local/lib/python3.8/site-packages/airflow/example_dags/example_local_kubernetes_executor.py took 0.313 seconds
[2025-07-14T12:55:12.245+0000] {processor.py:161} INFO - Started process (PID=2621) to work on /home/airflow/.local/lib/python3.8/site-packages/airflow/example_dags/example_local_kubernetes_executor.py
[2025-07-14T12:55:12.247+0000] {processor.py:830} INFO - Processing file /home/airflow/.local/lib/python3.8/site-packages/airflow/example_dags/example_local_kubernetes_executor.py for tasks to queue
[2025-07-14T12:55:12.268+0000] {logging_mixin.py:188} INFO - [2025-07-14T12:55:12.258+0000] {dagbag.py:538} INFO - Filling up the DagBag from /home/airflow/.local/lib/python3.8/site-packages/airflow/example_dags/example_local_kubernetes_executor.py
[2025-07-14T12:55:12.353+0000] {processor.py:840} INFO - DAG(s) 'example_local_kubernetes_executor' retrieved from /home/airflow/.local/lib/python3.8/site-packages/airflow/example_dags/example_local_kubernetes_executor.py
[2025-07-14T12:55:12.676+0000] {logging_mixin.py:188} INFO - [2025-07-14T12:55:12.671+0000] {dag.py:3036} INFO - Sync 1 DAGs
[2025-07-14T12:55:12.812+0000] {logging_mixin.py:188} INFO - [2025-07-14T12:55:12.811+0000] {dag.py:3823} INFO - Setting next_dagrun for example_local_kubernetes_executor to None, run_after=None
[2025-07-14T12:55:12.970+0000] {processor.py:183} INFO - Processing /home/airflow/.local/lib/python3.8/site-packages/airflow/example_dags/example_local_kubernetes_executor.py took 0.732 seconds
[2025-07-14T12:55:43.781+0000] {processor.py:161} INFO - Started process (PID=2680) to work on /home/airflow/.local/lib/python3.8/site-packages/airflow/example_dags/example_local_kubernetes_executor.py
[2025-07-14T12:55:43.783+0000] {processor.py:830} INFO - Processing file /home/airflow/.local/lib/python3.8/site-packages/airflow/example_dags/example_local_kubernetes_executor.py for tasks to queue
[2025-07-14T12:55:43.791+0000] {logging_mixin.py:188} INFO - [2025-07-14T12:55:43.790+0000] {dagbag.py:538} INFO - Filling up the DagBag from /home/airflow/.local/lib/python3.8/site-packages/airflow/example_dags/example_local_kubernetes_executor.py
[2025-07-14T12:55:43.817+0000] {processor.py:840} INFO - DAG(s) 'example_local_kubernetes_executor' retrieved from /home/airflow/.local/lib/python3.8/site-packages/airflow/example_dags/example_local_kubernetes_executor.py
[2025-07-14T12:55:43.925+0000] {logging_mixin.py:188} INFO - [2025-07-14T12:55:43.924+0000] {dag.py:3036} INFO - Sync 1 DAGs
[2025-07-14T12:55:43.966+0000] {logging_mixin.py:188} INFO - [2025-07-14T12:55:43.965+0000] {dag.py:3823} INFO - Setting next_dagrun for example_local_kubernetes_executor to None, run_after=None
[2025-07-14T12:55:44.030+0000] {processor.py:183} INFO - Processing /home/airflow/.local/lib/python3.8/site-packages/airflow/example_dags/example_local_kubernetes_executor.py took 0.262 seconds
[2025-07-14T12:56:14.135+0000] {processor.py:161} INFO - Started process (PID=2739) to work on /home/airflow/.local/lib/python3.8/site-packages/airflow/example_dags/example_local_kubernetes_executor.py
[2025-07-14T12:56:14.136+0000] {processor.py:830} INFO - Processing file /home/airflow/.local/lib/python3.8/site-packages/airflow/example_dags/example_local_kubernetes_executor.py for tasks to queue
[2025-07-14T12:56:14.141+0000] {logging_mixin.py:188} INFO - [2025-07-14T12:56:14.141+0000] {dagbag.py:538} INFO - Filling up the DagBag from /home/airflow/.local/lib/python3.8/site-packages/airflow/example_dags/example_local_kubernetes_executor.py
[2025-07-14T12:56:14.158+0000] {processor.py:840} INFO - DAG(s) 'example_local_kubernetes_executor' retrieved from /home/airflow/.local/lib/python3.8/site-packages/airflow/example_dags/example_local_kubernetes_executor.py
[2025-07-14T12:56:14.234+0000] {logging_mixin.py:188} INFO - [2025-07-14T12:56:14.234+0000] {dag.py:3036} INFO - Sync 1 DAGs
[2025-07-14T12:56:14.257+0000] {logging_mixin.py:188} INFO - [2025-07-14T12:56:14.256+0000] {dag.py:3823} INFO - Setting next_dagrun for example_local_kubernetes_executor to None, run_after=None
[2025-07-14T12:56:14.291+0000] {processor.py:183} INFO - Processing /home/airflow/.local/lib/python3.8/site-packages/airflow/example_dags/example_local_kubernetes_executor.py took 0.167 seconds
[2025-07-14T12:56:44.925+0000] {processor.py:161} INFO - Started process (PID=2800) to work on /home/airflow/.local/lib/python3.8/site-packages/airflow/example_dags/example_local_kubernetes_executor.py
[2025-07-14T12:56:44.926+0000] {processor.py:830} INFO - Processing file /home/airflow/.local/lib/python3.8/site-packages/airflow/example_dags/example_local_kubernetes_executor.py for tasks to queue
[2025-07-14T12:56:44.930+0000] {logging_mixin.py:188} INFO - [2025-07-14T12:56:44.930+0000] {dagbag.py:538} INFO - Filling up the DagBag from /home/airflow/.local/lib/python3.8/site-packages/airflow/example_dags/example_local_kubernetes_executor.py
[2025-07-14T12:56:44.948+0000] {processor.py:840} INFO - DAG(s) 'example_local_kubernetes_executor' retrieved from /home/airflow/.local/lib/python3.8/site-packages/airflow/example_dags/example_local_kubernetes_executor.py
[2025-07-14T12:56:45.145+0000] {logging_mixin.py:188} INFO - [2025-07-14T12:56:45.145+0000] {dag.py:3036} INFO - Sync 1 DAGs
[2025-07-14T12:56:45.177+0000] {logging_mixin.py:188} INFO - [2025-07-14T12:56:45.177+0000] {dag.py:3823} INFO - Setting next_dagrun for example_local_kubernetes_executor to None, run_after=None
[2025-07-14T12:56:45.228+0000] {processor.py:183} INFO - Processing /home/airflow/.local/lib/python3.8/site-packages/airflow/example_dags/example_local_kubernetes_executor.py took 0.316 seconds
[2025-07-14T12:57:16.119+0000] {processor.py:161} INFO - Started process (PID=2861) to work on /home/airflow/.local/lib/python3.8/site-packages/airflow/example_dags/example_local_kubernetes_executor.py
[2025-07-14T12:57:16.121+0000] {processor.py:830} INFO - Processing file /home/airflow/.local/lib/python3.8/site-packages/airflow/example_dags/example_local_kubernetes_executor.py for tasks to queue
[2025-07-14T12:57:16.125+0000] {logging_mixin.py:188} INFO - [2025-07-14T12:57:16.124+0000] {dagbag.py:538} INFO - Filling up the DagBag from /home/airflow/.local/lib/python3.8/site-packages/airflow/example_dags/example_local_kubernetes_executor.py
[2025-07-14T12:57:16.140+0000] {processor.py:840} INFO - DAG(s) 'example_local_kubernetes_executor' retrieved from /home/airflow/.local/lib/python3.8/site-packages/airflow/example_dags/example_local_kubernetes_executor.py
[2025-07-14T12:57:16.209+0000] {logging_mixin.py:188} INFO - [2025-07-14T12:57:16.209+0000] {dag.py:3036} INFO - Sync 1 DAGs
[2025-07-14T12:57:16.241+0000] {logging_mixin.py:188} INFO - [2025-07-14T12:57:16.240+0000] {dag.py:3823} INFO - Setting next_dagrun for example_local_kubernetes_executor to None, run_after=None
[2025-07-14T12:57:16.285+0000] {processor.py:183} INFO - Processing /home/airflow/.local/lib/python3.8/site-packages/airflow/example_dags/example_local_kubernetes_executor.py took 0.174 seconds
[2025-07-14T12:57:46.771+0000] {processor.py:161} INFO - Started process (PID=2918) to work on /home/airflow/.local/lib/python3.8/site-packages/airflow/example_dags/example_local_kubernetes_executor.py
[2025-07-14T12:57:46.773+0000] {processor.py:830} INFO - Processing file /home/airflow/.local/lib/python3.8/site-packages/airflow/example_dags/example_local_kubernetes_executor.py for tasks to queue
[2025-07-14T12:57:46.776+0000] {logging_mixin.py:188} INFO - [2025-07-14T12:57:46.776+0000] {dagbag.py:538} INFO - Filling up the DagBag from /home/airflow/.local/lib/python3.8/site-packages/airflow/example_dags/example_local_kubernetes_executor.py
[2025-07-14T12:57:46.790+0000] {processor.py:840} INFO - DAG(s) 'example_local_kubernetes_executor' retrieved from /home/airflow/.local/lib/python3.8/site-packages/airflow/example_dags/example_local_kubernetes_executor.py
[2025-07-14T12:57:46.860+0000] {logging_mixin.py:188} INFO - [2025-07-14T12:57:46.859+0000] {dag.py:3036} INFO - Sync 1 DAGs
[2025-07-14T12:57:46.892+0000] {logging_mixin.py:188} INFO - [2025-07-14T12:57:46.892+0000] {dag.py:3823} INFO - Setting next_dagrun for example_local_kubernetes_executor to None, run_after=None
[2025-07-14T12:57:47.009+0000] {processor.py:183} INFO - Processing /home/airflow/.local/lib/python3.8/site-packages/airflow/example_dags/example_local_kubernetes_executor.py took 0.244 seconds
[2025-07-14T12:58:17.146+0000] {processor.py:161} INFO - Started process (PID=2976) to work on /home/airflow/.local/lib/python3.8/site-packages/airflow/example_dags/example_local_kubernetes_executor.py
[2025-07-14T12:58:17.147+0000] {processor.py:830} INFO - Processing file /home/airflow/.local/lib/python3.8/site-packages/airflow/example_dags/example_local_kubernetes_executor.py for tasks to queue
[2025-07-14T12:58:17.151+0000] {logging_mixin.py:188} INFO - [2025-07-14T12:58:17.151+0000] {dagbag.py:538} INFO - Filling up the DagBag from /home/airflow/.local/lib/python3.8/site-packages/airflow/example_dags/example_local_kubernetes_executor.py
[2025-07-14T12:58:17.164+0000] {processor.py:840} INFO - DAG(s) 'example_local_kubernetes_executor' retrieved from /home/airflow/.local/lib/python3.8/site-packages/airflow/example_dags/example_local_kubernetes_executor.py
[2025-07-14T12:58:17.471+0000] {logging_mixin.py:188} INFO - [2025-07-14T12:58:17.471+0000] {dag.py:3036} INFO - Sync 1 DAGs
[2025-07-14T12:58:17.552+0000] {logging_mixin.py:188} INFO - [2025-07-14T12:58:17.551+0000] {dag.py:3823} INFO - Setting next_dagrun for example_local_kubernetes_executor to None, run_after=None
[2025-07-14T12:58:17.592+0000] {processor.py:183} INFO - Processing /home/airflow/.local/lib/python3.8/site-packages/airflow/example_dags/example_local_kubernetes_executor.py took 0.452 seconds
[2025-07-14T12:58:48.022+0000] {processor.py:161} INFO - Started process (PID=3035) to work on /home/airflow/.local/lib/python3.8/site-packages/airflow/example_dags/example_local_kubernetes_executor.py
[2025-07-14T12:58:48.027+0000] {processor.py:830} INFO - Processing file /home/airflow/.local/lib/python3.8/site-packages/airflow/example_dags/example_local_kubernetes_executor.py for tasks to queue
[2025-07-14T12:58:48.032+0000] {logging_mixin.py:188} INFO - [2025-07-14T12:58:48.031+0000] {dagbag.py:538} INFO - Filling up the DagBag from /home/airflow/.local/lib/python3.8/site-packages/airflow/example_dags/example_local_kubernetes_executor.py
[2025-07-14T12:58:48.053+0000] {processor.py:840} INFO - DAG(s) 'example_local_kubernetes_executor' retrieved from /home/airflow/.local/lib/python3.8/site-packages/airflow/example_dags/example_local_kubernetes_executor.py
[2025-07-14T12:58:48.133+0000] {logging_mixin.py:188} INFO - [2025-07-14T12:58:48.133+0000] {dag.py:3036} INFO - Sync 1 DAGs
[2025-07-14T12:58:48.427+0000] {logging_mixin.py:188} INFO - [2025-07-14T12:58:48.427+0000] {dag.py:3823} INFO - Setting next_dagrun for example_local_kubernetes_executor to None, run_after=None
[2025-07-14T12:58:48.477+0000] {processor.py:183} INFO - Processing /home/airflow/.local/lib/python3.8/site-packages/airflow/example_dags/example_local_kubernetes_executor.py took 0.466 seconds
[2025-07-14T12:59:19.318+0000] {processor.py:161} INFO - Started process (PID=3095) to work on /home/airflow/.local/lib/python3.8/site-packages/airflow/example_dags/example_local_kubernetes_executor.py
[2025-07-14T12:59:19.320+0000] {processor.py:830} INFO - Processing file /home/airflow/.local/lib/python3.8/site-packages/airflow/example_dags/example_local_kubernetes_executor.py for tasks to queue
[2025-07-14T12:59:19.324+0000] {logging_mixin.py:188} INFO - [2025-07-14T12:59:19.323+0000] {dagbag.py:538} INFO - Filling up the DagBag from /home/airflow/.local/lib/python3.8/site-packages/airflow/example_dags/example_local_kubernetes_executor.py
[2025-07-14T12:59:19.341+0000] {processor.py:840} INFO - DAG(s) 'example_local_kubernetes_executor' retrieved from /home/airflow/.local/lib/python3.8/site-packages/airflow/example_dags/example_local_kubernetes_executor.py
[2025-07-14T12:59:19.411+0000] {logging_mixin.py:188} INFO - [2025-07-14T12:59:19.411+0000] {dag.py:3036} INFO - Sync 1 DAGs
[2025-07-14T12:59:19.442+0000] {logging_mixin.py:188} INFO - [2025-07-14T12:59:19.440+0000] {dag.py:3823} INFO - Setting next_dagrun for example_local_kubernetes_executor to None, run_after=None
[2025-07-14T12:59:19.485+0000] {processor.py:183} INFO - Processing /home/airflow/.local/lib/python3.8/site-packages/airflow/example_dags/example_local_kubernetes_executor.py took 0.172 seconds
[2025-07-14T12:59:49.658+0000] {processor.py:161} INFO - Started process (PID=3155) to work on /home/airflow/.local/lib/python3.8/site-packages/airflow/example_dags/example_local_kubernetes_executor.py
[2025-07-14T12:59:49.660+0000] {processor.py:830} INFO - Processing file /home/airflow/.local/lib/python3.8/site-packages/airflow/example_dags/example_local_kubernetes_executor.py for tasks to queue
[2025-07-14T12:59:49.664+0000] {logging_mixin.py:188} INFO - [2025-07-14T12:59:49.664+0000] {dagbag.py:538} INFO - Filling up the DagBag from /home/airflow/.local/lib/python3.8/site-packages/airflow/example_dags/example_local_kubernetes_executor.py
[2025-07-14T12:59:49.692+0000] {processor.py:840} INFO - DAG(s) 'example_local_kubernetes_executor' retrieved from /home/airflow/.local/lib/python3.8/site-packages/airflow/example_dags/example_local_kubernetes_executor.py
[2025-07-14T12:59:49.754+0000] {logging_mixin.py:188} INFO - [2025-07-14T12:59:49.753+0000] {dag.py:3036} INFO - Sync 1 DAGs
[2025-07-14T12:59:49.776+0000] {logging_mixin.py:188} INFO - [2025-07-14T12:59:49.775+0000] {dag.py:3823} INFO - Setting next_dagrun for example_local_kubernetes_executor to None, run_after=None
[2025-07-14T12:59:49.809+0000] {processor.py:183} INFO - Processing /home/airflow/.local/lib/python3.8/site-packages/airflow/example_dags/example_local_kubernetes_executor.py took 0.161 seconds
[2025-07-14T13:00:20.304+0000] {processor.py:161} INFO - Started process (PID=3215) to work on /home/airflow/.local/lib/python3.8/site-packages/airflow/example_dags/example_local_kubernetes_executor.py
[2025-07-14T13:00:20.309+0000] {processor.py:830} INFO - Processing file /home/airflow/.local/lib/python3.8/site-packages/airflow/example_dags/example_local_kubernetes_executor.py for tasks to queue
[2025-07-14T13:00:20.313+0000] {logging_mixin.py:188} INFO - [2025-07-14T13:00:20.312+0000] {dagbag.py:538} INFO - Filling up the DagBag from /home/airflow/.local/lib/python3.8/site-packages/airflow/example_dags/example_local_kubernetes_executor.py
[2025-07-14T13:00:20.326+0000] {processor.py:840} INFO - DAG(s) 'example_local_kubernetes_executor' retrieved from /home/airflow/.local/lib/python3.8/site-packages/airflow/example_dags/example_local_kubernetes_executor.py
[2025-07-14T13:00:20.403+0000] {logging_mixin.py:188} INFO - [2025-07-14T13:00:20.403+0000] {dag.py:3036} INFO - Sync 1 DAGs
[2025-07-14T13:00:20.428+0000] {logging_mixin.py:188} INFO - [2025-07-14T13:00:20.427+0000] {dag.py:3823} INFO - Setting next_dagrun for example_local_kubernetes_executor to None, run_after=None
[2025-07-14T13:00:20.475+0000] {processor.py:183} INFO - Processing /home/airflow/.local/lib/python3.8/site-packages/airflow/example_dags/example_local_kubernetes_executor.py took 0.178 seconds
[2025-07-14T13:00:50.540+0000] {processor.py:161} INFO - Started process (PID=3275) to work on /home/airflow/.local/lib/python3.8/site-packages/airflow/example_dags/example_local_kubernetes_executor.py
[2025-07-14T13:00:50.542+0000] {processor.py:830} INFO - Processing file /home/airflow/.local/lib/python3.8/site-packages/airflow/example_dags/example_local_kubernetes_executor.py for tasks to queue
[2025-07-14T13:00:50.547+0000] {logging_mixin.py:188} INFO - [2025-07-14T13:00:50.546+0000] {dagbag.py:538} INFO - Filling up the DagBag from /home/airflow/.local/lib/python3.8/site-packages/airflow/example_dags/example_local_kubernetes_executor.py
[2025-07-14T13:00:50.565+0000] {processor.py:840} INFO - DAG(s) 'example_local_kubernetes_executor' retrieved from /home/airflow/.local/lib/python3.8/site-packages/airflow/example_dags/example_local_kubernetes_executor.py
[2025-07-14T13:00:50.633+0000] {logging_mixin.py:188} INFO - [2025-07-14T13:00:50.633+0000] {dag.py:3036} INFO - Sync 1 DAGs
[2025-07-14T13:00:50.664+0000] {logging_mixin.py:188} INFO - [2025-07-14T13:00:50.663+0000] {dag.py:3823} INFO - Setting next_dagrun for example_local_kubernetes_executor to None, run_after=None
[2025-07-14T13:00:50.709+0000] {processor.py:183} INFO - Processing /home/airflow/.local/lib/python3.8/site-packages/airflow/example_dags/example_local_kubernetes_executor.py took 0.174 seconds
[2025-07-14T13:01:20.916+0000] {processor.py:161} INFO - Started process (PID=3335) to work on /home/airflow/.local/lib/python3.8/site-packages/airflow/example_dags/example_local_kubernetes_executor.py
[2025-07-14T13:01:20.919+0000] {processor.py:830} INFO - Processing file /home/airflow/.local/lib/python3.8/site-packages/airflow/example_dags/example_local_kubernetes_executor.py for tasks to queue
[2025-07-14T13:01:20.923+0000] {logging_mixin.py:188} INFO - [2025-07-14T13:01:20.922+0000] {dagbag.py:538} INFO - Filling up the DagBag from /home/airflow/.local/lib/python3.8/site-packages/airflow/example_dags/example_local_kubernetes_executor.py
[2025-07-14T13:01:20.937+0000] {processor.py:840} INFO - DAG(s) 'example_local_kubernetes_executor' retrieved from /home/airflow/.local/lib/python3.8/site-packages/airflow/example_dags/example_local_kubernetes_executor.py
[2025-07-14T13:01:21.022+0000] {logging_mixin.py:188} INFO - [2025-07-14T13:01:21.021+0000] {dag.py:3036} INFO - Sync 1 DAGs
[2025-07-14T13:01:21.047+0000] {logging_mixin.py:188} INFO - [2025-07-14T13:01:21.047+0000] {dag.py:3823} INFO - Setting next_dagrun for example_local_kubernetes_executor to None, run_after=None
[2025-07-14T13:01:21.094+0000] {processor.py:183} INFO - Processing /home/airflow/.local/lib/python3.8/site-packages/airflow/example_dags/example_local_kubernetes_executor.py took 0.184 seconds
[2025-07-14T13:01:51.837+0000] {processor.py:161} INFO - Started process (PID=3401) to work on /home/airflow/.local/lib/python3.8/site-packages/airflow/example_dags/example_local_kubernetes_executor.py
[2025-07-14T13:01:51.840+0000] {processor.py:830} INFO - Processing file /home/airflow/.local/lib/python3.8/site-packages/airflow/example_dags/example_local_kubernetes_executor.py for tasks to queue
[2025-07-14T13:01:51.844+0000] {logging_mixin.py:188} INFO - [2025-07-14T13:01:51.843+0000] {dagbag.py:538} INFO - Filling up the DagBag from /home/airflow/.local/lib/python3.8/site-packages/airflow/example_dags/example_local_kubernetes_executor.py
[2025-07-14T13:01:51.859+0000] {processor.py:840} INFO - DAG(s) 'example_local_kubernetes_executor' retrieved from /home/airflow/.local/lib/python3.8/site-packages/airflow/example_dags/example_local_kubernetes_executor.py
[2025-07-14T13:01:51.934+0000] {logging_mixin.py:188} INFO - [2025-07-14T13:01:51.934+0000] {dag.py:3036} INFO - Sync 1 DAGs
[2025-07-14T13:01:51.960+0000] {logging_mixin.py:188} INFO - [2025-07-14T13:01:51.960+0000] {dag.py:3823} INFO - Setting next_dagrun for example_local_kubernetes_executor to None, run_after=None
[2025-07-14T13:01:52.006+0000] {processor.py:183} INFO - Processing /home/airflow/.local/lib/python3.8/site-packages/airflow/example_dags/example_local_kubernetes_executor.py took 0.174 seconds
[2025-07-14T13:02:22.749+0000] {processor.py:161} INFO - Started process (PID=3461) to work on /home/airflow/.local/lib/python3.8/site-packages/airflow/example_dags/example_local_kubernetes_executor.py
[2025-07-14T13:02:22.752+0000] {processor.py:830} INFO - Processing file /home/airflow/.local/lib/python3.8/site-packages/airflow/example_dags/example_local_kubernetes_executor.py for tasks to queue
[2025-07-14T13:02:22.762+0000] {logging_mixin.py:188} INFO - [2025-07-14T13:02:22.761+0000] {dagbag.py:538} INFO - Filling up the DagBag from /home/airflow/.local/lib/python3.8/site-packages/airflow/example_dags/example_local_kubernetes_executor.py
[2025-07-14T13:02:22.779+0000] {processor.py:840} INFO - DAG(s) 'example_local_kubernetes_executor' retrieved from /home/airflow/.local/lib/python3.8/site-packages/airflow/example_dags/example_local_kubernetes_executor.py
[2025-07-14T13:02:22.868+0000] {logging_mixin.py:188} INFO - [2025-07-14T13:02:22.868+0000] {dag.py:3036} INFO - Sync 1 DAGs
[2025-07-14T13:02:22.895+0000] {logging_mixin.py:188} INFO - [2025-07-14T13:02:22.895+0000] {dag.py:3823} INFO - Setting next_dagrun for example_local_kubernetes_executor to None, run_after=None
[2025-07-14T13:02:22.953+0000] {processor.py:183} INFO - Processing /home/airflow/.local/lib/python3.8/site-packages/airflow/example_dags/example_local_kubernetes_executor.py took 0.210 seconds
[2025-07-14T13:02:53.150+0000] {processor.py:161} INFO - Started process (PID=3521) to work on /home/airflow/.local/lib/python3.8/site-packages/airflow/example_dags/example_local_kubernetes_executor.py
[2025-07-14T13:02:53.152+0000] {processor.py:830} INFO - Processing file /home/airflow/.local/lib/python3.8/site-packages/airflow/example_dags/example_local_kubernetes_executor.py for tasks to queue
[2025-07-14T13:02:53.156+0000] {logging_mixin.py:188} INFO - [2025-07-14T13:02:53.156+0000] {dagbag.py:538} INFO - Filling up the DagBag from /home/airflow/.local/lib/python3.8/site-packages/airflow/example_dags/example_local_kubernetes_executor.py
[2025-07-14T13:02:53.169+0000] {processor.py:840} INFO - DAG(s) 'example_local_kubernetes_executor' retrieved from /home/airflow/.local/lib/python3.8/site-packages/airflow/example_dags/example_local_kubernetes_executor.py
[2025-07-14T13:02:53.239+0000] {logging_mixin.py:188} INFO - [2025-07-14T13:02:53.239+0000] {dag.py:3036} INFO - Sync 1 DAGs
[2025-07-14T13:02:53.264+0000] {logging_mixin.py:188} INFO - [2025-07-14T13:02:53.263+0000] {dag.py:3823} INFO - Setting next_dagrun for example_local_kubernetes_executor to None, run_after=None
[2025-07-14T13:02:53.306+0000] {processor.py:183} INFO - Processing /home/airflow/.local/lib/python3.8/site-packages/airflow/example_dags/example_local_kubernetes_executor.py took 0.162 seconds
[2025-07-14T13:03:23.382+0000] {processor.py:161} INFO - Started process (PID=3581) to work on /home/airflow/.local/lib/python3.8/site-packages/airflow/example_dags/example_local_kubernetes_executor.py
[2025-07-14T13:03:23.385+0000] {processor.py:830} INFO - Processing file /home/airflow/.local/lib/python3.8/site-packages/airflow/example_dags/example_local_kubernetes_executor.py for tasks to queue
[2025-07-14T13:03:23.395+0000] {logging_mixin.py:188} INFO - [2025-07-14T13:03:23.394+0000] {dagbag.py:538} INFO - Filling up the DagBag from /home/airflow/.local/lib/python3.8/site-packages/airflow/example_dags/example_local_kubernetes_executor.py
[2025-07-14T13:03:23.419+0000] {processor.py:840} INFO - DAG(s) 'example_local_kubernetes_executor' retrieved from /home/airflow/.local/lib/python3.8/site-packages/airflow/example_dags/example_local_kubernetes_executor.py
[2025-07-14T13:03:23.526+0000] {logging_mixin.py:188} INFO - [2025-07-14T13:03:23.526+0000] {dag.py:3036} INFO - Sync 1 DAGs
[2025-07-14T13:03:23.554+0000] {logging_mixin.py:188} INFO - [2025-07-14T13:03:23.554+0000] {dag.py:3823} INFO - Setting next_dagrun for example_local_kubernetes_executor to None, run_after=None
[2025-07-14T13:03:23.602+0000] {processor.py:183} INFO - Processing /home/airflow/.local/lib/python3.8/site-packages/airflow/example_dags/example_local_kubernetes_executor.py took 0.228 seconds
[2025-07-14T13:03:53.752+0000] {processor.py:161} INFO - Started process (PID=3641) to work on /home/airflow/.local/lib/python3.8/site-packages/airflow/example_dags/example_local_kubernetes_executor.py
[2025-07-14T13:03:53.755+0000] {processor.py:830} INFO - Processing file /home/airflow/.local/lib/python3.8/site-packages/airflow/example_dags/example_local_kubernetes_executor.py for tasks to queue
[2025-07-14T13:03:53.759+0000] {logging_mixin.py:188} INFO - [2025-07-14T13:03:53.758+0000] {dagbag.py:538} INFO - Filling up the DagBag from /home/airflow/.local/lib/python3.8/site-packages/airflow/example_dags/example_local_kubernetes_executor.py
[2025-07-14T13:03:53.783+0000] {processor.py:840} INFO - DAG(s) 'example_local_kubernetes_executor' retrieved from /home/airflow/.local/lib/python3.8/site-packages/airflow/example_dags/example_local_kubernetes_executor.py
[2025-07-14T13:03:53.878+0000] {logging_mixin.py:188} INFO - [2025-07-14T13:03:53.877+0000] {dag.py:3036} INFO - Sync 1 DAGs
[2025-07-14T13:03:53.903+0000] {logging_mixin.py:188} INFO - [2025-07-14T13:03:53.902+0000] {dag.py:3823} INFO - Setting next_dagrun for example_local_kubernetes_executor to None, run_after=None
[2025-07-14T13:03:53.949+0000] {processor.py:183} INFO - Processing /home/airflow/.local/lib/python3.8/site-packages/airflow/example_dags/example_local_kubernetes_executor.py took 0.206 seconds
[2025-07-14T13:04:24.915+0000] {processor.py:161} INFO - Started process (PID=3701) to work on /home/airflow/.local/lib/python3.8/site-packages/airflow/example_dags/example_local_kubernetes_executor.py
[2025-07-14T13:04:24.917+0000] {processor.py:830} INFO - Processing file /home/airflow/.local/lib/python3.8/site-packages/airflow/example_dags/example_local_kubernetes_executor.py for tasks to queue
[2025-07-14T13:04:24.920+0000] {logging_mixin.py:188} INFO - [2025-07-14T13:04:24.920+0000] {dagbag.py:538} INFO - Filling up the DagBag from /home/airflow/.local/lib/python3.8/site-packages/airflow/example_dags/example_local_kubernetes_executor.py
[2025-07-14T13:04:24.946+0000] {processor.py:840} INFO - DAG(s) 'example_local_kubernetes_executor' retrieved from /home/airflow/.local/lib/python3.8/site-packages/airflow/example_dags/example_local_kubernetes_executor.py
[2025-07-14T13:04:25.021+0000] {logging_mixin.py:188} INFO - [2025-07-14T13:04:25.021+0000] {dag.py:3036} INFO - Sync 1 DAGs
[2025-07-14T13:04:25.050+0000] {logging_mixin.py:188} INFO - [2025-07-14T13:04:25.049+0000] {dag.py:3823} INFO - Setting next_dagrun for example_local_kubernetes_executor to None, run_after=None
[2025-07-14T13:04:25.096+0000] {processor.py:183} INFO - Processing /home/airflow/.local/lib/python3.8/site-packages/airflow/example_dags/example_local_kubernetes_executor.py took 0.196 seconds
[2025-07-14T13:04:55.545+0000] {processor.py:161} INFO - Started process (PID=3757) to work on /home/airflow/.local/lib/python3.8/site-packages/airflow/example_dags/example_local_kubernetes_executor.py
[2025-07-14T13:04:55.547+0000] {processor.py:830} INFO - Processing file /home/airflow/.local/lib/python3.8/site-packages/airflow/example_dags/example_local_kubernetes_executor.py for tasks to queue
[2025-07-14T13:04:55.552+0000] {logging_mixin.py:188} INFO - [2025-07-14T13:04:55.551+0000] {dagbag.py:538} INFO - Filling up the DagBag from /home/airflow/.local/lib/python3.8/site-packages/airflow/example_dags/example_local_kubernetes_executor.py
[2025-07-14T13:04:55.566+0000] {processor.py:840} INFO - DAG(s) 'example_local_kubernetes_executor' retrieved from /home/airflow/.local/lib/python3.8/site-packages/airflow/example_dags/example_local_kubernetes_executor.py
[2025-07-14T13:04:55.656+0000] {logging_mixin.py:188} INFO - [2025-07-14T13:04:55.656+0000] {dag.py:3036} INFO - Sync 1 DAGs
[2025-07-14T13:04:55.691+0000] {logging_mixin.py:188} INFO - [2025-07-14T13:04:55.691+0000] {dag.py:3823} INFO - Setting next_dagrun for example_local_kubernetes_executor to None, run_after=None
[2025-07-14T13:04:55.750+0000] {processor.py:183} INFO - Processing /home/airflow/.local/lib/python3.8/site-packages/airflow/example_dags/example_local_kubernetes_executor.py took 0.209 seconds
[2025-07-14T13:05:26.150+0000] {processor.py:161} INFO - Started process (PID=3815) to work on /home/airflow/.local/lib/python3.8/site-packages/airflow/example_dags/example_local_kubernetes_executor.py
[2025-07-14T13:05:26.155+0000] {processor.py:830} INFO - Processing file /home/airflow/.local/lib/python3.8/site-packages/airflow/example_dags/example_local_kubernetes_executor.py for tasks to queue
[2025-07-14T13:05:26.166+0000] {logging_mixin.py:188} INFO - [2025-07-14T13:05:26.166+0000] {dagbag.py:538} INFO - Filling up the DagBag from /home/airflow/.local/lib/python3.8/site-packages/airflow/example_dags/example_local_kubernetes_executor.py
[2025-07-14T13:05:26.185+0000] {processor.py:840} INFO - DAG(s) 'example_local_kubernetes_executor' retrieved from /home/airflow/.local/lib/python3.8/site-packages/airflow/example_dags/example_local_kubernetes_executor.py
[2025-07-14T13:05:26.358+0000] {logging_mixin.py:188} INFO - [2025-07-14T13:05:26.358+0000] {dag.py:3036} INFO - Sync 1 DAGs
[2025-07-14T13:05:26.388+0000] {logging_mixin.py:188} INFO - [2025-07-14T13:05:26.388+0000] {dag.py:3823} INFO - Setting next_dagrun for example_local_kubernetes_executor to None, run_after=None
[2025-07-14T13:05:26.467+0000] {processor.py:183} INFO - Processing /home/airflow/.local/lib/python3.8/site-packages/airflow/example_dags/example_local_kubernetes_executor.py took 0.325 seconds
[2025-07-14T13:05:57.187+0000] {processor.py:161} INFO - Started process (PID=3876) to work on /home/airflow/.local/lib/python3.8/site-packages/airflow/example_dags/example_local_kubernetes_executor.py
[2025-07-14T13:05:57.188+0000] {processor.py:830} INFO - Processing file /home/airflow/.local/lib/python3.8/site-packages/airflow/example_dags/example_local_kubernetes_executor.py for tasks to queue
[2025-07-14T13:05:57.192+0000] {logging_mixin.py:188} INFO - [2025-07-14T13:05:57.191+0000] {dagbag.py:538} INFO - Filling up the DagBag from /home/airflow/.local/lib/python3.8/site-packages/airflow/example_dags/example_local_kubernetes_executor.py
[2025-07-14T13:05:57.227+0000] {processor.py:840} INFO - DAG(s) 'example_local_kubernetes_executor' retrieved from /home/airflow/.local/lib/python3.8/site-packages/airflow/example_dags/example_local_kubernetes_executor.py
[2025-07-14T13:05:57.357+0000] {logging_mixin.py:188} INFO - [2025-07-14T13:05:57.357+0000] {dag.py:3036} INFO - Sync 1 DAGs
[2025-07-14T13:05:57.401+0000] {logging_mixin.py:188} INFO - [2025-07-14T13:05:57.400+0000] {dag.py:3823} INFO - Setting next_dagrun for example_local_kubernetes_executor to None, run_after=None
[2025-07-14T13:05:57.493+0000] {processor.py:183} INFO - Processing /home/airflow/.local/lib/python3.8/site-packages/airflow/example_dags/example_local_kubernetes_executor.py took 0.321 seconds
