[2025-07-14T12:33:35.731+0000] {processor.py:161} INFO - Started process (PID=97) to work on /home/airflow/.local/lib/python3.8/site-packages/airflow/example_dags/example_xcom.py
[2025-07-14T12:33:35.736+0000] {processor.py:830} INFO - Processing file /home/airflow/.local/lib/python3.8/site-packages/airflow/example_dags/example_xcom.py for tasks to queue
[2025-07-14T12:33:35.742+0000] {logging_mixin.py:188} INFO - [2025-07-14T12:33:35.741+0000] {dagbag.py:538} INFO - Filling up the DagBag from /home/airflow/.local/lib/python3.8/site-packages/airflow/example_dags/example_xcom.py
[2025-07-14T12:33:35.785+0000] {processor.py:840} INFO - DAG(s) 'example_xcom' retrieved from /home/airflow/.local/lib/python3.8/site-packages/airflow/example_dags/example_xcom.py
[2025-07-14T12:33:35.873+0000] {logging_mixin.py:188} INFO - [2025-07-14T12:33:35.872+0000] {dag.py:3036} INFO - Sync 1 DAGs
[2025-07-14T12:33:35.941+0000] {logging_mixin.py:188} INFO - [2025-07-14T12:33:35.941+0000] {dag.py:3823} INFO - Setting next_dagrun for example_xcom to 2021-01-01 00:00:00+00:00, run_after=2021-01-01 00:00:00+00:00
[2025-07-14T12:33:36.009+0000] {processor.py:183} INFO - Processing /home/airflow/.local/lib/python3.8/site-packages/airflow/example_dags/example_xcom.py took 0.289 seconds
[2025-07-14T12:34:06.526+0000] {processor.py:161} INFO - Started process (PID=157) to work on /home/airflow/.local/lib/python3.8/site-packages/airflow/example_dags/example_xcom.py
[2025-07-14T12:34:06.529+0000] {processor.py:830} INFO - Processing file /home/airflow/.local/lib/python3.8/site-packages/airflow/example_dags/example_xcom.py for tasks to queue
[2025-07-14T12:34:06.534+0000] {logging_mixin.py:188} INFO - [2025-07-14T12:34:06.534+0000] {dagbag.py:538} INFO - Filling up the DagBag from /home/airflow/.local/lib/python3.8/site-packages/airflow/example_dags/example_xcom.py
[2025-07-14T12:34:06.548+0000] {processor.py:840} INFO - DAG(s) 'example_xcom' retrieved from /home/airflow/.local/lib/python3.8/site-packages/airflow/example_dags/example_xcom.py
[2025-07-14T12:34:06.589+0000] {logging_mixin.py:188} INFO - [2025-07-14T12:34:06.589+0000] {dag.py:3036} INFO - Sync 1 DAGs
[2025-07-14T12:34:06.634+0000] {logging_mixin.py:188} INFO - [2025-07-14T12:34:06.633+0000] {dag.py:3823} INFO - Setting next_dagrun for example_xcom to 2021-01-01 00:00:00+00:00, run_after=2021-01-01 00:00:00+00:00
[2025-07-14T12:34:06.700+0000] {processor.py:183} INFO - Processing /home/airflow/.local/lib/python3.8/site-packages/airflow/example_dags/example_xcom.py took 0.179 seconds
[2025-07-14T12:34:37.701+0000] {processor.py:161} INFO - Started process (PID=218) to work on /home/airflow/.local/lib/python3.8/site-packages/airflow/example_dags/example_xcom.py
[2025-07-14T12:34:37.703+0000] {processor.py:830} INFO - Processing file /home/airflow/.local/lib/python3.8/site-packages/airflow/example_dags/example_xcom.py for tasks to queue
[2025-07-14T12:34:37.709+0000] {logging_mixin.py:188} INFO - [2025-07-14T12:34:37.708+0000] {dagbag.py:538} INFO - Filling up the DagBag from /home/airflow/.local/lib/python3.8/site-packages/airflow/example_dags/example_xcom.py
[2025-07-14T12:34:37.737+0000] {processor.py:840} INFO - DAG(s) 'example_xcom' retrieved from /home/airflow/.local/lib/python3.8/site-packages/airflow/example_dags/example_xcom.py
[2025-07-14T12:34:37.791+0000] {logging_mixin.py:188} INFO - [2025-07-14T12:34:37.790+0000] {dag.py:3036} INFO - Sync 1 DAGs
[2025-07-14T12:34:37.865+0000] {logging_mixin.py:188} INFO - [2025-07-14T12:34:37.865+0000] {dag.py:3823} INFO - Setting next_dagrun for example_xcom to 2021-01-01 00:00:00+00:00, run_after=2021-01-01 00:00:00+00:00
[2025-07-14T12:34:37.912+0000] {processor.py:183} INFO - Processing /home/airflow/.local/lib/python3.8/site-packages/airflow/example_dags/example_xcom.py took 0.218 seconds
[2025-07-14T12:35:08.421+0000] {processor.py:161} INFO - Started process (PID=278) to work on /home/airflow/.local/lib/python3.8/site-packages/airflow/example_dags/example_xcom.py
[2025-07-14T12:35:08.449+0000] {processor.py:830} INFO - Processing file /home/airflow/.local/lib/python3.8/site-packages/airflow/example_dags/example_xcom.py for tasks to queue
[2025-07-14T12:35:08.453+0000] {logging_mixin.py:188} INFO - [2025-07-14T12:35:08.452+0000] {dagbag.py:538} INFO - Filling up the DagBag from /home/airflow/.local/lib/python3.8/site-packages/airflow/example_dags/example_xcom.py
[2025-07-14T12:35:08.468+0000] {processor.py:840} INFO - DAG(s) 'example_xcom' retrieved from /home/airflow/.local/lib/python3.8/site-packages/airflow/example_dags/example_xcom.py
[2025-07-14T12:35:08.513+0000] {logging_mixin.py:188} INFO - [2025-07-14T12:35:08.513+0000] {dag.py:3036} INFO - Sync 1 DAGs
[2025-07-14T12:35:08.568+0000] {logging_mixin.py:188} INFO - [2025-07-14T12:35:08.568+0000] {dag.py:3823} INFO - Setting next_dagrun for example_xcom to 2021-01-01 00:00:00+00:00, run_after=2021-01-01 00:00:00+00:00
[2025-07-14T12:35:08.651+0000] {processor.py:183} INFO - Processing /home/airflow/.local/lib/python3.8/site-packages/airflow/example_dags/example_xcom.py took 0.236 seconds
[2025-07-14T12:35:38.947+0000] {processor.py:161} INFO - Started process (PID=337) to work on /home/airflow/.local/lib/python3.8/site-packages/airflow/example_dags/example_xcom.py
[2025-07-14T12:35:38.949+0000] {processor.py:830} INFO - Processing file /home/airflow/.local/lib/python3.8/site-packages/airflow/example_dags/example_xcom.py for tasks to queue
[2025-07-14T12:35:38.953+0000] {logging_mixin.py:188} INFO - [2025-07-14T12:35:38.952+0000] {dagbag.py:538} INFO - Filling up the DagBag from /home/airflow/.local/lib/python3.8/site-packages/airflow/example_dags/example_xcom.py
[2025-07-14T12:35:38.971+0000] {processor.py:840} INFO - DAG(s) 'example_xcom' retrieved from /home/airflow/.local/lib/python3.8/site-packages/airflow/example_dags/example_xcom.py
[2025-07-14T12:35:39.020+0000] {logging_mixin.py:188} INFO - [2025-07-14T12:35:39.019+0000] {dag.py:3036} INFO - Sync 1 DAGs
[2025-07-14T12:35:39.055+0000] {logging_mixin.py:188} INFO - [2025-07-14T12:35:39.055+0000] {dag.py:3823} INFO - Setting next_dagrun for example_xcom to 2021-01-01 00:00:00+00:00, run_after=2021-01-01 00:00:00+00:00
[2025-07-14T12:35:39.098+0000] {processor.py:183} INFO - Processing /home/airflow/.local/lib/python3.8/site-packages/airflow/example_dags/example_xcom.py took 0.161 seconds
[2025-07-14T12:36:10.491+0000] {processor.py:161} INFO - Started process (PID=396) to work on /home/airflow/.local/lib/python3.8/site-packages/airflow/example_dags/example_xcom.py
[2025-07-14T12:36:10.500+0000] {processor.py:830} INFO - Processing file /home/airflow/.local/lib/python3.8/site-packages/airflow/example_dags/example_xcom.py for tasks to queue
[2025-07-14T12:36:10.504+0000] {logging_mixin.py:188} INFO - [2025-07-14T12:36:10.503+0000] {dagbag.py:538} INFO - Filling up the DagBag from /home/airflow/.local/lib/python3.8/site-packages/airflow/example_dags/example_xcom.py
[2025-07-14T12:36:10.531+0000] {processor.py:840} INFO - DAG(s) 'example_xcom' retrieved from /home/airflow/.local/lib/python3.8/site-packages/airflow/example_dags/example_xcom.py
[2025-07-14T12:36:10.603+0000] {logging_mixin.py:188} INFO - [2025-07-14T12:36:10.602+0000] {dag.py:3036} INFO - Sync 1 DAGs
[2025-07-14T12:36:10.657+0000] {logging_mixin.py:188} INFO - [2025-07-14T12:36:10.656+0000] {dag.py:3823} INFO - Setting next_dagrun for example_xcom to 2021-01-01 00:00:00+00:00, run_after=2021-01-01 00:00:00+00:00
[2025-07-14T12:36:10.700+0000] {processor.py:183} INFO - Processing /home/airflow/.local/lib/python3.8/site-packages/airflow/example_dags/example_xcom.py took 0.216 seconds
[2025-07-14T12:36:40.900+0000] {processor.py:161} INFO - Started process (PID=456) to work on /home/airflow/.local/lib/python3.8/site-packages/airflow/example_dags/example_xcom.py
[2025-07-14T12:36:40.902+0000] {processor.py:830} INFO - Processing file /home/airflow/.local/lib/python3.8/site-packages/airflow/example_dags/example_xcom.py for tasks to queue
[2025-07-14T12:36:40.906+0000] {logging_mixin.py:188} INFO - [2025-07-14T12:36:40.905+0000] {dagbag.py:538} INFO - Filling up the DagBag from /home/airflow/.local/lib/python3.8/site-packages/airflow/example_dags/example_xcom.py
[2025-07-14T12:36:40.920+0000] {processor.py:840} INFO - DAG(s) 'example_xcom' retrieved from /home/airflow/.local/lib/python3.8/site-packages/airflow/example_dags/example_xcom.py
[2025-07-14T12:36:40.974+0000] {logging_mixin.py:188} INFO - [2025-07-14T12:36:40.974+0000] {dag.py:3036} INFO - Sync 1 DAGs
[2025-07-14T12:36:41.030+0000] {logging_mixin.py:188} INFO - [2025-07-14T12:36:41.030+0000] {dag.py:3823} INFO - Setting next_dagrun for example_xcom to 2021-01-01 00:00:00+00:00, run_after=2021-01-01 00:00:00+00:00
[2025-07-14T12:36:41.084+0000] {processor.py:183} INFO - Processing /home/airflow/.local/lib/python3.8/site-packages/airflow/example_dags/example_xcom.py took 0.191 seconds
[2025-07-14T12:37:12.065+0000] {processor.py:161} INFO - Started process (PID=516) to work on /home/airflow/.local/lib/python3.8/site-packages/airflow/example_dags/example_xcom.py
[2025-07-14T12:37:12.068+0000] {processor.py:830} INFO - Processing file /home/airflow/.local/lib/python3.8/site-packages/airflow/example_dags/example_xcom.py for tasks to queue
[2025-07-14T12:37:12.074+0000] {logging_mixin.py:188} INFO - [2025-07-14T12:37:12.074+0000] {dagbag.py:538} INFO - Filling up the DagBag from /home/airflow/.local/lib/python3.8/site-packages/airflow/example_dags/example_xcom.py
[2025-07-14T12:37:12.096+0000] {processor.py:840} INFO - DAG(s) 'example_xcom' retrieved from /home/airflow/.local/lib/python3.8/site-packages/airflow/example_dags/example_xcom.py
[2025-07-14T12:37:12.148+0000] {logging_mixin.py:188} INFO - [2025-07-14T12:37:12.148+0000] {dag.py:3036} INFO - Sync 1 DAGs
[2025-07-14T12:37:12.191+0000] {logging_mixin.py:188} INFO - [2025-07-14T12:37:12.190+0000] {dag.py:3823} INFO - Setting next_dagrun for example_xcom to 2021-01-01 00:00:00+00:00, run_after=2021-01-01 00:00:00+00:00
[2025-07-14T12:37:12.231+0000] {processor.py:183} INFO - Processing /home/airflow/.local/lib/python3.8/site-packages/airflow/example_dags/example_xcom.py took 0.171 seconds
[2025-07-14T12:37:42.591+0000] {processor.py:161} INFO - Started process (PID=576) to work on /home/airflow/.local/lib/python3.8/site-packages/airflow/example_dags/example_xcom.py
[2025-07-14T12:37:42.594+0000] {processor.py:830} INFO - Processing file /home/airflow/.local/lib/python3.8/site-packages/airflow/example_dags/example_xcom.py for tasks to queue
[2025-07-14T12:37:42.598+0000] {logging_mixin.py:188} INFO - [2025-07-14T12:37:42.598+0000] {dagbag.py:538} INFO - Filling up the DagBag from /home/airflow/.local/lib/python3.8/site-packages/airflow/example_dags/example_xcom.py
[2025-07-14T12:37:42.614+0000] {processor.py:840} INFO - DAG(s) 'example_xcom' retrieved from /home/airflow/.local/lib/python3.8/site-packages/airflow/example_dags/example_xcom.py
[2025-07-14T12:37:42.651+0000] {logging_mixin.py:188} INFO - [2025-07-14T12:37:42.651+0000] {dag.py:3036} INFO - Sync 1 DAGs
[2025-07-14T12:37:42.688+0000] {logging_mixin.py:188} INFO - [2025-07-14T12:37:42.687+0000] {dag.py:3823} INFO - Setting next_dagrun for example_xcom to 2021-01-01 00:00:00+00:00, run_after=2021-01-01 00:00:00+00:00
[2025-07-14T12:37:42.724+0000] {processor.py:183} INFO - Processing /home/airflow/.local/lib/python3.8/site-packages/airflow/example_dags/example_xcom.py took 0.137 seconds
[2025-07-14T12:38:12.873+0000] {processor.py:161} INFO - Started process (PID=636) to work on /home/airflow/.local/lib/python3.8/site-packages/airflow/example_dags/example_xcom.py
[2025-07-14T12:38:12.874+0000] {processor.py:830} INFO - Processing file /home/airflow/.local/lib/python3.8/site-packages/airflow/example_dags/example_xcom.py for tasks to queue
[2025-07-14T12:38:12.877+0000] {logging_mixin.py:188} INFO - [2025-07-14T12:38:12.877+0000] {dagbag.py:538} INFO - Filling up the DagBag from /home/airflow/.local/lib/python3.8/site-packages/airflow/example_dags/example_xcom.py
[2025-07-14T12:38:12.889+0000] {processor.py:840} INFO - DAG(s) 'example_xcom' retrieved from /home/airflow/.local/lib/python3.8/site-packages/airflow/example_dags/example_xcom.py
[2025-07-14T12:38:12.924+0000] {logging_mixin.py:188} INFO - [2025-07-14T12:38:12.924+0000] {dag.py:3036} INFO - Sync 1 DAGs
[2025-07-14T12:38:12.966+0000] {logging_mixin.py:188} INFO - [2025-07-14T12:38:12.965+0000] {dag.py:3823} INFO - Setting next_dagrun for example_xcom to 2021-01-01 00:00:00+00:00, run_after=2021-01-01 00:00:00+00:00
[2025-07-14T12:38:13.008+0000] {processor.py:183} INFO - Processing /home/airflow/.local/lib/python3.8/site-packages/airflow/example_dags/example_xcom.py took 0.140 seconds
[2025-07-14T12:38:44.420+0000] {processor.py:161} INFO - Started process (PID=696) to work on /home/airflow/.local/lib/python3.8/site-packages/airflow/example_dags/example_xcom.py
[2025-07-14T12:38:44.422+0000] {processor.py:830} INFO - Processing file /home/airflow/.local/lib/python3.8/site-packages/airflow/example_dags/example_xcom.py for tasks to queue
[2025-07-14T12:38:44.434+0000] {logging_mixin.py:188} INFO - [2025-07-14T12:38:44.433+0000] {dagbag.py:538} INFO - Filling up the DagBag from /home/airflow/.local/lib/python3.8/site-packages/airflow/example_dags/example_xcom.py
[2025-07-14T12:38:44.464+0000] {processor.py:840} INFO - DAG(s) 'example_xcom' retrieved from /home/airflow/.local/lib/python3.8/site-packages/airflow/example_dags/example_xcom.py
[2025-07-14T12:38:44.523+0000] {logging_mixin.py:188} INFO - [2025-07-14T12:38:44.523+0000] {dag.py:3036} INFO - Sync 1 DAGs
[2025-07-14T12:38:44.579+0000] {logging_mixin.py:188} INFO - [2025-07-14T12:38:44.579+0000] {dag.py:3823} INFO - Setting next_dagrun for example_xcom to 2021-01-01 00:00:00+00:00, run_after=2021-01-01 00:00:00+00:00
[2025-07-14T12:38:44.629+0000] {processor.py:183} INFO - Processing /home/airflow/.local/lib/python3.8/site-packages/airflow/example_dags/example_xcom.py took 0.218 seconds
[2025-07-14T12:39:15.272+0000] {processor.py:161} INFO - Started process (PID=757) to work on /home/airflow/.local/lib/python3.8/site-packages/airflow/example_dags/example_xcom.py
[2025-07-14T12:39:15.274+0000] {processor.py:830} INFO - Processing file /home/airflow/.local/lib/python3.8/site-packages/airflow/example_dags/example_xcom.py for tasks to queue
[2025-07-14T12:39:15.284+0000] {logging_mixin.py:188} INFO - [2025-07-14T12:39:15.283+0000] {dagbag.py:538} INFO - Filling up the DagBag from /home/airflow/.local/lib/python3.8/site-packages/airflow/example_dags/example_xcom.py
[2025-07-14T12:39:15.310+0000] {processor.py:840} INFO - DAG(s) 'example_xcom' retrieved from /home/airflow/.local/lib/python3.8/site-packages/airflow/example_dags/example_xcom.py
[2025-07-14T12:39:15.353+0000] {logging_mixin.py:188} INFO - [2025-07-14T12:39:15.353+0000] {dag.py:3036} INFO - Sync 1 DAGs
[2025-07-14T12:39:15.398+0000] {logging_mixin.py:188} INFO - [2025-07-14T12:39:15.398+0000] {dag.py:3823} INFO - Setting next_dagrun for example_xcom to 2021-01-01 00:00:00+00:00, run_after=2021-01-01 00:00:00+00:00
[2025-07-14T12:39:15.431+0000] {processor.py:183} INFO - Processing /home/airflow/.local/lib/python3.8/site-packages/airflow/example_dags/example_xcom.py took 0.165 seconds
[2025-07-14T12:39:45.718+0000] {processor.py:161} INFO - Started process (PID=817) to work on /home/airflow/.local/lib/python3.8/site-packages/airflow/example_dags/example_xcom.py
[2025-07-14T12:39:45.720+0000] {processor.py:830} INFO - Processing file /home/airflow/.local/lib/python3.8/site-packages/airflow/example_dags/example_xcom.py for tasks to queue
[2025-07-14T12:39:45.723+0000] {logging_mixin.py:188} INFO - [2025-07-14T12:39:45.722+0000] {dagbag.py:538} INFO - Filling up the DagBag from /home/airflow/.local/lib/python3.8/site-packages/airflow/example_dags/example_xcom.py
[2025-07-14T12:39:45.736+0000] {processor.py:840} INFO - DAG(s) 'example_xcom' retrieved from /home/airflow/.local/lib/python3.8/site-packages/airflow/example_dags/example_xcom.py
[2025-07-14T12:39:45.784+0000] {logging_mixin.py:188} INFO - [2025-07-14T12:39:45.784+0000] {dag.py:3036} INFO - Sync 1 DAGs
[2025-07-14T12:39:45.819+0000] {logging_mixin.py:188} INFO - [2025-07-14T12:39:45.819+0000] {dag.py:3823} INFO - Setting next_dagrun for example_xcom to 2021-01-01 00:00:00+00:00, run_after=2021-01-01 00:00:00+00:00
[2025-07-14T12:39:45.856+0000] {processor.py:183} INFO - Processing /home/airflow/.local/lib/python3.8/site-packages/airflow/example_dags/example_xcom.py took 0.144 seconds
[2025-07-14T12:40:16.626+0000] {processor.py:161} INFO - Started process (PID=877) to work on /home/airflow/.local/lib/python3.8/site-packages/airflow/example_dags/example_xcom.py
[2025-07-14T12:40:16.628+0000] {processor.py:830} INFO - Processing file /home/airflow/.local/lib/python3.8/site-packages/airflow/example_dags/example_xcom.py for tasks to queue
[2025-07-14T12:40:16.631+0000] {logging_mixin.py:188} INFO - [2025-07-14T12:40:16.631+0000] {dagbag.py:538} INFO - Filling up the DagBag from /home/airflow/.local/lib/python3.8/site-packages/airflow/example_dags/example_xcom.py
[2025-07-14T12:40:16.644+0000] {processor.py:840} INFO - DAG(s) 'example_xcom' retrieved from /home/airflow/.local/lib/python3.8/site-packages/airflow/example_dags/example_xcom.py
[2025-07-14T12:40:16.685+0000] {logging_mixin.py:188} INFO - [2025-07-14T12:40:16.685+0000] {dag.py:3036} INFO - Sync 1 DAGs
[2025-07-14T12:40:16.721+0000] {logging_mixin.py:188} INFO - [2025-07-14T12:40:16.721+0000] {dag.py:3823} INFO - Setting next_dagrun for example_xcom to 2021-01-01 00:00:00+00:00, run_after=2021-01-01 00:00:00+00:00
[2025-07-14T12:40:16.758+0000] {processor.py:183} INFO - Processing /home/airflow/.local/lib/python3.8/site-packages/airflow/example_dags/example_xcom.py took 0.138 seconds
[2025-07-14T12:40:47.108+0000] {processor.py:161} INFO - Started process (PID=937) to work on /home/airflow/.local/lib/python3.8/site-packages/airflow/example_dags/example_xcom.py
[2025-07-14T12:40:47.110+0000] {processor.py:830} INFO - Processing file /home/airflow/.local/lib/python3.8/site-packages/airflow/example_dags/example_xcom.py for tasks to queue
[2025-07-14T12:40:47.114+0000] {logging_mixin.py:188} INFO - [2025-07-14T12:40:47.114+0000] {dagbag.py:538} INFO - Filling up the DagBag from /home/airflow/.local/lib/python3.8/site-packages/airflow/example_dags/example_xcom.py
[2025-07-14T12:40:47.130+0000] {processor.py:840} INFO - DAG(s) 'example_xcom' retrieved from /home/airflow/.local/lib/python3.8/site-packages/airflow/example_dags/example_xcom.py
[2025-07-14T12:40:47.173+0000] {logging_mixin.py:188} INFO - [2025-07-14T12:40:47.173+0000] {dag.py:3036} INFO - Sync 1 DAGs
[2025-07-14T12:40:47.210+0000] {logging_mixin.py:188} INFO - [2025-07-14T12:40:47.209+0000] {dag.py:3823} INFO - Setting next_dagrun for example_xcom to 2021-01-01 00:00:00+00:00, run_after=2021-01-01 00:00:00+00:00
[2025-07-14T12:40:47.247+0000] {processor.py:183} INFO - Processing /home/airflow/.local/lib/python3.8/site-packages/airflow/example_dags/example_xcom.py took 0.146 seconds
[2025-07-14T12:41:17.489+0000] {processor.py:161} INFO - Started process (PID=997) to work on /home/airflow/.local/lib/python3.8/site-packages/airflow/example_dags/example_xcom.py
[2025-07-14T12:41:17.491+0000] {processor.py:830} INFO - Processing file /home/airflow/.local/lib/python3.8/site-packages/airflow/example_dags/example_xcom.py for tasks to queue
[2025-07-14T12:41:17.494+0000] {logging_mixin.py:188} INFO - [2025-07-14T12:41:17.493+0000] {dagbag.py:538} INFO - Filling up the DagBag from /home/airflow/.local/lib/python3.8/site-packages/airflow/example_dags/example_xcom.py
[2025-07-14T12:41:17.507+0000] {processor.py:840} INFO - DAG(s) 'example_xcom' retrieved from /home/airflow/.local/lib/python3.8/site-packages/airflow/example_dags/example_xcom.py
[2025-07-14T12:41:17.550+0000] {logging_mixin.py:188} INFO - [2025-07-14T12:41:17.549+0000] {dag.py:3036} INFO - Sync 1 DAGs
[2025-07-14T12:41:17.603+0000] {logging_mixin.py:188} INFO - [2025-07-14T12:41:17.603+0000] {dag.py:3823} INFO - Setting next_dagrun for example_xcom to 2021-01-01 00:00:00+00:00, run_after=2021-01-01 00:00:00+00:00
[2025-07-14T12:41:17.649+0000] {processor.py:183} INFO - Processing /home/airflow/.local/lib/python3.8/site-packages/airflow/example_dags/example_xcom.py took 0.165 seconds
[2025-07-14T12:41:47.760+0000] {processor.py:161} INFO - Started process (PID=1062) to work on /home/airflow/.local/lib/python3.8/site-packages/airflow/example_dags/example_xcom.py
[2025-07-14T12:41:47.763+0000] {processor.py:830} INFO - Processing file /home/airflow/.local/lib/python3.8/site-packages/airflow/example_dags/example_xcom.py for tasks to queue
[2025-07-14T12:41:47.766+0000] {logging_mixin.py:188} INFO - [2025-07-14T12:41:47.765+0000] {dagbag.py:538} INFO - Filling up the DagBag from /home/airflow/.local/lib/python3.8/site-packages/airflow/example_dags/example_xcom.py
[2025-07-14T12:41:47.778+0000] {processor.py:840} INFO - DAG(s) 'example_xcom' retrieved from /home/airflow/.local/lib/python3.8/site-packages/airflow/example_dags/example_xcom.py
[2025-07-14T12:41:47.820+0000] {logging_mixin.py:188} INFO - [2025-07-14T12:41:47.820+0000] {dag.py:3036} INFO - Sync 1 DAGs
[2025-07-14T12:41:47.889+0000] {logging_mixin.py:188} INFO - [2025-07-14T12:41:47.889+0000] {dag.py:3823} INFO - Setting next_dagrun for example_xcom to 2021-01-01 00:00:00+00:00, run_after=2021-01-01 00:00:00+00:00
[2025-07-14T12:41:47.943+0000] {processor.py:183} INFO - Processing /home/airflow/.local/lib/python3.8/site-packages/airflow/example_dags/example_xcom.py took 0.189 seconds
[2025-07-14T12:42:18.245+0000] {processor.py:161} INFO - Started process (PID=1121) to work on /home/airflow/.local/lib/python3.8/site-packages/airflow/example_dags/example_xcom.py
[2025-07-14T12:42:18.247+0000] {processor.py:830} INFO - Processing file /home/airflow/.local/lib/python3.8/site-packages/airflow/example_dags/example_xcom.py for tasks to queue
[2025-07-14T12:42:18.250+0000] {logging_mixin.py:188} INFO - [2025-07-14T12:42:18.250+0000] {dagbag.py:538} INFO - Filling up the DagBag from /home/airflow/.local/lib/python3.8/site-packages/airflow/example_dags/example_xcom.py
[2025-07-14T12:42:18.265+0000] {processor.py:840} INFO - DAG(s) 'example_xcom' retrieved from /home/airflow/.local/lib/python3.8/site-packages/airflow/example_dags/example_xcom.py
[2025-07-14T12:42:18.303+0000] {logging_mixin.py:188} INFO - [2025-07-14T12:42:18.303+0000] {dag.py:3036} INFO - Sync 1 DAGs
[2025-07-14T12:42:18.347+0000] {logging_mixin.py:188} INFO - [2025-07-14T12:42:18.346+0000] {dag.py:3823} INFO - Setting next_dagrun for example_xcom to 2021-01-01 00:00:00+00:00, run_after=2021-01-01 00:00:00+00:00
[2025-07-14T12:42:18.381+0000] {processor.py:183} INFO - Processing /home/airflow/.local/lib/python3.8/site-packages/airflow/example_dags/example_xcom.py took 0.143 seconds
[2025-07-14T12:42:48.538+0000] {processor.py:161} INFO - Started process (PID=1181) to work on /home/airflow/.local/lib/python3.8/site-packages/airflow/example_dags/example_xcom.py
[2025-07-14T12:42:48.540+0000] {processor.py:830} INFO - Processing file /home/airflow/.local/lib/python3.8/site-packages/airflow/example_dags/example_xcom.py for tasks to queue
[2025-07-14T12:42:48.543+0000] {logging_mixin.py:188} INFO - [2025-07-14T12:42:48.542+0000] {dagbag.py:538} INFO - Filling up the DagBag from /home/airflow/.local/lib/python3.8/site-packages/airflow/example_dags/example_xcom.py
[2025-07-14T12:42:48.555+0000] {processor.py:840} INFO - DAG(s) 'example_xcom' retrieved from /home/airflow/.local/lib/python3.8/site-packages/airflow/example_dags/example_xcom.py
[2025-07-14T12:42:48.591+0000] {logging_mixin.py:188} INFO - [2025-07-14T12:42:48.591+0000] {dag.py:3036} INFO - Sync 1 DAGs
[2025-07-14T12:42:48.637+0000] {logging_mixin.py:188} INFO - [2025-07-14T12:42:48.637+0000] {dag.py:3823} INFO - Setting next_dagrun for example_xcom to 2021-01-01 00:00:00+00:00, run_after=2021-01-01 00:00:00+00:00
[2025-07-14T12:42:48.674+0000] {processor.py:183} INFO - Processing /home/airflow/.local/lib/python3.8/site-packages/airflow/example_dags/example_xcom.py took 0.141 seconds
[2025-07-14T12:43:19.137+0000] {processor.py:161} INFO - Started process (PID=1241) to work on /home/airflow/.local/lib/python3.8/site-packages/airflow/example_dags/example_xcom.py
[2025-07-14T12:43:19.140+0000] {processor.py:830} INFO - Processing file /home/airflow/.local/lib/python3.8/site-packages/airflow/example_dags/example_xcom.py for tasks to queue
[2025-07-14T12:43:19.143+0000] {logging_mixin.py:188} INFO - [2025-07-14T12:43:19.143+0000] {dagbag.py:538} INFO - Filling up the DagBag from /home/airflow/.local/lib/python3.8/site-packages/airflow/example_dags/example_xcom.py
[2025-07-14T12:43:19.159+0000] {processor.py:840} INFO - DAG(s) 'example_xcom' retrieved from /home/airflow/.local/lib/python3.8/site-packages/airflow/example_dags/example_xcom.py
[2025-07-14T12:43:19.197+0000] {logging_mixin.py:188} INFO - [2025-07-14T12:43:19.196+0000] {dag.py:3036} INFO - Sync 1 DAGs
[2025-07-14T12:43:19.238+0000] {logging_mixin.py:188} INFO - [2025-07-14T12:43:19.238+0000] {dag.py:3823} INFO - Setting next_dagrun for example_xcom to 2021-01-01 00:00:00+00:00, run_after=2021-01-01 00:00:00+00:00
[2025-07-14T12:43:19.274+0000] {processor.py:183} INFO - Processing /home/airflow/.local/lib/python3.8/site-packages/airflow/example_dags/example_xcom.py took 0.144 seconds
[2025-07-14T12:43:49.997+0000] {processor.py:161} INFO - Started process (PID=1301) to work on /home/airflow/.local/lib/python3.8/site-packages/airflow/example_dags/example_xcom.py
[2025-07-14T12:43:49.999+0000] {processor.py:830} INFO - Processing file /home/airflow/.local/lib/python3.8/site-packages/airflow/example_dags/example_xcom.py for tasks to queue
[2025-07-14T12:43:50.005+0000] {logging_mixin.py:188} INFO - [2025-07-14T12:43:50.004+0000] {dagbag.py:538} INFO - Filling up the DagBag from /home/airflow/.local/lib/python3.8/site-packages/airflow/example_dags/example_xcom.py
[2025-07-14T12:43:50.038+0000] {processor.py:840} INFO - DAG(s) 'example_xcom' retrieved from /home/airflow/.local/lib/python3.8/site-packages/airflow/example_dags/example_xcom.py
[2025-07-14T12:43:50.077+0000] {logging_mixin.py:188} INFO - [2025-07-14T12:43:50.077+0000] {dag.py:3036} INFO - Sync 1 DAGs
[2025-07-14T12:43:50.127+0000] {logging_mixin.py:188} INFO - [2025-07-14T12:43:50.126+0000] {dag.py:3823} INFO - Setting next_dagrun for example_xcom to 2021-01-01 00:00:00+00:00, run_after=2021-01-01 00:00:00+00:00
[2025-07-14T12:43:50.179+0000] {processor.py:183} INFO - Processing /home/airflow/.local/lib/python3.8/site-packages/airflow/example_dags/example_xcom.py took 0.188 seconds
[2025-07-14T12:44:21.069+0000] {processor.py:161} INFO - Started process (PID=1361) to work on /home/airflow/.local/lib/python3.8/site-packages/airflow/example_dags/example_xcom.py
[2025-07-14T12:44:21.071+0000] {processor.py:830} INFO - Processing file /home/airflow/.local/lib/python3.8/site-packages/airflow/example_dags/example_xcom.py for tasks to queue
[2025-07-14T12:44:21.074+0000] {logging_mixin.py:188} INFO - [2025-07-14T12:44:21.073+0000] {dagbag.py:538} INFO - Filling up the DagBag from /home/airflow/.local/lib/python3.8/site-packages/airflow/example_dags/example_xcom.py
[2025-07-14T12:44:21.102+0000] {processor.py:840} INFO - DAG(s) 'example_xcom' retrieved from /home/airflow/.local/lib/python3.8/site-packages/airflow/example_dags/example_xcom.py
[2025-07-14T12:44:21.181+0000] {logging_mixin.py:188} INFO - [2025-07-14T12:44:21.180+0000] {dag.py:3036} INFO - Sync 1 DAGs
[2025-07-14T12:44:21.226+0000] {logging_mixin.py:188} INFO - [2025-07-14T12:44:21.226+0000] {dag.py:3823} INFO - Setting next_dagrun for example_xcom to 2021-01-01 00:00:00+00:00, run_after=2021-01-01 00:00:00+00:00
[2025-07-14T12:44:21.270+0000] {processor.py:183} INFO - Processing /home/airflow/.local/lib/python3.8/site-packages/airflow/example_dags/example_xcom.py took 0.206 seconds
[2025-07-14T12:44:52.081+0000] {processor.py:161} INFO - Started process (PID=1421) to work on /home/airflow/.local/lib/python3.8/site-packages/airflow/example_dags/example_xcom.py
[2025-07-14T12:44:52.083+0000] {processor.py:830} INFO - Processing file /home/airflow/.local/lib/python3.8/site-packages/airflow/example_dags/example_xcom.py for tasks to queue
[2025-07-14T12:44:52.086+0000] {logging_mixin.py:188} INFO - [2025-07-14T12:44:52.085+0000] {dagbag.py:538} INFO - Filling up the DagBag from /home/airflow/.local/lib/python3.8/site-packages/airflow/example_dags/example_xcom.py
[2025-07-14T12:44:52.101+0000] {processor.py:840} INFO - DAG(s) 'example_xcom' retrieved from /home/airflow/.local/lib/python3.8/site-packages/airflow/example_dags/example_xcom.py
[2025-07-14T12:44:52.143+0000] {logging_mixin.py:188} INFO - [2025-07-14T12:44:52.142+0000] {dag.py:3036} INFO - Sync 1 DAGs
[2025-07-14T12:44:52.188+0000] {logging_mixin.py:188} INFO - [2025-07-14T12:44:52.187+0000] {dag.py:3823} INFO - Setting next_dagrun for example_xcom to 2021-01-01 00:00:00+00:00, run_after=2021-01-01 00:00:00+00:00
[2025-07-14T12:44:52.230+0000] {processor.py:183} INFO - Processing /home/airflow/.local/lib/python3.8/site-packages/airflow/example_dags/example_xcom.py took 0.155 seconds
[2025-07-14T12:45:22.674+0000] {processor.py:161} INFO - Started process (PID=1481) to work on /home/airflow/.local/lib/python3.8/site-packages/airflow/example_dags/example_xcom.py
[2025-07-14T12:45:22.677+0000] {processor.py:830} INFO - Processing file /home/airflow/.local/lib/python3.8/site-packages/airflow/example_dags/example_xcom.py for tasks to queue
[2025-07-14T12:45:22.681+0000] {logging_mixin.py:188} INFO - [2025-07-14T12:45:22.680+0000] {dagbag.py:538} INFO - Filling up the DagBag from /home/airflow/.local/lib/python3.8/site-packages/airflow/example_dags/example_xcom.py
[2025-07-14T12:45:22.695+0000] {processor.py:840} INFO - DAG(s) 'example_xcom' retrieved from /home/airflow/.local/lib/python3.8/site-packages/airflow/example_dags/example_xcom.py
[2025-07-14T12:45:22.737+0000] {logging_mixin.py:188} INFO - [2025-07-14T12:45:22.736+0000] {dag.py:3036} INFO - Sync 1 DAGs
[2025-07-14T12:45:22.777+0000] {logging_mixin.py:188} INFO - [2025-07-14T12:45:22.776+0000] {dag.py:3823} INFO - Setting next_dagrun for example_xcom to 2021-01-01 00:00:00+00:00, run_after=2021-01-01 00:00:00+00:00
[2025-07-14T12:45:22.812+0000] {processor.py:183} INFO - Processing /home/airflow/.local/lib/python3.8/site-packages/airflow/example_dags/example_xcom.py took 0.143 seconds
[2025-07-14T12:45:52.996+0000] {processor.py:161} INFO - Started process (PID=1541) to work on /home/airflow/.local/lib/python3.8/site-packages/airflow/example_dags/example_xcom.py
[2025-07-14T12:45:52.999+0000] {processor.py:830} INFO - Processing file /home/airflow/.local/lib/python3.8/site-packages/airflow/example_dags/example_xcom.py for tasks to queue
[2025-07-14T12:45:53.004+0000] {logging_mixin.py:188} INFO - [2025-07-14T12:45:53.003+0000] {dagbag.py:538} INFO - Filling up the DagBag from /home/airflow/.local/lib/python3.8/site-packages/airflow/example_dags/example_xcom.py
[2025-07-14T12:45:53.021+0000] {processor.py:840} INFO - DAG(s) 'example_xcom' retrieved from /home/airflow/.local/lib/python3.8/site-packages/airflow/example_dags/example_xcom.py
[2025-07-14T12:45:53.059+0000] {logging_mixin.py:188} INFO - [2025-07-14T12:45:53.059+0000] {dag.py:3036} INFO - Sync 1 DAGs
[2025-07-14T12:45:53.102+0000] {logging_mixin.py:188} INFO - [2025-07-14T12:45:53.101+0000] {dag.py:3823} INFO - Setting next_dagrun for example_xcom to 2021-01-01 00:00:00+00:00, run_after=2021-01-01 00:00:00+00:00
[2025-07-14T12:45:53.142+0000] {processor.py:183} INFO - Processing /home/airflow/.local/lib/python3.8/site-packages/airflow/example_dags/example_xcom.py took 0.151 seconds
[2025-07-14T12:46:23.743+0000] {processor.py:161} INFO - Started process (PID=1601) to work on /home/airflow/.local/lib/python3.8/site-packages/airflow/example_dags/example_xcom.py
[2025-07-14T12:46:23.744+0000] {processor.py:830} INFO - Processing file /home/airflow/.local/lib/python3.8/site-packages/airflow/example_dags/example_xcom.py for tasks to queue
[2025-07-14T12:46:23.747+0000] {logging_mixin.py:188} INFO - [2025-07-14T12:46:23.747+0000] {dagbag.py:538} INFO - Filling up the DagBag from /home/airflow/.local/lib/python3.8/site-packages/airflow/example_dags/example_xcom.py
[2025-07-14T12:46:23.763+0000] {processor.py:840} INFO - DAG(s) 'example_xcom' retrieved from /home/airflow/.local/lib/python3.8/site-packages/airflow/example_dags/example_xcom.py
[2025-07-14T12:46:23.810+0000] {logging_mixin.py:188} INFO - [2025-07-14T12:46:23.809+0000] {dag.py:3036} INFO - Sync 1 DAGs
[2025-07-14T12:46:23.858+0000] {logging_mixin.py:188} INFO - [2025-07-14T12:46:23.857+0000] {dag.py:3823} INFO - Setting next_dagrun for example_xcom to 2021-01-01 00:00:00+00:00, run_after=2021-01-01 00:00:00+00:00
[2025-07-14T12:46:23.893+0000] {processor.py:183} INFO - Processing /home/airflow/.local/lib/python3.8/site-packages/airflow/example_dags/example_xcom.py took 0.156 seconds
[2025-07-14T12:46:54.808+0000] {processor.py:161} INFO - Started process (PID=1661) to work on /home/airflow/.local/lib/python3.8/site-packages/airflow/example_dags/example_xcom.py
[2025-07-14T12:46:54.810+0000] {processor.py:830} INFO - Processing file /home/airflow/.local/lib/python3.8/site-packages/airflow/example_dags/example_xcom.py for tasks to queue
[2025-07-14T12:46:54.814+0000] {logging_mixin.py:188} INFO - [2025-07-14T12:46:54.813+0000] {dagbag.py:538} INFO - Filling up the DagBag from /home/airflow/.local/lib/python3.8/site-packages/airflow/example_dags/example_xcom.py
[2025-07-14T12:46:54.825+0000] {processor.py:840} INFO - DAG(s) 'example_xcom' retrieved from /home/airflow/.local/lib/python3.8/site-packages/airflow/example_dags/example_xcom.py
[2025-07-14T12:46:54.856+0000] {logging_mixin.py:188} INFO - [2025-07-14T12:46:54.856+0000] {dag.py:3036} INFO - Sync 1 DAGs
[2025-07-14T12:46:54.896+0000] {logging_mixin.py:188} INFO - [2025-07-14T12:46:54.895+0000] {dag.py:3823} INFO - Setting next_dagrun for example_xcom to 2021-01-01 00:00:00+00:00, run_after=2021-01-01 00:00:00+00:00
[2025-07-14T12:46:54.930+0000] {processor.py:183} INFO - Processing /home/airflow/.local/lib/python3.8/site-packages/airflow/example_dags/example_xcom.py took 0.127 seconds
[2025-07-14T12:47:26.814+0000] {processor.py:161} INFO - Started process (PID=1721) to work on /home/airflow/.local/lib/python3.8/site-packages/airflow/example_dags/example_xcom.py
[2025-07-14T12:47:26.820+0000] {processor.py:830} INFO - Processing file /home/airflow/.local/lib/python3.8/site-packages/airflow/example_dags/example_xcom.py for tasks to queue
[2025-07-14T12:47:26.828+0000] {logging_mixin.py:188} INFO - [2025-07-14T12:47:26.825+0000] {dagbag.py:538} INFO - Filling up the DagBag from /home/airflow/.local/lib/python3.8/site-packages/airflow/example_dags/example_xcom.py
[2025-07-14T12:47:26.852+0000] {processor.py:840} INFO - DAG(s) 'example_xcom' retrieved from /home/airflow/.local/lib/python3.8/site-packages/airflow/example_dags/example_xcom.py
[2025-07-14T12:47:26.917+0000] {logging_mixin.py:188} INFO - [2025-07-14T12:47:26.917+0000] {dag.py:3036} INFO - Sync 1 DAGs
[2025-07-14T12:47:26.987+0000] {logging_mixin.py:188} INFO - [2025-07-14T12:47:26.987+0000] {dag.py:3823} INFO - Setting next_dagrun for example_xcom to 2021-01-01 00:00:00+00:00, run_after=2021-01-01 00:00:00+00:00
[2025-07-14T12:47:27.045+0000] {processor.py:183} INFO - Processing /home/airflow/.local/lib/python3.8/site-packages/airflow/example_dags/example_xcom.py took 0.238 seconds
[2025-07-14T12:47:58.103+0000] {processor.py:161} INFO - Started process (PID=1779) to work on /home/airflow/.local/lib/python3.8/site-packages/airflow/example_dags/example_xcom.py
[2025-07-14T12:47:58.106+0000] {processor.py:830} INFO - Processing file /home/airflow/.local/lib/python3.8/site-packages/airflow/example_dags/example_xcom.py for tasks to queue
[2025-07-14T12:47:58.113+0000] {logging_mixin.py:188} INFO - [2025-07-14T12:47:58.112+0000] {dagbag.py:538} INFO - Filling up the DagBag from /home/airflow/.local/lib/python3.8/site-packages/airflow/example_dags/example_xcom.py
[2025-07-14T12:47:58.126+0000] {processor.py:840} INFO - DAG(s) 'example_xcom' retrieved from /home/airflow/.local/lib/python3.8/site-packages/airflow/example_dags/example_xcom.py
[2025-07-14T12:47:58.180+0000] {logging_mixin.py:188} INFO - [2025-07-14T12:47:58.179+0000] {dag.py:3036} INFO - Sync 1 DAGs
[2025-07-14T12:47:58.236+0000] {logging_mixin.py:188} INFO - [2025-07-14T12:47:58.235+0000] {dag.py:3823} INFO - Setting next_dagrun for example_xcom to 2021-01-01 00:00:00+00:00, run_after=2021-01-01 00:00:00+00:00
[2025-07-14T12:47:58.298+0000] {processor.py:183} INFO - Processing /home/airflow/.local/lib/python3.8/site-packages/airflow/example_dags/example_xcom.py took 0.200 seconds
[2025-07-14T12:48:29.131+0000] {processor.py:161} INFO - Started process (PID=1837) to work on /home/airflow/.local/lib/python3.8/site-packages/airflow/example_dags/example_xcom.py
[2025-07-14T12:48:29.133+0000] {processor.py:830} INFO - Processing file /home/airflow/.local/lib/python3.8/site-packages/airflow/example_dags/example_xcom.py for tasks to queue
[2025-07-14T12:48:29.137+0000] {logging_mixin.py:188} INFO - [2025-07-14T12:48:29.136+0000] {dagbag.py:538} INFO - Filling up the DagBag from /home/airflow/.local/lib/python3.8/site-packages/airflow/example_dags/example_xcom.py
[2025-07-14T12:48:29.154+0000] {processor.py:840} INFO - DAG(s) 'example_xcom' retrieved from /home/airflow/.local/lib/python3.8/site-packages/airflow/example_dags/example_xcom.py
[2025-07-14T12:48:29.209+0000] {logging_mixin.py:188} INFO - [2025-07-14T12:48:29.209+0000] {dag.py:3036} INFO - Sync 1 DAGs
[2025-07-14T12:48:29.258+0000] {logging_mixin.py:188} INFO - [2025-07-14T12:48:29.257+0000] {dag.py:3823} INFO - Setting next_dagrun for example_xcom to 2021-01-01 00:00:00+00:00, run_after=2021-01-01 00:00:00+00:00
[2025-07-14T12:48:29.299+0000] {processor.py:183} INFO - Processing /home/airflow/.local/lib/python3.8/site-packages/airflow/example_dags/example_xcom.py took 0.174 seconds
[2025-07-14T12:48:59.366+0000] {processor.py:161} INFO - Started process (PID=1896) to work on /home/airflow/.local/lib/python3.8/site-packages/airflow/example_dags/example_xcom.py
[2025-07-14T12:48:59.368+0000] {processor.py:830} INFO - Processing file /home/airflow/.local/lib/python3.8/site-packages/airflow/example_dags/example_xcom.py for tasks to queue
[2025-07-14T12:48:59.372+0000] {logging_mixin.py:188} INFO - [2025-07-14T12:48:59.371+0000] {dagbag.py:538} INFO - Filling up the DagBag from /home/airflow/.local/lib/python3.8/site-packages/airflow/example_dags/example_xcom.py
[2025-07-14T12:48:59.400+0000] {processor.py:840} INFO - DAG(s) 'example_xcom' retrieved from /home/airflow/.local/lib/python3.8/site-packages/airflow/example_dags/example_xcom.py
[2025-07-14T12:48:59.442+0000] {logging_mixin.py:188} INFO - [2025-07-14T12:48:59.442+0000] {dag.py:3036} INFO - Sync 1 DAGs
[2025-07-14T12:48:59.472+0000] {logging_mixin.py:188} INFO - [2025-07-14T12:48:59.472+0000] {dag.py:3823} INFO - Setting next_dagrun for example_xcom to 2021-01-01 00:00:00+00:00, run_after=2021-01-01 00:00:00+00:00
[2025-07-14T12:48:59.504+0000] {processor.py:183} INFO - Processing /home/airflow/.local/lib/python3.8/site-packages/airflow/example_dags/example_xcom.py took 0.144 seconds
[2025-07-14T12:49:29.856+0000] {processor.py:161} INFO - Started process (PID=1956) to work on /home/airflow/.local/lib/python3.8/site-packages/airflow/example_dags/example_xcom.py
[2025-07-14T12:49:29.859+0000] {processor.py:830} INFO - Processing file /home/airflow/.local/lib/python3.8/site-packages/airflow/example_dags/example_xcom.py for tasks to queue
[2025-07-14T12:49:29.864+0000] {logging_mixin.py:188} INFO - [2025-07-14T12:49:29.863+0000] {dagbag.py:538} INFO - Filling up the DagBag from /home/airflow/.local/lib/python3.8/site-packages/airflow/example_dags/example_xcom.py
[2025-07-14T12:49:29.878+0000] {processor.py:840} INFO - DAG(s) 'example_xcom' retrieved from /home/airflow/.local/lib/python3.8/site-packages/airflow/example_dags/example_xcom.py
[2025-07-14T12:49:29.920+0000] {logging_mixin.py:188} INFO - [2025-07-14T12:49:29.919+0000] {dag.py:3036} INFO - Sync 1 DAGs
[2025-07-14T12:49:29.950+0000] {logging_mixin.py:188} INFO - [2025-07-14T12:49:29.949+0000] {dag.py:3823} INFO - Setting next_dagrun for example_xcom to 2021-01-01 00:00:00+00:00, run_after=2021-01-01 00:00:00+00:00
[2025-07-14T12:49:29.978+0000] {processor.py:183} INFO - Processing /home/airflow/.local/lib/python3.8/site-packages/airflow/example_dags/example_xcom.py took 0.127 seconds
[2025-07-14T12:50:00.642+0000] {processor.py:161} INFO - Started process (PID=2016) to work on /home/airflow/.local/lib/python3.8/site-packages/airflow/example_dags/example_xcom.py
[2025-07-14T12:50:00.643+0000] {processor.py:830} INFO - Processing file /home/airflow/.local/lib/python3.8/site-packages/airflow/example_dags/example_xcom.py for tasks to queue
[2025-07-14T12:50:00.647+0000] {logging_mixin.py:188} INFO - [2025-07-14T12:50:00.646+0000] {dagbag.py:538} INFO - Filling up the DagBag from /home/airflow/.local/lib/python3.8/site-packages/airflow/example_dags/example_xcom.py
[2025-07-14T12:50:00.664+0000] {processor.py:840} INFO - DAG(s) 'example_xcom' retrieved from /home/airflow/.local/lib/python3.8/site-packages/airflow/example_dags/example_xcom.py
[2025-07-14T12:50:00.719+0000] {logging_mixin.py:188} INFO - [2025-07-14T12:50:00.719+0000] {dag.py:3036} INFO - Sync 1 DAGs
[2025-07-14T12:50:00.789+0000] {logging_mixin.py:188} INFO - [2025-07-14T12:50:00.788+0000] {dag.py:3823} INFO - Setting next_dagrun for example_xcom to 2021-01-01 00:00:00+00:00, run_after=2021-01-01 00:00:00+00:00
[2025-07-14T12:50:00.830+0000] {processor.py:183} INFO - Processing /home/airflow/.local/lib/python3.8/site-packages/airflow/example_dags/example_xcom.py took 0.195 seconds
[2025-07-14T12:50:31.287+0000] {processor.py:161} INFO - Started process (PID=2076) to work on /home/airflow/.local/lib/python3.8/site-packages/airflow/example_dags/example_xcom.py
[2025-07-14T12:50:31.291+0000] {processor.py:830} INFO - Processing file /home/airflow/.local/lib/python3.8/site-packages/airflow/example_dags/example_xcom.py for tasks to queue
[2025-07-14T12:50:31.300+0000] {logging_mixin.py:188} INFO - [2025-07-14T12:50:31.300+0000] {dagbag.py:538} INFO - Filling up the DagBag from /home/airflow/.local/lib/python3.8/site-packages/airflow/example_dags/example_xcom.py
[2025-07-14T12:50:31.342+0000] {processor.py:840} INFO - DAG(s) 'example_xcom' retrieved from /home/airflow/.local/lib/python3.8/site-packages/airflow/example_dags/example_xcom.py
[2025-07-14T12:50:31.393+0000] {logging_mixin.py:188} INFO - [2025-07-14T12:50:31.393+0000] {dag.py:3036} INFO - Sync 1 DAGs
[2025-07-14T12:50:31.450+0000] {logging_mixin.py:188} INFO - [2025-07-14T12:50:31.450+0000] {dag.py:3823} INFO - Setting next_dagrun for example_xcom to 2021-01-01 00:00:00+00:00, run_after=2021-01-01 00:00:00+00:00
[2025-07-14T12:50:31.525+0000] {processor.py:183} INFO - Processing /home/airflow/.local/lib/python3.8/site-packages/airflow/example_dags/example_xcom.py took 0.246 seconds
[2025-07-14T12:51:02.495+0000] {processor.py:161} INFO - Started process (PID=2136) to work on /home/airflow/.local/lib/python3.8/site-packages/airflow/example_dags/example_xcom.py
[2025-07-14T12:51:02.497+0000] {processor.py:830} INFO - Processing file /home/airflow/.local/lib/python3.8/site-packages/airflow/example_dags/example_xcom.py for tasks to queue
[2025-07-14T12:51:02.501+0000] {logging_mixin.py:188} INFO - [2025-07-14T12:51:02.500+0000] {dagbag.py:538} INFO - Filling up the DagBag from /home/airflow/.local/lib/python3.8/site-packages/airflow/example_dags/example_xcom.py
[2025-07-14T12:51:02.513+0000] {processor.py:840} INFO - DAG(s) 'example_xcom' retrieved from /home/airflow/.local/lib/python3.8/site-packages/airflow/example_dags/example_xcom.py
[2025-07-14T12:51:02.554+0000] {logging_mixin.py:188} INFO - [2025-07-14T12:51:02.553+0000] {dag.py:3036} INFO - Sync 1 DAGs
[2025-07-14T12:51:02.588+0000] {logging_mixin.py:188} INFO - [2025-07-14T12:51:02.588+0000] {dag.py:3823} INFO - Setting next_dagrun for example_xcom to 2021-01-01 00:00:00+00:00, run_after=2021-01-01 00:00:00+00:00
[2025-07-14T12:51:02.626+0000] {processor.py:183} INFO - Processing /home/airflow/.local/lib/python3.8/site-packages/airflow/example_dags/example_xcom.py took 0.140 seconds
[2025-07-14T12:51:32.761+0000] {processor.py:161} INFO - Started process (PID=2195) to work on /home/airflow/.local/lib/python3.8/site-packages/airflow/example_dags/example_xcom.py
[2025-07-14T12:51:32.764+0000] {processor.py:830} INFO - Processing file /home/airflow/.local/lib/python3.8/site-packages/airflow/example_dags/example_xcom.py for tasks to queue
[2025-07-14T12:51:32.767+0000] {logging_mixin.py:188} INFO - [2025-07-14T12:51:32.766+0000] {dagbag.py:538} INFO - Filling up the DagBag from /home/airflow/.local/lib/python3.8/site-packages/airflow/example_dags/example_xcom.py
[2025-07-14T12:51:32.792+0000] {processor.py:840} INFO - DAG(s) 'example_xcom' retrieved from /home/airflow/.local/lib/python3.8/site-packages/airflow/example_dags/example_xcom.py
[2025-07-14T12:51:32.837+0000] {logging_mixin.py:188} INFO - [2025-07-14T12:51:32.837+0000] {dag.py:3036} INFO - Sync 1 DAGs
[2025-07-14T12:51:32.879+0000] {logging_mixin.py:188} INFO - [2025-07-14T12:51:32.878+0000] {dag.py:3823} INFO - Setting next_dagrun for example_xcom to 2021-01-01 00:00:00+00:00, run_after=2021-01-01 00:00:00+00:00
[2025-07-14T12:51:32.915+0000] {processor.py:183} INFO - Processing /home/airflow/.local/lib/python3.8/site-packages/airflow/example_dags/example_xcom.py took 0.161 seconds
[2025-07-14T12:52:03.108+0000] {processor.py:161} INFO - Started process (PID=2254) to work on /home/airflow/.local/lib/python3.8/site-packages/airflow/example_dags/example_xcom.py
[2025-07-14T12:52:03.110+0000] {processor.py:830} INFO - Processing file /home/airflow/.local/lib/python3.8/site-packages/airflow/example_dags/example_xcom.py for tasks to queue
[2025-07-14T12:52:03.115+0000] {logging_mixin.py:188} INFO - [2025-07-14T12:52:03.114+0000] {dagbag.py:538} INFO - Filling up the DagBag from /home/airflow/.local/lib/python3.8/site-packages/airflow/example_dags/example_xcom.py
[2025-07-14T12:52:03.130+0000] {processor.py:840} INFO - DAG(s) 'example_xcom' retrieved from /home/airflow/.local/lib/python3.8/site-packages/airflow/example_dags/example_xcom.py
[2025-07-14T12:52:03.166+0000] {logging_mixin.py:188} INFO - [2025-07-14T12:52:03.165+0000] {dag.py:3036} INFO - Sync 1 DAGs
[2025-07-14T12:52:03.198+0000] {logging_mixin.py:188} INFO - [2025-07-14T12:52:03.197+0000] {dag.py:3823} INFO - Setting next_dagrun for example_xcom to 2021-01-01 00:00:00+00:00, run_after=2021-01-01 00:00:00+00:00
[2025-07-14T12:52:03.241+0000] {processor.py:183} INFO - Processing /home/airflow/.local/lib/python3.8/site-packages/airflow/example_dags/example_xcom.py took 0.141 seconds
[2025-07-14T12:52:33.428+0000] {processor.py:161} INFO - Started process (PID=2314) to work on /home/airflow/.local/lib/python3.8/site-packages/airflow/example_dags/example_xcom.py
[2025-07-14T12:52:33.430+0000] {processor.py:830} INFO - Processing file /home/airflow/.local/lib/python3.8/site-packages/airflow/example_dags/example_xcom.py for tasks to queue
[2025-07-14T12:52:33.433+0000] {logging_mixin.py:188} INFO - [2025-07-14T12:52:33.432+0000] {dagbag.py:538} INFO - Filling up the DagBag from /home/airflow/.local/lib/python3.8/site-packages/airflow/example_dags/example_xcom.py
[2025-07-14T12:52:33.443+0000] {processor.py:840} INFO - DAG(s) 'example_xcom' retrieved from /home/airflow/.local/lib/python3.8/site-packages/airflow/example_dags/example_xcom.py
[2025-07-14T12:52:33.476+0000] {logging_mixin.py:188} INFO - [2025-07-14T12:52:33.475+0000] {dag.py:3036} INFO - Sync 1 DAGs
[2025-07-14T12:52:33.507+0000] {logging_mixin.py:188} INFO - [2025-07-14T12:52:33.506+0000] {dag.py:3823} INFO - Setting next_dagrun for example_xcom to 2021-01-01 00:00:00+00:00, run_after=2021-01-01 00:00:00+00:00
[2025-07-14T12:52:33.539+0000] {processor.py:183} INFO - Processing /home/airflow/.local/lib/python3.8/site-packages/airflow/example_dags/example_xcom.py took 0.115 seconds
[2025-07-14T12:53:04.141+0000] {processor.py:161} INFO - Started process (PID=2374) to work on /home/airflow/.local/lib/python3.8/site-packages/airflow/example_dags/example_xcom.py
[2025-07-14T12:53:04.151+0000] {processor.py:830} INFO - Processing file /home/airflow/.local/lib/python3.8/site-packages/airflow/example_dags/example_xcom.py for tasks to queue
[2025-07-14T12:53:04.155+0000] {logging_mixin.py:188} INFO - [2025-07-14T12:53:04.155+0000] {dagbag.py:538} INFO - Filling up the DagBag from /home/airflow/.local/lib/python3.8/site-packages/airflow/example_dags/example_xcom.py
[2025-07-14T12:53:04.274+0000] {processor.py:840} INFO - DAG(s) 'example_xcom' retrieved from /home/airflow/.local/lib/python3.8/site-packages/airflow/example_dags/example_xcom.py
[2025-07-14T12:53:04.358+0000] {logging_mixin.py:188} INFO - [2025-07-14T12:53:04.358+0000] {dag.py:3036} INFO - Sync 1 DAGs
[2025-07-14T12:53:04.406+0000] {logging_mixin.py:188} INFO - [2025-07-14T12:53:04.406+0000] {dag.py:3823} INFO - Setting next_dagrun for example_xcom to 2021-01-01 00:00:00+00:00, run_after=2021-01-01 00:00:00+00:00
[2025-07-14T12:53:04.443+0000] {processor.py:183} INFO - Processing /home/airflow/.local/lib/python3.8/site-packages/airflow/example_dags/example_xcom.py took 0.335 seconds
[2025-07-14T12:53:34.578+0000] {processor.py:161} INFO - Started process (PID=2433) to work on /home/airflow/.local/lib/python3.8/site-packages/airflow/example_dags/example_xcom.py
[2025-07-14T12:53:34.579+0000] {processor.py:830} INFO - Processing file /home/airflow/.local/lib/python3.8/site-packages/airflow/example_dags/example_xcom.py for tasks to queue
[2025-07-14T12:53:34.585+0000] {logging_mixin.py:188} INFO - [2025-07-14T12:53:34.583+0000] {dagbag.py:538} INFO - Filling up the DagBag from /home/airflow/.local/lib/python3.8/site-packages/airflow/example_dags/example_xcom.py
[2025-07-14T12:53:34.604+0000] {processor.py:840} INFO - DAG(s) 'example_xcom' retrieved from /home/airflow/.local/lib/python3.8/site-packages/airflow/example_dags/example_xcom.py
[2025-07-14T12:53:34.660+0000] {logging_mixin.py:188} INFO - [2025-07-14T12:53:34.660+0000] {dag.py:3036} INFO - Sync 1 DAGs
[2025-07-14T12:53:34.732+0000] {logging_mixin.py:188} INFO - [2025-07-14T12:53:34.732+0000] {dag.py:3823} INFO - Setting next_dagrun for example_xcom to 2021-01-01 00:00:00+00:00, run_after=2021-01-01 00:00:00+00:00
[2025-07-14T12:53:34.782+0000] {processor.py:183} INFO - Processing /home/airflow/.local/lib/python3.8/site-packages/airflow/example_dags/example_xcom.py took 0.214 seconds
[2025-07-14T12:54:05.565+0000] {processor.py:161} INFO - Started process (PID=2493) to work on /home/airflow/.local/lib/python3.8/site-packages/airflow/example_dags/example_xcom.py
[2025-07-14T12:54:05.567+0000] {processor.py:830} INFO - Processing file /home/airflow/.local/lib/python3.8/site-packages/airflow/example_dags/example_xcom.py for tasks to queue
[2025-07-14T12:54:05.570+0000] {logging_mixin.py:188} INFO - [2025-07-14T12:54:05.569+0000] {dagbag.py:538} INFO - Filling up the DagBag from /home/airflow/.local/lib/python3.8/site-packages/airflow/example_dags/example_xcom.py
[2025-07-14T12:54:05.585+0000] {processor.py:840} INFO - DAG(s) 'example_xcom' retrieved from /home/airflow/.local/lib/python3.8/site-packages/airflow/example_dags/example_xcom.py
[2025-07-14T12:54:05.625+0000] {logging_mixin.py:188} INFO - [2025-07-14T12:54:05.624+0000] {dag.py:3036} INFO - Sync 1 DAGs
[2025-07-14T12:54:05.659+0000] {logging_mixin.py:188} INFO - [2025-07-14T12:54:05.658+0000] {dag.py:3823} INFO - Setting next_dagrun for example_xcom to 2021-01-01 00:00:00+00:00, run_after=2021-01-01 00:00:00+00:00
[2025-07-14T12:54:05.687+0000] {processor.py:183} INFO - Processing /home/airflow/.local/lib/python3.8/site-packages/airflow/example_dags/example_xcom.py took 0.128 seconds
[2025-07-14T12:54:36.078+0000] {processor.py:161} INFO - Started process (PID=2554) to work on /home/airflow/.local/lib/python3.8/site-packages/airflow/example_dags/example_xcom.py
[2025-07-14T12:54:36.080+0000] {processor.py:830} INFO - Processing file /home/airflow/.local/lib/python3.8/site-packages/airflow/example_dags/example_xcom.py for tasks to queue
[2025-07-14T12:54:36.083+0000] {logging_mixin.py:188} INFO - [2025-07-14T12:54:36.083+0000] {dagbag.py:538} INFO - Filling up the DagBag from /home/airflow/.local/lib/python3.8/site-packages/airflow/example_dags/example_xcom.py
[2025-07-14T12:54:36.099+0000] {processor.py:840} INFO - DAG(s) 'example_xcom' retrieved from /home/airflow/.local/lib/python3.8/site-packages/airflow/example_dags/example_xcom.py
[2025-07-14T12:54:36.135+0000] {logging_mixin.py:188} INFO - [2025-07-14T12:54:36.135+0000] {dag.py:3036} INFO - Sync 1 DAGs
[2025-07-14T12:54:36.170+0000] {logging_mixin.py:188} INFO - [2025-07-14T12:54:36.170+0000] {dag.py:3823} INFO - Setting next_dagrun for example_xcom to 2021-01-01 00:00:00+00:00, run_after=2021-01-01 00:00:00+00:00
[2025-07-14T12:54:36.202+0000] {processor.py:183} INFO - Processing /home/airflow/.local/lib/python3.8/site-packages/airflow/example_dags/example_xcom.py took 0.128 seconds
[2025-07-14T12:55:06.925+0000] {processor.py:161} INFO - Started process (PID=2612) to work on /home/airflow/.local/lib/python3.8/site-packages/airflow/example_dags/example_xcom.py
[2025-07-14T12:55:06.930+0000] {processor.py:830} INFO - Processing file /home/airflow/.local/lib/python3.8/site-packages/airflow/example_dags/example_xcom.py for tasks to queue
[2025-07-14T12:55:06.940+0000] {logging_mixin.py:188} INFO - [2025-07-14T12:55:06.940+0000] {dagbag.py:538} INFO - Filling up the DagBag from /home/airflow/.local/lib/python3.8/site-packages/airflow/example_dags/example_xcom.py
[2025-07-14T12:55:06.992+0000] {processor.py:840} INFO - DAG(s) 'example_xcom' retrieved from /home/airflow/.local/lib/python3.8/site-packages/airflow/example_dags/example_xcom.py
[2025-07-14T12:55:07.141+0000] {logging_mixin.py:188} INFO - [2025-07-14T12:55:07.137+0000] {dag.py:3036} INFO - Sync 1 DAGs
[2025-07-14T12:55:07.220+0000] {logging_mixin.py:188} INFO - [2025-07-14T12:55:07.219+0000] {dag.py:3823} INFO - Setting next_dagrun for example_xcom to 2021-01-01 00:00:00+00:00, run_after=2021-01-01 00:00:00+00:00
[2025-07-14T12:55:07.270+0000] {processor.py:183} INFO - Processing /home/airflow/.local/lib/python3.8/site-packages/airflow/example_dags/example_xcom.py took 0.357 seconds
[2025-07-14T12:55:37.606+0000] {processor.py:161} INFO - Started process (PID=2671) to work on /home/airflow/.local/lib/python3.8/site-packages/airflow/example_dags/example_xcom.py
[2025-07-14T12:55:37.610+0000] {processor.py:830} INFO - Processing file /home/airflow/.local/lib/python3.8/site-packages/airflow/example_dags/example_xcom.py for tasks to queue
[2025-07-14T12:55:37.616+0000] {logging_mixin.py:188} INFO - [2025-07-14T12:55:37.615+0000] {dagbag.py:538} INFO - Filling up the DagBag from /home/airflow/.local/lib/python3.8/site-packages/airflow/example_dags/example_xcom.py
[2025-07-14T12:55:37.641+0000] {processor.py:840} INFO - DAG(s) 'example_xcom' retrieved from /home/airflow/.local/lib/python3.8/site-packages/airflow/example_dags/example_xcom.py
[2025-07-14T12:55:37.723+0000] {logging_mixin.py:188} INFO - [2025-07-14T12:55:37.722+0000] {dag.py:3036} INFO - Sync 1 DAGs
[2025-07-14T12:55:37.948+0000] {logging_mixin.py:188} INFO - [2025-07-14T12:55:37.946+0000] {dag.py:3823} INFO - Setting next_dagrun for example_xcom to 2021-01-01 00:00:00+00:00, run_after=2021-01-01 00:00:00+00:00
[2025-07-14T12:55:38.767+0000] {processor.py:183} INFO - Processing /home/airflow/.local/lib/python3.8/site-packages/airflow/example_dags/example_xcom.py took 1.203 seconds
[2025-07-14T12:56:09.220+0000] {processor.py:161} INFO - Started process (PID=2731) to work on /home/airflow/.local/lib/python3.8/site-packages/airflow/example_dags/example_xcom.py
[2025-07-14T12:56:09.224+0000] {processor.py:830} INFO - Processing file /home/airflow/.local/lib/python3.8/site-packages/airflow/example_dags/example_xcom.py for tasks to queue
[2025-07-14T12:56:09.228+0000] {logging_mixin.py:188} INFO - [2025-07-14T12:56:09.228+0000] {dagbag.py:538} INFO - Filling up the DagBag from /home/airflow/.local/lib/python3.8/site-packages/airflow/example_dags/example_xcom.py
[2025-07-14T12:56:09.250+0000] {processor.py:840} INFO - DAG(s) 'example_xcom' retrieved from /home/airflow/.local/lib/python3.8/site-packages/airflow/example_dags/example_xcom.py
[2025-07-14T12:56:09.309+0000] {logging_mixin.py:188} INFO - [2025-07-14T12:56:09.309+0000] {dag.py:3036} INFO - Sync 1 DAGs
[2025-07-14T12:56:09.365+0000] {logging_mixin.py:188} INFO - [2025-07-14T12:56:09.365+0000] {dag.py:3823} INFO - Setting next_dagrun for example_xcom to 2021-01-01 00:00:00+00:00, run_after=2021-01-01 00:00:00+00:00
[2025-07-14T12:56:09.418+0000] {processor.py:183} INFO - Processing /home/airflow/.local/lib/python3.8/site-packages/airflow/example_dags/example_xcom.py took 0.208 seconds
[2025-07-14T12:56:39.703+0000] {processor.py:161} INFO - Started process (PID=2789) to work on /home/airflow/.local/lib/python3.8/site-packages/airflow/example_dags/example_xcom.py
[2025-07-14T12:56:39.705+0000] {processor.py:830} INFO - Processing file /home/airflow/.local/lib/python3.8/site-packages/airflow/example_dags/example_xcom.py for tasks to queue
[2025-07-14T12:56:39.711+0000] {logging_mixin.py:188} INFO - [2025-07-14T12:56:39.711+0000] {dagbag.py:538} INFO - Filling up the DagBag from /home/airflow/.local/lib/python3.8/site-packages/airflow/example_dags/example_xcom.py
[2025-07-14T12:56:39.744+0000] {processor.py:840} INFO - DAG(s) 'example_xcom' retrieved from /home/airflow/.local/lib/python3.8/site-packages/airflow/example_dags/example_xcom.py
[2025-07-14T12:56:39.806+0000] {logging_mixin.py:188} INFO - [2025-07-14T12:56:39.806+0000] {dag.py:3036} INFO - Sync 1 DAGs
[2025-07-14T12:56:39.872+0000] {logging_mixin.py:188} INFO - [2025-07-14T12:56:39.872+0000] {dag.py:3823} INFO - Setting next_dagrun for example_xcom to 2021-01-01 00:00:00+00:00, run_after=2021-01-01 00:00:00+00:00
[2025-07-14T12:56:39.920+0000] {processor.py:183} INFO - Processing /home/airflow/.local/lib/python3.8/site-packages/airflow/example_dags/example_xcom.py took 0.226 seconds
[2025-07-14T12:57:09.989+0000] {processor.py:161} INFO - Started process (PID=2850) to work on /home/airflow/.local/lib/python3.8/site-packages/airflow/example_dags/example_xcom.py
[2025-07-14T12:57:10.000+0000] {processor.py:830} INFO - Processing file /home/airflow/.local/lib/python3.8/site-packages/airflow/example_dags/example_xcom.py for tasks to queue
[2025-07-14T12:57:10.011+0000] {logging_mixin.py:188} INFO - [2025-07-14T12:57:10.010+0000] {dagbag.py:538} INFO - Filling up the DagBag from /home/airflow/.local/lib/python3.8/site-packages/airflow/example_dags/example_xcom.py
[2025-07-14T12:57:10.036+0000] {processor.py:840} INFO - DAG(s) 'example_xcom' retrieved from /home/airflow/.local/lib/python3.8/site-packages/airflow/example_dags/example_xcom.py
[2025-07-14T12:57:10.107+0000] {logging_mixin.py:188} INFO - [2025-07-14T12:57:10.107+0000] {dag.py:3036} INFO - Sync 1 DAGs
[2025-07-14T12:57:10.161+0000] {logging_mixin.py:188} INFO - [2025-07-14T12:57:10.160+0000] {dag.py:3823} INFO - Setting next_dagrun for example_xcom to 2021-01-01 00:00:00+00:00, run_after=2021-01-01 00:00:00+00:00
[2025-07-14T12:57:10.224+0000] {processor.py:183} INFO - Processing /home/airflow/.local/lib/python3.8/site-packages/airflow/example_dags/example_xcom.py took 0.241 seconds
[2025-07-14T12:57:40.684+0000] {processor.py:161} INFO - Started process (PID=2909) to work on /home/airflow/.local/lib/python3.8/site-packages/airflow/example_dags/example_xcom.py
[2025-07-14T12:57:40.687+0000] {processor.py:830} INFO - Processing file /home/airflow/.local/lib/python3.8/site-packages/airflow/example_dags/example_xcom.py for tasks to queue
[2025-07-14T12:57:40.694+0000] {logging_mixin.py:188} INFO - [2025-07-14T12:57:40.694+0000] {dagbag.py:538} INFO - Filling up the DagBag from /home/airflow/.local/lib/python3.8/site-packages/airflow/example_dags/example_xcom.py
[2025-07-14T12:57:40.716+0000] {processor.py:840} INFO - DAG(s) 'example_xcom' retrieved from /home/airflow/.local/lib/python3.8/site-packages/airflow/example_dags/example_xcom.py
[2025-07-14T12:57:40.755+0000] {logging_mixin.py:188} INFO - [2025-07-14T12:57:40.754+0000] {dag.py:3036} INFO - Sync 1 DAGs
[2025-07-14T12:57:41.062+0000] {logging_mixin.py:188} INFO - [2025-07-14T12:57:41.061+0000] {dag.py:3823} INFO - Setting next_dagrun for example_xcom to 2021-01-01 00:00:00+00:00, run_after=2021-01-01 00:00:00+00:00
[2025-07-14T12:57:41.109+0000] {processor.py:183} INFO - Processing /home/airflow/.local/lib/python3.8/site-packages/airflow/example_dags/example_xcom.py took 0.431 seconds
[2025-07-14T12:58:11.325+0000] {processor.py:161} INFO - Started process (PID=2969) to work on /home/airflow/.local/lib/python3.8/site-packages/airflow/example_dags/example_xcom.py
[2025-07-14T12:58:11.328+0000] {processor.py:830} INFO - Processing file /home/airflow/.local/lib/python3.8/site-packages/airflow/example_dags/example_xcom.py for tasks to queue
[2025-07-14T12:58:11.348+0000] {logging_mixin.py:188} INFO - [2025-07-14T12:58:11.347+0000] {dagbag.py:538} INFO - Filling up the DagBag from /home/airflow/.local/lib/python3.8/site-packages/airflow/example_dags/example_xcom.py
[2025-07-14T12:58:11.378+0000] {processor.py:840} INFO - DAG(s) 'example_xcom' retrieved from /home/airflow/.local/lib/python3.8/site-packages/airflow/example_dags/example_xcom.py
[2025-07-14T12:58:11.441+0000] {logging_mixin.py:188} INFO - [2025-07-14T12:58:11.440+0000] {dag.py:3036} INFO - Sync 1 DAGs
[2025-07-14T12:58:11.928+0000] {logging_mixin.py:188} INFO - [2025-07-14T12:58:11.926+0000] {dag.py:3823} INFO - Setting next_dagrun for example_xcom to 2021-01-01 00:00:00+00:00, run_after=2021-01-01 00:00:00+00:00
[2025-07-14T12:58:12.098+0000] {processor.py:183} INFO - Processing /home/airflow/.local/lib/python3.8/site-packages/airflow/example_dags/example_xcom.py took 0.778 seconds
[2025-07-14T12:58:42.411+0000] {processor.py:161} INFO - Started process (PID=3028) to work on /home/airflow/.local/lib/python3.8/site-packages/airflow/example_dags/example_xcom.py
[2025-07-14T12:58:42.413+0000] {processor.py:830} INFO - Processing file /home/airflow/.local/lib/python3.8/site-packages/airflow/example_dags/example_xcom.py for tasks to queue
[2025-07-14T12:58:42.417+0000] {logging_mixin.py:188} INFO - [2025-07-14T12:58:42.416+0000] {dagbag.py:538} INFO - Filling up the DagBag from /home/airflow/.local/lib/python3.8/site-packages/airflow/example_dags/example_xcom.py
[2025-07-14T12:58:42.444+0000] {processor.py:840} INFO - DAG(s) 'example_xcom' retrieved from /home/airflow/.local/lib/python3.8/site-packages/airflow/example_dags/example_xcom.py
[2025-07-14T12:58:42.495+0000] {logging_mixin.py:188} INFO - [2025-07-14T12:58:42.494+0000] {dag.py:3036} INFO - Sync 1 DAGs
[2025-07-14T12:58:42.566+0000] {logging_mixin.py:188} INFO - [2025-07-14T12:58:42.566+0000] {dag.py:3823} INFO - Setting next_dagrun for example_xcom to 2021-01-01 00:00:00+00:00, run_after=2021-01-01 00:00:00+00:00
[2025-07-14T12:58:42.882+0000] {processor.py:183} INFO - Processing /home/airflow/.local/lib/python3.8/site-packages/airflow/example_dags/example_xcom.py took 0.480 seconds
[2025-07-14T12:59:13.000+0000] {processor.py:161} INFO - Started process (PID=3088) to work on /home/airflow/.local/lib/python3.8/site-packages/airflow/example_dags/example_xcom.py
[2025-07-14T12:59:13.001+0000] {processor.py:830} INFO - Processing file /home/airflow/.local/lib/python3.8/site-packages/airflow/example_dags/example_xcom.py for tasks to queue
[2025-07-14T12:59:13.005+0000] {logging_mixin.py:188} INFO - [2025-07-14T12:59:13.004+0000] {dagbag.py:538} INFO - Filling up the DagBag from /home/airflow/.local/lib/python3.8/site-packages/airflow/example_dags/example_xcom.py
[2025-07-14T12:59:13.020+0000] {processor.py:840} INFO - DAG(s) 'example_xcom' retrieved from /home/airflow/.local/lib/python3.8/site-packages/airflow/example_dags/example_xcom.py
[2025-07-14T12:59:13.058+0000] {logging_mixin.py:188} INFO - [2025-07-14T12:59:13.057+0000] {dag.py:3036} INFO - Sync 1 DAGs
[2025-07-14T12:59:13.114+0000] {logging_mixin.py:188} INFO - [2025-07-14T12:59:13.114+0000] {dag.py:3823} INFO - Setting next_dagrun for example_xcom to 2021-01-01 00:00:00+00:00, run_after=2021-01-01 00:00:00+00:00
[2025-07-14T12:59:13.153+0000] {processor.py:183} INFO - Processing /home/airflow/.local/lib/python3.8/site-packages/airflow/example_dags/example_xcom.py took 0.160 seconds
[2025-07-14T12:59:43.685+0000] {processor.py:161} INFO - Started process (PID=3148) to work on /home/airflow/.local/lib/python3.8/site-packages/airflow/example_dags/example_xcom.py
[2025-07-14T12:59:43.688+0000] {processor.py:830} INFO - Processing file /home/airflow/.local/lib/python3.8/site-packages/airflow/example_dags/example_xcom.py for tasks to queue
[2025-07-14T12:59:43.699+0000] {logging_mixin.py:188} INFO - [2025-07-14T12:59:43.698+0000] {dagbag.py:538} INFO - Filling up the DagBag from /home/airflow/.local/lib/python3.8/site-packages/airflow/example_dags/example_xcom.py
[2025-07-14T12:59:43.718+0000] {processor.py:840} INFO - DAG(s) 'example_xcom' retrieved from /home/airflow/.local/lib/python3.8/site-packages/airflow/example_dags/example_xcom.py
[2025-07-14T12:59:43.766+0000] {logging_mixin.py:188} INFO - [2025-07-14T12:59:43.765+0000] {dag.py:3036} INFO - Sync 1 DAGs
[2025-07-14T12:59:43.804+0000] {logging_mixin.py:188} INFO - [2025-07-14T12:59:43.803+0000] {dag.py:3823} INFO - Setting next_dagrun for example_xcom to 2021-01-01 00:00:00+00:00, run_after=2021-01-01 00:00:00+00:00
[2025-07-14T12:59:43.844+0000] {processor.py:183} INFO - Processing /home/airflow/.local/lib/python3.8/site-packages/airflow/example_dags/example_xcom.py took 0.166 seconds
[2025-07-14T13:00:14.628+0000] {processor.py:161} INFO - Started process (PID=3208) to work on /home/airflow/.local/lib/python3.8/site-packages/airflow/example_dags/example_xcom.py
[2025-07-14T13:00:14.629+0000] {processor.py:830} INFO - Processing file /home/airflow/.local/lib/python3.8/site-packages/airflow/example_dags/example_xcom.py for tasks to queue
[2025-07-14T13:00:14.633+0000] {logging_mixin.py:188} INFO - [2025-07-14T13:00:14.632+0000] {dagbag.py:538} INFO - Filling up the DagBag from /home/airflow/.local/lib/python3.8/site-packages/airflow/example_dags/example_xcom.py
[2025-07-14T13:00:14.653+0000] {processor.py:840} INFO - DAG(s) 'example_xcom' retrieved from /home/airflow/.local/lib/python3.8/site-packages/airflow/example_dags/example_xcom.py
[2025-07-14T13:00:14.696+0000] {logging_mixin.py:188} INFO - [2025-07-14T13:00:14.696+0000] {dag.py:3036} INFO - Sync 1 DAGs
[2025-07-14T13:00:14.740+0000] {logging_mixin.py:188} INFO - [2025-07-14T13:00:14.739+0000] {dag.py:3823} INFO - Setting next_dagrun for example_xcom to 2021-01-01 00:00:00+00:00, run_after=2021-01-01 00:00:00+00:00
[2025-07-14T13:00:14.793+0000] {processor.py:183} INFO - Processing /home/airflow/.local/lib/python3.8/site-packages/airflow/example_dags/example_xcom.py took 0.171 seconds
[2025-07-14T13:00:45.789+0000] {processor.py:161} INFO - Started process (PID=3268) to work on /home/airflow/.local/lib/python3.8/site-packages/airflow/example_dags/example_xcom.py
[2025-07-14T13:00:45.798+0000] {processor.py:830} INFO - Processing file /home/airflow/.local/lib/python3.8/site-packages/airflow/example_dags/example_xcom.py for tasks to queue
[2025-07-14T13:00:45.812+0000] {logging_mixin.py:188} INFO - [2025-07-14T13:00:45.809+0000] {dagbag.py:538} INFO - Filling up the DagBag from /home/airflow/.local/lib/python3.8/site-packages/airflow/example_dags/example_xcom.py
[2025-07-14T13:00:45.830+0000] {processor.py:840} INFO - DAG(s) 'example_xcom' retrieved from /home/airflow/.local/lib/python3.8/site-packages/airflow/example_dags/example_xcom.py
[2025-07-14T13:00:45.877+0000] {logging_mixin.py:188} INFO - [2025-07-14T13:00:45.876+0000] {dag.py:3036} INFO - Sync 1 DAGs
[2025-07-14T13:00:45.914+0000] {logging_mixin.py:188} INFO - [2025-07-14T13:00:45.914+0000] {dag.py:3823} INFO - Setting next_dagrun for example_xcom to 2021-01-01 00:00:00+00:00, run_after=2021-01-01 00:00:00+00:00
[2025-07-14T13:00:45.955+0000] {processor.py:183} INFO - Processing /home/airflow/.local/lib/python3.8/site-packages/airflow/example_dags/example_xcom.py took 0.177 seconds
[2025-07-14T13:01:16.230+0000] {processor.py:161} INFO - Started process (PID=3328) to work on /home/airflow/.local/lib/python3.8/site-packages/airflow/example_dags/example_xcom.py
[2025-07-14T13:01:16.233+0000] {processor.py:830} INFO - Processing file /home/airflow/.local/lib/python3.8/site-packages/airflow/example_dags/example_xcom.py for tasks to queue
[2025-07-14T13:01:16.239+0000] {logging_mixin.py:188} INFO - [2025-07-14T13:01:16.238+0000] {dagbag.py:538} INFO - Filling up the DagBag from /home/airflow/.local/lib/python3.8/site-packages/airflow/example_dags/example_xcom.py
[2025-07-14T13:01:16.257+0000] {processor.py:840} INFO - DAG(s) 'example_xcom' retrieved from /home/airflow/.local/lib/python3.8/site-packages/airflow/example_dags/example_xcom.py
[2025-07-14T13:01:16.330+0000] {logging_mixin.py:188} INFO - [2025-07-14T13:01:16.330+0000] {dag.py:3036} INFO - Sync 1 DAGs
[2025-07-14T13:01:16.390+0000] {logging_mixin.py:188} INFO - [2025-07-14T13:01:16.390+0000] {dag.py:3823} INFO - Setting next_dagrun for example_xcom to 2021-01-01 00:00:00+00:00, run_after=2021-01-01 00:00:00+00:00
[2025-07-14T13:01:16.446+0000] {processor.py:183} INFO - Processing /home/airflow/.local/lib/python3.8/site-packages/airflow/example_dags/example_xcom.py took 0.224 seconds
[2025-07-14T13:01:47.160+0000] {processor.py:161} INFO - Started process (PID=3388) to work on /home/airflow/.local/lib/python3.8/site-packages/airflow/example_dags/example_xcom.py
[2025-07-14T13:01:47.163+0000] {processor.py:830} INFO - Processing file /home/airflow/.local/lib/python3.8/site-packages/airflow/example_dags/example_xcom.py for tasks to queue
[2025-07-14T13:01:47.167+0000] {logging_mixin.py:188} INFO - [2025-07-14T13:01:47.166+0000] {dagbag.py:538} INFO - Filling up the DagBag from /home/airflow/.local/lib/python3.8/site-packages/airflow/example_dags/example_xcom.py
[2025-07-14T13:01:47.181+0000] {processor.py:840} INFO - DAG(s) 'example_xcom' retrieved from /home/airflow/.local/lib/python3.8/site-packages/airflow/example_dags/example_xcom.py
[2025-07-14T13:01:47.229+0000] {logging_mixin.py:188} INFO - [2025-07-14T13:01:47.229+0000] {dag.py:3036} INFO - Sync 1 DAGs
[2025-07-14T13:01:47.277+0000] {logging_mixin.py:188} INFO - [2025-07-14T13:01:47.277+0000] {dag.py:3823} INFO - Setting next_dagrun for example_xcom to 2021-01-01 00:00:00+00:00, run_after=2021-01-01 00:00:00+00:00
[2025-07-14T13:01:47.324+0000] {processor.py:183} INFO - Processing /home/airflow/.local/lib/python3.8/site-packages/airflow/example_dags/example_xcom.py took 0.170 seconds
[2025-07-14T13:02:17.723+0000] {processor.py:161} INFO - Started process (PID=3448) to work on /home/airflow/.local/lib/python3.8/site-packages/airflow/example_dags/example_xcom.py
[2025-07-14T13:02:17.725+0000] {processor.py:830} INFO - Processing file /home/airflow/.local/lib/python3.8/site-packages/airflow/example_dags/example_xcom.py for tasks to queue
[2025-07-14T13:02:17.729+0000] {logging_mixin.py:188} INFO - [2025-07-14T13:02:17.728+0000] {dagbag.py:538} INFO - Filling up the DagBag from /home/airflow/.local/lib/python3.8/site-packages/airflow/example_dags/example_xcom.py
[2025-07-14T13:02:17.744+0000] {processor.py:840} INFO - DAG(s) 'example_xcom' retrieved from /home/airflow/.local/lib/python3.8/site-packages/airflow/example_dags/example_xcom.py
[2025-07-14T13:02:17.800+0000] {logging_mixin.py:188} INFO - [2025-07-14T13:02:17.800+0000] {dag.py:3036} INFO - Sync 1 DAGs
[2025-07-14T13:02:17.847+0000] {logging_mixin.py:188} INFO - [2025-07-14T13:02:17.846+0000] {dag.py:3823} INFO - Setting next_dagrun for example_xcom to 2021-01-01 00:00:00+00:00, run_after=2021-01-01 00:00:00+00:00
[2025-07-14T13:02:17.887+0000] {processor.py:183} INFO - Processing /home/airflow/.local/lib/python3.8/site-packages/airflow/example_dags/example_xcom.py took 0.171 seconds
[2025-07-14T13:02:48.755+0000] {processor.py:161} INFO - Started process (PID=3506) to work on /home/airflow/.local/lib/python3.8/site-packages/airflow/example_dags/example_xcom.py
[2025-07-14T13:02:48.758+0000] {processor.py:830} INFO - Processing file /home/airflow/.local/lib/python3.8/site-packages/airflow/example_dags/example_xcom.py for tasks to queue
[2025-07-14T13:02:48.765+0000] {logging_mixin.py:188} INFO - [2025-07-14T13:02:48.762+0000] {dagbag.py:538} INFO - Filling up the DagBag from /home/airflow/.local/lib/python3.8/site-packages/airflow/example_dags/example_xcom.py
[2025-07-14T13:02:48.778+0000] {processor.py:840} INFO - DAG(s) 'example_xcom' retrieved from /home/airflow/.local/lib/python3.8/site-packages/airflow/example_dags/example_xcom.py
[2025-07-14T13:02:48.821+0000] {logging_mixin.py:188} INFO - [2025-07-14T13:02:48.821+0000] {dag.py:3036} INFO - Sync 1 DAGs
[2025-07-14T13:02:48.882+0000] {logging_mixin.py:188} INFO - [2025-07-14T13:02:48.881+0000] {dag.py:3823} INFO - Setting next_dagrun for example_xcom to 2021-01-01 00:00:00+00:00, run_after=2021-01-01 00:00:00+00:00
[2025-07-14T13:02:48.920+0000] {processor.py:183} INFO - Processing /home/airflow/.local/lib/python3.8/site-packages/airflow/example_dags/example_xcom.py took 0.178 seconds
[2025-07-14T13:03:19.451+0000] {processor.py:161} INFO - Started process (PID=3565) to work on /home/airflow/.local/lib/python3.8/site-packages/airflow/example_dags/example_xcom.py
[2025-07-14T13:03:19.456+0000] {processor.py:830} INFO - Processing file /home/airflow/.local/lib/python3.8/site-packages/airflow/example_dags/example_xcom.py for tasks to queue
[2025-07-14T13:03:19.463+0000] {logging_mixin.py:188} INFO - [2025-07-14T13:03:19.462+0000] {dagbag.py:538} INFO - Filling up the DagBag from /home/airflow/.local/lib/python3.8/site-packages/airflow/example_dags/example_xcom.py
[2025-07-14T13:03:19.501+0000] {processor.py:840} INFO - DAG(s) 'example_xcom' retrieved from /home/airflow/.local/lib/python3.8/site-packages/airflow/example_dags/example_xcom.py
[2025-07-14T13:03:19.543+0000] {logging_mixin.py:188} INFO - [2025-07-14T13:03:19.542+0000] {dag.py:3036} INFO - Sync 1 DAGs
[2025-07-14T13:03:19.589+0000] {logging_mixin.py:188} INFO - [2025-07-14T13:03:19.589+0000] {dag.py:3823} INFO - Setting next_dagrun for example_xcom to 2021-01-01 00:00:00+00:00, run_after=2021-01-01 00:00:00+00:00
[2025-07-14T13:03:19.629+0000] {processor.py:183} INFO - Processing /home/airflow/.local/lib/python3.8/site-packages/airflow/example_dags/example_xcom.py took 0.187 seconds
[2025-07-14T13:03:49.953+0000] {processor.py:161} INFO - Started process (PID=3624) to work on /home/airflow/.local/lib/python3.8/site-packages/airflow/example_dags/example_xcom.py
[2025-07-14T13:03:49.957+0000] {processor.py:830} INFO - Processing file /home/airflow/.local/lib/python3.8/site-packages/airflow/example_dags/example_xcom.py for tasks to queue
[2025-07-14T13:03:49.962+0000] {logging_mixin.py:188} INFO - [2025-07-14T13:03:49.960+0000] {dagbag.py:538} INFO - Filling up the DagBag from /home/airflow/.local/lib/python3.8/site-packages/airflow/example_dags/example_xcom.py
[2025-07-14T13:03:49.979+0000] {processor.py:840} INFO - DAG(s) 'example_xcom' retrieved from /home/airflow/.local/lib/python3.8/site-packages/airflow/example_dags/example_xcom.py
[2025-07-14T13:03:50.049+0000] {logging_mixin.py:188} INFO - [2025-07-14T13:03:50.049+0000] {dag.py:3036} INFO - Sync 1 DAGs
[2025-07-14T13:03:50.115+0000] {logging_mixin.py:188} INFO - [2025-07-14T13:03:50.115+0000] {dag.py:3823} INFO - Setting next_dagrun for example_xcom to 2021-01-01 00:00:00+00:00, run_after=2021-01-01 00:00:00+00:00
[2025-07-14T13:03:50.166+0000] {processor.py:183} INFO - Processing /home/airflow/.local/lib/python3.8/site-packages/airflow/example_dags/example_xcom.py took 0.226 seconds
[2025-07-14T13:04:20.211+0000] {processor.py:161} INFO - Started process (PID=3683) to work on /home/airflow/.local/lib/python3.8/site-packages/airflow/example_dags/example_xcom.py
[2025-07-14T13:04:20.213+0000] {processor.py:830} INFO - Processing file /home/airflow/.local/lib/python3.8/site-packages/airflow/example_dags/example_xcom.py for tasks to queue
[2025-07-14T13:04:20.217+0000] {logging_mixin.py:188} INFO - [2025-07-14T13:04:20.216+0000] {dagbag.py:538} INFO - Filling up the DagBag from /home/airflow/.local/lib/python3.8/site-packages/airflow/example_dags/example_xcom.py
[2025-07-14T13:04:20.228+0000] {processor.py:840} INFO - DAG(s) 'example_xcom' retrieved from /home/airflow/.local/lib/python3.8/site-packages/airflow/example_dags/example_xcom.py
[2025-07-14T13:04:20.265+0000] {logging_mixin.py:188} INFO - [2025-07-14T13:04:20.265+0000] {dag.py:3036} INFO - Sync 1 DAGs
[2025-07-14T13:04:20.317+0000] {logging_mixin.py:188} INFO - [2025-07-14T13:04:20.316+0000] {dag.py:3823} INFO - Setting next_dagrun for example_xcom to 2021-01-01 00:00:00+00:00, run_after=2021-01-01 00:00:00+00:00
[2025-07-14T13:04:20.354+0000] {processor.py:183} INFO - Processing /home/airflow/.local/lib/python3.8/site-packages/airflow/example_dags/example_xcom.py took 0.147 seconds
[2025-07-14T13:04:50.452+0000] {processor.py:161} INFO - Started process (PID=3743) to work on /home/airflow/.local/lib/python3.8/site-packages/airflow/example_dags/example_xcom.py
[2025-07-14T13:04:50.454+0000] {processor.py:830} INFO - Processing file /home/airflow/.local/lib/python3.8/site-packages/airflow/example_dags/example_xcom.py for tasks to queue
[2025-07-14T13:04:50.460+0000] {logging_mixin.py:188} INFO - [2025-07-14T13:04:50.459+0000] {dagbag.py:538} INFO - Filling up the DagBag from /home/airflow/.local/lib/python3.8/site-packages/airflow/example_dags/example_xcom.py
[2025-07-14T13:04:50.476+0000] {processor.py:840} INFO - DAG(s) 'example_xcom' retrieved from /home/airflow/.local/lib/python3.8/site-packages/airflow/example_dags/example_xcom.py
[2025-07-14T13:04:50.528+0000] {logging_mixin.py:188} INFO - [2025-07-14T13:04:50.527+0000] {dag.py:3036} INFO - Sync 1 DAGs
[2025-07-14T13:04:50.576+0000] {logging_mixin.py:188} INFO - [2025-07-14T13:04:50.575+0000] {dag.py:3823} INFO - Setting next_dagrun for example_xcom to 2021-01-01 00:00:00+00:00, run_after=2021-01-01 00:00:00+00:00
[2025-07-14T13:04:50.617+0000] {processor.py:183} INFO - Processing /home/airflow/.local/lib/python3.8/site-packages/airflow/example_dags/example_xcom.py took 0.171 seconds
[2025-07-14T13:05:20.930+0000] {processor.py:161} INFO - Started process (PID=3802) to work on /home/airflow/.local/lib/python3.8/site-packages/airflow/example_dags/example_xcom.py
[2025-07-14T13:05:20.932+0000] {processor.py:830} INFO - Processing file /home/airflow/.local/lib/python3.8/site-packages/airflow/example_dags/example_xcom.py for tasks to queue
[2025-07-14T13:05:20.941+0000] {logging_mixin.py:188} INFO - [2025-07-14T13:05:20.940+0000] {dagbag.py:538} INFO - Filling up the DagBag from /home/airflow/.local/lib/python3.8/site-packages/airflow/example_dags/example_xcom.py
[2025-07-14T13:05:20.962+0000] {processor.py:840} INFO - DAG(s) 'example_xcom' retrieved from /home/airflow/.local/lib/python3.8/site-packages/airflow/example_dags/example_xcom.py
[2025-07-14T13:05:21.027+0000] {logging_mixin.py:188} INFO - [2025-07-14T13:05:21.026+0000] {dag.py:3036} INFO - Sync 1 DAGs
[2025-07-14T13:05:21.082+0000] {logging_mixin.py:188} INFO - [2025-07-14T13:05:21.080+0000] {dag.py:3823} INFO - Setting next_dagrun for example_xcom to 2021-01-01 00:00:00+00:00, run_after=2021-01-01 00:00:00+00:00
[2025-07-14T13:05:21.146+0000] {processor.py:183} INFO - Processing /home/airflow/.local/lib/python3.8/site-packages/airflow/example_dags/example_xcom.py took 0.222 seconds
[2025-07-14T13:05:51.388+0000] {processor.py:161} INFO - Started process (PID=3862) to work on /home/airflow/.local/lib/python3.8/site-packages/airflow/example_dags/example_xcom.py
[2025-07-14T13:05:51.391+0000] {processor.py:830} INFO - Processing file /home/airflow/.local/lib/python3.8/site-packages/airflow/example_dags/example_xcom.py for tasks to queue
[2025-07-14T13:05:51.400+0000] {logging_mixin.py:188} INFO - [2025-07-14T13:05:51.397+0000] {dagbag.py:538} INFO - Filling up the DagBag from /home/airflow/.local/lib/python3.8/site-packages/airflow/example_dags/example_xcom.py
[2025-07-14T13:05:51.425+0000] {processor.py:840} INFO - DAG(s) 'example_xcom' retrieved from /home/airflow/.local/lib/python3.8/site-packages/airflow/example_dags/example_xcom.py
[2025-07-14T13:05:51.537+0000] {logging_mixin.py:188} INFO - [2025-07-14T13:05:51.536+0000] {dag.py:3036} INFO - Sync 1 DAGs
[2025-07-14T13:05:51.614+0000] {logging_mixin.py:188} INFO - [2025-07-14T13:05:51.613+0000] {dag.py:3823} INFO - Setting next_dagrun for example_xcom to 2021-01-01 00:00:00+00:00, run_after=2021-01-01 00:00:00+00:00
[2025-07-14T13:05:51.669+0000] {processor.py:183} INFO - Processing /home/airflow/.local/lib/python3.8/site-packages/airflow/example_dags/example_xcom.py took 0.287 seconds
