[2025-07-14T12:33:38.641+0000] {processor.py:161} INFO - Started process (PID=108) to work on /home/airflow/.local/lib/python3.8/site-packages/airflow/example_dags/example_branch_labels.py
[2025-07-14T12:33:38.657+0000] {processor.py:830} INFO - Processing file /home/airflow/.local/lib/python3.8/site-packages/airflow/example_dags/example_branch_labels.py for tasks to queue
[2025-07-14T12:33:38.703+0000] {logging_mixin.py:188} INFO - [2025-07-14T12:33:38.703+0000] {dagbag.py:538} INFO - Filling up the DagBag from /home/airflow/.local/lib/python3.8/site-packages/airflow/example_dags/example_branch_labels.py
[2025-07-14T12:33:38.742+0000] {processor.py:840} INFO - DAG(s) 'example_branch_labels' retrieved from /home/airflow/.local/lib/python3.8/site-packages/airflow/example_dags/example_branch_labels.py
[2025-07-14T12:33:38.866+0000] {logging_mixin.py:188} INFO - [2025-07-14T12:33:38.865+0000] {dag.py:3036} INFO - Sync 1 DAGs
[2025-07-14T12:33:38.951+0000] {logging_mixin.py:188} INFO - [2025-07-14T12:33:38.951+0000] {dag.py:3823} INFO - Setting next_dagrun for example_branch_labels to 2025-07-13 00:00:00+00:00, run_after=2025-07-14 00:00:00+00:00
[2025-07-14T12:33:38.986+0000] {processor.py:183} INFO - Processing /home/airflow/.local/lib/python3.8/site-packages/airflow/example_dags/example_branch_labels.py took 0.396 seconds
[2025-07-14T12:34:09.772+0000] {processor.py:161} INFO - Started process (PID=168) to work on /home/airflow/.local/lib/python3.8/site-packages/airflow/example_dags/example_branch_labels.py
[2025-07-14T12:34:09.776+0000] {processor.py:830} INFO - Processing file /home/airflow/.local/lib/python3.8/site-packages/airflow/example_dags/example_branch_labels.py for tasks to queue
[2025-07-14T12:34:09.780+0000] {logging_mixin.py:188} INFO - [2025-07-14T12:34:09.779+0000] {dagbag.py:538} INFO - Filling up the DagBag from /home/airflow/.local/lib/python3.8/site-packages/airflow/example_dags/example_branch_labels.py
[2025-07-14T12:34:09.797+0000] {processor.py:840} INFO - DAG(s) 'example_branch_labels' retrieved from /home/airflow/.local/lib/python3.8/site-packages/airflow/example_dags/example_branch_labels.py
[2025-07-14T12:34:09.838+0000] {logging_mixin.py:188} INFO - [2025-07-14T12:34:09.836+0000] {dag.py:3036} INFO - Sync 1 DAGs
[2025-07-14T12:34:09.878+0000] {logging_mixin.py:188} INFO - [2025-07-14T12:34:09.877+0000] {dag.py:3823} INFO - Setting next_dagrun for example_branch_labels to 2025-07-13 00:00:00+00:00, run_after=2025-07-14 00:00:00+00:00
[2025-07-14T12:34:09.918+0000] {processor.py:183} INFO - Processing /home/airflow/.local/lib/python3.8/site-packages/airflow/example_dags/example_branch_labels.py took 0.151 seconds
[2025-07-14T12:34:40.216+0000] {processor.py:161} INFO - Started process (PID=229) to work on /home/airflow/.local/lib/python3.8/site-packages/airflow/example_dags/example_branch_labels.py
[2025-07-14T12:34:40.230+0000] {processor.py:830} INFO - Processing file /home/airflow/.local/lib/python3.8/site-packages/airflow/example_dags/example_branch_labels.py for tasks to queue
[2025-07-14T12:34:40.233+0000] {logging_mixin.py:188} INFO - [2025-07-14T12:34:40.233+0000] {dagbag.py:538} INFO - Filling up the DagBag from /home/airflow/.local/lib/python3.8/site-packages/airflow/example_dags/example_branch_labels.py
[2025-07-14T12:34:40.276+0000] {processor.py:840} INFO - DAG(s) 'example_branch_labels' retrieved from /home/airflow/.local/lib/python3.8/site-packages/airflow/example_dags/example_branch_labels.py
[2025-07-14T12:34:40.663+0000] {logging_mixin.py:188} INFO - [2025-07-14T12:34:40.662+0000] {dag.py:3036} INFO - Sync 1 DAGs
[2025-07-14T12:34:40.832+0000] {logging_mixin.py:188} INFO - [2025-07-14T12:34:40.832+0000] {dag.py:3823} INFO - Setting next_dagrun for example_branch_labels to 2025-07-13 00:00:00+00:00, run_after=2025-07-14 00:00:00+00:00
[2025-07-14T12:34:40.882+0000] {processor.py:183} INFO - Processing /home/airflow/.local/lib/python3.8/site-packages/airflow/example_dags/example_branch_labels.py took 0.674 seconds
[2025-07-14T12:35:11.635+0000] {processor.py:161} INFO - Started process (PID=289) to work on /home/airflow/.local/lib/python3.8/site-packages/airflow/example_dags/example_branch_labels.py
[2025-07-14T12:35:11.653+0000] {processor.py:830} INFO - Processing file /home/airflow/.local/lib/python3.8/site-packages/airflow/example_dags/example_branch_labels.py for tasks to queue
[2025-07-14T12:35:11.660+0000] {logging_mixin.py:188} INFO - [2025-07-14T12:35:11.659+0000] {dagbag.py:538} INFO - Filling up the DagBag from /home/airflow/.local/lib/python3.8/site-packages/airflow/example_dags/example_branch_labels.py
[2025-07-14T12:35:11.710+0000] {processor.py:840} INFO - DAG(s) 'example_branch_labels' retrieved from /home/airflow/.local/lib/python3.8/site-packages/airflow/example_dags/example_branch_labels.py
[2025-07-14T12:35:11.780+0000] {logging_mixin.py:188} INFO - [2025-07-14T12:35:11.780+0000] {dag.py:3036} INFO - Sync 1 DAGs
[2025-07-14T12:35:11.883+0000] {logging_mixin.py:188} INFO - [2025-07-14T12:35:11.874+0000] {dag.py:3823} INFO - Setting next_dagrun for example_branch_labels to 2025-07-13 00:00:00+00:00, run_after=2025-07-14 00:00:00+00:00
[2025-07-14T12:35:11.947+0000] {processor.py:183} INFO - Processing /home/airflow/.local/lib/python3.8/site-packages/airflow/example_dags/example_branch_labels.py took 0.317 seconds
[2025-07-14T12:35:42.115+0000] {processor.py:161} INFO - Started process (PID=350) to work on /home/airflow/.local/lib/python3.8/site-packages/airflow/example_dags/example_branch_labels.py
[2025-07-14T12:35:42.117+0000] {processor.py:830} INFO - Processing file /home/airflow/.local/lib/python3.8/site-packages/airflow/example_dags/example_branch_labels.py for tasks to queue
[2025-07-14T12:35:42.125+0000] {logging_mixin.py:188} INFO - [2025-07-14T12:35:42.122+0000] {dagbag.py:538} INFO - Filling up the DagBag from /home/airflow/.local/lib/python3.8/site-packages/airflow/example_dags/example_branch_labels.py
[2025-07-14T12:35:42.143+0000] {processor.py:840} INFO - DAG(s) 'example_branch_labels' retrieved from /home/airflow/.local/lib/python3.8/site-packages/airflow/example_dags/example_branch_labels.py
[2025-07-14T12:35:42.191+0000] {logging_mixin.py:188} INFO - [2025-07-14T12:35:42.190+0000] {dag.py:3036} INFO - Sync 1 DAGs
[2025-07-14T12:35:42.248+0000] {logging_mixin.py:188} INFO - [2025-07-14T12:35:42.248+0000] {dag.py:3823} INFO - Setting next_dagrun for example_branch_labels to 2025-07-13 00:00:00+00:00, run_after=2025-07-14 00:00:00+00:00
[2025-07-14T12:35:42.289+0000] {processor.py:183} INFO - Processing /home/airflow/.local/lib/python3.8/site-packages/airflow/example_dags/example_branch_labels.py took 0.180 seconds
[2025-07-14T12:36:13.107+0000] {processor.py:161} INFO - Started process (PID=409) to work on /home/airflow/.local/lib/python3.8/site-packages/airflow/example_dags/example_branch_labels.py
[2025-07-14T12:36:13.108+0000] {processor.py:830} INFO - Processing file /home/airflow/.local/lib/python3.8/site-packages/airflow/example_dags/example_branch_labels.py for tasks to queue
[2025-07-14T12:36:13.112+0000] {logging_mixin.py:188} INFO - [2025-07-14T12:36:13.112+0000] {dagbag.py:538} INFO - Filling up the DagBag from /home/airflow/.local/lib/python3.8/site-packages/airflow/example_dags/example_branch_labels.py
[2025-07-14T12:36:13.127+0000] {processor.py:840} INFO - DAG(s) 'example_branch_labels' retrieved from /home/airflow/.local/lib/python3.8/site-packages/airflow/example_dags/example_branch_labels.py
[2025-07-14T12:36:13.163+0000] {logging_mixin.py:188} INFO - [2025-07-14T12:36:13.163+0000] {dag.py:3036} INFO - Sync 1 DAGs
[2025-07-14T12:36:13.206+0000] {logging_mixin.py:188} INFO - [2025-07-14T12:36:13.205+0000] {dag.py:3823} INFO - Setting next_dagrun for example_branch_labels to 2025-07-13 00:00:00+00:00, run_after=2025-07-14 00:00:00+00:00
[2025-07-14T12:36:13.239+0000] {processor.py:183} INFO - Processing /home/airflow/.local/lib/python3.8/site-packages/airflow/example_dags/example_branch_labels.py took 0.137 seconds
[2025-07-14T12:36:43.472+0000] {processor.py:161} INFO - Started process (PID=467) to work on /home/airflow/.local/lib/python3.8/site-packages/airflow/example_dags/example_branch_labels.py
[2025-07-14T12:36:43.476+0000] {processor.py:830} INFO - Processing file /home/airflow/.local/lib/python3.8/site-packages/airflow/example_dags/example_branch_labels.py for tasks to queue
[2025-07-14T12:36:43.484+0000] {logging_mixin.py:188} INFO - [2025-07-14T12:36:43.481+0000] {dagbag.py:538} INFO - Filling up the DagBag from /home/airflow/.local/lib/python3.8/site-packages/airflow/example_dags/example_branch_labels.py
[2025-07-14T12:36:43.512+0000] {processor.py:840} INFO - DAG(s) 'example_branch_labels' retrieved from /home/airflow/.local/lib/python3.8/site-packages/airflow/example_dags/example_branch_labels.py
[2025-07-14T12:36:43.575+0000] {logging_mixin.py:188} INFO - [2025-07-14T12:36:43.575+0000] {dag.py:3036} INFO - Sync 1 DAGs
[2025-07-14T12:36:43.655+0000] {logging_mixin.py:188} INFO - [2025-07-14T12:36:43.655+0000] {dag.py:3823} INFO - Setting next_dagrun for example_branch_labels to 2025-07-13 00:00:00+00:00, run_after=2025-07-14 00:00:00+00:00
[2025-07-14T12:36:43.742+0000] {processor.py:183} INFO - Processing /home/airflow/.local/lib/python3.8/site-packages/airflow/example_dags/example_branch_labels.py took 0.278 seconds
[2025-07-14T12:37:14.076+0000] {processor.py:161} INFO - Started process (PID=527) to work on /home/airflow/.local/lib/python3.8/site-packages/airflow/example_dags/example_branch_labels.py
[2025-07-14T12:37:14.081+0000] {processor.py:830} INFO - Processing file /home/airflow/.local/lib/python3.8/site-packages/airflow/example_dags/example_branch_labels.py for tasks to queue
[2025-07-14T12:37:14.085+0000] {logging_mixin.py:188} INFO - [2025-07-14T12:37:14.085+0000] {dagbag.py:538} INFO - Filling up the DagBag from /home/airflow/.local/lib/python3.8/site-packages/airflow/example_dags/example_branch_labels.py
[2025-07-14T12:37:14.107+0000] {processor.py:840} INFO - DAG(s) 'example_branch_labels' retrieved from /home/airflow/.local/lib/python3.8/site-packages/airflow/example_dags/example_branch_labels.py
[2025-07-14T12:37:14.157+0000] {logging_mixin.py:188} INFO - [2025-07-14T12:37:14.156+0000] {dag.py:3036} INFO - Sync 1 DAGs
[2025-07-14T12:37:14.210+0000] {logging_mixin.py:188} INFO - [2025-07-14T12:37:14.210+0000] {dag.py:3823} INFO - Setting next_dagrun for example_branch_labels to 2025-07-13 00:00:00+00:00, run_after=2025-07-14 00:00:00+00:00
[2025-07-14T12:37:14.248+0000] {processor.py:183} INFO - Processing /home/airflow/.local/lib/python3.8/site-packages/airflow/example_dags/example_branch_labels.py took 0.178 seconds
[2025-07-14T12:37:44.677+0000] {processor.py:161} INFO - Started process (PID=587) to work on /home/airflow/.local/lib/python3.8/site-packages/airflow/example_dags/example_branch_labels.py
[2025-07-14T12:37:44.679+0000] {processor.py:830} INFO - Processing file /home/airflow/.local/lib/python3.8/site-packages/airflow/example_dags/example_branch_labels.py for tasks to queue
[2025-07-14T12:37:44.682+0000] {logging_mixin.py:188} INFO - [2025-07-14T12:37:44.682+0000] {dagbag.py:538} INFO - Filling up the DagBag from /home/airflow/.local/lib/python3.8/site-packages/airflow/example_dags/example_branch_labels.py
[2025-07-14T12:37:44.699+0000] {processor.py:840} INFO - DAG(s) 'example_branch_labels' retrieved from /home/airflow/.local/lib/python3.8/site-packages/airflow/example_dags/example_branch_labels.py
[2025-07-14T12:37:44.742+0000] {logging_mixin.py:188} INFO - [2025-07-14T12:37:44.741+0000] {dag.py:3036} INFO - Sync 1 DAGs
[2025-07-14T12:37:44.789+0000] {logging_mixin.py:188} INFO - [2025-07-14T12:37:44.788+0000] {dag.py:3823} INFO - Setting next_dagrun for example_branch_labels to 2025-07-13 00:00:00+00:00, run_after=2025-07-14 00:00:00+00:00
[2025-07-14T12:37:44.848+0000] {processor.py:183} INFO - Processing /home/airflow/.local/lib/python3.8/site-packages/airflow/example_dags/example_branch_labels.py took 0.175 seconds
[2025-07-14T12:38:14.945+0000] {processor.py:161} INFO - Started process (PID=647) to work on /home/airflow/.local/lib/python3.8/site-packages/airflow/example_dags/example_branch_labels.py
[2025-07-14T12:38:14.948+0000] {processor.py:830} INFO - Processing file /home/airflow/.local/lib/python3.8/site-packages/airflow/example_dags/example_branch_labels.py for tasks to queue
[2025-07-14T12:38:14.952+0000] {logging_mixin.py:188} INFO - [2025-07-14T12:38:14.951+0000] {dagbag.py:538} INFO - Filling up the DagBag from /home/airflow/.local/lib/python3.8/site-packages/airflow/example_dags/example_branch_labels.py
[2025-07-14T12:38:14.969+0000] {processor.py:840} INFO - DAG(s) 'example_branch_labels' retrieved from /home/airflow/.local/lib/python3.8/site-packages/airflow/example_dags/example_branch_labels.py
[2025-07-14T12:38:15.015+0000] {logging_mixin.py:188} INFO - [2025-07-14T12:38:15.014+0000] {dag.py:3036} INFO - Sync 1 DAGs
[2025-07-14T12:38:15.097+0000] {logging_mixin.py:188} INFO - [2025-07-14T12:38:15.093+0000] {dag.py:3823} INFO - Setting next_dagrun for example_branch_labels to 2025-07-13 00:00:00+00:00, run_after=2025-07-14 00:00:00+00:00
[2025-07-14T12:38:15.156+0000] {processor.py:183} INFO - Processing /home/airflow/.local/lib/python3.8/site-packages/airflow/example_dags/example_branch_labels.py took 0.218 seconds
[2025-07-14T12:38:46.092+0000] {processor.py:161} INFO - Started process (PID=707) to work on /home/airflow/.local/lib/python3.8/site-packages/airflow/example_dags/example_branch_labels.py
[2025-07-14T12:38:46.094+0000] {processor.py:830} INFO - Processing file /home/airflow/.local/lib/python3.8/site-packages/airflow/example_dags/example_branch_labels.py for tasks to queue
[2025-07-14T12:38:46.098+0000] {logging_mixin.py:188} INFO - [2025-07-14T12:38:46.098+0000] {dagbag.py:538} INFO - Filling up the DagBag from /home/airflow/.local/lib/python3.8/site-packages/airflow/example_dags/example_branch_labels.py
[2025-07-14T12:38:46.116+0000] {processor.py:840} INFO - DAG(s) 'example_branch_labels' retrieved from /home/airflow/.local/lib/python3.8/site-packages/airflow/example_dags/example_branch_labels.py
[2025-07-14T12:38:46.194+0000] {logging_mixin.py:188} INFO - [2025-07-14T12:38:46.194+0000] {dag.py:3036} INFO - Sync 1 DAGs
[2025-07-14T12:38:46.243+0000] {logging_mixin.py:188} INFO - [2025-07-14T12:38:46.243+0000] {dag.py:3823} INFO - Setting next_dagrun for example_branch_labels to 2025-07-13 00:00:00+00:00, run_after=2025-07-14 00:00:00+00:00
[2025-07-14T12:38:46.282+0000] {processor.py:183} INFO - Processing /home/airflow/.local/lib/python3.8/site-packages/airflow/example_dags/example_branch_labels.py took 0.200 seconds
[2025-07-14T12:39:16.409+0000] {processor.py:161} INFO - Started process (PID=768) to work on /home/airflow/.local/lib/python3.8/site-packages/airflow/example_dags/example_branch_labels.py
[2025-07-14T12:39:16.410+0000] {processor.py:830} INFO - Processing file /home/airflow/.local/lib/python3.8/site-packages/airflow/example_dags/example_branch_labels.py for tasks to queue
[2025-07-14T12:39:16.412+0000] {logging_mixin.py:188} INFO - [2025-07-14T12:39:16.412+0000] {dagbag.py:538} INFO - Filling up the DagBag from /home/airflow/.local/lib/python3.8/site-packages/airflow/example_dags/example_branch_labels.py
[2025-07-14T12:39:16.424+0000] {processor.py:840} INFO - DAG(s) 'example_branch_labels' retrieved from /home/airflow/.local/lib/python3.8/site-packages/airflow/example_dags/example_branch_labels.py
[2025-07-14T12:39:16.461+0000] {logging_mixin.py:188} INFO - [2025-07-14T12:39:16.460+0000] {dag.py:3036} INFO - Sync 1 DAGs
[2025-07-14T12:39:16.498+0000] {logging_mixin.py:188} INFO - [2025-07-14T12:39:16.497+0000] {dag.py:3823} INFO - Setting next_dagrun for example_branch_labels to 2025-07-13 00:00:00+00:00, run_after=2025-07-14 00:00:00+00:00
[2025-07-14T12:39:16.530+0000] {processor.py:183} INFO - Processing /home/airflow/.local/lib/python3.8/site-packages/airflow/example_dags/example_branch_labels.py took 0.127 seconds
[2025-07-14T12:39:46.685+0000] {processor.py:161} INFO - Started process (PID=828) to work on /home/airflow/.local/lib/python3.8/site-packages/airflow/example_dags/example_branch_labels.py
[2025-07-14T12:39:46.687+0000] {processor.py:830} INFO - Processing file /home/airflow/.local/lib/python3.8/site-packages/airflow/example_dags/example_branch_labels.py for tasks to queue
[2025-07-14T12:39:46.692+0000] {logging_mixin.py:188} INFO - [2025-07-14T12:39:46.692+0000] {dagbag.py:538} INFO - Filling up the DagBag from /home/airflow/.local/lib/python3.8/site-packages/airflow/example_dags/example_branch_labels.py
[2025-07-14T12:39:46.712+0000] {processor.py:840} INFO - DAG(s) 'example_branch_labels' retrieved from /home/airflow/.local/lib/python3.8/site-packages/airflow/example_dags/example_branch_labels.py
[2025-07-14T12:39:46.755+0000] {logging_mixin.py:188} INFO - [2025-07-14T12:39:46.754+0000] {dag.py:3036} INFO - Sync 1 DAGs
[2025-07-14T12:39:46.793+0000] {logging_mixin.py:188} INFO - [2025-07-14T12:39:46.793+0000] {dag.py:3823} INFO - Setting next_dagrun for example_branch_labels to 2025-07-13 00:00:00+00:00, run_after=2025-07-14 00:00:00+00:00
[2025-07-14T12:39:46.824+0000] {processor.py:183} INFO - Processing /home/airflow/.local/lib/python3.8/site-packages/airflow/example_dags/example_branch_labels.py took 0.145 seconds
[2025-07-14T12:40:17.624+0000] {processor.py:161} INFO - Started process (PID=894) to work on /home/airflow/.local/lib/python3.8/site-packages/airflow/example_dags/example_branch_labels.py
[2025-07-14T12:40:17.627+0000] {processor.py:830} INFO - Processing file /home/airflow/.local/lib/python3.8/site-packages/airflow/example_dags/example_branch_labels.py for tasks to queue
[2025-07-14T12:40:17.631+0000] {logging_mixin.py:188} INFO - [2025-07-14T12:40:17.631+0000] {dagbag.py:538} INFO - Filling up the DagBag from /home/airflow/.local/lib/python3.8/site-packages/airflow/example_dags/example_branch_labels.py
[2025-07-14T12:40:17.647+0000] {processor.py:840} INFO - DAG(s) 'example_branch_labels' retrieved from /home/airflow/.local/lib/python3.8/site-packages/airflow/example_dags/example_branch_labels.py
[2025-07-14T12:40:17.689+0000] {logging_mixin.py:188} INFO - [2025-07-14T12:40:17.688+0000] {dag.py:3036} INFO - Sync 1 DAGs
[2025-07-14T12:40:17.733+0000] {logging_mixin.py:188} INFO - [2025-07-14T12:40:17.733+0000] {dag.py:3823} INFO - Setting next_dagrun for example_branch_labels to 2025-07-13 00:00:00+00:00, run_after=2025-07-14 00:00:00+00:00
[2025-07-14T12:40:17.775+0000] {processor.py:183} INFO - Processing /home/airflow/.local/lib/python3.8/site-packages/airflow/example_dags/example_branch_labels.py took 0.161 seconds
[2025-07-14T12:40:48.261+0000] {processor.py:161} INFO - Started process (PID=954) to work on /home/airflow/.local/lib/python3.8/site-packages/airflow/example_dags/example_branch_labels.py
[2025-07-14T12:40:48.264+0000] {processor.py:830} INFO - Processing file /home/airflow/.local/lib/python3.8/site-packages/airflow/example_dags/example_branch_labels.py for tasks to queue
[2025-07-14T12:40:48.267+0000] {logging_mixin.py:188} INFO - [2025-07-14T12:40:48.267+0000] {dagbag.py:538} INFO - Filling up the DagBag from /home/airflow/.local/lib/python3.8/site-packages/airflow/example_dags/example_branch_labels.py
[2025-07-14T12:40:48.285+0000] {processor.py:840} INFO - DAG(s) 'example_branch_labels' retrieved from /home/airflow/.local/lib/python3.8/site-packages/airflow/example_dags/example_branch_labels.py
[2025-07-14T12:40:48.350+0000] {logging_mixin.py:188} INFO - [2025-07-14T12:40:48.350+0000] {dag.py:3036} INFO - Sync 1 DAGs
[2025-07-14T12:40:48.410+0000] {logging_mixin.py:188} INFO - [2025-07-14T12:40:48.410+0000] {dag.py:3823} INFO - Setting next_dagrun for example_branch_labels to 2025-07-13 00:00:00+00:00, run_after=2025-07-14 00:00:00+00:00
[2025-07-14T12:40:48.445+0000] {processor.py:183} INFO - Processing /home/airflow/.local/lib/python3.8/site-packages/airflow/example_dags/example_branch_labels.py took 0.190 seconds
[2025-07-14T12:41:18.540+0000] {processor.py:161} INFO - Started process (PID=1014) to work on /home/airflow/.local/lib/python3.8/site-packages/airflow/example_dags/example_branch_labels.py
[2025-07-14T12:41:18.542+0000] {processor.py:830} INFO - Processing file /home/airflow/.local/lib/python3.8/site-packages/airflow/example_dags/example_branch_labels.py for tasks to queue
[2025-07-14T12:41:18.548+0000] {logging_mixin.py:188} INFO - [2025-07-14T12:41:18.547+0000] {dagbag.py:538} INFO - Filling up the DagBag from /home/airflow/.local/lib/python3.8/site-packages/airflow/example_dags/example_branch_labels.py
[2025-07-14T12:41:18.561+0000] {processor.py:840} INFO - DAG(s) 'example_branch_labels' retrieved from /home/airflow/.local/lib/python3.8/site-packages/airflow/example_dags/example_branch_labels.py
[2025-07-14T12:41:18.608+0000] {logging_mixin.py:188} INFO - [2025-07-14T12:41:18.607+0000] {dag.py:3036} INFO - Sync 1 DAGs
[2025-07-14T12:41:18.668+0000] {logging_mixin.py:188} INFO - [2025-07-14T12:41:18.667+0000] {dag.py:3823} INFO - Setting next_dagrun for example_branch_labels to 2025-07-13 00:00:00+00:00, run_after=2025-07-14 00:00:00+00:00
[2025-07-14T12:41:18.714+0000] {processor.py:183} INFO - Processing /home/airflow/.local/lib/python3.8/site-packages/airflow/example_dags/example_branch_labels.py took 0.180 seconds
[2025-07-14T12:41:48.790+0000] {processor.py:161} INFO - Started process (PID=1073) to work on /home/airflow/.local/lib/python3.8/site-packages/airflow/example_dags/example_branch_labels.py
[2025-07-14T12:41:48.793+0000] {processor.py:830} INFO - Processing file /home/airflow/.local/lib/python3.8/site-packages/airflow/example_dags/example_branch_labels.py for tasks to queue
[2025-07-14T12:41:48.796+0000] {logging_mixin.py:188} INFO - [2025-07-14T12:41:48.796+0000] {dagbag.py:538} INFO - Filling up the DagBag from /home/airflow/.local/lib/python3.8/site-packages/airflow/example_dags/example_branch_labels.py
[2025-07-14T12:41:48.811+0000] {processor.py:840} INFO - DAG(s) 'example_branch_labels' retrieved from /home/airflow/.local/lib/python3.8/site-packages/airflow/example_dags/example_branch_labels.py
[2025-07-14T12:41:48.853+0000] {logging_mixin.py:188} INFO - [2025-07-14T12:41:48.853+0000] {dag.py:3036} INFO - Sync 1 DAGs
[2025-07-14T12:41:48.898+0000] {logging_mixin.py:188} INFO - [2025-07-14T12:41:48.897+0000] {dag.py:3823} INFO - Setting next_dagrun for example_branch_labels to 2025-07-13 00:00:00+00:00, run_after=2025-07-14 00:00:00+00:00
[2025-07-14T12:41:48.937+0000] {processor.py:183} INFO - Processing /home/airflow/.local/lib/python3.8/site-packages/airflow/example_dags/example_branch_labels.py took 0.153 seconds
[2025-07-14T12:42:19.225+0000] {processor.py:161} INFO - Started process (PID=1132) to work on /home/airflow/.local/lib/python3.8/site-packages/airflow/example_dags/example_branch_labels.py
[2025-07-14T12:42:19.227+0000] {processor.py:830} INFO - Processing file /home/airflow/.local/lib/python3.8/site-packages/airflow/example_dags/example_branch_labels.py for tasks to queue
[2025-07-14T12:42:19.231+0000] {logging_mixin.py:188} INFO - [2025-07-14T12:42:19.230+0000] {dagbag.py:538} INFO - Filling up the DagBag from /home/airflow/.local/lib/python3.8/site-packages/airflow/example_dags/example_branch_labels.py
[2025-07-14T12:42:19.249+0000] {processor.py:840} INFO - DAG(s) 'example_branch_labels' retrieved from /home/airflow/.local/lib/python3.8/site-packages/airflow/example_dags/example_branch_labels.py
[2025-07-14T12:42:19.298+0000] {logging_mixin.py:188} INFO - [2025-07-14T12:42:19.298+0000] {dag.py:3036} INFO - Sync 1 DAGs
[2025-07-14T12:42:19.339+0000] {logging_mixin.py:188} INFO - [2025-07-14T12:42:19.339+0000] {dag.py:3823} INFO - Setting next_dagrun for example_branch_labels to 2025-07-13 00:00:00+00:00, run_after=2025-07-14 00:00:00+00:00
[2025-07-14T12:42:19.379+0000] {processor.py:183} INFO - Processing /home/airflow/.local/lib/python3.8/site-packages/airflow/example_dags/example_branch_labels.py took 0.160 seconds
[2025-07-14T12:42:49.496+0000] {processor.py:161} INFO - Started process (PID=1192) to work on /home/airflow/.local/lib/python3.8/site-packages/airflow/example_dags/example_branch_labels.py
[2025-07-14T12:42:49.497+0000] {processor.py:830} INFO - Processing file /home/airflow/.local/lib/python3.8/site-packages/airflow/example_dags/example_branch_labels.py for tasks to queue
[2025-07-14T12:42:49.500+0000] {logging_mixin.py:188} INFO - [2025-07-14T12:42:49.500+0000] {dagbag.py:538} INFO - Filling up the DagBag from /home/airflow/.local/lib/python3.8/site-packages/airflow/example_dags/example_branch_labels.py
[2025-07-14T12:42:49.516+0000] {processor.py:840} INFO - DAG(s) 'example_branch_labels' retrieved from /home/airflow/.local/lib/python3.8/site-packages/airflow/example_dags/example_branch_labels.py
[2025-07-14T12:42:49.561+0000] {logging_mixin.py:188} INFO - [2025-07-14T12:42:49.560+0000] {dag.py:3036} INFO - Sync 1 DAGs
[2025-07-14T12:42:49.609+0000] {logging_mixin.py:188} INFO - [2025-07-14T12:42:49.609+0000] {dag.py:3823} INFO - Setting next_dagrun for example_branch_labels to 2025-07-13 00:00:00+00:00, run_after=2025-07-14 00:00:00+00:00
[2025-07-14T12:42:49.643+0000] {processor.py:183} INFO - Processing /home/airflow/.local/lib/python3.8/site-packages/airflow/example_dags/example_branch_labels.py took 0.153 seconds
[2025-07-14T12:43:20.133+0000] {processor.py:161} INFO - Started process (PID=1252) to work on /home/airflow/.local/lib/python3.8/site-packages/airflow/example_dags/example_branch_labels.py
[2025-07-14T12:43:20.136+0000] {processor.py:830} INFO - Processing file /home/airflow/.local/lib/python3.8/site-packages/airflow/example_dags/example_branch_labels.py for tasks to queue
[2025-07-14T12:43:20.145+0000] {logging_mixin.py:188} INFO - [2025-07-14T12:43:20.144+0000] {dagbag.py:538} INFO - Filling up the DagBag from /home/airflow/.local/lib/python3.8/site-packages/airflow/example_dags/example_branch_labels.py
[2025-07-14T12:43:20.163+0000] {processor.py:840} INFO - DAG(s) 'example_branch_labels' retrieved from /home/airflow/.local/lib/python3.8/site-packages/airflow/example_dags/example_branch_labels.py
[2025-07-14T12:43:20.223+0000] {logging_mixin.py:188} INFO - [2025-07-14T12:43:20.223+0000] {dag.py:3036} INFO - Sync 1 DAGs
[2025-07-14T12:43:20.286+0000] {logging_mixin.py:188} INFO - [2025-07-14T12:43:20.286+0000] {dag.py:3823} INFO - Setting next_dagrun for example_branch_labels to 2025-07-13 00:00:00+00:00, run_after=2025-07-14 00:00:00+00:00
[2025-07-14T12:43:20.318+0000] {processor.py:183} INFO - Processing /home/airflow/.local/lib/python3.8/site-packages/airflow/example_dags/example_branch_labels.py took 0.191 seconds
[2025-07-14T12:43:51.206+0000] {processor.py:161} INFO - Started process (PID=1312) to work on /home/airflow/.local/lib/python3.8/site-packages/airflow/example_dags/example_branch_labels.py
[2025-07-14T12:43:51.207+0000] {processor.py:830} INFO - Processing file /home/airflow/.local/lib/python3.8/site-packages/airflow/example_dags/example_branch_labels.py for tasks to queue
[2025-07-14T12:43:51.212+0000] {logging_mixin.py:188} INFO - [2025-07-14T12:43:51.212+0000] {dagbag.py:538} INFO - Filling up the DagBag from /home/airflow/.local/lib/python3.8/site-packages/airflow/example_dags/example_branch_labels.py
[2025-07-14T12:43:51.230+0000] {processor.py:840} INFO - DAG(s) 'example_branch_labels' retrieved from /home/airflow/.local/lib/python3.8/site-packages/airflow/example_dags/example_branch_labels.py
[2025-07-14T12:43:51.279+0000] {logging_mixin.py:188} INFO - [2025-07-14T12:43:51.278+0000] {dag.py:3036} INFO - Sync 1 DAGs
[2025-07-14T12:43:51.332+0000] {logging_mixin.py:188} INFO - [2025-07-14T12:43:51.332+0000] {dag.py:3823} INFO - Setting next_dagrun for example_branch_labels to 2025-07-13 00:00:00+00:00, run_after=2025-07-14 00:00:00+00:00
[2025-07-14T12:43:51.370+0000] {processor.py:183} INFO - Processing /home/airflow/.local/lib/python3.8/site-packages/airflow/example_dags/example_branch_labels.py took 0.170 seconds
[2025-07-14T12:44:22.240+0000] {processor.py:161} INFO - Started process (PID=1372) to work on /home/airflow/.local/lib/python3.8/site-packages/airflow/example_dags/example_branch_labels.py
[2025-07-14T12:44:22.242+0000] {processor.py:830} INFO - Processing file /home/airflow/.local/lib/python3.8/site-packages/airflow/example_dags/example_branch_labels.py for tasks to queue
[2025-07-14T12:44:22.248+0000] {logging_mixin.py:188} INFO - [2025-07-14T12:44:22.247+0000] {dagbag.py:538} INFO - Filling up the DagBag from /home/airflow/.local/lib/python3.8/site-packages/airflow/example_dags/example_branch_labels.py
[2025-07-14T12:44:22.269+0000] {processor.py:840} INFO - DAG(s) 'example_branch_labels' retrieved from /home/airflow/.local/lib/python3.8/site-packages/airflow/example_dags/example_branch_labels.py
[2025-07-14T12:44:22.324+0000] {logging_mixin.py:188} INFO - [2025-07-14T12:44:22.324+0000] {dag.py:3036} INFO - Sync 1 DAGs
[2025-07-14T12:44:22.373+0000] {logging_mixin.py:188} INFO - [2025-07-14T12:44:22.372+0000] {dag.py:3823} INFO - Setting next_dagrun for example_branch_labels to 2025-07-13 00:00:00+00:00, run_after=2025-07-14 00:00:00+00:00
[2025-07-14T12:44:22.409+0000] {processor.py:183} INFO - Processing /home/airflow/.local/lib/python3.8/site-packages/airflow/example_dags/example_branch_labels.py took 0.176 seconds
[2025-07-14T12:44:53.467+0000] {processor.py:161} INFO - Started process (PID=1432) to work on /home/airflow/.local/lib/python3.8/site-packages/airflow/example_dags/example_branch_labels.py
[2025-07-14T12:44:53.471+0000] {processor.py:830} INFO - Processing file /home/airflow/.local/lib/python3.8/site-packages/airflow/example_dags/example_branch_labels.py for tasks to queue
[2025-07-14T12:44:53.477+0000] {logging_mixin.py:188} INFO - [2025-07-14T12:44:53.477+0000] {dagbag.py:538} INFO - Filling up the DagBag from /home/airflow/.local/lib/python3.8/site-packages/airflow/example_dags/example_branch_labels.py
[2025-07-14T12:44:53.492+0000] {processor.py:840} INFO - DAG(s) 'example_branch_labels' retrieved from /home/airflow/.local/lib/python3.8/site-packages/airflow/example_dags/example_branch_labels.py
[2025-07-14T12:44:53.541+0000] {logging_mixin.py:188} INFO - [2025-07-14T12:44:53.541+0000] {dag.py:3036} INFO - Sync 1 DAGs
[2025-07-14T12:44:53.603+0000] {logging_mixin.py:188} INFO - [2025-07-14T12:44:53.602+0000] {dag.py:3823} INFO - Setting next_dagrun for example_branch_labels to 2025-07-13 00:00:00+00:00, run_after=2025-07-14 00:00:00+00:00
[2025-07-14T12:44:53.668+0000] {processor.py:183} INFO - Processing /home/airflow/.local/lib/python3.8/site-packages/airflow/example_dags/example_branch_labels.py took 0.206 seconds
[2025-07-14T12:45:23.738+0000] {processor.py:161} INFO - Started process (PID=1492) to work on /home/airflow/.local/lib/python3.8/site-packages/airflow/example_dags/example_branch_labels.py
[2025-07-14T12:45:23.739+0000] {processor.py:830} INFO - Processing file /home/airflow/.local/lib/python3.8/site-packages/airflow/example_dags/example_branch_labels.py for tasks to queue
[2025-07-14T12:45:23.742+0000] {logging_mixin.py:188} INFO - [2025-07-14T12:45:23.741+0000] {dagbag.py:538} INFO - Filling up the DagBag from /home/airflow/.local/lib/python3.8/site-packages/airflow/example_dags/example_branch_labels.py
[2025-07-14T12:45:23.756+0000] {processor.py:840} INFO - DAG(s) 'example_branch_labels' retrieved from /home/airflow/.local/lib/python3.8/site-packages/airflow/example_dags/example_branch_labels.py
[2025-07-14T12:45:23.794+0000] {logging_mixin.py:188} INFO - [2025-07-14T12:45:23.793+0000] {dag.py:3036} INFO - Sync 1 DAGs
[2025-07-14T12:45:23.834+0000] {logging_mixin.py:188} INFO - [2025-07-14T12:45:23.834+0000] {dag.py:3823} INFO - Setting next_dagrun for example_branch_labels to 2025-07-13 00:00:00+00:00, run_after=2025-07-14 00:00:00+00:00
[2025-07-14T12:45:23.867+0000] {processor.py:183} INFO - Processing /home/airflow/.local/lib/python3.8/site-packages/airflow/example_dags/example_branch_labels.py took 0.135 seconds
[2025-07-14T12:45:53.958+0000] {processor.py:161} INFO - Started process (PID=1552) to work on /home/airflow/.local/lib/python3.8/site-packages/airflow/example_dags/example_branch_labels.py
[2025-07-14T12:45:53.960+0000] {processor.py:830} INFO - Processing file /home/airflow/.local/lib/python3.8/site-packages/airflow/example_dags/example_branch_labels.py for tasks to queue
[2025-07-14T12:45:53.964+0000] {logging_mixin.py:188} INFO - [2025-07-14T12:45:53.963+0000] {dagbag.py:538} INFO - Filling up the DagBag from /home/airflow/.local/lib/python3.8/site-packages/airflow/example_dags/example_branch_labels.py
[2025-07-14T12:45:53.979+0000] {processor.py:840} INFO - DAG(s) 'example_branch_labels' retrieved from /home/airflow/.local/lib/python3.8/site-packages/airflow/example_dags/example_branch_labels.py
[2025-07-14T12:45:54.014+0000] {logging_mixin.py:188} INFO - [2025-07-14T12:45:54.014+0000] {dag.py:3036} INFO - Sync 1 DAGs
[2025-07-14T12:45:54.057+0000] {logging_mixin.py:188} INFO - [2025-07-14T12:45:54.056+0000] {dag.py:3823} INFO - Setting next_dagrun for example_branch_labels to 2025-07-13 00:00:00+00:00, run_after=2025-07-14 00:00:00+00:00
[2025-07-14T12:45:54.093+0000] {processor.py:183} INFO - Processing /home/airflow/.local/lib/python3.8/site-packages/airflow/example_dags/example_branch_labels.py took 0.141 seconds
[2025-07-14T12:46:24.701+0000] {processor.py:161} INFO - Started process (PID=1612) to work on /home/airflow/.local/lib/python3.8/site-packages/airflow/example_dags/example_branch_labels.py
[2025-07-14T12:46:24.703+0000] {processor.py:830} INFO - Processing file /home/airflow/.local/lib/python3.8/site-packages/airflow/example_dags/example_branch_labels.py for tasks to queue
[2025-07-14T12:46:24.706+0000] {logging_mixin.py:188} INFO - [2025-07-14T12:46:24.705+0000] {dagbag.py:538} INFO - Filling up the DagBag from /home/airflow/.local/lib/python3.8/site-packages/airflow/example_dags/example_branch_labels.py
[2025-07-14T12:46:24.725+0000] {processor.py:840} INFO - DAG(s) 'example_branch_labels' retrieved from /home/airflow/.local/lib/python3.8/site-packages/airflow/example_dags/example_branch_labels.py
[2025-07-14T12:46:24.764+0000] {logging_mixin.py:188} INFO - [2025-07-14T12:46:24.763+0000] {dag.py:3036} INFO - Sync 1 DAGs
[2025-07-14T12:46:24.808+0000] {logging_mixin.py:188} INFO - [2025-07-14T12:46:24.808+0000] {dag.py:3823} INFO - Setting next_dagrun for example_branch_labels to 2025-07-13 00:00:00+00:00, run_after=2025-07-14 00:00:00+00:00
[2025-07-14T12:46:24.839+0000] {processor.py:183} INFO - Processing /home/airflow/.local/lib/python3.8/site-packages/airflow/example_dags/example_branch_labels.py took 0.144 seconds
[2025-07-14T12:46:55.997+0000] {processor.py:161} INFO - Started process (PID=1672) to work on /home/airflow/.local/lib/python3.8/site-packages/airflow/example_dags/example_branch_labels.py
[2025-07-14T12:46:55.998+0000] {processor.py:830} INFO - Processing file /home/airflow/.local/lib/python3.8/site-packages/airflow/example_dags/example_branch_labels.py for tasks to queue
[2025-07-14T12:46:56.001+0000] {logging_mixin.py:188} INFO - [2025-07-14T12:46:56.001+0000] {dagbag.py:538} INFO - Filling up the DagBag from /home/airflow/.local/lib/python3.8/site-packages/airflow/example_dags/example_branch_labels.py
[2025-07-14T12:46:56.011+0000] {processor.py:840} INFO - DAG(s) 'example_branch_labels' retrieved from /home/airflow/.local/lib/python3.8/site-packages/airflow/example_dags/example_branch_labels.py
[2025-07-14T12:46:56.043+0000] {logging_mixin.py:188} INFO - [2025-07-14T12:46:56.042+0000] {dag.py:3036} INFO - Sync 1 DAGs
[2025-07-14T12:46:56.074+0000] {logging_mixin.py:188} INFO - [2025-07-14T12:46:56.074+0000] {dag.py:3823} INFO - Setting next_dagrun for example_branch_labels to 2025-07-13 00:00:00+00:00, run_after=2025-07-14 00:00:00+00:00
[2025-07-14T12:46:56.100+0000] {processor.py:183} INFO - Processing /home/airflow/.local/lib/python3.8/site-packages/airflow/example_dags/example_branch_labels.py took 0.109 seconds
[2025-07-14T12:47:28.871+0000] {processor.py:161} INFO - Started process (PID=1732) to work on /home/airflow/.local/lib/python3.8/site-packages/airflow/example_dags/example_branch_labels.py
[2025-07-14T12:47:28.873+0000] {processor.py:830} INFO - Processing file /home/airflow/.local/lib/python3.8/site-packages/airflow/example_dags/example_branch_labels.py for tasks to queue
[2025-07-14T12:47:28.877+0000] {logging_mixin.py:188} INFO - [2025-07-14T12:47:28.876+0000] {dagbag.py:538} INFO - Filling up the DagBag from /home/airflow/.local/lib/python3.8/site-packages/airflow/example_dags/example_branch_labels.py
[2025-07-14T12:47:28.904+0000] {processor.py:840} INFO - DAG(s) 'example_branch_labels' retrieved from /home/airflow/.local/lib/python3.8/site-packages/airflow/example_dags/example_branch_labels.py
[2025-07-14T12:47:28.958+0000] {logging_mixin.py:188} INFO - [2025-07-14T12:47:28.957+0000] {dag.py:3036} INFO - Sync 1 DAGs
[2025-07-14T12:47:29.057+0000] {logging_mixin.py:188} INFO - [2025-07-14T12:47:29.057+0000] {dag.py:3823} INFO - Setting next_dagrun for example_branch_labels to 2025-07-13 00:00:00+00:00, run_after=2025-07-14 00:00:00+00:00
[2025-07-14T12:47:29.190+0000] {processor.py:183} INFO - Processing /home/airflow/.local/lib/python3.8/site-packages/airflow/example_dags/example_branch_labels.py took 0.326 seconds
[2025-07-14T12:48:00.033+0000] {processor.py:161} INFO - Started process (PID=1791) to work on /home/airflow/.local/lib/python3.8/site-packages/airflow/example_dags/example_branch_labels.py
[2025-07-14T12:48:00.035+0000] {processor.py:830} INFO - Processing file /home/airflow/.local/lib/python3.8/site-packages/airflow/example_dags/example_branch_labels.py for tasks to queue
[2025-07-14T12:48:00.039+0000] {logging_mixin.py:188} INFO - [2025-07-14T12:48:00.039+0000] {dagbag.py:538} INFO - Filling up the DagBag from /home/airflow/.local/lib/python3.8/site-packages/airflow/example_dags/example_branch_labels.py
[2025-07-14T12:48:00.063+0000] {processor.py:840} INFO - DAG(s) 'example_branch_labels' retrieved from /home/airflow/.local/lib/python3.8/site-packages/airflow/example_dags/example_branch_labels.py
[2025-07-14T12:48:00.118+0000] {logging_mixin.py:188} INFO - [2025-07-14T12:48:00.118+0000] {dag.py:3036} INFO - Sync 1 DAGs
[2025-07-14T12:48:00.167+0000] {logging_mixin.py:188} INFO - [2025-07-14T12:48:00.167+0000] {dag.py:3823} INFO - Setting next_dagrun for example_branch_labels to 2025-07-13 00:00:00+00:00, run_after=2025-07-14 00:00:00+00:00
[2025-07-14T12:48:00.206+0000] {processor.py:183} INFO - Processing /home/airflow/.local/lib/python3.8/site-packages/airflow/example_dags/example_branch_labels.py took 0.179 seconds
[2025-07-14T12:48:31.516+0000] {processor.py:161} INFO - Started process (PID=1851) to work on /home/airflow/.local/lib/python3.8/site-packages/airflow/example_dags/example_branch_labels.py
[2025-07-14T12:48:31.518+0000] {processor.py:830} INFO - Processing file /home/airflow/.local/lib/python3.8/site-packages/airflow/example_dags/example_branch_labels.py for tasks to queue
[2025-07-14T12:48:31.522+0000] {logging_mixin.py:188} INFO - [2025-07-14T12:48:31.521+0000] {dagbag.py:538} INFO - Filling up the DagBag from /home/airflow/.local/lib/python3.8/site-packages/airflow/example_dags/example_branch_labels.py
[2025-07-14T12:48:31.538+0000] {processor.py:840} INFO - DAG(s) 'example_branch_labels' retrieved from /home/airflow/.local/lib/python3.8/site-packages/airflow/example_dags/example_branch_labels.py
[2025-07-14T12:48:31.585+0000] {logging_mixin.py:188} INFO - [2025-07-14T12:48:31.585+0000] {dag.py:3036} INFO - Sync 1 DAGs
[2025-07-14T12:48:31.637+0000] {logging_mixin.py:188} INFO - [2025-07-14T12:48:31.636+0000] {dag.py:3823} INFO - Setting next_dagrun for example_branch_labels to 2025-07-13 00:00:00+00:00, run_after=2025-07-14 00:00:00+00:00
[2025-07-14T12:48:31.674+0000] {processor.py:183} INFO - Processing /home/airflow/.local/lib/python3.8/site-packages/airflow/example_dags/example_branch_labels.py took 0.164 seconds
[2025-07-14T12:49:05.953+0000] {processor.py:161} INFO - Started process (PID=1912) to work on /home/airflow/.local/lib/python3.8/site-packages/airflow/example_dags/example_branch_labels.py
[2025-07-14T12:49:05.981+0000] {processor.py:830} INFO - Processing file /home/airflow/.local/lib/python3.8/site-packages/airflow/example_dags/example_branch_labels.py for tasks to queue
[2025-07-14T12:49:06.044+0000] {logging_mixin.py:188} INFO - [2025-07-14T12:49:06.044+0000] {dagbag.py:538} INFO - Filling up the DagBag from /home/airflow/.local/lib/python3.8/site-packages/airflow/example_dags/example_branch_labels.py
[2025-07-14T12:49:06.163+0000] {processor.py:840} INFO - DAG(s) 'example_branch_labels' retrieved from /home/airflow/.local/lib/python3.8/site-packages/airflow/example_dags/example_branch_labels.py
[2025-07-14T12:49:06.613+0000] {logging_mixin.py:188} INFO - [2025-07-14T12:49:06.609+0000] {dag.py:3036} INFO - Sync 1 DAGs
[2025-07-14T12:49:07.045+0000] {logging_mixin.py:188} INFO - [2025-07-14T12:49:07.045+0000] {dag.py:3823} INFO - Setting next_dagrun for example_branch_labels to 2025-07-13 00:00:00+00:00, run_after=2025-07-14 00:00:00+00:00
[2025-07-14T12:49:07.171+0000] {processor.py:183} INFO - Processing /home/airflow/.local/lib/python3.8/site-packages/airflow/example_dags/example_branch_labels.py took 1.256 seconds
[2025-07-14T12:49:37.540+0000] {processor.py:161} INFO - Started process (PID=1972) to work on /home/airflow/.local/lib/python3.8/site-packages/airflow/example_dags/example_branch_labels.py
[2025-07-14T12:49:37.543+0000] {processor.py:830} INFO - Processing file /home/airflow/.local/lib/python3.8/site-packages/airflow/example_dags/example_branch_labels.py for tasks to queue
[2025-07-14T12:49:37.547+0000] {logging_mixin.py:188} INFO - [2025-07-14T12:49:37.546+0000] {dagbag.py:538} INFO - Filling up the DagBag from /home/airflow/.local/lib/python3.8/site-packages/airflow/example_dags/example_branch_labels.py
[2025-07-14T12:49:37.563+0000] {processor.py:840} INFO - DAG(s) 'example_branch_labels' retrieved from /home/airflow/.local/lib/python3.8/site-packages/airflow/example_dags/example_branch_labels.py
[2025-07-14T12:49:37.615+0000] {logging_mixin.py:188} INFO - [2025-07-14T12:49:37.615+0000] {dag.py:3036} INFO - Sync 1 DAGs
[2025-07-14T12:49:37.671+0000] {logging_mixin.py:188} INFO - [2025-07-14T12:49:37.671+0000] {dag.py:3823} INFO - Setting next_dagrun for example_branch_labels to 2025-07-13 00:00:00+00:00, run_after=2025-07-14 00:00:00+00:00
[2025-07-14T12:49:37.714+0000] {processor.py:183} INFO - Processing /home/airflow/.local/lib/python3.8/site-packages/airflow/example_dags/example_branch_labels.py took 0.181 seconds
[2025-07-14T12:50:08.113+0000] {processor.py:161} INFO - Started process (PID=2032) to work on /home/airflow/.local/lib/python3.8/site-packages/airflow/example_dags/example_branch_labels.py
[2025-07-14T12:50:08.115+0000] {processor.py:830} INFO - Processing file /home/airflow/.local/lib/python3.8/site-packages/airflow/example_dags/example_branch_labels.py for tasks to queue
[2025-07-14T12:50:08.118+0000] {logging_mixin.py:188} INFO - [2025-07-14T12:50:08.117+0000] {dagbag.py:538} INFO - Filling up the DagBag from /home/airflow/.local/lib/python3.8/site-packages/airflow/example_dags/example_branch_labels.py
[2025-07-14T12:50:08.143+0000] {processor.py:840} INFO - DAG(s) 'example_branch_labels' retrieved from /home/airflow/.local/lib/python3.8/site-packages/airflow/example_dags/example_branch_labels.py
[2025-07-14T12:50:08.193+0000] {logging_mixin.py:188} INFO - [2025-07-14T12:50:08.192+0000] {dag.py:3036} INFO - Sync 1 DAGs
[2025-07-14T12:50:08.257+0000] {logging_mixin.py:188} INFO - [2025-07-14T12:50:08.256+0000] {dag.py:3823} INFO - Setting next_dagrun for example_branch_labels to 2025-07-13 00:00:00+00:00, run_after=2025-07-14 00:00:00+00:00
[2025-07-14T12:50:08.306+0000] {processor.py:183} INFO - Processing /home/airflow/.local/lib/python3.8/site-packages/airflow/example_dags/example_branch_labels.py took 0.198 seconds
[2025-07-14T12:50:38.396+0000] {processor.py:161} INFO - Started process (PID=2091) to work on /home/airflow/.local/lib/python3.8/site-packages/airflow/example_dags/example_branch_labels.py
[2025-07-14T12:50:38.398+0000] {processor.py:830} INFO - Processing file /home/airflow/.local/lib/python3.8/site-packages/airflow/example_dags/example_branch_labels.py for tasks to queue
[2025-07-14T12:50:38.407+0000] {logging_mixin.py:188} INFO - [2025-07-14T12:50:38.406+0000] {dagbag.py:538} INFO - Filling up the DagBag from /home/airflow/.local/lib/python3.8/site-packages/airflow/example_dags/example_branch_labels.py
[2025-07-14T12:50:38.453+0000] {processor.py:840} INFO - DAG(s) 'example_branch_labels' retrieved from /home/airflow/.local/lib/python3.8/site-packages/airflow/example_dags/example_branch_labels.py
[2025-07-14T12:50:38.509+0000] {logging_mixin.py:188} INFO - [2025-07-14T12:50:38.509+0000] {dag.py:3036} INFO - Sync 1 DAGs
[2025-07-14T12:50:38.586+0000] {logging_mixin.py:188} INFO - [2025-07-14T12:50:38.585+0000] {dag.py:3823} INFO - Setting next_dagrun for example_branch_labels to 2025-07-13 00:00:00+00:00, run_after=2025-07-14 00:00:00+00:00
[2025-07-14T12:50:38.637+0000] {processor.py:183} INFO - Processing /home/airflow/.local/lib/python3.8/site-packages/airflow/example_dags/example_branch_labels.py took 0.247 seconds
[2025-07-14T12:51:09.425+0000] {processor.py:161} INFO - Started process (PID=2149) to work on /home/airflow/.local/lib/python3.8/site-packages/airflow/example_dags/example_branch_labels.py
[2025-07-14T12:51:09.427+0000] {processor.py:830} INFO - Processing file /home/airflow/.local/lib/python3.8/site-packages/airflow/example_dags/example_branch_labels.py for tasks to queue
[2025-07-14T12:51:09.431+0000] {logging_mixin.py:188} INFO - [2025-07-14T12:51:09.431+0000] {dagbag.py:538} INFO - Filling up the DagBag from /home/airflow/.local/lib/python3.8/site-packages/airflow/example_dags/example_branch_labels.py
[2025-07-14T12:51:09.456+0000] {processor.py:840} INFO - DAG(s) 'example_branch_labels' retrieved from /home/airflow/.local/lib/python3.8/site-packages/airflow/example_dags/example_branch_labels.py
[2025-07-14T12:51:09.516+0000] {logging_mixin.py:188} INFO - [2025-07-14T12:51:09.516+0000] {dag.py:3036} INFO - Sync 1 DAGs
[2025-07-14T12:51:09.572+0000] {logging_mixin.py:188} INFO - [2025-07-14T12:51:09.571+0000] {dag.py:3823} INFO - Setting next_dagrun for example_branch_labels to 2025-07-13 00:00:00+00:00, run_after=2025-07-14 00:00:00+00:00
[2025-07-14T12:51:09.620+0000] {processor.py:183} INFO - Processing /home/airflow/.local/lib/python3.8/site-packages/airflow/example_dags/example_branch_labels.py took 0.200 seconds
[2025-07-14T12:51:40.748+0000] {processor.py:161} INFO - Started process (PID=2207) to work on /home/airflow/.local/lib/python3.8/site-packages/airflow/example_dags/example_branch_labels.py
[2025-07-14T12:51:40.751+0000] {processor.py:830} INFO - Processing file /home/airflow/.local/lib/python3.8/site-packages/airflow/example_dags/example_branch_labels.py for tasks to queue
[2025-07-14T12:51:40.754+0000] {logging_mixin.py:188} INFO - [2025-07-14T12:51:40.753+0000] {dagbag.py:538} INFO - Filling up the DagBag from /home/airflow/.local/lib/python3.8/site-packages/airflow/example_dags/example_branch_labels.py
[2025-07-14T12:51:40.801+0000] {processor.py:840} INFO - DAG(s) 'example_branch_labels' retrieved from /home/airflow/.local/lib/python3.8/site-packages/airflow/example_dags/example_branch_labels.py
[2025-07-14T12:51:40.881+0000] {logging_mixin.py:188} INFO - [2025-07-14T12:51:40.880+0000] {dag.py:3036} INFO - Sync 1 DAGs
[2025-07-14T12:51:41.104+0000] {logging_mixin.py:188} INFO - [2025-07-14T12:51:41.103+0000] {dag.py:3823} INFO - Setting next_dagrun for example_branch_labels to 2025-07-13 00:00:00+00:00, run_after=2025-07-14 00:00:00+00:00
[2025-07-14T12:51:41.292+0000] {processor.py:183} INFO - Processing /home/airflow/.local/lib/python3.8/site-packages/airflow/example_dags/example_branch_labels.py took 0.556 seconds
[2025-07-14T12:52:11.384+0000] {processor.py:161} INFO - Started process (PID=2266) to work on /home/airflow/.local/lib/python3.8/site-packages/airflow/example_dags/example_branch_labels.py
[2025-07-14T12:52:11.386+0000] {processor.py:830} INFO - Processing file /home/airflow/.local/lib/python3.8/site-packages/airflow/example_dags/example_branch_labels.py for tasks to queue
[2025-07-14T12:52:11.390+0000] {logging_mixin.py:188} INFO - [2025-07-14T12:52:11.389+0000] {dagbag.py:538} INFO - Filling up the DagBag from /home/airflow/.local/lib/python3.8/site-packages/airflow/example_dags/example_branch_labels.py
[2025-07-14T12:52:11.412+0000] {processor.py:840} INFO - DAG(s) 'example_branch_labels' retrieved from /home/airflow/.local/lib/python3.8/site-packages/airflow/example_dags/example_branch_labels.py
[2025-07-14T12:52:11.499+0000] {logging_mixin.py:188} INFO - [2025-07-14T12:52:11.498+0000] {dag.py:3036} INFO - Sync 1 DAGs
[2025-07-14T12:52:11.556+0000] {logging_mixin.py:188} INFO - [2025-07-14T12:52:11.556+0000] {dag.py:3823} INFO - Setting next_dagrun for example_branch_labels to 2025-07-13 00:00:00+00:00, run_after=2025-07-14 00:00:00+00:00
[2025-07-14T12:52:11.596+0000] {processor.py:183} INFO - Processing /home/airflow/.local/lib/python3.8/site-packages/airflow/example_dags/example_branch_labels.py took 0.224 seconds
[2025-07-14T12:52:41.814+0000] {processor.py:161} INFO - Started process (PID=2326) to work on /home/airflow/.local/lib/python3.8/site-packages/airflow/example_dags/example_branch_labels.py
[2025-07-14T12:52:41.816+0000] {processor.py:830} INFO - Processing file /home/airflow/.local/lib/python3.8/site-packages/airflow/example_dags/example_branch_labels.py for tasks to queue
[2025-07-14T12:52:41.820+0000] {logging_mixin.py:188} INFO - [2025-07-14T12:52:41.819+0000] {dagbag.py:538} INFO - Filling up the DagBag from /home/airflow/.local/lib/python3.8/site-packages/airflow/example_dags/example_branch_labels.py
[2025-07-14T12:52:41.838+0000] {processor.py:840} INFO - DAG(s) 'example_branch_labels' retrieved from /home/airflow/.local/lib/python3.8/site-packages/airflow/example_dags/example_branch_labels.py
[2025-07-14T12:52:41.889+0000] {logging_mixin.py:188} INFO - [2025-07-14T12:52:41.888+0000] {dag.py:3036} INFO - Sync 1 DAGs
[2025-07-14T12:52:41.931+0000] {logging_mixin.py:188} INFO - [2025-07-14T12:52:41.931+0000] {dag.py:3823} INFO - Setting next_dagrun for example_branch_labels to 2025-07-13 00:00:00+00:00, run_after=2025-07-14 00:00:00+00:00
[2025-07-14T12:52:41.972+0000] {processor.py:183} INFO - Processing /home/airflow/.local/lib/python3.8/site-packages/airflow/example_dags/example_branch_labels.py took 0.163 seconds
[2025-07-14T12:53:12.524+0000] {processor.py:161} INFO - Started process (PID=2386) to work on /home/airflow/.local/lib/python3.8/site-packages/airflow/example_dags/example_branch_labels.py
[2025-07-14T12:53:12.528+0000] {processor.py:830} INFO - Processing file /home/airflow/.local/lib/python3.8/site-packages/airflow/example_dags/example_branch_labels.py for tasks to queue
[2025-07-14T12:53:12.532+0000] {logging_mixin.py:188} INFO - [2025-07-14T12:53:12.531+0000] {dagbag.py:538} INFO - Filling up the DagBag from /home/airflow/.local/lib/python3.8/site-packages/airflow/example_dags/example_branch_labels.py
[2025-07-14T12:53:12.553+0000] {processor.py:840} INFO - DAG(s) 'example_branch_labels' retrieved from /home/airflow/.local/lib/python3.8/site-packages/airflow/example_dags/example_branch_labels.py
[2025-07-14T12:53:12.667+0000] {logging_mixin.py:188} INFO - [2025-07-14T12:53:12.666+0000] {dag.py:3036} INFO - Sync 1 DAGs
[2025-07-14T12:53:12.795+0000] {logging_mixin.py:188} INFO - [2025-07-14T12:53:12.791+0000] {dag.py:3823} INFO - Setting next_dagrun for example_branch_labels to 2025-07-13 00:00:00+00:00, run_after=2025-07-14 00:00:00+00:00
[2025-07-14T12:53:12.854+0000] {processor.py:183} INFO - Processing /home/airflow/.local/lib/python3.8/site-packages/airflow/example_dags/example_branch_labels.py took 0.335 seconds
[2025-07-14T12:53:43.392+0000] {processor.py:161} INFO - Started process (PID=2445) to work on /home/airflow/.local/lib/python3.8/site-packages/airflow/example_dags/example_branch_labels.py
[2025-07-14T12:53:43.397+0000] {processor.py:830} INFO - Processing file /home/airflow/.local/lib/python3.8/site-packages/airflow/example_dags/example_branch_labels.py for tasks to queue
[2025-07-14T12:53:43.400+0000] {logging_mixin.py:188} INFO - [2025-07-14T12:53:43.400+0000] {dagbag.py:538} INFO - Filling up the DagBag from /home/airflow/.local/lib/python3.8/site-packages/airflow/example_dags/example_branch_labels.py
[2025-07-14T12:53:43.432+0000] {processor.py:840} INFO - DAG(s) 'example_branch_labels' retrieved from /home/airflow/.local/lib/python3.8/site-packages/airflow/example_dags/example_branch_labels.py
[2025-07-14T12:53:43.550+0000] {logging_mixin.py:188} INFO - [2025-07-14T12:53:43.540+0000] {dag.py:3036} INFO - Sync 1 DAGs
[2025-07-14T12:53:43.663+0000] {logging_mixin.py:188} INFO - [2025-07-14T12:53:43.663+0000] {dag.py:3823} INFO - Setting next_dagrun for example_branch_labels to 2025-07-13 00:00:00+00:00, run_after=2025-07-14 00:00:00+00:00
[2025-07-14T12:53:43.710+0000] {processor.py:183} INFO - Processing /home/airflow/.local/lib/python3.8/site-packages/airflow/example_dags/example_branch_labels.py took 0.325 seconds
[2025-07-14T12:54:14.572+0000] {processor.py:161} INFO - Started process (PID=2505) to work on /home/airflow/.local/lib/python3.8/site-packages/airflow/example_dags/example_branch_labels.py
[2025-07-14T12:54:14.575+0000] {processor.py:830} INFO - Processing file /home/airflow/.local/lib/python3.8/site-packages/airflow/example_dags/example_branch_labels.py for tasks to queue
[2025-07-14T12:54:14.580+0000] {logging_mixin.py:188} INFO - [2025-07-14T12:54:14.579+0000] {dagbag.py:538} INFO - Filling up the DagBag from /home/airflow/.local/lib/python3.8/site-packages/airflow/example_dags/example_branch_labels.py
[2025-07-14T12:54:14.597+0000] {processor.py:840} INFO - DAG(s) 'example_branch_labels' retrieved from /home/airflow/.local/lib/python3.8/site-packages/airflow/example_dags/example_branch_labels.py
[2025-07-14T12:54:14.646+0000] {logging_mixin.py:188} INFO - [2025-07-14T12:54:14.645+0000] {dag.py:3036} INFO - Sync 1 DAGs
[2025-07-14T12:54:14.689+0000] {logging_mixin.py:188} INFO - [2025-07-14T12:54:14.688+0000] {dag.py:3823} INFO - Setting next_dagrun for example_branch_labels to 2025-07-13 00:00:00+00:00, run_after=2025-07-14 00:00:00+00:00
[2025-07-14T12:54:14.721+0000] {processor.py:183} INFO - Processing /home/airflow/.local/lib/python3.8/site-packages/airflow/example_dags/example_branch_labels.py took 0.156 seconds
[2025-07-14T12:54:45.217+0000] {processor.py:161} INFO - Started process (PID=2566) to work on /home/airflow/.local/lib/python3.8/site-packages/airflow/example_dags/example_branch_labels.py
[2025-07-14T12:54:45.219+0000] {processor.py:830} INFO - Processing file /home/airflow/.local/lib/python3.8/site-packages/airflow/example_dags/example_branch_labels.py for tasks to queue
[2025-07-14T12:54:45.224+0000] {logging_mixin.py:188} INFO - [2025-07-14T12:54:45.224+0000] {dagbag.py:538} INFO - Filling up the DagBag from /home/airflow/.local/lib/python3.8/site-packages/airflow/example_dags/example_branch_labels.py
[2025-07-14T12:54:45.244+0000] {processor.py:840} INFO - DAG(s) 'example_branch_labels' retrieved from /home/airflow/.local/lib/python3.8/site-packages/airflow/example_dags/example_branch_labels.py
[2025-07-14T12:54:45.302+0000] {logging_mixin.py:188} INFO - [2025-07-14T12:54:45.302+0000] {dag.py:3036} INFO - Sync 1 DAGs
[2025-07-14T12:54:45.364+0000] {logging_mixin.py:188} INFO - [2025-07-14T12:54:45.364+0000] {dag.py:3823} INFO - Setting next_dagrun for example_branch_labels to 2025-07-13 00:00:00+00:00, run_after=2025-07-14 00:00:00+00:00
[2025-07-14T12:54:45.409+0000] {processor.py:183} INFO - Processing /home/airflow/.local/lib/python3.8/site-packages/airflow/example_dags/example_branch_labels.py took 0.199 seconds
[2025-07-14T12:55:15.598+0000] {processor.py:161} INFO - Started process (PID=2625) to work on /home/airflow/.local/lib/python3.8/site-packages/airflow/example_dags/example_branch_labels.py
[2025-07-14T12:55:15.624+0000] {processor.py:830} INFO - Processing file /home/airflow/.local/lib/python3.8/site-packages/airflow/example_dags/example_branch_labels.py for tasks to queue
[2025-07-14T12:55:15.633+0000] {logging_mixin.py:188} INFO - [2025-07-14T12:55:15.632+0000] {dagbag.py:538} INFO - Filling up the DagBag from /home/airflow/.local/lib/python3.8/site-packages/airflow/example_dags/example_branch_labels.py
[2025-07-14T12:55:15.675+0000] {processor.py:840} INFO - DAG(s) 'example_branch_labels' retrieved from /home/airflow/.local/lib/python3.8/site-packages/airflow/example_dags/example_branch_labels.py
[2025-07-14T12:55:15.852+0000] {logging_mixin.py:188} INFO - [2025-07-14T12:55:15.852+0000] {dag.py:3036} INFO - Sync 1 DAGs
[2025-07-14T12:55:15.913+0000] {logging_mixin.py:188} INFO - [2025-07-14T12:55:15.912+0000] {dag.py:3823} INFO - Setting next_dagrun for example_branch_labels to 2025-07-13 00:00:00+00:00, run_after=2025-07-14 00:00:00+00:00
[2025-07-14T12:55:15.954+0000] {processor.py:183} INFO - Processing /home/airflow/.local/lib/python3.8/site-packages/airflow/example_dags/example_branch_labels.py took 0.376 seconds
[2025-07-14T12:55:46.089+0000] {processor.py:161} INFO - Started process (PID=2684) to work on /home/airflow/.local/lib/python3.8/site-packages/airflow/example_dags/example_branch_labels.py
[2025-07-14T12:55:46.092+0000] {processor.py:830} INFO - Processing file /home/airflow/.local/lib/python3.8/site-packages/airflow/example_dags/example_branch_labels.py for tasks to queue
[2025-07-14T12:55:46.096+0000] {logging_mixin.py:188} INFO - [2025-07-14T12:55:46.096+0000] {dagbag.py:538} INFO - Filling up the DagBag from /home/airflow/.local/lib/python3.8/site-packages/airflow/example_dags/example_branch_labels.py
[2025-07-14T12:55:46.112+0000] {processor.py:840} INFO - DAG(s) 'example_branch_labels' retrieved from /home/airflow/.local/lib/python3.8/site-packages/airflow/example_dags/example_branch_labels.py
[2025-07-14T12:55:46.161+0000] {logging_mixin.py:188} INFO - [2025-07-14T12:55:46.160+0000] {dag.py:3036} INFO - Sync 1 DAGs
[2025-07-14T12:55:46.499+0000] {logging_mixin.py:188} INFO - [2025-07-14T12:55:46.498+0000] {dag.py:3823} INFO - Setting next_dagrun for example_branch_labels to 2025-07-13 00:00:00+00:00, run_after=2025-07-14 00:00:00+00:00
[2025-07-14T12:55:46.550+0000] {processor.py:183} INFO - Processing /home/airflow/.local/lib/python3.8/site-packages/airflow/example_dags/example_branch_labels.py took 0.469 seconds
[2025-07-14T12:56:16.855+0000] {processor.py:161} INFO - Started process (PID=2744) to work on /home/airflow/.local/lib/python3.8/site-packages/airflow/example_dags/example_branch_labels.py
[2025-07-14T12:56:16.861+0000] {processor.py:830} INFO - Processing file /home/airflow/.local/lib/python3.8/site-packages/airflow/example_dags/example_branch_labels.py for tasks to queue
[2025-07-14T12:56:16.875+0000] {logging_mixin.py:188} INFO - [2025-07-14T12:56:16.875+0000] {dagbag.py:538} INFO - Filling up the DagBag from /home/airflow/.local/lib/python3.8/site-packages/airflow/example_dags/example_branch_labels.py
[2025-07-14T12:56:16.901+0000] {processor.py:840} INFO - DAG(s) 'example_branch_labels' retrieved from /home/airflow/.local/lib/python3.8/site-packages/airflow/example_dags/example_branch_labels.py
[2025-07-14T12:56:16.978+0000] {logging_mixin.py:188} INFO - [2025-07-14T12:56:16.977+0000] {dag.py:3036} INFO - Sync 1 DAGs
[2025-07-14T12:56:17.065+0000] {logging_mixin.py:188} INFO - [2025-07-14T12:56:17.061+0000] {dag.py:3823} INFO - Setting next_dagrun for example_branch_labels to 2025-07-13 00:00:00+00:00, run_after=2025-07-14 00:00:00+00:00
[2025-07-14T12:56:17.124+0000] {processor.py:183} INFO - Processing /home/airflow/.local/lib/python3.8/site-packages/airflow/example_dags/example_branch_labels.py took 0.277 seconds
[2025-07-14T12:56:47.241+0000] {processor.py:161} INFO - Started process (PID=2803) to work on /home/airflow/.local/lib/python3.8/site-packages/airflow/example_dags/example_branch_labels.py
[2025-07-14T12:56:47.244+0000] {processor.py:830} INFO - Processing file /home/airflow/.local/lib/python3.8/site-packages/airflow/example_dags/example_branch_labels.py for tasks to queue
[2025-07-14T12:56:47.249+0000] {logging_mixin.py:188} INFO - [2025-07-14T12:56:47.248+0000] {dagbag.py:538} INFO - Filling up the DagBag from /home/airflow/.local/lib/python3.8/site-packages/airflow/example_dags/example_branch_labels.py
[2025-07-14T12:56:47.268+0000] {processor.py:840} INFO - DAG(s) 'example_branch_labels' retrieved from /home/airflow/.local/lib/python3.8/site-packages/airflow/example_dags/example_branch_labels.py
[2025-07-14T12:56:47.316+0000] {logging_mixin.py:188} INFO - [2025-07-14T12:56:47.311+0000] {dag.py:3036} INFO - Sync 1 DAGs
[2025-07-14T12:56:47.372+0000] {logging_mixin.py:188} INFO - [2025-07-14T12:56:47.371+0000] {dag.py:3823} INFO - Setting next_dagrun for example_branch_labels to 2025-07-13 00:00:00+00:00, run_after=2025-07-14 00:00:00+00:00
[2025-07-14T12:56:47.412+0000] {processor.py:183} INFO - Processing /home/airflow/.local/lib/python3.8/site-packages/airflow/example_dags/example_branch_labels.py took 0.177 seconds
[2025-07-14T12:57:17.521+0000] {processor.py:161} INFO - Started process (PID=2864) to work on /home/airflow/.local/lib/python3.8/site-packages/airflow/example_dags/example_branch_labels.py
[2025-07-14T12:57:17.523+0000] {processor.py:830} INFO - Processing file /home/airflow/.local/lib/python3.8/site-packages/airflow/example_dags/example_branch_labels.py for tasks to queue
[2025-07-14T12:57:17.527+0000] {logging_mixin.py:188} INFO - [2025-07-14T12:57:17.526+0000] {dagbag.py:538} INFO - Filling up the DagBag from /home/airflow/.local/lib/python3.8/site-packages/airflow/example_dags/example_branch_labels.py
[2025-07-14T12:57:17.542+0000] {processor.py:840} INFO - DAG(s) 'example_branch_labels' retrieved from /home/airflow/.local/lib/python3.8/site-packages/airflow/example_dags/example_branch_labels.py
[2025-07-14T12:57:17.582+0000] {logging_mixin.py:188} INFO - [2025-07-14T12:57:17.581+0000] {dag.py:3036} INFO - Sync 1 DAGs
[2025-07-14T12:57:17.648+0000] {logging_mixin.py:188} INFO - [2025-07-14T12:57:17.647+0000] {dag.py:3823} INFO - Setting next_dagrun for example_branch_labels to 2025-07-13 00:00:00+00:00, run_after=2025-07-14 00:00:00+00:00
[2025-07-14T12:57:17.699+0000] {processor.py:183} INFO - Processing /home/airflow/.local/lib/python3.8/site-packages/airflow/example_dags/example_branch_labels.py took 0.183 seconds
[2025-07-14T12:57:48.261+0000] {processor.py:161} INFO - Started process (PID=2923) to work on /home/airflow/.local/lib/python3.8/site-packages/airflow/example_dags/example_branch_labels.py
[2025-07-14T12:57:48.263+0000] {processor.py:830} INFO - Processing file /home/airflow/.local/lib/python3.8/site-packages/airflow/example_dags/example_branch_labels.py for tasks to queue
[2025-07-14T12:57:48.268+0000] {logging_mixin.py:188} INFO - [2025-07-14T12:57:48.267+0000] {dagbag.py:538} INFO - Filling up the DagBag from /home/airflow/.local/lib/python3.8/site-packages/airflow/example_dags/example_branch_labels.py
[2025-07-14T12:57:48.283+0000] {processor.py:840} INFO - DAG(s) 'example_branch_labels' retrieved from /home/airflow/.local/lib/python3.8/site-packages/airflow/example_dags/example_branch_labels.py
[2025-07-14T12:57:48.319+0000] {logging_mixin.py:188} INFO - [2025-07-14T12:57:48.319+0000] {dag.py:3036} INFO - Sync 1 DAGs
[2025-07-14T12:57:48.352+0000] {logging_mixin.py:188} INFO - [2025-07-14T12:57:48.351+0000] {dag.py:3823} INFO - Setting next_dagrun for example_branch_labels to 2025-07-13 00:00:00+00:00, run_after=2025-07-14 00:00:00+00:00
[2025-07-14T12:57:48.378+0000] {processor.py:183} INFO - Processing /home/airflow/.local/lib/python3.8/site-packages/airflow/example_dags/example_branch_labels.py took 0.123 seconds
[2025-07-14T12:58:20.475+0000] {processor.py:161} INFO - Started process (PID=2983) to work on /home/airflow/.local/lib/python3.8/site-packages/airflow/example_dags/example_branch_labels.py
[2025-07-14T12:58:20.478+0000] {processor.py:830} INFO - Processing file /home/airflow/.local/lib/python3.8/site-packages/airflow/example_dags/example_branch_labels.py for tasks to queue
[2025-07-14T12:58:20.487+0000] {logging_mixin.py:188} INFO - [2025-07-14T12:58:20.487+0000] {dagbag.py:538} INFO - Filling up the DagBag from /home/airflow/.local/lib/python3.8/site-packages/airflow/example_dags/example_branch_labels.py
[2025-07-14T12:58:20.531+0000] {processor.py:840} INFO - DAG(s) 'example_branch_labels' retrieved from /home/airflow/.local/lib/python3.8/site-packages/airflow/example_dags/example_branch_labels.py
[2025-07-14T12:58:20.649+0000] {logging_mixin.py:188} INFO - [2025-07-14T12:58:20.648+0000] {dag.py:3036} INFO - Sync 1 DAGs
[2025-07-14T12:58:20.893+0000] {logging_mixin.py:188} INFO - [2025-07-14T12:58:20.892+0000] {dag.py:3823} INFO - Setting next_dagrun for example_branch_labels to 2025-07-13 00:00:00+00:00, run_after=2025-07-14 00:00:00+00:00
[2025-07-14T12:58:20.929+0000] {processor.py:183} INFO - Processing /home/airflow/.local/lib/python3.8/site-packages/airflow/example_dags/example_branch_labels.py took 0.464 seconds
[2025-07-14T12:58:51.332+0000] {processor.py:161} INFO - Started process (PID=3046) to work on /home/airflow/.local/lib/python3.8/site-packages/airflow/example_dags/example_branch_labels.py
[2025-07-14T12:58:51.334+0000] {processor.py:830} INFO - Processing file /home/airflow/.local/lib/python3.8/site-packages/airflow/example_dags/example_branch_labels.py for tasks to queue
[2025-07-14T12:58:51.339+0000] {logging_mixin.py:188} INFO - [2025-07-14T12:58:51.339+0000] {dagbag.py:538} INFO - Filling up the DagBag from /home/airflow/.local/lib/python3.8/site-packages/airflow/example_dags/example_branch_labels.py
[2025-07-14T12:58:51.363+0000] {processor.py:840} INFO - DAG(s) 'example_branch_labels' retrieved from /home/airflow/.local/lib/python3.8/site-packages/airflow/example_dags/example_branch_labels.py
[2025-07-14T12:58:51.447+0000] {logging_mixin.py:188} INFO - [2025-07-14T12:58:51.447+0000] {dag.py:3036} INFO - Sync 1 DAGs
[2025-07-14T12:58:52.037+0000] {logging_mixin.py:188} INFO - [2025-07-14T12:58:52.036+0000] {dag.py:3823} INFO - Setting next_dagrun for example_branch_labels to 2025-07-13 00:00:00+00:00, run_after=2025-07-14 00:00:00+00:00
[2025-07-14T12:58:52.107+0000] {processor.py:183} INFO - Processing /home/airflow/.local/lib/python3.8/site-packages/airflow/example_dags/example_branch_labels.py took 0.783 seconds
[2025-07-14T12:59:22.698+0000] {processor.py:161} INFO - Started process (PID=3106) to work on /home/airflow/.local/lib/python3.8/site-packages/airflow/example_dags/example_branch_labels.py
[2025-07-14T12:59:22.704+0000] {processor.py:830} INFO - Processing file /home/airflow/.local/lib/python3.8/site-packages/airflow/example_dags/example_branch_labels.py for tasks to queue
[2025-07-14T12:59:22.709+0000] {logging_mixin.py:188} INFO - [2025-07-14T12:59:22.708+0000] {dagbag.py:538} INFO - Filling up the DagBag from /home/airflow/.local/lib/python3.8/site-packages/airflow/example_dags/example_branch_labels.py
[2025-07-14T12:59:22.725+0000] {processor.py:840} INFO - DAG(s) 'example_branch_labels' retrieved from /home/airflow/.local/lib/python3.8/site-packages/airflow/example_dags/example_branch_labels.py
[2025-07-14T12:59:22.763+0000] {logging_mixin.py:188} INFO - [2025-07-14T12:59:22.763+0000] {dag.py:3036} INFO - Sync 1 DAGs
[2025-07-14T12:59:22.802+0000] {logging_mixin.py:188} INFO - [2025-07-14T12:59:22.802+0000] {dag.py:3823} INFO - Setting next_dagrun for example_branch_labels to 2025-07-13 00:00:00+00:00, run_after=2025-07-14 00:00:00+00:00
[2025-07-14T12:59:22.836+0000] {processor.py:183} INFO - Processing /home/airflow/.local/lib/python3.8/site-packages/airflow/example_dags/example_branch_labels.py took 0.143 seconds
[2025-07-14T12:59:53.104+0000] {processor.py:161} INFO - Started process (PID=3164) to work on /home/airflow/.local/lib/python3.8/site-packages/airflow/example_dags/example_branch_labels.py
[2025-07-14T12:59:53.109+0000] {processor.py:830} INFO - Processing file /home/airflow/.local/lib/python3.8/site-packages/airflow/example_dags/example_branch_labels.py for tasks to queue
[2025-07-14T12:59:53.113+0000] {logging_mixin.py:188} INFO - [2025-07-14T12:59:53.112+0000] {dagbag.py:538} INFO - Filling up the DagBag from /home/airflow/.local/lib/python3.8/site-packages/airflow/example_dags/example_branch_labels.py
[2025-07-14T12:59:53.132+0000] {processor.py:840} INFO - DAG(s) 'example_branch_labels' retrieved from /home/airflow/.local/lib/python3.8/site-packages/airflow/example_dags/example_branch_labels.py
[2025-07-14T12:59:53.185+0000] {logging_mixin.py:188} INFO - [2025-07-14T12:59:53.184+0000] {dag.py:3036} INFO - Sync 1 DAGs
[2025-07-14T12:59:53.242+0000] {logging_mixin.py:188} INFO - [2025-07-14T12:59:53.241+0000] {dag.py:3823} INFO - Setting next_dagrun for example_branch_labels to 2025-07-13 00:00:00+00:00, run_after=2025-07-14 00:00:00+00:00
[2025-07-14T12:59:53.287+0000] {processor.py:183} INFO - Processing /home/airflow/.local/lib/python3.8/site-packages/airflow/example_dags/example_branch_labels.py took 0.190 seconds
[2025-07-14T13:00:23.589+0000] {processor.py:161} INFO - Started process (PID=3224) to work on /home/airflow/.local/lib/python3.8/site-packages/airflow/example_dags/example_branch_labels.py
[2025-07-14T13:00:23.590+0000] {processor.py:830} INFO - Processing file /home/airflow/.local/lib/python3.8/site-packages/airflow/example_dags/example_branch_labels.py for tasks to queue
[2025-07-14T13:00:23.595+0000] {logging_mixin.py:188} INFO - [2025-07-14T13:00:23.594+0000] {dagbag.py:538} INFO - Filling up the DagBag from /home/airflow/.local/lib/python3.8/site-packages/airflow/example_dags/example_branch_labels.py
[2025-07-14T13:00:23.623+0000] {processor.py:840} INFO - DAG(s) 'example_branch_labels' retrieved from /home/airflow/.local/lib/python3.8/site-packages/airflow/example_dags/example_branch_labels.py
[2025-07-14T13:00:23.701+0000] {logging_mixin.py:188} INFO - [2025-07-14T13:00:23.701+0000] {dag.py:3036} INFO - Sync 1 DAGs
[2025-07-14T13:00:23.758+0000] {logging_mixin.py:188} INFO - [2025-07-14T13:00:23.758+0000] {dag.py:3823} INFO - Setting next_dagrun for example_branch_labels to 2025-07-13 00:00:00+00:00, run_after=2025-07-14 00:00:00+00:00
[2025-07-14T13:00:23.816+0000] {processor.py:183} INFO - Processing /home/airflow/.local/lib/python3.8/site-packages/airflow/example_dags/example_branch_labels.py took 0.235 seconds
[2025-07-14T13:00:53.909+0000] {processor.py:161} INFO - Started process (PID=3284) to work on /home/airflow/.local/lib/python3.8/site-packages/airflow/example_dags/example_branch_labels.py
[2025-07-14T13:00:53.911+0000] {processor.py:830} INFO - Processing file /home/airflow/.local/lib/python3.8/site-packages/airflow/example_dags/example_branch_labels.py for tasks to queue
[2025-07-14T13:00:53.915+0000] {logging_mixin.py:188} INFO - [2025-07-14T13:00:53.914+0000] {dagbag.py:538} INFO - Filling up the DagBag from /home/airflow/.local/lib/python3.8/site-packages/airflow/example_dags/example_branch_labels.py
[2025-07-14T13:00:53.933+0000] {processor.py:840} INFO - DAG(s) 'example_branch_labels' retrieved from /home/airflow/.local/lib/python3.8/site-packages/airflow/example_dags/example_branch_labels.py
[2025-07-14T13:00:53.989+0000] {logging_mixin.py:188} INFO - [2025-07-14T13:00:53.989+0000] {dag.py:3036} INFO - Sync 1 DAGs
[2025-07-14T13:00:54.046+0000] {logging_mixin.py:188} INFO - [2025-07-14T13:00:54.046+0000] {dag.py:3823} INFO - Setting next_dagrun for example_branch_labels to 2025-07-13 00:00:00+00:00, run_after=2025-07-14 00:00:00+00:00
[2025-07-14T13:00:54.105+0000] {processor.py:183} INFO - Processing /home/airflow/.local/lib/python3.8/site-packages/airflow/example_dags/example_branch_labels.py took 0.202 seconds
[2025-07-14T13:01:24.165+0000] {processor.py:161} INFO - Started process (PID=3344) to work on /home/airflow/.local/lib/python3.8/site-packages/airflow/example_dags/example_branch_labels.py
[2025-07-14T13:01:24.168+0000] {processor.py:830} INFO - Processing file /home/airflow/.local/lib/python3.8/site-packages/airflow/example_dags/example_branch_labels.py for tasks to queue
[2025-07-14T13:01:24.176+0000] {logging_mixin.py:188} INFO - [2025-07-14T13:01:24.175+0000] {dagbag.py:538} INFO - Filling up the DagBag from /home/airflow/.local/lib/python3.8/site-packages/airflow/example_dags/example_branch_labels.py
[2025-07-14T13:01:24.196+0000] {processor.py:840} INFO - DAG(s) 'example_branch_labels' retrieved from /home/airflow/.local/lib/python3.8/site-packages/airflow/example_dags/example_branch_labels.py
[2025-07-14T13:01:24.245+0000] {logging_mixin.py:188} INFO - [2025-07-14T13:01:24.244+0000] {dag.py:3036} INFO - Sync 1 DAGs
[2025-07-14T13:01:24.295+0000] {logging_mixin.py:188} INFO - [2025-07-14T13:01:24.295+0000] {dag.py:3823} INFO - Setting next_dagrun for example_branch_labels to 2025-07-13 00:00:00+00:00, run_after=2025-07-14 00:00:00+00:00
[2025-07-14T13:01:24.343+0000] {processor.py:183} INFO - Processing /home/airflow/.local/lib/python3.8/site-packages/airflow/example_dags/example_branch_labels.py took 0.185 seconds
[2025-07-14T13:01:55.077+0000] {processor.py:161} INFO - Started process (PID=3404) to work on /home/airflow/.local/lib/python3.8/site-packages/airflow/example_dags/example_branch_labels.py
[2025-07-14T13:01:55.078+0000] {processor.py:830} INFO - Processing file /home/airflow/.local/lib/python3.8/site-packages/airflow/example_dags/example_branch_labels.py for tasks to queue
[2025-07-14T13:01:55.084+0000] {logging_mixin.py:188} INFO - [2025-07-14T13:01:55.083+0000] {dagbag.py:538} INFO - Filling up the DagBag from /home/airflow/.local/lib/python3.8/site-packages/airflow/example_dags/example_branch_labels.py
[2025-07-14T13:01:55.101+0000] {processor.py:840} INFO - DAG(s) 'example_branch_labels' retrieved from /home/airflow/.local/lib/python3.8/site-packages/airflow/example_dags/example_branch_labels.py
[2025-07-14T13:01:55.148+0000] {logging_mixin.py:188} INFO - [2025-07-14T13:01:55.148+0000] {dag.py:3036} INFO - Sync 1 DAGs
[2025-07-14T13:01:55.196+0000] {logging_mixin.py:188} INFO - [2025-07-14T13:01:55.196+0000] {dag.py:3823} INFO - Setting next_dagrun for example_branch_labels to 2025-07-13 00:00:00+00:00, run_after=2025-07-14 00:00:00+00:00
[2025-07-14T13:01:55.234+0000] {processor.py:183} INFO - Processing /home/airflow/.local/lib/python3.8/site-packages/airflow/example_dags/example_branch_labels.py took 0.164 seconds
[2025-07-14T13:02:26.041+0000] {processor.py:161} INFO - Started process (PID=3464) to work on /home/airflow/.local/lib/python3.8/site-packages/airflow/example_dags/example_branch_labels.py
[2025-07-14T13:02:26.043+0000] {processor.py:830} INFO - Processing file /home/airflow/.local/lib/python3.8/site-packages/airflow/example_dags/example_branch_labels.py for tasks to queue
[2025-07-14T13:02:26.046+0000] {logging_mixin.py:188} INFO - [2025-07-14T13:02:26.045+0000] {dagbag.py:538} INFO - Filling up the DagBag from /home/airflow/.local/lib/python3.8/site-packages/airflow/example_dags/example_branch_labels.py
[2025-07-14T13:02:26.064+0000] {processor.py:840} INFO - DAG(s) 'example_branch_labels' retrieved from /home/airflow/.local/lib/python3.8/site-packages/airflow/example_dags/example_branch_labels.py
[2025-07-14T13:02:26.115+0000] {logging_mixin.py:188} INFO - [2025-07-14T13:02:26.115+0000] {dag.py:3036} INFO - Sync 1 DAGs
[2025-07-14T13:02:26.169+0000] {logging_mixin.py:188} INFO - [2025-07-14T13:02:26.169+0000] {dag.py:3823} INFO - Setting next_dagrun for example_branch_labels to 2025-07-13 00:00:00+00:00, run_after=2025-07-14 00:00:00+00:00
[2025-07-14T13:02:26.213+0000] {processor.py:183} INFO - Processing /home/airflow/.local/lib/python3.8/site-packages/airflow/example_dags/example_branch_labels.py took 0.179 seconds
[2025-07-14T13:02:56.415+0000] {processor.py:161} INFO - Started process (PID=3524) to work on /home/airflow/.local/lib/python3.8/site-packages/airflow/example_dags/example_branch_labels.py
[2025-07-14T13:02:56.418+0000] {processor.py:830} INFO - Processing file /home/airflow/.local/lib/python3.8/site-packages/airflow/example_dags/example_branch_labels.py for tasks to queue
[2025-07-14T13:02:56.423+0000] {logging_mixin.py:188} INFO - [2025-07-14T13:02:56.422+0000] {dagbag.py:538} INFO - Filling up the DagBag from /home/airflow/.local/lib/python3.8/site-packages/airflow/example_dags/example_branch_labels.py
[2025-07-14T13:02:56.447+0000] {processor.py:840} INFO - DAG(s) 'example_branch_labels' retrieved from /home/airflow/.local/lib/python3.8/site-packages/airflow/example_dags/example_branch_labels.py
[2025-07-14T13:02:56.507+0000] {logging_mixin.py:188} INFO - [2025-07-14T13:02:56.507+0000] {dag.py:3036} INFO - Sync 1 DAGs
[2025-07-14T13:02:56.591+0000] {logging_mixin.py:188} INFO - [2025-07-14T13:02:56.590+0000] {dag.py:3823} INFO - Setting next_dagrun for example_branch_labels to 2025-07-13 00:00:00+00:00, run_after=2025-07-14 00:00:00+00:00
[2025-07-14T13:02:56.648+0000] {processor.py:183} INFO - Processing /home/airflow/.local/lib/python3.8/site-packages/airflow/example_dags/example_branch_labels.py took 0.239 seconds
[2025-07-14T13:03:26.907+0000] {processor.py:161} INFO - Started process (PID=3584) to work on /home/airflow/.local/lib/python3.8/site-packages/airflow/example_dags/example_branch_labels.py
[2025-07-14T13:03:26.908+0000] {processor.py:830} INFO - Processing file /home/airflow/.local/lib/python3.8/site-packages/airflow/example_dags/example_branch_labels.py for tasks to queue
[2025-07-14T13:03:26.912+0000] {logging_mixin.py:188} INFO - [2025-07-14T13:03:26.912+0000] {dagbag.py:538} INFO - Filling up the DagBag from /home/airflow/.local/lib/python3.8/site-packages/airflow/example_dags/example_branch_labels.py
[2025-07-14T13:03:26.932+0000] {processor.py:840} INFO - DAG(s) 'example_branch_labels' retrieved from /home/airflow/.local/lib/python3.8/site-packages/airflow/example_dags/example_branch_labels.py
[2025-07-14T13:03:27.002+0000] {logging_mixin.py:188} INFO - [2025-07-14T13:03:27.002+0000] {dag.py:3036} INFO - Sync 1 DAGs
[2025-07-14T13:03:27.131+0000] {logging_mixin.py:188} INFO - [2025-07-14T13:03:27.130+0000] {dag.py:3823} INFO - Setting next_dagrun for example_branch_labels to 2025-07-13 00:00:00+00:00, run_after=2025-07-14 00:00:00+00:00
[2025-07-14T13:03:27.353+0000] {processor.py:183} INFO - Processing /home/airflow/.local/lib/python3.8/site-packages/airflow/example_dags/example_branch_labels.py took 0.454 seconds
[2025-07-14T13:03:58.210+0000] {processor.py:161} INFO - Started process (PID=3644) to work on /home/airflow/.local/lib/python3.8/site-packages/airflow/example_dags/example_branch_labels.py
[2025-07-14T13:03:58.213+0000] {processor.py:830} INFO - Processing file /home/airflow/.local/lib/python3.8/site-packages/airflow/example_dags/example_branch_labels.py for tasks to queue
[2025-07-14T13:03:58.218+0000] {logging_mixin.py:188} INFO - [2025-07-14T13:03:58.217+0000] {dagbag.py:538} INFO - Filling up the DagBag from /home/airflow/.local/lib/python3.8/site-packages/airflow/example_dags/example_branch_labels.py
[2025-07-14T13:03:58.234+0000] {processor.py:840} INFO - DAG(s) 'example_branch_labels' retrieved from /home/airflow/.local/lib/python3.8/site-packages/airflow/example_dags/example_branch_labels.py
[2025-07-14T13:03:58.283+0000] {logging_mixin.py:188} INFO - [2025-07-14T13:03:58.282+0000] {dag.py:3036} INFO - Sync 1 DAGs
[2025-07-14T13:03:58.357+0000] {logging_mixin.py:188} INFO - [2025-07-14T13:03:58.356+0000] {dag.py:3823} INFO - Setting next_dagrun for example_branch_labels to 2025-07-13 00:00:00+00:00, run_after=2025-07-14 00:00:00+00:00
[2025-07-14T13:03:58.411+0000] {processor.py:183} INFO - Processing /home/airflow/.local/lib/python3.8/site-packages/airflow/example_dags/example_branch_labels.py took 0.207 seconds
[2025-07-14T13:04:28.665+0000] {processor.py:161} INFO - Started process (PID=3704) to work on /home/airflow/.local/lib/python3.8/site-packages/airflow/example_dags/example_branch_labels.py
[2025-07-14T13:04:28.667+0000] {processor.py:830} INFO - Processing file /home/airflow/.local/lib/python3.8/site-packages/airflow/example_dags/example_branch_labels.py for tasks to queue
[2025-07-14T13:04:28.673+0000] {logging_mixin.py:188} INFO - [2025-07-14T13:04:28.673+0000] {dagbag.py:538} INFO - Filling up the DagBag from /home/airflow/.local/lib/python3.8/site-packages/airflow/example_dags/example_branch_labels.py
[2025-07-14T13:04:28.708+0000] {processor.py:840} INFO - DAG(s) 'example_branch_labels' retrieved from /home/airflow/.local/lib/python3.8/site-packages/airflow/example_dags/example_branch_labels.py
[2025-07-14T13:04:28.776+0000] {logging_mixin.py:188} INFO - [2025-07-14T13:04:28.774+0000] {dag.py:3036} INFO - Sync 1 DAGs
[2025-07-14T13:04:28.836+0000] {logging_mixin.py:188} INFO - [2025-07-14T13:04:28.835+0000] {dag.py:3823} INFO - Setting next_dagrun for example_branch_labels to 2025-07-13 00:00:00+00:00, run_after=2025-07-14 00:00:00+00:00
[2025-07-14T13:04:28.925+0000] {processor.py:183} INFO - Processing /home/airflow/.local/lib/python3.8/site-packages/airflow/example_dags/example_branch_labels.py took 0.269 seconds
[2025-07-14T13:04:59.796+0000] {processor.py:161} INFO - Started process (PID=3763) to work on /home/airflow/.local/lib/python3.8/site-packages/airflow/example_dags/example_branch_labels.py
[2025-07-14T13:04:59.797+0000] {processor.py:830} INFO - Processing file /home/airflow/.local/lib/python3.8/site-packages/airflow/example_dags/example_branch_labels.py for tasks to queue
[2025-07-14T13:04:59.804+0000] {logging_mixin.py:188} INFO - [2025-07-14T13:04:59.804+0000] {dagbag.py:538} INFO - Filling up the DagBag from /home/airflow/.local/lib/python3.8/site-packages/airflow/example_dags/example_branch_labels.py
[2025-07-14T13:04:59.826+0000] {processor.py:840} INFO - DAG(s) 'example_branch_labels' retrieved from /home/airflow/.local/lib/python3.8/site-packages/airflow/example_dags/example_branch_labels.py
[2025-07-14T13:04:59.878+0000] {logging_mixin.py:188} INFO - [2025-07-14T13:04:59.878+0000] {dag.py:3036} INFO - Sync 1 DAGs
[2025-07-14T13:04:59.937+0000] {logging_mixin.py:188} INFO - [2025-07-14T13:04:59.936+0000] {dag.py:3823} INFO - Setting next_dagrun for example_branch_labels to 2025-07-13 00:00:00+00:00, run_after=2025-07-14 00:00:00+00:00
[2025-07-14T13:04:59.986+0000] {processor.py:183} INFO - Processing /home/airflow/.local/lib/python3.8/site-packages/airflow/example_dags/example_branch_labels.py took 0.196 seconds
[2025-07-14T13:05:30.507+0000] {processor.py:161} INFO - Started process (PID=3823) to work on /home/airflow/.local/lib/python3.8/site-packages/airflow/example_dags/example_branch_labels.py
[2025-07-14T13:05:30.511+0000] {processor.py:830} INFO - Processing file /home/airflow/.local/lib/python3.8/site-packages/airflow/example_dags/example_branch_labels.py for tasks to queue
[2025-07-14T13:05:30.515+0000] {logging_mixin.py:188} INFO - [2025-07-14T13:05:30.514+0000] {dagbag.py:538} INFO - Filling up the DagBag from /home/airflow/.local/lib/python3.8/site-packages/airflow/example_dags/example_branch_labels.py
[2025-07-14T13:05:30.538+0000] {processor.py:840} INFO - DAG(s) 'example_branch_labels' retrieved from /home/airflow/.local/lib/python3.8/site-packages/airflow/example_dags/example_branch_labels.py
[2025-07-14T13:05:30.676+0000] {logging_mixin.py:188} INFO - [2025-07-14T13:05:30.676+0000] {dag.py:3036} INFO - Sync 1 DAGs
[2025-07-14T13:05:30.731+0000] {logging_mixin.py:188} INFO - [2025-07-14T13:05:30.731+0000] {dag.py:3823} INFO - Setting next_dagrun for example_branch_labels to 2025-07-13 00:00:00+00:00, run_after=2025-07-14 00:00:00+00:00
[2025-07-14T13:05:30.891+0000] {processor.py:183} INFO - Processing /home/airflow/.local/lib/python3.8/site-packages/airflow/example_dags/example_branch_labels.py took 0.393 seconds
[2025-07-14T13:06:01.476+0000] {processor.py:161} INFO - Started process (PID=3882) to work on /home/airflow/.local/lib/python3.8/site-packages/airflow/example_dags/example_branch_labels.py
[2025-07-14T13:06:01.478+0000] {processor.py:830} INFO - Processing file /home/airflow/.local/lib/python3.8/site-packages/airflow/example_dags/example_branch_labels.py for tasks to queue
[2025-07-14T13:06:01.481+0000] {logging_mixin.py:188} INFO - [2025-07-14T13:06:01.481+0000] {dagbag.py:538} INFO - Filling up the DagBag from /home/airflow/.local/lib/python3.8/site-packages/airflow/example_dags/example_branch_labels.py
[2025-07-14T13:06:01.524+0000] {processor.py:840} INFO - DAG(s) 'example_branch_labels' retrieved from /home/airflow/.local/lib/python3.8/site-packages/airflow/example_dags/example_branch_labels.py
[2025-07-14T13:06:01.581+0000] {logging_mixin.py:188} INFO - [2025-07-14T13:06:01.581+0000] {dag.py:3036} INFO - Sync 1 DAGs
[2025-07-14T13:06:01.667+0000] {logging_mixin.py:188} INFO - [2025-07-14T13:06:01.666+0000] {dag.py:3823} INFO - Setting next_dagrun for example_branch_labels to 2025-07-13 00:00:00+00:00, run_after=2025-07-14 00:00:00+00:00
[2025-07-14T13:06:01.726+0000] {processor.py:183} INFO - Processing /home/airflow/.local/lib/python3.8/site-packages/airflow/example_dags/example_branch_labels.py took 0.260 seconds
