[2025-07-14T12:33:31.402+0000] {processor.py:161} INFO - Started process (PID=85) to work on /home/airflow/.local/lib/python3.8/site-packages/airflow/example_dags/example_complex.py
[2025-07-14T12:33:31.407+0000] {processor.py:830} INFO - Processing file /home/airflow/.local/lib/python3.8/site-packages/airflow/example_dags/example_complex.py for tasks to queue
[2025-07-14T12:33:31.445+0000] {logging_mixin.py:188} INFO - [2025-07-14T12:33:31.444+0000] {dagbag.py:538} INFO - Filling up the DagBag from /home/airflow/.local/lib/python3.8/site-packages/airflow/example_dags/example_complex.py
[2025-07-14T12:33:31.492+0000] {processor.py:840} INFO - DAG(s) 'example_complex' retrieved from /home/airflow/.local/lib/python3.8/site-packages/airflow/example_dags/example_complex.py
[2025-07-14T12:33:31.603+0000] {logging_mixin.py:188} INFO - [2025-07-14T12:33:31.603+0000] {dag.py:3036} INFO - Sync 1 DAGs
[2025-07-14T12:33:31.653+0000] {logging_mixin.py:188} INFO - [2025-07-14T12:33:31.653+0000] {dag.py:3823} INFO - Setting next_dagrun for example_complex to None, run_after=None
[2025-07-14T12:33:31.725+0000] {processor.py:183} INFO - Processing /home/airflow/.local/lib/python3.8/site-packages/airflow/example_dags/example_complex.py took 0.370 seconds
[2025-07-14T12:34:02.192+0000] {processor.py:161} INFO - Started process (PID=145) to work on /home/airflow/.local/lib/python3.8/site-packages/airflow/example_dags/example_complex.py
[2025-07-14T12:34:02.194+0000] {processor.py:830} INFO - Processing file /home/airflow/.local/lib/python3.8/site-packages/airflow/example_dags/example_complex.py for tasks to queue
[2025-07-14T12:34:02.197+0000] {logging_mixin.py:188} INFO - [2025-07-14T12:34:02.196+0000] {dagbag.py:538} INFO - Filling up the DagBag from /home/airflow/.local/lib/python3.8/site-packages/airflow/example_dags/example_complex.py
[2025-07-14T12:34:02.216+0000] {processor.py:840} INFO - DAG(s) 'example_complex' retrieved from /home/airflow/.local/lib/python3.8/site-packages/airflow/example_dags/example_complex.py
[2025-07-14T12:34:02.276+0000] {logging_mixin.py:188} INFO - [2025-07-14T12:34:02.275+0000] {dag.py:3036} INFO - Sync 1 DAGs
[2025-07-14T12:34:02.302+0000] {logging_mixin.py:188} INFO - [2025-07-14T12:34:02.300+0000] {dag.py:3823} INFO - Setting next_dagrun for example_complex to None, run_after=None
[2025-07-14T12:34:02.349+0000] {processor.py:183} INFO - Processing /home/airflow/.local/lib/python3.8/site-packages/airflow/example_dags/example_complex.py took 0.163 seconds
[2025-07-14T12:34:34.522+0000] {processor.py:161} INFO - Started process (PID=206) to work on /home/airflow/.local/lib/python3.8/site-packages/airflow/example_dags/example_complex.py
[2025-07-14T12:34:34.536+0000] {processor.py:830} INFO - Processing file /home/airflow/.local/lib/python3.8/site-packages/airflow/example_dags/example_complex.py for tasks to queue
[2025-07-14T12:34:34.565+0000] {logging_mixin.py:188} INFO - [2025-07-14T12:34:34.560+0000] {dagbag.py:538} INFO - Filling up the DagBag from /home/airflow/.local/lib/python3.8/site-packages/airflow/example_dags/example_complex.py
[2025-07-14T12:34:34.617+0000] {processor.py:840} INFO - DAG(s) 'example_complex' retrieved from /home/airflow/.local/lib/python3.8/site-packages/airflow/example_dags/example_complex.py
[2025-07-14T12:34:34.768+0000] {logging_mixin.py:188} INFO - [2025-07-14T12:34:34.767+0000] {dag.py:3036} INFO - Sync 1 DAGs
[2025-07-14T12:34:34.853+0000] {logging_mixin.py:188} INFO - [2025-07-14T12:34:34.852+0000] {dag.py:3823} INFO - Setting next_dagrun for example_complex to None, run_after=None
[2025-07-14T12:34:35.089+0000] {processor.py:183} INFO - Processing /home/airflow/.local/lib/python3.8/site-packages/airflow/example_dags/example_complex.py took 0.580 seconds
[2025-07-14T12:35:05.283+0000] {processor.py:161} INFO - Started process (PID=264) to work on /home/airflow/.local/lib/python3.8/site-packages/airflow/example_dags/example_complex.py
[2025-07-14T12:35:05.284+0000] {processor.py:830} INFO - Processing file /home/airflow/.local/lib/python3.8/site-packages/airflow/example_dags/example_complex.py for tasks to queue
[2025-07-14T12:35:05.287+0000] {logging_mixin.py:188} INFO - [2025-07-14T12:35:05.286+0000] {dagbag.py:538} INFO - Filling up the DagBag from /home/airflow/.local/lib/python3.8/site-packages/airflow/example_dags/example_complex.py
[2025-07-14T12:35:05.302+0000] {processor.py:840} INFO - DAG(s) 'example_complex' retrieved from /home/airflow/.local/lib/python3.8/site-packages/airflow/example_dags/example_complex.py
[2025-07-14T12:35:05.346+0000] {logging_mixin.py:188} INFO - [2025-07-14T12:35:05.346+0000] {dag.py:3036} INFO - Sync 1 DAGs
[2025-07-14T12:35:05.365+0000] {logging_mixin.py:188} INFO - [2025-07-14T12:35:05.365+0000] {dag.py:3823} INFO - Setting next_dagrun for example_complex to None, run_after=None
[2025-07-14T12:35:05.392+0000] {processor.py:183} INFO - Processing /home/airflow/.local/lib/python3.8/site-packages/airflow/example_dags/example_complex.py took 0.114 seconds
[2025-07-14T12:35:35.504+0000] {processor.py:161} INFO - Started process (PID=325) to work on /home/airflow/.local/lib/python3.8/site-packages/airflow/example_dags/example_complex.py
[2025-07-14T12:35:35.505+0000] {processor.py:830} INFO - Processing file /home/airflow/.local/lib/python3.8/site-packages/airflow/example_dags/example_complex.py for tasks to queue
[2025-07-14T12:35:35.509+0000] {logging_mixin.py:188} INFO - [2025-07-14T12:35:35.509+0000] {dagbag.py:538} INFO - Filling up the DagBag from /home/airflow/.local/lib/python3.8/site-packages/airflow/example_dags/example_complex.py
[2025-07-14T12:35:35.530+0000] {processor.py:840} INFO - DAG(s) 'example_complex' retrieved from /home/airflow/.local/lib/python3.8/site-packages/airflow/example_dags/example_complex.py
[2025-07-14T12:35:35.585+0000] {logging_mixin.py:188} INFO - [2025-07-14T12:35:35.584+0000] {dag.py:3036} INFO - Sync 1 DAGs
[2025-07-14T12:35:35.605+0000] {logging_mixin.py:188} INFO - [2025-07-14T12:35:35.605+0000] {dag.py:3823} INFO - Setting next_dagrun for example_complex to None, run_after=None
[2025-07-14T12:35:35.643+0000] {processor.py:183} INFO - Processing /home/airflow/.local/lib/python3.8/site-packages/airflow/example_dags/example_complex.py took 0.145 seconds
[2025-07-14T12:36:06.452+0000] {processor.py:161} INFO - Started process (PID=384) to work on /home/airflow/.local/lib/python3.8/site-packages/airflow/example_dags/example_complex.py
[2025-07-14T12:36:06.455+0000] {processor.py:830} INFO - Processing file /home/airflow/.local/lib/python3.8/site-packages/airflow/example_dags/example_complex.py for tasks to queue
[2025-07-14T12:36:06.459+0000] {logging_mixin.py:188} INFO - [2025-07-14T12:36:06.458+0000] {dagbag.py:538} INFO - Filling up the DagBag from /home/airflow/.local/lib/python3.8/site-packages/airflow/example_dags/example_complex.py
[2025-07-14T12:36:06.486+0000] {processor.py:840} INFO - DAG(s) 'example_complex' retrieved from /home/airflow/.local/lib/python3.8/site-packages/airflow/example_dags/example_complex.py
[2025-07-14T12:36:06.540+0000] {logging_mixin.py:188} INFO - [2025-07-14T12:36:06.540+0000] {dag.py:3036} INFO - Sync 1 DAGs
[2025-07-14T12:36:06.562+0000] {logging_mixin.py:188} INFO - [2025-07-14T12:36:06.561+0000] {dag.py:3823} INFO - Setting next_dagrun for example_complex to None, run_after=None
[2025-07-14T12:36:06.594+0000] {processor.py:183} INFO - Processing /home/airflow/.local/lib/python3.8/site-packages/airflow/example_dags/example_complex.py took 0.148 seconds
[2025-07-14T12:36:37.304+0000] {processor.py:161} INFO - Started process (PID=444) to work on /home/airflow/.local/lib/python3.8/site-packages/airflow/example_dags/example_complex.py
[2025-07-14T12:36:37.307+0000] {processor.py:830} INFO - Processing file /home/airflow/.local/lib/python3.8/site-packages/airflow/example_dags/example_complex.py for tasks to queue
[2025-07-14T12:36:37.312+0000] {logging_mixin.py:188} INFO - [2025-07-14T12:36:37.310+0000] {dagbag.py:538} INFO - Filling up the DagBag from /home/airflow/.local/lib/python3.8/site-packages/airflow/example_dags/example_complex.py
[2025-07-14T12:36:37.342+0000] {processor.py:840} INFO - DAG(s) 'example_complex' retrieved from /home/airflow/.local/lib/python3.8/site-packages/airflow/example_dags/example_complex.py
[2025-07-14T12:36:37.421+0000] {logging_mixin.py:188} INFO - [2025-07-14T12:36:37.420+0000] {dag.py:3036} INFO - Sync 1 DAGs
[2025-07-14T12:36:37.444+0000] {logging_mixin.py:188} INFO - [2025-07-14T12:36:37.444+0000] {dag.py:3823} INFO - Setting next_dagrun for example_complex to None, run_after=None
[2025-07-14T12:36:37.506+0000] {processor.py:183} INFO - Processing /home/airflow/.local/lib/python3.8/site-packages/airflow/example_dags/example_complex.py took 0.215 seconds
[2025-07-14T12:37:07.934+0000] {processor.py:161} INFO - Started process (PID=503) to work on /home/airflow/.local/lib/python3.8/site-packages/airflow/example_dags/example_complex.py
[2025-07-14T12:37:07.936+0000] {processor.py:830} INFO - Processing file /home/airflow/.local/lib/python3.8/site-packages/airflow/example_dags/example_complex.py for tasks to queue
[2025-07-14T12:37:07.946+0000] {logging_mixin.py:188} INFO - [2025-07-14T12:37:07.945+0000] {dagbag.py:538} INFO - Filling up the DagBag from /home/airflow/.local/lib/python3.8/site-packages/airflow/example_dags/example_complex.py
[2025-07-14T12:37:07.977+0000] {processor.py:840} INFO - DAG(s) 'example_complex' retrieved from /home/airflow/.local/lib/python3.8/site-packages/airflow/example_dags/example_complex.py
[2025-07-14T12:37:08.072+0000] {logging_mixin.py:188} INFO - [2025-07-14T12:37:08.071+0000] {dag.py:3036} INFO - Sync 1 DAGs
[2025-07-14T12:37:08.124+0000] {logging_mixin.py:188} INFO - [2025-07-14T12:37:08.124+0000] {dag.py:3823} INFO - Setting next_dagrun for example_complex to None, run_after=None
[2025-07-14T12:37:08.188+0000] {processor.py:183} INFO - Processing /home/airflow/.local/lib/python3.8/site-packages/airflow/example_dags/example_complex.py took 0.267 seconds
[2025-07-14T12:37:38.395+0000] {processor.py:161} INFO - Started process (PID=563) to work on /home/airflow/.local/lib/python3.8/site-packages/airflow/example_dags/example_complex.py
[2025-07-14T12:37:38.396+0000] {processor.py:830} INFO - Processing file /home/airflow/.local/lib/python3.8/site-packages/airflow/example_dags/example_complex.py for tasks to queue
[2025-07-14T12:37:38.399+0000] {logging_mixin.py:188} INFO - [2025-07-14T12:37:38.399+0000] {dagbag.py:538} INFO - Filling up the DagBag from /home/airflow/.local/lib/python3.8/site-packages/airflow/example_dags/example_complex.py
[2025-07-14T12:37:38.420+0000] {processor.py:840} INFO - DAG(s) 'example_complex' retrieved from /home/airflow/.local/lib/python3.8/site-packages/airflow/example_dags/example_complex.py
[2025-07-14T12:37:38.479+0000] {logging_mixin.py:188} INFO - [2025-07-14T12:37:38.479+0000] {dag.py:3036} INFO - Sync 1 DAGs
[2025-07-14T12:37:38.501+0000] {logging_mixin.py:188} INFO - [2025-07-14T12:37:38.501+0000] {dag.py:3823} INFO - Setting next_dagrun for example_complex to None, run_after=None
[2025-07-14T12:37:38.536+0000] {processor.py:183} INFO - Processing /home/airflow/.local/lib/python3.8/site-packages/airflow/example_dags/example_complex.py took 0.146 seconds
[2025-07-14T12:38:08.738+0000] {processor.py:161} INFO - Started process (PID=623) to work on /home/airflow/.local/lib/python3.8/site-packages/airflow/example_dags/example_complex.py
[2025-07-14T12:38:08.744+0000] {processor.py:830} INFO - Processing file /home/airflow/.local/lib/python3.8/site-packages/airflow/example_dags/example_complex.py for tasks to queue
[2025-07-14T12:38:08.748+0000] {logging_mixin.py:188} INFO - [2025-07-14T12:38:08.748+0000] {dagbag.py:538} INFO - Filling up the DagBag from /home/airflow/.local/lib/python3.8/site-packages/airflow/example_dags/example_complex.py
[2025-07-14T12:38:08.784+0000] {processor.py:840} INFO - DAG(s) 'example_complex' retrieved from /home/airflow/.local/lib/python3.8/site-packages/airflow/example_dags/example_complex.py
[2025-07-14T12:38:08.886+0000] {logging_mixin.py:188} INFO - [2025-07-14T12:38:08.885+0000] {dag.py:3036} INFO - Sync 1 DAGs
[2025-07-14T12:38:08.920+0000] {logging_mixin.py:188} INFO - [2025-07-14T12:38:08.920+0000] {dag.py:3823} INFO - Setting next_dagrun for example_complex to None, run_after=None
[2025-07-14T12:38:08.989+0000] {processor.py:183} INFO - Processing /home/airflow/.local/lib/python3.8/site-packages/airflow/example_dags/example_complex.py took 0.259 seconds
[2025-07-14T12:38:39.862+0000] {processor.py:161} INFO - Started process (PID=683) to work on /home/airflow/.local/lib/python3.8/site-packages/airflow/example_dags/example_complex.py
[2025-07-14T12:38:39.864+0000] {processor.py:830} INFO - Processing file /home/airflow/.local/lib/python3.8/site-packages/airflow/example_dags/example_complex.py for tasks to queue
[2025-07-14T12:38:39.867+0000] {logging_mixin.py:188} INFO - [2025-07-14T12:38:39.866+0000] {dagbag.py:538} INFO - Filling up the DagBag from /home/airflow/.local/lib/python3.8/site-packages/airflow/example_dags/example_complex.py
[2025-07-14T12:38:39.890+0000] {processor.py:840} INFO - DAG(s) 'example_complex' retrieved from /home/airflow/.local/lib/python3.8/site-packages/airflow/example_dags/example_complex.py
[2025-07-14T12:38:39.951+0000] {logging_mixin.py:188} INFO - [2025-07-14T12:38:39.951+0000] {dag.py:3036} INFO - Sync 1 DAGs
[2025-07-14T12:38:39.976+0000] {logging_mixin.py:188} INFO - [2025-07-14T12:38:39.976+0000] {dag.py:3823} INFO - Setting next_dagrun for example_complex to None, run_after=None
[2025-07-14T12:38:40.018+0000] {processor.py:183} INFO - Processing /home/airflow/.local/lib/python3.8/site-packages/airflow/example_dags/example_complex.py took 0.161 seconds
[2025-07-14T12:39:10.095+0000] {processor.py:161} INFO - Started process (PID=744) to work on /home/airflow/.local/lib/python3.8/site-packages/airflow/example_dags/example_complex.py
[2025-07-14T12:39:10.097+0000] {processor.py:830} INFO - Processing file /home/airflow/.local/lib/python3.8/site-packages/airflow/example_dags/example_complex.py for tasks to queue
[2025-07-14T12:39:10.100+0000] {logging_mixin.py:188} INFO - [2025-07-14T12:39:10.100+0000] {dagbag.py:538} INFO - Filling up the DagBag from /home/airflow/.local/lib/python3.8/site-packages/airflow/example_dags/example_complex.py
[2025-07-14T12:39:10.123+0000] {processor.py:840} INFO - DAG(s) 'example_complex' retrieved from /home/airflow/.local/lib/python3.8/site-packages/airflow/example_dags/example_complex.py
[2025-07-14T12:39:10.182+0000] {logging_mixin.py:188} INFO - [2025-07-14T12:39:10.182+0000] {dag.py:3036} INFO - Sync 1 DAGs
[2025-07-14T12:39:10.206+0000] {logging_mixin.py:188} INFO - [2025-07-14T12:39:10.205+0000] {dag.py:3823} INFO - Setting next_dagrun for example_complex to None, run_after=None
[2025-07-14T12:39:10.244+0000] {processor.py:183} INFO - Processing /home/airflow/.local/lib/python3.8/site-packages/airflow/example_dags/example_complex.py took 0.155 seconds
[2025-07-14T12:39:40.609+0000] {processor.py:161} INFO - Started process (PID=804) to work on /home/airflow/.local/lib/python3.8/site-packages/airflow/example_dags/example_complex.py
[2025-07-14T12:39:40.610+0000] {processor.py:830} INFO - Processing file /home/airflow/.local/lib/python3.8/site-packages/airflow/example_dags/example_complex.py for tasks to queue
[2025-07-14T12:39:40.614+0000] {logging_mixin.py:188} INFO - [2025-07-14T12:39:40.613+0000] {dagbag.py:538} INFO - Filling up the DagBag from /home/airflow/.local/lib/python3.8/site-packages/airflow/example_dags/example_complex.py
[2025-07-14T12:39:40.632+0000] {processor.py:840} INFO - DAG(s) 'example_complex' retrieved from /home/airflow/.local/lib/python3.8/site-packages/airflow/example_dags/example_complex.py
[2025-07-14T12:39:40.698+0000] {logging_mixin.py:188} INFO - [2025-07-14T12:39:40.697+0000] {dag.py:3036} INFO - Sync 1 DAGs
[2025-07-14T12:39:40.721+0000] {logging_mixin.py:188} INFO - [2025-07-14T12:39:40.720+0000] {dag.py:3823} INFO - Setting next_dagrun for example_complex to None, run_after=None
[2025-07-14T12:39:40.750+0000] {processor.py:183} INFO - Processing /home/airflow/.local/lib/python3.8/site-packages/airflow/example_dags/example_complex.py took 0.146 seconds
[2025-07-14T12:40:11.423+0000] {processor.py:161} INFO - Started process (PID=864) to work on /home/airflow/.local/lib/python3.8/site-packages/airflow/example_dags/example_complex.py
[2025-07-14T12:40:11.432+0000] {processor.py:830} INFO - Processing file /home/airflow/.local/lib/python3.8/site-packages/airflow/example_dags/example_complex.py for tasks to queue
[2025-07-14T12:40:11.436+0000] {logging_mixin.py:188} INFO - [2025-07-14T12:40:11.435+0000] {dagbag.py:538} INFO - Filling up the DagBag from /home/airflow/.local/lib/python3.8/site-packages/airflow/example_dags/example_complex.py
[2025-07-14T12:40:11.465+0000] {processor.py:840} INFO - DAG(s) 'example_complex' retrieved from /home/airflow/.local/lib/python3.8/site-packages/airflow/example_dags/example_complex.py
[2025-07-14T12:40:11.527+0000] {logging_mixin.py:188} INFO - [2025-07-14T12:40:11.527+0000] {dag.py:3036} INFO - Sync 1 DAGs
[2025-07-14T12:40:11.545+0000] {logging_mixin.py:188} INFO - [2025-07-14T12:40:11.545+0000] {dag.py:3823} INFO - Setting next_dagrun for example_complex to None, run_after=None
[2025-07-14T12:40:11.577+0000] {processor.py:183} INFO - Processing /home/airflow/.local/lib/python3.8/site-packages/airflow/example_dags/example_complex.py took 0.163 seconds
[2025-07-14T12:40:41.930+0000] {processor.py:161} INFO - Started process (PID=924) to work on /home/airflow/.local/lib/python3.8/site-packages/airflow/example_dags/example_complex.py
[2025-07-14T12:40:41.932+0000] {processor.py:830} INFO - Processing file /home/airflow/.local/lib/python3.8/site-packages/airflow/example_dags/example_complex.py for tasks to queue
[2025-07-14T12:40:41.934+0000] {logging_mixin.py:188} INFO - [2025-07-14T12:40:41.934+0000] {dagbag.py:538} INFO - Filling up the DagBag from /home/airflow/.local/lib/python3.8/site-packages/airflow/example_dags/example_complex.py
[2025-07-14T12:40:41.954+0000] {processor.py:840} INFO - DAG(s) 'example_complex' retrieved from /home/airflow/.local/lib/python3.8/site-packages/airflow/example_dags/example_complex.py
[2025-07-14T12:40:42.018+0000] {logging_mixin.py:188} INFO - [2025-07-14T12:40:42.018+0000] {dag.py:3036} INFO - Sync 1 DAGs
[2025-07-14T12:40:42.046+0000] {logging_mixin.py:188} INFO - [2025-07-14T12:40:42.046+0000] {dag.py:3823} INFO - Setting next_dagrun for example_complex to None, run_after=None
[2025-07-14T12:40:42.087+0000] {processor.py:183} INFO - Processing /home/airflow/.local/lib/python3.8/site-packages/airflow/example_dags/example_complex.py took 0.164 seconds
[2025-07-14T12:41:12.199+0000] {processor.py:161} INFO - Started process (PID=984) to work on /home/airflow/.local/lib/python3.8/site-packages/airflow/example_dags/example_complex.py
[2025-07-14T12:41:12.202+0000] {processor.py:830} INFO - Processing file /home/airflow/.local/lib/python3.8/site-packages/airflow/example_dags/example_complex.py for tasks to queue
[2025-07-14T12:41:12.204+0000] {logging_mixin.py:188} INFO - [2025-07-14T12:41:12.204+0000] {dagbag.py:538} INFO - Filling up the DagBag from /home/airflow/.local/lib/python3.8/site-packages/airflow/example_dags/example_complex.py
[2025-07-14T12:41:12.223+0000] {processor.py:840} INFO - DAG(s) 'example_complex' retrieved from /home/airflow/.local/lib/python3.8/site-packages/airflow/example_dags/example_complex.py
[2025-07-14T12:41:12.278+0000] {logging_mixin.py:188} INFO - [2025-07-14T12:41:12.278+0000] {dag.py:3036} INFO - Sync 1 DAGs
[2025-07-14T12:41:12.299+0000] {logging_mixin.py:188} INFO - [2025-07-14T12:41:12.299+0000] {dag.py:3823} INFO - Setting next_dagrun for example_complex to None, run_after=None
[2025-07-14T12:41:12.339+0000] {processor.py:183} INFO - Processing /home/airflow/.local/lib/python3.8/site-packages/airflow/example_dags/example_complex.py took 0.143 seconds
[2025-07-14T12:41:42.471+0000] {processor.py:161} INFO - Started process (PID=1044) to work on /home/airflow/.local/lib/python3.8/site-packages/airflow/example_dags/example_complex.py
[2025-07-14T12:41:42.473+0000] {processor.py:830} INFO - Processing file /home/airflow/.local/lib/python3.8/site-packages/airflow/example_dags/example_complex.py for tasks to queue
[2025-07-14T12:41:42.477+0000] {logging_mixin.py:188} INFO - [2025-07-14T12:41:42.476+0000] {dagbag.py:538} INFO - Filling up the DagBag from /home/airflow/.local/lib/python3.8/site-packages/airflow/example_dags/example_complex.py
[2025-07-14T12:41:42.500+0000] {processor.py:840} INFO - DAG(s) 'example_complex' retrieved from /home/airflow/.local/lib/python3.8/site-packages/airflow/example_dags/example_complex.py
[2025-07-14T12:41:42.559+0000] {logging_mixin.py:188} INFO - [2025-07-14T12:41:42.559+0000] {dag.py:3036} INFO - Sync 1 DAGs
[2025-07-14T12:41:42.584+0000] {logging_mixin.py:188} INFO - [2025-07-14T12:41:42.583+0000] {dag.py:3823} INFO - Setting next_dagrun for example_complex to None, run_after=None
[2025-07-14T12:41:42.625+0000] {processor.py:183} INFO - Processing /home/airflow/.local/lib/python3.8/site-packages/airflow/example_dags/example_complex.py took 0.158 seconds
[2025-07-14T12:42:12.957+0000] {processor.py:161} INFO - Started process (PID=1103) to work on /home/airflow/.local/lib/python3.8/site-packages/airflow/example_dags/example_complex.py
[2025-07-14T12:42:12.959+0000] {processor.py:830} INFO - Processing file /home/airflow/.local/lib/python3.8/site-packages/airflow/example_dags/example_complex.py for tasks to queue
[2025-07-14T12:42:12.962+0000] {logging_mixin.py:188} INFO - [2025-07-14T12:42:12.961+0000] {dagbag.py:538} INFO - Filling up the DagBag from /home/airflow/.local/lib/python3.8/site-packages/airflow/example_dags/example_complex.py
[2025-07-14T12:42:12.981+0000] {processor.py:840} INFO - DAG(s) 'example_complex' retrieved from /home/airflow/.local/lib/python3.8/site-packages/airflow/example_dags/example_complex.py
[2025-07-14T12:42:13.041+0000] {logging_mixin.py:188} INFO - [2025-07-14T12:42:13.040+0000] {dag.py:3036} INFO - Sync 1 DAGs
[2025-07-14T12:42:13.063+0000] {logging_mixin.py:188} INFO - [2025-07-14T12:42:13.063+0000] {dag.py:3823} INFO - Setting next_dagrun for example_complex to None, run_after=None
[2025-07-14T12:42:13.099+0000] {processor.py:183} INFO - Processing /home/airflow/.local/lib/python3.8/site-packages/airflow/example_dags/example_complex.py took 0.148 seconds
[2025-07-14T12:42:43.590+0000] {processor.py:161} INFO - Started process (PID=1160) to work on /home/airflow/.local/lib/python3.8/site-packages/airflow/example_dags/example_complex.py
[2025-07-14T12:42:43.591+0000] {processor.py:830} INFO - Processing file /home/airflow/.local/lib/python3.8/site-packages/airflow/example_dags/example_complex.py for tasks to queue
[2025-07-14T12:42:43.595+0000] {logging_mixin.py:188} INFO - [2025-07-14T12:42:43.594+0000] {dagbag.py:538} INFO - Filling up the DagBag from /home/airflow/.local/lib/python3.8/site-packages/airflow/example_dags/example_complex.py
[2025-07-14T12:42:43.626+0000] {processor.py:840} INFO - DAG(s) 'example_complex' retrieved from /home/airflow/.local/lib/python3.8/site-packages/airflow/example_dags/example_complex.py
[2025-07-14T12:42:43.691+0000] {logging_mixin.py:188} INFO - [2025-07-14T12:42:43.690+0000] {dag.py:3036} INFO - Sync 1 DAGs
[2025-07-14T12:42:43.713+0000] {logging_mixin.py:188} INFO - [2025-07-14T12:42:43.712+0000] {dag.py:3823} INFO - Setting next_dagrun for example_complex to None, run_after=None
[2025-07-14T12:42:43.751+0000] {processor.py:183} INFO - Processing /home/airflow/.local/lib/python3.8/site-packages/airflow/example_dags/example_complex.py took 0.166 seconds
[2025-07-14T12:43:13.887+0000] {processor.py:161} INFO - Started process (PID=1219) to work on /home/airflow/.local/lib/python3.8/site-packages/airflow/example_dags/example_complex.py
[2025-07-14T12:43:13.888+0000] {processor.py:830} INFO - Processing file /home/airflow/.local/lib/python3.8/site-packages/airflow/example_dags/example_complex.py for tasks to queue
[2025-07-14T12:43:13.892+0000] {logging_mixin.py:188} INFO - [2025-07-14T12:43:13.891+0000] {dagbag.py:538} INFO - Filling up the DagBag from /home/airflow/.local/lib/python3.8/site-packages/airflow/example_dags/example_complex.py
[2025-07-14T12:43:13.915+0000] {processor.py:840} INFO - DAG(s) 'example_complex' retrieved from /home/airflow/.local/lib/python3.8/site-packages/airflow/example_dags/example_complex.py
[2025-07-14T12:43:13.980+0000] {logging_mixin.py:188} INFO - [2025-07-14T12:43:13.980+0000] {dag.py:3036} INFO - Sync 1 DAGs
[2025-07-14T12:43:14.000+0000] {logging_mixin.py:188} INFO - [2025-07-14T12:43:14.000+0000] {dag.py:3823} INFO - Setting next_dagrun for example_complex to None, run_after=None
[2025-07-14T12:43:14.033+0000] {processor.py:183} INFO - Processing /home/airflow/.local/lib/python3.8/site-packages/airflow/example_dags/example_complex.py took 0.151 seconds
[2025-07-14T12:43:44.573+0000] {processor.py:161} INFO - Started process (PID=1279) to work on /home/airflow/.local/lib/python3.8/site-packages/airflow/example_dags/example_complex.py
[2025-07-14T12:43:44.575+0000] {processor.py:830} INFO - Processing file /home/airflow/.local/lib/python3.8/site-packages/airflow/example_dags/example_complex.py for tasks to queue
[2025-07-14T12:43:44.580+0000] {logging_mixin.py:188} INFO - [2025-07-14T12:43:44.580+0000] {dagbag.py:538} INFO - Filling up the DagBag from /home/airflow/.local/lib/python3.8/site-packages/airflow/example_dags/example_complex.py
[2025-07-14T12:43:44.610+0000] {processor.py:840} INFO - DAG(s) 'example_complex' retrieved from /home/airflow/.local/lib/python3.8/site-packages/airflow/example_dags/example_complex.py
[2025-07-14T12:43:44.684+0000] {logging_mixin.py:188} INFO - [2025-07-14T12:43:44.683+0000] {dag.py:3036} INFO - Sync 1 DAGs
[2025-07-14T12:43:44.713+0000] {logging_mixin.py:188} INFO - [2025-07-14T12:43:44.712+0000] {dag.py:3823} INFO - Setting next_dagrun for example_complex to None, run_after=None
[2025-07-14T12:43:44.762+0000] {processor.py:183} INFO - Processing /home/airflow/.local/lib/python3.8/site-packages/airflow/example_dags/example_complex.py took 0.194 seconds
[2025-07-14T12:44:14.944+0000] {processor.py:161} INFO - Started process (PID=1339) to work on /home/airflow/.local/lib/python3.8/site-packages/airflow/example_dags/example_complex.py
[2025-07-14T12:44:14.946+0000] {processor.py:830} INFO - Processing file /home/airflow/.local/lib/python3.8/site-packages/airflow/example_dags/example_complex.py for tasks to queue
[2025-07-14T12:44:14.950+0000] {logging_mixin.py:188} INFO - [2025-07-14T12:44:14.949+0000] {dagbag.py:538} INFO - Filling up the DagBag from /home/airflow/.local/lib/python3.8/site-packages/airflow/example_dags/example_complex.py
[2025-07-14T12:44:14.969+0000] {processor.py:840} INFO - DAG(s) 'example_complex' retrieved from /home/airflow/.local/lib/python3.8/site-packages/airflow/example_dags/example_complex.py
[2025-07-14T12:44:15.035+0000] {logging_mixin.py:188} INFO - [2025-07-14T12:44:15.034+0000] {dag.py:3036} INFO - Sync 1 DAGs
[2025-07-14T12:44:15.061+0000] {logging_mixin.py:188} INFO - [2025-07-14T12:44:15.061+0000] {dag.py:3823} INFO - Setting next_dagrun for example_complex to None, run_after=None
[2025-07-14T12:44:15.098+0000] {processor.py:183} INFO - Processing /home/airflow/.local/lib/python3.8/site-packages/airflow/example_dags/example_complex.py took 0.160 seconds
[2025-07-14T12:44:45.232+0000] {processor.py:161} INFO - Started process (PID=1399) to work on /home/airflow/.local/lib/python3.8/site-packages/airflow/example_dags/example_complex.py
[2025-07-14T12:44:45.235+0000] {processor.py:830} INFO - Processing file /home/airflow/.local/lib/python3.8/site-packages/airflow/example_dags/example_complex.py for tasks to queue
[2025-07-14T12:44:45.239+0000] {logging_mixin.py:188} INFO - [2025-07-14T12:44:45.238+0000] {dagbag.py:538} INFO - Filling up the DagBag from /home/airflow/.local/lib/python3.8/site-packages/airflow/example_dags/example_complex.py
[2025-07-14T12:44:45.272+0000] {processor.py:840} INFO - DAG(s) 'example_complex' retrieved from /home/airflow/.local/lib/python3.8/site-packages/airflow/example_dags/example_complex.py
[2025-07-14T12:44:45.364+0000] {logging_mixin.py:188} INFO - [2025-07-14T12:44:45.363+0000] {dag.py:3036} INFO - Sync 1 DAGs
[2025-07-14T12:44:45.397+0000] {logging_mixin.py:188} INFO - [2025-07-14T12:44:45.397+0000] {dag.py:3823} INFO - Setting next_dagrun for example_complex to None, run_after=None
[2025-07-14T12:44:45.450+0000] {processor.py:183} INFO - Processing /home/airflow/.local/lib/python3.8/site-packages/airflow/example_dags/example_complex.py took 0.224 seconds
[2025-07-14T12:45:16.143+0000] {processor.py:161} INFO - Started process (PID=1458) to work on /home/airflow/.local/lib/python3.8/site-packages/airflow/example_dags/example_complex.py
[2025-07-14T12:45:16.145+0000] {processor.py:830} INFO - Processing file /home/airflow/.local/lib/python3.8/site-packages/airflow/example_dags/example_complex.py for tasks to queue
[2025-07-14T12:45:16.149+0000] {logging_mixin.py:188} INFO - [2025-07-14T12:45:16.148+0000] {dagbag.py:538} INFO - Filling up the DagBag from /home/airflow/.local/lib/python3.8/site-packages/airflow/example_dags/example_complex.py
[2025-07-14T12:45:16.169+0000] {processor.py:840} INFO - DAG(s) 'example_complex' retrieved from /home/airflow/.local/lib/python3.8/site-packages/airflow/example_dags/example_complex.py
[2025-07-14T12:45:16.228+0000] {logging_mixin.py:188} INFO - [2025-07-14T12:45:16.228+0000] {dag.py:3036} INFO - Sync 1 DAGs
[2025-07-14T12:45:16.251+0000] {logging_mixin.py:188} INFO - [2025-07-14T12:45:16.251+0000] {dag.py:3823} INFO - Setting next_dagrun for example_complex to None, run_after=None
[2025-07-14T12:45:16.282+0000] {processor.py:183} INFO - Processing /home/airflow/.local/lib/python3.8/site-packages/airflow/example_dags/example_complex.py took 0.146 seconds
[2025-07-14T12:45:46.883+0000] {processor.py:161} INFO - Started process (PID=1517) to work on /home/airflow/.local/lib/python3.8/site-packages/airflow/example_dags/example_complex.py
[2025-07-14T12:45:46.885+0000] {processor.py:830} INFO - Processing file /home/airflow/.local/lib/python3.8/site-packages/airflow/example_dags/example_complex.py for tasks to queue
[2025-07-14T12:45:46.888+0000] {logging_mixin.py:188} INFO - [2025-07-14T12:45:46.887+0000] {dagbag.py:538} INFO - Filling up the DagBag from /home/airflow/.local/lib/python3.8/site-packages/airflow/example_dags/example_complex.py
[2025-07-14T12:45:46.911+0000] {processor.py:840} INFO - DAG(s) 'example_complex' retrieved from /home/airflow/.local/lib/python3.8/site-packages/airflow/example_dags/example_complex.py
[2025-07-14T12:45:46.981+0000] {logging_mixin.py:188} INFO - [2025-07-14T12:45:46.980+0000] {dag.py:3036} INFO - Sync 1 DAGs
[2025-07-14T12:45:47.002+0000] {logging_mixin.py:188} INFO - [2025-07-14T12:45:47.002+0000] {dag.py:3823} INFO - Setting next_dagrun for example_complex to None, run_after=None
[2025-07-14T12:45:47.038+0000] {processor.py:183} INFO - Processing /home/airflow/.local/lib/python3.8/site-packages/airflow/example_dags/example_complex.py took 0.161 seconds
[2025-07-14T12:46:17.547+0000] {processor.py:161} INFO - Started process (PID=1577) to work on /home/airflow/.local/lib/python3.8/site-packages/airflow/example_dags/example_complex.py
[2025-07-14T12:46:17.550+0000] {processor.py:830} INFO - Processing file /home/airflow/.local/lib/python3.8/site-packages/airflow/example_dags/example_complex.py for tasks to queue
[2025-07-14T12:46:17.555+0000] {logging_mixin.py:188} INFO - [2025-07-14T12:46:17.555+0000] {dagbag.py:538} INFO - Filling up the DagBag from /home/airflow/.local/lib/python3.8/site-packages/airflow/example_dags/example_complex.py
[2025-07-14T12:46:17.578+0000] {processor.py:840} INFO - DAG(s) 'example_complex' retrieved from /home/airflow/.local/lib/python3.8/site-packages/airflow/example_dags/example_complex.py
[2025-07-14T12:46:17.641+0000] {logging_mixin.py:188} INFO - [2025-07-14T12:46:17.641+0000] {dag.py:3036} INFO - Sync 1 DAGs
[2025-07-14T12:46:17.665+0000] {logging_mixin.py:188} INFO - [2025-07-14T12:46:17.665+0000] {dag.py:3823} INFO - Setting next_dagrun for example_complex to None, run_after=None
[2025-07-14T12:46:17.704+0000] {processor.py:183} INFO - Processing /home/airflow/.local/lib/python3.8/site-packages/airflow/example_dags/example_complex.py took 0.163 seconds
[2025-07-14T12:46:47.892+0000] {processor.py:161} INFO - Started process (PID=1637) to work on /home/airflow/.local/lib/python3.8/site-packages/airflow/example_dags/example_complex.py
[2025-07-14T12:46:47.894+0000] {processor.py:830} INFO - Processing file /home/airflow/.local/lib/python3.8/site-packages/airflow/example_dags/example_complex.py for tasks to queue
[2025-07-14T12:46:47.898+0000] {logging_mixin.py:188} INFO - [2025-07-14T12:46:47.897+0000] {dagbag.py:538} INFO - Filling up the DagBag from /home/airflow/.local/lib/python3.8/site-packages/airflow/example_dags/example_complex.py
[2025-07-14T12:46:47.923+0000] {processor.py:840} INFO - DAG(s) 'example_complex' retrieved from /home/airflow/.local/lib/python3.8/site-packages/airflow/example_dags/example_complex.py
[2025-07-14T12:46:47.991+0000] {logging_mixin.py:188} INFO - [2025-07-14T12:46:47.991+0000] {dag.py:3036} INFO - Sync 1 DAGs
[2025-07-14T12:46:48.010+0000] {logging_mixin.py:188} INFO - [2025-07-14T12:46:48.009+0000] {dag.py:3823} INFO - Setting next_dagrun for example_complex to None, run_after=None
[2025-07-14T12:46:48.043+0000] {processor.py:183} INFO - Processing /home/airflow/.local/lib/python3.8/site-packages/airflow/example_dags/example_complex.py took 0.156 seconds
[2025-07-14T12:47:19.007+0000] {processor.py:161} INFO - Started process (PID=1703) to work on /home/airflow/.local/lib/python3.8/site-packages/airflow/example_dags/example_complex.py
[2025-07-14T12:47:19.008+0000] {processor.py:830} INFO - Processing file /home/airflow/.local/lib/python3.8/site-packages/airflow/example_dags/example_complex.py for tasks to queue
[2025-07-14T12:47:19.014+0000] {logging_mixin.py:188} INFO - [2025-07-14T12:47:19.014+0000] {dagbag.py:538} INFO - Filling up the DagBag from /home/airflow/.local/lib/python3.8/site-packages/airflow/example_dags/example_complex.py
[2025-07-14T12:47:19.079+0000] {processor.py:840} INFO - DAG(s) 'example_complex' retrieved from /home/airflow/.local/lib/python3.8/site-packages/airflow/example_dags/example_complex.py
[2025-07-14T12:47:19.205+0000] {logging_mixin.py:188} INFO - [2025-07-14T12:47:19.205+0000] {dag.py:3036} INFO - Sync 1 DAGs
[2025-07-14T12:47:19.244+0000] {logging_mixin.py:188} INFO - [2025-07-14T12:47:19.244+0000] {dag.py:3823} INFO - Setting next_dagrun for example_complex to None, run_after=None
[2025-07-14T12:47:19.293+0000] {processor.py:183} INFO - Processing /home/airflow/.local/lib/python3.8/site-packages/airflow/example_dags/example_complex.py took 0.301 seconds
[2025-07-14T12:47:49.479+0000] {processor.py:161} INFO - Started process (PID=1762) to work on /home/airflow/.local/lib/python3.8/site-packages/airflow/example_dags/example_complex.py
[2025-07-14T12:47:49.481+0000] {processor.py:830} INFO - Processing file /home/airflow/.local/lib/python3.8/site-packages/airflow/example_dags/example_complex.py for tasks to queue
[2025-07-14T12:47:49.484+0000] {logging_mixin.py:188} INFO - [2025-07-14T12:47:49.484+0000] {dagbag.py:538} INFO - Filling up the DagBag from /home/airflow/.local/lib/python3.8/site-packages/airflow/example_dags/example_complex.py
[2025-07-14T12:47:49.511+0000] {processor.py:840} INFO - DAG(s) 'example_complex' retrieved from /home/airflow/.local/lib/python3.8/site-packages/airflow/example_dags/example_complex.py
[2025-07-14T12:47:49.597+0000] {logging_mixin.py:188} INFO - [2025-07-14T12:47:49.596+0000] {dag.py:3036} INFO - Sync 1 DAGs
[2025-07-14T12:47:49.626+0000] {logging_mixin.py:188} INFO - [2025-07-14T12:47:49.625+0000] {dag.py:3823} INFO - Setting next_dagrun for example_complex to None, run_after=None
[2025-07-14T12:47:49.684+0000] {processor.py:183} INFO - Processing /home/airflow/.local/lib/python3.8/site-packages/airflow/example_dags/example_complex.py took 0.211 seconds
[2025-07-14T12:48:19.807+0000] {processor.py:161} INFO - Started process (PID=1822) to work on /home/airflow/.local/lib/python3.8/site-packages/airflow/example_dags/example_complex.py
[2025-07-14T12:48:19.809+0000] {processor.py:830} INFO - Processing file /home/airflow/.local/lib/python3.8/site-packages/airflow/example_dags/example_complex.py for tasks to queue
[2025-07-14T12:48:19.814+0000] {logging_mixin.py:188} INFO - [2025-07-14T12:48:19.812+0000] {dagbag.py:538} INFO - Filling up the DagBag from /home/airflow/.local/lib/python3.8/site-packages/airflow/example_dags/example_complex.py
[2025-07-14T12:48:19.844+0000] {processor.py:840} INFO - DAG(s) 'example_complex' retrieved from /home/airflow/.local/lib/python3.8/site-packages/airflow/example_dags/example_complex.py
[2025-07-14T12:48:19.916+0000] {logging_mixin.py:188} INFO - [2025-07-14T12:48:19.916+0000] {dag.py:3036} INFO - Sync 1 DAGs
[2025-07-14T12:48:19.945+0000] {logging_mixin.py:188} INFO - [2025-07-14T12:48:19.945+0000] {dag.py:3823} INFO - Setting next_dagrun for example_complex to None, run_after=None
[2025-07-14T12:48:19.991+0000] {processor.py:183} INFO - Processing /home/airflow/.local/lib/python3.8/site-packages/airflow/example_dags/example_complex.py took 0.193 seconds
[2025-07-14T12:48:50.998+0000] {processor.py:161} INFO - Started process (PID=1883) to work on /home/airflow/.local/lib/python3.8/site-packages/airflow/example_dags/example_complex.py
[2025-07-14T12:48:51.012+0000] {processor.py:830} INFO - Processing file /home/airflow/.local/lib/python3.8/site-packages/airflow/example_dags/example_complex.py for tasks to queue
[2025-07-14T12:48:51.125+0000] {logging_mixin.py:188} INFO - [2025-07-14T12:48:51.125+0000] {dagbag.py:538} INFO - Filling up the DagBag from /home/airflow/.local/lib/python3.8/site-packages/airflow/example_dags/example_complex.py
[2025-07-14T12:48:51.256+0000] {processor.py:840} INFO - DAG(s) 'example_complex' retrieved from /home/airflow/.local/lib/python3.8/site-packages/airflow/example_dags/example_complex.py
[2025-07-14T12:48:51.385+0000] {logging_mixin.py:188} INFO - [2025-07-14T12:48:51.380+0000] {dag.py:3036} INFO - Sync 1 DAGs
[2025-07-14T12:48:51.432+0000] {logging_mixin.py:188} INFO - [2025-07-14T12:48:51.432+0000] {dag.py:3823} INFO - Setting next_dagrun for example_complex to None, run_after=None
[2025-07-14T12:48:51.482+0000] {processor.py:183} INFO - Processing /home/airflow/.local/lib/python3.8/site-packages/airflow/example_dags/example_complex.py took 0.493 seconds
[2025-07-14T12:49:21.693+0000] {processor.py:161} INFO - Started process (PID=1941) to work on /home/airflow/.local/lib/python3.8/site-packages/airflow/example_dags/example_complex.py
[2025-07-14T12:49:21.696+0000] {processor.py:830} INFO - Processing file /home/airflow/.local/lib/python3.8/site-packages/airflow/example_dags/example_complex.py for tasks to queue
[2025-07-14T12:49:21.699+0000] {logging_mixin.py:188} INFO - [2025-07-14T12:49:21.699+0000] {dagbag.py:538} INFO - Filling up the DagBag from /home/airflow/.local/lib/python3.8/site-packages/airflow/example_dags/example_complex.py
[2025-07-14T12:49:21.730+0000] {processor.py:840} INFO - DAG(s) 'example_complex' retrieved from /home/airflow/.local/lib/python3.8/site-packages/airflow/example_dags/example_complex.py
[2025-07-14T12:49:21.820+0000] {logging_mixin.py:188} INFO - [2025-07-14T12:49:21.820+0000] {dag.py:3036} INFO - Sync 1 DAGs
[2025-07-14T12:49:21.860+0000] {logging_mixin.py:188} INFO - [2025-07-14T12:49:21.860+0000] {dag.py:3823} INFO - Setting next_dagrun for example_complex to None, run_after=None
[2025-07-14T12:49:21.907+0000] {processor.py:183} INFO - Processing /home/airflow/.local/lib/python3.8/site-packages/airflow/example_dags/example_complex.py took 0.222 seconds
[2025-07-14T12:49:52.685+0000] {processor.py:161} INFO - Started process (PID=2001) to work on /home/airflow/.local/lib/python3.8/site-packages/airflow/example_dags/example_complex.py
[2025-07-14T12:49:52.687+0000] {processor.py:830} INFO - Processing file /home/airflow/.local/lib/python3.8/site-packages/airflow/example_dags/example_complex.py for tasks to queue
[2025-07-14T12:49:52.694+0000] {logging_mixin.py:188} INFO - [2025-07-14T12:49:52.694+0000] {dagbag.py:538} INFO - Filling up the DagBag from /home/airflow/.local/lib/python3.8/site-packages/airflow/example_dags/example_complex.py
[2025-07-14T12:49:52.734+0000] {processor.py:840} INFO - DAG(s) 'example_complex' retrieved from /home/airflow/.local/lib/python3.8/site-packages/airflow/example_dags/example_complex.py
[2025-07-14T12:49:52.843+0000] {logging_mixin.py:188} INFO - [2025-07-14T12:49:52.842+0000] {dag.py:3036} INFO - Sync 1 DAGs
[2025-07-14T12:49:52.874+0000] {logging_mixin.py:188} INFO - [2025-07-14T12:49:52.871+0000] {dag.py:3823} INFO - Setting next_dagrun for example_complex to None, run_after=None
[2025-07-14T12:49:52.924+0000] {processor.py:183} INFO - Processing /home/airflow/.local/lib/python3.8/site-packages/airflow/example_dags/example_complex.py took 0.247 seconds
[2025-07-14T12:50:23.534+0000] {processor.py:161} INFO - Started process (PID=2061) to work on /home/airflow/.local/lib/python3.8/site-packages/airflow/example_dags/example_complex.py
[2025-07-14T12:50:23.535+0000] {processor.py:830} INFO - Processing file /home/airflow/.local/lib/python3.8/site-packages/airflow/example_dags/example_complex.py for tasks to queue
[2025-07-14T12:50:23.540+0000] {logging_mixin.py:188} INFO - [2025-07-14T12:50:23.540+0000] {dagbag.py:538} INFO - Filling up the DagBag from /home/airflow/.local/lib/python3.8/site-packages/airflow/example_dags/example_complex.py
[2025-07-14T12:50:23.579+0000] {processor.py:840} INFO - DAG(s) 'example_complex' retrieved from /home/airflow/.local/lib/python3.8/site-packages/airflow/example_dags/example_complex.py
[2025-07-14T12:50:23.683+0000] {logging_mixin.py:188} INFO - [2025-07-14T12:50:23.682+0000] {dag.py:3036} INFO - Sync 1 DAGs
[2025-07-14T12:50:23.716+0000] {logging_mixin.py:188} INFO - [2025-07-14T12:50:23.716+0000] {dag.py:3823} INFO - Setting next_dagrun for example_complex to None, run_after=None
[2025-07-14T12:50:23.788+0000] {processor.py:183} INFO - Processing /home/airflow/.local/lib/python3.8/site-packages/airflow/example_dags/example_complex.py took 0.263 seconds
[2025-07-14T12:50:54.621+0000] {processor.py:161} INFO - Started process (PID=2121) to work on /home/airflow/.local/lib/python3.8/site-packages/airflow/example_dags/example_complex.py
[2025-07-14T12:50:54.623+0000] {processor.py:830} INFO - Processing file /home/airflow/.local/lib/python3.8/site-packages/airflow/example_dags/example_complex.py for tasks to queue
[2025-07-14T12:50:54.626+0000] {logging_mixin.py:188} INFO - [2025-07-14T12:50:54.625+0000] {dagbag.py:538} INFO - Filling up the DagBag from /home/airflow/.local/lib/python3.8/site-packages/airflow/example_dags/example_complex.py
[2025-07-14T12:50:54.653+0000] {processor.py:840} INFO - DAG(s) 'example_complex' retrieved from /home/airflow/.local/lib/python3.8/site-packages/airflow/example_dags/example_complex.py
[2025-07-14T12:50:54.726+0000] {logging_mixin.py:188} INFO - [2025-07-14T12:50:54.726+0000] {dag.py:3036} INFO - Sync 1 DAGs
[2025-07-14T12:50:54.746+0000] {logging_mixin.py:188} INFO - [2025-07-14T12:50:54.746+0000] {dag.py:3823} INFO - Setting next_dagrun for example_complex to None, run_after=None
[2025-07-14T12:50:54.788+0000] {processor.py:183} INFO - Processing /home/airflow/.local/lib/python3.8/site-packages/airflow/example_dags/example_complex.py took 0.174 seconds
[2025-07-14T12:51:25.369+0000] {processor.py:161} INFO - Started process (PID=2181) to work on /home/airflow/.local/lib/python3.8/site-packages/airflow/example_dags/example_complex.py
[2025-07-14T12:51:25.371+0000] {processor.py:830} INFO - Processing file /home/airflow/.local/lib/python3.8/site-packages/airflow/example_dags/example_complex.py for tasks to queue
[2025-07-14T12:51:25.381+0000] {logging_mixin.py:188} INFO - [2025-07-14T12:51:25.381+0000] {dagbag.py:538} INFO - Filling up the DagBag from /home/airflow/.local/lib/python3.8/site-packages/airflow/example_dags/example_complex.py
[2025-07-14T12:51:25.420+0000] {processor.py:840} INFO - DAG(s) 'example_complex' retrieved from /home/airflow/.local/lib/python3.8/site-packages/airflow/example_dags/example_complex.py
[2025-07-14T12:51:25.535+0000] {logging_mixin.py:188} INFO - [2025-07-14T12:51:25.533+0000] {dag.py:3036} INFO - Sync 1 DAGs
[2025-07-14T12:51:25.569+0000] {logging_mixin.py:188} INFO - [2025-07-14T12:51:25.568+0000] {dag.py:3823} INFO - Setting next_dagrun for example_complex to None, run_after=None
[2025-07-14T12:51:25.625+0000] {processor.py:183} INFO - Processing /home/airflow/.local/lib/python3.8/site-packages/airflow/example_dags/example_complex.py took 0.269 seconds
[2025-07-14T12:51:55.668+0000] {processor.py:161} INFO - Started process (PID=2240) to work on /home/airflow/.local/lib/python3.8/site-packages/airflow/example_dags/example_complex.py
[2025-07-14T12:51:55.669+0000] {processor.py:830} INFO - Processing file /home/airflow/.local/lib/python3.8/site-packages/airflow/example_dags/example_complex.py for tasks to queue
[2025-07-14T12:51:55.672+0000] {logging_mixin.py:188} INFO - [2025-07-14T12:51:55.672+0000] {dagbag.py:538} INFO - Filling up the DagBag from /home/airflow/.local/lib/python3.8/site-packages/airflow/example_dags/example_complex.py
[2025-07-14T12:51:55.698+0000] {processor.py:840} INFO - DAG(s) 'example_complex' retrieved from /home/airflow/.local/lib/python3.8/site-packages/airflow/example_dags/example_complex.py
[2025-07-14T12:51:55.774+0000] {logging_mixin.py:188} INFO - [2025-07-14T12:51:55.774+0000] {dag.py:3036} INFO - Sync 1 DAGs
[2025-07-14T12:51:55.797+0000] {logging_mixin.py:188} INFO - [2025-07-14T12:51:55.797+0000] {dag.py:3823} INFO - Setting next_dagrun for example_complex to None, run_after=None
[2025-07-14T12:51:55.867+0000] {processor.py:183} INFO - Processing /home/airflow/.local/lib/python3.8/site-packages/airflow/example_dags/example_complex.py took 0.206 seconds
[2025-07-14T12:52:26.309+0000] {processor.py:161} INFO - Started process (PID=2300) to work on /home/airflow/.local/lib/python3.8/site-packages/airflow/example_dags/example_complex.py
[2025-07-14T12:52:26.311+0000] {processor.py:830} INFO - Processing file /home/airflow/.local/lib/python3.8/site-packages/airflow/example_dags/example_complex.py for tasks to queue
[2025-07-14T12:52:26.315+0000] {logging_mixin.py:188} INFO - [2025-07-14T12:52:26.315+0000] {dagbag.py:538} INFO - Filling up the DagBag from /home/airflow/.local/lib/python3.8/site-packages/airflow/example_dags/example_complex.py
[2025-07-14T12:52:26.342+0000] {processor.py:840} INFO - DAG(s) 'example_complex' retrieved from /home/airflow/.local/lib/python3.8/site-packages/airflow/example_dags/example_complex.py
[2025-07-14T12:52:26.412+0000] {logging_mixin.py:188} INFO - [2025-07-14T12:52:26.412+0000] {dag.py:3036} INFO - Sync 1 DAGs
[2025-07-14T12:52:26.443+0000] {logging_mixin.py:188} INFO - [2025-07-14T12:52:26.442+0000] {dag.py:3823} INFO - Setting next_dagrun for example_complex to None, run_after=None
[2025-07-14T12:52:26.492+0000] {processor.py:183} INFO - Processing /home/airflow/.local/lib/python3.8/site-packages/airflow/example_dags/example_complex.py took 0.189 seconds
[2025-07-14T12:52:57.037+0000] {processor.py:161} INFO - Started process (PID=2360) to work on /home/airflow/.local/lib/python3.8/site-packages/airflow/example_dags/example_complex.py
[2025-07-14T12:52:57.039+0000] {processor.py:830} INFO - Processing file /home/airflow/.local/lib/python3.8/site-packages/airflow/example_dags/example_complex.py for tasks to queue
[2025-07-14T12:52:57.042+0000] {logging_mixin.py:188} INFO - [2025-07-14T12:52:57.042+0000] {dagbag.py:538} INFO - Filling up the DagBag from /home/airflow/.local/lib/python3.8/site-packages/airflow/example_dags/example_complex.py
[2025-07-14T12:52:57.070+0000] {processor.py:840} INFO - DAG(s) 'example_complex' retrieved from /home/airflow/.local/lib/python3.8/site-packages/airflow/example_dags/example_complex.py
[2025-07-14T12:52:57.153+0000] {logging_mixin.py:188} INFO - [2025-07-14T12:52:57.152+0000] {dag.py:3036} INFO - Sync 1 DAGs
[2025-07-14T12:52:57.192+0000] {logging_mixin.py:188} INFO - [2025-07-14T12:52:57.191+0000] {dag.py:3823} INFO - Setting next_dagrun for example_complex to None, run_after=None
[2025-07-14T12:52:57.260+0000] {processor.py:183} INFO - Processing /home/airflow/.local/lib/python3.8/site-packages/airflow/example_dags/example_complex.py took 0.229 seconds
[2025-07-14T12:53:27.434+0000] {processor.py:161} INFO - Started process (PID=2419) to work on /home/airflow/.local/lib/python3.8/site-packages/airflow/example_dags/example_complex.py
[2025-07-14T12:53:27.437+0000] {processor.py:830} INFO - Processing file /home/airflow/.local/lib/python3.8/site-packages/airflow/example_dags/example_complex.py for tasks to queue
[2025-07-14T12:53:27.440+0000] {logging_mixin.py:188} INFO - [2025-07-14T12:53:27.439+0000] {dagbag.py:538} INFO - Filling up the DagBag from /home/airflow/.local/lib/python3.8/site-packages/airflow/example_dags/example_complex.py
[2025-07-14T12:53:27.463+0000] {processor.py:840} INFO - DAG(s) 'example_complex' retrieved from /home/airflow/.local/lib/python3.8/site-packages/airflow/example_dags/example_complex.py
[2025-07-14T12:53:27.546+0000] {logging_mixin.py:188} INFO - [2025-07-14T12:53:27.543+0000] {dag.py:3036} INFO - Sync 1 DAGs
[2025-07-14T12:53:27.589+0000] {logging_mixin.py:188} INFO - [2025-07-14T12:53:27.589+0000] {dag.py:3823} INFO - Setting next_dagrun for example_complex to None, run_after=None
[2025-07-14T12:53:27.631+0000] {processor.py:183} INFO - Processing /home/airflow/.local/lib/python3.8/site-packages/airflow/example_dags/example_complex.py took 0.202 seconds
[2025-07-14T12:53:57.910+0000] {processor.py:161} INFO - Started process (PID=2479) to work on /home/airflow/.local/lib/python3.8/site-packages/airflow/example_dags/example_complex.py
[2025-07-14T12:53:57.913+0000] {processor.py:830} INFO - Processing file /home/airflow/.local/lib/python3.8/site-packages/airflow/example_dags/example_complex.py for tasks to queue
[2025-07-14T12:53:57.916+0000] {logging_mixin.py:188} INFO - [2025-07-14T12:53:57.916+0000] {dagbag.py:538} INFO - Filling up the DagBag from /home/airflow/.local/lib/python3.8/site-packages/airflow/example_dags/example_complex.py
[2025-07-14T12:53:57.945+0000] {processor.py:840} INFO - DAG(s) 'example_complex' retrieved from /home/airflow/.local/lib/python3.8/site-packages/airflow/example_dags/example_complex.py
[2025-07-14T12:53:58.030+0000] {logging_mixin.py:188} INFO - [2025-07-14T12:53:58.027+0000] {dag.py:3036} INFO - Sync 1 DAGs
[2025-07-14T12:53:58.061+0000] {logging_mixin.py:188} INFO - [2025-07-14T12:53:58.060+0000] {dag.py:3823} INFO - Setting next_dagrun for example_complex to None, run_after=None
[2025-07-14T12:53:58.373+0000] {processor.py:183} INFO - Processing /home/airflow/.local/lib/python3.8/site-packages/airflow/example_dags/example_complex.py took 0.468 seconds
[2025-07-14T12:54:28.950+0000] {processor.py:161} INFO - Started process (PID=2540) to work on /home/airflow/.local/lib/python3.8/site-packages/airflow/example_dags/example_complex.py
[2025-07-14T12:54:28.951+0000] {processor.py:830} INFO - Processing file /home/airflow/.local/lib/python3.8/site-packages/airflow/example_dags/example_complex.py for tasks to queue
[2025-07-14T12:54:28.955+0000] {logging_mixin.py:188} INFO - [2025-07-14T12:54:28.954+0000] {dagbag.py:538} INFO - Filling up the DagBag from /home/airflow/.local/lib/python3.8/site-packages/airflow/example_dags/example_complex.py
[2025-07-14T12:54:28.984+0000] {processor.py:840} INFO - DAG(s) 'example_complex' retrieved from /home/airflow/.local/lib/python3.8/site-packages/airflow/example_dags/example_complex.py
[2025-07-14T12:54:29.062+0000] {logging_mixin.py:188} INFO - [2025-07-14T12:54:29.061+0000] {dag.py:3036} INFO - Sync 1 DAGs
[2025-07-14T12:54:29.090+0000] {logging_mixin.py:188} INFO - [2025-07-14T12:54:29.089+0000] {dag.py:3823} INFO - Setting next_dagrun for example_complex to None, run_after=None
[2025-07-14T12:54:29.132+0000] {processor.py:183} INFO - Processing /home/airflow/.local/lib/python3.8/site-packages/airflow/example_dags/example_complex.py took 0.189 seconds
[2025-07-14T12:54:59.374+0000] {processor.py:161} INFO - Started process (PID=2598) to work on /home/airflow/.local/lib/python3.8/site-packages/airflow/example_dags/example_complex.py
[2025-07-14T12:54:59.376+0000] {processor.py:830} INFO - Processing file /home/airflow/.local/lib/python3.8/site-packages/airflow/example_dags/example_complex.py for tasks to queue
[2025-07-14T12:54:59.380+0000] {logging_mixin.py:188} INFO - [2025-07-14T12:54:59.380+0000] {dagbag.py:538} INFO - Filling up the DagBag from /home/airflow/.local/lib/python3.8/site-packages/airflow/example_dags/example_complex.py
[2025-07-14T12:54:59.409+0000] {processor.py:840} INFO - DAG(s) 'example_complex' retrieved from /home/airflow/.local/lib/python3.8/site-packages/airflow/example_dags/example_complex.py
[2025-07-14T12:54:59.484+0000] {logging_mixin.py:188} INFO - [2025-07-14T12:54:59.483+0000] {dag.py:3036} INFO - Sync 1 DAGs
[2025-07-14T12:54:59.517+0000] {logging_mixin.py:188} INFO - [2025-07-14T12:54:59.517+0000] {dag.py:3823} INFO - Setting next_dagrun for example_complex to None, run_after=None
[2025-07-14T12:54:59.562+0000] {processor.py:183} INFO - Processing /home/airflow/.local/lib/python3.8/site-packages/airflow/example_dags/example_complex.py took 0.194 seconds
[2025-07-14T12:55:30.487+0000] {processor.py:161} INFO - Started process (PID=2657) to work on /home/airflow/.local/lib/python3.8/site-packages/airflow/example_dags/example_complex.py
[2025-07-14T12:55:30.488+0000] {processor.py:830} INFO - Processing file /home/airflow/.local/lib/python3.8/site-packages/airflow/example_dags/example_complex.py for tasks to queue
[2025-07-14T12:55:30.490+0000] {logging_mixin.py:188} INFO - [2025-07-14T12:55:30.490+0000] {dagbag.py:538} INFO - Filling up the DagBag from /home/airflow/.local/lib/python3.8/site-packages/airflow/example_dags/example_complex.py
[2025-07-14T12:55:30.506+0000] {processor.py:840} INFO - DAG(s) 'example_complex' retrieved from /home/airflow/.local/lib/python3.8/site-packages/airflow/example_dags/example_complex.py
[2025-07-14T12:55:30.555+0000] {logging_mixin.py:188} INFO - [2025-07-14T12:55:30.555+0000] {dag.py:3036} INFO - Sync 1 DAGs
[2025-07-14T12:55:30.573+0000] {logging_mixin.py:188} INFO - [2025-07-14T12:55:30.573+0000] {dag.py:3823} INFO - Setting next_dagrun for example_complex to None, run_after=None
[2025-07-14T12:55:30.602+0000] {processor.py:183} INFO - Processing /home/airflow/.local/lib/python3.8/site-packages/airflow/example_dags/example_complex.py took 0.120 seconds
[2025-07-14T12:56:01.075+0000] {processor.py:161} INFO - Started process (PID=2717) to work on /home/airflow/.local/lib/python3.8/site-packages/airflow/example_dags/example_complex.py
[2025-07-14T12:56:01.076+0000] {processor.py:830} INFO - Processing file /home/airflow/.local/lib/python3.8/site-packages/airflow/example_dags/example_complex.py for tasks to queue
[2025-07-14T12:56:01.081+0000] {logging_mixin.py:188} INFO - [2025-07-14T12:56:01.081+0000] {dagbag.py:538} INFO - Filling up the DagBag from /home/airflow/.local/lib/python3.8/site-packages/airflow/example_dags/example_complex.py
[2025-07-14T12:56:01.100+0000] {processor.py:840} INFO - DAG(s) 'example_complex' retrieved from /home/airflow/.local/lib/python3.8/site-packages/airflow/example_dags/example_complex.py
[2025-07-14T12:56:01.152+0000] {logging_mixin.py:188} INFO - [2025-07-14T12:56:01.152+0000] {dag.py:3036} INFO - Sync 1 DAGs
[2025-07-14T12:56:01.201+0000] {logging_mixin.py:188} INFO - [2025-07-14T12:56:01.201+0000] {dag.py:3823} INFO - Setting next_dagrun for example_complex to None, run_after=None
[2025-07-14T12:56:01.262+0000] {processor.py:183} INFO - Processing /home/airflow/.local/lib/python3.8/site-packages/airflow/example_dags/example_complex.py took 0.192 seconds
[2025-07-14T12:56:31.347+0000] {processor.py:161} INFO - Started process (PID=2777) to work on /home/airflow/.local/lib/python3.8/site-packages/airflow/example_dags/example_complex.py
[2025-07-14T12:56:31.350+0000] {processor.py:830} INFO - Processing file /home/airflow/.local/lib/python3.8/site-packages/airflow/example_dags/example_complex.py for tasks to queue
[2025-07-14T12:56:31.352+0000] {logging_mixin.py:188} INFO - [2025-07-14T12:56:31.352+0000] {dagbag.py:538} INFO - Filling up the DagBag from /home/airflow/.local/lib/python3.8/site-packages/airflow/example_dags/example_complex.py
[2025-07-14T12:56:31.371+0000] {processor.py:840} INFO - DAG(s) 'example_complex' retrieved from /home/airflow/.local/lib/python3.8/site-packages/airflow/example_dags/example_complex.py
[2025-07-14T12:56:31.435+0000] {logging_mixin.py:188} INFO - [2025-07-14T12:56:31.435+0000] {dag.py:3036} INFO - Sync 1 DAGs
[2025-07-14T12:56:31.457+0000] {logging_mixin.py:188} INFO - [2025-07-14T12:56:31.457+0000] {dag.py:3823} INFO - Setting next_dagrun for example_complex to None, run_after=None
[2025-07-14T12:56:31.500+0000] {processor.py:183} INFO - Processing /home/airflow/.local/lib/python3.8/site-packages/airflow/example_dags/example_complex.py took 0.159 seconds
[2025-07-14T12:57:02.058+0000] {processor.py:161} INFO - Started process (PID=2838) to work on /home/airflow/.local/lib/python3.8/site-packages/airflow/example_dags/example_complex.py
[2025-07-14T12:57:02.059+0000] {processor.py:830} INFO - Processing file /home/airflow/.local/lib/python3.8/site-packages/airflow/example_dags/example_complex.py for tasks to queue
[2025-07-14T12:57:02.062+0000] {logging_mixin.py:188} INFO - [2025-07-14T12:57:02.062+0000] {dagbag.py:538} INFO - Filling up the DagBag from /home/airflow/.local/lib/python3.8/site-packages/airflow/example_dags/example_complex.py
[2025-07-14T12:57:02.085+0000] {processor.py:840} INFO - DAG(s) 'example_complex' retrieved from /home/airflow/.local/lib/python3.8/site-packages/airflow/example_dags/example_complex.py
[2025-07-14T12:57:02.147+0000] {logging_mixin.py:188} INFO - [2025-07-14T12:57:02.145+0000] {dag.py:3036} INFO - Sync 1 DAGs
[2025-07-14T12:57:02.452+0000] {logging_mixin.py:188} INFO - [2025-07-14T12:57:02.452+0000] {dag.py:3823} INFO - Setting next_dagrun for example_complex to None, run_after=None
[2025-07-14T12:57:02.515+0000] {processor.py:183} INFO - Processing /home/airflow/.local/lib/python3.8/site-packages/airflow/example_dags/example_complex.py took 0.462 seconds
[2025-07-14T12:57:32.805+0000] {processor.py:161} INFO - Started process (PID=2897) to work on /home/airflow/.local/lib/python3.8/site-packages/airflow/example_dags/example_complex.py
[2025-07-14T12:57:32.807+0000] {processor.py:830} INFO - Processing file /home/airflow/.local/lib/python3.8/site-packages/airflow/example_dags/example_complex.py for tasks to queue
[2025-07-14T12:57:32.811+0000] {logging_mixin.py:188} INFO - [2025-07-14T12:57:32.810+0000] {dagbag.py:538} INFO - Filling up the DagBag from /home/airflow/.local/lib/python3.8/site-packages/airflow/example_dags/example_complex.py
[2025-07-14T12:57:32.834+0000] {processor.py:840} INFO - DAG(s) 'example_complex' retrieved from /home/airflow/.local/lib/python3.8/site-packages/airflow/example_dags/example_complex.py
[2025-07-14T12:57:32.905+0000] {logging_mixin.py:188} INFO - [2025-07-14T12:57:32.905+0000] {dag.py:3036} INFO - Sync 1 DAGs
[2025-07-14T12:57:32.929+0000] {logging_mixin.py:188} INFO - [2025-07-14T12:57:32.928+0000] {dag.py:3823} INFO - Setting next_dagrun for example_complex to None, run_after=None
[2025-07-14T12:57:33.246+0000] {processor.py:183} INFO - Processing /home/airflow/.local/lib/python3.8/site-packages/airflow/example_dags/example_complex.py took 0.455 seconds
[2025-07-14T12:58:04.076+0000] {processor.py:161} INFO - Started process (PID=2957) to work on /home/airflow/.local/lib/python3.8/site-packages/airflow/example_dags/example_complex.py
[2025-07-14T12:58:04.078+0000] {processor.py:830} INFO - Processing file /home/airflow/.local/lib/python3.8/site-packages/airflow/example_dags/example_complex.py for tasks to queue
[2025-07-14T12:58:04.084+0000] {logging_mixin.py:188} INFO - [2025-07-14T12:58:04.083+0000] {dagbag.py:538} INFO - Filling up the DagBag from /home/airflow/.local/lib/python3.8/site-packages/airflow/example_dags/example_complex.py
[2025-07-14T12:58:04.111+0000] {processor.py:840} INFO - DAG(s) 'example_complex' retrieved from /home/airflow/.local/lib/python3.8/site-packages/airflow/example_dags/example_complex.py
[2025-07-14T12:58:04.206+0000] {logging_mixin.py:188} INFO - [2025-07-14T12:58:04.206+0000] {dag.py:3036} INFO - Sync 1 DAGs
[2025-07-14T12:58:04.238+0000] {logging_mixin.py:188} INFO - [2025-07-14T12:58:04.238+0000] {dag.py:3823} INFO - Setting next_dagrun for example_complex to None, run_after=None
[2025-07-14T12:58:04.320+0000] {processor.py:183} INFO - Processing /home/airflow/.local/lib/python3.8/site-packages/airflow/example_dags/example_complex.py took 0.250 seconds
[2025-07-14T12:58:34.547+0000] {processor.py:161} INFO - Started process (PID=3013) to work on /home/airflow/.local/lib/python3.8/site-packages/airflow/example_dags/example_complex.py
[2025-07-14T12:58:34.548+0000] {processor.py:830} INFO - Processing file /home/airflow/.local/lib/python3.8/site-packages/airflow/example_dags/example_complex.py for tasks to queue
[2025-07-14T12:58:34.551+0000] {logging_mixin.py:188} INFO - [2025-07-14T12:58:34.551+0000] {dagbag.py:538} INFO - Filling up the DagBag from /home/airflow/.local/lib/python3.8/site-packages/airflow/example_dags/example_complex.py
[2025-07-14T12:58:34.579+0000] {processor.py:840} INFO - DAG(s) 'example_complex' retrieved from /home/airflow/.local/lib/python3.8/site-packages/airflow/example_dags/example_complex.py
[2025-07-14T12:58:34.641+0000] {logging_mixin.py:188} INFO - [2025-07-14T12:58:34.640+0000] {dag.py:3036} INFO - Sync 1 DAGs
[2025-07-14T12:58:34.669+0000] {logging_mixin.py:188} INFO - [2025-07-14T12:58:34.669+0000] {dag.py:3823} INFO - Setting next_dagrun for example_complex to None, run_after=None
[2025-07-14T12:58:34.703+0000] {processor.py:183} INFO - Processing /home/airflow/.local/lib/python3.8/site-packages/airflow/example_dags/example_complex.py took 0.162 seconds
[2025-07-14T12:59:05.426+0000] {processor.py:161} INFO - Started process (PID=3073) to work on /home/airflow/.local/lib/python3.8/site-packages/airflow/example_dags/example_complex.py
[2025-07-14T12:59:05.428+0000] {processor.py:830} INFO - Processing file /home/airflow/.local/lib/python3.8/site-packages/airflow/example_dags/example_complex.py for tasks to queue
[2025-07-14T12:59:05.434+0000] {logging_mixin.py:188} INFO - [2025-07-14T12:59:05.433+0000] {dagbag.py:538} INFO - Filling up the DagBag from /home/airflow/.local/lib/python3.8/site-packages/airflow/example_dags/example_complex.py
[2025-07-14T12:59:05.955+0000] {processor.py:840} INFO - DAG(s) 'example_complex' retrieved from /home/airflow/.local/lib/python3.8/site-packages/airflow/example_dags/example_complex.py
[2025-07-14T12:59:06.057+0000] {logging_mixin.py:188} INFO - [2025-07-14T12:59:06.057+0000] {dag.py:3036} INFO - Sync 1 DAGs
[2025-07-14T12:59:06.090+0000] {logging_mixin.py:188} INFO - [2025-07-14T12:59:06.089+0000] {dag.py:3823} INFO - Setting next_dagrun for example_complex to None, run_after=None
[2025-07-14T12:59:06.134+0000] {processor.py:183} INFO - Processing /home/airflow/.local/lib/python3.8/site-packages/airflow/example_dags/example_complex.py took 0.716 seconds
[2025-07-14T12:59:36.338+0000] {processor.py:161} INFO - Started process (PID=3134) to work on /home/airflow/.local/lib/python3.8/site-packages/airflow/example_dags/example_complex.py
[2025-07-14T12:59:36.340+0000] {processor.py:830} INFO - Processing file /home/airflow/.local/lib/python3.8/site-packages/airflow/example_dags/example_complex.py for tasks to queue
[2025-07-14T12:59:36.345+0000] {logging_mixin.py:188} INFO - [2025-07-14T12:59:36.344+0000] {dagbag.py:538} INFO - Filling up the DagBag from /home/airflow/.local/lib/python3.8/site-packages/airflow/example_dags/example_complex.py
[2025-07-14T12:59:36.369+0000] {processor.py:840} INFO - DAG(s) 'example_complex' retrieved from /home/airflow/.local/lib/python3.8/site-packages/airflow/example_dags/example_complex.py
[2025-07-14T12:59:36.452+0000] {logging_mixin.py:188} INFO - [2025-07-14T12:59:36.451+0000] {dag.py:3036} INFO - Sync 1 DAGs
[2025-07-14T12:59:36.477+0000] {logging_mixin.py:188} INFO - [2025-07-14T12:59:36.477+0000] {dag.py:3823} INFO - Setting next_dagrun for example_complex to None, run_after=None
[2025-07-14T12:59:36.518+0000] {processor.py:183} INFO - Processing /home/airflow/.local/lib/python3.8/site-packages/airflow/example_dags/example_complex.py took 0.186 seconds
[2025-07-14T13:00:06.801+0000] {processor.py:161} INFO - Started process (PID=3193) to work on /home/airflow/.local/lib/python3.8/site-packages/airflow/example_dags/example_complex.py
[2025-07-14T13:00:06.803+0000] {processor.py:830} INFO - Processing file /home/airflow/.local/lib/python3.8/site-packages/airflow/example_dags/example_complex.py for tasks to queue
[2025-07-14T13:00:06.811+0000] {logging_mixin.py:188} INFO - [2025-07-14T13:00:06.811+0000] {dagbag.py:538} INFO - Filling up the DagBag from /home/airflow/.local/lib/python3.8/site-packages/airflow/example_dags/example_complex.py
[2025-07-14T13:00:06.846+0000] {processor.py:840} INFO - DAG(s) 'example_complex' retrieved from /home/airflow/.local/lib/python3.8/site-packages/airflow/example_dags/example_complex.py
[2025-07-14T13:00:06.917+0000] {logging_mixin.py:188} INFO - [2025-07-14T13:00:06.917+0000] {dag.py:3036} INFO - Sync 1 DAGs
[2025-07-14T13:00:06.974+0000] {logging_mixin.py:188} INFO - [2025-07-14T13:00:06.974+0000] {dag.py:3823} INFO - Setting next_dagrun for example_complex to None, run_after=None
[2025-07-14T13:00:07.063+0000] {processor.py:183} INFO - Processing /home/airflow/.local/lib/python3.8/site-packages/airflow/example_dags/example_complex.py took 0.269 seconds
[2025-07-14T13:00:37.119+0000] {processor.py:161} INFO - Started process (PID=3253) to work on /home/airflow/.local/lib/python3.8/site-packages/airflow/example_dags/example_complex.py
[2025-07-14T13:00:37.121+0000] {processor.py:830} INFO - Processing file /home/airflow/.local/lib/python3.8/site-packages/airflow/example_dags/example_complex.py for tasks to queue
[2025-07-14T13:00:37.124+0000] {logging_mixin.py:188} INFO - [2025-07-14T13:00:37.123+0000] {dagbag.py:538} INFO - Filling up the DagBag from /home/airflow/.local/lib/python3.8/site-packages/airflow/example_dags/example_complex.py
[2025-07-14T13:00:37.155+0000] {processor.py:840} INFO - DAG(s) 'example_complex' retrieved from /home/airflow/.local/lib/python3.8/site-packages/airflow/example_dags/example_complex.py
[2025-07-14T13:00:37.240+0000] {logging_mixin.py:188} INFO - [2025-07-14T13:00:37.239+0000] {dag.py:3036} INFO - Sync 1 DAGs
[2025-07-14T13:00:37.266+0000] {logging_mixin.py:188} INFO - [2025-07-14T13:00:37.266+0000] {dag.py:3823} INFO - Setting next_dagrun for example_complex to None, run_after=None
[2025-07-14T13:00:37.320+0000] {processor.py:183} INFO - Processing /home/airflow/.local/lib/python3.8/site-packages/airflow/example_dags/example_complex.py took 0.208 seconds
[2025-07-14T13:01:07.376+0000] {processor.py:161} INFO - Started process (PID=3313) to work on /home/airflow/.local/lib/python3.8/site-packages/airflow/example_dags/example_complex.py
[2025-07-14T13:01:07.379+0000] {processor.py:830} INFO - Processing file /home/airflow/.local/lib/python3.8/site-packages/airflow/example_dags/example_complex.py for tasks to queue
[2025-07-14T13:01:07.389+0000] {logging_mixin.py:188} INFO - [2025-07-14T13:01:07.388+0000] {dagbag.py:538} INFO - Filling up the DagBag from /home/airflow/.local/lib/python3.8/site-packages/airflow/example_dags/example_complex.py
[2025-07-14T13:01:07.424+0000] {processor.py:840} INFO - DAG(s) 'example_complex' retrieved from /home/airflow/.local/lib/python3.8/site-packages/airflow/example_dags/example_complex.py
[2025-07-14T13:01:07.546+0000] {logging_mixin.py:188} INFO - [2025-07-14T13:01:07.545+0000] {dag.py:3036} INFO - Sync 1 DAGs
[2025-07-14T13:01:07.581+0000] {logging_mixin.py:188} INFO - [2025-07-14T13:01:07.581+0000] {dag.py:3823} INFO - Setting next_dagrun for example_complex to None, run_after=None
[2025-07-14T13:01:07.701+0000] {processor.py:183} INFO - Processing /home/airflow/.local/lib/python3.8/site-packages/airflow/example_dags/example_complex.py took 0.331 seconds
[2025-07-14T13:01:37.815+0000] {processor.py:161} INFO - Started process (PID=3371) to work on /home/airflow/.local/lib/python3.8/site-packages/airflow/example_dags/example_complex.py
[2025-07-14T13:01:37.818+0000] {processor.py:830} INFO - Processing file /home/airflow/.local/lib/python3.8/site-packages/airflow/example_dags/example_complex.py for tasks to queue
[2025-07-14T13:01:37.823+0000] {logging_mixin.py:188} INFO - [2025-07-14T13:01:37.822+0000] {dagbag.py:538} INFO - Filling up the DagBag from /home/airflow/.local/lib/python3.8/site-packages/airflow/example_dags/example_complex.py
[2025-07-14T13:01:37.885+0000] {processor.py:840} INFO - DAG(s) 'example_complex' retrieved from /home/airflow/.local/lib/python3.8/site-packages/airflow/example_dags/example_complex.py
[2025-07-14T13:01:37.962+0000] {logging_mixin.py:188} INFO - [2025-07-14T13:01:37.962+0000] {dag.py:3036} INFO - Sync 1 DAGs
[2025-07-14T13:01:37.980+0000] {logging_mixin.py:188} INFO - [2025-07-14T13:01:37.980+0000] {dag.py:3823} INFO - Setting next_dagrun for example_complex to None, run_after=None
[2025-07-14T13:01:38.011+0000] {processor.py:183} INFO - Processing /home/airflow/.local/lib/python3.8/site-packages/airflow/example_dags/example_complex.py took 0.206 seconds
[2025-07-14T13:02:08.507+0000] {processor.py:161} INFO - Started process (PID=3431) to work on /home/airflow/.local/lib/python3.8/site-packages/airflow/example_dags/example_complex.py
[2025-07-14T13:02:08.508+0000] {processor.py:830} INFO - Processing file /home/airflow/.local/lib/python3.8/site-packages/airflow/example_dags/example_complex.py for tasks to queue
[2025-07-14T13:02:08.512+0000] {logging_mixin.py:188} INFO - [2025-07-14T13:02:08.512+0000] {dagbag.py:538} INFO - Filling up the DagBag from /home/airflow/.local/lib/python3.8/site-packages/airflow/example_dags/example_complex.py
[2025-07-14T13:02:08.540+0000] {processor.py:840} INFO - DAG(s) 'example_complex' retrieved from /home/airflow/.local/lib/python3.8/site-packages/airflow/example_dags/example_complex.py
[2025-07-14T13:02:08.619+0000] {logging_mixin.py:188} INFO - [2025-07-14T13:02:08.619+0000] {dag.py:3036} INFO - Sync 1 DAGs
[2025-07-14T13:02:08.653+0000] {logging_mixin.py:188} INFO - [2025-07-14T13:02:08.653+0000] {dag.py:3823} INFO - Setting next_dagrun for example_complex to None, run_after=None
[2025-07-14T13:02:08.688+0000] {processor.py:183} INFO - Processing /home/airflow/.local/lib/python3.8/site-packages/airflow/example_dags/example_complex.py took 0.188 seconds
[2025-07-14T13:02:39.086+0000] {processor.py:161} INFO - Started process (PID=3491) to work on /home/airflow/.local/lib/python3.8/site-packages/airflow/example_dags/example_complex.py
[2025-07-14T13:02:39.088+0000] {processor.py:830} INFO - Processing file /home/airflow/.local/lib/python3.8/site-packages/airflow/example_dags/example_complex.py for tasks to queue
[2025-07-14T13:02:39.091+0000] {logging_mixin.py:188} INFO - [2025-07-14T13:02:39.090+0000] {dagbag.py:538} INFO - Filling up the DagBag from /home/airflow/.local/lib/python3.8/site-packages/airflow/example_dags/example_complex.py
[2025-07-14T13:02:39.114+0000] {processor.py:840} INFO - DAG(s) 'example_complex' retrieved from /home/airflow/.local/lib/python3.8/site-packages/airflow/example_dags/example_complex.py
[2025-07-14T13:02:39.172+0000] {logging_mixin.py:188} INFO - [2025-07-14T13:02:39.172+0000] {dag.py:3036} INFO - Sync 1 DAGs
[2025-07-14T13:02:39.197+0000] {logging_mixin.py:188} INFO - [2025-07-14T13:02:39.196+0000] {dag.py:3823} INFO - Setting next_dagrun for example_complex to None, run_after=None
[2025-07-14T13:02:39.232+0000] {processor.py:183} INFO - Processing /home/airflow/.local/lib/python3.8/site-packages/airflow/example_dags/example_complex.py took 0.152 seconds
[2025-07-14T13:03:10.385+0000] {processor.py:161} INFO - Started process (PID=3551) to work on /home/airflow/.local/lib/python3.8/site-packages/airflow/example_dags/example_complex.py
[2025-07-14T13:03:10.387+0000] {processor.py:830} INFO - Processing file /home/airflow/.local/lib/python3.8/site-packages/airflow/example_dags/example_complex.py for tasks to queue
[2025-07-14T13:03:10.392+0000] {logging_mixin.py:188} INFO - [2025-07-14T13:03:10.391+0000] {dagbag.py:538} INFO - Filling up the DagBag from /home/airflow/.local/lib/python3.8/site-packages/airflow/example_dags/example_complex.py
[2025-07-14T13:03:10.563+0000] {processor.py:840} INFO - DAG(s) 'example_complex' retrieved from /home/airflow/.local/lib/python3.8/site-packages/airflow/example_dags/example_complex.py
[2025-07-14T13:03:10.684+0000] {logging_mixin.py:188} INFO - [2025-07-14T13:03:10.684+0000] {dag.py:3036} INFO - Sync 1 DAGs
[2025-07-14T13:03:10.735+0000] {logging_mixin.py:188} INFO - [2025-07-14T13:03:10.734+0000] {dag.py:3823} INFO - Setting next_dagrun for example_complex to None, run_after=None
[2025-07-14T13:03:10.774+0000] {processor.py:183} INFO - Processing /home/airflow/.local/lib/python3.8/site-packages/airflow/example_dags/example_complex.py took 0.397 seconds
[2025-07-14T13:03:41.007+0000] {processor.py:161} INFO - Started process (PID=3611) to work on /home/airflow/.local/lib/python3.8/site-packages/airflow/example_dags/example_complex.py
[2025-07-14T13:03:41.009+0000] {processor.py:830} INFO - Processing file /home/airflow/.local/lib/python3.8/site-packages/airflow/example_dags/example_complex.py for tasks to queue
[2025-07-14T13:03:41.013+0000] {logging_mixin.py:188} INFO - [2025-07-14T13:03:41.012+0000] {dagbag.py:538} INFO - Filling up the DagBag from /home/airflow/.local/lib/python3.8/site-packages/airflow/example_dags/example_complex.py
[2025-07-14T13:03:41.138+0000] {processor.py:840} INFO - DAG(s) 'example_complex' retrieved from /home/airflow/.local/lib/python3.8/site-packages/airflow/example_dags/example_complex.py
[2025-07-14T13:03:41.239+0000] {logging_mixin.py:188} INFO - [2025-07-14T13:03:41.239+0000] {dag.py:3036} INFO - Sync 1 DAGs
[2025-07-14T13:03:41.274+0000] {logging_mixin.py:188} INFO - [2025-07-14T13:03:41.274+0000] {dag.py:3823} INFO - Setting next_dagrun for example_complex to None, run_after=None
[2025-07-14T13:03:41.375+0000] {processor.py:183} INFO - Processing /home/airflow/.local/lib/python3.8/site-packages/airflow/example_dags/example_complex.py took 0.386 seconds
[2025-07-14T13:04:11.763+0000] {processor.py:161} INFO - Started process (PID=3671) to work on /home/airflow/.local/lib/python3.8/site-packages/airflow/example_dags/example_complex.py
[2025-07-14T13:04:11.766+0000] {processor.py:830} INFO - Processing file /home/airflow/.local/lib/python3.8/site-packages/airflow/example_dags/example_complex.py for tasks to queue
[2025-07-14T13:04:11.770+0000] {logging_mixin.py:188} INFO - [2025-07-14T13:04:11.769+0000] {dagbag.py:538} INFO - Filling up the DagBag from /home/airflow/.local/lib/python3.8/site-packages/airflow/example_dags/example_complex.py
[2025-07-14T13:04:11.798+0000] {processor.py:840} INFO - DAG(s) 'example_complex' retrieved from /home/airflow/.local/lib/python3.8/site-packages/airflow/example_dags/example_complex.py
[2025-07-14T13:04:11.870+0000] {logging_mixin.py:188} INFO - [2025-07-14T13:04:11.869+0000] {dag.py:3036} INFO - Sync 1 DAGs
[2025-07-14T13:04:11.898+0000] {logging_mixin.py:188} INFO - [2025-07-14T13:04:11.898+0000] {dag.py:3823} INFO - Setting next_dagrun for example_complex to None, run_after=None
[2025-07-14T13:04:11.939+0000] {processor.py:183} INFO - Processing /home/airflow/.local/lib/python3.8/site-packages/airflow/example_dags/example_complex.py took 0.181 seconds
[2025-07-14T13:04:42.613+0000] {processor.py:161} INFO - Started process (PID=3731) to work on /home/airflow/.local/lib/python3.8/site-packages/airflow/example_dags/example_complex.py
[2025-07-14T13:04:42.618+0000] {processor.py:830} INFO - Processing file /home/airflow/.local/lib/python3.8/site-packages/airflow/example_dags/example_complex.py for tasks to queue
[2025-07-14T13:04:42.624+0000] {logging_mixin.py:188} INFO - [2025-07-14T13:04:42.623+0000] {dagbag.py:538} INFO - Filling up the DagBag from /home/airflow/.local/lib/python3.8/site-packages/airflow/example_dags/example_complex.py
[2025-07-14T13:04:42.652+0000] {processor.py:840} INFO - DAG(s) 'example_complex' retrieved from /home/airflow/.local/lib/python3.8/site-packages/airflow/example_dags/example_complex.py
[2025-07-14T13:04:42.747+0000] {logging_mixin.py:188} INFO - [2025-07-14T13:04:42.746+0000] {dag.py:3036} INFO - Sync 1 DAGs
[2025-07-14T13:04:42.774+0000] {logging_mixin.py:188} INFO - [2025-07-14T13:04:42.773+0000] {dag.py:3823} INFO - Setting next_dagrun for example_complex to None, run_after=None
[2025-07-14T13:04:42.819+0000] {processor.py:183} INFO - Processing /home/airflow/.local/lib/python3.8/site-packages/airflow/example_dags/example_complex.py took 0.223 seconds
[2025-07-14T13:05:13.974+0000] {processor.py:161} INFO - Started process (PID=3790) to work on /home/airflow/.local/lib/python3.8/site-packages/airflow/example_dags/example_complex.py
[2025-07-14T13:05:13.986+0000] {processor.py:830} INFO - Processing file /home/airflow/.local/lib/python3.8/site-packages/airflow/example_dags/example_complex.py for tasks to queue
[2025-07-14T13:05:13.998+0000] {logging_mixin.py:188} INFO - [2025-07-14T13:05:13.998+0000] {dagbag.py:538} INFO - Filling up the DagBag from /home/airflow/.local/lib/python3.8/site-packages/airflow/example_dags/example_complex.py
[2025-07-14T13:05:14.042+0000] {processor.py:840} INFO - DAG(s) 'example_complex' retrieved from /home/airflow/.local/lib/python3.8/site-packages/airflow/example_dags/example_complex.py
[2025-07-14T13:05:14.132+0000] {logging_mixin.py:188} INFO - [2025-07-14T13:05:14.131+0000] {dag.py:3036} INFO - Sync 1 DAGs
[2025-07-14T13:05:14.162+0000] {logging_mixin.py:188} INFO - [2025-07-14T13:05:14.160+0000] {dag.py:3823} INFO - Setting next_dagrun for example_complex to None, run_after=None
[2025-07-14T13:05:14.205+0000] {processor.py:183} INFO - Processing /home/airflow/.local/lib/python3.8/site-packages/airflow/example_dags/example_complex.py took 0.239 seconds
[2025-07-14T13:05:44.539+0000] {processor.py:161} INFO - Started process (PID=3850) to work on /home/airflow/.local/lib/python3.8/site-packages/airflow/example_dags/example_complex.py
[2025-07-14T13:05:44.541+0000] {processor.py:830} INFO - Processing file /home/airflow/.local/lib/python3.8/site-packages/airflow/example_dags/example_complex.py for tasks to queue
[2025-07-14T13:05:44.544+0000] {logging_mixin.py:188} INFO - [2025-07-14T13:05:44.543+0000] {dagbag.py:538} INFO - Filling up the DagBag from /home/airflow/.local/lib/python3.8/site-packages/airflow/example_dags/example_complex.py
[2025-07-14T13:05:44.577+0000] {processor.py:840} INFO - DAG(s) 'example_complex' retrieved from /home/airflow/.local/lib/python3.8/site-packages/airflow/example_dags/example_complex.py
[2025-07-14T13:05:44.656+0000] {logging_mixin.py:188} INFO - [2025-07-14T13:05:44.655+0000] {dag.py:3036} INFO - Sync 1 DAGs
[2025-07-14T13:05:44.685+0000] {logging_mixin.py:188} INFO - [2025-07-14T13:05:44.683+0000] {dag.py:3823} INFO - Setting next_dagrun for example_complex to None, run_after=None
[2025-07-14T13:05:44.720+0000] {processor.py:183} INFO - Processing /home/airflow/.local/lib/python3.8/site-packages/airflow/example_dags/example_complex.py took 0.197 seconds
