[2025-07-14T12:33:37.115+0000] {processor.py:161} INFO - Started process (PID=103) to work on /home/airflow/.local/lib/python3.8/site-packages/airflow/example_dags/example_nested_branch_dag.py
[2025-07-14T12:33:37.118+0000] {processor.py:830} INFO - Processing file /home/airflow/.local/lib/python3.8/site-packages/airflow/example_dags/example_nested_branch_dag.py for tasks to queue
[2025-07-14T12:33:37.146+0000] {logging_mixin.py:188} INFO - [2025-07-14T12:33:37.146+0000] {dagbag.py:538} INFO - Filling up the DagBag from /home/airflow/.local/lib/python3.8/site-packages/airflow/example_dags/example_nested_branch_dag.py
[2025-07-14T12:33:37.218+0000] {processor.py:840} INFO - DAG(s) 'example_nested_branch_dag' retrieved from /home/airflow/.local/lib/python3.8/site-packages/airflow/example_dags/example_nested_branch_dag.py
[2025-07-14T12:33:37.286+0000] {logging_mixin.py:188} INFO - [2025-07-14T12:33:37.285+0000] {dag.py:3036} INFO - Sync 1 DAGs
[2025-07-14T12:33:37.367+0000] {logging_mixin.py:188} INFO - [2025-07-14T12:33:37.364+0000] {dag.py:3823} INFO - Setting next_dagrun for example_nested_branch_dag to 2025-07-13 00:00:00+00:00, run_after=2025-07-14 00:00:00+00:00
[2025-07-14T12:33:37.453+0000] {processor.py:183} INFO - Processing /home/airflow/.local/lib/python3.8/site-packages/airflow/example_dags/example_nested_branch_dag.py took 0.349 seconds
[2025-07-14T12:34:08.050+0000] {processor.py:161} INFO - Started process (PID=163) to work on /home/airflow/.local/lib/python3.8/site-packages/airflow/example_dags/example_nested_branch_dag.py
[2025-07-14T12:34:08.052+0000] {processor.py:830} INFO - Processing file /home/airflow/.local/lib/python3.8/site-packages/airflow/example_dags/example_nested_branch_dag.py for tasks to queue
[2025-07-14T12:34:08.056+0000] {logging_mixin.py:188} INFO - [2025-07-14T12:34:08.055+0000] {dagbag.py:538} INFO - Filling up the DagBag from /home/airflow/.local/lib/python3.8/site-packages/airflow/example_dags/example_nested_branch_dag.py
[2025-07-14T12:34:08.078+0000] {processor.py:840} INFO - DAG(s) 'example_nested_branch_dag' retrieved from /home/airflow/.local/lib/python3.8/site-packages/airflow/example_dags/example_nested_branch_dag.py
[2025-07-14T12:34:08.130+0000] {logging_mixin.py:188} INFO - [2025-07-14T12:34:08.129+0000] {dag.py:3036} INFO - Sync 1 DAGs
[2025-07-14T12:34:08.175+0000] {logging_mixin.py:188} INFO - [2025-07-14T12:34:08.174+0000] {dag.py:3823} INFO - Setting next_dagrun for example_nested_branch_dag to 2025-07-13 00:00:00+00:00, run_after=2025-07-14 00:00:00+00:00
[2025-07-14T12:34:08.220+0000] {processor.py:183} INFO - Processing /home/airflow/.local/lib/python3.8/site-packages/airflow/example_dags/example_nested_branch_dag.py took 0.175 seconds
[2025-07-14T12:34:38.951+0000] {processor.py:161} INFO - Started process (PID=224) to work on /home/airflow/.local/lib/python3.8/site-packages/airflow/example_dags/example_nested_branch_dag.py
[2025-07-14T12:34:38.953+0000] {processor.py:830} INFO - Processing file /home/airflow/.local/lib/python3.8/site-packages/airflow/example_dags/example_nested_branch_dag.py for tasks to queue
[2025-07-14T12:34:38.958+0000] {logging_mixin.py:188} INFO - [2025-07-14T12:34:38.958+0000] {dagbag.py:538} INFO - Filling up the DagBag from /home/airflow/.local/lib/python3.8/site-packages/airflow/example_dags/example_nested_branch_dag.py
[2025-07-14T12:34:38.983+0000] {processor.py:840} INFO - DAG(s) 'example_nested_branch_dag' retrieved from /home/airflow/.local/lib/python3.8/site-packages/airflow/example_dags/example_nested_branch_dag.py
[2025-07-14T12:34:39.056+0000] {logging_mixin.py:188} INFO - [2025-07-14T12:34:39.055+0000] {dag.py:3036} INFO - Sync 1 DAGs
[2025-07-14T12:34:39.159+0000] {logging_mixin.py:188} INFO - [2025-07-14T12:34:39.158+0000] {dag.py:3823} INFO - Setting next_dagrun for example_nested_branch_dag to 2025-07-13 00:00:00+00:00, run_after=2025-07-14 00:00:00+00:00
[2025-07-14T12:34:39.201+0000] {processor.py:183} INFO - Processing /home/airflow/.local/lib/python3.8/site-packages/airflow/example_dags/example_nested_branch_dag.py took 0.255 seconds
[2025-07-14T12:35:09.245+0000] {processor.py:161} INFO - Started process (PID=284) to work on /home/airflow/.local/lib/python3.8/site-packages/airflow/example_dags/example_nested_branch_dag.py
[2025-07-14T12:35:09.246+0000] {processor.py:830} INFO - Processing file /home/airflow/.local/lib/python3.8/site-packages/airflow/example_dags/example_nested_branch_dag.py for tasks to queue
[2025-07-14T12:35:09.250+0000] {logging_mixin.py:188} INFO - [2025-07-14T12:35:09.249+0000] {dagbag.py:538} INFO - Filling up the DagBag from /home/airflow/.local/lib/python3.8/site-packages/airflow/example_dags/example_nested_branch_dag.py
[2025-07-14T12:35:09.272+0000] {processor.py:840} INFO - DAG(s) 'example_nested_branch_dag' retrieved from /home/airflow/.local/lib/python3.8/site-packages/airflow/example_dags/example_nested_branch_dag.py
[2025-07-14T12:35:09.320+0000] {logging_mixin.py:188} INFO - [2025-07-14T12:35:09.319+0000] {dag.py:3036} INFO - Sync 1 DAGs
[2025-07-14T12:35:09.367+0000] {logging_mixin.py:188} INFO - [2025-07-14T12:35:09.366+0000] {dag.py:3823} INFO - Setting next_dagrun for example_nested_branch_dag to 2025-07-13 00:00:00+00:00, run_after=2025-07-14 00:00:00+00:00
[2025-07-14T12:35:09.398+0000] {processor.py:183} INFO - Processing /home/airflow/.local/lib/python3.8/site-packages/airflow/example_dags/example_nested_branch_dag.py took 0.160 seconds
[2025-07-14T12:35:40.066+0000] {processor.py:161} INFO - Started process (PID=345) to work on /home/airflow/.local/lib/python3.8/site-packages/airflow/example_dags/example_nested_branch_dag.py
[2025-07-14T12:35:40.067+0000] {processor.py:830} INFO - Processing file /home/airflow/.local/lib/python3.8/site-packages/airflow/example_dags/example_nested_branch_dag.py for tasks to queue
[2025-07-14T12:35:40.070+0000] {logging_mixin.py:188} INFO - [2025-07-14T12:35:40.070+0000] {dagbag.py:538} INFO - Filling up the DagBag from /home/airflow/.local/lib/python3.8/site-packages/airflow/example_dags/example_nested_branch_dag.py
[2025-07-14T12:35:40.089+0000] {processor.py:840} INFO - DAG(s) 'example_nested_branch_dag' retrieved from /home/airflow/.local/lib/python3.8/site-packages/airflow/example_dags/example_nested_branch_dag.py
[2025-07-14T12:35:40.125+0000] {logging_mixin.py:188} INFO - [2025-07-14T12:35:40.125+0000] {dag.py:3036} INFO - Sync 1 DAGs
[2025-07-14T12:35:40.165+0000] {logging_mixin.py:188} INFO - [2025-07-14T12:35:40.165+0000] {dag.py:3823} INFO - Setting next_dagrun for example_nested_branch_dag to 2025-07-13 00:00:00+00:00, run_after=2025-07-14 00:00:00+00:00
[2025-07-14T12:35:40.196+0000] {processor.py:183} INFO - Processing /home/airflow/.local/lib/python3.8/site-packages/airflow/example_dags/example_nested_branch_dag.py took 0.137 seconds
[2025-07-14T12:36:11.219+0000] {processor.py:161} INFO - Started process (PID=402) to work on /home/airflow/.local/lib/python3.8/site-packages/airflow/example_dags/example_nested_branch_dag.py
[2025-07-14T12:36:11.221+0000] {processor.py:830} INFO - Processing file /home/airflow/.local/lib/python3.8/site-packages/airflow/example_dags/example_nested_branch_dag.py for tasks to queue
[2025-07-14T12:36:11.226+0000] {logging_mixin.py:188} INFO - [2025-07-14T12:36:11.225+0000] {dagbag.py:538} INFO - Filling up the DagBag from /home/airflow/.local/lib/python3.8/site-packages/airflow/example_dags/example_nested_branch_dag.py
[2025-07-14T12:36:11.262+0000] {processor.py:840} INFO - DAG(s) 'example_nested_branch_dag' retrieved from /home/airflow/.local/lib/python3.8/site-packages/airflow/example_dags/example_nested_branch_dag.py
[2025-07-14T12:36:11.329+0000] {logging_mixin.py:188} INFO - [2025-07-14T12:36:11.329+0000] {dag.py:3036} INFO - Sync 1 DAGs
[2025-07-14T12:36:11.389+0000] {logging_mixin.py:188} INFO - [2025-07-14T12:36:11.388+0000] {dag.py:3823} INFO - Setting next_dagrun for example_nested_branch_dag to 2025-07-13 00:00:00+00:00, run_after=2025-07-14 00:00:00+00:00
[2025-07-14T12:36:11.431+0000] {processor.py:183} INFO - Processing /home/airflow/.local/lib/python3.8/site-packages/airflow/example_dags/example_nested_branch_dag.py took 0.218 seconds
[2025-07-14T12:36:41.863+0000] {processor.py:161} INFO - Started process (PID=462) to work on /home/airflow/.local/lib/python3.8/site-packages/airflow/example_dags/example_nested_branch_dag.py
[2025-07-14T12:36:41.865+0000] {processor.py:830} INFO - Processing file /home/airflow/.local/lib/python3.8/site-packages/airflow/example_dags/example_nested_branch_dag.py for tasks to queue
[2025-07-14T12:36:41.869+0000] {logging_mixin.py:188} INFO - [2025-07-14T12:36:41.869+0000] {dagbag.py:538} INFO - Filling up the DagBag from /home/airflow/.local/lib/python3.8/site-packages/airflow/example_dags/example_nested_branch_dag.py
[2025-07-14T12:36:41.900+0000] {processor.py:840} INFO - DAG(s) 'example_nested_branch_dag' retrieved from /home/airflow/.local/lib/python3.8/site-packages/airflow/example_dags/example_nested_branch_dag.py
[2025-07-14T12:36:41.963+0000] {logging_mixin.py:188} INFO - [2025-07-14T12:36:41.963+0000] {dag.py:3036} INFO - Sync 1 DAGs
[2025-07-14T12:36:42.033+0000] {logging_mixin.py:188} INFO - [2025-07-14T12:36:42.032+0000] {dag.py:3823} INFO - Setting next_dagrun for example_nested_branch_dag to 2025-07-13 00:00:00+00:00, run_after=2025-07-14 00:00:00+00:00
[2025-07-14T12:36:42.097+0000] {processor.py:183} INFO - Processing /home/airflow/.local/lib/python3.8/site-packages/airflow/example_dags/example_nested_branch_dag.py took 0.240 seconds
[2025-07-14T12:37:12.623+0000] {processor.py:161} INFO - Started process (PID=522) to work on /home/airflow/.local/lib/python3.8/site-packages/airflow/example_dags/example_nested_branch_dag.py
[2025-07-14T12:37:12.625+0000] {processor.py:830} INFO - Processing file /home/airflow/.local/lib/python3.8/site-packages/airflow/example_dags/example_nested_branch_dag.py for tasks to queue
[2025-07-14T12:37:12.630+0000] {logging_mixin.py:188} INFO - [2025-07-14T12:37:12.629+0000] {dagbag.py:538} INFO - Filling up the DagBag from /home/airflow/.local/lib/python3.8/site-packages/airflow/example_dags/example_nested_branch_dag.py
[2025-07-14T12:37:12.649+0000] {processor.py:840} INFO - DAG(s) 'example_nested_branch_dag' retrieved from /home/airflow/.local/lib/python3.8/site-packages/airflow/example_dags/example_nested_branch_dag.py
[2025-07-14T12:37:12.693+0000] {logging_mixin.py:188} INFO - [2025-07-14T12:37:12.693+0000] {dag.py:3036} INFO - Sync 1 DAGs
[2025-07-14T12:37:12.736+0000] {logging_mixin.py:188} INFO - [2025-07-14T12:37:12.736+0000] {dag.py:3823} INFO - Setting next_dagrun for example_nested_branch_dag to 2025-07-13 00:00:00+00:00, run_after=2025-07-14 00:00:00+00:00
[2025-07-14T12:37:12.770+0000] {processor.py:183} INFO - Processing /home/airflow/.local/lib/python3.8/site-packages/airflow/example_dags/example_nested_branch_dag.py took 0.154 seconds
[2025-07-14T12:37:43.092+0000] {processor.py:161} INFO - Started process (PID=582) to work on /home/airflow/.local/lib/python3.8/site-packages/airflow/example_dags/example_nested_branch_dag.py
[2025-07-14T12:37:43.094+0000] {processor.py:830} INFO - Processing file /home/airflow/.local/lib/python3.8/site-packages/airflow/example_dags/example_nested_branch_dag.py for tasks to queue
[2025-07-14T12:37:43.097+0000] {logging_mixin.py:188} INFO - [2025-07-14T12:37:43.097+0000] {dagbag.py:538} INFO - Filling up the DagBag from /home/airflow/.local/lib/python3.8/site-packages/airflow/example_dags/example_nested_branch_dag.py
[2025-07-14T12:37:43.115+0000] {processor.py:840} INFO - DAG(s) 'example_nested_branch_dag' retrieved from /home/airflow/.local/lib/python3.8/site-packages/airflow/example_dags/example_nested_branch_dag.py
[2025-07-14T12:37:43.154+0000] {logging_mixin.py:188} INFO - [2025-07-14T12:37:43.154+0000] {dag.py:3036} INFO - Sync 1 DAGs
[2025-07-14T12:37:43.194+0000] {logging_mixin.py:188} INFO - [2025-07-14T12:37:43.193+0000] {dag.py:3823} INFO - Setting next_dagrun for example_nested_branch_dag to 2025-07-13 00:00:00+00:00, run_after=2025-07-14 00:00:00+00:00
[2025-07-14T12:37:43.227+0000] {processor.py:183} INFO - Processing /home/airflow/.local/lib/python3.8/site-packages/airflow/example_dags/example_nested_branch_dag.py took 0.140 seconds
[2025-07-14T12:38:13.384+0000] {processor.py:161} INFO - Started process (PID=642) to work on /home/airflow/.local/lib/python3.8/site-packages/airflow/example_dags/example_nested_branch_dag.py
[2025-07-14T12:38:13.386+0000] {processor.py:830} INFO - Processing file /home/airflow/.local/lib/python3.8/site-packages/airflow/example_dags/example_nested_branch_dag.py for tasks to queue
[2025-07-14T12:38:13.390+0000] {logging_mixin.py:188} INFO - [2025-07-14T12:38:13.389+0000] {dagbag.py:538} INFO - Filling up the DagBag from /home/airflow/.local/lib/python3.8/site-packages/airflow/example_dags/example_nested_branch_dag.py
[2025-07-14T12:38:13.410+0000] {processor.py:840} INFO - DAG(s) 'example_nested_branch_dag' retrieved from /home/airflow/.local/lib/python3.8/site-packages/airflow/example_dags/example_nested_branch_dag.py
[2025-07-14T12:38:13.456+0000] {logging_mixin.py:188} INFO - [2025-07-14T12:38:13.456+0000] {dag.py:3036} INFO - Sync 1 DAGs
[2025-07-14T12:38:13.518+0000] {logging_mixin.py:188} INFO - [2025-07-14T12:38:13.518+0000] {dag.py:3823} INFO - Setting next_dagrun for example_nested_branch_dag to 2025-07-13 00:00:00+00:00, run_after=2025-07-14 00:00:00+00:00
[2025-07-14T12:38:13.606+0000] {processor.py:183} INFO - Processing /home/airflow/.local/lib/python3.8/site-packages/airflow/example_dags/example_nested_branch_dag.py took 0.228 seconds
[2025-07-14T12:38:45.251+0000] {processor.py:161} INFO - Started process (PID=702) to work on /home/airflow/.local/lib/python3.8/site-packages/airflow/example_dags/example_nested_branch_dag.py
[2025-07-14T12:38:45.318+0000] {processor.py:830} INFO - Processing file /home/airflow/.local/lib/python3.8/site-packages/airflow/example_dags/example_nested_branch_dag.py for tasks to queue
[2025-07-14T12:38:45.327+0000] {logging_mixin.py:188} INFO - [2025-07-14T12:38:45.326+0000] {dagbag.py:538} INFO - Filling up the DagBag from /home/airflow/.local/lib/python3.8/site-packages/airflow/example_dags/example_nested_branch_dag.py
[2025-07-14T12:38:45.351+0000] {processor.py:840} INFO - DAG(s) 'example_nested_branch_dag' retrieved from /home/airflow/.local/lib/python3.8/site-packages/airflow/example_dags/example_nested_branch_dag.py
[2025-07-14T12:38:45.443+0000] {logging_mixin.py:188} INFO - [2025-07-14T12:38:45.442+0000] {dag.py:3036} INFO - Sync 1 DAGs
[2025-07-14T12:38:45.510+0000] {logging_mixin.py:188} INFO - [2025-07-14T12:38:45.509+0000] {dag.py:3823} INFO - Setting next_dagrun for example_nested_branch_dag to 2025-07-13 00:00:00+00:00, run_after=2025-07-14 00:00:00+00:00
[2025-07-14T12:38:45.557+0000] {processor.py:183} INFO - Processing /home/airflow/.local/lib/python3.8/site-packages/airflow/example_dags/example_nested_branch_dag.py took 0.319 seconds
[2025-07-14T12:39:15.810+0000] {processor.py:161} INFO - Started process (PID=763) to work on /home/airflow/.local/lib/python3.8/site-packages/airflow/example_dags/example_nested_branch_dag.py
[2025-07-14T12:39:15.812+0000] {processor.py:830} INFO - Processing file /home/airflow/.local/lib/python3.8/site-packages/airflow/example_dags/example_nested_branch_dag.py for tasks to queue
[2025-07-14T12:39:15.814+0000] {logging_mixin.py:188} INFO - [2025-07-14T12:39:15.814+0000] {dagbag.py:538} INFO - Filling up the DagBag from /home/airflow/.local/lib/python3.8/site-packages/airflow/example_dags/example_nested_branch_dag.py
[2025-07-14T12:39:15.832+0000] {processor.py:840} INFO - DAG(s) 'example_nested_branch_dag' retrieved from /home/airflow/.local/lib/python3.8/site-packages/airflow/example_dags/example_nested_branch_dag.py
[2025-07-14T12:39:15.871+0000] {logging_mixin.py:188} INFO - [2025-07-14T12:39:15.871+0000] {dag.py:3036} INFO - Sync 1 DAGs
[2025-07-14T12:39:15.916+0000] {logging_mixin.py:188} INFO - [2025-07-14T12:39:15.915+0000] {dag.py:3823} INFO - Setting next_dagrun for example_nested_branch_dag to 2025-07-13 00:00:00+00:00, run_after=2025-07-14 00:00:00+00:00
[2025-07-14T12:39:15.955+0000] {processor.py:183} INFO - Processing /home/airflow/.local/lib/python3.8/site-packages/airflow/example_dags/example_nested_branch_dag.py took 0.151 seconds
[2025-07-14T12:39:46.224+0000] {processor.py:161} INFO - Started process (PID=823) to work on /home/airflow/.local/lib/python3.8/site-packages/airflow/example_dags/example_nested_branch_dag.py
[2025-07-14T12:39:46.226+0000] {processor.py:830} INFO - Processing file /home/airflow/.local/lib/python3.8/site-packages/airflow/example_dags/example_nested_branch_dag.py for tasks to queue
[2025-07-14T12:39:46.230+0000] {logging_mixin.py:188} INFO - [2025-07-14T12:39:46.229+0000] {dagbag.py:538} INFO - Filling up the DagBag from /home/airflow/.local/lib/python3.8/site-packages/airflow/example_dags/example_nested_branch_dag.py
[2025-07-14T12:39:46.254+0000] {processor.py:840} INFO - DAG(s) 'example_nested_branch_dag' retrieved from /home/airflow/.local/lib/python3.8/site-packages/airflow/example_dags/example_nested_branch_dag.py
[2025-07-14T12:39:46.307+0000] {logging_mixin.py:188} INFO - [2025-07-14T12:39:46.306+0000] {dag.py:3036} INFO - Sync 1 DAGs
[2025-07-14T12:39:46.351+0000] {logging_mixin.py:188} INFO - [2025-07-14T12:39:46.351+0000] {dag.py:3823} INFO - Setting next_dagrun for example_nested_branch_dag to 2025-07-13 00:00:00+00:00, run_after=2025-07-14 00:00:00+00:00
[2025-07-14T12:39:46.391+0000] {processor.py:183} INFO - Processing /home/airflow/.local/lib/python3.8/site-packages/airflow/example_dags/example_nested_branch_dag.py took 0.173 seconds
[2025-07-14T12:40:17.107+0000] {processor.py:161} INFO - Started process (PID=883) to work on /home/airflow/.local/lib/python3.8/site-packages/airflow/example_dags/example_nested_branch_dag.py
[2025-07-14T12:40:17.109+0000] {processor.py:830} INFO - Processing file /home/airflow/.local/lib/python3.8/site-packages/airflow/example_dags/example_nested_branch_dag.py for tasks to queue
[2025-07-14T12:40:17.112+0000] {logging_mixin.py:188} INFO - [2025-07-14T12:40:17.111+0000] {dagbag.py:538} INFO - Filling up the DagBag from /home/airflow/.local/lib/python3.8/site-packages/airflow/example_dags/example_nested_branch_dag.py
[2025-07-14T12:40:17.130+0000] {processor.py:840} INFO - DAG(s) 'example_nested_branch_dag' retrieved from /home/airflow/.local/lib/python3.8/site-packages/airflow/example_dags/example_nested_branch_dag.py
[2025-07-14T12:40:17.166+0000] {logging_mixin.py:188} INFO - [2025-07-14T12:40:17.166+0000] {dag.py:3036} INFO - Sync 1 DAGs
[2025-07-14T12:40:17.210+0000] {logging_mixin.py:188} INFO - [2025-07-14T12:40:17.210+0000] {dag.py:3823} INFO - Setting next_dagrun for example_nested_branch_dag to 2025-07-13 00:00:00+00:00, run_after=2025-07-14 00:00:00+00:00
[2025-07-14T12:40:17.247+0000] {processor.py:183} INFO - Processing /home/airflow/.local/lib/python3.8/site-packages/airflow/example_dags/example_nested_branch_dag.py took 0.149 seconds
[2025-07-14T12:40:47.774+0000] {processor.py:161} INFO - Started process (PID=949) to work on /home/airflow/.local/lib/python3.8/site-packages/airflow/example_dags/example_nested_branch_dag.py
[2025-07-14T12:40:47.776+0000] {processor.py:830} INFO - Processing file /home/airflow/.local/lib/python3.8/site-packages/airflow/example_dags/example_nested_branch_dag.py for tasks to queue
[2025-07-14T12:40:47.781+0000] {logging_mixin.py:188} INFO - [2025-07-14T12:40:47.780+0000] {dagbag.py:538} INFO - Filling up the DagBag from /home/airflow/.local/lib/python3.8/site-packages/airflow/example_dags/example_nested_branch_dag.py
[2025-07-14T12:40:47.799+0000] {processor.py:840} INFO - DAG(s) 'example_nested_branch_dag' retrieved from /home/airflow/.local/lib/python3.8/site-packages/airflow/example_dags/example_nested_branch_dag.py
[2025-07-14T12:40:47.837+0000] {logging_mixin.py:188} INFO - [2025-07-14T12:40:47.837+0000] {dag.py:3036} INFO - Sync 1 DAGs
[2025-07-14T12:40:47.886+0000] {logging_mixin.py:188} INFO - [2025-07-14T12:40:47.885+0000] {dag.py:3823} INFO - Setting next_dagrun for example_nested_branch_dag to 2025-07-13 00:00:00+00:00, run_after=2025-07-14 00:00:00+00:00
[2025-07-14T12:40:47.918+0000] {processor.py:183} INFO - Processing /home/airflow/.local/lib/python3.8/site-packages/airflow/example_dags/example_nested_branch_dag.py took 0.150 seconds
[2025-07-14T12:41:18.080+0000] {processor.py:161} INFO - Started process (PID=1009) to work on /home/airflow/.local/lib/python3.8/site-packages/airflow/example_dags/example_nested_branch_dag.py
[2025-07-14T12:41:18.082+0000] {processor.py:830} INFO - Processing file /home/airflow/.local/lib/python3.8/site-packages/airflow/example_dags/example_nested_branch_dag.py for tasks to queue
[2025-07-14T12:41:18.089+0000] {logging_mixin.py:188} INFO - [2025-07-14T12:41:18.089+0000] {dagbag.py:538} INFO - Filling up the DagBag from /home/airflow/.local/lib/python3.8/site-packages/airflow/example_dags/example_nested_branch_dag.py
[2025-07-14T12:41:18.112+0000] {processor.py:840} INFO - DAG(s) 'example_nested_branch_dag' retrieved from /home/airflow/.local/lib/python3.8/site-packages/airflow/example_dags/example_nested_branch_dag.py
[2025-07-14T12:41:18.156+0000] {logging_mixin.py:188} INFO - [2025-07-14T12:41:18.156+0000] {dag.py:3036} INFO - Sync 1 DAGs
[2025-07-14T12:41:18.198+0000] {logging_mixin.py:188} INFO - [2025-07-14T12:41:18.198+0000] {dag.py:3823} INFO - Setting next_dagrun for example_nested_branch_dag to 2025-07-13 00:00:00+00:00, run_after=2025-07-14 00:00:00+00:00
[2025-07-14T12:41:18.230+0000] {processor.py:183} INFO - Processing /home/airflow/.local/lib/python3.8/site-packages/airflow/example_dags/example_nested_branch_dag.py took 0.155 seconds
[2025-07-14T12:41:48.287+0000] {processor.py:161} INFO - Started process (PID=1068) to work on /home/airflow/.local/lib/python3.8/site-packages/airflow/example_dags/example_nested_branch_dag.py
[2025-07-14T12:41:48.289+0000] {processor.py:830} INFO - Processing file /home/airflow/.local/lib/python3.8/site-packages/airflow/example_dags/example_nested_branch_dag.py for tasks to queue
[2025-07-14T12:41:48.293+0000] {logging_mixin.py:188} INFO - [2025-07-14T12:41:48.291+0000] {dagbag.py:538} INFO - Filling up the DagBag from /home/airflow/.local/lib/python3.8/site-packages/airflow/example_dags/example_nested_branch_dag.py
[2025-07-14T12:41:48.310+0000] {processor.py:840} INFO - DAG(s) 'example_nested_branch_dag' retrieved from /home/airflow/.local/lib/python3.8/site-packages/airflow/example_dags/example_nested_branch_dag.py
[2025-07-14T12:41:48.345+0000] {logging_mixin.py:188} INFO - [2025-07-14T12:41:48.345+0000] {dag.py:3036} INFO - Sync 1 DAGs
[2025-07-14T12:41:48.388+0000] {logging_mixin.py:188} INFO - [2025-07-14T12:41:48.387+0000] {dag.py:3823} INFO - Setting next_dagrun for example_nested_branch_dag to 2025-07-13 00:00:00+00:00, run_after=2025-07-14 00:00:00+00:00
[2025-07-14T12:41:48.422+0000] {processor.py:183} INFO - Processing /home/airflow/.local/lib/python3.8/site-packages/airflow/example_dags/example_nested_branch_dag.py took 0.140 seconds
[2025-07-14T12:42:18.729+0000] {processor.py:161} INFO - Started process (PID=1127) to work on /home/airflow/.local/lib/python3.8/site-packages/airflow/example_dags/example_nested_branch_dag.py
[2025-07-14T12:42:18.731+0000] {processor.py:830} INFO - Processing file /home/airflow/.local/lib/python3.8/site-packages/airflow/example_dags/example_nested_branch_dag.py for tasks to queue
[2025-07-14T12:42:18.734+0000] {logging_mixin.py:188} INFO - [2025-07-14T12:42:18.734+0000] {dagbag.py:538} INFO - Filling up the DagBag from /home/airflow/.local/lib/python3.8/site-packages/airflow/example_dags/example_nested_branch_dag.py
[2025-07-14T12:42:18.754+0000] {processor.py:840} INFO - DAG(s) 'example_nested_branch_dag' retrieved from /home/airflow/.local/lib/python3.8/site-packages/airflow/example_dags/example_nested_branch_dag.py
[2025-07-14T12:42:18.803+0000] {logging_mixin.py:188} INFO - [2025-07-14T12:42:18.803+0000] {dag.py:3036} INFO - Sync 1 DAGs
[2025-07-14T12:42:18.849+0000] {logging_mixin.py:188} INFO - [2025-07-14T12:42:18.848+0000] {dag.py:3823} INFO - Setting next_dagrun for example_nested_branch_dag to 2025-07-13 00:00:00+00:00, run_after=2025-07-14 00:00:00+00:00
[2025-07-14T12:42:18.883+0000] {processor.py:183} INFO - Processing /home/airflow/.local/lib/python3.8/site-packages/airflow/example_dags/example_nested_branch_dag.py took 0.159 seconds
[2025-07-14T12:42:49.019+0000] {processor.py:161} INFO - Started process (PID=1187) to work on /home/airflow/.local/lib/python3.8/site-packages/airflow/example_dags/example_nested_branch_dag.py
[2025-07-14T12:42:49.021+0000] {processor.py:830} INFO - Processing file /home/airflow/.local/lib/python3.8/site-packages/airflow/example_dags/example_nested_branch_dag.py for tasks to queue
[2025-07-14T12:42:49.023+0000] {logging_mixin.py:188} INFO - [2025-07-14T12:42:49.023+0000] {dagbag.py:538} INFO - Filling up the DagBag from /home/airflow/.local/lib/python3.8/site-packages/airflow/example_dags/example_nested_branch_dag.py
[2025-07-14T12:42:49.041+0000] {processor.py:840} INFO - DAG(s) 'example_nested_branch_dag' retrieved from /home/airflow/.local/lib/python3.8/site-packages/airflow/example_dags/example_nested_branch_dag.py
[2025-07-14T12:42:49.081+0000] {logging_mixin.py:188} INFO - [2025-07-14T12:42:49.081+0000] {dag.py:3036} INFO - Sync 1 DAGs
[2025-07-14T12:42:49.137+0000] {logging_mixin.py:188} INFO - [2025-07-14T12:42:49.137+0000] {dag.py:3823} INFO - Setting next_dagrun for example_nested_branch_dag to 2025-07-13 00:00:00+00:00, run_after=2025-07-14 00:00:00+00:00
[2025-07-14T12:42:49.172+0000] {processor.py:183} INFO - Processing /home/airflow/.local/lib/python3.8/site-packages/airflow/example_dags/example_nested_branch_dag.py took 0.159 seconds
[2025-07-14T12:43:19.630+0000] {processor.py:161} INFO - Started process (PID=1247) to work on /home/airflow/.local/lib/python3.8/site-packages/airflow/example_dags/example_nested_branch_dag.py
[2025-07-14T12:43:19.631+0000] {processor.py:830} INFO - Processing file /home/airflow/.local/lib/python3.8/site-packages/airflow/example_dags/example_nested_branch_dag.py for tasks to queue
[2025-07-14T12:43:19.635+0000] {logging_mixin.py:188} INFO - [2025-07-14T12:43:19.634+0000] {dagbag.py:538} INFO - Filling up the DagBag from /home/airflow/.local/lib/python3.8/site-packages/airflow/example_dags/example_nested_branch_dag.py
[2025-07-14T12:43:19.655+0000] {processor.py:840} INFO - DAG(s) 'example_nested_branch_dag' retrieved from /home/airflow/.local/lib/python3.8/site-packages/airflow/example_dags/example_nested_branch_dag.py
[2025-07-14T12:43:19.694+0000] {logging_mixin.py:188} INFO - [2025-07-14T12:43:19.693+0000] {dag.py:3036} INFO - Sync 1 DAGs
[2025-07-14T12:43:19.736+0000] {logging_mixin.py:188} INFO - [2025-07-14T12:43:19.735+0000] {dag.py:3823} INFO - Setting next_dagrun for example_nested_branch_dag to 2025-07-13 00:00:00+00:00, run_after=2025-07-14 00:00:00+00:00
[2025-07-14T12:43:19.769+0000] {processor.py:183} INFO - Processing /home/airflow/.local/lib/python3.8/site-packages/airflow/example_dags/example_nested_branch_dag.py took 0.145 seconds
[2025-07-14T12:43:50.597+0000] {processor.py:161} INFO - Started process (PID=1307) to work on /home/airflow/.local/lib/python3.8/site-packages/airflow/example_dags/example_nested_branch_dag.py
[2025-07-14T12:43:50.599+0000] {processor.py:830} INFO - Processing file /home/airflow/.local/lib/python3.8/site-packages/airflow/example_dags/example_nested_branch_dag.py for tasks to queue
[2025-07-14T12:43:50.605+0000] {logging_mixin.py:188} INFO - [2025-07-14T12:43:50.604+0000] {dagbag.py:538} INFO - Filling up the DagBag from /home/airflow/.local/lib/python3.8/site-packages/airflow/example_dags/example_nested_branch_dag.py
[2025-07-14T12:43:50.640+0000] {processor.py:840} INFO - DAG(s) 'example_nested_branch_dag' retrieved from /home/airflow/.local/lib/python3.8/site-packages/airflow/example_dags/example_nested_branch_dag.py
[2025-07-14T12:43:50.716+0000] {logging_mixin.py:188} INFO - [2025-07-14T12:43:50.716+0000] {dag.py:3036} INFO - Sync 1 DAGs
[2025-07-14T12:43:50.782+0000] {logging_mixin.py:188} INFO - [2025-07-14T12:43:50.781+0000] {dag.py:3823} INFO - Setting next_dagrun for example_nested_branch_dag to 2025-07-13 00:00:00+00:00, run_after=2025-07-14 00:00:00+00:00
[2025-07-14T12:43:50.820+0000] {processor.py:183} INFO - Processing /home/airflow/.local/lib/python3.8/site-packages/airflow/example_dags/example_nested_branch_dag.py took 0.229 seconds
[2025-07-14T12:44:21.750+0000] {processor.py:161} INFO - Started process (PID=1367) to work on /home/airflow/.local/lib/python3.8/site-packages/airflow/example_dags/example_nested_branch_dag.py
[2025-07-14T12:44:21.752+0000] {processor.py:830} INFO - Processing file /home/airflow/.local/lib/python3.8/site-packages/airflow/example_dags/example_nested_branch_dag.py for tasks to queue
[2025-07-14T12:44:21.759+0000] {logging_mixin.py:188} INFO - [2025-07-14T12:44:21.758+0000] {dagbag.py:538} INFO - Filling up the DagBag from /home/airflow/.local/lib/python3.8/site-packages/airflow/example_dags/example_nested_branch_dag.py
[2025-07-14T12:44:21.778+0000] {processor.py:840} INFO - DAG(s) 'example_nested_branch_dag' retrieved from /home/airflow/.local/lib/python3.8/site-packages/airflow/example_dags/example_nested_branch_dag.py
[2025-07-14T12:44:21.817+0000] {logging_mixin.py:188} INFO - [2025-07-14T12:44:21.816+0000] {dag.py:3036} INFO - Sync 1 DAGs
[2025-07-14T12:44:21.865+0000] {logging_mixin.py:188} INFO - [2025-07-14T12:44:21.862+0000] {dag.py:3823} INFO - Setting next_dagrun for example_nested_branch_dag to 2025-07-13 00:00:00+00:00, run_after=2025-07-14 00:00:00+00:00
[2025-07-14T12:44:21.901+0000] {processor.py:183} INFO - Processing /home/airflow/.local/lib/python3.8/site-packages/airflow/example_dags/example_nested_branch_dag.py took 0.160 seconds
[2025-07-14T12:44:52.841+0000] {processor.py:161} INFO - Started process (PID=1427) to work on /home/airflow/.local/lib/python3.8/site-packages/airflow/example_dags/example_nested_branch_dag.py
[2025-07-14T12:44:52.843+0000] {processor.py:830} INFO - Processing file /home/airflow/.local/lib/python3.8/site-packages/airflow/example_dags/example_nested_branch_dag.py for tasks to queue
[2025-07-14T12:44:52.847+0000] {logging_mixin.py:188} INFO - [2025-07-14T12:44:52.846+0000] {dagbag.py:538} INFO - Filling up the DagBag from /home/airflow/.local/lib/python3.8/site-packages/airflow/example_dags/example_nested_branch_dag.py
[2025-07-14T12:44:52.871+0000] {processor.py:840} INFO - DAG(s) 'example_nested_branch_dag' retrieved from /home/airflow/.local/lib/python3.8/site-packages/airflow/example_dags/example_nested_branch_dag.py
[2025-07-14T12:44:52.916+0000] {logging_mixin.py:188} INFO - [2025-07-14T12:44:52.916+0000] {dag.py:3036} INFO - Sync 1 DAGs
[2025-07-14T12:44:52.970+0000] {logging_mixin.py:188} INFO - [2025-07-14T12:44:52.970+0000] {dag.py:3823} INFO - Setting next_dagrun for example_nested_branch_dag to 2025-07-13 00:00:00+00:00, run_after=2025-07-14 00:00:00+00:00
[2025-07-14T12:44:53.016+0000] {processor.py:183} INFO - Processing /home/airflow/.local/lib/python3.8/site-packages/airflow/example_dags/example_nested_branch_dag.py took 0.181 seconds
[2025-07-14T12:45:23.200+0000] {processor.py:161} INFO - Started process (PID=1487) to work on /home/airflow/.local/lib/python3.8/site-packages/airflow/example_dags/example_nested_branch_dag.py
[2025-07-14T12:45:23.201+0000] {processor.py:830} INFO - Processing file /home/airflow/.local/lib/python3.8/site-packages/airflow/example_dags/example_nested_branch_dag.py for tasks to queue
[2025-07-14T12:45:23.204+0000] {logging_mixin.py:188} INFO - [2025-07-14T12:45:23.204+0000] {dagbag.py:538} INFO - Filling up the DagBag from /home/airflow/.local/lib/python3.8/site-packages/airflow/example_dags/example_nested_branch_dag.py
[2025-07-14T12:45:23.226+0000] {processor.py:840} INFO - DAG(s) 'example_nested_branch_dag' retrieved from /home/airflow/.local/lib/python3.8/site-packages/airflow/example_dags/example_nested_branch_dag.py
[2025-07-14T12:45:23.267+0000] {logging_mixin.py:188} INFO - [2025-07-14T12:45:23.267+0000] {dag.py:3036} INFO - Sync 1 DAGs
[2025-07-14T12:45:23.307+0000] {logging_mixin.py:188} INFO - [2025-07-14T12:45:23.306+0000] {dag.py:3823} INFO - Setting next_dagrun for example_nested_branch_dag to 2025-07-13 00:00:00+00:00, run_after=2025-07-14 00:00:00+00:00
[2025-07-14T12:45:23.340+0000] {processor.py:183} INFO - Processing /home/airflow/.local/lib/python3.8/site-packages/airflow/example_dags/example_nested_branch_dag.py took 0.145 seconds
[2025-07-14T12:45:53.517+0000] {processor.py:161} INFO - Started process (PID=1547) to work on /home/airflow/.local/lib/python3.8/site-packages/airflow/example_dags/example_nested_branch_dag.py
[2025-07-14T12:45:53.519+0000] {processor.py:830} INFO - Processing file /home/airflow/.local/lib/python3.8/site-packages/airflow/example_dags/example_nested_branch_dag.py for tasks to queue
[2025-07-14T12:45:53.521+0000] {logging_mixin.py:188} INFO - [2025-07-14T12:45:53.521+0000] {dagbag.py:538} INFO - Filling up the DagBag from /home/airflow/.local/lib/python3.8/site-packages/airflow/example_dags/example_nested_branch_dag.py
[2025-07-14T12:45:53.538+0000] {processor.py:840} INFO - DAG(s) 'example_nested_branch_dag' retrieved from /home/airflow/.local/lib/python3.8/site-packages/airflow/example_dags/example_nested_branch_dag.py
[2025-07-14T12:45:53.576+0000] {logging_mixin.py:188} INFO - [2025-07-14T12:45:53.576+0000] {dag.py:3036} INFO - Sync 1 DAGs
[2025-07-14T12:45:53.619+0000] {logging_mixin.py:188} INFO - [2025-07-14T12:45:53.619+0000] {dag.py:3823} INFO - Setting next_dagrun for example_nested_branch_dag to 2025-07-13 00:00:00+00:00, run_after=2025-07-14 00:00:00+00:00
[2025-07-14T12:45:53.658+0000] {processor.py:183} INFO - Processing /home/airflow/.local/lib/python3.8/site-packages/airflow/example_dags/example_nested_branch_dag.py took 0.146 seconds
[2025-07-14T12:46:24.235+0000] {processor.py:161} INFO - Started process (PID=1607) to work on /home/airflow/.local/lib/python3.8/site-packages/airflow/example_dags/example_nested_branch_dag.py
[2025-07-14T12:46:24.237+0000] {processor.py:830} INFO - Processing file /home/airflow/.local/lib/python3.8/site-packages/airflow/example_dags/example_nested_branch_dag.py for tasks to queue
[2025-07-14T12:46:24.240+0000] {logging_mixin.py:188} INFO - [2025-07-14T12:46:24.240+0000] {dagbag.py:538} INFO - Filling up the DagBag from /home/airflow/.local/lib/python3.8/site-packages/airflow/example_dags/example_nested_branch_dag.py
[2025-07-14T12:46:24.257+0000] {processor.py:840} INFO - DAG(s) 'example_nested_branch_dag' retrieved from /home/airflow/.local/lib/python3.8/site-packages/airflow/example_dags/example_nested_branch_dag.py
[2025-07-14T12:46:24.303+0000] {logging_mixin.py:188} INFO - [2025-07-14T12:46:24.302+0000] {dag.py:3036} INFO - Sync 1 DAGs
[2025-07-14T12:46:24.346+0000] {logging_mixin.py:188} INFO - [2025-07-14T12:46:24.346+0000] {dag.py:3823} INFO - Setting next_dagrun for example_nested_branch_dag to 2025-07-13 00:00:00+00:00, run_after=2025-07-14 00:00:00+00:00
[2025-07-14T12:46:24.381+0000] {processor.py:183} INFO - Processing /home/airflow/.local/lib/python3.8/site-packages/airflow/example_dags/example_nested_branch_dag.py took 0.151 seconds
[2025-07-14T12:46:55.433+0000] {processor.py:161} INFO - Started process (PID=1667) to work on /home/airflow/.local/lib/python3.8/site-packages/airflow/example_dags/example_nested_branch_dag.py
[2025-07-14T12:46:55.435+0000] {processor.py:830} INFO - Processing file /home/airflow/.local/lib/python3.8/site-packages/airflow/example_dags/example_nested_branch_dag.py for tasks to queue
[2025-07-14T12:46:55.440+0000] {logging_mixin.py:188} INFO - [2025-07-14T12:46:55.440+0000] {dagbag.py:538} INFO - Filling up the DagBag from /home/airflow/.local/lib/python3.8/site-packages/airflow/example_dags/example_nested_branch_dag.py
[2025-07-14T12:46:55.467+0000] {processor.py:840} INFO - DAG(s) 'example_nested_branch_dag' retrieved from /home/airflow/.local/lib/python3.8/site-packages/airflow/example_dags/example_nested_branch_dag.py
[2025-07-14T12:46:55.545+0000] {logging_mixin.py:188} INFO - [2025-07-14T12:46:55.545+0000] {dag.py:3036} INFO - Sync 1 DAGs
[2025-07-14T12:46:55.586+0000] {logging_mixin.py:188} INFO - [2025-07-14T12:46:55.585+0000] {dag.py:3823} INFO - Setting next_dagrun for example_nested_branch_dag to 2025-07-13 00:00:00+00:00, run_after=2025-07-14 00:00:00+00:00
[2025-07-14T12:46:55.617+0000] {processor.py:183} INFO - Processing /home/airflow/.local/lib/python3.8/site-packages/airflow/example_dags/example_nested_branch_dag.py took 0.190 seconds
[2025-07-14T12:47:28.019+0000] {processor.py:161} INFO - Started process (PID=1727) to work on /home/airflow/.local/lib/python3.8/site-packages/airflow/example_dags/example_nested_branch_dag.py
[2025-07-14T12:47:28.021+0000] {processor.py:830} INFO - Processing file /home/airflow/.local/lib/python3.8/site-packages/airflow/example_dags/example_nested_branch_dag.py for tasks to queue
[2025-07-14T12:47:28.024+0000] {logging_mixin.py:188} INFO - [2025-07-14T12:47:28.023+0000] {dagbag.py:538} INFO - Filling up the DagBag from /home/airflow/.local/lib/python3.8/site-packages/airflow/example_dags/example_nested_branch_dag.py
[2025-07-14T12:47:28.044+0000] {processor.py:840} INFO - DAG(s) 'example_nested_branch_dag' retrieved from /home/airflow/.local/lib/python3.8/site-packages/airflow/example_dags/example_nested_branch_dag.py
[2025-07-14T12:47:28.098+0000] {logging_mixin.py:188} INFO - [2025-07-14T12:47:28.098+0000] {dag.py:3036} INFO - Sync 1 DAGs
[2025-07-14T12:47:28.163+0000] {logging_mixin.py:188} INFO - [2025-07-14T12:47:28.162+0000] {dag.py:3823} INFO - Setting next_dagrun for example_nested_branch_dag to 2025-07-13 00:00:00+00:00, run_after=2025-07-14 00:00:00+00:00
[2025-07-14T12:47:28.206+0000] {processor.py:183} INFO - Processing /home/airflow/.local/lib/python3.8/site-packages/airflow/example_dags/example_nested_branch_dag.py took 0.195 seconds
[2025-07-14T12:47:59.448+0000] {processor.py:161} INFO - Started process (PID=1786) to work on /home/airflow/.local/lib/python3.8/site-packages/airflow/example_dags/example_nested_branch_dag.py
[2025-07-14T12:47:59.451+0000] {processor.py:830} INFO - Processing file /home/airflow/.local/lib/python3.8/site-packages/airflow/example_dags/example_nested_branch_dag.py for tasks to queue
[2025-07-14T12:47:59.457+0000] {logging_mixin.py:188} INFO - [2025-07-14T12:47:59.456+0000] {dagbag.py:538} INFO - Filling up the DagBag from /home/airflow/.local/lib/python3.8/site-packages/airflow/example_dags/example_nested_branch_dag.py
[2025-07-14T12:47:59.479+0000] {processor.py:840} INFO - DAG(s) 'example_nested_branch_dag' retrieved from /home/airflow/.local/lib/python3.8/site-packages/airflow/example_dags/example_nested_branch_dag.py
[2025-07-14T12:47:59.537+0000] {logging_mixin.py:188} INFO - [2025-07-14T12:47:59.537+0000] {dag.py:3036} INFO - Sync 1 DAGs
[2025-07-14T12:47:59.589+0000] {logging_mixin.py:188} INFO - [2025-07-14T12:47:59.588+0000] {dag.py:3823} INFO - Setting next_dagrun for example_nested_branch_dag to 2025-07-13 00:00:00+00:00, run_after=2025-07-14 00:00:00+00:00
[2025-07-14T12:47:59.624+0000] {processor.py:183} INFO - Processing /home/airflow/.local/lib/python3.8/site-packages/airflow/example_dags/example_nested_branch_dag.py took 0.182 seconds
[2025-07-14T12:48:30.890+0000] {processor.py:161} INFO - Started process (PID=1846) to work on /home/airflow/.local/lib/python3.8/site-packages/airflow/example_dags/example_nested_branch_dag.py
[2025-07-14T12:48:30.892+0000] {processor.py:830} INFO - Processing file /home/airflow/.local/lib/python3.8/site-packages/airflow/example_dags/example_nested_branch_dag.py for tasks to queue
[2025-07-14T12:48:30.897+0000] {logging_mixin.py:188} INFO - [2025-07-14T12:48:30.896+0000] {dagbag.py:538} INFO - Filling up the DagBag from /home/airflow/.local/lib/python3.8/site-packages/airflow/example_dags/example_nested_branch_dag.py
[2025-07-14T12:48:30.927+0000] {processor.py:840} INFO - DAG(s) 'example_nested_branch_dag' retrieved from /home/airflow/.local/lib/python3.8/site-packages/airflow/example_dags/example_nested_branch_dag.py
[2025-07-14T12:48:30.980+0000] {logging_mixin.py:188} INFO - [2025-07-14T12:48:30.979+0000] {dag.py:3036} INFO - Sync 1 DAGs
[2025-07-14T12:48:31.043+0000] {logging_mixin.py:188} INFO - [2025-07-14T12:48:31.042+0000] {dag.py:3823} INFO - Setting next_dagrun for example_nested_branch_dag to 2025-07-13 00:00:00+00:00, run_after=2025-07-14 00:00:00+00:00
[2025-07-14T12:48:31.085+0000] {processor.py:183} INFO - Processing /home/airflow/.local/lib/python3.8/site-packages/airflow/example_dags/example_nested_branch_dag.py took 0.203 seconds
[2025-07-14T12:49:03.683+0000] {processor.py:161} INFO - Started process (PID=1907) to work on /home/airflow/.local/lib/python3.8/site-packages/airflow/example_dags/example_nested_branch_dag.py
[2025-07-14T12:49:03.876+0000] {processor.py:830} INFO - Processing file /home/airflow/.local/lib/python3.8/site-packages/airflow/example_dags/example_nested_branch_dag.py for tasks to queue
[2025-07-14T12:49:03.881+0000] {logging_mixin.py:188} INFO - [2025-07-14T12:49:03.880+0000] {dagbag.py:538} INFO - Filling up the DagBag from /home/airflow/.local/lib/python3.8/site-packages/airflow/example_dags/example_nested_branch_dag.py
[2025-07-14T12:49:03.918+0000] {processor.py:840} INFO - DAG(s) 'example_nested_branch_dag' retrieved from /home/airflow/.local/lib/python3.8/site-packages/airflow/example_dags/example_nested_branch_dag.py
[2025-07-14T12:49:03.981+0000] {logging_mixin.py:188} INFO - [2025-07-14T12:49:03.980+0000] {dag.py:3036} INFO - Sync 1 DAGs
[2025-07-14T12:49:04.055+0000] {logging_mixin.py:188} INFO - [2025-07-14T12:49:04.048+0000] {dag.py:3823} INFO - Setting next_dagrun for example_nested_branch_dag to 2025-07-13 00:00:00+00:00, run_after=2025-07-14 00:00:00+00:00
[2025-07-14T12:49:04.141+0000] {processor.py:183} INFO - Processing /home/airflow/.local/lib/python3.8/site-packages/airflow/example_dags/example_nested_branch_dag.py took 0.473 seconds
[2025-07-14T12:49:34.217+0000] {processor.py:161} INFO - Started process (PID=1966) to work on /home/airflow/.local/lib/python3.8/site-packages/airflow/example_dags/example_nested_branch_dag.py
[2025-07-14T12:49:34.219+0000] {processor.py:830} INFO - Processing file /home/airflow/.local/lib/python3.8/site-packages/airflow/example_dags/example_nested_branch_dag.py for tasks to queue
[2025-07-14T12:49:34.224+0000] {logging_mixin.py:188} INFO - [2025-07-14T12:49:34.222+0000] {dagbag.py:538} INFO - Filling up the DagBag from /home/airflow/.local/lib/python3.8/site-packages/airflow/example_dags/example_nested_branch_dag.py
[2025-07-14T12:49:34.246+0000] {processor.py:840} INFO - DAG(s) 'example_nested_branch_dag' retrieved from /home/airflow/.local/lib/python3.8/site-packages/airflow/example_dags/example_nested_branch_dag.py
[2025-07-14T12:49:34.295+0000] {logging_mixin.py:188} INFO - [2025-07-14T12:49:34.294+0000] {dag.py:3036} INFO - Sync 1 DAGs
[2025-07-14T12:49:34.359+0000] {logging_mixin.py:188} INFO - [2025-07-14T12:49:34.359+0000] {dag.py:3823} INFO - Setting next_dagrun for example_nested_branch_dag to 2025-07-13 00:00:00+00:00, run_after=2025-07-14 00:00:00+00:00
[2025-07-14T12:49:34.410+0000] {processor.py:183} INFO - Processing /home/airflow/.local/lib/python3.8/site-packages/airflow/example_dags/example_nested_branch_dag.py took 0.200 seconds
[2025-07-14T12:50:04.549+0000] {processor.py:161} INFO - Started process (PID=2024) to work on /home/airflow/.local/lib/python3.8/site-packages/airflow/example_dags/example_nested_branch_dag.py
[2025-07-14T12:50:04.553+0000] {processor.py:830} INFO - Processing file /home/airflow/.local/lib/python3.8/site-packages/airflow/example_dags/example_nested_branch_dag.py for tasks to queue
[2025-07-14T12:50:04.558+0000] {logging_mixin.py:188} INFO - [2025-07-14T12:50:04.557+0000] {dagbag.py:538} INFO - Filling up the DagBag from /home/airflow/.local/lib/python3.8/site-packages/airflow/example_dags/example_nested_branch_dag.py
[2025-07-14T12:50:04.583+0000] {processor.py:840} INFO - DAG(s) 'example_nested_branch_dag' retrieved from /home/airflow/.local/lib/python3.8/site-packages/airflow/example_dags/example_nested_branch_dag.py
[2025-07-14T12:50:04.647+0000] {logging_mixin.py:188} INFO - [2025-07-14T12:50:04.646+0000] {dag.py:3036} INFO - Sync 1 DAGs
[2025-07-14T12:50:04.715+0000] {logging_mixin.py:188} INFO - [2025-07-14T12:50:04.714+0000] {dag.py:3823} INFO - Setting next_dagrun for example_nested_branch_dag to 2025-07-13 00:00:00+00:00, run_after=2025-07-14 00:00:00+00:00
[2025-07-14T12:50:04.764+0000] {processor.py:183} INFO - Processing /home/airflow/.local/lib/python3.8/site-packages/airflow/example_dags/example_nested_branch_dag.py took 0.221 seconds
[2025-07-14T12:50:35.360+0000] {processor.py:161} INFO - Started process (PID=2082) to work on /home/airflow/.local/lib/python3.8/site-packages/airflow/example_dags/example_nested_branch_dag.py
[2025-07-14T12:50:35.365+0000] {processor.py:830} INFO - Processing file /home/airflow/.local/lib/python3.8/site-packages/airflow/example_dags/example_nested_branch_dag.py for tasks to queue
[2025-07-14T12:50:35.566+0000] {logging_mixin.py:188} INFO - [2025-07-14T12:50:35.375+0000] {dagbag.py:538} INFO - Filling up the DagBag from /home/airflow/.local/lib/python3.8/site-packages/airflow/example_dags/example_nested_branch_dag.py
[2025-07-14T12:50:35.773+0000] {processor.py:840} INFO - DAG(s) 'example_nested_branch_dag' retrieved from /home/airflow/.local/lib/python3.8/site-packages/airflow/example_dags/example_nested_branch_dag.py
[2025-07-14T12:50:36.041+0000] {logging_mixin.py:188} INFO - [2025-07-14T12:50:36.041+0000] {dag.py:3036} INFO - Sync 1 DAGs
[2025-07-14T12:50:36.111+0000] {logging_mixin.py:188} INFO - [2025-07-14T12:50:36.110+0000] {dag.py:3823} INFO - Setting next_dagrun for example_nested_branch_dag to 2025-07-13 00:00:00+00:00, run_after=2025-07-14 00:00:00+00:00
[2025-07-14T12:50:36.168+0000] {processor.py:183} INFO - Processing /home/airflow/.local/lib/python3.8/site-packages/airflow/example_dags/example_nested_branch_dag.py took 0.819 seconds
[2025-07-14T12:51:06.519+0000] {processor.py:161} INFO - Started process (PID=2142) to work on /home/airflow/.local/lib/python3.8/site-packages/airflow/example_dags/example_nested_branch_dag.py
[2025-07-14T12:51:06.520+0000] {processor.py:830} INFO - Processing file /home/airflow/.local/lib/python3.8/site-packages/airflow/example_dags/example_nested_branch_dag.py for tasks to queue
[2025-07-14T12:51:06.526+0000] {logging_mixin.py:188} INFO - [2025-07-14T12:51:06.525+0000] {dagbag.py:538} INFO - Filling up the DagBag from /home/airflow/.local/lib/python3.8/site-packages/airflow/example_dags/example_nested_branch_dag.py
[2025-07-14T12:51:06.549+0000] {processor.py:840} INFO - DAG(s) 'example_nested_branch_dag' retrieved from /home/airflow/.local/lib/python3.8/site-packages/airflow/example_dags/example_nested_branch_dag.py
[2025-07-14T12:51:06.602+0000] {logging_mixin.py:188} INFO - [2025-07-14T12:51:06.602+0000] {dag.py:3036} INFO - Sync 1 DAGs
[2025-07-14T12:51:06.681+0000] {logging_mixin.py:188} INFO - [2025-07-14T12:51:06.680+0000] {dag.py:3823} INFO - Setting next_dagrun for example_nested_branch_dag to 2025-07-13 00:00:00+00:00, run_after=2025-07-14 00:00:00+00:00
[2025-07-14T12:51:06.771+0000] {processor.py:183} INFO - Processing /home/airflow/.local/lib/python3.8/site-packages/airflow/example_dags/example_nested_branch_dag.py took 0.265 seconds
[2025-07-14T12:51:37.013+0000] {processor.py:161} INFO - Started process (PID=2202) to work on /home/airflow/.local/lib/python3.8/site-packages/airflow/example_dags/example_nested_branch_dag.py
[2025-07-14T12:51:37.024+0000] {processor.py:830} INFO - Processing file /home/airflow/.local/lib/python3.8/site-packages/airflow/example_dags/example_nested_branch_dag.py for tasks to queue
[2025-07-14T12:51:37.043+0000] {logging_mixin.py:188} INFO - [2025-07-14T12:51:37.042+0000] {dagbag.py:538} INFO - Filling up the DagBag from /home/airflow/.local/lib/python3.8/site-packages/airflow/example_dags/example_nested_branch_dag.py
[2025-07-14T12:51:37.082+0000] {processor.py:840} INFO - DAG(s) 'example_nested_branch_dag' retrieved from /home/airflow/.local/lib/python3.8/site-packages/airflow/example_dags/example_nested_branch_dag.py
[2025-07-14T12:51:37.191+0000] {logging_mixin.py:188} INFO - [2025-07-14T12:51:37.191+0000] {dag.py:3036} INFO - Sync 1 DAGs
[2025-07-14T12:51:37.259+0000] {logging_mixin.py:188} INFO - [2025-07-14T12:51:37.258+0000] {dag.py:3823} INFO - Setting next_dagrun for example_nested_branch_dag to 2025-07-13 00:00:00+00:00, run_after=2025-07-14 00:00:00+00:00
[2025-07-14T12:51:37.330+0000] {processor.py:183} INFO - Processing /home/airflow/.local/lib/python3.8/site-packages/airflow/example_dags/example_nested_branch_dag.py took 0.323 seconds
[2025-07-14T12:52:07.508+0000] {processor.py:161} INFO - Started process (PID=2261) to work on /home/airflow/.local/lib/python3.8/site-packages/airflow/example_dags/example_nested_branch_dag.py
[2025-07-14T12:52:07.521+0000] {processor.py:830} INFO - Processing file /home/airflow/.local/lib/python3.8/site-packages/airflow/example_dags/example_nested_branch_dag.py for tasks to queue
[2025-07-14T12:52:07.529+0000] {logging_mixin.py:188} INFO - [2025-07-14T12:52:07.528+0000] {dagbag.py:538} INFO - Filling up the DagBag from /home/airflow/.local/lib/python3.8/site-packages/airflow/example_dags/example_nested_branch_dag.py
[2025-07-14T12:52:07.573+0000] {processor.py:840} INFO - DAG(s) 'example_nested_branch_dag' retrieved from /home/airflow/.local/lib/python3.8/site-packages/airflow/example_dags/example_nested_branch_dag.py
[2025-07-14T12:52:07.632+0000] {logging_mixin.py:188} INFO - [2025-07-14T12:52:07.632+0000] {dag.py:3036} INFO - Sync 1 DAGs
[2025-07-14T12:52:07.686+0000] {logging_mixin.py:188} INFO - [2025-07-14T12:52:07.686+0000] {dag.py:3823} INFO - Setting next_dagrun for example_nested_branch_dag to 2025-07-13 00:00:00+00:00, run_after=2025-07-14 00:00:00+00:00
[2025-07-14T12:52:07.750+0000] {processor.py:183} INFO - Processing /home/airflow/.local/lib/python3.8/site-packages/airflow/example_dags/example_nested_branch_dag.py took 0.257 seconds
[2025-07-14T12:52:38.107+0000] {processor.py:161} INFO - Started process (PID=2321) to work on /home/airflow/.local/lib/python3.8/site-packages/airflow/example_dags/example_nested_branch_dag.py
[2025-07-14T12:52:38.111+0000] {processor.py:830} INFO - Processing file /home/airflow/.local/lib/python3.8/site-packages/airflow/example_dags/example_nested_branch_dag.py for tasks to queue
[2025-07-14T12:52:38.115+0000] {logging_mixin.py:188} INFO - [2025-07-14T12:52:38.114+0000] {dagbag.py:538} INFO - Filling up the DagBag from /home/airflow/.local/lib/python3.8/site-packages/airflow/example_dags/example_nested_branch_dag.py
[2025-07-14T12:52:38.141+0000] {processor.py:840} INFO - DAG(s) 'example_nested_branch_dag' retrieved from /home/airflow/.local/lib/python3.8/site-packages/airflow/example_dags/example_nested_branch_dag.py
[2025-07-14T12:52:38.204+0000] {logging_mixin.py:188} INFO - [2025-07-14T12:52:38.204+0000] {dag.py:3036} INFO - Sync 1 DAGs
[2025-07-14T12:52:38.269+0000] {logging_mixin.py:188} INFO - [2025-07-14T12:52:38.268+0000] {dag.py:3823} INFO - Setting next_dagrun for example_nested_branch_dag to 2025-07-13 00:00:00+00:00, run_after=2025-07-14 00:00:00+00:00
[2025-07-14T12:52:38.334+0000] {processor.py:183} INFO - Processing /home/airflow/.local/lib/python3.8/site-packages/airflow/example_dags/example_nested_branch_dag.py took 0.233 seconds
[2025-07-14T12:53:08.843+0000] {processor.py:161} INFO - Started process (PID=2381) to work on /home/airflow/.local/lib/python3.8/site-packages/airflow/example_dags/example_nested_branch_dag.py
[2025-07-14T12:53:08.845+0000] {processor.py:830} INFO - Processing file /home/airflow/.local/lib/python3.8/site-packages/airflow/example_dags/example_nested_branch_dag.py for tasks to queue
[2025-07-14T12:53:08.858+0000] {logging_mixin.py:188} INFO - [2025-07-14T12:53:08.858+0000] {dagbag.py:538} INFO - Filling up the DagBag from /home/airflow/.local/lib/python3.8/site-packages/airflow/example_dags/example_nested_branch_dag.py
[2025-07-14T12:53:08.888+0000] {processor.py:840} INFO - DAG(s) 'example_nested_branch_dag' retrieved from /home/airflow/.local/lib/python3.8/site-packages/airflow/example_dags/example_nested_branch_dag.py
[2025-07-14T12:53:08.969+0000] {logging_mixin.py:188} INFO - [2025-07-14T12:53:08.969+0000] {dag.py:3036} INFO - Sync 1 DAGs
[2025-07-14T12:53:09.027+0000] {logging_mixin.py:188} INFO - [2025-07-14T12:53:09.027+0000] {dag.py:3823} INFO - Setting next_dagrun for example_nested_branch_dag to 2025-07-13 00:00:00+00:00, run_after=2025-07-14 00:00:00+00:00
[2025-07-14T12:53:09.100+0000] {processor.py:183} INFO - Processing /home/airflow/.local/lib/python3.8/site-packages/airflow/example_dags/example_nested_branch_dag.py took 0.264 seconds
[2025-07-14T12:53:39.645+0000] {processor.py:161} INFO - Started process (PID=2440) to work on /home/airflow/.local/lib/python3.8/site-packages/airflow/example_dags/example_nested_branch_dag.py
[2025-07-14T12:53:39.647+0000] {processor.py:830} INFO - Processing file /home/airflow/.local/lib/python3.8/site-packages/airflow/example_dags/example_nested_branch_dag.py for tasks to queue
[2025-07-14T12:53:39.651+0000] {logging_mixin.py:188} INFO - [2025-07-14T12:53:39.650+0000] {dagbag.py:538} INFO - Filling up the DagBag from /home/airflow/.local/lib/python3.8/site-packages/airflow/example_dags/example_nested_branch_dag.py
[2025-07-14T12:53:39.670+0000] {processor.py:840} INFO - DAG(s) 'example_nested_branch_dag' retrieved from /home/airflow/.local/lib/python3.8/site-packages/airflow/example_dags/example_nested_branch_dag.py
[2025-07-14T12:53:40.107+0000] {logging_mixin.py:188} INFO - [2025-07-14T12:53:40.107+0000] {dag.py:3036} INFO - Sync 1 DAGs
[2025-07-14T12:53:40.332+0000] {logging_mixin.py:188} INFO - [2025-07-14T12:53:40.332+0000] {dag.py:3823} INFO - Setting next_dagrun for example_nested_branch_dag to 2025-07-13 00:00:00+00:00, run_after=2025-07-14 00:00:00+00:00
[2025-07-14T12:53:40.538+0000] {processor.py:183} INFO - Processing /home/airflow/.local/lib/python3.8/site-packages/airflow/example_dags/example_nested_branch_dag.py took 0.898 seconds
[2025-07-14T12:54:11.050+0000] {processor.py:161} INFO - Started process (PID=2499) to work on /home/airflow/.local/lib/python3.8/site-packages/airflow/example_dags/example_nested_branch_dag.py
[2025-07-14T12:54:11.056+0000] {processor.py:830} INFO - Processing file /home/airflow/.local/lib/python3.8/site-packages/airflow/example_dags/example_nested_branch_dag.py for tasks to queue
[2025-07-14T12:54:11.060+0000] {logging_mixin.py:188} INFO - [2025-07-14T12:54:11.060+0000] {dagbag.py:538} INFO - Filling up the DagBag from /home/airflow/.local/lib/python3.8/site-packages/airflow/example_dags/example_nested_branch_dag.py
[2025-07-14T12:54:11.095+0000] {processor.py:840} INFO - DAG(s) 'example_nested_branch_dag' retrieved from /home/airflow/.local/lib/python3.8/site-packages/airflow/example_dags/example_nested_branch_dag.py
[2025-07-14T12:54:11.218+0000] {logging_mixin.py:188} INFO - [2025-07-14T12:54:11.217+0000] {dag.py:3036} INFO - Sync 1 DAGs
[2025-07-14T12:54:11.301+0000] {logging_mixin.py:188} INFO - [2025-07-14T12:54:11.300+0000] {dag.py:3823} INFO - Setting next_dagrun for example_nested_branch_dag to 2025-07-13 00:00:00+00:00, run_after=2025-07-14 00:00:00+00:00
[2025-07-14T12:54:11.352+0000] {processor.py:183} INFO - Processing /home/airflow/.local/lib/python3.8/site-packages/airflow/example_dags/example_nested_branch_dag.py took 0.315 seconds
[2025-07-14T12:54:41.709+0000] {processor.py:161} INFO - Started process (PID=2560) to work on /home/airflow/.local/lib/python3.8/site-packages/airflow/example_dags/example_nested_branch_dag.py
[2025-07-14T12:54:41.711+0000] {processor.py:830} INFO - Processing file /home/airflow/.local/lib/python3.8/site-packages/airflow/example_dags/example_nested_branch_dag.py for tasks to queue
[2025-07-14T12:54:41.715+0000] {logging_mixin.py:188} INFO - [2025-07-14T12:54:41.714+0000] {dagbag.py:538} INFO - Filling up the DagBag from /home/airflow/.local/lib/python3.8/site-packages/airflow/example_dags/example_nested_branch_dag.py
[2025-07-14T12:54:41.769+0000] {processor.py:840} INFO - DAG(s) 'example_nested_branch_dag' retrieved from /home/airflow/.local/lib/python3.8/site-packages/airflow/example_dags/example_nested_branch_dag.py
[2025-07-14T12:54:41.863+0000] {logging_mixin.py:188} INFO - [2025-07-14T12:54:41.863+0000] {dag.py:3036} INFO - Sync 1 DAGs
[2025-07-14T12:54:41.959+0000] {logging_mixin.py:188} INFO - [2025-07-14T12:54:41.959+0000] {dag.py:3823} INFO - Setting next_dagrun for example_nested_branch_dag to 2025-07-13 00:00:00+00:00, run_after=2025-07-14 00:00:00+00:00
[2025-07-14T12:54:42.018+0000] {processor.py:183} INFO - Processing /home/airflow/.local/lib/python3.8/site-packages/airflow/example_dags/example_nested_branch_dag.py took 0.318 seconds
[2025-07-14T12:55:12.203+0000] {processor.py:161} INFO - Started process (PID=2620) to work on /home/airflow/.local/lib/python3.8/site-packages/airflow/example_dags/example_nested_branch_dag.py
[2025-07-14T12:55:12.205+0000] {processor.py:830} INFO - Processing file /home/airflow/.local/lib/python3.8/site-packages/airflow/example_dags/example_nested_branch_dag.py for tasks to queue
[2025-07-14T12:55:12.208+0000] {logging_mixin.py:188} INFO - [2025-07-14T12:55:12.207+0000] {dagbag.py:538} INFO - Filling up the DagBag from /home/airflow/.local/lib/python3.8/site-packages/airflow/example_dags/example_nested_branch_dag.py
[2025-07-14T12:55:12.404+0000] {processor.py:840} INFO - DAG(s) 'example_nested_branch_dag' retrieved from /home/airflow/.local/lib/python3.8/site-packages/airflow/example_dags/example_nested_branch_dag.py
[2025-07-14T12:55:12.598+0000] {logging_mixin.py:188} INFO - [2025-07-14T12:55:12.598+0000] {dag.py:3036} INFO - Sync 1 DAGs
[2025-07-14T12:55:12.846+0000] {logging_mixin.py:188} INFO - [2025-07-14T12:55:12.845+0000] {dag.py:3823} INFO - Setting next_dagrun for example_nested_branch_dag to 2025-07-13 00:00:00+00:00, run_after=2025-07-14 00:00:00+00:00
[2025-07-14T12:55:13.030+0000] {processor.py:183} INFO - Processing /home/airflow/.local/lib/python3.8/site-packages/airflow/example_dags/example_nested_branch_dag.py took 0.833 seconds
[2025-07-14T12:55:43.767+0000] {processor.py:161} INFO - Started process (PID=2679) to work on /home/airflow/.local/lib/python3.8/site-packages/airflow/example_dags/example_nested_branch_dag.py
[2025-07-14T12:55:43.772+0000] {processor.py:830} INFO - Processing file /home/airflow/.local/lib/python3.8/site-packages/airflow/example_dags/example_nested_branch_dag.py for tasks to queue
[2025-07-14T12:55:43.781+0000] {logging_mixin.py:188} INFO - [2025-07-14T12:55:43.780+0000] {dagbag.py:538} INFO - Filling up the DagBag from /home/airflow/.local/lib/python3.8/site-packages/airflow/example_dags/example_nested_branch_dag.py
[2025-07-14T12:55:43.814+0000] {processor.py:840} INFO - DAG(s) 'example_nested_branch_dag' retrieved from /home/airflow/.local/lib/python3.8/site-packages/airflow/example_dags/example_nested_branch_dag.py
[2025-07-14T12:55:43.885+0000] {logging_mixin.py:188} INFO - [2025-07-14T12:55:43.885+0000] {dag.py:3036} INFO - Sync 1 DAGs
[2025-07-14T12:55:44.201+0000] {logging_mixin.py:188} INFO - [2025-07-14T12:55:44.201+0000] {dag.py:3823} INFO - Setting next_dagrun for example_nested_branch_dag to 2025-07-13 00:00:00+00:00, run_after=2025-07-14 00:00:00+00:00
[2025-07-14T12:55:44.241+0000] {processor.py:183} INFO - Processing /home/airflow/.local/lib/python3.8/site-packages/airflow/example_dags/example_nested_branch_dag.py took 0.482 seconds
[2025-07-14T12:56:14.314+0000] {processor.py:161} INFO - Started process (PID=2740) to work on /home/airflow/.local/lib/python3.8/site-packages/airflow/example_dags/example_nested_branch_dag.py
[2025-07-14T12:56:14.315+0000] {processor.py:830} INFO - Processing file /home/airflow/.local/lib/python3.8/site-packages/airflow/example_dags/example_nested_branch_dag.py for tasks to queue
[2025-07-14T12:56:14.319+0000] {logging_mixin.py:188} INFO - [2025-07-14T12:56:14.318+0000] {dagbag.py:538} INFO - Filling up the DagBag from /home/airflow/.local/lib/python3.8/site-packages/airflow/example_dags/example_nested_branch_dag.py
[2025-07-14T12:56:14.337+0000] {processor.py:840} INFO - DAG(s) 'example_nested_branch_dag' retrieved from /home/airflow/.local/lib/python3.8/site-packages/airflow/example_dags/example_nested_branch_dag.py
[2025-07-14T12:56:14.378+0000] {logging_mixin.py:188} INFO - [2025-07-14T12:56:14.377+0000] {dag.py:3036} INFO - Sync 1 DAGs
[2025-07-14T12:56:14.426+0000] {logging_mixin.py:188} INFO - [2025-07-14T12:56:14.426+0000] {dag.py:3823} INFO - Setting next_dagrun for example_nested_branch_dag to 2025-07-13 00:00:00+00:00, run_after=2025-07-14 00:00:00+00:00
[2025-07-14T12:56:14.459+0000] {processor.py:183} INFO - Processing /home/airflow/.local/lib/python3.8/site-packages/airflow/example_dags/example_nested_branch_dag.py took 0.152 seconds
[2025-07-14T12:56:44.616+0000] {processor.py:161} INFO - Started process (PID=2799) to work on /home/airflow/.local/lib/python3.8/site-packages/airflow/example_dags/example_nested_branch_dag.py
[2025-07-14T12:56:44.622+0000] {processor.py:830} INFO - Processing file /home/airflow/.local/lib/python3.8/site-packages/airflow/example_dags/example_nested_branch_dag.py for tasks to queue
[2025-07-14T12:56:44.627+0000] {logging_mixin.py:188} INFO - [2025-07-14T12:56:44.626+0000] {dagbag.py:538} INFO - Filling up the DagBag from /home/airflow/.local/lib/python3.8/site-packages/airflow/example_dags/example_nested_branch_dag.py
[2025-07-14T12:56:44.658+0000] {processor.py:840} INFO - DAG(s) 'example_nested_branch_dag' retrieved from /home/airflow/.local/lib/python3.8/site-packages/airflow/example_dags/example_nested_branch_dag.py
[2025-07-14T12:56:44.714+0000] {logging_mixin.py:188} INFO - [2025-07-14T12:56:44.713+0000] {dag.py:3036} INFO - Sync 1 DAGs
[2025-07-14T12:56:44.786+0000] {logging_mixin.py:188} INFO - [2025-07-14T12:56:44.786+0000] {dag.py:3823} INFO - Setting next_dagrun for example_nested_branch_dag to 2025-07-13 00:00:00+00:00, run_after=2025-07-14 00:00:00+00:00
[2025-07-14T12:56:44.862+0000] {processor.py:183} INFO - Processing /home/airflow/.local/lib/python3.8/site-packages/airflow/example_dags/example_nested_branch_dag.py took 0.253 seconds
[2025-07-14T12:57:15.021+0000] {processor.py:161} INFO - Started process (PID=2858) to work on /home/airflow/.local/lib/python3.8/site-packages/airflow/example_dags/example_nested_branch_dag.py
[2025-07-14T12:57:15.024+0000] {processor.py:830} INFO - Processing file /home/airflow/.local/lib/python3.8/site-packages/airflow/example_dags/example_nested_branch_dag.py for tasks to queue
[2025-07-14T12:57:15.028+0000] {logging_mixin.py:188} INFO - [2025-07-14T12:57:15.027+0000] {dagbag.py:538} INFO - Filling up the DagBag from /home/airflow/.local/lib/python3.8/site-packages/airflow/example_dags/example_nested_branch_dag.py
[2025-07-14T12:57:15.073+0000] {processor.py:840} INFO - DAG(s) 'example_nested_branch_dag' retrieved from /home/airflow/.local/lib/python3.8/site-packages/airflow/example_dags/example_nested_branch_dag.py
[2025-07-14T12:57:15.151+0000] {logging_mixin.py:188} INFO - [2025-07-14T12:57:15.150+0000] {dag.py:3036} INFO - Sync 1 DAGs
[2025-07-14T12:57:15.207+0000] {logging_mixin.py:188} INFO - [2025-07-14T12:57:15.207+0000] {dag.py:3823} INFO - Setting next_dagrun for example_nested_branch_dag to 2025-07-13 00:00:00+00:00, run_after=2025-07-14 00:00:00+00:00
[2025-07-14T12:57:15.274+0000] {processor.py:183} INFO - Processing /home/airflow/.local/lib/python3.8/site-packages/airflow/example_dags/example_nested_branch_dag.py took 0.260 seconds
[2025-07-14T12:57:45.631+0000] {processor.py:161} INFO - Started process (PID=2915) to work on /home/airflow/.local/lib/python3.8/site-packages/airflow/example_dags/example_nested_branch_dag.py
[2025-07-14T12:57:45.633+0000] {processor.py:830} INFO - Processing file /home/airflow/.local/lib/python3.8/site-packages/airflow/example_dags/example_nested_branch_dag.py for tasks to queue
[2025-07-14T12:57:45.638+0000] {logging_mixin.py:188} INFO - [2025-07-14T12:57:45.637+0000] {dagbag.py:538} INFO - Filling up the DagBag from /home/airflow/.local/lib/python3.8/site-packages/airflow/example_dags/example_nested_branch_dag.py
[2025-07-14T12:57:45.675+0000] {processor.py:840} INFO - DAG(s) 'example_nested_branch_dag' retrieved from /home/airflow/.local/lib/python3.8/site-packages/airflow/example_dags/example_nested_branch_dag.py
[2025-07-14T12:57:46.002+0000] {logging_mixin.py:188} INFO - [2025-07-14T12:57:46.001+0000] {dag.py:3036} INFO - Sync 1 DAGs
[2025-07-14T12:57:46.040+0000] {logging_mixin.py:188} INFO - [2025-07-14T12:57:46.040+0000] {dag.py:3823} INFO - Setting next_dagrun for example_nested_branch_dag to 2025-07-13 00:00:00+00:00, run_after=2025-07-14 00:00:00+00:00
[2025-07-14T12:57:46.075+0000] {processor.py:183} INFO - Processing /home/airflow/.local/lib/python3.8/site-packages/airflow/example_dags/example_nested_branch_dag.py took 0.451 seconds
[2025-07-14T12:58:16.658+0000] {processor.py:161} INFO - Started process (PID=2975) to work on /home/airflow/.local/lib/python3.8/site-packages/airflow/example_dags/example_nested_branch_dag.py
[2025-07-14T12:58:16.661+0000] {processor.py:830} INFO - Processing file /home/airflow/.local/lib/python3.8/site-packages/airflow/example_dags/example_nested_branch_dag.py for tasks to queue
[2025-07-14T12:58:16.666+0000] {logging_mixin.py:188} INFO - [2025-07-14T12:58:16.666+0000] {dagbag.py:538} INFO - Filling up the DagBag from /home/airflow/.local/lib/python3.8/site-packages/airflow/example_dags/example_nested_branch_dag.py
[2025-07-14T12:58:16.696+0000] {processor.py:840} INFO - DAG(s) 'example_nested_branch_dag' retrieved from /home/airflow/.local/lib/python3.8/site-packages/airflow/example_dags/example_nested_branch_dag.py
[2025-07-14T12:58:16.765+0000] {logging_mixin.py:188} INFO - [2025-07-14T12:58:16.764+0000] {dag.py:3036} INFO - Sync 1 DAGs
[2025-07-14T12:58:17.071+0000] {logging_mixin.py:188} INFO - [2025-07-14T12:58:17.071+0000] {dag.py:3823} INFO - Setting next_dagrun for example_nested_branch_dag to 2025-07-13 00:00:00+00:00, run_after=2025-07-14 00:00:00+00:00
[2025-07-14T12:58:17.142+0000] {processor.py:183} INFO - Processing /home/airflow/.local/lib/python3.8/site-packages/airflow/example_dags/example_nested_branch_dag.py took 0.491 seconds
[2025-07-14T12:58:47.215+0000] {processor.py:161} INFO - Started process (PID=3034) to work on /home/airflow/.local/lib/python3.8/site-packages/airflow/example_dags/example_nested_branch_dag.py
[2025-07-14T12:58:47.218+0000] {processor.py:830} INFO - Processing file /home/airflow/.local/lib/python3.8/site-packages/airflow/example_dags/example_nested_branch_dag.py for tasks to queue
[2025-07-14T12:58:47.227+0000] {logging_mixin.py:188} INFO - [2025-07-14T12:58:47.226+0000] {dagbag.py:538} INFO - Filling up the DagBag from /home/airflow/.local/lib/python3.8/site-packages/airflow/example_dags/example_nested_branch_dag.py
[2025-07-14T12:58:47.279+0000] {processor.py:840} INFO - DAG(s) 'example_nested_branch_dag' retrieved from /home/airflow/.local/lib/python3.8/site-packages/airflow/example_dags/example_nested_branch_dag.py
[2025-07-14T12:58:47.339+0000] {logging_mixin.py:188} INFO - [2025-07-14T12:58:47.339+0000] {dag.py:3036} INFO - Sync 1 DAGs
[2025-07-14T12:58:47.827+0000] {logging_mixin.py:188} INFO - [2025-07-14T12:58:47.826+0000] {dag.py:3823} INFO - Setting next_dagrun for example_nested_branch_dag to 2025-07-13 00:00:00+00:00, run_after=2025-07-14 00:00:00+00:00
[2025-07-14T12:58:47.898+0000] {processor.py:183} INFO - Processing /home/airflow/.local/lib/python3.8/site-packages/airflow/example_dags/example_nested_branch_dag.py took 0.690 seconds
[2025-07-14T12:59:18.032+0000] {processor.py:161} INFO - Started process (PID=3093) to work on /home/airflow/.local/lib/python3.8/site-packages/airflow/example_dags/example_nested_branch_dag.py
[2025-07-14T12:59:18.033+0000] {processor.py:830} INFO - Processing file /home/airflow/.local/lib/python3.8/site-packages/airflow/example_dags/example_nested_branch_dag.py for tasks to queue
[2025-07-14T12:59:18.042+0000] {logging_mixin.py:188} INFO - [2025-07-14T12:59:18.039+0000] {dagbag.py:538} INFO - Filling up the DagBag from /home/airflow/.local/lib/python3.8/site-packages/airflow/example_dags/example_nested_branch_dag.py
[2025-07-14T12:59:18.064+0000] {processor.py:840} INFO - DAG(s) 'example_nested_branch_dag' retrieved from /home/airflow/.local/lib/python3.8/site-packages/airflow/example_dags/example_nested_branch_dag.py
[2025-07-14T12:59:18.114+0000] {logging_mixin.py:188} INFO - [2025-07-14T12:59:18.114+0000] {dag.py:3036} INFO - Sync 1 DAGs
[2025-07-14T12:59:18.170+0000] {logging_mixin.py:188} INFO - [2025-07-14T12:59:18.169+0000] {dag.py:3823} INFO - Setting next_dagrun for example_nested_branch_dag to 2025-07-13 00:00:00+00:00, run_after=2025-07-14 00:00:00+00:00
[2025-07-14T12:59:18.253+0000] {processor.py:183} INFO - Processing /home/airflow/.local/lib/python3.8/site-packages/airflow/example_dags/example_nested_branch_dag.py took 0.227 seconds
[2025-07-14T12:59:48.324+0000] {processor.py:161} INFO - Started process (PID=3153) to work on /home/airflow/.local/lib/python3.8/site-packages/airflow/example_dags/example_nested_branch_dag.py
[2025-07-14T12:59:48.326+0000] {processor.py:830} INFO - Processing file /home/airflow/.local/lib/python3.8/site-packages/airflow/example_dags/example_nested_branch_dag.py for tasks to queue
[2025-07-14T12:59:48.329+0000] {logging_mixin.py:188} INFO - [2025-07-14T12:59:48.329+0000] {dagbag.py:538} INFO - Filling up the DagBag from /home/airflow/.local/lib/python3.8/site-packages/airflow/example_dags/example_nested_branch_dag.py
[2025-07-14T12:59:48.352+0000] {processor.py:840} INFO - DAG(s) 'example_nested_branch_dag' retrieved from /home/airflow/.local/lib/python3.8/site-packages/airflow/example_dags/example_nested_branch_dag.py
[2025-07-14T12:59:48.414+0000] {logging_mixin.py:188} INFO - [2025-07-14T12:59:48.413+0000] {dag.py:3036} INFO - Sync 1 DAGs
[2025-07-14T12:59:48.502+0000] {logging_mixin.py:188} INFO - [2025-07-14T12:59:48.502+0000] {dag.py:3823} INFO - Setting next_dagrun for example_nested_branch_dag to 2025-07-13 00:00:00+00:00, run_after=2025-07-14 00:00:00+00:00
[2025-07-14T12:59:48.593+0000] {processor.py:183} INFO - Processing /home/airflow/.local/lib/python3.8/site-packages/airflow/example_dags/example_nested_branch_dag.py took 0.274 seconds
[2025-07-14T13:00:19.082+0000] {processor.py:161} INFO - Started process (PID=3214) to work on /home/airflow/.local/lib/python3.8/site-packages/airflow/example_dags/example_nested_branch_dag.py
[2025-07-14T13:00:19.086+0000] {processor.py:830} INFO - Processing file /home/airflow/.local/lib/python3.8/site-packages/airflow/example_dags/example_nested_branch_dag.py for tasks to queue
[2025-07-14T13:00:19.091+0000] {logging_mixin.py:188} INFO - [2025-07-14T13:00:19.091+0000] {dagbag.py:538} INFO - Filling up the DagBag from /home/airflow/.local/lib/python3.8/site-packages/airflow/example_dags/example_nested_branch_dag.py
[2025-07-14T13:00:19.125+0000] {processor.py:840} INFO - DAG(s) 'example_nested_branch_dag' retrieved from /home/airflow/.local/lib/python3.8/site-packages/airflow/example_dags/example_nested_branch_dag.py
[2025-07-14T13:00:19.201+0000] {logging_mixin.py:188} INFO - [2025-07-14T13:00:19.199+0000] {dag.py:3036} INFO - Sync 1 DAGs
[2025-07-14T13:00:19.301+0000] {logging_mixin.py:188} INFO - [2025-07-14T13:00:19.299+0000] {dag.py:3823} INFO - Setting next_dagrun for example_nested_branch_dag to 2025-07-13 00:00:00+00:00, run_after=2025-07-14 00:00:00+00:00
[2025-07-14T13:00:19.366+0000] {processor.py:183} INFO - Processing /home/airflow/.local/lib/python3.8/site-packages/airflow/example_dags/example_nested_branch_dag.py took 0.290 seconds
[2025-07-14T13:00:49.526+0000] {processor.py:161} INFO - Started process (PID=3274) to work on /home/airflow/.local/lib/python3.8/site-packages/airflow/example_dags/example_nested_branch_dag.py
[2025-07-14T13:00:49.527+0000] {processor.py:830} INFO - Processing file /home/airflow/.local/lib/python3.8/site-packages/airflow/example_dags/example_nested_branch_dag.py for tasks to queue
[2025-07-14T13:00:49.530+0000] {logging_mixin.py:188} INFO - [2025-07-14T13:00:49.530+0000] {dagbag.py:538} INFO - Filling up the DagBag from /home/airflow/.local/lib/python3.8/site-packages/airflow/example_dags/example_nested_branch_dag.py
[2025-07-14T13:00:49.544+0000] {processor.py:840} INFO - DAG(s) 'example_nested_branch_dag' retrieved from /home/airflow/.local/lib/python3.8/site-packages/airflow/example_dags/example_nested_branch_dag.py
[2025-07-14T13:00:49.578+0000] {logging_mixin.py:188} INFO - [2025-07-14T13:00:49.578+0000] {dag.py:3036} INFO - Sync 1 DAGs
[2025-07-14T13:00:49.614+0000] {logging_mixin.py:188} INFO - [2025-07-14T13:00:49.614+0000] {dag.py:3823} INFO - Setting next_dagrun for example_nested_branch_dag to 2025-07-13 00:00:00+00:00, run_after=2025-07-14 00:00:00+00:00
[2025-07-14T13:00:49.640+0000] {processor.py:183} INFO - Processing /home/airflow/.local/lib/python3.8/site-packages/airflow/example_dags/example_nested_branch_dag.py took 0.119 seconds
[2025-07-14T13:01:19.720+0000] {processor.py:161} INFO - Started process (PID=3334) to work on /home/airflow/.local/lib/python3.8/site-packages/airflow/example_dags/example_nested_branch_dag.py
[2025-07-14T13:01:19.723+0000] {processor.py:830} INFO - Processing file /home/airflow/.local/lib/python3.8/site-packages/airflow/example_dags/example_nested_branch_dag.py for tasks to queue
[2025-07-14T13:01:19.726+0000] {logging_mixin.py:188} INFO - [2025-07-14T13:01:19.725+0000] {dagbag.py:538} INFO - Filling up the DagBag from /home/airflow/.local/lib/python3.8/site-packages/airflow/example_dags/example_nested_branch_dag.py
[2025-07-14T13:01:19.747+0000] {processor.py:840} INFO - DAG(s) 'example_nested_branch_dag' retrieved from /home/airflow/.local/lib/python3.8/site-packages/airflow/example_dags/example_nested_branch_dag.py
[2025-07-14T13:01:19.794+0000] {logging_mixin.py:188} INFO - [2025-07-14T13:01:19.794+0000] {dag.py:3036} INFO - Sync 1 DAGs
[2025-07-14T13:01:19.847+0000] {logging_mixin.py:188} INFO - [2025-07-14T13:01:19.847+0000] {dag.py:3823} INFO - Setting next_dagrun for example_nested_branch_dag to 2025-07-13 00:00:00+00:00, run_after=2025-07-14 00:00:00+00:00
[2025-07-14T13:01:19.892+0000] {processor.py:183} INFO - Processing /home/airflow/.local/lib/python3.8/site-packages/airflow/example_dags/example_nested_branch_dag.py took 0.177 seconds
[2025-07-14T13:01:50.701+0000] {processor.py:161} INFO - Started process (PID=3394) to work on /home/airflow/.local/lib/python3.8/site-packages/airflow/example_dags/example_nested_branch_dag.py
[2025-07-14T13:01:50.704+0000] {processor.py:830} INFO - Processing file /home/airflow/.local/lib/python3.8/site-packages/airflow/example_dags/example_nested_branch_dag.py for tasks to queue
[2025-07-14T13:01:50.710+0000] {logging_mixin.py:188} INFO - [2025-07-14T13:01:50.709+0000] {dagbag.py:538} INFO - Filling up the DagBag from /home/airflow/.local/lib/python3.8/site-packages/airflow/example_dags/example_nested_branch_dag.py
[2025-07-14T13:01:50.736+0000] {processor.py:840} INFO - DAG(s) 'example_nested_branch_dag' retrieved from /home/airflow/.local/lib/python3.8/site-packages/airflow/example_dags/example_nested_branch_dag.py
[2025-07-14T13:01:50.798+0000] {logging_mixin.py:188} INFO - [2025-07-14T13:01:50.797+0000] {dag.py:3036} INFO - Sync 1 DAGs
[2025-07-14T13:01:50.845+0000] {logging_mixin.py:188} INFO - [2025-07-14T13:01:50.844+0000] {dag.py:3823} INFO - Setting next_dagrun for example_nested_branch_dag to 2025-07-13 00:00:00+00:00, run_after=2025-07-14 00:00:00+00:00
[2025-07-14T13:01:50.896+0000] {processor.py:183} INFO - Processing /home/airflow/.local/lib/python3.8/site-packages/airflow/example_dags/example_nested_branch_dag.py took 0.202 seconds
[2025-07-14T13:02:21.525+0000] {processor.py:161} INFO - Started process (PID=3454) to work on /home/airflow/.local/lib/python3.8/site-packages/airflow/example_dags/example_nested_branch_dag.py
[2025-07-14T13:02:21.527+0000] {processor.py:830} INFO - Processing file /home/airflow/.local/lib/python3.8/site-packages/airflow/example_dags/example_nested_branch_dag.py for tasks to queue
[2025-07-14T13:02:21.531+0000] {logging_mixin.py:188} INFO - [2025-07-14T13:02:21.530+0000] {dagbag.py:538} INFO - Filling up the DagBag from /home/airflow/.local/lib/python3.8/site-packages/airflow/example_dags/example_nested_branch_dag.py
[2025-07-14T13:02:21.555+0000] {processor.py:840} INFO - DAG(s) 'example_nested_branch_dag' retrieved from /home/airflow/.local/lib/python3.8/site-packages/airflow/example_dags/example_nested_branch_dag.py
[2025-07-14T13:02:21.607+0000] {logging_mixin.py:188} INFO - [2025-07-14T13:02:21.607+0000] {dag.py:3036} INFO - Sync 1 DAGs
[2025-07-14T13:02:21.667+0000] {logging_mixin.py:188} INFO - [2025-07-14T13:02:21.666+0000] {dag.py:3823} INFO - Setting next_dagrun for example_nested_branch_dag to 2025-07-13 00:00:00+00:00, run_after=2025-07-14 00:00:00+00:00
[2025-07-14T13:02:21.723+0000] {processor.py:183} INFO - Processing /home/airflow/.local/lib/python3.8/site-packages/airflow/example_dags/example_nested_branch_dag.py took 0.205 seconds
[2025-07-14T13:02:51.923+0000] {processor.py:161} INFO - Started process (PID=3520) to work on /home/airflow/.local/lib/python3.8/site-packages/airflow/example_dags/example_nested_branch_dag.py
[2025-07-14T13:02:51.925+0000] {processor.py:830} INFO - Processing file /home/airflow/.local/lib/python3.8/site-packages/airflow/example_dags/example_nested_branch_dag.py for tasks to queue
[2025-07-14T13:02:51.928+0000] {logging_mixin.py:188} INFO - [2025-07-14T13:02:51.928+0000] {dagbag.py:538} INFO - Filling up the DagBag from /home/airflow/.local/lib/python3.8/site-packages/airflow/example_dags/example_nested_branch_dag.py
[2025-07-14T13:02:51.969+0000] {processor.py:840} INFO - DAG(s) 'example_nested_branch_dag' retrieved from /home/airflow/.local/lib/python3.8/site-packages/airflow/example_dags/example_nested_branch_dag.py
[2025-07-14T13:02:52.023+0000] {logging_mixin.py:188} INFO - [2025-07-14T13:02:52.023+0000] {dag.py:3036} INFO - Sync 1 DAGs
[2025-07-14T13:02:52.075+0000] {logging_mixin.py:188} INFO - [2025-07-14T13:02:52.074+0000] {dag.py:3823} INFO - Setting next_dagrun for example_nested_branch_dag to 2025-07-13 00:00:00+00:00, run_after=2025-07-14 00:00:00+00:00
[2025-07-14T13:02:52.116+0000] {processor.py:183} INFO - Processing /home/airflow/.local/lib/python3.8/site-packages/airflow/example_dags/example_nested_branch_dag.py took 0.203 seconds
[2025-07-14T13:03:22.179+0000] {processor.py:161} INFO - Started process (PID=3580) to work on /home/airflow/.local/lib/python3.8/site-packages/airflow/example_dags/example_nested_branch_dag.py
[2025-07-14T13:03:22.181+0000] {processor.py:830} INFO - Processing file /home/airflow/.local/lib/python3.8/site-packages/airflow/example_dags/example_nested_branch_dag.py for tasks to queue
[2025-07-14T13:03:22.184+0000] {logging_mixin.py:188} INFO - [2025-07-14T13:03:22.183+0000] {dagbag.py:538} INFO - Filling up the DagBag from /home/airflow/.local/lib/python3.8/site-packages/airflow/example_dags/example_nested_branch_dag.py
[2025-07-14T13:03:22.205+0000] {processor.py:840} INFO - DAG(s) 'example_nested_branch_dag' retrieved from /home/airflow/.local/lib/python3.8/site-packages/airflow/example_dags/example_nested_branch_dag.py
[2025-07-14T13:03:22.248+0000] {logging_mixin.py:188} INFO - [2025-07-14T13:03:22.248+0000] {dag.py:3036} INFO - Sync 1 DAGs
[2025-07-14T13:03:22.293+0000] {logging_mixin.py:188} INFO - [2025-07-14T13:03:22.293+0000] {dag.py:3823} INFO - Setting next_dagrun for example_nested_branch_dag to 2025-07-13 00:00:00+00:00, run_after=2025-07-14 00:00:00+00:00
[2025-07-14T13:03:22.332+0000] {processor.py:183} INFO - Processing /home/airflow/.local/lib/python3.8/site-packages/airflow/example_dags/example_nested_branch_dag.py took 0.160 seconds
[2025-07-14T13:03:53.716+0000] {processor.py:161} INFO - Started process (PID=3640) to work on /home/airflow/.local/lib/python3.8/site-packages/airflow/example_dags/example_nested_branch_dag.py
[2025-07-14T13:03:53.722+0000] {processor.py:830} INFO - Processing file /home/airflow/.local/lib/python3.8/site-packages/airflow/example_dags/example_nested_branch_dag.py for tasks to queue
[2025-07-14T13:03:53.728+0000] {logging_mixin.py:188} INFO - [2025-07-14T13:03:53.727+0000] {dagbag.py:538} INFO - Filling up the DagBag from /home/airflow/.local/lib/python3.8/site-packages/airflow/example_dags/example_nested_branch_dag.py
[2025-07-14T13:03:53.758+0000] {processor.py:840} INFO - DAG(s) 'example_nested_branch_dag' retrieved from /home/airflow/.local/lib/python3.8/site-packages/airflow/example_dags/example_nested_branch_dag.py
[2025-07-14T13:03:53.832+0000] {logging_mixin.py:188} INFO - [2025-07-14T13:03:53.831+0000] {dag.py:3036} INFO - Sync 1 DAGs
[2025-07-14T13:03:53.884+0000] {logging_mixin.py:188} INFO - [2025-07-14T13:03:53.884+0000] {dag.py:3823} INFO - Setting next_dagrun for example_nested_branch_dag to 2025-07-13 00:00:00+00:00, run_after=2025-07-14 00:00:00+00:00
[2025-07-14T13:03:53.928+0000] {processor.py:183} INFO - Processing /home/airflow/.local/lib/python3.8/site-packages/airflow/example_dags/example_nested_branch_dag.py took 0.218 seconds
[2025-07-14T13:04:24.650+0000] {processor.py:161} INFO - Started process (PID=3700) to work on /home/airflow/.local/lib/python3.8/site-packages/airflow/example_dags/example_nested_branch_dag.py
[2025-07-14T13:04:24.653+0000] {processor.py:830} INFO - Processing file /home/airflow/.local/lib/python3.8/site-packages/airflow/example_dags/example_nested_branch_dag.py for tasks to queue
[2025-07-14T13:04:24.660+0000] {logging_mixin.py:188} INFO - [2025-07-14T13:04:24.659+0000] {dagbag.py:538} INFO - Filling up the DagBag from /home/airflow/.local/lib/python3.8/site-packages/airflow/example_dags/example_nested_branch_dag.py
[2025-07-14T13:04:24.695+0000] {processor.py:840} INFO - DAG(s) 'example_nested_branch_dag' retrieved from /home/airflow/.local/lib/python3.8/site-packages/airflow/example_dags/example_nested_branch_dag.py
[2025-07-14T13:04:24.751+0000] {logging_mixin.py:188} INFO - [2025-07-14T13:04:24.750+0000] {dag.py:3036} INFO - Sync 1 DAGs
[2025-07-14T13:04:24.812+0000] {logging_mixin.py:188} INFO - [2025-07-14T13:04:24.811+0000] {dag.py:3823} INFO - Setting next_dagrun for example_nested_branch_dag to 2025-07-13 00:00:00+00:00, run_after=2025-07-14 00:00:00+00:00
[2025-07-14T13:04:24.862+0000] {processor.py:183} INFO - Processing /home/airflow/.local/lib/python3.8/site-packages/airflow/example_dags/example_nested_branch_dag.py took 0.224 seconds
[2025-07-14T13:04:55.337+0000] {processor.py:161} INFO - Started process (PID=3756) to work on /home/airflow/.local/lib/python3.8/site-packages/airflow/example_dags/example_nested_branch_dag.py
[2025-07-14T13:04:55.338+0000] {processor.py:830} INFO - Processing file /home/airflow/.local/lib/python3.8/site-packages/airflow/example_dags/example_nested_branch_dag.py for tasks to queue
[2025-07-14T13:04:55.342+0000] {logging_mixin.py:188} INFO - [2025-07-14T13:04:55.341+0000] {dagbag.py:538} INFO - Filling up the DagBag from /home/airflow/.local/lib/python3.8/site-packages/airflow/example_dags/example_nested_branch_dag.py
[2025-07-14T13:04:55.375+0000] {processor.py:840} INFO - DAG(s) 'example_nested_branch_dag' retrieved from /home/airflow/.local/lib/python3.8/site-packages/airflow/example_dags/example_nested_branch_dag.py
[2025-07-14T13:04:55.436+0000] {logging_mixin.py:188} INFO - [2025-07-14T13:04:55.435+0000] {dag.py:3036} INFO - Sync 1 DAGs
[2025-07-14T13:04:55.476+0000] {logging_mixin.py:188} INFO - [2025-07-14T13:04:55.476+0000] {dag.py:3823} INFO - Setting next_dagrun for example_nested_branch_dag to 2025-07-13 00:00:00+00:00, run_after=2025-07-14 00:00:00+00:00
[2025-07-14T13:04:55.510+0000] {processor.py:183} INFO - Processing /home/airflow/.local/lib/python3.8/site-packages/airflow/example_dags/example_nested_branch_dag.py took 0.178 seconds
[2025-07-14T13:05:25.845+0000] {processor.py:161} INFO - Started process (PID=3814) to work on /home/airflow/.local/lib/python3.8/site-packages/airflow/example_dags/example_nested_branch_dag.py
[2025-07-14T13:05:25.852+0000] {processor.py:830} INFO - Processing file /home/airflow/.local/lib/python3.8/site-packages/airflow/example_dags/example_nested_branch_dag.py for tasks to queue
[2025-07-14T13:05:25.882+0000] {logging_mixin.py:188} INFO - [2025-07-14T13:05:25.882+0000] {dagbag.py:538} INFO - Filling up the DagBag from /home/airflow/.local/lib/python3.8/site-packages/airflow/example_dags/example_nested_branch_dag.py
[2025-07-14T13:05:25.954+0000] {processor.py:840} INFO - DAG(s) 'example_nested_branch_dag' retrieved from /home/airflow/.local/lib/python3.8/site-packages/airflow/example_dags/example_nested_branch_dag.py
[2025-07-14T13:05:26.142+0000] {logging_mixin.py:188} INFO - [2025-07-14T13:05:26.141+0000] {dag.py:3036} INFO - Sync 1 DAGs
[2025-07-14T13:05:26.226+0000] {logging_mixin.py:188} INFO - [2025-07-14T13:05:26.225+0000] {dag.py:3823} INFO - Setting next_dagrun for example_nested_branch_dag to 2025-07-13 00:00:00+00:00, run_after=2025-07-14 00:00:00+00:00
[2025-07-14T13:05:26.304+0000] {processor.py:183} INFO - Processing /home/airflow/.local/lib/python3.8/site-packages/airflow/example_dags/example_nested_branch_dag.py took 0.483 seconds
[2025-07-14T13:05:56.942+0000] {processor.py:161} INFO - Started process (PID=3875) to work on /home/airflow/.local/lib/python3.8/site-packages/airflow/example_dags/example_nested_branch_dag.py
[2025-07-14T13:05:56.946+0000] {processor.py:830} INFO - Processing file /home/airflow/.local/lib/python3.8/site-packages/airflow/example_dags/example_nested_branch_dag.py for tasks to queue
[2025-07-14T13:05:56.950+0000] {logging_mixin.py:188} INFO - [2025-07-14T13:05:56.950+0000] {dagbag.py:538} INFO - Filling up the DagBag from /home/airflow/.local/lib/python3.8/site-packages/airflow/example_dags/example_nested_branch_dag.py
[2025-07-14T13:05:56.984+0000] {processor.py:840} INFO - DAG(s) 'example_nested_branch_dag' retrieved from /home/airflow/.local/lib/python3.8/site-packages/airflow/example_dags/example_nested_branch_dag.py
[2025-07-14T13:05:57.042+0000] {logging_mixin.py:188} INFO - [2025-07-14T13:05:57.042+0000] {dag.py:3036} INFO - Sync 1 DAGs
[2025-07-14T13:05:57.105+0000] {logging_mixin.py:188} INFO - [2025-07-14T13:05:57.105+0000] {dag.py:3823} INFO - Setting next_dagrun for example_nested_branch_dag to 2025-07-13 00:00:00+00:00, run_after=2025-07-14 00:00:00+00:00
[2025-07-14T13:05:57.165+0000] {processor.py:183} INFO - Processing /home/airflow/.local/lib/python3.8/site-packages/airflow/example_dags/example_nested_branch_dag.py took 0.230 seconds
