[2025-07-14T12:33:31.866+0000] {processor.py:161} INFO - Started process (PID=87) to work on /home/airflow/.local/lib/python3.8/site-packages/airflow/example_dags/example_latest_only.py
[2025-07-14T12:33:31.893+0000] {processor.py:830} INFO - Processing file /home/airflow/.local/lib/python3.8/site-packages/airflow/example_dags/example_latest_only.py for tasks to queue
[2025-07-14T12:33:31.898+0000] {logging_mixin.py:188} INFO - [2025-07-14T12:33:31.897+0000] {dagbag.py:538} INFO - Filling up the DagBag from /home/airflow/.local/lib/python3.8/site-packages/airflow/example_dags/example_latest_only.py
[2025-07-14T12:33:31.925+0000] {processor.py:840} INFO - DAG(s) 'latest_only' retrieved from /home/airflow/.local/lib/python3.8/site-packages/airflow/example_dags/example_latest_only.py
[2025-07-14T12:33:32.044+0000] {logging_mixin.py:188} INFO - [2025-07-14T12:33:32.043+0000] {dag.py:3036} INFO - Sync 1 DAGs
[2025-07-14T12:33:32.167+0000] {logging_mixin.py:188} INFO - [2025-07-14T12:33:32.166+0000] {dag.py:3823} INFO - Setting next_dagrun for latest_only to 2025-07-14 08:00:00+00:00, run_after=2025-07-14 12:00:00+00:00
[2025-07-14T12:33:32.257+0000] {processor.py:183} INFO - Processing /home/airflow/.local/lib/python3.8/site-packages/airflow/example_dags/example_latest_only.py took 0.434 seconds
[2025-07-14T12:34:02.512+0000] {processor.py:161} INFO - Started process (PID=147) to work on /home/airflow/.local/lib/python3.8/site-packages/airflow/example_dags/example_latest_only.py
[2025-07-14T12:34:02.514+0000] {processor.py:830} INFO - Processing file /home/airflow/.local/lib/python3.8/site-packages/airflow/example_dags/example_latest_only.py for tasks to queue
[2025-07-14T12:34:02.516+0000] {logging_mixin.py:188} INFO - [2025-07-14T12:34:02.516+0000] {dagbag.py:538} INFO - Filling up the DagBag from /home/airflow/.local/lib/python3.8/site-packages/airflow/example_dags/example_latest_only.py
[2025-07-14T12:34:02.522+0000] {processor.py:840} INFO - DAG(s) 'latest_only' retrieved from /home/airflow/.local/lib/python3.8/site-packages/airflow/example_dags/example_latest_only.py
[2025-07-14T12:34:02.549+0000] {logging_mixin.py:188} INFO - [2025-07-14T12:34:02.548+0000] {dag.py:3036} INFO - Sync 1 DAGs
[2025-07-14T12:34:02.577+0000] {logging_mixin.py:188} INFO - [2025-07-14T12:34:02.577+0000] {dag.py:3823} INFO - Setting next_dagrun for latest_only to 2025-07-14 08:00:00+00:00, run_after=2025-07-14 12:00:00+00:00
[2025-07-14T12:34:02.603+0000] {processor.py:183} INFO - Processing /home/airflow/.local/lib/python3.8/site-packages/airflow/example_dags/example_latest_only.py took 0.095 seconds
[2025-07-14T12:34:35.701+0000] {processor.py:161} INFO - Started process (PID=208) to work on /home/airflow/.local/lib/python3.8/site-packages/airflow/example_dags/example_latest_only.py
[2025-07-14T12:34:35.704+0000] {processor.py:830} INFO - Processing file /home/airflow/.local/lib/python3.8/site-packages/airflow/example_dags/example_latest_only.py for tasks to queue
[2025-07-14T12:34:35.707+0000] {logging_mixin.py:188} INFO - [2025-07-14T12:34:35.707+0000] {dagbag.py:538} INFO - Filling up the DagBag from /home/airflow/.local/lib/python3.8/site-packages/airflow/example_dags/example_latest_only.py
[2025-07-14T12:34:35.717+0000] {processor.py:840} INFO - DAG(s) 'latest_only' retrieved from /home/airflow/.local/lib/python3.8/site-packages/airflow/example_dags/example_latest_only.py
[2025-07-14T12:34:35.795+0000] {logging_mixin.py:188} INFO - [2025-07-14T12:34:35.795+0000] {dag.py:3036} INFO - Sync 1 DAGs
[2025-07-14T12:34:35.877+0000] {logging_mixin.py:188} INFO - [2025-07-14T12:34:35.876+0000] {dag.py:3823} INFO - Setting next_dagrun for latest_only to 2025-07-14 08:00:00+00:00, run_after=2025-07-14 12:00:00+00:00
[2025-07-14T12:34:35.916+0000] {processor.py:183} INFO - Processing /home/airflow/.local/lib/python3.8/site-packages/airflow/example_dags/example_latest_only.py took 0.224 seconds
[2025-07-14T12:35:06.441+0000] {processor.py:161} INFO - Started process (PID=266) to work on /home/airflow/.local/lib/python3.8/site-packages/airflow/example_dags/example_latest_only.py
[2025-07-14T12:35:06.445+0000] {processor.py:830} INFO - Processing file /home/airflow/.local/lib/python3.8/site-packages/airflow/example_dags/example_latest_only.py for tasks to queue
[2025-07-14T12:35:06.450+0000] {logging_mixin.py:188} INFO - [2025-07-14T12:35:06.449+0000] {dagbag.py:538} INFO - Filling up the DagBag from /home/airflow/.local/lib/python3.8/site-packages/airflow/example_dags/example_latest_only.py
[2025-07-14T12:35:06.463+0000] {processor.py:840} INFO - DAG(s) 'latest_only' retrieved from /home/airflow/.local/lib/python3.8/site-packages/airflow/example_dags/example_latest_only.py
[2025-07-14T12:35:06.511+0000] {logging_mixin.py:188} INFO - [2025-07-14T12:35:06.510+0000] {dag.py:3036} INFO - Sync 1 DAGs
[2025-07-14T12:35:06.573+0000] {logging_mixin.py:188} INFO - [2025-07-14T12:35:06.572+0000] {dag.py:3823} INFO - Setting next_dagrun for latest_only to 2025-07-14 08:00:00+00:00, run_after=2025-07-14 12:00:00+00:00
[2025-07-14T12:35:06.643+0000] {processor.py:183} INFO - Processing /home/airflow/.local/lib/python3.8/site-packages/airflow/example_dags/example_latest_only.py took 0.210 seconds
[2025-07-14T12:35:36.679+0000] {processor.py:161} INFO - Started process (PID=326) to work on /home/airflow/.local/lib/python3.8/site-packages/airflow/example_dags/example_latest_only.py
[2025-07-14T12:35:36.681+0000] {processor.py:830} INFO - Processing file /home/airflow/.local/lib/python3.8/site-packages/airflow/example_dags/example_latest_only.py for tasks to queue
[2025-07-14T12:35:36.684+0000] {logging_mixin.py:188} INFO - [2025-07-14T12:35:36.683+0000] {dagbag.py:538} INFO - Filling up the DagBag from /home/airflow/.local/lib/python3.8/site-packages/airflow/example_dags/example_latest_only.py
[2025-07-14T12:35:36.692+0000] {processor.py:840} INFO - DAG(s) 'latest_only' retrieved from /home/airflow/.local/lib/python3.8/site-packages/airflow/example_dags/example_latest_only.py
[2025-07-14T12:35:36.723+0000] {logging_mixin.py:188} INFO - [2025-07-14T12:35:36.723+0000] {dag.py:3036} INFO - Sync 1 DAGs
[2025-07-14T12:35:36.753+0000] {logging_mixin.py:188} INFO - [2025-07-14T12:35:36.752+0000] {dag.py:3823} INFO - Setting next_dagrun for latest_only to 2025-07-14 08:00:00+00:00, run_after=2025-07-14 12:00:00+00:00
[2025-07-14T12:35:36.783+0000] {processor.py:183} INFO - Processing /home/airflow/.local/lib/python3.8/site-packages/airflow/example_dags/example_latest_only.py took 0.111 seconds
[2025-07-14T12:36:06.832+0000] {processor.py:161} INFO - Started process (PID=385) to work on /home/airflow/.local/lib/python3.8/site-packages/airflow/example_dags/example_latest_only.py
[2025-07-14T12:36:06.834+0000] {processor.py:830} INFO - Processing file /home/airflow/.local/lib/python3.8/site-packages/airflow/example_dags/example_latest_only.py for tasks to queue
[2025-07-14T12:36:06.837+0000] {logging_mixin.py:188} INFO - [2025-07-14T12:36:06.836+0000] {dagbag.py:538} INFO - Filling up the DagBag from /home/airflow/.local/lib/python3.8/site-packages/airflow/example_dags/example_latest_only.py
[2025-07-14T12:36:06.846+0000] {processor.py:840} INFO - DAG(s) 'latest_only' retrieved from /home/airflow/.local/lib/python3.8/site-packages/airflow/example_dags/example_latest_only.py
[2025-07-14T12:36:06.874+0000] {logging_mixin.py:188} INFO - [2025-07-14T12:36:06.874+0000] {dag.py:3036} INFO - Sync 1 DAGs
[2025-07-14T12:36:06.904+0000] {logging_mixin.py:188} INFO - [2025-07-14T12:36:06.903+0000] {dag.py:3823} INFO - Setting next_dagrun for latest_only to 2025-07-14 08:00:00+00:00, run_after=2025-07-14 12:00:00+00:00
[2025-07-14T12:36:06.929+0000] {processor.py:183} INFO - Processing /home/airflow/.local/lib/python3.8/site-packages/airflow/example_dags/example_latest_only.py took 0.102 seconds
[2025-07-14T12:36:37.831+0000] {processor.py:161} INFO - Started process (PID=446) to work on /home/airflow/.local/lib/python3.8/site-packages/airflow/example_dags/example_latest_only.py
[2025-07-14T12:36:37.833+0000] {processor.py:830} INFO - Processing file /home/airflow/.local/lib/python3.8/site-packages/airflow/example_dags/example_latest_only.py for tasks to queue
[2025-07-14T12:36:37.838+0000] {logging_mixin.py:188} INFO - [2025-07-14T12:36:37.837+0000] {dagbag.py:538} INFO - Filling up the DagBag from /home/airflow/.local/lib/python3.8/site-packages/airflow/example_dags/example_latest_only.py
[2025-07-14T12:36:37.850+0000] {processor.py:840} INFO - DAG(s) 'latest_only' retrieved from /home/airflow/.local/lib/python3.8/site-packages/airflow/example_dags/example_latest_only.py
[2025-07-14T12:36:37.922+0000] {logging_mixin.py:188} INFO - [2025-07-14T12:36:37.921+0000] {dag.py:3036} INFO - Sync 1 DAGs
[2025-07-14T12:36:37.987+0000] {logging_mixin.py:188} INFO - [2025-07-14T12:36:37.987+0000] {dag.py:3823} INFO - Setting next_dagrun for latest_only to 2025-07-14 08:00:00+00:00, run_after=2025-07-14 12:00:00+00:00
[2025-07-14T12:36:38.041+0000] {processor.py:183} INFO - Processing /home/airflow/.local/lib/python3.8/site-packages/airflow/example_dags/example_latest_only.py took 0.218 seconds
[2025-07-14T12:37:08.912+0000] {processor.py:161} INFO - Started process (PID=506) to work on /home/airflow/.local/lib/python3.8/site-packages/airflow/example_dags/example_latest_only.py
[2025-07-14T12:37:08.914+0000] {processor.py:830} INFO - Processing file /home/airflow/.local/lib/python3.8/site-packages/airflow/example_dags/example_latest_only.py for tasks to queue
[2025-07-14T12:37:08.916+0000] {logging_mixin.py:188} INFO - [2025-07-14T12:37:08.916+0000] {dagbag.py:538} INFO - Filling up the DagBag from /home/airflow/.local/lib/python3.8/site-packages/airflow/example_dags/example_latest_only.py
[2025-07-14T12:37:08.925+0000] {processor.py:840} INFO - DAG(s) 'latest_only' retrieved from /home/airflow/.local/lib/python3.8/site-packages/airflow/example_dags/example_latest_only.py
[2025-07-14T12:37:08.958+0000] {logging_mixin.py:188} INFO - [2025-07-14T12:37:08.958+0000] {dag.py:3036} INFO - Sync 1 DAGs
[2025-07-14T12:37:09.014+0000] {logging_mixin.py:188} INFO - [2025-07-14T12:37:09.014+0000] {dag.py:3823} INFO - Setting next_dagrun for latest_only to 2025-07-14 08:00:00+00:00, run_after=2025-07-14 12:00:00+00:00
[2025-07-14T12:37:09.083+0000] {processor.py:183} INFO - Processing /home/airflow/.local/lib/python3.8/site-packages/airflow/example_dags/example_latest_only.py took 0.177 seconds
[2025-07-14T12:37:39.583+0000] {processor.py:161} INFO - Started process (PID=566) to work on /home/airflow/.local/lib/python3.8/site-packages/airflow/example_dags/example_latest_only.py
[2025-07-14T12:37:39.584+0000] {processor.py:830} INFO - Processing file /home/airflow/.local/lib/python3.8/site-packages/airflow/example_dags/example_latest_only.py for tasks to queue
[2025-07-14T12:37:39.587+0000] {logging_mixin.py:188} INFO - [2025-07-14T12:37:39.587+0000] {dagbag.py:538} INFO - Filling up the DagBag from /home/airflow/.local/lib/python3.8/site-packages/airflow/example_dags/example_latest_only.py
[2025-07-14T12:37:39.595+0000] {processor.py:840} INFO - DAG(s) 'latest_only' retrieved from /home/airflow/.local/lib/python3.8/site-packages/airflow/example_dags/example_latest_only.py
[2025-07-14T12:37:39.630+0000] {logging_mixin.py:188} INFO - [2025-07-14T12:37:39.630+0000] {dag.py:3036} INFO - Sync 1 DAGs
[2025-07-14T12:37:39.662+0000] {logging_mixin.py:188} INFO - [2025-07-14T12:37:39.662+0000] {dag.py:3823} INFO - Setting next_dagrun for latest_only to 2025-07-14 08:00:00+00:00, run_after=2025-07-14 12:00:00+00:00
[2025-07-14T12:37:39.692+0000] {processor.py:183} INFO - Processing /home/airflow/.local/lib/python3.8/site-packages/airflow/example_dags/example_latest_only.py took 0.115 seconds
[2025-07-14T12:38:10.047+0000] {processor.py:161} INFO - Started process (PID=626) to work on /home/airflow/.local/lib/python3.8/site-packages/airflow/example_dags/example_latest_only.py
[2025-07-14T12:38:10.053+0000] {processor.py:830} INFO - Processing file /home/airflow/.local/lib/python3.8/site-packages/airflow/example_dags/example_latest_only.py for tasks to queue
[2025-07-14T12:38:10.056+0000] {logging_mixin.py:188} INFO - [2025-07-14T12:38:10.056+0000] {dagbag.py:538} INFO - Filling up the DagBag from /home/airflow/.local/lib/python3.8/site-packages/airflow/example_dags/example_latest_only.py
[2025-07-14T12:38:10.065+0000] {processor.py:840} INFO - DAG(s) 'latest_only' retrieved from /home/airflow/.local/lib/python3.8/site-packages/airflow/example_dags/example_latest_only.py
[2025-07-14T12:38:10.099+0000] {logging_mixin.py:188} INFO - [2025-07-14T12:38:10.099+0000] {dag.py:3036} INFO - Sync 1 DAGs
[2025-07-14T12:38:10.143+0000] {logging_mixin.py:188} INFO - [2025-07-14T12:38:10.143+0000] {dag.py:3823} INFO - Setting next_dagrun for latest_only to 2025-07-14 08:00:00+00:00, run_after=2025-07-14 12:00:00+00:00
[2025-07-14T12:38:10.179+0000] {processor.py:183} INFO - Processing /home/airflow/.local/lib/python3.8/site-packages/airflow/example_dags/example_latest_only.py took 0.138 seconds
[2025-07-14T12:38:40.912+0000] {processor.py:161} INFO - Started process (PID=686) to work on /home/airflow/.local/lib/python3.8/site-packages/airflow/example_dags/example_latest_only.py
[2025-07-14T12:38:40.914+0000] {processor.py:830} INFO - Processing file /home/airflow/.local/lib/python3.8/site-packages/airflow/example_dags/example_latest_only.py for tasks to queue
[2025-07-14T12:38:40.916+0000] {logging_mixin.py:188} INFO - [2025-07-14T12:38:40.916+0000] {dagbag.py:538} INFO - Filling up the DagBag from /home/airflow/.local/lib/python3.8/site-packages/airflow/example_dags/example_latest_only.py
[2025-07-14T12:38:40.924+0000] {processor.py:840} INFO - DAG(s) 'latest_only' retrieved from /home/airflow/.local/lib/python3.8/site-packages/airflow/example_dags/example_latest_only.py
[2025-07-14T12:38:40.960+0000] {logging_mixin.py:188} INFO - [2025-07-14T12:38:40.959+0000] {dag.py:3036} INFO - Sync 1 DAGs
[2025-07-14T12:38:40.998+0000] {logging_mixin.py:188} INFO - [2025-07-14T12:38:40.997+0000] {dag.py:3823} INFO - Setting next_dagrun for latest_only to 2025-07-14 08:00:00+00:00, run_after=2025-07-14 12:00:00+00:00
[2025-07-14T12:38:41.038+0000] {processor.py:183} INFO - Processing /home/airflow/.local/lib/python3.8/site-packages/airflow/example_dags/example_latest_only.py took 0.131 seconds
[2025-07-14T12:39:11.287+0000] {processor.py:161} INFO - Started process (PID=746) to work on /home/airflow/.local/lib/python3.8/site-packages/airflow/example_dags/example_latest_only.py
[2025-07-14T12:39:11.288+0000] {processor.py:830} INFO - Processing file /home/airflow/.local/lib/python3.8/site-packages/airflow/example_dags/example_latest_only.py for tasks to queue
[2025-07-14T12:39:11.291+0000] {logging_mixin.py:188} INFO - [2025-07-14T12:39:11.290+0000] {dagbag.py:538} INFO - Filling up the DagBag from /home/airflow/.local/lib/python3.8/site-packages/airflow/example_dags/example_latest_only.py
[2025-07-14T12:39:11.298+0000] {processor.py:840} INFO - DAG(s) 'latest_only' retrieved from /home/airflow/.local/lib/python3.8/site-packages/airflow/example_dags/example_latest_only.py
[2025-07-14T12:39:11.327+0000] {logging_mixin.py:188} INFO - [2025-07-14T12:39:11.326+0000] {dag.py:3036} INFO - Sync 1 DAGs
[2025-07-14T12:39:11.357+0000] {logging_mixin.py:188} INFO - [2025-07-14T12:39:11.357+0000] {dag.py:3823} INFO - Setting next_dagrun for latest_only to 2025-07-14 08:00:00+00:00, run_after=2025-07-14 12:00:00+00:00
[2025-07-14T12:39:11.384+0000] {processor.py:183} INFO - Processing /home/airflow/.local/lib/python3.8/site-packages/airflow/example_dags/example_latest_only.py took 0.103 seconds
[2025-07-14T12:39:41.787+0000] {processor.py:161} INFO - Started process (PID=806) to work on /home/airflow/.local/lib/python3.8/site-packages/airflow/example_dags/example_latest_only.py
[2025-07-14T12:39:41.789+0000] {processor.py:830} INFO - Processing file /home/airflow/.local/lib/python3.8/site-packages/airflow/example_dags/example_latest_only.py for tasks to queue
[2025-07-14T12:39:41.792+0000] {logging_mixin.py:188} INFO - [2025-07-14T12:39:41.792+0000] {dagbag.py:538} INFO - Filling up the DagBag from /home/airflow/.local/lib/python3.8/site-packages/airflow/example_dags/example_latest_only.py
[2025-07-14T12:39:41.801+0000] {processor.py:840} INFO - DAG(s) 'latest_only' retrieved from /home/airflow/.local/lib/python3.8/site-packages/airflow/example_dags/example_latest_only.py
[2025-07-14T12:39:41.831+0000] {logging_mixin.py:188} INFO - [2025-07-14T12:39:41.831+0000] {dag.py:3036} INFO - Sync 1 DAGs
[2025-07-14T12:39:41.863+0000] {logging_mixin.py:188} INFO - [2025-07-14T12:39:41.863+0000] {dag.py:3823} INFO - Setting next_dagrun for latest_only to 2025-07-14 08:00:00+00:00, run_after=2025-07-14 12:00:00+00:00
[2025-07-14T12:39:41.892+0000] {processor.py:183} INFO - Processing /home/airflow/.local/lib/python3.8/site-packages/airflow/example_dags/example_latest_only.py took 0.111 seconds
[2025-07-14T12:40:12.627+0000] {processor.py:161} INFO - Started process (PID=867) to work on /home/airflow/.local/lib/python3.8/site-packages/airflow/example_dags/example_latest_only.py
[2025-07-14T12:40:12.629+0000] {processor.py:830} INFO - Processing file /home/airflow/.local/lib/python3.8/site-packages/airflow/example_dags/example_latest_only.py for tasks to queue
[2025-07-14T12:40:12.632+0000] {logging_mixin.py:188} INFO - [2025-07-14T12:40:12.632+0000] {dagbag.py:538} INFO - Filling up the DagBag from /home/airflow/.local/lib/python3.8/site-packages/airflow/example_dags/example_latest_only.py
[2025-07-14T12:40:12.640+0000] {processor.py:840} INFO - DAG(s) 'latest_only' retrieved from /home/airflow/.local/lib/python3.8/site-packages/airflow/example_dags/example_latest_only.py
[2025-07-14T12:40:12.677+0000] {logging_mixin.py:188} INFO - [2025-07-14T12:40:12.676+0000] {dag.py:3036} INFO - Sync 1 DAGs
[2025-07-14T12:40:12.715+0000] {logging_mixin.py:188} INFO - [2025-07-14T12:40:12.715+0000] {dag.py:3823} INFO - Setting next_dagrun for latest_only to 2025-07-14 08:00:00+00:00, run_after=2025-07-14 12:00:00+00:00
[2025-07-14T12:40:12.748+0000] {processor.py:183} INFO - Processing /home/airflow/.local/lib/python3.8/site-packages/airflow/example_dags/example_latest_only.py took 0.127 seconds
[2025-07-14T12:40:43.141+0000] {processor.py:161} INFO - Started process (PID=927) to work on /home/airflow/.local/lib/python3.8/site-packages/airflow/example_dags/example_latest_only.py
[2025-07-14T12:40:43.143+0000] {processor.py:830} INFO - Processing file /home/airflow/.local/lib/python3.8/site-packages/airflow/example_dags/example_latest_only.py for tasks to queue
[2025-07-14T12:40:43.147+0000] {logging_mixin.py:188} INFO - [2025-07-14T12:40:43.146+0000] {dagbag.py:538} INFO - Filling up the DagBag from /home/airflow/.local/lib/python3.8/site-packages/airflow/example_dags/example_latest_only.py
[2025-07-14T12:40:43.157+0000] {processor.py:840} INFO - DAG(s) 'latest_only' retrieved from /home/airflow/.local/lib/python3.8/site-packages/airflow/example_dags/example_latest_only.py
[2025-07-14T12:40:43.193+0000] {logging_mixin.py:188} INFO - [2025-07-14T12:40:43.192+0000] {dag.py:3036} INFO - Sync 1 DAGs
[2025-07-14T12:40:43.240+0000] {logging_mixin.py:188} INFO - [2025-07-14T12:40:43.240+0000] {dag.py:3823} INFO - Setting next_dagrun for latest_only to 2025-07-14 08:00:00+00:00, run_after=2025-07-14 12:00:00+00:00
[2025-07-14T12:40:43.280+0000] {processor.py:183} INFO - Processing /home/airflow/.local/lib/python3.8/site-packages/airflow/example_dags/example_latest_only.py took 0.145 seconds
[2025-07-14T12:41:13.391+0000] {processor.py:161} INFO - Started process (PID=986) to work on /home/airflow/.local/lib/python3.8/site-packages/airflow/example_dags/example_latest_only.py
[2025-07-14T12:41:13.393+0000] {processor.py:830} INFO - Processing file /home/airflow/.local/lib/python3.8/site-packages/airflow/example_dags/example_latest_only.py for tasks to queue
[2025-07-14T12:41:13.402+0000] {logging_mixin.py:188} INFO - [2025-07-14T12:41:13.398+0000] {dagbag.py:538} INFO - Filling up the DagBag from /home/airflow/.local/lib/python3.8/site-packages/airflow/example_dags/example_latest_only.py
[2025-07-14T12:41:13.416+0000] {processor.py:840} INFO - DAG(s) 'latest_only' retrieved from /home/airflow/.local/lib/python3.8/site-packages/airflow/example_dags/example_latest_only.py
[2025-07-14T12:41:13.452+0000] {logging_mixin.py:188} INFO - [2025-07-14T12:41:13.452+0000] {dag.py:3036} INFO - Sync 1 DAGs
[2025-07-14T12:41:13.487+0000] {logging_mixin.py:188} INFO - [2025-07-14T12:41:13.487+0000] {dag.py:3823} INFO - Setting next_dagrun for latest_only to 2025-07-14 08:00:00+00:00, run_after=2025-07-14 12:00:00+00:00
[2025-07-14T12:41:13.580+0000] {processor.py:183} INFO - Processing /home/airflow/.local/lib/python3.8/site-packages/airflow/example_dags/example_latest_only.py took 0.197 seconds
[2025-07-14T12:41:43.662+0000] {processor.py:161} INFO - Started process (PID=1046) to work on /home/airflow/.local/lib/python3.8/site-packages/airflow/example_dags/example_latest_only.py
[2025-07-14T12:41:43.663+0000] {processor.py:830} INFO - Processing file /home/airflow/.local/lib/python3.8/site-packages/airflow/example_dags/example_latest_only.py for tasks to queue
[2025-07-14T12:41:43.666+0000] {logging_mixin.py:188} INFO - [2025-07-14T12:41:43.666+0000] {dagbag.py:538} INFO - Filling up the DagBag from /home/airflow/.local/lib/python3.8/site-packages/airflow/example_dags/example_latest_only.py
[2025-07-14T12:41:43.673+0000] {processor.py:840} INFO - DAG(s) 'latest_only' retrieved from /home/airflow/.local/lib/python3.8/site-packages/airflow/example_dags/example_latest_only.py
[2025-07-14T12:41:43.700+0000] {logging_mixin.py:188} INFO - [2025-07-14T12:41:43.700+0000] {dag.py:3036} INFO - Sync 1 DAGs
[2025-07-14T12:41:43.732+0000] {logging_mixin.py:188} INFO - [2025-07-14T12:41:43.731+0000] {dag.py:3823} INFO - Setting next_dagrun for latest_only to 2025-07-14 08:00:00+00:00, run_after=2025-07-14 12:00:00+00:00
[2025-07-14T12:41:43.760+0000] {processor.py:183} INFO - Processing /home/airflow/.local/lib/python3.8/site-packages/airflow/example_dags/example_latest_only.py took 0.102 seconds
[2025-07-14T12:42:13.976+0000] {processor.py:161} INFO - Started process (PID=1105) to work on /home/airflow/.local/lib/python3.8/site-packages/airflow/example_dags/example_latest_only.py
[2025-07-14T12:42:13.977+0000] {processor.py:830} INFO - Processing file /home/airflow/.local/lib/python3.8/site-packages/airflow/example_dags/example_latest_only.py for tasks to queue
[2025-07-14T12:42:13.980+0000] {logging_mixin.py:188} INFO - [2025-07-14T12:42:13.980+0000] {dagbag.py:538} INFO - Filling up the DagBag from /home/airflow/.local/lib/python3.8/site-packages/airflow/example_dags/example_latest_only.py
[2025-07-14T12:42:13.988+0000] {processor.py:840} INFO - DAG(s) 'latest_only' retrieved from /home/airflow/.local/lib/python3.8/site-packages/airflow/example_dags/example_latest_only.py
[2025-07-14T12:42:14.015+0000] {logging_mixin.py:188} INFO - [2025-07-14T12:42:14.015+0000] {dag.py:3036} INFO - Sync 1 DAGs
[2025-07-14T12:42:14.044+0000] {logging_mixin.py:188} INFO - [2025-07-14T12:42:14.044+0000] {dag.py:3823} INFO - Setting next_dagrun for latest_only to 2025-07-14 08:00:00+00:00, run_after=2025-07-14 12:00:00+00:00
[2025-07-14T12:42:14.073+0000] {processor.py:183} INFO - Processing /home/airflow/.local/lib/python3.8/site-packages/airflow/example_dags/example_latest_only.py took 0.102 seconds
[2025-07-14T12:42:44.590+0000] {processor.py:161} INFO - Started process (PID=1164) to work on /home/airflow/.local/lib/python3.8/site-packages/airflow/example_dags/example_latest_only.py
[2025-07-14T12:42:44.591+0000] {processor.py:830} INFO - Processing file /home/airflow/.local/lib/python3.8/site-packages/airflow/example_dags/example_latest_only.py for tasks to queue
[2025-07-14T12:42:44.593+0000] {logging_mixin.py:188} INFO - [2025-07-14T12:42:44.593+0000] {dagbag.py:538} INFO - Filling up the DagBag from /home/airflow/.local/lib/python3.8/site-packages/airflow/example_dags/example_latest_only.py
[2025-07-14T12:42:44.600+0000] {processor.py:840} INFO - DAG(s) 'latest_only' retrieved from /home/airflow/.local/lib/python3.8/site-packages/airflow/example_dags/example_latest_only.py
[2025-07-14T12:42:44.627+0000] {logging_mixin.py:188} INFO - [2025-07-14T12:42:44.626+0000] {dag.py:3036} INFO - Sync 1 DAGs
[2025-07-14T12:42:44.654+0000] {logging_mixin.py:188} INFO - [2025-07-14T12:42:44.654+0000] {dag.py:3823} INFO - Setting next_dagrun for latest_only to 2025-07-14 08:00:00+00:00, run_after=2025-07-14 12:00:00+00:00
[2025-07-14T12:42:44.681+0000] {processor.py:183} INFO - Processing /home/airflow/.local/lib/python3.8/site-packages/airflow/example_dags/example_latest_only.py took 0.095 seconds
[2025-07-14T12:43:15.089+0000] {processor.py:161} INFO - Started process (PID=1222) to work on /home/airflow/.local/lib/python3.8/site-packages/airflow/example_dags/example_latest_only.py
[2025-07-14T12:43:15.091+0000] {processor.py:830} INFO - Processing file /home/airflow/.local/lib/python3.8/site-packages/airflow/example_dags/example_latest_only.py for tasks to queue
[2025-07-14T12:43:15.095+0000] {logging_mixin.py:188} INFO - [2025-07-14T12:43:15.095+0000] {dagbag.py:538} INFO - Filling up the DagBag from /home/airflow/.local/lib/python3.8/site-packages/airflow/example_dags/example_latest_only.py
[2025-07-14T12:43:15.108+0000] {processor.py:840} INFO - DAG(s) 'latest_only' retrieved from /home/airflow/.local/lib/python3.8/site-packages/airflow/example_dags/example_latest_only.py
[2025-07-14T12:43:15.152+0000] {logging_mixin.py:188} INFO - [2025-07-14T12:43:15.152+0000] {dag.py:3036} INFO - Sync 1 DAGs
[2025-07-14T12:43:15.199+0000] {logging_mixin.py:188} INFO - [2025-07-14T12:43:15.199+0000] {dag.py:3823} INFO - Setting next_dagrun for latest_only to 2025-07-14 08:00:00+00:00, run_after=2025-07-14 12:00:00+00:00
[2025-07-14T12:43:15.236+0000] {processor.py:183} INFO - Processing /home/airflow/.local/lib/python3.8/site-packages/airflow/example_dags/example_latest_only.py took 0.154 seconds
[2025-07-14T12:43:45.715+0000] {processor.py:161} INFO - Started process (PID=1281) to work on /home/airflow/.local/lib/python3.8/site-packages/airflow/example_dags/example_latest_only.py
[2025-07-14T12:43:45.718+0000] {processor.py:830} INFO - Processing file /home/airflow/.local/lib/python3.8/site-packages/airflow/example_dags/example_latest_only.py for tasks to queue
[2025-07-14T12:43:45.722+0000] {logging_mixin.py:188} INFO - [2025-07-14T12:43:45.721+0000] {dagbag.py:538} INFO - Filling up the DagBag from /home/airflow/.local/lib/python3.8/site-packages/airflow/example_dags/example_latest_only.py
[2025-07-14T12:43:45.731+0000] {processor.py:840} INFO - DAG(s) 'latest_only' retrieved from /home/airflow/.local/lib/python3.8/site-packages/airflow/example_dags/example_latest_only.py
[2025-07-14T12:43:45.763+0000] {logging_mixin.py:188} INFO - [2025-07-14T12:43:45.762+0000] {dag.py:3036} INFO - Sync 1 DAGs
[2025-07-14T12:43:45.803+0000] {logging_mixin.py:188} INFO - [2025-07-14T12:43:45.803+0000] {dag.py:3823} INFO - Setting next_dagrun for latest_only to 2025-07-14 08:00:00+00:00, run_after=2025-07-14 12:00:00+00:00
[2025-07-14T12:43:45.838+0000] {processor.py:183} INFO - Processing /home/airflow/.local/lib/python3.8/site-packages/airflow/example_dags/example_latest_only.py took 0.130 seconds
[2025-07-14T12:44:16.136+0000] {processor.py:161} INFO - Started process (PID=1341) to work on /home/airflow/.local/lib/python3.8/site-packages/airflow/example_dags/example_latest_only.py
[2025-07-14T12:44:16.137+0000] {processor.py:830} INFO - Processing file /home/airflow/.local/lib/python3.8/site-packages/airflow/example_dags/example_latest_only.py for tasks to queue
[2025-07-14T12:44:16.141+0000] {logging_mixin.py:188} INFO - [2025-07-14T12:44:16.140+0000] {dagbag.py:538} INFO - Filling up the DagBag from /home/airflow/.local/lib/python3.8/site-packages/airflow/example_dags/example_latest_only.py
[2025-07-14T12:44:16.147+0000] {processor.py:840} INFO - DAG(s) 'latest_only' retrieved from /home/airflow/.local/lib/python3.8/site-packages/airflow/example_dags/example_latest_only.py
[2025-07-14T12:44:16.180+0000] {logging_mixin.py:188} INFO - [2025-07-14T12:44:16.179+0000] {dag.py:3036} INFO - Sync 1 DAGs
[2025-07-14T12:44:16.209+0000] {logging_mixin.py:188} INFO - [2025-07-14T12:44:16.209+0000] {dag.py:3823} INFO - Setting next_dagrun for latest_only to 2025-07-14 08:00:00+00:00, run_after=2025-07-14 12:00:00+00:00
[2025-07-14T12:44:16.238+0000] {processor.py:183} INFO - Processing /home/airflow/.local/lib/python3.8/site-packages/airflow/example_dags/example_latest_only.py took 0.107 seconds
[2025-07-14T12:44:46.491+0000] {processor.py:161} INFO - Started process (PID=1401) to work on /home/airflow/.local/lib/python3.8/site-packages/airflow/example_dags/example_latest_only.py
[2025-07-14T12:44:46.492+0000] {processor.py:830} INFO - Processing file /home/airflow/.local/lib/python3.8/site-packages/airflow/example_dags/example_latest_only.py for tasks to queue
[2025-07-14T12:44:46.496+0000] {logging_mixin.py:188} INFO - [2025-07-14T12:44:46.495+0000] {dagbag.py:538} INFO - Filling up the DagBag from /home/airflow/.local/lib/python3.8/site-packages/airflow/example_dags/example_latest_only.py
[2025-07-14T12:44:46.505+0000] {processor.py:840} INFO - DAG(s) 'latest_only' retrieved from /home/airflow/.local/lib/python3.8/site-packages/airflow/example_dags/example_latest_only.py
[2025-07-14T12:44:46.541+0000] {logging_mixin.py:188} INFO - [2025-07-14T12:44:46.541+0000] {dag.py:3036} INFO - Sync 1 DAGs
[2025-07-14T12:44:46.579+0000] {logging_mixin.py:188} INFO - [2025-07-14T12:44:46.579+0000] {dag.py:3823} INFO - Setting next_dagrun for latest_only to 2025-07-14 08:00:00+00:00, run_after=2025-07-14 12:00:00+00:00
[2025-07-14T12:44:46.611+0000] {processor.py:183} INFO - Processing /home/airflow/.local/lib/python3.8/site-packages/airflow/example_dags/example_latest_only.py took 0.126 seconds
[2025-07-14T12:45:17.321+0000] {processor.py:161} INFO - Started process (PID=1461) to work on /home/airflow/.local/lib/python3.8/site-packages/airflow/example_dags/example_latest_only.py
[2025-07-14T12:45:17.323+0000] {processor.py:830} INFO - Processing file /home/airflow/.local/lib/python3.8/site-packages/airflow/example_dags/example_latest_only.py for tasks to queue
[2025-07-14T12:45:17.326+0000] {logging_mixin.py:188} INFO - [2025-07-14T12:45:17.325+0000] {dagbag.py:538} INFO - Filling up the DagBag from /home/airflow/.local/lib/python3.8/site-packages/airflow/example_dags/example_latest_only.py
[2025-07-14T12:45:17.334+0000] {processor.py:840} INFO - DAG(s) 'latest_only' retrieved from /home/airflow/.local/lib/python3.8/site-packages/airflow/example_dags/example_latest_only.py
[2025-07-14T12:45:17.367+0000] {logging_mixin.py:188} INFO - [2025-07-14T12:45:17.367+0000] {dag.py:3036} INFO - Sync 1 DAGs
[2025-07-14T12:45:17.401+0000] {logging_mixin.py:188} INFO - [2025-07-14T12:45:17.401+0000] {dag.py:3823} INFO - Setting next_dagrun for latest_only to 2025-07-14 08:00:00+00:00, run_after=2025-07-14 12:00:00+00:00
[2025-07-14T12:45:17.425+0000] {processor.py:183} INFO - Processing /home/airflow/.local/lib/python3.8/site-packages/airflow/example_dags/example_latest_only.py took 0.109 seconds
[2025-07-14T12:45:47.970+0000] {processor.py:161} INFO - Started process (PID=1520) to work on /home/airflow/.local/lib/python3.8/site-packages/airflow/example_dags/example_latest_only.py
[2025-07-14T12:45:47.974+0000] {processor.py:830} INFO - Processing file /home/airflow/.local/lib/python3.8/site-packages/airflow/example_dags/example_latest_only.py for tasks to queue
[2025-07-14T12:45:47.976+0000] {logging_mixin.py:188} INFO - [2025-07-14T12:45:47.976+0000] {dagbag.py:538} INFO - Filling up the DagBag from /home/airflow/.local/lib/python3.8/site-packages/airflow/example_dags/example_latest_only.py
[2025-07-14T12:45:47.987+0000] {processor.py:840} INFO - DAG(s) 'latest_only' retrieved from /home/airflow/.local/lib/python3.8/site-packages/airflow/example_dags/example_latest_only.py
[2025-07-14T12:45:48.018+0000] {logging_mixin.py:188} INFO - [2025-07-14T12:45:48.018+0000] {dag.py:3036} INFO - Sync 1 DAGs
[2025-07-14T12:45:48.057+0000] {logging_mixin.py:188} INFO - [2025-07-14T12:45:48.056+0000] {dag.py:3823} INFO - Setting next_dagrun for latest_only to 2025-07-14 08:00:00+00:00, run_after=2025-07-14 12:00:00+00:00
[2025-07-14T12:45:48.095+0000] {processor.py:183} INFO - Processing /home/airflow/.local/lib/python3.8/site-packages/airflow/example_dags/example_latest_only.py took 0.131 seconds
[2025-07-14T12:46:18.755+0000] {processor.py:161} INFO - Started process (PID=1585) to work on /home/airflow/.local/lib/python3.8/site-packages/airflow/example_dags/example_latest_only.py
[2025-07-14T12:46:18.756+0000] {processor.py:830} INFO - Processing file /home/airflow/.local/lib/python3.8/site-packages/airflow/example_dags/example_latest_only.py for tasks to queue
[2025-07-14T12:46:18.760+0000] {logging_mixin.py:188} INFO - [2025-07-14T12:46:18.759+0000] {dagbag.py:538} INFO - Filling up the DagBag from /home/airflow/.local/lib/python3.8/site-packages/airflow/example_dags/example_latest_only.py
[2025-07-14T12:46:18.767+0000] {processor.py:840} INFO - DAG(s) 'latest_only' retrieved from /home/airflow/.local/lib/python3.8/site-packages/airflow/example_dags/example_latest_only.py
[2025-07-14T12:46:18.795+0000] {logging_mixin.py:188} INFO - [2025-07-14T12:46:18.795+0000] {dag.py:3036} INFO - Sync 1 DAGs
[2025-07-14T12:46:18.822+0000] {logging_mixin.py:188} INFO - [2025-07-14T12:46:18.822+0000] {dag.py:3823} INFO - Setting next_dagrun for latest_only to 2025-07-14 08:00:00+00:00, run_after=2025-07-14 12:00:00+00:00
[2025-07-14T12:46:18.847+0000] {processor.py:183} INFO - Processing /home/airflow/.local/lib/python3.8/site-packages/airflow/example_dags/example_latest_only.py took 0.097 seconds
[2025-07-14T12:46:49.079+0000] {processor.py:161} INFO - Started process (PID=1645) to work on /home/airflow/.local/lib/python3.8/site-packages/airflow/example_dags/example_latest_only.py
[2025-07-14T12:46:49.081+0000] {processor.py:830} INFO - Processing file /home/airflow/.local/lib/python3.8/site-packages/airflow/example_dags/example_latest_only.py for tasks to queue
[2025-07-14T12:46:49.084+0000] {logging_mixin.py:188} INFO - [2025-07-14T12:46:49.084+0000] {dagbag.py:538} INFO - Filling up the DagBag from /home/airflow/.local/lib/python3.8/site-packages/airflow/example_dags/example_latest_only.py
[2025-07-14T12:46:49.095+0000] {processor.py:840} INFO - DAG(s) 'latest_only' retrieved from /home/airflow/.local/lib/python3.8/site-packages/airflow/example_dags/example_latest_only.py
[2025-07-14T12:46:49.126+0000] {logging_mixin.py:188} INFO - [2025-07-14T12:46:49.125+0000] {dag.py:3036} INFO - Sync 1 DAGs
[2025-07-14T12:46:49.166+0000] {logging_mixin.py:188} INFO - [2025-07-14T12:46:49.166+0000] {dag.py:3823} INFO - Setting next_dagrun for latest_only to 2025-07-14 08:00:00+00:00, run_after=2025-07-14 12:00:00+00:00
[2025-07-14T12:46:49.195+0000] {processor.py:183} INFO - Processing /home/airflow/.local/lib/python3.8/site-packages/airflow/example_dags/example_latest_only.py took 0.121 seconds
[2025-07-14T12:47:19.325+0000] {processor.py:161} INFO - Started process (PID=1705) to work on /home/airflow/.local/lib/python3.8/site-packages/airflow/example_dags/example_latest_only.py
[2025-07-14T12:47:19.326+0000] {processor.py:830} INFO - Processing file /home/airflow/.local/lib/python3.8/site-packages/airflow/example_dags/example_latest_only.py for tasks to queue
[2025-07-14T12:47:19.329+0000] {logging_mixin.py:188} INFO - [2025-07-14T12:47:19.329+0000] {dagbag.py:538} INFO - Filling up the DagBag from /home/airflow/.local/lib/python3.8/site-packages/airflow/example_dags/example_latest_only.py
[2025-07-14T12:47:19.338+0000] {processor.py:840} INFO - DAG(s) 'latest_only' retrieved from /home/airflow/.local/lib/python3.8/site-packages/airflow/example_dags/example_latest_only.py
[2025-07-14T12:47:19.385+0000] {logging_mixin.py:188} INFO - [2025-07-14T12:47:19.385+0000] {dag.py:3036} INFO - Sync 1 DAGs
[2025-07-14T12:47:19.457+0000] {logging_mixin.py:188} INFO - [2025-07-14T12:47:19.457+0000] {dag.py:3823} INFO - Setting next_dagrun for latest_only to 2025-07-14 08:00:00+00:00, run_after=2025-07-14 12:00:00+00:00
[2025-07-14T12:47:19.510+0000] {processor.py:183} INFO - Processing /home/airflow/.local/lib/python3.8/site-packages/airflow/example_dags/example_latest_only.py took 0.190 seconds
[2025-07-14T12:47:49.732+0000] {processor.py:161} INFO - Started process (PID=1764) to work on /home/airflow/.local/lib/python3.8/site-packages/airflow/example_dags/example_latest_only.py
[2025-07-14T12:47:49.734+0000] {processor.py:830} INFO - Processing file /home/airflow/.local/lib/python3.8/site-packages/airflow/example_dags/example_latest_only.py for tasks to queue
[2025-07-14T12:47:49.737+0000] {logging_mixin.py:188} INFO - [2025-07-14T12:47:49.736+0000] {dagbag.py:538} INFO - Filling up the DagBag from /home/airflow/.local/lib/python3.8/site-packages/airflow/example_dags/example_latest_only.py
[2025-07-14T12:47:49.745+0000] {processor.py:840} INFO - DAG(s) 'latest_only' retrieved from /home/airflow/.local/lib/python3.8/site-packages/airflow/example_dags/example_latest_only.py
[2025-07-14T12:47:49.780+0000] {logging_mixin.py:188} INFO - [2025-07-14T12:47:49.780+0000] {dag.py:3036} INFO - Sync 1 DAGs
[2025-07-14T12:47:49.823+0000] {logging_mixin.py:188} INFO - [2025-07-14T12:47:49.823+0000] {dag.py:3823} INFO - Setting next_dagrun for latest_only to 2025-07-14 08:00:00+00:00, run_after=2025-07-14 12:00:00+00:00
[2025-07-14T12:47:49.858+0000] {processor.py:183} INFO - Processing /home/airflow/.local/lib/python3.8/site-packages/airflow/example_dags/example_latest_only.py took 0.132 seconds
[2025-07-14T12:48:20.060+0000] {processor.py:161} INFO - Started process (PID=1824) to work on /home/airflow/.local/lib/python3.8/site-packages/airflow/example_dags/example_latest_only.py
[2025-07-14T12:48:20.062+0000] {processor.py:830} INFO - Processing file /home/airflow/.local/lib/python3.8/site-packages/airflow/example_dags/example_latest_only.py for tasks to queue
[2025-07-14T12:48:20.065+0000] {logging_mixin.py:188} INFO - [2025-07-14T12:48:20.065+0000] {dagbag.py:538} INFO - Filling up the DagBag from /home/airflow/.local/lib/python3.8/site-packages/airflow/example_dags/example_latest_only.py
[2025-07-14T12:48:20.097+0000] {processor.py:840} INFO - DAG(s) 'latest_only' retrieved from /home/airflow/.local/lib/python3.8/site-packages/airflow/example_dags/example_latest_only.py
[2025-07-14T12:48:20.153+0000] {logging_mixin.py:188} INFO - [2025-07-14T12:48:20.149+0000] {dag.py:3036} INFO - Sync 1 DAGs
[2025-07-14T12:48:20.198+0000] {logging_mixin.py:188} INFO - [2025-07-14T12:48:20.198+0000] {dag.py:3823} INFO - Setting next_dagrun for latest_only to 2025-07-14 08:00:00+00:00, run_after=2025-07-14 12:00:00+00:00
[2025-07-14T12:48:20.241+0000] {processor.py:183} INFO - Processing /home/airflow/.local/lib/python3.8/site-packages/airflow/example_dags/example_latest_only.py took 0.196 seconds
[2025-07-14T12:48:51.726+0000] {processor.py:161} INFO - Started process (PID=1885) to work on /home/airflow/.local/lib/python3.8/site-packages/airflow/example_dags/example_latest_only.py
[2025-07-14T12:48:51.728+0000] {processor.py:830} INFO - Processing file /home/airflow/.local/lib/python3.8/site-packages/airflow/example_dags/example_latest_only.py for tasks to queue
[2025-07-14T12:48:51.735+0000] {logging_mixin.py:188} INFO - [2025-07-14T12:48:51.734+0000] {dagbag.py:538} INFO - Filling up the DagBag from /home/airflow/.local/lib/python3.8/site-packages/airflow/example_dags/example_latest_only.py
[2025-07-14T12:48:51.748+0000] {processor.py:840} INFO - DAG(s) 'latest_only' retrieved from /home/airflow/.local/lib/python3.8/site-packages/airflow/example_dags/example_latest_only.py
[2025-07-14T12:48:51.806+0000] {logging_mixin.py:188} INFO - [2025-07-14T12:48:51.805+0000] {dag.py:3036} INFO - Sync 1 DAGs
[2025-07-14T12:48:52.000+0000] {logging_mixin.py:188} INFO - [2025-07-14T12:48:51.999+0000] {dag.py:3823} INFO - Setting next_dagrun for latest_only to 2025-07-14 08:00:00+00:00, run_after=2025-07-14 12:00:00+00:00
[2025-07-14T12:48:52.049+0000] {processor.py:183} INFO - Processing /home/airflow/.local/lib/python3.8/site-packages/airflow/example_dags/example_latest_only.py took 0.331 seconds
[2025-07-14T12:49:22.598+0000] {processor.py:161} INFO - Started process (PID=1945) to work on /home/airflow/.local/lib/python3.8/site-packages/airflow/example_dags/example_latest_only.py
[2025-07-14T12:49:22.601+0000] {processor.py:830} INFO - Processing file /home/airflow/.local/lib/python3.8/site-packages/airflow/example_dags/example_latest_only.py for tasks to queue
[2025-07-14T12:49:22.605+0000] {logging_mixin.py:188} INFO - [2025-07-14T12:49:22.604+0000] {dagbag.py:538} INFO - Filling up the DagBag from /home/airflow/.local/lib/python3.8/site-packages/airflow/example_dags/example_latest_only.py
[2025-07-14T12:49:22.616+0000] {processor.py:840} INFO - DAG(s) 'latest_only' retrieved from /home/airflow/.local/lib/python3.8/site-packages/airflow/example_dags/example_latest_only.py
[2025-07-14T12:49:22.652+0000] {logging_mixin.py:188} INFO - [2025-07-14T12:49:22.651+0000] {dag.py:3036} INFO - Sync 1 DAGs
[2025-07-14T12:49:22.694+0000] {logging_mixin.py:188} INFO - [2025-07-14T12:49:22.694+0000] {dag.py:3823} INFO - Setting next_dagrun for latest_only to 2025-07-14 08:00:00+00:00, run_after=2025-07-14 12:00:00+00:00
[2025-07-14T12:49:22.737+0000] {processor.py:183} INFO - Processing /home/airflow/.local/lib/python3.8/site-packages/airflow/example_dags/example_latest_only.py took 0.145 seconds
[2025-07-14T12:49:53.152+0000] {processor.py:161} INFO - Started process (PID=2005) to work on /home/airflow/.local/lib/python3.8/site-packages/airflow/example_dags/example_latest_only.py
[2025-07-14T12:49:53.154+0000] {processor.py:830} INFO - Processing file /home/airflow/.local/lib/python3.8/site-packages/airflow/example_dags/example_latest_only.py for tasks to queue
[2025-07-14T12:49:53.158+0000] {logging_mixin.py:188} INFO - [2025-07-14T12:49:53.157+0000] {dagbag.py:538} INFO - Filling up the DagBag from /home/airflow/.local/lib/python3.8/site-packages/airflow/example_dags/example_latest_only.py
[2025-07-14T12:49:53.165+0000] {processor.py:840} INFO - DAG(s) 'latest_only' retrieved from /home/airflow/.local/lib/python3.8/site-packages/airflow/example_dags/example_latest_only.py
[2025-07-14T12:49:53.204+0000] {logging_mixin.py:188} INFO - [2025-07-14T12:49:53.204+0000] {dag.py:3036} INFO - Sync 1 DAGs
[2025-07-14T12:49:53.264+0000] {logging_mixin.py:188} INFO - [2025-07-14T12:49:53.264+0000] {dag.py:3823} INFO - Setting next_dagrun for latest_only to 2025-07-14 08:00:00+00:00, run_after=2025-07-14 12:00:00+00:00
[2025-07-14T12:49:53.319+0000] {processor.py:183} INFO - Processing /home/airflow/.local/lib/python3.8/site-packages/airflow/example_dags/example_latest_only.py took 0.173 seconds
[2025-07-14T12:50:23.830+0000] {processor.py:161} INFO - Started process (PID=2063) to work on /home/airflow/.local/lib/python3.8/site-packages/airflow/example_dags/example_latest_only.py
[2025-07-14T12:50:23.832+0000] {processor.py:830} INFO - Processing file /home/airflow/.local/lib/python3.8/site-packages/airflow/example_dags/example_latest_only.py for tasks to queue
[2025-07-14T12:50:23.835+0000] {logging_mixin.py:188} INFO - [2025-07-14T12:50:23.834+0000] {dagbag.py:538} INFO - Filling up the DagBag from /home/airflow/.local/lib/python3.8/site-packages/airflow/example_dags/example_latest_only.py
[2025-07-14T12:50:23.843+0000] {processor.py:840} INFO - DAG(s) 'latest_only' retrieved from /home/airflow/.local/lib/python3.8/site-packages/airflow/example_dags/example_latest_only.py
[2025-07-14T12:50:23.873+0000] {logging_mixin.py:188} INFO - [2025-07-14T12:50:23.872+0000] {dag.py:3036} INFO - Sync 1 DAGs
[2025-07-14T12:50:23.912+0000] {logging_mixin.py:188} INFO - [2025-07-14T12:50:23.912+0000] {dag.py:3823} INFO - Setting next_dagrun for latest_only to 2025-07-14 08:00:00+00:00, run_after=2025-07-14 12:00:00+00:00
[2025-07-14T12:50:23.942+0000] {processor.py:183} INFO - Processing /home/airflow/.local/lib/python3.8/site-packages/airflow/example_dags/example_latest_only.py took 0.117 seconds
[2025-07-14T12:50:54.824+0000] {processor.py:161} INFO - Started process (PID=2123) to work on /home/airflow/.local/lib/python3.8/site-packages/airflow/example_dags/example_latest_only.py
[2025-07-14T12:50:54.825+0000] {processor.py:830} INFO - Processing file /home/airflow/.local/lib/python3.8/site-packages/airflow/example_dags/example_latest_only.py for tasks to queue
[2025-07-14T12:50:54.829+0000] {logging_mixin.py:188} INFO - [2025-07-14T12:50:54.828+0000] {dagbag.py:538} INFO - Filling up the DagBag from /home/airflow/.local/lib/python3.8/site-packages/airflow/example_dags/example_latest_only.py
[2025-07-14T12:50:54.837+0000] {processor.py:840} INFO - DAG(s) 'latest_only' retrieved from /home/airflow/.local/lib/python3.8/site-packages/airflow/example_dags/example_latest_only.py
[2025-07-14T12:50:54.871+0000] {logging_mixin.py:188} INFO - [2025-07-14T12:50:54.870+0000] {dag.py:3036} INFO - Sync 1 DAGs
[2025-07-14T12:50:54.909+0000] {logging_mixin.py:188} INFO - [2025-07-14T12:50:54.908+0000] {dag.py:3823} INFO - Setting next_dagrun for latest_only to 2025-07-14 08:00:00+00:00, run_after=2025-07-14 12:00:00+00:00
[2025-07-14T12:50:54.943+0000] {processor.py:183} INFO - Processing /home/airflow/.local/lib/python3.8/site-packages/airflow/example_dags/example_latest_only.py took 0.125 seconds
[2025-07-14T12:51:25.661+0000] {processor.py:161} INFO - Started process (PID=2183) to work on /home/airflow/.local/lib/python3.8/site-packages/airflow/example_dags/example_latest_only.py
[2025-07-14T12:51:25.662+0000] {processor.py:830} INFO - Processing file /home/airflow/.local/lib/python3.8/site-packages/airflow/example_dags/example_latest_only.py for tasks to queue
[2025-07-14T12:51:25.666+0000] {logging_mixin.py:188} INFO - [2025-07-14T12:51:25.666+0000] {dagbag.py:538} INFO - Filling up the DagBag from /home/airflow/.local/lib/python3.8/site-packages/airflow/example_dags/example_latest_only.py
[2025-07-14T12:51:25.679+0000] {processor.py:840} INFO - DAG(s) 'latest_only' retrieved from /home/airflow/.local/lib/python3.8/site-packages/airflow/example_dags/example_latest_only.py
[2025-07-14T12:51:25.796+0000] {logging_mixin.py:188} INFO - [2025-07-14T12:51:25.793+0000] {dag.py:3036} INFO - Sync 1 DAGs
[2025-07-14T12:51:25.862+0000] {logging_mixin.py:188} INFO - [2025-07-14T12:51:25.862+0000] {dag.py:3823} INFO - Setting next_dagrun for latest_only to 2025-07-14 08:00:00+00:00, run_after=2025-07-14 12:00:00+00:00
[2025-07-14T12:51:25.897+0000] {processor.py:183} INFO - Processing /home/airflow/.local/lib/python3.8/site-packages/airflow/example_dags/example_latest_only.py took 0.242 seconds
[2025-07-14T12:51:55.975+0000] {processor.py:161} INFO - Started process (PID=2242) to work on /home/airflow/.local/lib/python3.8/site-packages/airflow/example_dags/example_latest_only.py
[2025-07-14T12:51:55.977+0000] {processor.py:830} INFO - Processing file /home/airflow/.local/lib/python3.8/site-packages/airflow/example_dags/example_latest_only.py for tasks to queue
[2025-07-14T12:51:55.980+0000] {logging_mixin.py:188} INFO - [2025-07-14T12:51:55.980+0000] {dagbag.py:538} INFO - Filling up the DagBag from /home/airflow/.local/lib/python3.8/site-packages/airflow/example_dags/example_latest_only.py
[2025-07-14T12:51:55.989+0000] {processor.py:840} INFO - DAG(s) 'latest_only' retrieved from /home/airflow/.local/lib/python3.8/site-packages/airflow/example_dags/example_latest_only.py
[2025-07-14T12:51:56.030+0000] {logging_mixin.py:188} INFO - [2025-07-14T12:51:56.029+0000] {dag.py:3036} INFO - Sync 1 DAGs
[2025-07-14T12:51:56.091+0000] {logging_mixin.py:188} INFO - [2025-07-14T12:51:56.091+0000] {dag.py:3823} INFO - Setting next_dagrun for latest_only to 2025-07-14 08:00:00+00:00, run_after=2025-07-14 12:00:00+00:00
[2025-07-14T12:51:56.130+0000] {processor.py:183} INFO - Processing /home/airflow/.local/lib/python3.8/site-packages/airflow/example_dags/example_latest_only.py took 0.160 seconds
[2025-07-14T12:52:26.530+0000] {processor.py:161} INFO - Started process (PID=2302) to work on /home/airflow/.local/lib/python3.8/site-packages/airflow/example_dags/example_latest_only.py
[2025-07-14T12:52:26.532+0000] {processor.py:830} INFO - Processing file /home/airflow/.local/lib/python3.8/site-packages/airflow/example_dags/example_latest_only.py for tasks to queue
[2025-07-14T12:52:26.536+0000] {logging_mixin.py:188} INFO - [2025-07-14T12:52:26.535+0000] {dagbag.py:538} INFO - Filling up the DagBag from /home/airflow/.local/lib/python3.8/site-packages/airflow/example_dags/example_latest_only.py
[2025-07-14T12:52:26.542+0000] {processor.py:840} INFO - DAG(s) 'latest_only' retrieved from /home/airflow/.local/lib/python3.8/site-packages/airflow/example_dags/example_latest_only.py
[2025-07-14T12:52:26.574+0000] {logging_mixin.py:188} INFO - [2025-07-14T12:52:26.573+0000] {dag.py:3036} INFO - Sync 1 DAGs
[2025-07-14T12:52:26.616+0000] {logging_mixin.py:188} INFO - [2025-07-14T12:52:26.616+0000] {dag.py:3823} INFO - Setting next_dagrun for latest_only to 2025-07-14 08:00:00+00:00, run_after=2025-07-14 12:00:00+00:00
[2025-07-14T12:52:26.656+0000] {processor.py:183} INFO - Processing /home/airflow/.local/lib/python3.8/site-packages/airflow/example_dags/example_latest_only.py took 0.134 seconds
[2025-07-14T12:52:57.302+0000] {processor.py:161} INFO - Started process (PID=2362) to work on /home/airflow/.local/lib/python3.8/site-packages/airflow/example_dags/example_latest_only.py
[2025-07-14T12:52:57.304+0000] {processor.py:830} INFO - Processing file /home/airflow/.local/lib/python3.8/site-packages/airflow/example_dags/example_latest_only.py for tasks to queue
[2025-07-14T12:52:57.309+0000] {logging_mixin.py:188} INFO - [2025-07-14T12:52:57.308+0000] {dagbag.py:538} INFO - Filling up the DagBag from /home/airflow/.local/lib/python3.8/site-packages/airflow/example_dags/example_latest_only.py
[2025-07-14T12:52:57.321+0000] {processor.py:840} INFO - DAG(s) 'latest_only' retrieved from /home/airflow/.local/lib/python3.8/site-packages/airflow/example_dags/example_latest_only.py
[2025-07-14T12:52:57.358+0000] {logging_mixin.py:188} INFO - [2025-07-14T12:52:57.358+0000] {dag.py:3036} INFO - Sync 1 DAGs
[2025-07-14T12:52:57.404+0000] {logging_mixin.py:188} INFO - [2025-07-14T12:52:57.403+0000] {dag.py:3823} INFO - Setting next_dagrun for latest_only to 2025-07-14 08:00:00+00:00, run_after=2025-07-14 12:00:00+00:00
[2025-07-14T12:52:57.443+0000] {processor.py:183} INFO - Processing /home/airflow/.local/lib/python3.8/site-packages/airflow/example_dags/example_latest_only.py took 0.147 seconds
[2025-07-14T12:53:27.679+0000] {processor.py:161} INFO - Started process (PID=2421) to work on /home/airflow/.local/lib/python3.8/site-packages/airflow/example_dags/example_latest_only.py
[2025-07-14T12:53:27.680+0000] {processor.py:830} INFO - Processing file /home/airflow/.local/lib/python3.8/site-packages/airflow/example_dags/example_latest_only.py for tasks to queue
[2025-07-14T12:53:27.683+0000] {logging_mixin.py:188} INFO - [2025-07-14T12:53:27.683+0000] {dagbag.py:538} INFO - Filling up the DagBag from /home/airflow/.local/lib/python3.8/site-packages/airflow/example_dags/example_latest_only.py
[2025-07-14T12:53:27.692+0000] {processor.py:840} INFO - DAG(s) 'latest_only' retrieved from /home/airflow/.local/lib/python3.8/site-packages/airflow/example_dags/example_latest_only.py
[2025-07-14T12:53:27.729+0000] {logging_mixin.py:188} INFO - [2025-07-14T12:53:27.728+0000] {dag.py:3036} INFO - Sync 1 DAGs
[2025-07-14T12:53:27.774+0000] {logging_mixin.py:188} INFO - [2025-07-14T12:53:27.774+0000] {dag.py:3823} INFO - Setting next_dagrun for latest_only to 2025-07-14 08:00:00+00:00, run_after=2025-07-14 12:00:00+00:00
[2025-07-14T12:53:27.817+0000] {processor.py:183} INFO - Processing /home/airflow/.local/lib/python3.8/site-packages/airflow/example_dags/example_latest_only.py took 0.143 seconds
[2025-07-14T12:53:58.446+0000] {processor.py:161} INFO - Started process (PID=2481) to work on /home/airflow/.local/lib/python3.8/site-packages/airflow/example_dags/example_latest_only.py
[2025-07-14T12:53:58.449+0000] {processor.py:830} INFO - Processing file /home/airflow/.local/lib/python3.8/site-packages/airflow/example_dags/example_latest_only.py for tasks to queue
[2025-07-14T12:53:58.455+0000] {logging_mixin.py:188} INFO - [2025-07-14T12:53:58.454+0000] {dagbag.py:538} INFO - Filling up the DagBag from /home/airflow/.local/lib/python3.8/site-packages/airflow/example_dags/example_latest_only.py
[2025-07-14T12:53:58.469+0000] {processor.py:840} INFO - DAG(s) 'latest_only' retrieved from /home/airflow/.local/lib/python3.8/site-packages/airflow/example_dags/example_latest_only.py
[2025-07-14T12:53:58.537+0000] {logging_mixin.py:188} INFO - [2025-07-14T12:53:58.537+0000] {dag.py:3036} INFO - Sync 1 DAGs
[2025-07-14T12:53:58.586+0000] {logging_mixin.py:188} INFO - [2025-07-14T12:53:58.585+0000] {dag.py:3823} INFO - Setting next_dagrun for latest_only to 2025-07-14 08:00:00+00:00, run_after=2025-07-14 12:00:00+00:00
[2025-07-14T12:53:58.634+0000] {processor.py:183} INFO - Processing /home/airflow/.local/lib/python3.8/site-packages/airflow/example_dags/example_latest_only.py took 0.195 seconds
[2025-07-14T12:54:29.778+0000] {processor.py:161} INFO - Started process (PID=2542) to work on /home/airflow/.local/lib/python3.8/site-packages/airflow/example_dags/example_latest_only.py
[2025-07-14T12:54:29.779+0000] {processor.py:830} INFO - Processing file /home/airflow/.local/lib/python3.8/site-packages/airflow/example_dags/example_latest_only.py for tasks to queue
[2025-07-14T12:54:29.783+0000] {logging_mixin.py:188} INFO - [2025-07-14T12:54:29.782+0000] {dagbag.py:538} INFO - Filling up the DagBag from /home/airflow/.local/lib/python3.8/site-packages/airflow/example_dags/example_latest_only.py
[2025-07-14T12:54:29.798+0000] {processor.py:840} INFO - DAG(s) 'latest_only' retrieved from /home/airflow/.local/lib/python3.8/site-packages/airflow/example_dags/example_latest_only.py
[2025-07-14T12:54:29.844+0000] {logging_mixin.py:188} INFO - [2025-07-14T12:54:29.843+0000] {dag.py:3036} INFO - Sync 1 DAGs
[2025-07-14T12:54:29.904+0000] {logging_mixin.py:188} INFO - [2025-07-14T12:54:29.904+0000] {dag.py:3823} INFO - Setting next_dagrun for latest_only to 2025-07-14 08:00:00+00:00, run_after=2025-07-14 12:00:00+00:00
[2025-07-14T12:54:29.949+0000] {processor.py:183} INFO - Processing /home/airflow/.local/lib/python3.8/site-packages/airflow/example_dags/example_latest_only.py took 0.177 seconds
[2025-07-14T12:55:00.402+0000] {processor.py:161} INFO - Started process (PID=2600) to work on /home/airflow/.local/lib/python3.8/site-packages/airflow/example_dags/example_latest_only.py
[2025-07-14T12:55:00.405+0000] {processor.py:830} INFO - Processing file /home/airflow/.local/lib/python3.8/site-packages/airflow/example_dags/example_latest_only.py for tasks to queue
[2025-07-14T12:55:00.411+0000] {logging_mixin.py:188} INFO - [2025-07-14T12:55:00.410+0000] {dagbag.py:538} INFO - Filling up the DagBag from /home/airflow/.local/lib/python3.8/site-packages/airflow/example_dags/example_latest_only.py
[2025-07-14T12:55:00.420+0000] {processor.py:840} INFO - DAG(s) 'latest_only' retrieved from /home/airflow/.local/lib/python3.8/site-packages/airflow/example_dags/example_latest_only.py
[2025-07-14T12:55:00.478+0000] {logging_mixin.py:188} INFO - [2025-07-14T12:55:00.478+0000] {dag.py:3036} INFO - Sync 1 DAGs
[2025-07-14T12:55:00.536+0000] {logging_mixin.py:188} INFO - [2025-07-14T12:55:00.536+0000] {dag.py:3823} INFO - Setting next_dagrun for latest_only to 2025-07-14 08:00:00+00:00, run_after=2025-07-14 12:00:00+00:00
[2025-07-14T12:55:00.625+0000] {processor.py:183} INFO - Processing /home/airflow/.local/lib/python3.8/site-packages/airflow/example_dags/example_latest_only.py took 0.229 seconds
[2025-07-14T12:55:31.591+0000] {processor.py:161} INFO - Started process (PID=2659) to work on /home/airflow/.local/lib/python3.8/site-packages/airflow/example_dags/example_latest_only.py
[2025-07-14T12:55:31.595+0000] {processor.py:830} INFO - Processing file /home/airflow/.local/lib/python3.8/site-packages/airflow/example_dags/example_latest_only.py for tasks to queue
[2025-07-14T12:55:31.598+0000] {logging_mixin.py:188} INFO - [2025-07-14T12:55:31.597+0000] {dagbag.py:538} INFO - Filling up the DagBag from /home/airflow/.local/lib/python3.8/site-packages/airflow/example_dags/example_latest_only.py
[2025-07-14T12:55:31.606+0000] {processor.py:840} INFO - DAG(s) 'latest_only' retrieved from /home/airflow/.local/lib/python3.8/site-packages/airflow/example_dags/example_latest_only.py
[2025-07-14T12:55:31.649+0000] {logging_mixin.py:188} INFO - [2025-07-14T12:55:31.648+0000] {dag.py:3036} INFO - Sync 1 DAGs
[2025-07-14T12:55:31.710+0000] {logging_mixin.py:188} INFO - [2025-07-14T12:55:31.709+0000] {dag.py:3823} INFO - Setting next_dagrun for latest_only to 2025-07-14 08:00:00+00:00, run_after=2025-07-14 12:00:00+00:00
[2025-07-14T12:55:31.757+0000] {processor.py:183} INFO - Processing /home/airflow/.local/lib/python3.8/site-packages/airflow/example_dags/example_latest_only.py took 0.172 seconds
[2025-07-14T12:56:02.132+0000] {processor.py:161} INFO - Started process (PID=2719) to work on /home/airflow/.local/lib/python3.8/site-packages/airflow/example_dags/example_latest_only.py
[2025-07-14T12:56:02.134+0000] {processor.py:830} INFO - Processing file /home/airflow/.local/lib/python3.8/site-packages/airflow/example_dags/example_latest_only.py for tasks to queue
[2025-07-14T12:56:02.138+0000] {logging_mixin.py:188} INFO - [2025-07-14T12:56:02.137+0000] {dagbag.py:538} INFO - Filling up the DagBag from /home/airflow/.local/lib/python3.8/site-packages/airflow/example_dags/example_latest_only.py
[2025-07-14T12:56:02.148+0000] {processor.py:840} INFO - DAG(s) 'latest_only' retrieved from /home/airflow/.local/lib/python3.8/site-packages/airflow/example_dags/example_latest_only.py
[2025-07-14T12:56:02.202+0000] {logging_mixin.py:188} INFO - [2025-07-14T12:56:02.202+0000] {dag.py:3036} INFO - Sync 1 DAGs
[2025-07-14T12:56:02.254+0000] {logging_mixin.py:188} INFO - [2025-07-14T12:56:02.254+0000] {dag.py:3823} INFO - Setting next_dagrun for latest_only to 2025-07-14 08:00:00+00:00, run_after=2025-07-14 12:00:00+00:00
[2025-07-14T12:56:02.304+0000] {processor.py:183} INFO - Processing /home/airflow/.local/lib/python3.8/site-packages/airflow/example_dags/example_latest_only.py took 0.177 seconds
[2025-07-14T12:56:32.373+0000] {processor.py:161} INFO - Started process (PID=2779) to work on /home/airflow/.local/lib/python3.8/site-packages/airflow/example_dags/example_latest_only.py
[2025-07-14T12:56:32.375+0000] {processor.py:830} INFO - Processing file /home/airflow/.local/lib/python3.8/site-packages/airflow/example_dags/example_latest_only.py for tasks to queue
[2025-07-14T12:56:32.380+0000] {logging_mixin.py:188} INFO - [2025-07-14T12:56:32.380+0000] {dagbag.py:538} INFO - Filling up the DagBag from /home/airflow/.local/lib/python3.8/site-packages/airflow/example_dags/example_latest_only.py
[2025-07-14T12:56:32.391+0000] {processor.py:840} INFO - DAG(s) 'latest_only' retrieved from /home/airflow/.local/lib/python3.8/site-packages/airflow/example_dags/example_latest_only.py
[2025-07-14T12:56:32.438+0000] {logging_mixin.py:188} INFO - [2025-07-14T12:56:32.438+0000] {dag.py:3036} INFO - Sync 1 DAGs
[2025-07-14T12:56:32.490+0000] {logging_mixin.py:188} INFO - [2025-07-14T12:56:32.490+0000] {dag.py:3823} INFO - Setting next_dagrun for latest_only to 2025-07-14 08:00:00+00:00, run_after=2025-07-14 12:00:00+00:00
[2025-07-14T12:56:32.535+0000] {processor.py:183} INFO - Processing /home/airflow/.local/lib/python3.8/site-packages/airflow/example_dags/example_latest_only.py took 0.169 seconds
[2025-07-14T12:57:02.583+0000] {processor.py:161} INFO - Started process (PID=2839) to work on /home/airflow/.local/lib/python3.8/site-packages/airflow/example_dags/example_latest_only.py
[2025-07-14T12:57:02.585+0000] {processor.py:830} INFO - Processing file /home/airflow/.local/lib/python3.8/site-packages/airflow/example_dags/example_latest_only.py for tasks to queue
[2025-07-14T12:57:02.603+0000] {logging_mixin.py:188} INFO - [2025-07-14T12:57:02.603+0000] {dagbag.py:538} INFO - Filling up the DagBag from /home/airflow/.local/lib/python3.8/site-packages/airflow/example_dags/example_latest_only.py
[2025-07-14T12:57:02.626+0000] {processor.py:840} INFO - DAG(s) 'latest_only' retrieved from /home/airflow/.local/lib/python3.8/site-packages/airflow/example_dags/example_latest_only.py
[2025-07-14T12:57:02.702+0000] {logging_mixin.py:188} INFO - [2025-07-14T12:57:02.701+0000] {dag.py:3036} INFO - Sync 1 DAGs
[2025-07-14T12:57:03.014+0000] {logging_mixin.py:188} INFO - [2025-07-14T12:57:03.014+0000] {dag.py:3823} INFO - Setting next_dagrun for latest_only to 2025-07-14 08:00:00+00:00, run_after=2025-07-14 12:00:00+00:00
[2025-07-14T12:57:03.058+0000] {processor.py:183} INFO - Processing /home/airflow/.local/lib/python3.8/site-packages/airflow/example_dags/example_latest_only.py took 0.483 seconds
[2025-07-14T12:57:33.100+0000] {processor.py:161} INFO - Started process (PID=2898) to work on /home/airflow/.local/lib/python3.8/site-packages/airflow/example_dags/example_latest_only.py
[2025-07-14T12:57:33.103+0000] {processor.py:830} INFO - Processing file /home/airflow/.local/lib/python3.8/site-packages/airflow/example_dags/example_latest_only.py for tasks to queue
[2025-07-14T12:57:33.107+0000] {logging_mixin.py:188} INFO - [2025-07-14T12:57:33.107+0000] {dagbag.py:538} INFO - Filling up the DagBag from /home/airflow/.local/lib/python3.8/site-packages/airflow/example_dags/example_latest_only.py
[2025-07-14T12:57:33.119+0000] {processor.py:840} INFO - DAG(s) 'latest_only' retrieved from /home/airflow/.local/lib/python3.8/site-packages/airflow/example_dags/example_latest_only.py
[2025-07-14T12:57:33.173+0000] {logging_mixin.py:188} INFO - [2025-07-14T12:57:33.172+0000] {dag.py:3036} INFO - Sync 1 DAGs
[2025-07-14T12:57:33.239+0000] {logging_mixin.py:188} INFO - [2025-07-14T12:57:33.239+0000] {dag.py:3823} INFO - Setting next_dagrun for latest_only to 2025-07-14 08:00:00+00:00, run_after=2025-07-14 12:00:00+00:00
[2025-07-14T12:57:33.498+0000] {processor.py:183} INFO - Processing /home/airflow/.local/lib/python3.8/site-packages/airflow/example_dags/example_latest_only.py took 0.412 seconds
[2025-07-14T12:58:04.389+0000] {processor.py:161} INFO - Started process (PID=2958) to work on /home/airflow/.local/lib/python3.8/site-packages/airflow/example_dags/example_latest_only.py
[2025-07-14T12:58:04.391+0000] {processor.py:830} INFO - Processing file /home/airflow/.local/lib/python3.8/site-packages/airflow/example_dags/example_latest_only.py for tasks to queue
[2025-07-14T12:58:04.401+0000] {logging_mixin.py:188} INFO - [2025-07-14T12:58:04.401+0000] {dagbag.py:538} INFO - Filling up the DagBag from /home/airflow/.local/lib/python3.8/site-packages/airflow/example_dags/example_latest_only.py
[2025-07-14T12:58:04.414+0000] {processor.py:840} INFO - DAG(s) 'latest_only' retrieved from /home/airflow/.local/lib/python3.8/site-packages/airflow/example_dags/example_latest_only.py
[2025-07-14T12:58:04.476+0000] {logging_mixin.py:188} INFO - [2025-07-14T12:58:04.476+0000] {dag.py:3036} INFO - Sync 1 DAGs
[2025-07-14T12:58:04.544+0000] {logging_mixin.py:188} INFO - [2025-07-14T12:58:04.543+0000] {dag.py:3823} INFO - Setting next_dagrun for latest_only to 2025-07-14 08:00:00+00:00, run_after=2025-07-14 12:00:00+00:00
[2025-07-14T12:58:04.635+0000] {processor.py:183} INFO - Processing /home/airflow/.local/lib/python3.8/site-packages/airflow/example_dags/example_latest_only.py took 0.253 seconds
[2025-07-14T12:58:34.742+0000] {processor.py:161} INFO - Started process (PID=3014) to work on /home/airflow/.local/lib/python3.8/site-packages/airflow/example_dags/example_latest_only.py
[2025-07-14T12:58:34.743+0000] {processor.py:830} INFO - Processing file /home/airflow/.local/lib/python3.8/site-packages/airflow/example_dags/example_latest_only.py for tasks to queue
[2025-07-14T12:58:34.746+0000] {logging_mixin.py:188} INFO - [2025-07-14T12:58:34.746+0000] {dagbag.py:538} INFO - Filling up the DagBag from /home/airflow/.local/lib/python3.8/site-packages/airflow/example_dags/example_latest_only.py
[2025-07-14T12:58:34.755+0000] {processor.py:840} INFO - DAG(s) 'latest_only' retrieved from /home/airflow/.local/lib/python3.8/site-packages/airflow/example_dags/example_latest_only.py
[2025-07-14T12:58:34.788+0000] {logging_mixin.py:188} INFO - [2025-07-14T12:58:34.787+0000] {dag.py:3036} INFO - Sync 1 DAGs
[2025-07-14T12:58:34.829+0000] {logging_mixin.py:188} INFO - [2025-07-14T12:58:34.829+0000] {dag.py:3823} INFO - Setting next_dagrun for latest_only to 2025-07-14 08:00:00+00:00, run_after=2025-07-14 12:00:00+00:00
[2025-07-14T12:58:34.862+0000] {processor.py:183} INFO - Processing /home/airflow/.local/lib/python3.8/site-packages/airflow/example_dags/example_latest_only.py took 0.128 seconds
[2025-07-14T12:59:05.439+0000] {processor.py:161} INFO - Started process (PID=3074) to work on /home/airflow/.local/lib/python3.8/site-packages/airflow/example_dags/example_latest_only.py
[2025-07-14T12:59:05.444+0000] {processor.py:830} INFO - Processing file /home/airflow/.local/lib/python3.8/site-packages/airflow/example_dags/example_latest_only.py for tasks to queue
[2025-07-14T12:59:05.448+0000] {logging_mixin.py:188} INFO - [2025-07-14T12:59:05.447+0000] {dagbag.py:538} INFO - Filling up the DagBag from /home/airflow/.local/lib/python3.8/site-packages/airflow/example_dags/example_latest_only.py
[2025-07-14T12:59:05.855+0000] {processor.py:840} INFO - DAG(s) 'latest_only' retrieved from /home/airflow/.local/lib/python3.8/site-packages/airflow/example_dags/example_latest_only.py
[2025-07-14T12:59:05.911+0000] {logging_mixin.py:188} INFO - [2025-07-14T12:59:05.910+0000] {dag.py:3036} INFO - Sync 1 DAGs
[2025-07-14T12:59:05.974+0000] {logging_mixin.py:188} INFO - [2025-07-14T12:59:05.970+0000] {dag.py:3823} INFO - Setting next_dagrun for latest_only to 2025-07-14 08:00:00+00:00, run_after=2025-07-14 12:00:00+00:00
[2025-07-14T12:59:06.042+0000] {processor.py:183} INFO - Processing /home/airflow/.local/lib/python3.8/site-packages/airflow/example_dags/example_latest_only.py took 0.612 seconds
[2025-07-14T12:59:36.128+0000] {processor.py:161} INFO - Started process (PID=3133) to work on /home/airflow/.local/lib/python3.8/site-packages/airflow/example_dags/example_latest_only.py
[2025-07-14T12:59:36.130+0000] {processor.py:830} INFO - Processing file /home/airflow/.local/lib/python3.8/site-packages/airflow/example_dags/example_latest_only.py for tasks to queue
[2025-07-14T12:59:36.132+0000] {logging_mixin.py:188} INFO - [2025-07-14T12:59:36.132+0000] {dagbag.py:538} INFO - Filling up the DagBag from /home/airflow/.local/lib/python3.8/site-packages/airflow/example_dags/example_latest_only.py
[2025-07-14T12:59:36.146+0000] {processor.py:840} INFO - DAG(s) 'latest_only' retrieved from /home/airflow/.local/lib/python3.8/site-packages/airflow/example_dags/example_latest_only.py
[2025-07-14T12:59:36.193+0000] {logging_mixin.py:188} INFO - [2025-07-14T12:59:36.189+0000] {dag.py:3036} INFO - Sync 1 DAGs
[2025-07-14T12:59:36.249+0000] {logging_mixin.py:188} INFO - [2025-07-14T12:59:36.249+0000] {dag.py:3823} INFO - Setting next_dagrun for latest_only to 2025-07-14 08:00:00+00:00, run_after=2025-07-14 12:00:00+00:00
[2025-07-14T12:59:36.291+0000] {processor.py:183} INFO - Processing /home/airflow/.local/lib/python3.8/site-packages/airflow/example_dags/example_latest_only.py took 0.171 seconds
[2025-07-14T13:00:06.807+0000] {processor.py:161} INFO - Started process (PID=3194) to work on /home/airflow/.local/lib/python3.8/site-packages/airflow/example_dags/example_latest_only.py
[2025-07-14T13:00:06.826+0000] {processor.py:830} INFO - Processing file /home/airflow/.local/lib/python3.8/site-packages/airflow/example_dags/example_latest_only.py for tasks to queue
[2025-07-14T13:00:06.835+0000] {logging_mixin.py:188} INFO - [2025-07-14T13:00:06.834+0000] {dagbag.py:538} INFO - Filling up the DagBag from /home/airflow/.local/lib/python3.8/site-packages/airflow/example_dags/example_latest_only.py
[2025-07-14T13:00:06.844+0000] {processor.py:840} INFO - DAG(s) 'latest_only' retrieved from /home/airflow/.local/lib/python3.8/site-packages/airflow/example_dags/example_latest_only.py
[2025-07-14T13:00:06.879+0000] {logging_mixin.py:188} INFO - [2025-07-14T13:00:06.879+0000] {dag.py:3036} INFO - Sync 1 DAGs
[2025-07-14T13:00:06.941+0000] {logging_mixin.py:188} INFO - [2025-07-14T13:00:06.941+0000] {dag.py:3823} INFO - Setting next_dagrun for latest_only to 2025-07-14 08:00:00+00:00, run_after=2025-07-14 12:00:00+00:00
[2025-07-14T13:00:07.065+0000] {processor.py:183} INFO - Processing /home/airflow/.local/lib/python3.8/site-packages/airflow/example_dags/example_latest_only.py took 0.265 seconds
[2025-07-14T13:00:37.332+0000] {processor.py:161} INFO - Started process (PID=3254) to work on /home/airflow/.local/lib/python3.8/site-packages/airflow/example_dags/example_latest_only.py
[2025-07-14T13:00:37.335+0000] {processor.py:830} INFO - Processing file /home/airflow/.local/lib/python3.8/site-packages/airflow/example_dags/example_latest_only.py for tasks to queue
[2025-07-14T13:00:37.343+0000] {logging_mixin.py:188} INFO - [2025-07-14T13:00:37.342+0000] {dagbag.py:538} INFO - Filling up the DagBag from /home/airflow/.local/lib/python3.8/site-packages/airflow/example_dags/example_latest_only.py
[2025-07-14T13:00:37.354+0000] {processor.py:840} INFO - DAG(s) 'latest_only' retrieved from /home/airflow/.local/lib/python3.8/site-packages/airflow/example_dags/example_latest_only.py
[2025-07-14T13:00:37.397+0000] {logging_mixin.py:188} INFO - [2025-07-14T13:00:37.396+0000] {dag.py:3036} INFO - Sync 1 DAGs
[2025-07-14T13:00:37.453+0000] {logging_mixin.py:188} INFO - [2025-07-14T13:00:37.453+0000] {dag.py:3823} INFO - Setting next_dagrun for latest_only to 2025-07-14 08:00:00+00:00, run_after=2025-07-14 12:00:00+00:00
[2025-07-14T13:00:37.510+0000] {processor.py:183} INFO - Processing /home/airflow/.local/lib/python3.8/site-packages/airflow/example_dags/example_latest_only.py took 0.184 seconds
[2025-07-14T13:01:07.799+0000] {processor.py:161} INFO - Started process (PID=3314) to work on /home/airflow/.local/lib/python3.8/site-packages/airflow/example_dags/example_latest_only.py
[2025-07-14T13:01:07.804+0000] {processor.py:830} INFO - Processing file /home/airflow/.local/lib/python3.8/site-packages/airflow/example_dags/example_latest_only.py for tasks to queue
[2025-07-14T13:01:07.806+0000] {logging_mixin.py:188} INFO - [2025-07-14T13:01:07.806+0000] {dagbag.py:538} INFO - Filling up the DagBag from /home/airflow/.local/lib/python3.8/site-packages/airflow/example_dags/example_latest_only.py
[2025-07-14T13:01:07.820+0000] {processor.py:840} INFO - DAG(s) 'latest_only' retrieved from /home/airflow/.local/lib/python3.8/site-packages/airflow/example_dags/example_latest_only.py
[2025-07-14T13:01:07.983+0000] {logging_mixin.py:188} INFO - [2025-07-14T13:01:07.973+0000] {dag.py:3036} INFO - Sync 1 DAGs
[2025-07-14T13:01:08.076+0000] {logging_mixin.py:188} INFO - [2025-07-14T13:01:08.076+0000] {dag.py:3823} INFO - Setting next_dagrun for latest_only to 2025-07-14 08:00:00+00:00, run_after=2025-07-14 12:00:00+00:00
[2025-07-14T13:01:08.118+0000] {processor.py:183} INFO - Processing /home/airflow/.local/lib/python3.8/site-packages/airflow/example_dags/example_latest_only.py took 0.331 seconds
[2025-07-14T13:01:38.855+0000] {processor.py:161} INFO - Started process (PID=3373) to work on /home/airflow/.local/lib/python3.8/site-packages/airflow/example_dags/example_latest_only.py
[2025-07-14T13:01:38.859+0000] {processor.py:830} INFO - Processing file /home/airflow/.local/lib/python3.8/site-packages/airflow/example_dags/example_latest_only.py for tasks to queue
[2025-07-14T13:01:38.878+0000] {logging_mixin.py:188} INFO - [2025-07-14T13:01:38.877+0000] {dagbag.py:538} INFO - Filling up the DagBag from /home/airflow/.local/lib/python3.8/site-packages/airflow/example_dags/example_latest_only.py
[2025-07-14T13:01:38.894+0000] {processor.py:840} INFO - DAG(s) 'latest_only' retrieved from /home/airflow/.local/lib/python3.8/site-packages/airflow/example_dags/example_latest_only.py
[2025-07-14T13:01:38.979+0000] {logging_mixin.py:188} INFO - [2025-07-14T13:01:38.978+0000] {dag.py:3036} INFO - Sync 1 DAGs
[2025-07-14T13:01:39.043+0000] {logging_mixin.py:188} INFO - [2025-07-14T13:01:39.043+0000] {dag.py:3823} INFO - Setting next_dagrun for latest_only to 2025-07-14 08:00:00+00:00, run_after=2025-07-14 12:00:00+00:00
[2025-07-14T13:01:39.102+0000] {processor.py:183} INFO - Processing /home/airflow/.local/lib/python3.8/site-packages/airflow/example_dags/example_latest_only.py took 0.257 seconds
[2025-07-14T13:02:09.704+0000] {processor.py:161} INFO - Started process (PID=3433) to work on /home/airflow/.local/lib/python3.8/site-packages/airflow/example_dags/example_latest_only.py
[2025-07-14T13:02:09.710+0000] {processor.py:830} INFO - Processing file /home/airflow/.local/lib/python3.8/site-packages/airflow/example_dags/example_latest_only.py for tasks to queue
[2025-07-14T13:02:09.713+0000] {logging_mixin.py:188} INFO - [2025-07-14T13:02:09.713+0000] {dagbag.py:538} INFO - Filling up the DagBag from /home/airflow/.local/lib/python3.8/site-packages/airflow/example_dags/example_latest_only.py
[2025-07-14T13:02:09.722+0000] {processor.py:840} INFO - DAG(s) 'latest_only' retrieved from /home/airflow/.local/lib/python3.8/site-packages/airflow/example_dags/example_latest_only.py
[2025-07-14T13:02:09.762+0000] {logging_mixin.py:188} INFO - [2025-07-14T13:02:09.762+0000] {dag.py:3036} INFO - Sync 1 DAGs
[2025-07-14T13:02:09.810+0000] {logging_mixin.py:188} INFO - [2025-07-14T13:02:09.809+0000] {dag.py:3823} INFO - Setting next_dagrun for latest_only to 2025-07-14 08:00:00+00:00, run_after=2025-07-14 12:00:00+00:00
[2025-07-14T13:02:09.859+0000] {processor.py:183} INFO - Processing /home/airflow/.local/lib/python3.8/site-packages/airflow/example_dags/example_latest_only.py took 0.161 seconds
[2025-07-14T13:02:40.231+0000] {processor.py:161} INFO - Started process (PID=3493) to work on /home/airflow/.local/lib/python3.8/site-packages/airflow/example_dags/example_latest_only.py
[2025-07-14T13:02:40.234+0000] {processor.py:830} INFO - Processing file /home/airflow/.local/lib/python3.8/site-packages/airflow/example_dags/example_latest_only.py for tasks to queue
[2025-07-14T13:02:40.237+0000] {logging_mixin.py:188} INFO - [2025-07-14T13:02:40.237+0000] {dagbag.py:538} INFO - Filling up the DagBag from /home/airflow/.local/lib/python3.8/site-packages/airflow/example_dags/example_latest_only.py
[2025-07-14T13:02:40.250+0000] {processor.py:840} INFO - DAG(s) 'latest_only' retrieved from /home/airflow/.local/lib/python3.8/site-packages/airflow/example_dags/example_latest_only.py
[2025-07-14T13:02:40.294+0000] {logging_mixin.py:188} INFO - [2025-07-14T13:02:40.294+0000] {dag.py:3036} INFO - Sync 1 DAGs
[2025-07-14T13:02:40.352+0000] {logging_mixin.py:188} INFO - [2025-07-14T13:02:40.351+0000] {dag.py:3823} INFO - Setting next_dagrun for latest_only to 2025-07-14 08:00:00+00:00, run_after=2025-07-14 12:00:00+00:00
[2025-07-14T13:02:40.400+0000] {processor.py:183} INFO - Processing /home/airflow/.local/lib/python3.8/site-packages/airflow/example_dags/example_latest_only.py took 0.176 seconds
[2025-07-14T13:03:10.829+0000] {processor.py:161} INFO - Started process (PID=3553) to work on /home/airflow/.local/lib/python3.8/site-packages/airflow/example_dags/example_latest_only.py
[2025-07-14T13:03:10.832+0000] {processor.py:830} INFO - Processing file /home/airflow/.local/lib/python3.8/site-packages/airflow/example_dags/example_latest_only.py for tasks to queue
[2025-07-14T13:03:10.836+0000] {logging_mixin.py:188} INFO - [2025-07-14T13:03:10.835+0000] {dagbag.py:538} INFO - Filling up the DagBag from /home/airflow/.local/lib/python3.8/site-packages/airflow/example_dags/example_latest_only.py
[2025-07-14T13:03:10.847+0000] {processor.py:840} INFO - DAG(s) 'latest_only' retrieved from /home/airflow/.local/lib/python3.8/site-packages/airflow/example_dags/example_latest_only.py
[2025-07-14T13:03:11.048+0000] {logging_mixin.py:188} INFO - [2025-07-14T13:03:11.048+0000] {dag.py:3036} INFO - Sync 1 DAGs
[2025-07-14T13:03:11.164+0000] {logging_mixin.py:188} INFO - [2025-07-14T13:03:11.164+0000] {dag.py:3823} INFO - Setting next_dagrun for latest_only to 2025-07-14 08:00:00+00:00, run_after=2025-07-14 12:00:00+00:00
[2025-07-14T13:03:11.273+0000] {processor.py:183} INFO - Processing /home/airflow/.local/lib/python3.8/site-packages/airflow/example_dags/example_latest_only.py took 0.451 seconds
[2025-07-14T13:03:41.428+0000] {processor.py:161} INFO - Started process (PID=3613) to work on /home/airflow/.local/lib/python3.8/site-packages/airflow/example_dags/example_latest_only.py
[2025-07-14T13:03:41.430+0000] {processor.py:830} INFO - Processing file /home/airflow/.local/lib/python3.8/site-packages/airflow/example_dags/example_latest_only.py for tasks to queue
[2025-07-14T13:03:41.434+0000] {logging_mixin.py:188} INFO - [2025-07-14T13:03:41.434+0000] {dagbag.py:538} INFO - Filling up the DagBag from /home/airflow/.local/lib/python3.8/site-packages/airflow/example_dags/example_latest_only.py
[2025-07-14T13:03:41.446+0000] {processor.py:840} INFO - DAG(s) 'latest_only' retrieved from /home/airflow/.local/lib/python3.8/site-packages/airflow/example_dags/example_latest_only.py
[2025-07-14T13:03:41.486+0000] {logging_mixin.py:188} INFO - [2025-07-14T13:03:41.486+0000] {dag.py:3036} INFO - Sync 1 DAGs
[2025-07-14T13:03:41.533+0000] {logging_mixin.py:188} INFO - [2025-07-14T13:03:41.533+0000] {dag.py:3823} INFO - Setting next_dagrun for latest_only to 2025-07-14 08:00:00+00:00, run_after=2025-07-14 12:00:00+00:00
[2025-07-14T13:03:41.571+0000] {processor.py:183} INFO - Processing /home/airflow/.local/lib/python3.8/site-packages/airflow/example_dags/example_latest_only.py took 0.149 seconds
[2025-07-14T13:04:11.977+0000] {processor.py:161} INFO - Started process (PID=3673) to work on /home/airflow/.local/lib/python3.8/site-packages/airflow/example_dags/example_latest_only.py
[2025-07-14T13:04:11.979+0000] {processor.py:830} INFO - Processing file /home/airflow/.local/lib/python3.8/site-packages/airflow/example_dags/example_latest_only.py for tasks to queue
[2025-07-14T13:04:11.982+0000] {logging_mixin.py:188} INFO - [2025-07-14T13:04:11.982+0000] {dagbag.py:538} INFO - Filling up the DagBag from /home/airflow/.local/lib/python3.8/site-packages/airflow/example_dags/example_latest_only.py
[2025-07-14T13:04:11.991+0000] {processor.py:840} INFO - DAG(s) 'latest_only' retrieved from /home/airflow/.local/lib/python3.8/site-packages/airflow/example_dags/example_latest_only.py
[2025-07-14T13:04:12.023+0000] {logging_mixin.py:188} INFO - [2025-07-14T13:04:12.023+0000] {dag.py:3036} INFO - Sync 1 DAGs
[2025-07-14T13:04:12.070+0000] {logging_mixin.py:188} INFO - [2025-07-14T13:04:12.070+0000] {dag.py:3823} INFO - Setting next_dagrun for latest_only to 2025-07-14 08:00:00+00:00, run_after=2025-07-14 12:00:00+00:00
[2025-07-14T13:04:12.106+0000] {processor.py:183} INFO - Processing /home/airflow/.local/lib/python3.8/site-packages/airflow/example_dags/example_latest_only.py took 0.135 seconds
[2025-07-14T13:04:42.895+0000] {processor.py:161} INFO - Started process (PID=3733) to work on /home/airflow/.local/lib/python3.8/site-packages/airflow/example_dags/example_latest_only.py
[2025-07-14T13:04:42.898+0000] {processor.py:830} INFO - Processing file /home/airflow/.local/lib/python3.8/site-packages/airflow/example_dags/example_latest_only.py for tasks to queue
[2025-07-14T13:04:42.903+0000] {logging_mixin.py:188} INFO - [2025-07-14T13:04:42.902+0000] {dagbag.py:538} INFO - Filling up the DagBag from /home/airflow/.local/lib/python3.8/site-packages/airflow/example_dags/example_latest_only.py
[2025-07-14T13:04:42.922+0000] {processor.py:840} INFO - DAG(s) 'latest_only' retrieved from /home/airflow/.local/lib/python3.8/site-packages/airflow/example_dags/example_latest_only.py
[2025-07-14T13:04:42.993+0000] {logging_mixin.py:188} INFO - [2025-07-14T13:04:42.993+0000] {dag.py:3036} INFO - Sync 1 DAGs
[2025-07-14T13:04:43.095+0000] {logging_mixin.py:188} INFO - [2025-07-14T13:04:43.094+0000] {dag.py:3823} INFO - Setting next_dagrun for latest_only to 2025-07-14 08:00:00+00:00, run_after=2025-07-14 12:00:00+00:00
[2025-07-14T13:04:43.253+0000] {processor.py:183} INFO - Processing /home/airflow/.local/lib/python3.8/site-packages/airflow/example_dags/example_latest_only.py took 0.364 seconds
[2025-07-14T13:05:14.248+0000] {processor.py:161} INFO - Started process (PID=3792) to work on /home/airflow/.local/lib/python3.8/site-packages/airflow/example_dags/example_latest_only.py
[2025-07-14T13:05:14.251+0000] {processor.py:830} INFO - Processing file /home/airflow/.local/lib/python3.8/site-packages/airflow/example_dags/example_latest_only.py for tasks to queue
[2025-07-14T13:05:14.255+0000] {logging_mixin.py:188} INFO - [2025-07-14T13:05:14.253+0000] {dagbag.py:538} INFO - Filling up the DagBag from /home/airflow/.local/lib/python3.8/site-packages/airflow/example_dags/example_latest_only.py
[2025-07-14T13:05:14.263+0000] {processor.py:840} INFO - DAG(s) 'latest_only' retrieved from /home/airflow/.local/lib/python3.8/site-packages/airflow/example_dags/example_latest_only.py
[2025-07-14T13:05:14.304+0000] {logging_mixin.py:188} INFO - [2025-07-14T13:05:14.303+0000] {dag.py:3036} INFO - Sync 1 DAGs
[2025-07-14T13:05:14.351+0000] {logging_mixin.py:188} INFO - [2025-07-14T13:05:14.350+0000] {dag.py:3823} INFO - Setting next_dagrun for latest_only to 2025-07-14 08:00:00+00:00, run_after=2025-07-14 12:00:00+00:00
[2025-07-14T13:05:14.409+0000] {processor.py:183} INFO - Processing /home/airflow/.local/lib/python3.8/site-packages/airflow/example_dags/example_latest_only.py took 0.167 seconds
[2025-07-14T13:05:44.763+0000] {processor.py:161} INFO - Started process (PID=3852) to work on /home/airflow/.local/lib/python3.8/site-packages/airflow/example_dags/example_latest_only.py
[2025-07-14T13:05:44.765+0000] {processor.py:830} INFO - Processing file /home/airflow/.local/lib/python3.8/site-packages/airflow/example_dags/example_latest_only.py for tasks to queue
[2025-07-14T13:05:44.768+0000] {logging_mixin.py:188} INFO - [2025-07-14T13:05:44.767+0000] {dagbag.py:538} INFO - Filling up the DagBag from /home/airflow/.local/lib/python3.8/site-packages/airflow/example_dags/example_latest_only.py
[2025-07-14T13:05:44.778+0000] {processor.py:840} INFO - DAG(s) 'latest_only' retrieved from /home/airflow/.local/lib/python3.8/site-packages/airflow/example_dags/example_latest_only.py
[2025-07-14T13:05:44.820+0000] {logging_mixin.py:188} INFO - [2025-07-14T13:05:44.819+0000] {dag.py:3036} INFO - Sync 1 DAGs
[2025-07-14T13:05:44.866+0000] {logging_mixin.py:188} INFO - [2025-07-14T13:05:44.866+0000] {dag.py:3823} INFO - Setting next_dagrun for latest_only to 2025-07-14 08:00:00+00:00, run_after=2025-07-14 12:00:00+00:00
[2025-07-14T13:05:44.910+0000] {processor.py:183} INFO - Processing /home/airflow/.local/lib/python3.8/site-packages/airflow/example_dags/example_latest_only.py took 0.152 seconds
