[2025-07-14T12:33:37.087+0000] {processor.py:161} INFO - Started process (PID=102) to work on /home/airflow/.local/lib/python3.8/site-packages/airflow/example_dags/example_task_group.py
[2025-07-14T12:33:37.091+0000] {processor.py:830} INFO - Processing file /home/airflow/.local/lib/python3.8/site-packages/airflow/example_dags/example_task_group.py for tasks to queue
[2025-07-14T12:33:37.097+0000] {logging_mixin.py:188} INFO - [2025-07-14T12:33:37.096+0000] {dagbag.py:538} INFO - Filling up the DagBag from /home/airflow/.local/lib/python3.8/site-packages/airflow/example_dags/example_task_group.py
[2025-07-14T12:33:37.147+0000] {processor.py:840} INFO - DAG(s) 'example_task_group' retrieved from /home/airflow/.local/lib/python3.8/site-packages/airflow/example_dags/example_task_group.py
[2025-07-14T12:33:37.237+0000] {logging_mixin.py:188} INFO - [2025-07-14T12:33:37.237+0000] {dag.py:3036} INFO - Sync 1 DAGs
[2025-07-14T12:33:37.325+0000] {logging_mixin.py:188} INFO - [2025-07-14T12:33:37.324+0000] {dag.py:3823} INFO - Setting next_dagrun for example_task_group to 2025-07-13 00:00:00+00:00, run_after=2025-07-14 00:00:00+00:00
[2025-07-14T12:33:37.370+0000] {processor.py:183} INFO - Processing /home/airflow/.local/lib/python3.8/site-packages/airflow/example_dags/example_task_group.py took 0.290 seconds
[2025-07-14T12:34:08.005+0000] {processor.py:161} INFO - Started process (PID=162) to work on /home/airflow/.local/lib/python3.8/site-packages/airflow/example_dags/example_task_group.py
[2025-07-14T12:34:08.007+0000] {processor.py:830} INFO - Processing file /home/airflow/.local/lib/python3.8/site-packages/airflow/example_dags/example_task_group.py for tasks to queue
[2025-07-14T12:34:08.012+0000] {logging_mixin.py:188} INFO - [2025-07-14T12:34:08.012+0000] {dagbag.py:538} INFO - Filling up the DagBag from /home/airflow/.local/lib/python3.8/site-packages/airflow/example_dags/example_task_group.py
[2025-07-14T12:34:08.029+0000] {processor.py:840} INFO - DAG(s) 'example_task_group' retrieved from /home/airflow/.local/lib/python3.8/site-packages/airflow/example_dags/example_task_group.py
[2025-07-14T12:34:08.072+0000] {logging_mixin.py:188} INFO - [2025-07-14T12:34:08.071+0000] {dag.py:3036} INFO - Sync 1 DAGs
[2025-07-14T12:34:08.125+0000] {logging_mixin.py:188} INFO - [2025-07-14T12:34:08.125+0000] {dag.py:3823} INFO - Setting next_dagrun for example_task_group to 2025-07-13 00:00:00+00:00, run_after=2025-07-14 00:00:00+00:00
[2025-07-14T12:34:08.158+0000] {processor.py:183} INFO - Processing /home/airflow/.local/lib/python3.8/site-packages/airflow/example_dags/example_task_group.py took 0.159 seconds
[2025-07-14T12:34:38.677+0000] {processor.py:161} INFO - Started process (PID=223) to work on /home/airflow/.local/lib/python3.8/site-packages/airflow/example_dags/example_task_group.py
[2025-07-14T12:34:38.680+0000] {processor.py:830} INFO - Processing file /home/airflow/.local/lib/python3.8/site-packages/airflow/example_dags/example_task_group.py for tasks to queue
[2025-07-14T12:34:38.685+0000] {logging_mixin.py:188} INFO - [2025-07-14T12:34:38.685+0000] {dagbag.py:538} INFO - Filling up the DagBag from /home/airflow/.local/lib/python3.8/site-packages/airflow/example_dags/example_task_group.py
[2025-07-14T12:34:38.704+0000] {processor.py:840} INFO - DAG(s) 'example_task_group' retrieved from /home/airflow/.local/lib/python3.8/site-packages/airflow/example_dags/example_task_group.py
[2025-07-14T12:34:38.761+0000] {logging_mixin.py:188} INFO - [2025-07-14T12:34:38.760+0000] {dag.py:3036} INFO - Sync 1 DAGs
[2025-07-14T12:34:38.849+0000] {logging_mixin.py:188} INFO - [2025-07-14T12:34:38.849+0000] {dag.py:3823} INFO - Setting next_dagrun for example_task_group to 2025-07-13 00:00:00+00:00, run_after=2025-07-14 00:00:00+00:00
[2025-07-14T12:34:38.897+0000] {processor.py:183} INFO - Processing /home/airflow/.local/lib/python3.8/site-packages/airflow/example_dags/example_task_group.py took 0.228 seconds
[2025-07-14T12:35:09.139+0000] {processor.py:161} INFO - Started process (PID=283) to work on /home/airflow/.local/lib/python3.8/site-packages/airflow/example_dags/example_task_group.py
[2025-07-14T12:35:09.140+0000] {processor.py:830} INFO - Processing file /home/airflow/.local/lib/python3.8/site-packages/airflow/example_dags/example_task_group.py for tasks to queue
[2025-07-14T12:35:09.146+0000] {logging_mixin.py:188} INFO - [2025-07-14T12:35:09.145+0000] {dagbag.py:538} INFO - Filling up the DagBag from /home/airflow/.local/lib/python3.8/site-packages/airflow/example_dags/example_task_group.py
[2025-07-14T12:35:09.157+0000] {processor.py:840} INFO - DAG(s) 'example_task_group' retrieved from /home/airflow/.local/lib/python3.8/site-packages/airflow/example_dags/example_task_group.py
[2025-07-14T12:35:09.205+0000] {logging_mixin.py:188} INFO - [2025-07-14T12:35:09.204+0000] {dag.py:3036} INFO - Sync 1 DAGs
[2025-07-14T12:35:09.249+0000] {logging_mixin.py:188} INFO - [2025-07-14T12:35:09.248+0000] {dag.py:3823} INFO - Setting next_dagrun for example_task_group to 2025-07-13 00:00:00+00:00, run_after=2025-07-14 00:00:00+00:00
[2025-07-14T12:35:09.287+0000] {processor.py:183} INFO - Processing /home/airflow/.local/lib/python3.8/site-packages/airflow/example_dags/example_task_group.py took 0.153 seconds
[2025-07-14T12:35:39.909+0000] {processor.py:161} INFO - Started process (PID=344) to work on /home/airflow/.local/lib/python3.8/site-packages/airflow/example_dags/example_task_group.py
[2025-07-14T12:35:39.911+0000] {processor.py:830} INFO - Processing file /home/airflow/.local/lib/python3.8/site-packages/airflow/example_dags/example_task_group.py for tasks to queue
[2025-07-14T12:35:39.914+0000] {logging_mixin.py:188} INFO - [2025-07-14T12:35:39.914+0000] {dagbag.py:538} INFO - Filling up the DagBag from /home/airflow/.local/lib/python3.8/site-packages/airflow/example_dags/example_task_group.py
[2025-07-14T12:35:39.928+0000] {processor.py:840} INFO - DAG(s) 'example_task_group' retrieved from /home/airflow/.local/lib/python3.8/site-packages/airflow/example_dags/example_task_group.py
[2025-07-14T12:35:39.961+0000] {logging_mixin.py:188} INFO - [2025-07-14T12:35:39.961+0000] {dag.py:3036} INFO - Sync 1 DAGs
[2025-07-14T12:35:39.999+0000] {logging_mixin.py:188} INFO - [2025-07-14T12:35:39.999+0000] {dag.py:3823} INFO - Setting next_dagrun for example_task_group to 2025-07-13 00:00:00+00:00, run_after=2025-07-14 00:00:00+00:00
[2025-07-14T12:35:40.035+0000] {processor.py:183} INFO - Processing /home/airflow/.local/lib/python3.8/site-packages/airflow/example_dags/example_task_group.py took 0.131 seconds
[2025-07-14T12:36:11.071+0000] {processor.py:161} INFO - Started process (PID=401) to work on /home/airflow/.local/lib/python3.8/site-packages/airflow/example_dags/example_task_group.py
[2025-07-14T12:36:11.073+0000] {processor.py:830} INFO - Processing file /home/airflow/.local/lib/python3.8/site-packages/airflow/example_dags/example_task_group.py for tasks to queue
[2025-07-14T12:36:11.081+0000] {logging_mixin.py:188} INFO - [2025-07-14T12:36:11.080+0000] {dagbag.py:538} INFO - Filling up the DagBag from /home/airflow/.local/lib/python3.8/site-packages/airflow/example_dags/example_task_group.py
[2025-07-14T12:36:11.102+0000] {processor.py:840} INFO - DAG(s) 'example_task_group' retrieved from /home/airflow/.local/lib/python3.8/site-packages/airflow/example_dags/example_task_group.py
[2025-07-14T12:36:11.197+0000] {logging_mixin.py:188} INFO - [2025-07-14T12:36:11.197+0000] {dag.py:3036} INFO - Sync 1 DAGs
[2025-07-14T12:36:11.251+0000] {logging_mixin.py:188} INFO - [2025-07-14T12:36:11.251+0000] {dag.py:3823} INFO - Setting next_dagrun for example_task_group to 2025-07-13 00:00:00+00:00, run_after=2025-07-14 00:00:00+00:00
[2025-07-14T12:36:11.317+0000] {processor.py:183} INFO - Processing /home/airflow/.local/lib/python3.8/site-packages/airflow/example_dags/example_task_group.py took 0.254 seconds
[2025-07-14T12:36:41.766+0000] {processor.py:161} INFO - Started process (PID=461) to work on /home/airflow/.local/lib/python3.8/site-packages/airflow/example_dags/example_task_group.py
[2025-07-14T12:36:41.769+0000] {processor.py:830} INFO - Processing file /home/airflow/.local/lib/python3.8/site-packages/airflow/example_dags/example_task_group.py for tasks to queue
[2025-07-14T12:36:41.774+0000] {logging_mixin.py:188} INFO - [2025-07-14T12:36:41.772+0000] {dagbag.py:538} INFO - Filling up the DagBag from /home/airflow/.local/lib/python3.8/site-packages/airflow/example_dags/example_task_group.py
[2025-07-14T12:36:41.792+0000] {processor.py:840} INFO - DAG(s) 'example_task_group' retrieved from /home/airflow/.local/lib/python3.8/site-packages/airflow/example_dags/example_task_group.py
[2025-07-14T12:36:41.879+0000] {logging_mixin.py:188} INFO - [2025-07-14T12:36:41.879+0000] {dag.py:3036} INFO - Sync 1 DAGs
[2025-07-14T12:36:41.954+0000] {logging_mixin.py:188} INFO - [2025-07-14T12:36:41.953+0000] {dag.py:3823} INFO - Setting next_dagrun for example_task_group to 2025-07-13 00:00:00+00:00, run_after=2025-07-14 00:00:00+00:00
[2025-07-14T12:36:42.013+0000] {processor.py:183} INFO - Processing /home/airflow/.local/lib/python3.8/site-packages/airflow/example_dags/example_task_group.py took 0.253 seconds
[2025-07-14T12:37:12.590+0000] {processor.py:161} INFO - Started process (PID=521) to work on /home/airflow/.local/lib/python3.8/site-packages/airflow/example_dags/example_task_group.py
[2025-07-14T12:37:12.591+0000] {processor.py:830} INFO - Processing file /home/airflow/.local/lib/python3.8/site-packages/airflow/example_dags/example_task_group.py for tasks to queue
[2025-07-14T12:37:12.595+0000] {logging_mixin.py:188} INFO - [2025-07-14T12:37:12.594+0000] {dagbag.py:538} INFO - Filling up the DagBag from /home/airflow/.local/lib/python3.8/site-packages/airflow/example_dags/example_task_group.py
[2025-07-14T12:37:12.613+0000] {processor.py:840} INFO - DAG(s) 'example_task_group' retrieved from /home/airflow/.local/lib/python3.8/site-packages/airflow/example_dags/example_task_group.py
[2025-07-14T12:37:12.657+0000] {logging_mixin.py:188} INFO - [2025-07-14T12:37:12.657+0000] {dag.py:3036} INFO - Sync 1 DAGs
[2025-07-14T12:37:12.698+0000] {logging_mixin.py:188} INFO - [2025-07-14T12:37:12.698+0000] {dag.py:3823} INFO - Setting next_dagrun for example_task_group to 2025-07-13 00:00:00+00:00, run_after=2025-07-14 00:00:00+00:00
[2025-07-14T12:37:12.728+0000] {processor.py:183} INFO - Processing /home/airflow/.local/lib/python3.8/site-packages/airflow/example_dags/example_task_group.py took 0.144 seconds
[2025-07-14T12:37:43.012+0000] {processor.py:161} INFO - Started process (PID=581) to work on /home/airflow/.local/lib/python3.8/site-packages/airflow/example_dags/example_task_group.py
[2025-07-14T12:37:43.013+0000] {processor.py:830} INFO - Processing file /home/airflow/.local/lib/python3.8/site-packages/airflow/example_dags/example_task_group.py for tasks to queue
[2025-07-14T12:37:43.016+0000] {logging_mixin.py:188} INFO - [2025-07-14T12:37:43.016+0000] {dagbag.py:538} INFO - Filling up the DagBag from /home/airflow/.local/lib/python3.8/site-packages/airflow/example_dags/example_task_group.py
[2025-07-14T12:37:43.031+0000] {processor.py:840} INFO - DAG(s) 'example_task_group' retrieved from /home/airflow/.local/lib/python3.8/site-packages/airflow/example_dags/example_task_group.py
[2025-07-14T12:37:43.076+0000] {logging_mixin.py:188} INFO - [2025-07-14T12:37:43.076+0000] {dag.py:3036} INFO - Sync 1 DAGs
[2025-07-14T12:37:43.120+0000] {logging_mixin.py:188} INFO - [2025-07-14T12:37:43.120+0000] {dag.py:3823} INFO - Setting next_dagrun for example_task_group to 2025-07-13 00:00:00+00:00, run_after=2025-07-14 00:00:00+00:00
[2025-07-14T12:37:43.156+0000] {processor.py:183} INFO - Processing /home/airflow/.local/lib/python3.8/site-packages/airflow/example_dags/example_task_group.py took 0.150 seconds
[2025-07-14T12:38:13.302+0000] {processor.py:161} INFO - Started process (PID=641) to work on /home/airflow/.local/lib/python3.8/site-packages/airflow/example_dags/example_task_group.py
[2025-07-14T12:38:13.304+0000] {processor.py:830} INFO - Processing file /home/airflow/.local/lib/python3.8/site-packages/airflow/example_dags/example_task_group.py for tasks to queue
[2025-07-14T12:38:13.310+0000] {logging_mixin.py:188} INFO - [2025-07-14T12:38:13.309+0000] {dagbag.py:538} INFO - Filling up the DagBag from /home/airflow/.local/lib/python3.8/site-packages/airflow/example_dags/example_task_group.py
[2025-07-14T12:38:13.325+0000] {processor.py:840} INFO - DAG(s) 'example_task_group' retrieved from /home/airflow/.local/lib/python3.8/site-packages/airflow/example_dags/example_task_group.py
[2025-07-14T12:38:13.380+0000] {logging_mixin.py:188} INFO - [2025-07-14T12:38:13.380+0000] {dag.py:3036} INFO - Sync 1 DAGs
[2025-07-14T12:38:13.425+0000] {logging_mixin.py:188} INFO - [2025-07-14T12:38:13.425+0000] {dag.py:3823} INFO - Setting next_dagrun for example_task_group to 2025-07-13 00:00:00+00:00, run_after=2025-07-14 00:00:00+00:00
[2025-07-14T12:38:13.462+0000] {processor.py:183} INFO - Processing /home/airflow/.local/lib/python3.8/site-packages/airflow/example_dags/example_task_group.py took 0.166 seconds
[2025-07-14T12:38:45.022+0000] {processor.py:161} INFO - Started process (PID=701) to work on /home/airflow/.local/lib/python3.8/site-packages/airflow/example_dags/example_task_group.py
[2025-07-14T12:38:45.028+0000] {processor.py:830} INFO - Processing file /home/airflow/.local/lib/python3.8/site-packages/airflow/example_dags/example_task_group.py for tasks to queue
[2025-07-14T12:38:45.071+0000] {logging_mixin.py:188} INFO - [2025-07-14T12:38:45.070+0000] {dagbag.py:538} INFO - Filling up the DagBag from /home/airflow/.local/lib/python3.8/site-packages/airflow/example_dags/example_task_group.py
[2025-07-14T12:38:45.105+0000] {processor.py:840} INFO - DAG(s) 'example_task_group' retrieved from /home/airflow/.local/lib/python3.8/site-packages/airflow/example_dags/example_task_group.py
[2025-07-14T12:38:45.318+0000] {logging_mixin.py:188} INFO - [2025-07-14T12:38:45.317+0000] {dag.py:3036} INFO - Sync 1 DAGs
[2025-07-14T12:38:45.401+0000] {logging_mixin.py:188} INFO - [2025-07-14T12:38:45.400+0000] {dag.py:3823} INFO - Setting next_dagrun for example_task_group to 2025-07-13 00:00:00+00:00, run_after=2025-07-14 00:00:00+00:00
[2025-07-14T12:38:45.448+0000] {processor.py:183} INFO - Processing /home/airflow/.local/lib/python3.8/site-packages/airflow/example_dags/example_task_group.py took 0.432 seconds
[2025-07-14T12:39:15.739+0000] {processor.py:161} INFO - Started process (PID=762) to work on /home/airflow/.local/lib/python3.8/site-packages/airflow/example_dags/example_task_group.py
[2025-07-14T12:39:15.741+0000] {processor.py:830} INFO - Processing file /home/airflow/.local/lib/python3.8/site-packages/airflow/example_dags/example_task_group.py for tasks to queue
[2025-07-14T12:39:15.744+0000] {logging_mixin.py:188} INFO - [2025-07-14T12:39:15.743+0000] {dagbag.py:538} INFO - Filling up the DagBag from /home/airflow/.local/lib/python3.8/site-packages/airflow/example_dags/example_task_group.py
[2025-07-14T12:39:15.759+0000] {processor.py:840} INFO - DAG(s) 'example_task_group' retrieved from /home/airflow/.local/lib/python3.8/site-packages/airflow/example_dags/example_task_group.py
[2025-07-14T12:39:15.810+0000] {logging_mixin.py:188} INFO - [2025-07-14T12:39:15.809+0000] {dag.py:3036} INFO - Sync 1 DAGs
[2025-07-14T12:39:15.847+0000] {logging_mixin.py:188} INFO - [2025-07-14T12:39:15.847+0000] {dag.py:3823} INFO - Setting next_dagrun for example_task_group to 2025-07-13 00:00:00+00:00, run_after=2025-07-14 00:00:00+00:00
[2025-07-14T12:39:15.879+0000] {processor.py:183} INFO - Processing /home/airflow/.local/lib/python3.8/site-packages/airflow/example_dags/example_task_group.py took 0.145 seconds
[2025-07-14T12:39:46.154+0000] {processor.py:161} INFO - Started process (PID=822) to work on /home/airflow/.local/lib/python3.8/site-packages/airflow/example_dags/example_task_group.py
[2025-07-14T12:39:46.156+0000] {processor.py:830} INFO - Processing file /home/airflow/.local/lib/python3.8/site-packages/airflow/example_dags/example_task_group.py for tasks to queue
[2025-07-14T12:39:46.159+0000] {logging_mixin.py:188} INFO - [2025-07-14T12:39:46.158+0000] {dagbag.py:538} INFO - Filling up the DagBag from /home/airflow/.local/lib/python3.8/site-packages/airflow/example_dags/example_task_group.py
[2025-07-14T12:39:46.171+0000] {processor.py:840} INFO - DAG(s) 'example_task_group' retrieved from /home/airflow/.local/lib/python3.8/site-packages/airflow/example_dags/example_task_group.py
[2025-07-14T12:39:46.208+0000] {logging_mixin.py:188} INFO - [2025-07-14T12:39:46.208+0000] {dag.py:3036} INFO - Sync 1 DAGs
[2025-07-14T12:39:46.253+0000] {logging_mixin.py:188} INFO - [2025-07-14T12:39:46.253+0000] {dag.py:3823} INFO - Setting next_dagrun for example_task_group to 2025-07-13 00:00:00+00:00, run_after=2025-07-14 00:00:00+00:00
[2025-07-14T12:39:46.306+0000] {processor.py:183} INFO - Processing /home/airflow/.local/lib/python3.8/site-packages/airflow/example_dags/example_task_group.py took 0.158 seconds
[2025-07-14T12:40:17.027+0000] {processor.py:161} INFO - Started process (PID=882) to work on /home/airflow/.local/lib/python3.8/site-packages/airflow/example_dags/example_task_group.py
[2025-07-14T12:40:17.028+0000] {processor.py:830} INFO - Processing file /home/airflow/.local/lib/python3.8/site-packages/airflow/example_dags/example_task_group.py for tasks to queue
[2025-07-14T12:40:17.031+0000] {logging_mixin.py:188} INFO - [2025-07-14T12:40:17.031+0000] {dagbag.py:538} INFO - Filling up the DagBag from /home/airflow/.local/lib/python3.8/site-packages/airflow/example_dags/example_task_group.py
[2025-07-14T12:40:17.045+0000] {processor.py:840} INFO - DAG(s) 'example_task_group' retrieved from /home/airflow/.local/lib/python3.8/site-packages/airflow/example_dags/example_task_group.py
[2025-07-14T12:40:17.097+0000] {logging_mixin.py:188} INFO - [2025-07-14T12:40:17.096+0000] {dag.py:3036} INFO - Sync 1 DAGs
[2025-07-14T12:40:17.137+0000] {logging_mixin.py:188} INFO - [2025-07-14T12:40:17.136+0000] {dag.py:3823} INFO - Setting next_dagrun for example_task_group to 2025-07-13 00:00:00+00:00, run_after=2025-07-14 00:00:00+00:00
[2025-07-14T12:40:17.170+0000] {processor.py:183} INFO - Processing /home/airflow/.local/lib/python3.8/site-packages/airflow/example_dags/example_task_group.py took 0.148 seconds
[2025-07-14T12:40:47.712+0000] {processor.py:161} INFO - Started process (PID=948) to work on /home/airflow/.local/lib/python3.8/site-packages/airflow/example_dags/example_task_group.py
[2025-07-14T12:40:47.723+0000] {processor.py:830} INFO - Processing file /home/airflow/.local/lib/python3.8/site-packages/airflow/example_dags/example_task_group.py for tasks to queue
[2025-07-14T12:40:47.737+0000] {logging_mixin.py:188} INFO - [2025-07-14T12:40:47.736+0000] {dagbag.py:538} INFO - Filling up the DagBag from /home/airflow/.local/lib/python3.8/site-packages/airflow/example_dags/example_task_group.py
[2025-07-14T12:40:47.751+0000] {processor.py:840} INFO - DAG(s) 'example_task_group' retrieved from /home/airflow/.local/lib/python3.8/site-packages/airflow/example_dags/example_task_group.py
[2025-07-14T12:40:47.791+0000] {logging_mixin.py:188} INFO - [2025-07-14T12:40:47.790+0000] {dag.py:3036} INFO - Sync 1 DAGs
[2025-07-14T12:40:47.828+0000] {logging_mixin.py:188} INFO - [2025-07-14T12:40:47.828+0000] {dag.py:3823} INFO - Setting next_dagrun for example_task_group to 2025-07-13 00:00:00+00:00, run_after=2025-07-14 00:00:00+00:00
[2025-07-14T12:40:47.861+0000] {processor.py:183} INFO - Processing /home/airflow/.local/lib/python3.8/site-packages/airflow/example_dags/example_task_group.py took 0.156 seconds
[2025-07-14T12:41:18.032+0000] {processor.py:161} INFO - Started process (PID=1008) to work on /home/airflow/.local/lib/python3.8/site-packages/airflow/example_dags/example_task_group.py
[2025-07-14T12:41:18.034+0000] {processor.py:830} INFO - Processing file /home/airflow/.local/lib/python3.8/site-packages/airflow/example_dags/example_task_group.py for tasks to queue
[2025-07-14T12:41:18.037+0000] {logging_mixin.py:188} INFO - [2025-07-14T12:41:18.037+0000] {dagbag.py:538} INFO - Filling up the DagBag from /home/airflow/.local/lib/python3.8/site-packages/airflow/example_dags/example_task_group.py
[2025-07-14T12:41:18.052+0000] {processor.py:840} INFO - DAG(s) 'example_task_group' retrieved from /home/airflow/.local/lib/python3.8/site-packages/airflow/example_dags/example_task_group.py
[2025-07-14T12:41:18.095+0000] {logging_mixin.py:188} INFO - [2025-07-14T12:41:18.095+0000] {dag.py:3036} INFO - Sync 1 DAGs
[2025-07-14T12:41:18.139+0000] {logging_mixin.py:188} INFO - [2025-07-14T12:41:18.139+0000] {dag.py:3823} INFO - Setting next_dagrun for example_task_group to 2025-07-13 00:00:00+00:00, run_after=2025-07-14 00:00:00+00:00
[2025-07-14T12:41:18.173+0000] {processor.py:183} INFO - Processing /home/airflow/.local/lib/python3.8/site-packages/airflow/example_dags/example_task_group.py took 0.147 seconds
[2025-07-14T12:41:48.233+0000] {processor.py:161} INFO - Started process (PID=1067) to work on /home/airflow/.local/lib/python3.8/site-packages/airflow/example_dags/example_task_group.py
[2025-07-14T12:41:48.234+0000] {processor.py:830} INFO - Processing file /home/airflow/.local/lib/python3.8/site-packages/airflow/example_dags/example_task_group.py for tasks to queue
[2025-07-14T12:41:48.237+0000] {logging_mixin.py:188} INFO - [2025-07-14T12:41:48.236+0000] {dagbag.py:538} INFO - Filling up the DagBag from /home/airflow/.local/lib/python3.8/site-packages/airflow/example_dags/example_task_group.py
[2025-07-14T12:41:48.249+0000] {processor.py:840} INFO - DAG(s) 'example_task_group' retrieved from /home/airflow/.local/lib/python3.8/site-packages/airflow/example_dags/example_task_group.py
[2025-07-14T12:41:48.290+0000] {logging_mixin.py:188} INFO - [2025-07-14T12:41:48.290+0000] {dag.py:3036} INFO - Sync 1 DAGs
[2025-07-14T12:41:48.335+0000] {logging_mixin.py:188} INFO - [2025-07-14T12:41:48.334+0000] {dag.py:3823} INFO - Setting next_dagrun for example_task_group to 2025-07-13 00:00:00+00:00, run_after=2025-07-14 00:00:00+00:00
[2025-07-14T12:41:48.369+0000] {processor.py:183} INFO - Processing /home/airflow/.local/lib/python3.8/site-packages/airflow/example_dags/example_task_group.py took 0.142 seconds
[2025-07-14T12:42:18.685+0000] {processor.py:161} INFO - Started process (PID=1126) to work on /home/airflow/.local/lib/python3.8/site-packages/airflow/example_dags/example_task_group.py
[2025-07-14T12:42:18.687+0000] {processor.py:830} INFO - Processing file /home/airflow/.local/lib/python3.8/site-packages/airflow/example_dags/example_task_group.py for tasks to queue
[2025-07-14T12:42:18.690+0000] {logging_mixin.py:188} INFO - [2025-07-14T12:42:18.690+0000] {dagbag.py:538} INFO - Filling up the DagBag from /home/airflow/.local/lib/python3.8/site-packages/airflow/example_dags/example_task_group.py
[2025-07-14T12:42:18.706+0000] {processor.py:840} INFO - DAG(s) 'example_task_group' retrieved from /home/airflow/.local/lib/python3.8/site-packages/airflow/example_dags/example_task_group.py
[2025-07-14T12:42:18.746+0000] {logging_mixin.py:188} INFO - [2025-07-14T12:42:18.745+0000] {dag.py:3036} INFO - Sync 1 DAGs
[2025-07-14T12:42:18.785+0000] {logging_mixin.py:188} INFO - [2025-07-14T12:42:18.785+0000] {dag.py:3823} INFO - Setting next_dagrun for example_task_group to 2025-07-13 00:00:00+00:00, run_after=2025-07-14 00:00:00+00:00
[2025-07-14T12:42:18.829+0000] {processor.py:183} INFO - Processing /home/airflow/.local/lib/python3.8/site-packages/airflow/example_dags/example_task_group.py took 0.148 seconds
[2025-07-14T12:42:48.972+0000] {processor.py:161} INFO - Started process (PID=1186) to work on /home/airflow/.local/lib/python3.8/site-packages/airflow/example_dags/example_task_group.py
[2025-07-14T12:42:48.975+0000] {processor.py:830} INFO - Processing file /home/airflow/.local/lib/python3.8/site-packages/airflow/example_dags/example_task_group.py for tasks to queue
[2025-07-14T12:42:48.978+0000] {logging_mixin.py:188} INFO - [2025-07-14T12:42:48.978+0000] {dagbag.py:538} INFO - Filling up the DagBag from /home/airflow/.local/lib/python3.8/site-packages/airflow/example_dags/example_task_group.py
[2025-07-14T12:42:48.991+0000] {processor.py:840} INFO - DAG(s) 'example_task_group' retrieved from /home/airflow/.local/lib/python3.8/site-packages/airflow/example_dags/example_task_group.py
[2025-07-14T12:42:49.031+0000] {logging_mixin.py:188} INFO - [2025-07-14T12:42:49.030+0000] {dag.py:3036} INFO - Sync 1 DAGs
[2025-07-14T12:42:49.070+0000] {logging_mixin.py:188} INFO - [2025-07-14T12:42:49.069+0000] {dag.py:3823} INFO - Setting next_dagrun for example_task_group to 2025-07-13 00:00:00+00:00, run_after=2025-07-14 00:00:00+00:00
[2025-07-14T12:42:49.111+0000] {processor.py:183} INFO - Processing /home/airflow/.local/lib/python3.8/site-packages/airflow/example_dags/example_task_group.py took 0.144 seconds
[2025-07-14T12:43:19.604+0000] {processor.py:161} INFO - Started process (PID=1246) to work on /home/airflow/.local/lib/python3.8/site-packages/airflow/example_dags/example_task_group.py
[2025-07-14T12:43:19.605+0000] {processor.py:830} INFO - Processing file /home/airflow/.local/lib/python3.8/site-packages/airflow/example_dags/example_task_group.py for tasks to queue
[2025-07-14T12:43:19.610+0000] {logging_mixin.py:188} INFO - [2025-07-14T12:43:19.609+0000] {dagbag.py:538} INFO - Filling up the DagBag from /home/airflow/.local/lib/python3.8/site-packages/airflow/example_dags/example_task_group.py
[2025-07-14T12:43:19.624+0000] {processor.py:840} INFO - DAG(s) 'example_task_group' retrieved from /home/airflow/.local/lib/python3.8/site-packages/airflow/example_dags/example_task_group.py
[2025-07-14T12:43:19.665+0000] {logging_mixin.py:188} INFO - [2025-07-14T12:43:19.665+0000] {dag.py:3036} INFO - Sync 1 DAGs
[2025-07-14T12:43:19.708+0000] {logging_mixin.py:188} INFO - [2025-07-14T12:43:19.707+0000] {dag.py:3823} INFO - Setting next_dagrun for example_task_group to 2025-07-13 00:00:00+00:00, run_after=2025-07-14 00:00:00+00:00
[2025-07-14T12:43:19.736+0000] {processor.py:183} INFO - Processing /home/airflow/.local/lib/python3.8/site-packages/airflow/example_dags/example_task_group.py took 0.137 seconds
[2025-07-14T12:43:50.479+0000] {processor.py:161} INFO - Started process (PID=1306) to work on /home/airflow/.local/lib/python3.8/site-packages/airflow/example_dags/example_task_group.py
[2025-07-14T12:43:50.481+0000] {processor.py:830} INFO - Processing file /home/airflow/.local/lib/python3.8/site-packages/airflow/example_dags/example_task_group.py for tasks to queue
[2025-07-14T12:43:50.485+0000] {logging_mixin.py:188} INFO - [2025-07-14T12:43:50.484+0000] {dagbag.py:538} INFO - Filling up the DagBag from /home/airflow/.local/lib/python3.8/site-packages/airflow/example_dags/example_task_group.py
[2025-07-14T12:43:50.502+0000] {processor.py:840} INFO - DAG(s) 'example_task_group' retrieved from /home/airflow/.local/lib/python3.8/site-packages/airflow/example_dags/example_task_group.py
[2025-07-14T12:43:50.562+0000] {logging_mixin.py:188} INFO - [2025-07-14T12:43:50.562+0000] {dag.py:3036} INFO - Sync 1 DAGs
[2025-07-14T12:43:50.623+0000] {logging_mixin.py:188} INFO - [2025-07-14T12:43:50.623+0000] {dag.py:3823} INFO - Setting next_dagrun for example_task_group to 2025-07-13 00:00:00+00:00, run_after=2025-07-14 00:00:00+00:00
[2025-07-14T12:43:50.691+0000] {processor.py:183} INFO - Processing /home/airflow/.local/lib/python3.8/site-packages/airflow/example_dags/example_task_group.py took 0.217 seconds
[2025-07-14T12:44:21.624+0000] {processor.py:161} INFO - Started process (PID=1366) to work on /home/airflow/.local/lib/python3.8/site-packages/airflow/example_dags/example_task_group.py
[2025-07-14T12:44:21.626+0000] {processor.py:830} INFO - Processing file /home/airflow/.local/lib/python3.8/site-packages/airflow/example_dags/example_task_group.py for tasks to queue
[2025-07-14T12:44:21.633+0000] {logging_mixin.py:188} INFO - [2025-07-14T12:44:21.632+0000] {dagbag.py:538} INFO - Filling up the DagBag from /home/airflow/.local/lib/python3.8/site-packages/airflow/example_dags/example_task_group.py
[2025-07-14T12:44:21.659+0000] {processor.py:840} INFO - DAG(s) 'example_task_group' retrieved from /home/airflow/.local/lib/python3.8/site-packages/airflow/example_dags/example_task_group.py
[2025-07-14T12:44:21.716+0000] {logging_mixin.py:188} INFO - [2025-07-14T12:44:21.716+0000] {dag.py:3036} INFO - Sync 1 DAGs
[2025-07-14T12:44:21.778+0000] {logging_mixin.py:188} INFO - [2025-07-14T12:44:21.777+0000] {dag.py:3823} INFO - Setting next_dagrun for example_task_group to 2025-07-13 00:00:00+00:00, run_after=2025-07-14 00:00:00+00:00
[2025-07-14T12:44:21.815+0000] {processor.py:183} INFO - Processing /home/airflow/.local/lib/python3.8/site-packages/airflow/example_dags/example_task_group.py took 0.198 seconds
[2025-07-14T12:44:52.691+0000] {processor.py:161} INFO - Started process (PID=1426) to work on /home/airflow/.local/lib/python3.8/site-packages/airflow/example_dags/example_task_group.py
[2025-07-14T12:44:52.692+0000] {processor.py:830} INFO - Processing file /home/airflow/.local/lib/python3.8/site-packages/airflow/example_dags/example_task_group.py for tasks to queue
[2025-07-14T12:44:52.695+0000] {logging_mixin.py:188} INFO - [2025-07-14T12:44:52.695+0000] {dagbag.py:538} INFO - Filling up the DagBag from /home/airflow/.local/lib/python3.8/site-packages/airflow/example_dags/example_task_group.py
[2025-07-14T12:44:52.710+0000] {processor.py:840} INFO - DAG(s) 'example_task_group' retrieved from /home/airflow/.local/lib/python3.8/site-packages/airflow/example_dags/example_task_group.py
[2025-07-14T12:44:52.748+0000] {logging_mixin.py:188} INFO - [2025-07-14T12:44:52.747+0000] {dag.py:3036} INFO - Sync 1 DAGs
[2025-07-14T12:44:52.781+0000] {logging_mixin.py:188} INFO - [2025-07-14T12:44:52.781+0000] {dag.py:3823} INFO - Setting next_dagrun for example_task_group to 2025-07-13 00:00:00+00:00, run_after=2025-07-14 00:00:00+00:00
[2025-07-14T12:44:52.810+0000] {processor.py:183} INFO - Processing /home/airflow/.local/lib/python3.8/site-packages/airflow/example_dags/example_task_group.py took 0.124 seconds
[2025-07-14T12:45:23.181+0000] {processor.py:161} INFO - Started process (PID=1486) to work on /home/airflow/.local/lib/python3.8/site-packages/airflow/example_dags/example_task_group.py
[2025-07-14T12:45:23.182+0000] {processor.py:830} INFO - Processing file /home/airflow/.local/lib/python3.8/site-packages/airflow/example_dags/example_task_group.py for tasks to queue
[2025-07-14T12:45:23.185+0000] {logging_mixin.py:188} INFO - [2025-07-14T12:45:23.185+0000] {dagbag.py:538} INFO - Filling up the DagBag from /home/airflow/.local/lib/python3.8/site-packages/airflow/example_dags/example_task_group.py
[2025-07-14T12:45:23.197+0000] {processor.py:840} INFO - DAG(s) 'example_task_group' retrieved from /home/airflow/.local/lib/python3.8/site-packages/airflow/example_dags/example_task_group.py
[2025-07-14T12:45:23.232+0000] {logging_mixin.py:188} INFO - [2025-07-14T12:45:23.232+0000] {dag.py:3036} INFO - Sync 1 DAGs
[2025-07-14T12:45:23.276+0000] {logging_mixin.py:188} INFO - [2025-07-14T12:45:23.275+0000] {dag.py:3823} INFO - Setting next_dagrun for example_task_group to 2025-07-13 00:00:00+00:00, run_after=2025-07-14 00:00:00+00:00
[2025-07-14T12:45:23.313+0000] {processor.py:183} INFO - Processing /home/airflow/.local/lib/python3.8/site-packages/airflow/example_dags/example_task_group.py took 0.137 seconds
[2025-07-14T12:45:53.444+0000] {processor.py:161} INFO - Started process (PID=1546) to work on /home/airflow/.local/lib/python3.8/site-packages/airflow/example_dags/example_task_group.py
[2025-07-14T12:45:53.446+0000] {processor.py:830} INFO - Processing file /home/airflow/.local/lib/python3.8/site-packages/airflow/example_dags/example_task_group.py for tasks to queue
[2025-07-14T12:45:53.451+0000] {logging_mixin.py:188} INFO - [2025-07-14T12:45:53.451+0000] {dagbag.py:538} INFO - Filling up the DagBag from /home/airflow/.local/lib/python3.8/site-packages/airflow/example_dags/example_task_group.py
[2025-07-14T12:45:53.465+0000] {processor.py:840} INFO - DAG(s) 'example_task_group' retrieved from /home/airflow/.local/lib/python3.8/site-packages/airflow/example_dags/example_task_group.py
[2025-07-14T12:45:53.505+0000] {logging_mixin.py:188} INFO - [2025-07-14T12:45:53.505+0000] {dag.py:3036} INFO - Sync 1 DAGs
[2025-07-14T12:45:53.544+0000] {logging_mixin.py:188} INFO - [2025-07-14T12:45:53.543+0000] {dag.py:3823} INFO - Setting next_dagrun for example_task_group to 2025-07-13 00:00:00+00:00, run_after=2025-07-14 00:00:00+00:00
[2025-07-14T12:45:53.574+0000] {processor.py:183} INFO - Processing /home/airflow/.local/lib/python3.8/site-packages/airflow/example_dags/example_task_group.py took 0.135 seconds
[2025-07-14T12:46:24.179+0000] {processor.py:161} INFO - Started process (PID=1606) to work on /home/airflow/.local/lib/python3.8/site-packages/airflow/example_dags/example_task_group.py
[2025-07-14T12:46:24.181+0000] {processor.py:830} INFO - Processing file /home/airflow/.local/lib/python3.8/site-packages/airflow/example_dags/example_task_group.py for tasks to queue
[2025-07-14T12:46:24.183+0000] {logging_mixin.py:188} INFO - [2025-07-14T12:46:24.183+0000] {dagbag.py:538} INFO - Filling up the DagBag from /home/airflow/.local/lib/python3.8/site-packages/airflow/example_dags/example_task_group.py
[2025-07-14T12:46:24.197+0000] {processor.py:840} INFO - DAG(s) 'example_task_group' retrieved from /home/airflow/.local/lib/python3.8/site-packages/airflow/example_dags/example_task_group.py
[2025-07-14T12:46:24.237+0000] {logging_mixin.py:188} INFO - [2025-07-14T12:46:24.236+0000] {dag.py:3036} INFO - Sync 1 DAGs
[2025-07-14T12:46:24.274+0000] {logging_mixin.py:188} INFO - [2025-07-14T12:46:24.273+0000] {dag.py:3823} INFO - Setting next_dagrun for example_task_group to 2025-07-13 00:00:00+00:00, run_after=2025-07-14 00:00:00+00:00
[2025-07-14T12:46:24.309+0000] {processor.py:183} INFO - Processing /home/airflow/.local/lib/python3.8/site-packages/airflow/example_dags/example_task_group.py took 0.136 seconds
[2025-07-14T12:46:55.264+0000] {processor.py:161} INFO - Started process (PID=1666) to work on /home/airflow/.local/lib/python3.8/site-packages/airflow/example_dags/example_task_group.py
[2025-07-14T12:46:55.267+0000] {processor.py:830} INFO - Processing file /home/airflow/.local/lib/python3.8/site-packages/airflow/example_dags/example_task_group.py for tasks to queue
[2025-07-14T12:46:55.273+0000] {logging_mixin.py:188} INFO - [2025-07-14T12:46:55.272+0000] {dagbag.py:538} INFO - Filling up the DagBag from /home/airflow/.local/lib/python3.8/site-packages/airflow/example_dags/example_task_group.py
[2025-07-14T12:46:55.293+0000] {processor.py:840} INFO - DAG(s) 'example_task_group' retrieved from /home/airflow/.local/lib/python3.8/site-packages/airflow/example_dags/example_task_group.py
[2025-07-14T12:46:55.362+0000] {logging_mixin.py:188} INFO - [2025-07-14T12:46:55.362+0000] {dag.py:3036} INFO - Sync 1 DAGs
[2025-07-14T12:46:55.416+0000] {logging_mixin.py:188} INFO - [2025-07-14T12:46:55.415+0000] {dag.py:3823} INFO - Setting next_dagrun for example_task_group to 2025-07-13 00:00:00+00:00, run_after=2025-07-14 00:00:00+00:00
[2025-07-14T12:46:55.457+0000] {processor.py:183} INFO - Processing /home/airflow/.local/lib/python3.8/site-packages/airflow/example_dags/example_task_group.py took 0.201 seconds
[2025-07-14T12:47:27.861+0000] {processor.py:161} INFO - Started process (PID=1726) to work on /home/airflow/.local/lib/python3.8/site-packages/airflow/example_dags/example_task_group.py
[2025-07-14T12:47:27.862+0000] {processor.py:830} INFO - Processing file /home/airflow/.local/lib/python3.8/site-packages/airflow/example_dags/example_task_group.py for tasks to queue
[2025-07-14T12:47:27.865+0000] {logging_mixin.py:188} INFO - [2025-07-14T12:47:27.865+0000] {dagbag.py:538} INFO - Filling up the DagBag from /home/airflow/.local/lib/python3.8/site-packages/airflow/example_dags/example_task_group.py
[2025-07-14T12:47:27.894+0000] {processor.py:840} INFO - DAG(s) 'example_task_group' retrieved from /home/airflow/.local/lib/python3.8/site-packages/airflow/example_dags/example_task_group.py
[2025-07-14T12:47:27.967+0000] {logging_mixin.py:188} INFO - [2025-07-14T12:47:27.966+0000] {dag.py:3036} INFO - Sync 1 DAGs
[2025-07-14T12:47:28.078+0000] {logging_mixin.py:188} INFO - [2025-07-14T12:47:28.077+0000] {dag.py:3823} INFO - Setting next_dagrun for example_task_group to 2025-07-13 00:00:00+00:00, run_after=2025-07-14 00:00:00+00:00
[2025-07-14T12:47:28.124+0000] {processor.py:183} INFO - Processing /home/airflow/.local/lib/python3.8/site-packages/airflow/example_dags/example_task_group.py took 0.269 seconds
[2025-07-14T12:47:59.318+0000] {processor.py:161} INFO - Started process (PID=1785) to work on /home/airflow/.local/lib/python3.8/site-packages/airflow/example_dags/example_task_group.py
[2025-07-14T12:47:59.321+0000] {processor.py:830} INFO - Processing file /home/airflow/.local/lib/python3.8/site-packages/airflow/example_dags/example_task_group.py for tasks to queue
[2025-07-14T12:47:59.325+0000] {logging_mixin.py:188} INFO - [2025-07-14T12:47:59.324+0000] {dagbag.py:538} INFO - Filling up the DagBag from /home/airflow/.local/lib/python3.8/site-packages/airflow/example_dags/example_task_group.py
[2025-07-14T12:47:59.344+0000] {processor.py:840} INFO - DAG(s) 'example_task_group' retrieved from /home/airflow/.local/lib/python3.8/site-packages/airflow/example_dags/example_task_group.py
[2025-07-14T12:47:59.408+0000] {logging_mixin.py:188} INFO - [2025-07-14T12:47:59.407+0000] {dag.py:3036} INFO - Sync 1 DAGs
[2025-07-14T12:47:59.461+0000] {logging_mixin.py:188} INFO - [2025-07-14T12:47:59.460+0000] {dag.py:3823} INFO - Setting next_dagrun for example_task_group to 2025-07-13 00:00:00+00:00, run_after=2025-07-14 00:00:00+00:00
[2025-07-14T12:47:59.506+0000] {processor.py:183} INFO - Processing /home/airflow/.local/lib/python3.8/site-packages/airflow/example_dags/example_task_group.py took 0.197 seconds
[2025-07-14T12:48:30.811+0000] {processor.py:161} INFO - Started process (PID=1845) to work on /home/airflow/.local/lib/python3.8/site-packages/airflow/example_dags/example_task_group.py
[2025-07-14T12:48:30.814+0000] {processor.py:830} INFO - Processing file /home/airflow/.local/lib/python3.8/site-packages/airflow/example_dags/example_task_group.py for tasks to queue
[2025-07-14T12:48:30.822+0000] {logging_mixin.py:188} INFO - [2025-07-14T12:48:30.821+0000] {dagbag.py:538} INFO - Filling up the DagBag from /home/airflow/.local/lib/python3.8/site-packages/airflow/example_dags/example_task_group.py
[2025-07-14T12:48:30.843+0000] {processor.py:840} INFO - DAG(s) 'example_task_group' retrieved from /home/airflow/.local/lib/python3.8/site-packages/airflow/example_dags/example_task_group.py
[2025-07-14T12:48:30.901+0000] {logging_mixin.py:188} INFO - [2025-07-14T12:48:30.901+0000] {dag.py:3036} INFO - Sync 1 DAGs
[2025-07-14T12:48:30.961+0000] {logging_mixin.py:188} INFO - [2025-07-14T12:48:30.961+0000] {dag.py:3823} INFO - Setting next_dagrun for example_task_group to 2025-07-13 00:00:00+00:00, run_after=2025-07-14 00:00:00+00:00
[2025-07-14T12:48:31.007+0000] {processor.py:183} INFO - Processing /home/airflow/.local/lib/python3.8/site-packages/airflow/example_dags/example_task_group.py took 0.209 seconds
[2025-07-14T12:49:02.664+0000] {processor.py:161} INFO - Started process (PID=1906) to work on /home/airflow/.local/lib/python3.8/site-packages/airflow/example_dags/example_task_group.py
[2025-07-14T12:49:02.666+0000] {processor.py:830} INFO - Processing file /home/airflow/.local/lib/python3.8/site-packages/airflow/example_dags/example_task_group.py for tasks to queue
[2025-07-14T12:49:02.670+0000] {logging_mixin.py:188} INFO - [2025-07-14T12:49:02.669+0000] {dagbag.py:538} INFO - Filling up the DagBag from /home/airflow/.local/lib/python3.8/site-packages/airflow/example_dags/example_task_group.py
[2025-07-14T12:49:02.684+0000] {processor.py:840} INFO - DAG(s) 'example_task_group' retrieved from /home/airflow/.local/lib/python3.8/site-packages/airflow/example_dags/example_task_group.py
[2025-07-14T12:49:02.735+0000] {logging_mixin.py:188} INFO - [2025-07-14T12:49:02.734+0000] {dag.py:3036} INFO - Sync 1 DAGs
[2025-07-14T12:49:03.087+0000] {logging_mixin.py:188} INFO - [2025-07-14T12:49:03.086+0000] {dag.py:3823} INFO - Setting next_dagrun for example_task_group to 2025-07-13 00:00:00+00:00, run_after=2025-07-14 00:00:00+00:00
[2025-07-14T12:49:03.216+0000] {processor.py:183} INFO - Processing /home/airflow/.local/lib/python3.8/site-packages/airflow/example_dags/example_task_group.py took 0.636 seconds
[2025-07-14T12:49:34.020+0000] {processor.py:161} INFO - Started process (PID=1964) to work on /home/airflow/.local/lib/python3.8/site-packages/airflow/example_dags/example_task_group.py
[2025-07-14T12:49:34.022+0000] {processor.py:830} INFO - Processing file /home/airflow/.local/lib/python3.8/site-packages/airflow/example_dags/example_task_group.py for tasks to queue
[2025-07-14T12:49:34.025+0000] {logging_mixin.py:188} INFO - [2025-07-14T12:49:34.025+0000] {dagbag.py:538} INFO - Filling up the DagBag from /home/airflow/.local/lib/python3.8/site-packages/airflow/example_dags/example_task_group.py
[2025-07-14T12:49:34.038+0000] {processor.py:840} INFO - DAG(s) 'example_task_group' retrieved from /home/airflow/.local/lib/python3.8/site-packages/airflow/example_dags/example_task_group.py
[2025-07-14T12:49:34.081+0000] {logging_mixin.py:188} INFO - [2025-07-14T12:49:34.081+0000] {dag.py:3036} INFO - Sync 1 DAGs
[2025-07-14T12:49:34.141+0000] {logging_mixin.py:188} INFO - [2025-07-14T12:49:34.139+0000] {dag.py:3823} INFO - Setting next_dagrun for example_task_group to 2025-07-13 00:00:00+00:00, run_after=2025-07-14 00:00:00+00:00
[2025-07-14T12:49:34.174+0000] {processor.py:183} INFO - Processing /home/airflow/.local/lib/python3.8/site-packages/airflow/example_dags/example_task_group.py took 0.160 seconds
[2025-07-14T12:50:04.344+0000] {processor.py:161} INFO - Started process (PID=2022) to work on /home/airflow/.local/lib/python3.8/site-packages/airflow/example_dags/example_task_group.py
[2025-07-14T12:50:04.347+0000] {processor.py:830} INFO - Processing file /home/airflow/.local/lib/python3.8/site-packages/airflow/example_dags/example_task_group.py for tasks to queue
[2025-07-14T12:50:04.356+0000] {logging_mixin.py:188} INFO - [2025-07-14T12:50:04.355+0000] {dagbag.py:538} INFO - Filling up the DagBag from /home/airflow/.local/lib/python3.8/site-packages/airflow/example_dags/example_task_group.py
[2025-07-14T12:50:04.374+0000] {processor.py:840} INFO - DAG(s) 'example_task_group' retrieved from /home/airflow/.local/lib/python3.8/site-packages/airflow/example_dags/example_task_group.py
[2025-07-14T12:50:04.429+0000] {logging_mixin.py:188} INFO - [2025-07-14T12:50:04.429+0000] {dag.py:3036} INFO - Sync 1 DAGs
[2025-07-14T12:50:04.477+0000] {logging_mixin.py:188} INFO - [2025-07-14T12:50:04.477+0000] {dag.py:3823} INFO - Setting next_dagrun for example_task_group to 2025-07-13 00:00:00+00:00, run_after=2025-07-14 00:00:00+00:00
[2025-07-14T12:50:04.513+0000] {processor.py:183} INFO - Processing /home/airflow/.local/lib/python3.8/site-packages/airflow/example_dags/example_task_group.py took 0.182 seconds
[2025-07-14T12:50:35.341+0000] {processor.py:161} INFO - Started process (PID=2081) to work on /home/airflow/.local/lib/python3.8/site-packages/airflow/example_dags/example_task_group.py
[2025-07-14T12:50:35.343+0000] {processor.py:830} INFO - Processing file /home/airflow/.local/lib/python3.8/site-packages/airflow/example_dags/example_task_group.py for tasks to queue
[2025-07-14T12:50:35.349+0000] {logging_mixin.py:188} INFO - [2025-07-14T12:50:35.348+0000] {dagbag.py:538} INFO - Filling up the DagBag from /home/airflow/.local/lib/python3.8/site-packages/airflow/example_dags/example_task_group.py
[2025-07-14T12:50:35.690+0000] {processor.py:840} INFO - DAG(s) 'example_task_group' retrieved from /home/airflow/.local/lib/python3.8/site-packages/airflow/example_dags/example_task_group.py
[2025-07-14T12:50:35.981+0000] {logging_mixin.py:188} INFO - [2025-07-14T12:50:35.978+0000] {dag.py:3036} INFO - Sync 1 DAGs
[2025-07-14T12:50:36.095+0000] {logging_mixin.py:188} INFO - [2025-07-14T12:50:36.095+0000] {dag.py:3823} INFO - Setting next_dagrun for example_task_group to 2025-07-13 00:00:00+00:00, run_after=2025-07-14 00:00:00+00:00
[2025-07-14T12:50:36.159+0000] {processor.py:183} INFO - Processing /home/airflow/.local/lib/python3.8/site-packages/airflow/example_dags/example_task_group.py took 0.829 seconds
[2025-07-14T12:51:06.505+0000] {processor.py:161} INFO - Started process (PID=2141) to work on /home/airflow/.local/lib/python3.8/site-packages/airflow/example_dags/example_task_group.py
[2025-07-14T12:51:06.507+0000] {processor.py:830} INFO - Processing file /home/airflow/.local/lib/python3.8/site-packages/airflow/example_dags/example_task_group.py for tasks to queue
[2025-07-14T12:51:06.520+0000] {logging_mixin.py:188} INFO - [2025-07-14T12:51:06.519+0000] {dagbag.py:538} INFO - Filling up the DagBag from /home/airflow/.local/lib/python3.8/site-packages/airflow/example_dags/example_task_group.py
[2025-07-14T12:51:06.539+0000] {processor.py:840} INFO - DAG(s) 'example_task_group' retrieved from /home/airflow/.local/lib/python3.8/site-packages/airflow/example_dags/example_task_group.py
[2025-07-14T12:51:06.585+0000] {logging_mixin.py:188} INFO - [2025-07-14T12:51:06.584+0000] {dag.py:3036} INFO - Sync 1 DAGs
[2025-07-14T12:51:06.665+0000] {logging_mixin.py:188} INFO - [2025-07-14T12:51:06.665+0000] {dag.py:3823} INFO - Setting next_dagrun for example_task_group to 2025-07-13 00:00:00+00:00, run_after=2025-07-14 00:00:00+00:00
[2025-07-14T12:51:06.725+0000] {processor.py:183} INFO - Processing /home/airflow/.local/lib/python3.8/site-packages/airflow/example_dags/example_task_group.py took 0.233 seconds
[2025-07-14T12:51:36.962+0000] {processor.py:161} INFO - Started process (PID=2201) to work on /home/airflow/.local/lib/python3.8/site-packages/airflow/example_dags/example_task_group.py
[2025-07-14T12:51:36.976+0000] {processor.py:830} INFO - Processing file /home/airflow/.local/lib/python3.8/site-packages/airflow/example_dags/example_task_group.py for tasks to queue
[2025-07-14T12:51:36.990+0000] {logging_mixin.py:188} INFO - [2025-07-14T12:51:36.989+0000] {dagbag.py:538} INFO - Filling up the DagBag from /home/airflow/.local/lib/python3.8/site-packages/airflow/example_dags/example_task_group.py
[2025-07-14T12:51:37.017+0000] {processor.py:840} INFO - DAG(s) 'example_task_group' retrieved from /home/airflow/.local/lib/python3.8/site-packages/airflow/example_dags/example_task_group.py
[2025-07-14T12:51:37.185+0000] {logging_mixin.py:188} INFO - [2025-07-14T12:51:37.185+0000] {dag.py:3036} INFO - Sync 1 DAGs
[2025-07-14T12:51:37.252+0000] {logging_mixin.py:188} INFO - [2025-07-14T12:51:37.251+0000] {dag.py:3823} INFO - Setting next_dagrun for example_task_group to 2025-07-13 00:00:00+00:00, run_after=2025-07-14 00:00:00+00:00
[2025-07-14T12:51:37.323+0000] {processor.py:183} INFO - Processing /home/airflow/.local/lib/python3.8/site-packages/airflow/example_dags/example_task_group.py took 0.376 seconds
[2025-07-14T12:52:07.485+0000] {processor.py:161} INFO - Started process (PID=2260) to work on /home/airflow/.local/lib/python3.8/site-packages/airflow/example_dags/example_task_group.py
[2025-07-14T12:52:07.487+0000] {processor.py:830} INFO - Processing file /home/airflow/.local/lib/python3.8/site-packages/airflow/example_dags/example_task_group.py for tasks to queue
[2025-07-14T12:52:07.491+0000] {logging_mixin.py:188} INFO - [2025-07-14T12:52:07.491+0000] {dagbag.py:538} INFO - Filling up the DagBag from /home/airflow/.local/lib/python3.8/site-packages/airflow/example_dags/example_task_group.py
[2025-07-14T12:52:07.512+0000] {processor.py:840} INFO - DAG(s) 'example_task_group' retrieved from /home/airflow/.local/lib/python3.8/site-packages/airflow/example_dags/example_task_group.py
[2025-07-14T12:52:07.614+0000] {logging_mixin.py:188} INFO - [2025-07-14T12:52:07.614+0000] {dag.py:3036} INFO - Sync 1 DAGs
[2025-07-14T12:52:07.678+0000] {logging_mixin.py:188} INFO - [2025-07-14T12:52:07.678+0000] {dag.py:3823} INFO - Setting next_dagrun for example_task_group to 2025-07-13 00:00:00+00:00, run_after=2025-07-14 00:00:00+00:00
[2025-07-14T12:52:07.736+0000] {processor.py:183} INFO - Processing /home/airflow/.local/lib/python3.8/site-packages/airflow/example_dags/example_task_group.py took 0.259 seconds
[2025-07-14T12:52:38.093+0000] {processor.py:161} INFO - Started process (PID=2320) to work on /home/airflow/.local/lib/python3.8/site-packages/airflow/example_dags/example_task_group.py
[2025-07-14T12:52:38.097+0000] {processor.py:830} INFO - Processing file /home/airflow/.local/lib/python3.8/site-packages/airflow/example_dags/example_task_group.py for tasks to queue
[2025-07-14T12:52:38.101+0000] {logging_mixin.py:188} INFO - [2025-07-14T12:52:38.100+0000] {dagbag.py:538} INFO - Filling up the DagBag from /home/airflow/.local/lib/python3.8/site-packages/airflow/example_dags/example_task_group.py
[2025-07-14T12:52:38.116+0000] {processor.py:840} INFO - DAG(s) 'example_task_group' retrieved from /home/airflow/.local/lib/python3.8/site-packages/airflow/example_dags/example_task_group.py
[2025-07-14T12:52:38.189+0000] {logging_mixin.py:188} INFO - [2025-07-14T12:52:38.188+0000] {dag.py:3036} INFO - Sync 1 DAGs
[2025-07-14T12:52:38.246+0000] {logging_mixin.py:188} INFO - [2025-07-14T12:52:38.246+0000] {dag.py:3823} INFO - Setting next_dagrun for example_task_group to 2025-07-13 00:00:00+00:00, run_after=2025-07-14 00:00:00+00:00
[2025-07-14T12:52:38.296+0000] {processor.py:183} INFO - Processing /home/airflow/.local/lib/python3.8/site-packages/airflow/example_dags/example_task_group.py took 0.209 seconds
[2025-07-14T12:53:08.853+0000] {processor.py:161} INFO - Started process (PID=2380) to work on /home/airflow/.local/lib/python3.8/site-packages/airflow/example_dags/example_task_group.py
[2025-07-14T12:53:08.855+0000] {processor.py:830} INFO - Processing file /home/airflow/.local/lib/python3.8/site-packages/airflow/example_dags/example_task_group.py for tasks to queue
[2025-07-14T12:53:08.861+0000] {logging_mixin.py:188} INFO - [2025-07-14T12:53:08.861+0000] {dagbag.py:538} INFO - Filling up the DagBag from /home/airflow/.local/lib/python3.8/site-packages/airflow/example_dags/example_task_group.py
[2025-07-14T12:53:08.897+0000] {processor.py:840} INFO - DAG(s) 'example_task_group' retrieved from /home/airflow/.local/lib/python3.8/site-packages/airflow/example_dags/example_task_group.py
[2025-07-14T12:53:08.994+0000] {logging_mixin.py:188} INFO - [2025-07-14T12:53:08.994+0000] {dag.py:3036} INFO - Sync 1 DAGs
[2025-07-14T12:53:09.040+0000] {logging_mixin.py:188} INFO - [2025-07-14T12:53:09.039+0000] {dag.py:3823} INFO - Setting next_dagrun for example_task_group to 2025-07-13 00:00:00+00:00, run_after=2025-07-14 00:00:00+00:00
[2025-07-14T12:53:09.108+0000] {processor.py:183} INFO - Processing /home/airflow/.local/lib/python3.8/site-packages/airflow/example_dags/example_task_group.py took 0.268 seconds
[2025-07-14T12:53:39.428+0000] {processor.py:161} INFO - Started process (PID=2439) to work on /home/airflow/.local/lib/python3.8/site-packages/airflow/example_dags/example_task_group.py
[2025-07-14T12:53:39.431+0000] {processor.py:830} INFO - Processing file /home/airflow/.local/lib/python3.8/site-packages/airflow/example_dags/example_task_group.py for tasks to queue
[2025-07-14T12:53:39.436+0000] {logging_mixin.py:188} INFO - [2025-07-14T12:53:39.436+0000] {dagbag.py:538} INFO - Filling up the DagBag from /home/airflow/.local/lib/python3.8/site-packages/airflow/example_dags/example_task_group.py
[2025-07-14T12:53:39.451+0000] {processor.py:840} INFO - DAG(s) 'example_task_group' retrieved from /home/airflow/.local/lib/python3.8/site-packages/airflow/example_dags/example_task_group.py
[2025-07-14T12:53:39.501+0000] {logging_mixin.py:188} INFO - [2025-07-14T12:53:39.501+0000] {dag.py:3036} INFO - Sync 1 DAGs
[2025-07-14T12:53:39.569+0000] {logging_mixin.py:188} INFO - [2025-07-14T12:53:39.569+0000] {dag.py:3823} INFO - Setting next_dagrun for example_task_group to 2025-07-13 00:00:00+00:00, run_after=2025-07-14 00:00:00+00:00
[2025-07-14T12:53:39.611+0000] {processor.py:183} INFO - Processing /home/airflow/.local/lib/python3.8/site-packages/airflow/example_dags/example_task_group.py took 0.192 seconds
[2025-07-14T12:54:10.017+0000] {processor.py:161} INFO - Started process (PID=2498) to work on /home/airflow/.local/lib/python3.8/site-packages/airflow/example_dags/example_task_group.py
[2025-07-14T12:54:10.019+0000] {processor.py:830} INFO - Processing file /home/airflow/.local/lib/python3.8/site-packages/airflow/example_dags/example_task_group.py for tasks to queue
[2025-07-14T12:54:10.022+0000] {logging_mixin.py:188} INFO - [2025-07-14T12:54:10.021+0000] {dagbag.py:538} INFO - Filling up the DagBag from /home/airflow/.local/lib/python3.8/site-packages/airflow/example_dags/example_task_group.py
[2025-07-14T12:54:10.032+0000] {processor.py:840} INFO - DAG(s) 'example_task_group' retrieved from /home/airflow/.local/lib/python3.8/site-packages/airflow/example_dags/example_task_group.py
[2025-07-14T12:54:10.065+0000] {logging_mixin.py:188} INFO - [2025-07-14T12:54:10.065+0000] {dag.py:3036} INFO - Sync 1 DAGs
[2025-07-14T12:54:10.097+0000] {logging_mixin.py:188} INFO - [2025-07-14T12:54:10.096+0000] {dag.py:3823} INFO - Setting next_dagrun for example_task_group to 2025-07-13 00:00:00+00:00, run_after=2025-07-14 00:00:00+00:00
[2025-07-14T12:54:10.123+0000] {processor.py:183} INFO - Processing /home/airflow/.local/lib/python3.8/site-packages/airflow/example_dags/example_task_group.py took 0.110 seconds
[2025-07-14T12:54:40.693+0000] {processor.py:161} INFO - Started process (PID=2559) to work on /home/airflow/.local/lib/python3.8/site-packages/airflow/example_dags/example_task_group.py
[2025-07-14T12:54:40.696+0000] {processor.py:830} INFO - Processing file /home/airflow/.local/lib/python3.8/site-packages/airflow/example_dags/example_task_group.py for tasks to queue
[2025-07-14T12:54:40.706+0000] {logging_mixin.py:188} INFO - [2025-07-14T12:54:40.706+0000] {dagbag.py:538} INFO - Filling up the DagBag from /home/airflow/.local/lib/python3.8/site-packages/airflow/example_dags/example_task_group.py
[2025-07-14T12:54:40.726+0000] {processor.py:840} INFO - DAG(s) 'example_task_group' retrieved from /home/airflow/.local/lib/python3.8/site-packages/airflow/example_dags/example_task_group.py
[2025-07-14T12:54:40.775+0000] {logging_mixin.py:188} INFO - [2025-07-14T12:54:40.775+0000] {dag.py:3036} INFO - Sync 1 DAGs
[2025-07-14T12:54:40.834+0000] {logging_mixin.py:188} INFO - [2025-07-14T12:54:40.833+0000] {dag.py:3823} INFO - Setting next_dagrun for example_task_group to 2025-07-13 00:00:00+00:00, run_after=2025-07-14 00:00:00+00:00
[2025-07-14T12:54:40.916+0000] {processor.py:183} INFO - Processing /home/airflow/.local/lib/python3.8/site-packages/airflow/example_dags/example_task_group.py took 0.228 seconds
[2025-07-14T12:55:11.406+0000] {processor.py:161} INFO - Started process (PID=2619) to work on /home/airflow/.local/lib/python3.8/site-packages/airflow/example_dags/example_task_group.py
[2025-07-14T12:55:11.469+0000] {processor.py:830} INFO - Processing file /home/airflow/.local/lib/python3.8/site-packages/airflow/example_dags/example_task_group.py for tasks to queue
[2025-07-14T12:55:11.521+0000] {logging_mixin.py:188} INFO - [2025-07-14T12:55:11.521+0000] {dagbag.py:538} INFO - Filling up the DagBag from /home/airflow/.local/lib/python3.8/site-packages/airflow/example_dags/example_task_group.py
[2025-07-14T12:55:11.537+0000] {processor.py:840} INFO - DAG(s) 'example_task_group' retrieved from /home/airflow/.local/lib/python3.8/site-packages/airflow/example_dags/example_task_group.py
[2025-07-14T12:55:11.604+0000] {logging_mixin.py:188} INFO - [2025-07-14T12:55:11.603+0000] {dag.py:3036} INFO - Sync 1 DAGs
[2025-07-14T12:55:11.866+0000] {logging_mixin.py:188} INFO - [2025-07-14T12:55:11.864+0000] {dag.py:3823} INFO - Setting next_dagrun for example_task_group to 2025-07-13 00:00:00+00:00, run_after=2025-07-14 00:00:00+00:00
[2025-07-14T12:55:12.038+0000] {processor.py:183} INFO - Processing /home/airflow/.local/lib/python3.8/site-packages/airflow/example_dags/example_task_group.py took 0.646 seconds
[2025-07-14T12:55:42.199+0000] {processor.py:161} INFO - Started process (PID=2678) to work on /home/airflow/.local/lib/python3.8/site-packages/airflow/example_dags/example_task_group.py
[2025-07-14T12:55:42.201+0000] {processor.py:830} INFO - Processing file /home/airflow/.local/lib/python3.8/site-packages/airflow/example_dags/example_task_group.py for tasks to queue
[2025-07-14T12:55:42.205+0000] {logging_mixin.py:188} INFO - [2025-07-14T12:55:42.204+0000] {dagbag.py:538} INFO - Filling up the DagBag from /home/airflow/.local/lib/python3.8/site-packages/airflow/example_dags/example_task_group.py
[2025-07-14T12:55:42.218+0000] {processor.py:840} INFO - DAG(s) 'example_task_group' retrieved from /home/airflow/.local/lib/python3.8/site-packages/airflow/example_dags/example_task_group.py
[2025-07-14T12:55:42.267+0000] {logging_mixin.py:188} INFO - [2025-07-14T12:55:42.266+0000] {dag.py:3036} INFO - Sync 1 DAGs
[2025-07-14T12:55:42.633+0000] {logging_mixin.py:188} INFO - [2025-07-14T12:55:42.632+0000] {dag.py:3823} INFO - Setting next_dagrun for example_task_group to 2025-07-13 00:00:00+00:00, run_after=2025-07-14 00:00:00+00:00
[2025-07-14T12:55:42.766+0000] {processor.py:183} INFO - Processing /home/airflow/.local/lib/python3.8/site-packages/airflow/example_dags/example_task_group.py took 0.572 seconds
[2025-07-14T12:56:13.102+0000] {processor.py:161} INFO - Started process (PID=2738) to work on /home/airflow/.local/lib/python3.8/site-packages/airflow/example_dags/example_task_group.py
[2025-07-14T12:56:13.104+0000] {processor.py:830} INFO - Processing file /home/airflow/.local/lib/python3.8/site-packages/airflow/example_dags/example_task_group.py for tasks to queue
[2025-07-14T12:56:13.107+0000] {logging_mixin.py:188} INFO - [2025-07-14T12:56:13.106+0000] {dagbag.py:538} INFO - Filling up the DagBag from /home/airflow/.local/lib/python3.8/site-packages/airflow/example_dags/example_task_group.py
[2025-07-14T12:56:13.123+0000] {processor.py:840} INFO - DAG(s) 'example_task_group' retrieved from /home/airflow/.local/lib/python3.8/site-packages/airflow/example_dags/example_task_group.py
[2025-07-14T12:56:13.173+0000] {logging_mixin.py:188} INFO - [2025-07-14T12:56:13.172+0000] {dag.py:3036} INFO - Sync 1 DAGs
[2025-07-14T12:56:13.220+0000] {logging_mixin.py:188} INFO - [2025-07-14T12:56:13.220+0000] {dag.py:3823} INFO - Setting next_dagrun for example_task_group to 2025-07-13 00:00:00+00:00, run_after=2025-07-14 00:00:00+00:00
[2025-07-14T12:56:13.263+0000] {processor.py:183} INFO - Processing /home/airflow/.local/lib/python3.8/site-packages/airflow/example_dags/example_task_group.py took 0.165 seconds
[2025-07-14T12:56:44.228+0000] {processor.py:161} INFO - Started process (PID=2798) to work on /home/airflow/.local/lib/python3.8/site-packages/airflow/example_dags/example_task_group.py
[2025-07-14T12:56:44.230+0000] {processor.py:830} INFO - Processing file /home/airflow/.local/lib/python3.8/site-packages/airflow/example_dags/example_task_group.py for tasks to queue
[2025-07-14T12:56:44.235+0000] {logging_mixin.py:188} INFO - [2025-07-14T12:56:44.234+0000] {dagbag.py:538} INFO - Filling up the DagBag from /home/airflow/.local/lib/python3.8/site-packages/airflow/example_dags/example_task_group.py
[2025-07-14T12:56:44.250+0000] {processor.py:840} INFO - DAG(s) 'example_task_group' retrieved from /home/airflow/.local/lib/python3.8/site-packages/airflow/example_dags/example_task_group.py
[2025-07-14T12:56:44.378+0000] {logging_mixin.py:188} INFO - [2025-07-14T12:56:44.377+0000] {dag.py:3036} INFO - Sync 1 DAGs
[2025-07-14T12:56:44.471+0000] {logging_mixin.py:188} INFO - [2025-07-14T12:56:44.468+0000] {dag.py:3823} INFO - Setting next_dagrun for example_task_group to 2025-07-13 00:00:00+00:00, run_after=2025-07-14 00:00:00+00:00
[2025-07-14T12:56:44.573+0000] {processor.py:183} INFO - Processing /home/airflow/.local/lib/python3.8/site-packages/airflow/example_dags/example_task_group.py took 0.352 seconds
[2025-07-14T12:57:14.813+0000] {processor.py:161} INFO - Started process (PID=2857) to work on /home/airflow/.local/lib/python3.8/site-packages/airflow/example_dags/example_task_group.py
[2025-07-14T12:57:14.815+0000] {processor.py:830} INFO - Processing file /home/airflow/.local/lib/python3.8/site-packages/airflow/example_dags/example_task_group.py for tasks to queue
[2025-07-14T12:57:14.820+0000] {logging_mixin.py:188} INFO - [2025-07-14T12:57:14.819+0000] {dagbag.py:538} INFO - Filling up the DagBag from /home/airflow/.local/lib/python3.8/site-packages/airflow/example_dags/example_task_group.py
[2025-07-14T12:57:14.833+0000] {processor.py:840} INFO - DAG(s) 'example_task_group' retrieved from /home/airflow/.local/lib/python3.8/site-packages/airflow/example_dags/example_task_group.py
[2025-07-14T12:57:14.881+0000] {logging_mixin.py:188} INFO - [2025-07-14T12:57:14.880+0000] {dag.py:3036} INFO - Sync 1 DAGs
[2025-07-14T12:57:14.921+0000] {logging_mixin.py:188} INFO - [2025-07-14T12:57:14.921+0000] {dag.py:3823} INFO - Setting next_dagrun for example_task_group to 2025-07-13 00:00:00+00:00, run_after=2025-07-14 00:00:00+00:00
[2025-07-14T12:57:14.974+0000] {processor.py:183} INFO - Processing /home/airflow/.local/lib/python3.8/site-packages/airflow/example_dags/example_task_group.py took 0.166 seconds
[2025-07-14T12:57:45.613+0000] {processor.py:161} INFO - Started process (PID=2914) to work on /home/airflow/.local/lib/python3.8/site-packages/airflow/example_dags/example_task_group.py
[2025-07-14T12:57:45.615+0000] {processor.py:830} INFO - Processing file /home/airflow/.local/lib/python3.8/site-packages/airflow/example_dags/example_task_group.py for tasks to queue
[2025-07-14T12:57:45.625+0000] {logging_mixin.py:188} INFO - [2025-07-14T12:57:45.623+0000] {dagbag.py:538} INFO - Filling up the DagBag from /home/airflow/.local/lib/python3.8/site-packages/airflow/example_dags/example_task_group.py
[2025-07-14T12:57:45.693+0000] {processor.py:840} INFO - DAG(s) 'example_task_group' retrieved from /home/airflow/.local/lib/python3.8/site-packages/airflow/example_dags/example_task_group.py
[2025-07-14T12:57:46.003+0000] {logging_mixin.py:188} INFO - [2025-07-14T12:57:46.003+0000] {dag.py:3036} INFO - Sync 1 DAGs
[2025-07-14T12:57:46.043+0000] {logging_mixin.py:188} INFO - [2025-07-14T12:57:46.043+0000] {dag.py:3823} INFO - Setting next_dagrun for example_task_group to 2025-07-13 00:00:00+00:00, run_after=2025-07-14 00:00:00+00:00
[2025-07-14T12:57:46.080+0000] {processor.py:183} INFO - Processing /home/airflow/.local/lib/python3.8/site-packages/airflow/example_dags/example_task_group.py took 0.488 seconds
[2025-07-14T12:58:16.646+0000] {processor.py:161} INFO - Started process (PID=2974) to work on /home/airflow/.local/lib/python3.8/site-packages/airflow/example_dags/example_task_group.py
[2025-07-14T12:58:16.648+0000] {processor.py:830} INFO - Processing file /home/airflow/.local/lib/python3.8/site-packages/airflow/example_dags/example_task_group.py for tasks to queue
[2025-07-14T12:58:16.651+0000] {logging_mixin.py:188} INFO - [2025-07-14T12:58:16.651+0000] {dagbag.py:538} INFO - Filling up the DagBag from /home/airflow/.local/lib/python3.8/site-packages/airflow/example_dags/example_task_group.py
[2025-07-14T12:58:16.670+0000] {processor.py:840} INFO - DAG(s) 'example_task_group' retrieved from /home/airflow/.local/lib/python3.8/site-packages/airflow/example_dags/example_task_group.py
[2025-07-14T12:58:16.742+0000] {logging_mixin.py:188} INFO - [2025-07-14T12:58:16.741+0000] {dag.py:3036} INFO - Sync 1 DAGs
[2025-07-14T12:58:17.045+0000] {logging_mixin.py:188} INFO - [2025-07-14T12:58:17.044+0000] {dag.py:3823} INFO - Setting next_dagrun for example_task_group to 2025-07-13 00:00:00+00:00, run_after=2025-07-14 00:00:00+00:00
[2025-07-14T12:58:17.093+0000] {processor.py:183} INFO - Processing /home/airflow/.local/lib/python3.8/site-packages/airflow/example_dags/example_task_group.py took 0.452 seconds
[2025-07-14T12:58:47.198+0000] {processor.py:161} INFO - Started process (PID=3033) to work on /home/airflow/.local/lib/python3.8/site-packages/airflow/example_dags/example_task_group.py
[2025-07-14T12:58:47.201+0000] {processor.py:830} INFO - Processing file /home/airflow/.local/lib/python3.8/site-packages/airflow/example_dags/example_task_group.py for tasks to queue
[2025-07-14T12:58:47.205+0000] {logging_mixin.py:188} INFO - [2025-07-14T12:58:47.204+0000] {dagbag.py:538} INFO - Filling up the DagBag from /home/airflow/.local/lib/python3.8/site-packages/airflow/example_dags/example_task_group.py
[2025-07-14T12:58:47.222+0000] {processor.py:840} INFO - DAG(s) 'example_task_group' retrieved from /home/airflow/.local/lib/python3.8/site-packages/airflow/example_dags/example_task_group.py
[2025-07-14T12:58:47.334+0000] {logging_mixin.py:188} INFO - [2025-07-14T12:58:47.334+0000] {dag.py:3036} INFO - Sync 1 DAGs
[2025-07-14T12:58:47.867+0000] {logging_mixin.py:188} INFO - [2025-07-14T12:58:47.866+0000] {dag.py:3823} INFO - Setting next_dagrun for example_task_group to 2025-07-13 00:00:00+00:00, run_after=2025-07-14 00:00:00+00:00
[2025-07-14T12:58:47.966+0000] {processor.py:183} INFO - Processing /home/airflow/.local/lib/python3.8/site-packages/airflow/example_dags/example_task_group.py took 0.771 seconds
[2025-07-14T12:59:18.188+0000] {processor.py:161} INFO - Started process (PID=3094) to work on /home/airflow/.local/lib/python3.8/site-packages/airflow/example_dags/example_task_group.py
[2025-07-14T12:59:18.193+0000] {processor.py:830} INFO - Processing file /home/airflow/.local/lib/python3.8/site-packages/airflow/example_dags/example_task_group.py for tasks to queue
[2025-07-14T12:59:18.197+0000] {logging_mixin.py:188} INFO - [2025-07-14T12:59:18.197+0000] {dagbag.py:538} INFO - Filling up the DagBag from /home/airflow/.local/lib/python3.8/site-packages/airflow/example_dags/example_task_group.py
[2025-07-14T12:59:18.229+0000] {processor.py:840} INFO - DAG(s) 'example_task_group' retrieved from /home/airflow/.local/lib/python3.8/site-packages/airflow/example_dags/example_task_group.py
[2025-07-14T12:59:18.288+0000] {logging_mixin.py:188} INFO - [2025-07-14T12:59:18.287+0000] {dag.py:3036} INFO - Sync 1 DAGs
[2025-07-14T12:59:18.332+0000] {logging_mixin.py:188} INFO - [2025-07-14T12:59:18.332+0000] {dag.py:3823} INFO - Setting next_dagrun for example_task_group to 2025-07-13 00:00:00+00:00, run_after=2025-07-14 00:00:00+00:00
[2025-07-14T12:59:18.367+0000] {processor.py:183} INFO - Processing /home/airflow/.local/lib/python3.8/site-packages/airflow/example_dags/example_task_group.py took 0.186 seconds
[2025-07-14T12:59:48.549+0000] {processor.py:161} INFO - Started process (PID=3154) to work on /home/airflow/.local/lib/python3.8/site-packages/airflow/example_dags/example_task_group.py
[2025-07-14T12:59:48.558+0000] {processor.py:830} INFO - Processing file /home/airflow/.local/lib/python3.8/site-packages/airflow/example_dags/example_task_group.py for tasks to queue
[2025-07-14T12:59:48.572+0000] {logging_mixin.py:188} INFO - [2025-07-14T12:59:48.571+0000] {dagbag.py:538} INFO - Filling up the DagBag from /home/airflow/.local/lib/python3.8/site-packages/airflow/example_dags/example_task_group.py
[2025-07-14T12:59:48.590+0000] {processor.py:840} INFO - DAG(s) 'example_task_group' retrieved from /home/airflow/.local/lib/python3.8/site-packages/airflow/example_dags/example_task_group.py
[2025-07-14T12:59:48.681+0000] {logging_mixin.py:188} INFO - [2025-07-14T12:59:48.680+0000] {dag.py:3036} INFO - Sync 1 DAGs
[2025-07-14T12:59:48.742+0000] {logging_mixin.py:188} INFO - [2025-07-14T12:59:48.742+0000] {dag.py:3823} INFO - Setting next_dagrun for example_task_group to 2025-07-13 00:00:00+00:00, run_after=2025-07-14 00:00:00+00:00
[2025-07-14T12:59:48.792+0000] {processor.py:183} INFO - Processing /home/airflow/.local/lib/python3.8/site-packages/airflow/example_dags/example_task_group.py took 0.257 seconds
[2025-07-14T13:00:19.071+0000] {processor.py:161} INFO - Started process (PID=3213) to work on /home/airflow/.local/lib/python3.8/site-packages/airflow/example_dags/example_task_group.py
[2025-07-14T13:00:19.073+0000] {processor.py:830} INFO - Processing file /home/airflow/.local/lib/python3.8/site-packages/airflow/example_dags/example_task_group.py for tasks to queue
[2025-07-14T13:00:19.079+0000] {logging_mixin.py:188} INFO - [2025-07-14T13:00:19.078+0000] {dagbag.py:538} INFO - Filling up the DagBag from /home/airflow/.local/lib/python3.8/site-packages/airflow/example_dags/example_task_group.py
[2025-07-14T13:00:19.094+0000] {processor.py:840} INFO - DAG(s) 'example_task_group' retrieved from /home/airflow/.local/lib/python3.8/site-packages/airflow/example_dags/example_task_group.py
[2025-07-14T13:00:19.152+0000] {logging_mixin.py:188} INFO - [2025-07-14T13:00:19.151+0000] {dag.py:3036} INFO - Sync 1 DAGs
[2025-07-14T13:00:19.209+0000] {logging_mixin.py:188} INFO - [2025-07-14T13:00:19.208+0000] {dag.py:3823} INFO - Setting next_dagrun for example_task_group to 2025-07-13 00:00:00+00:00, run_after=2025-07-14 00:00:00+00:00
[2025-07-14T13:00:19.253+0000] {processor.py:183} INFO - Processing /home/airflow/.local/lib/python3.8/site-packages/airflow/example_dags/example_task_group.py took 0.187 seconds
[2025-07-14T13:00:49.376+0000] {processor.py:161} INFO - Started process (PID=3273) to work on /home/airflow/.local/lib/python3.8/site-packages/airflow/example_dags/example_task_group.py
[2025-07-14T13:00:49.378+0000] {processor.py:830} INFO - Processing file /home/airflow/.local/lib/python3.8/site-packages/airflow/example_dags/example_task_group.py for tasks to queue
[2025-07-14T13:00:49.380+0000] {logging_mixin.py:188} INFO - [2025-07-14T13:00:49.380+0000] {dagbag.py:538} INFO - Filling up the DagBag from /home/airflow/.local/lib/python3.8/site-packages/airflow/example_dags/example_task_group.py
[2025-07-14T13:00:49.391+0000] {processor.py:840} INFO - DAG(s) 'example_task_group' retrieved from /home/airflow/.local/lib/python3.8/site-packages/airflow/example_dags/example_task_group.py
[2025-07-14T13:00:49.426+0000] {logging_mixin.py:188} INFO - [2025-07-14T13:00:49.426+0000] {dag.py:3036} INFO - Sync 1 DAGs
[2025-07-14T13:00:49.464+0000] {logging_mixin.py:188} INFO - [2025-07-14T13:00:49.464+0000] {dag.py:3823} INFO - Setting next_dagrun for example_task_group to 2025-07-13 00:00:00+00:00, run_after=2025-07-14 00:00:00+00:00
[2025-07-14T13:00:49.495+0000] {processor.py:183} INFO - Processing /home/airflow/.local/lib/python3.8/site-packages/airflow/example_dags/example_task_group.py took 0.124 seconds
[2025-07-14T13:01:19.702+0000] {processor.py:161} INFO - Started process (PID=3333) to work on /home/airflow/.local/lib/python3.8/site-packages/airflow/example_dags/example_task_group.py
[2025-07-14T13:01:19.705+0000] {processor.py:830} INFO - Processing file /home/airflow/.local/lib/python3.8/site-packages/airflow/example_dags/example_task_group.py for tasks to queue
[2025-07-14T13:01:19.709+0000] {logging_mixin.py:188} INFO - [2025-07-14T13:01:19.709+0000] {dagbag.py:538} INFO - Filling up the DagBag from /home/airflow/.local/lib/python3.8/site-packages/airflow/example_dags/example_task_group.py
[2025-07-14T13:01:19.725+0000] {processor.py:840} INFO - DAG(s) 'example_task_group' retrieved from /home/airflow/.local/lib/python3.8/site-packages/airflow/example_dags/example_task_group.py
[2025-07-14T13:01:19.774+0000] {logging_mixin.py:188} INFO - [2025-07-14T13:01:19.774+0000] {dag.py:3036} INFO - Sync 1 DAGs
[2025-07-14T13:01:19.821+0000] {logging_mixin.py:188} INFO - [2025-07-14T13:01:19.820+0000] {dag.py:3823} INFO - Setting next_dagrun for example_task_group to 2025-07-13 00:00:00+00:00, run_after=2025-07-14 00:00:00+00:00
[2025-07-14T13:01:19.872+0000] {processor.py:183} INFO - Processing /home/airflow/.local/lib/python3.8/site-packages/airflow/example_dags/example_task_group.py took 0.174 seconds
[2025-07-14T13:01:50.688+0000] {processor.py:161} INFO - Started process (PID=3393) to work on /home/airflow/.local/lib/python3.8/site-packages/airflow/example_dags/example_task_group.py
[2025-07-14T13:01:50.690+0000] {processor.py:830} INFO - Processing file /home/airflow/.local/lib/python3.8/site-packages/airflow/example_dags/example_task_group.py for tasks to queue
[2025-07-14T13:01:50.695+0000] {logging_mixin.py:188} INFO - [2025-07-14T13:01:50.694+0000] {dagbag.py:538} INFO - Filling up the DagBag from /home/airflow/.local/lib/python3.8/site-packages/airflow/example_dags/example_task_group.py
[2025-07-14T13:01:50.719+0000] {processor.py:840} INFO - DAG(s) 'example_task_group' retrieved from /home/airflow/.local/lib/python3.8/site-packages/airflow/example_dags/example_task_group.py
[2025-07-14T13:01:50.782+0000] {logging_mixin.py:188} INFO - [2025-07-14T13:01:50.781+0000] {dag.py:3036} INFO - Sync 1 DAGs
[2025-07-14T13:01:50.839+0000] {logging_mixin.py:188} INFO - [2025-07-14T13:01:50.839+0000] {dag.py:3823} INFO - Setting next_dagrun for example_task_group to 2025-07-13 00:00:00+00:00, run_after=2025-07-14 00:00:00+00:00
[2025-07-14T13:01:50.891+0000] {processor.py:183} INFO - Processing /home/airflow/.local/lib/python3.8/site-packages/airflow/example_dags/example_task_group.py took 0.209 seconds
[2025-07-14T13:02:21.512+0000] {processor.py:161} INFO - Started process (PID=3453) to work on /home/airflow/.local/lib/python3.8/site-packages/airflow/example_dags/example_task_group.py
[2025-07-14T13:02:21.514+0000] {processor.py:830} INFO - Processing file /home/airflow/.local/lib/python3.8/site-packages/airflow/example_dags/example_task_group.py for tasks to queue
[2025-07-14T13:02:21.519+0000] {logging_mixin.py:188} INFO - [2025-07-14T13:02:21.518+0000] {dagbag.py:538} INFO - Filling up the DagBag from /home/airflow/.local/lib/python3.8/site-packages/airflow/example_dags/example_task_group.py
[2025-07-14T13:02:21.538+0000] {processor.py:840} INFO - DAG(s) 'example_task_group' retrieved from /home/airflow/.local/lib/python3.8/site-packages/airflow/example_dags/example_task_group.py
[2025-07-14T13:02:21.597+0000] {logging_mixin.py:188} INFO - [2025-07-14T13:02:21.596+0000] {dag.py:3036} INFO - Sync 1 DAGs
[2025-07-14T13:02:21.646+0000] {logging_mixin.py:188} INFO - [2025-07-14T13:02:21.646+0000] {dag.py:3823} INFO - Setting next_dagrun for example_task_group to 2025-07-13 00:00:00+00:00, run_after=2025-07-14 00:00:00+00:00
[2025-07-14T13:02:21.699+0000] {processor.py:183} INFO - Processing /home/airflow/.local/lib/python3.8/site-packages/airflow/example_dags/example_task_group.py took 0.198 seconds
[2025-07-14T13:02:51.907+0000] {processor.py:161} INFO - Started process (PID=3514) to work on /home/airflow/.local/lib/python3.8/site-packages/airflow/example_dags/example_task_group.py
[2025-07-14T13:02:51.909+0000] {processor.py:830} INFO - Processing file /home/airflow/.local/lib/python3.8/site-packages/airflow/example_dags/example_task_group.py for tasks to queue
[2025-07-14T13:02:51.921+0000] {logging_mixin.py:188} INFO - [2025-07-14T13:02:51.917+0000] {dagbag.py:538} INFO - Filling up the DagBag from /home/airflow/.local/lib/python3.8/site-packages/airflow/example_dags/example_task_group.py
[2025-07-14T13:02:51.940+0000] {processor.py:840} INFO - DAG(s) 'example_task_group' retrieved from /home/airflow/.local/lib/python3.8/site-packages/airflow/example_dags/example_task_group.py
[2025-07-14T13:02:52.008+0000] {logging_mixin.py:188} INFO - [2025-07-14T13:02:52.008+0000] {dag.py:3036} INFO - Sync 1 DAGs
[2025-07-14T13:02:52.057+0000] {logging_mixin.py:188} INFO - [2025-07-14T13:02:52.056+0000] {dag.py:3823} INFO - Setting next_dagrun for example_task_group to 2025-07-13 00:00:00+00:00, run_after=2025-07-14 00:00:00+00:00
[2025-07-14T13:02:52.103+0000] {processor.py:183} INFO - Processing /home/airflow/.local/lib/python3.8/site-packages/airflow/example_dags/example_task_group.py took 0.201 seconds
[2025-07-14T13:03:22.168+0000] {processor.py:161} INFO - Started process (PID=3579) to work on /home/airflow/.local/lib/python3.8/site-packages/airflow/example_dags/example_task_group.py
[2025-07-14T13:03:22.170+0000] {processor.py:830} INFO - Processing file /home/airflow/.local/lib/python3.8/site-packages/airflow/example_dags/example_task_group.py for tasks to queue
[2025-07-14T13:03:22.173+0000] {logging_mixin.py:188} INFO - [2025-07-14T13:03:22.173+0000] {dagbag.py:538} INFO - Filling up the DagBag from /home/airflow/.local/lib/python3.8/site-packages/airflow/example_dags/example_task_group.py
[2025-07-14T13:03:22.188+0000] {processor.py:840} INFO - DAG(s) 'example_task_group' retrieved from /home/airflow/.local/lib/python3.8/site-packages/airflow/example_dags/example_task_group.py
[2025-07-14T13:03:22.235+0000] {logging_mixin.py:188} INFO - [2025-07-14T13:03:22.235+0000] {dag.py:3036} INFO - Sync 1 DAGs
[2025-07-14T13:03:22.275+0000] {logging_mixin.py:188} INFO - [2025-07-14T13:03:22.275+0000] {dag.py:3823} INFO - Setting next_dagrun for example_task_group to 2025-07-13 00:00:00+00:00, run_after=2025-07-14 00:00:00+00:00
[2025-07-14T13:03:22.311+0000] {processor.py:183} INFO - Processing /home/airflow/.local/lib/python3.8/site-packages/airflow/example_dags/example_task_group.py took 0.151 seconds
[2025-07-14T13:03:53.424+0000] {processor.py:161} INFO - Started process (PID=3639) to work on /home/airflow/.local/lib/python3.8/site-packages/airflow/example_dags/example_task_group.py
[2025-07-14T13:03:53.430+0000] {processor.py:830} INFO - Processing file /home/airflow/.local/lib/python3.8/site-packages/airflow/example_dags/example_task_group.py for tasks to queue
[2025-07-14T13:03:53.433+0000] {logging_mixin.py:188} INFO - [2025-07-14T13:03:53.433+0000] {dagbag.py:538} INFO - Filling up the DagBag from /home/airflow/.local/lib/python3.8/site-packages/airflow/example_dags/example_task_group.py
[2025-07-14T13:03:53.456+0000] {processor.py:840} INFO - DAG(s) 'example_task_group' retrieved from /home/airflow/.local/lib/python3.8/site-packages/airflow/example_dags/example_task_group.py
[2025-07-14T13:03:53.567+0000] {logging_mixin.py:188} INFO - [2025-07-14T13:03:53.567+0000] {dag.py:3036} INFO - Sync 1 DAGs
[2025-07-14T13:03:53.626+0000] {logging_mixin.py:188} INFO - [2025-07-14T13:03:53.626+0000] {dag.py:3823} INFO - Setting next_dagrun for example_task_group to 2025-07-13 00:00:00+00:00, run_after=2025-07-14 00:00:00+00:00
[2025-07-14T13:03:53.667+0000] {processor.py:183} INFO - Processing /home/airflow/.local/lib/python3.8/site-packages/airflow/example_dags/example_task_group.py took 0.250 seconds
[2025-07-14T13:04:24.428+0000] {processor.py:161} INFO - Started process (PID=3699) to work on /home/airflow/.local/lib/python3.8/site-packages/airflow/example_dags/example_task_group.py
[2025-07-14T13:04:24.429+0000] {processor.py:830} INFO - Processing file /home/airflow/.local/lib/python3.8/site-packages/airflow/example_dags/example_task_group.py for tasks to queue
[2025-07-14T13:04:24.433+0000] {logging_mixin.py:188} INFO - [2025-07-14T13:04:24.432+0000] {dagbag.py:538} INFO - Filling up the DagBag from /home/airflow/.local/lib/python3.8/site-packages/airflow/example_dags/example_task_group.py
[2025-07-14T13:04:24.455+0000] {processor.py:840} INFO - DAG(s) 'example_task_group' retrieved from /home/airflow/.local/lib/python3.8/site-packages/airflow/example_dags/example_task_group.py
[2025-07-14T13:04:24.504+0000] {logging_mixin.py:188} INFO - [2025-07-14T13:04:24.503+0000] {dag.py:3036} INFO - Sync 1 DAGs
[2025-07-14T13:04:24.555+0000] {logging_mixin.py:188} INFO - [2025-07-14T13:04:24.555+0000] {dag.py:3823} INFO - Setting next_dagrun for example_task_group to 2025-07-13 00:00:00+00:00, run_after=2025-07-14 00:00:00+00:00
[2025-07-14T13:04:24.598+0000] {processor.py:183} INFO - Processing /home/airflow/.local/lib/python3.8/site-packages/airflow/example_dags/example_task_group.py took 0.176 seconds
[2025-07-14T13:04:55.161+0000] {processor.py:161} INFO - Started process (PID=3754) to work on /home/airflow/.local/lib/python3.8/site-packages/airflow/example_dags/example_task_group.py
[2025-07-14T13:04:55.165+0000] {processor.py:830} INFO - Processing file /home/airflow/.local/lib/python3.8/site-packages/airflow/example_dags/example_task_group.py for tasks to queue
[2025-07-14T13:04:55.171+0000] {logging_mixin.py:188} INFO - [2025-07-14T13:04:55.170+0000] {dagbag.py:538} INFO - Filling up the DagBag from /home/airflow/.local/lib/python3.8/site-packages/airflow/example_dags/example_task_group.py
[2025-07-14T13:04:55.189+0000] {processor.py:840} INFO - DAG(s) 'example_task_group' retrieved from /home/airflow/.local/lib/python3.8/site-packages/airflow/example_dags/example_task_group.py
[2025-07-14T13:04:55.232+0000] {logging_mixin.py:188} INFO - [2025-07-14T13:04:55.231+0000] {dag.py:3036} INFO - Sync 1 DAGs
[2025-07-14T13:04:55.270+0000] {logging_mixin.py:188} INFO - [2025-07-14T13:04:55.270+0000] {dag.py:3823} INFO - Setting next_dagrun for example_task_group to 2025-07-13 00:00:00+00:00, run_after=2025-07-14 00:00:00+00:00
[2025-07-14T13:04:55.304+0000] {processor.py:183} INFO - Processing /home/airflow/.local/lib/python3.8/site-packages/airflow/example_dags/example_task_group.py took 0.150 seconds
[2025-07-14T13:05:25.513+0000] {processor.py:161} INFO - Started process (PID=3813) to work on /home/airflow/.local/lib/python3.8/site-packages/airflow/example_dags/example_task_group.py
[2025-07-14T13:05:25.516+0000] {processor.py:830} INFO - Processing file /home/airflow/.local/lib/python3.8/site-packages/airflow/example_dags/example_task_group.py for tasks to queue
[2025-07-14T13:05:25.521+0000] {logging_mixin.py:188} INFO - [2025-07-14T13:05:25.520+0000] {dagbag.py:538} INFO - Filling up the DagBag from /home/airflow/.local/lib/python3.8/site-packages/airflow/example_dags/example_task_group.py
[2025-07-14T13:05:25.549+0000] {processor.py:840} INFO - DAG(s) 'example_task_group' retrieved from /home/airflow/.local/lib/python3.8/site-packages/airflow/example_dags/example_task_group.py
[2025-07-14T13:05:25.709+0000] {logging_mixin.py:188} INFO - [2025-07-14T13:05:25.709+0000] {dag.py:3036} INFO - Sync 1 DAGs
[2025-07-14T13:05:25.906+0000] {logging_mixin.py:188} INFO - [2025-07-14T13:05:25.905+0000] {dag.py:3823} INFO - Setting next_dagrun for example_task_group to 2025-07-13 00:00:00+00:00, run_after=2025-07-14 00:00:00+00:00
[2025-07-14T13:05:26.050+0000] {processor.py:183} INFO - Processing /home/airflow/.local/lib/python3.8/site-packages/airflow/example_dags/example_task_group.py took 0.548 seconds
[2025-07-14T13:05:56.929+0000] {processor.py:161} INFO - Started process (PID=3874) to work on /home/airflow/.local/lib/python3.8/site-packages/airflow/example_dags/example_task_group.py
[2025-07-14T13:05:56.931+0000] {processor.py:830} INFO - Processing file /home/airflow/.local/lib/python3.8/site-packages/airflow/example_dags/example_task_group.py for tasks to queue
[2025-07-14T13:05:56.939+0000] {logging_mixin.py:188} INFO - [2025-07-14T13:05:56.938+0000] {dagbag.py:538} INFO - Filling up the DagBag from /home/airflow/.local/lib/python3.8/site-packages/airflow/example_dags/example_task_group.py
[2025-07-14T13:05:56.956+0000] {processor.py:840} INFO - DAG(s) 'example_task_group' retrieved from /home/airflow/.local/lib/python3.8/site-packages/airflow/example_dags/example_task_group.py
[2025-07-14T13:05:57.016+0000] {logging_mixin.py:188} INFO - [2025-07-14T13:05:57.016+0000] {dag.py:3036} INFO - Sync 1 DAGs
[2025-07-14T13:05:57.069+0000] {logging_mixin.py:188} INFO - [2025-07-14T13:05:57.068+0000] {dag.py:3823} INFO - Setting next_dagrun for example_task_group to 2025-07-13 00:00:00+00:00, run_after=2025-07-14 00:00:00+00:00
[2025-07-14T13:05:57.116+0000] {processor.py:183} INFO - Processing /home/airflow/.local/lib/python3.8/site-packages/airflow/example_dags/example_task_group.py took 0.195 seconds
