[2025-07-14T12:33:29.814+0000] {processor.py:161} INFO - Started process (PID=82) to work on /home/airflow/.local/lib/python3.8/site-packages/airflow/example_dags/example_dag_decorator.py
[2025-07-14T12:33:29.964+0000] {processor.py:830} INFO - Processing file /home/airflow/.local/lib/python3.8/site-packages/airflow/example_dags/example_dag_decorator.py for tasks to queue
[2025-07-14T12:33:29.973+0000] {logging_mixin.py:188} INFO - [2025-07-14T12:33:29.972+0000] {dagbag.py:538} INFO - Filling up the DagBag from /home/airflow/.local/lib/python3.8/site-packages/airflow/example_dags/example_dag_decorator.py
[2025-07-14T12:33:30.601+0000] {processor.py:840} INFO - DAG(s) 'example_dag_decorator' retrieved from /home/airflow/.local/lib/python3.8/site-packages/airflow/example_dags/example_dag_decorator.py
[2025-07-14T12:33:31.068+0000] {logging_mixin.py:188} INFO - [2025-07-14T12:33:31.068+0000] {dag.py:3036} INFO - Sync 1 DAGs
[2025-07-14T12:33:31.114+0000] {logging_mixin.py:188} INFO - [2025-07-14T12:33:31.114+0000] {dag.py:3823} INFO - Setting next_dagrun for example_dag_decorator to None, run_after=None
[2025-07-14T12:33:31.179+0000] {processor.py:183} INFO - Processing /home/airflow/.local/lib/python3.8/site-packages/airflow/example_dags/example_dag_decorator.py took 1.389 seconds
[2025-07-14T12:34:01.886+0000] {processor.py:161} INFO - Started process (PID=143) to work on /home/airflow/.local/lib/python3.8/site-packages/airflow/example_dags/example_dag_decorator.py
[2025-07-14T12:34:01.887+0000] {processor.py:830} INFO - Processing file /home/airflow/.local/lib/python3.8/site-packages/airflow/example_dags/example_dag_decorator.py for tasks to queue
[2025-07-14T12:34:01.890+0000] {logging_mixin.py:188} INFO - [2025-07-14T12:34:01.889+0000] {dagbag.py:538} INFO - Filling up the DagBag from /home/airflow/.local/lib/python3.8/site-packages/airflow/example_dags/example_dag_decorator.py
[2025-07-14T12:34:02.065+0000] {processor.py:840} INFO - DAG(s) 'example_dag_decorator' retrieved from /home/airflow/.local/lib/python3.8/site-packages/airflow/example_dags/example_dag_decorator.py
[2025-07-14T12:34:02.271+0000] {logging_mixin.py:188} INFO - [2025-07-14T12:34:02.271+0000] {dag.py:3036} INFO - Sync 1 DAGs
[2025-07-14T12:34:02.294+0000] {logging_mixin.py:188} INFO - [2025-07-14T12:34:02.294+0000] {dag.py:3823} INFO - Setting next_dagrun for example_dag_decorator to None, run_after=None
[2025-07-14T12:34:02.342+0000] {processor.py:183} INFO - Processing /home/airflow/.local/lib/python3.8/site-packages/airflow/example_dags/example_dag_decorator.py took 0.463 seconds
[2025-07-14T12:34:32.663+0000] {processor.py:161} INFO - Started process (PID=203) to work on /home/airflow/.local/lib/python3.8/site-packages/airflow/example_dags/example_dag_decorator.py
[2025-07-14T12:34:32.667+0000] {processor.py:830} INFO - Processing file /home/airflow/.local/lib/python3.8/site-packages/airflow/example_dags/example_dag_decorator.py for tasks to queue
[2025-07-14T12:34:32.671+0000] {logging_mixin.py:188} INFO - [2025-07-14T12:34:32.670+0000] {dagbag.py:538} INFO - Filling up the DagBag from /home/airflow/.local/lib/python3.8/site-packages/airflow/example_dags/example_dag_decorator.py
[2025-07-14T12:34:32.900+0000] {processor.py:840} INFO - DAG(s) 'example_dag_decorator' retrieved from /home/airflow/.local/lib/python3.8/site-packages/airflow/example_dags/example_dag_decorator.py
[2025-07-14T12:34:33.277+0000] {logging_mixin.py:188} INFO - [2025-07-14T12:34:33.277+0000] {dag.py:3036} INFO - Sync 1 DAGs
[2025-07-14T12:34:33.303+0000] {logging_mixin.py:188} INFO - [2025-07-14T12:34:33.302+0000] {dag.py:3823} INFO - Setting next_dagrun for example_dag_decorator to None, run_after=None
[2025-07-14T12:34:33.362+0000] {processor.py:183} INFO - Processing /home/airflow/.local/lib/python3.8/site-packages/airflow/example_dags/example_dag_decorator.py took 0.705 seconds
[2025-07-14T12:35:03.729+0000] {processor.py:161} INFO - Started process (PID=262) to work on /home/airflow/.local/lib/python3.8/site-packages/airflow/example_dags/example_dag_decorator.py
[2025-07-14T12:35:03.731+0000] {processor.py:830} INFO - Processing file /home/airflow/.local/lib/python3.8/site-packages/airflow/example_dags/example_dag_decorator.py for tasks to queue
[2025-07-14T12:35:03.735+0000] {logging_mixin.py:188} INFO - [2025-07-14T12:35:03.734+0000] {dagbag.py:538} INFO - Filling up the DagBag from /home/airflow/.local/lib/python3.8/site-packages/airflow/example_dags/example_dag_decorator.py
[2025-07-14T12:35:03.932+0000] {processor.py:840} INFO - DAG(s) 'example_dag_decorator' retrieved from /home/airflow/.local/lib/python3.8/site-packages/airflow/example_dags/example_dag_decorator.py
[2025-07-14T12:35:04.170+0000] {logging_mixin.py:188} INFO - [2025-07-14T12:35:04.169+0000] {dag.py:3036} INFO - Sync 1 DAGs
[2025-07-14T12:35:04.189+0000] {logging_mixin.py:188} INFO - [2025-07-14T12:35:04.189+0000] {dag.py:3823} INFO - Setting next_dagrun for example_dag_decorator to None, run_after=None
[2025-07-14T12:35:04.241+0000] {processor.py:183} INFO - Processing /home/airflow/.local/lib/python3.8/site-packages/airflow/example_dags/example_dag_decorator.py took 0.518 seconds
[2025-07-14T12:35:34.997+0000] {processor.py:161} INFO - Started process (PID=323) to work on /home/airflow/.local/lib/python3.8/site-packages/airflow/example_dags/example_dag_decorator.py
[2025-07-14T12:35:34.999+0000] {processor.py:830} INFO - Processing file /home/airflow/.local/lib/python3.8/site-packages/airflow/example_dags/example_dag_decorator.py for tasks to queue
[2025-07-14T12:35:35.004+0000] {logging_mixin.py:188} INFO - [2025-07-14T12:35:35.003+0000] {dagbag.py:538} INFO - Filling up the DagBag from /home/airflow/.local/lib/python3.8/site-packages/airflow/example_dags/example_dag_decorator.py
[2025-07-14T12:35:35.267+0000] {processor.py:840} INFO - DAG(s) 'example_dag_decorator' retrieved from /home/airflow/.local/lib/python3.8/site-packages/airflow/example_dags/example_dag_decorator.py
[2025-07-14T12:35:35.421+0000] {logging_mixin.py:188} INFO - [2025-07-14T12:35:35.420+0000] {dag.py:3036} INFO - Sync 1 DAGs
[2025-07-14T12:35:35.435+0000] {logging_mixin.py:188} INFO - [2025-07-14T12:35:35.435+0000] {dag.py:3823} INFO - Setting next_dagrun for example_dag_decorator to None, run_after=None
[2025-07-14T12:35:35.466+0000] {processor.py:183} INFO - Processing /home/airflow/.local/lib/python3.8/site-packages/airflow/example_dags/example_dag_decorator.py took 0.477 seconds
[2025-07-14T12:36:06.441+0000] {processor.py:161} INFO - Started process (PID=383) to work on /home/airflow/.local/lib/python3.8/site-packages/airflow/example_dags/example_dag_decorator.py
[2025-07-14T12:36:06.443+0000] {processor.py:830} INFO - Processing file /home/airflow/.local/lib/python3.8/site-packages/airflow/example_dags/example_dag_decorator.py for tasks to queue
[2025-07-14T12:36:06.446+0000] {logging_mixin.py:188} INFO - [2025-07-14T12:36:06.445+0000] {dagbag.py:538} INFO - Filling up the DagBag from /home/airflow/.local/lib/python3.8/site-packages/airflow/example_dags/example_dag_decorator.py
[2025-07-14T12:36:06.617+0000] {processor.py:840} INFO - DAG(s) 'example_dag_decorator' retrieved from /home/airflow/.local/lib/python3.8/site-packages/airflow/example_dags/example_dag_decorator.py
[2025-07-14T12:36:06.763+0000] {logging_mixin.py:188} INFO - [2025-07-14T12:36:06.763+0000] {dag.py:3036} INFO - Sync 1 DAGs
[2025-07-14T12:36:06.776+0000] {logging_mixin.py:188} INFO - [2025-07-14T12:36:06.776+0000] {dag.py:3823} INFO - Setting next_dagrun for example_dag_decorator to None, run_after=None
[2025-07-14T12:36:06.804+0000] {processor.py:183} INFO - Processing /home/airflow/.local/lib/python3.8/site-packages/airflow/example_dags/example_dag_decorator.py took 0.368 seconds
[2025-07-14T12:36:37.286+0000] {processor.py:161} INFO - Started process (PID=443) to work on /home/airflow/.local/lib/python3.8/site-packages/airflow/example_dags/example_dag_decorator.py
[2025-07-14T12:36:37.288+0000] {processor.py:830} INFO - Processing file /home/airflow/.local/lib/python3.8/site-packages/airflow/example_dags/example_dag_decorator.py for tasks to queue
[2025-07-14T12:36:37.291+0000] {logging_mixin.py:188} INFO - [2025-07-14T12:36:37.291+0000] {dagbag.py:538} INFO - Filling up the DagBag from /home/airflow/.local/lib/python3.8/site-packages/airflow/example_dags/example_dag_decorator.py
[2025-07-14T12:36:37.541+0000] {processor.py:840} INFO - DAG(s) 'example_dag_decorator' retrieved from /home/airflow/.local/lib/python3.8/site-packages/airflow/example_dags/example_dag_decorator.py
[2025-07-14T12:36:37.819+0000] {logging_mixin.py:188} INFO - [2025-07-14T12:36:37.818+0000] {dag.py:3036} INFO - Sync 1 DAGs
[2025-07-14T12:36:37.850+0000] {logging_mixin.py:188} INFO - [2025-07-14T12:36:37.849+0000] {dag.py:3823} INFO - Setting next_dagrun for example_dag_decorator to None, run_after=None
[2025-07-14T12:36:37.913+0000] {processor.py:183} INFO - Processing /home/airflow/.local/lib/python3.8/site-packages/airflow/example_dags/example_dag_decorator.py took 0.637 seconds
[2025-07-14T12:37:08.228+0000] {processor.py:161} INFO - Started process (PID=505) to work on /home/airflow/.local/lib/python3.8/site-packages/airflow/example_dags/example_dag_decorator.py
[2025-07-14T12:37:08.236+0000] {processor.py:830} INFO - Processing file /home/airflow/.local/lib/python3.8/site-packages/airflow/example_dags/example_dag_decorator.py for tasks to queue
[2025-07-14T12:37:08.243+0000] {logging_mixin.py:188} INFO - [2025-07-14T12:37:08.243+0000] {dagbag.py:538} INFO - Filling up the DagBag from /home/airflow/.local/lib/python3.8/site-packages/airflow/example_dags/example_dag_decorator.py
[2025-07-14T12:37:08.496+0000] {processor.py:840} INFO - DAG(s) 'example_dag_decorator' retrieved from /home/airflow/.local/lib/python3.8/site-packages/airflow/example_dags/example_dag_decorator.py
[2025-07-14T12:37:08.794+0000] {logging_mixin.py:188} INFO - [2025-07-14T12:37:08.793+0000] {dag.py:3036} INFO - Sync 1 DAGs
[2025-07-14T12:37:08.830+0000] {logging_mixin.py:188} INFO - [2025-07-14T12:37:08.830+0000] {dag.py:3823} INFO - Setting next_dagrun for example_dag_decorator to None, run_after=None
[2025-07-14T12:37:08.874+0000] {processor.py:183} INFO - Processing /home/airflow/.local/lib/python3.8/site-packages/airflow/example_dags/example_dag_decorator.py took 0.651 seconds
[2025-07-14T12:37:39.573+0000] {processor.py:161} INFO - Started process (PID=565) to work on /home/airflow/.local/lib/python3.8/site-packages/airflow/example_dags/example_dag_decorator.py
[2025-07-14T12:37:39.575+0000] {processor.py:830} INFO - Processing file /home/airflow/.local/lib/python3.8/site-packages/airflow/example_dags/example_dag_decorator.py for tasks to queue
[2025-07-14T12:37:39.579+0000] {logging_mixin.py:188} INFO - [2025-07-14T12:37:39.578+0000] {dagbag.py:538} INFO - Filling up the DagBag from /home/airflow/.local/lib/python3.8/site-packages/airflow/example_dags/example_dag_decorator.py
[2025-07-14T12:37:39.732+0000] {processor.py:840} INFO - DAG(s) 'example_dag_decorator' retrieved from /home/airflow/.local/lib/python3.8/site-packages/airflow/example_dags/example_dag_decorator.py
[2025-07-14T12:37:39.870+0000] {logging_mixin.py:188} INFO - [2025-07-14T12:37:39.870+0000] {dag.py:3036} INFO - Sync 1 DAGs
[2025-07-14T12:37:39.883+0000] {logging_mixin.py:188} INFO - [2025-07-14T12:37:39.883+0000] {dag.py:3823} INFO - Setting next_dagrun for example_dag_decorator to None, run_after=None
[2025-07-14T12:37:39.909+0000] {processor.py:183} INFO - Processing /home/airflow/.local/lib/python3.8/site-packages/airflow/example_dags/example_dag_decorator.py took 0.342 seconds
[2025-07-14T12:38:10.034+0000] {processor.py:161} INFO - Started process (PID=625) to work on /home/airflow/.local/lib/python3.8/site-packages/airflow/example_dags/example_dag_decorator.py
[2025-07-14T12:38:10.036+0000] {processor.py:830} INFO - Processing file /home/airflow/.local/lib/python3.8/site-packages/airflow/example_dags/example_dag_decorator.py for tasks to queue
[2025-07-14T12:38:10.039+0000] {logging_mixin.py:188} INFO - [2025-07-14T12:38:10.039+0000] {dagbag.py:538} INFO - Filling up the DagBag from /home/airflow/.local/lib/python3.8/site-packages/airflow/example_dags/example_dag_decorator.py
[2025-07-14T12:38:10.228+0000] {processor.py:840} INFO - DAG(s) 'example_dag_decorator' retrieved from /home/airflow/.local/lib/python3.8/site-packages/airflow/example_dags/example_dag_decorator.py
[2025-07-14T12:38:10.432+0000] {logging_mixin.py:188} INFO - [2025-07-14T12:38:10.432+0000] {dag.py:3036} INFO - Sync 1 DAGs
[2025-07-14T12:38:10.453+0000] {logging_mixin.py:188} INFO - [2025-07-14T12:38:10.452+0000] {dag.py:3823} INFO - Setting next_dagrun for example_dag_decorator to None, run_after=None
[2025-07-14T12:38:10.491+0000] {processor.py:183} INFO - Processing /home/airflow/.local/lib/python3.8/site-packages/airflow/example_dags/example_dag_decorator.py took 0.463 seconds
[2025-07-14T12:38:40.901+0000] {processor.py:161} INFO - Started process (PID=685) to work on /home/airflow/.local/lib/python3.8/site-packages/airflow/example_dags/example_dag_decorator.py
[2025-07-14T12:38:40.903+0000] {processor.py:830} INFO - Processing file /home/airflow/.local/lib/python3.8/site-packages/airflow/example_dags/example_dag_decorator.py for tasks to queue
[2025-07-14T12:38:40.906+0000] {logging_mixin.py:188} INFO - [2025-07-14T12:38:40.906+0000] {dagbag.py:538} INFO - Filling up the DagBag from /home/airflow/.local/lib/python3.8/site-packages/airflow/example_dags/example_dag_decorator.py
[2025-07-14T12:38:41.094+0000] {processor.py:840} INFO - DAG(s) 'example_dag_decorator' retrieved from /home/airflow/.local/lib/python3.8/site-packages/airflow/example_dags/example_dag_decorator.py
[2025-07-14T12:38:41.274+0000] {logging_mixin.py:188} INFO - [2025-07-14T12:38:41.274+0000] {dag.py:3036} INFO - Sync 1 DAGs
[2025-07-14T12:38:41.291+0000] {logging_mixin.py:188} INFO - [2025-07-14T12:38:41.291+0000] {dag.py:3823} INFO - Setting next_dagrun for example_dag_decorator to None, run_after=None
[2025-07-14T12:38:41.322+0000] {processor.py:183} INFO - Processing /home/airflow/.local/lib/python3.8/site-packages/airflow/example_dags/example_dag_decorator.py took 0.425 seconds
[2025-07-14T12:39:11.413+0000] {processor.py:161} INFO - Started process (PID=747) to work on /home/airflow/.local/lib/python3.8/site-packages/airflow/example_dags/example_dag_decorator.py
[2025-07-14T12:39:11.414+0000] {processor.py:830} INFO - Processing file /home/airflow/.local/lib/python3.8/site-packages/airflow/example_dags/example_dag_decorator.py for tasks to queue
[2025-07-14T12:39:11.417+0000] {logging_mixin.py:188} INFO - [2025-07-14T12:39:11.416+0000] {dagbag.py:538} INFO - Filling up the DagBag from /home/airflow/.local/lib/python3.8/site-packages/airflow/example_dags/example_dag_decorator.py
[2025-07-14T12:39:11.540+0000] {processor.py:840} INFO - DAG(s) 'example_dag_decorator' retrieved from /home/airflow/.local/lib/python3.8/site-packages/airflow/example_dags/example_dag_decorator.py
[2025-07-14T12:39:11.748+0000] {logging_mixin.py:188} INFO - [2025-07-14T12:39:11.748+0000] {dag.py:3036} INFO - Sync 1 DAGs
[2025-07-14T12:39:11.770+0000] {logging_mixin.py:188} INFO - [2025-07-14T12:39:11.769+0000] {dag.py:3823} INFO - Setting next_dagrun for example_dag_decorator to None, run_after=None
[2025-07-14T12:39:11.817+0000] {processor.py:183} INFO - Processing /home/airflow/.local/lib/python3.8/site-packages/airflow/example_dags/example_dag_decorator.py took 0.408 seconds
[2025-07-14T12:39:41.918+0000] {processor.py:161} INFO - Started process (PID=807) to work on /home/airflow/.local/lib/python3.8/site-packages/airflow/example_dags/example_dag_decorator.py
[2025-07-14T12:39:41.919+0000] {processor.py:830} INFO - Processing file /home/airflow/.local/lib/python3.8/site-packages/airflow/example_dags/example_dag_decorator.py for tasks to queue
[2025-07-14T12:39:41.922+0000] {logging_mixin.py:188} INFO - [2025-07-14T12:39:41.922+0000] {dagbag.py:538} INFO - Filling up the DagBag from /home/airflow/.local/lib/python3.8/site-packages/airflow/example_dags/example_dag_decorator.py
[2025-07-14T12:39:42.044+0000] {processor.py:840} INFO - DAG(s) 'example_dag_decorator' retrieved from /home/airflow/.local/lib/python3.8/site-packages/airflow/example_dags/example_dag_decorator.py
[2025-07-14T12:39:42.208+0000] {logging_mixin.py:188} INFO - [2025-07-14T12:39:42.207+0000] {dag.py:3036} INFO - Sync 1 DAGs
[2025-07-14T12:39:42.222+0000] {logging_mixin.py:188} INFO - [2025-07-14T12:39:42.222+0000] {dag.py:3823} INFO - Setting next_dagrun for example_dag_decorator to None, run_after=None
[2025-07-14T12:39:42.248+0000] {processor.py:183} INFO - Processing /home/airflow/.local/lib/python3.8/site-packages/airflow/example_dags/example_dag_decorator.py took 0.335 seconds
[2025-07-14T12:40:12.618+0000] {processor.py:161} INFO - Started process (PID=866) to work on /home/airflow/.local/lib/python3.8/site-packages/airflow/example_dags/example_dag_decorator.py
[2025-07-14T12:40:12.621+0000] {processor.py:830} INFO - Processing file /home/airflow/.local/lib/python3.8/site-packages/airflow/example_dags/example_dag_decorator.py for tasks to queue
[2025-07-14T12:40:12.625+0000] {logging_mixin.py:188} INFO - [2025-07-14T12:40:12.625+0000] {dagbag.py:538} INFO - Filling up the DagBag from /home/airflow/.local/lib/python3.8/site-packages/airflow/example_dags/example_dag_decorator.py
[2025-07-14T12:40:12.777+0000] {processor.py:840} INFO - DAG(s) 'example_dag_decorator' retrieved from /home/airflow/.local/lib/python3.8/site-packages/airflow/example_dags/example_dag_decorator.py
[2025-07-14T12:40:12.921+0000] {logging_mixin.py:188} INFO - [2025-07-14T12:40:12.921+0000] {dag.py:3036} INFO - Sync 1 DAGs
[2025-07-14T12:40:12.936+0000] {logging_mixin.py:188} INFO - [2025-07-14T12:40:12.936+0000] {dag.py:3823} INFO - Setting next_dagrun for example_dag_decorator to None, run_after=None
[2025-07-14T12:40:12.963+0000] {processor.py:183} INFO - Processing /home/airflow/.local/lib/python3.8/site-packages/airflow/example_dags/example_dag_decorator.py took 0.350 seconds
[2025-07-14T12:40:43.131+0000] {processor.py:161} INFO - Started process (PID=926) to work on /home/airflow/.local/lib/python3.8/site-packages/airflow/example_dags/example_dag_decorator.py
[2025-07-14T12:40:43.133+0000] {processor.py:830} INFO - Processing file /home/airflow/.local/lib/python3.8/site-packages/airflow/example_dags/example_dag_decorator.py for tasks to queue
[2025-07-14T12:40:43.136+0000] {logging_mixin.py:188} INFO - [2025-07-14T12:40:43.136+0000] {dagbag.py:538} INFO - Filling up the DagBag from /home/airflow/.local/lib/python3.8/site-packages/airflow/example_dags/example_dag_decorator.py
[2025-07-14T12:40:43.324+0000] {processor.py:840} INFO - DAG(s) 'example_dag_decorator' retrieved from /home/airflow/.local/lib/python3.8/site-packages/airflow/example_dags/example_dag_decorator.py
[2025-07-14T12:40:43.587+0000] {logging_mixin.py:188} INFO - [2025-07-14T12:40:43.587+0000] {dag.py:3036} INFO - Sync 1 DAGs
[2025-07-14T12:40:43.601+0000] {logging_mixin.py:188} INFO - [2025-07-14T12:40:43.601+0000] {dag.py:3823} INFO - Setting next_dagrun for example_dag_decorator to None, run_after=None
[2025-07-14T12:40:43.636+0000] {processor.py:183} INFO - Processing /home/airflow/.local/lib/python3.8/site-packages/airflow/example_dags/example_dag_decorator.py took 0.514 seconds
[2025-07-14T12:41:14.447+0000] {processor.py:161} INFO - Started process (PID=987) to work on /home/airflow/.local/lib/python3.8/site-packages/airflow/example_dags/example_dag_decorator.py
[2025-07-14T12:41:14.449+0000] {processor.py:830} INFO - Processing file /home/airflow/.local/lib/python3.8/site-packages/airflow/example_dags/example_dag_decorator.py for tasks to queue
[2025-07-14T12:41:14.451+0000] {logging_mixin.py:188} INFO - [2025-07-14T12:41:14.451+0000] {dagbag.py:538} INFO - Filling up the DagBag from /home/airflow/.local/lib/python3.8/site-packages/airflow/example_dags/example_dag_decorator.py
[2025-07-14T12:41:14.569+0000] {processor.py:840} INFO - DAG(s) 'example_dag_decorator' retrieved from /home/airflow/.local/lib/python3.8/site-packages/airflow/example_dags/example_dag_decorator.py
[2025-07-14T12:41:14.774+0000] {logging_mixin.py:188} INFO - [2025-07-14T12:41:14.774+0000] {dag.py:3036} INFO - Sync 1 DAGs
[2025-07-14T12:41:14.794+0000] {logging_mixin.py:188} INFO - [2025-07-14T12:41:14.793+0000] {dag.py:3823} INFO - Setting next_dagrun for example_dag_decorator to None, run_after=None
[2025-07-14T12:41:14.829+0000] {processor.py:183} INFO - Processing /home/airflow/.local/lib/python3.8/site-packages/airflow/example_dags/example_dag_decorator.py took 0.386 seconds
[2025-07-14T12:41:45.683+0000] {processor.py:161} INFO - Started process (PID=1047) to work on /home/airflow/.local/lib/python3.8/site-packages/airflow/example_dags/example_dag_decorator.py
[2025-07-14T12:41:45.685+0000] {processor.py:830} INFO - Processing file /home/airflow/.local/lib/python3.8/site-packages/airflow/example_dags/example_dag_decorator.py for tasks to queue
[2025-07-14T12:41:45.688+0000] {logging_mixin.py:188} INFO - [2025-07-14T12:41:45.687+0000] {dagbag.py:538} INFO - Filling up the DagBag from /home/airflow/.local/lib/python3.8/site-packages/airflow/example_dags/example_dag_decorator.py
[2025-07-14T12:41:45.846+0000] {processor.py:840} INFO - DAG(s) 'example_dag_decorator' retrieved from /home/airflow/.local/lib/python3.8/site-packages/airflow/example_dags/example_dag_decorator.py
[2025-07-14T12:41:46.034+0000] {logging_mixin.py:188} INFO - [2025-07-14T12:41:46.034+0000] {dag.py:3036} INFO - Sync 1 DAGs
[2025-07-14T12:41:46.050+0000] {logging_mixin.py:188} INFO - [2025-07-14T12:41:46.050+0000] {dag.py:3823} INFO - Setting next_dagrun for example_dag_decorator to None, run_after=None
[2025-07-14T12:41:46.078+0000] {processor.py:183} INFO - Processing /home/airflow/.local/lib/python3.8/site-packages/airflow/example_dags/example_dag_decorator.py took 0.402 seconds
[2025-07-14T12:42:16.122+0000] {processor.py:161} INFO - Started process (PID=1107) to work on /home/airflow/.local/lib/python3.8/site-packages/airflow/example_dags/example_dag_decorator.py
[2025-07-14T12:42:16.124+0000] {processor.py:830} INFO - Processing file /home/airflow/.local/lib/python3.8/site-packages/airflow/example_dags/example_dag_decorator.py for tasks to queue
[2025-07-14T12:42:16.127+0000] {logging_mixin.py:188} INFO - [2025-07-14T12:42:16.127+0000] {dagbag.py:538} INFO - Filling up the DagBag from /home/airflow/.local/lib/python3.8/site-packages/airflow/example_dags/example_dag_decorator.py
[2025-07-14T12:42:16.277+0000] {processor.py:840} INFO - DAG(s) 'example_dag_decorator' retrieved from /home/airflow/.local/lib/python3.8/site-packages/airflow/example_dags/example_dag_decorator.py
[2025-07-14T12:42:16.470+0000] {logging_mixin.py:188} INFO - [2025-07-14T12:42:16.469+0000] {dag.py:3036} INFO - Sync 1 DAGs
[2025-07-14T12:42:16.491+0000] {logging_mixin.py:188} INFO - [2025-07-14T12:42:16.490+0000] {dag.py:3823} INFO - Setting next_dagrun for example_dag_decorator to None, run_after=None
[2025-07-14T12:42:16.696+0000] {processor.py:183} INFO - Processing /home/airflow/.local/lib/python3.8/site-packages/airflow/example_dags/example_dag_decorator.py took 0.579 seconds
[2025-07-14T12:42:46.832+0000] {processor.py:161} INFO - Started process (PID=1168) to work on /home/airflow/.local/lib/python3.8/site-packages/airflow/example_dags/example_dag_decorator.py
[2025-07-14T12:42:46.834+0000] {processor.py:830} INFO - Processing file /home/airflow/.local/lib/python3.8/site-packages/airflow/example_dags/example_dag_decorator.py for tasks to queue
[2025-07-14T12:42:46.837+0000] {logging_mixin.py:188} INFO - [2025-07-14T12:42:46.837+0000] {dagbag.py:538} INFO - Filling up the DagBag from /home/airflow/.local/lib/python3.8/site-packages/airflow/example_dags/example_dag_decorator.py
[2025-07-14T12:42:46.992+0000] {processor.py:840} INFO - DAG(s) 'example_dag_decorator' retrieved from /home/airflow/.local/lib/python3.8/site-packages/airflow/example_dags/example_dag_decorator.py
[2025-07-14T12:42:47.156+0000] {logging_mixin.py:188} INFO - [2025-07-14T12:42:47.156+0000] {dag.py:3036} INFO - Sync 1 DAGs
[2025-07-14T12:42:47.311+0000] {logging_mixin.py:188} INFO - [2025-07-14T12:42:47.310+0000] {dag.py:3823} INFO - Setting next_dagrun for example_dag_decorator to None, run_after=None
[2025-07-14T12:42:47.338+0000] {processor.py:183} INFO - Processing /home/airflow/.local/lib/python3.8/site-packages/airflow/example_dags/example_dag_decorator.py took 0.511 seconds
[2025-07-14T12:43:17.701+0000] {processor.py:161} INFO - Started process (PID=1229) to work on /home/airflow/.local/lib/python3.8/site-packages/airflow/example_dags/example_dag_decorator.py
[2025-07-14T12:43:17.703+0000] {processor.py:830} INFO - Processing file /home/airflow/.local/lib/python3.8/site-packages/airflow/example_dags/example_dag_decorator.py for tasks to queue
[2025-07-14T12:43:17.707+0000] {logging_mixin.py:188} INFO - [2025-07-14T12:43:17.706+0000] {dagbag.py:538} INFO - Filling up the DagBag from /home/airflow/.local/lib/python3.8/site-packages/airflow/example_dags/example_dag_decorator.py
[2025-07-14T12:43:17.870+0000] {processor.py:840} INFO - DAG(s) 'example_dag_decorator' retrieved from /home/airflow/.local/lib/python3.8/site-packages/airflow/example_dags/example_dag_decorator.py
[2025-07-14T12:43:18.108+0000] {logging_mixin.py:188} INFO - [2025-07-14T12:43:18.108+0000] {dag.py:3036} INFO - Sync 1 DAGs
[2025-07-14T12:43:18.129+0000] {logging_mixin.py:188} INFO - [2025-07-14T12:43:18.128+0000] {dag.py:3823} INFO - Setting next_dagrun for example_dag_decorator to None, run_after=None
[2025-07-14T12:43:18.192+0000] {processor.py:183} INFO - Processing /home/airflow/.local/lib/python3.8/site-packages/airflow/example_dags/example_dag_decorator.py took 0.494 seconds
[2025-07-14T12:43:49.179+0000] {processor.py:161} INFO - Started process (PID=1295) to work on /home/airflow/.local/lib/python3.8/site-packages/airflow/example_dags/example_dag_decorator.py
[2025-07-14T12:43:49.181+0000] {processor.py:830} INFO - Processing file /home/airflow/.local/lib/python3.8/site-packages/airflow/example_dags/example_dag_decorator.py for tasks to queue
[2025-07-14T12:43:49.186+0000] {logging_mixin.py:188} INFO - [2025-07-14T12:43:49.186+0000] {dagbag.py:538} INFO - Filling up the DagBag from /home/airflow/.local/lib/python3.8/site-packages/airflow/example_dags/example_dag_decorator.py
[2025-07-14T12:43:49.365+0000] {processor.py:840} INFO - DAG(s) 'example_dag_decorator' retrieved from /home/airflow/.local/lib/python3.8/site-packages/airflow/example_dags/example_dag_decorator.py
[2025-07-14T12:43:49.600+0000] {logging_mixin.py:188} INFO - [2025-07-14T12:43:49.599+0000] {dag.py:3036} INFO - Sync 1 DAGs
[2025-07-14T12:43:49.620+0000] {logging_mixin.py:188} INFO - [2025-07-14T12:43:49.620+0000] {dag.py:3823} INFO - Setting next_dagrun for example_dag_decorator to None, run_after=None
[2025-07-14T12:43:49.674+0000] {processor.py:183} INFO - Processing /home/airflow/.local/lib/python3.8/site-packages/airflow/example_dags/example_dag_decorator.py took 0.500 seconds
[2025-07-14T12:44:20.361+0000] {processor.py:161} INFO - Started process (PID=1356) to work on /home/airflow/.local/lib/python3.8/site-packages/airflow/example_dags/example_dag_decorator.py
[2025-07-14T12:44:20.363+0000] {processor.py:830} INFO - Processing file /home/airflow/.local/lib/python3.8/site-packages/airflow/example_dags/example_dag_decorator.py for tasks to queue
[2025-07-14T12:44:20.366+0000] {logging_mixin.py:188} INFO - [2025-07-14T12:44:20.366+0000] {dagbag.py:538} INFO - Filling up the DagBag from /home/airflow/.local/lib/python3.8/site-packages/airflow/example_dags/example_dag_decorator.py
[2025-07-14T12:44:20.563+0000] {processor.py:840} INFO - DAG(s) 'example_dag_decorator' retrieved from /home/airflow/.local/lib/python3.8/site-packages/airflow/example_dags/example_dag_decorator.py
[2025-07-14T12:44:20.798+0000] {logging_mixin.py:188} INFO - [2025-07-14T12:44:20.798+0000] {dag.py:3036} INFO - Sync 1 DAGs
[2025-07-14T12:44:20.821+0000] {logging_mixin.py:188} INFO - [2025-07-14T12:44:20.821+0000] {dag.py:3823} INFO - Setting next_dagrun for example_dag_decorator to None, run_after=None
[2025-07-14T12:44:20.867+0000] {processor.py:183} INFO - Processing /home/airflow/.local/lib/python3.8/site-packages/airflow/example_dags/example_dag_decorator.py took 0.511 seconds
[2025-07-14T12:44:51.587+0000] {processor.py:161} INFO - Started process (PID=1417) to work on /home/airflow/.local/lib/python3.8/site-packages/airflow/example_dags/example_dag_decorator.py
[2025-07-14T12:44:51.589+0000] {processor.py:830} INFO - Processing file /home/airflow/.local/lib/python3.8/site-packages/airflow/example_dags/example_dag_decorator.py for tasks to queue
[2025-07-14T12:44:51.592+0000] {logging_mixin.py:188} INFO - [2025-07-14T12:44:51.591+0000] {dagbag.py:538} INFO - Filling up the DagBag from /home/airflow/.local/lib/python3.8/site-packages/airflow/example_dags/example_dag_decorator.py
[2025-07-14T12:44:51.743+0000] {processor.py:840} INFO - DAG(s) 'example_dag_decorator' retrieved from /home/airflow/.local/lib/python3.8/site-packages/airflow/example_dags/example_dag_decorator.py
[2025-07-14T12:44:51.980+0000] {logging_mixin.py:188} INFO - [2025-07-14T12:44:51.979+0000] {dag.py:3036} INFO - Sync 1 DAGs
[2025-07-14T12:44:52.000+0000] {logging_mixin.py:188} INFO - [2025-07-14T12:44:52.000+0000] {dag.py:3823} INFO - Setting next_dagrun for example_dag_decorator to None, run_after=None
[2025-07-14T12:44:52.038+0000] {processor.py:183} INFO - Processing /home/airflow/.local/lib/python3.8/site-packages/airflow/example_dags/example_dag_decorator.py took 0.455 seconds
[2025-07-14T12:45:22.272+0000] {processor.py:161} INFO - Started process (PID=1477) to work on /home/airflow/.local/lib/python3.8/site-packages/airflow/example_dags/example_dag_decorator.py
[2025-07-14T12:45:22.273+0000] {processor.py:830} INFO - Processing file /home/airflow/.local/lib/python3.8/site-packages/airflow/example_dags/example_dag_decorator.py for tasks to queue
[2025-07-14T12:45:22.276+0000] {logging_mixin.py:188} INFO - [2025-07-14T12:45:22.275+0000] {dagbag.py:538} INFO - Filling up the DagBag from /home/airflow/.local/lib/python3.8/site-packages/airflow/example_dags/example_dag_decorator.py
[2025-07-14T12:45:22.444+0000] {processor.py:840} INFO - DAG(s) 'example_dag_decorator' retrieved from /home/airflow/.local/lib/python3.8/site-packages/airflow/example_dags/example_dag_decorator.py
[2025-07-14T12:45:22.491+0000] {logging_mixin.py:188} INFO - [2025-07-14T12:45:22.490+0000] {dag.py:3036} INFO - Sync 1 DAGs
[2025-07-14T12:45:22.517+0000] {logging_mixin.py:188} INFO - [2025-07-14T12:45:22.517+0000] {dag.py:3823} INFO - Setting next_dagrun for example_dag_decorator to None, run_after=None
[2025-07-14T12:45:22.554+0000] {processor.py:183} INFO - Processing /home/airflow/.local/lib/python3.8/site-packages/airflow/example_dags/example_dag_decorator.py took 0.288 seconds
[2025-07-14T12:45:52.581+0000] {processor.py:161} INFO - Started process (PID=1538) to work on /home/airflow/.local/lib/python3.8/site-packages/airflow/example_dags/example_dag_decorator.py
[2025-07-14T12:45:52.583+0000] {processor.py:830} INFO - Processing file /home/airflow/.local/lib/python3.8/site-packages/airflow/example_dags/example_dag_decorator.py for tasks to queue
[2025-07-14T12:45:52.585+0000] {logging_mixin.py:188} INFO - [2025-07-14T12:45:52.585+0000] {dagbag.py:538} INFO - Filling up the DagBag from /home/airflow/.local/lib/python3.8/site-packages/airflow/example_dags/example_dag_decorator.py
[2025-07-14T12:45:52.706+0000] {processor.py:840} INFO - DAG(s) 'example_dag_decorator' retrieved from /home/airflow/.local/lib/python3.8/site-packages/airflow/example_dags/example_dag_decorator.py
[2025-07-14T12:45:52.739+0000] {logging_mixin.py:188} INFO - [2025-07-14T12:45:52.739+0000] {dag.py:3036} INFO - Sync 1 DAGs
[2025-07-14T12:45:52.759+0000] {logging_mixin.py:188} INFO - [2025-07-14T12:45:52.759+0000] {dag.py:3823} INFO - Setting next_dagrun for example_dag_decorator to None, run_after=None
[2025-07-14T12:45:52.787+0000] {processor.py:183} INFO - Processing /home/airflow/.local/lib/python3.8/site-packages/airflow/example_dags/example_dag_decorator.py took 0.210 seconds
[2025-07-14T12:46:23.396+0000] {processor.py:161} INFO - Started process (PID=1598) to work on /home/airflow/.local/lib/python3.8/site-packages/airflow/example_dags/example_dag_decorator.py
[2025-07-14T12:46:23.398+0000] {processor.py:830} INFO - Processing file /home/airflow/.local/lib/python3.8/site-packages/airflow/example_dags/example_dag_decorator.py for tasks to queue
[2025-07-14T12:46:23.401+0000] {logging_mixin.py:188} INFO - [2025-07-14T12:46:23.400+0000] {dagbag.py:538} INFO - Filling up the DagBag from /home/airflow/.local/lib/python3.8/site-packages/airflow/example_dags/example_dag_decorator.py
[2025-07-14T12:46:23.541+0000] {processor.py:840} INFO - DAG(s) 'example_dag_decorator' retrieved from /home/airflow/.local/lib/python3.8/site-packages/airflow/example_dags/example_dag_decorator.py
[2025-07-14T12:46:23.604+0000] {logging_mixin.py:188} INFO - [2025-07-14T12:46:23.603+0000] {dag.py:3036} INFO - Sync 1 DAGs
[2025-07-14T12:46:23.638+0000] {logging_mixin.py:188} INFO - [2025-07-14T12:46:23.638+0000] {dag.py:3823} INFO - Setting next_dagrun for example_dag_decorator to None, run_after=None
[2025-07-14T12:46:23.698+0000] {processor.py:183} INFO - Processing /home/airflow/.local/lib/python3.8/site-packages/airflow/example_dags/example_dag_decorator.py took 0.307 seconds
[2025-07-14T12:46:53.996+0000] {processor.py:161} INFO - Started process (PID=1656) to work on /home/airflow/.local/lib/python3.8/site-packages/airflow/example_dags/example_dag_decorator.py
[2025-07-14T12:46:53.998+0000] {processor.py:830} INFO - Processing file /home/airflow/.local/lib/python3.8/site-packages/airflow/example_dags/example_dag_decorator.py for tasks to queue
[2025-07-14T12:46:54.003+0000] {logging_mixin.py:188} INFO - [2025-07-14T12:46:54.002+0000] {dagbag.py:538} INFO - Filling up the DagBag from /home/airflow/.local/lib/python3.8/site-packages/airflow/example_dags/example_dag_decorator.py
[2025-07-14T12:46:54.179+0000] {processor.py:840} INFO - DAG(s) 'example_dag_decorator' retrieved from /home/airflow/.local/lib/python3.8/site-packages/airflow/example_dags/example_dag_decorator.py
[2025-07-14T12:46:54.374+0000] {logging_mixin.py:188} INFO - [2025-07-14T12:46:54.374+0000] {dag.py:3036} INFO - Sync 1 DAGs
[2025-07-14T12:46:54.392+0000] {logging_mixin.py:188} INFO - [2025-07-14T12:46:54.392+0000] {dag.py:3823} INFO - Setting next_dagrun for example_dag_decorator to None, run_after=None
[2025-07-14T12:46:54.426+0000] {processor.py:183} INFO - Processing /home/airflow/.local/lib/python3.8/site-packages/airflow/example_dags/example_dag_decorator.py took 0.436 seconds
[2025-07-14T12:47:25.309+0000] {processor.py:161} INFO - Started process (PID=1717) to work on /home/airflow/.local/lib/python3.8/site-packages/airflow/example_dags/example_dag_decorator.py
[2025-07-14T12:47:25.314+0000] {processor.py:830} INFO - Processing file /home/airflow/.local/lib/python3.8/site-packages/airflow/example_dags/example_dag_decorator.py for tasks to queue
[2025-07-14T12:47:25.320+0000] {logging_mixin.py:188} INFO - [2025-07-14T12:47:25.319+0000] {dagbag.py:538} INFO - Filling up the DagBag from /home/airflow/.local/lib/python3.8/site-packages/airflow/example_dags/example_dag_decorator.py
[2025-07-14T12:47:25.772+0000] {processor.py:840} INFO - DAG(s) 'example_dag_decorator' retrieved from /home/airflow/.local/lib/python3.8/site-packages/airflow/example_dags/example_dag_decorator.py
[2025-07-14T12:47:25.875+0000] {logging_mixin.py:188} INFO - [2025-07-14T12:47:25.874+0000] {dag.py:3036} INFO - Sync 1 DAGs
[2025-07-14T12:47:25.905+0000] {logging_mixin.py:188} INFO - [2025-07-14T12:47:25.904+0000] {dag.py:3823} INFO - Setting next_dagrun for example_dag_decorator to None, run_after=None
[2025-07-14T12:47:25.958+0000] {processor.py:183} INFO - Processing /home/airflow/.local/lib/python3.8/site-packages/airflow/example_dags/example_dag_decorator.py took 0.655 seconds
[2025-07-14T12:47:56.576+0000] {processor.py:161} INFO - Started process (PID=1774) to work on /home/airflow/.local/lib/python3.8/site-packages/airflow/example_dags/example_dag_decorator.py
[2025-07-14T12:47:56.578+0000] {processor.py:830} INFO - Processing file /home/airflow/.local/lib/python3.8/site-packages/airflow/example_dags/example_dag_decorator.py for tasks to queue
[2025-07-14T12:47:56.584+0000] {logging_mixin.py:188} INFO - [2025-07-14T12:47:56.584+0000] {dagbag.py:538} INFO - Filling up the DagBag from /home/airflow/.local/lib/python3.8/site-packages/airflow/example_dags/example_dag_decorator.py
[2025-07-14T12:47:56.815+0000] {processor.py:840} INFO - DAG(s) 'example_dag_decorator' retrieved from /home/airflow/.local/lib/python3.8/site-packages/airflow/example_dags/example_dag_decorator.py
[2025-07-14T12:47:57.225+0000] {logging_mixin.py:188} INFO - [2025-07-14T12:47:57.224+0000] {dag.py:3036} INFO - Sync 1 DAGs
[2025-07-14T12:47:57.539+0000] {logging_mixin.py:188} INFO - [2025-07-14T12:47:57.538+0000] {dag.py:3823} INFO - Setting next_dagrun for example_dag_decorator to None, run_after=None
[2025-07-14T12:47:57.588+0000] {processor.py:183} INFO - Processing /home/airflow/.local/lib/python3.8/site-packages/airflow/example_dags/example_dag_decorator.py took 1.023 seconds
[2025-07-14T12:48:27.761+0000] {processor.py:161} INFO - Started process (PID=1832) to work on /home/airflow/.local/lib/python3.8/site-packages/airflow/example_dags/example_dag_decorator.py
[2025-07-14T12:48:27.764+0000] {processor.py:830} INFO - Processing file /home/airflow/.local/lib/python3.8/site-packages/airflow/example_dags/example_dag_decorator.py for tasks to queue
[2025-07-14T12:48:27.771+0000] {logging_mixin.py:188} INFO - [2025-07-14T12:48:27.770+0000] {dagbag.py:538} INFO - Filling up the DagBag from /home/airflow/.local/lib/python3.8/site-packages/airflow/example_dags/example_dag_decorator.py
[2025-07-14T12:48:27.957+0000] {processor.py:840} INFO - DAG(s) 'example_dag_decorator' retrieved from /home/airflow/.local/lib/python3.8/site-packages/airflow/example_dags/example_dag_decorator.py
[2025-07-14T12:48:28.221+0000] {logging_mixin.py:188} INFO - [2025-07-14T12:48:28.221+0000] {dag.py:3036} INFO - Sync 1 DAGs
[2025-07-14T12:48:28.606+0000] {logging_mixin.py:188} INFO - [2025-07-14T12:48:28.605+0000] {dag.py:3823} INFO - Setting next_dagrun for example_dag_decorator to None, run_after=None
[2025-07-14T12:48:28.659+0000] {processor.py:183} INFO - Processing /home/airflow/.local/lib/python3.8/site-packages/airflow/example_dags/example_dag_decorator.py took 0.905 seconds
[2025-07-14T12:48:58.839+0000] {processor.py:161} INFO - Started process (PID=1893) to work on /home/airflow/.local/lib/python3.8/site-packages/airflow/example_dags/example_dag_decorator.py
[2025-07-14T12:48:58.841+0000] {processor.py:830} INFO - Processing file /home/airflow/.local/lib/python3.8/site-packages/airflow/example_dags/example_dag_decorator.py for tasks to queue
[2025-07-14T12:48:58.843+0000] {logging_mixin.py:188} INFO - [2025-07-14T12:48:58.843+0000] {dagbag.py:538} INFO - Filling up the DagBag from /home/airflow/.local/lib/python3.8/site-packages/airflow/example_dags/example_dag_decorator.py
[2025-07-14T12:48:59.009+0000] {processor.py:840} INFO - DAG(s) 'example_dag_decorator' retrieved from /home/airflow/.local/lib/python3.8/site-packages/airflow/example_dags/example_dag_decorator.py
[2025-07-14T12:48:59.048+0000] {logging_mixin.py:188} INFO - [2025-07-14T12:48:59.047+0000] {dag.py:3036} INFO - Sync 1 DAGs
[2025-07-14T12:48:59.068+0000] {logging_mixin.py:188} INFO - [2025-07-14T12:48:59.067+0000] {dag.py:3823} INFO - Setting next_dagrun for example_dag_decorator to None, run_after=None
[2025-07-14T12:48:59.097+0000] {processor.py:183} INFO - Processing /home/airflow/.local/lib/python3.8/site-packages/airflow/example_dags/example_dag_decorator.py took 0.263 seconds
[2025-07-14T12:49:29.513+0000] {processor.py:161} INFO - Started process (PID=1953) to work on /home/airflow/.local/lib/python3.8/site-packages/airflow/example_dags/example_dag_decorator.py
[2025-07-14T12:49:29.514+0000] {processor.py:830} INFO - Processing file /home/airflow/.local/lib/python3.8/site-packages/airflow/example_dags/example_dag_decorator.py for tasks to queue
[2025-07-14T12:49:29.518+0000] {logging_mixin.py:188} INFO - [2025-07-14T12:49:29.518+0000] {dagbag.py:538} INFO - Filling up the DagBag from /home/airflow/.local/lib/python3.8/site-packages/airflow/example_dags/example_dag_decorator.py
[2025-07-14T12:49:29.691+0000] {processor.py:840} INFO - DAG(s) 'example_dag_decorator' retrieved from /home/airflow/.local/lib/python3.8/site-packages/airflow/example_dags/example_dag_decorator.py
[2025-07-14T12:49:29.740+0000] {logging_mixin.py:188} INFO - [2025-07-14T12:49:29.739+0000] {dag.py:3036} INFO - Sync 1 DAGs
[2025-07-14T12:49:29.768+0000] {logging_mixin.py:188} INFO - [2025-07-14T12:49:29.768+0000] {dag.py:3823} INFO - Setting next_dagrun for example_dag_decorator to None, run_after=None
[2025-07-14T12:49:29.817+0000] {processor.py:183} INFO - Processing /home/airflow/.local/lib/python3.8/site-packages/airflow/example_dags/example_dag_decorator.py took 0.310 seconds
[2025-07-14T12:50:00.129+0000] {processor.py:161} INFO - Started process (PID=2013) to work on /home/airflow/.local/lib/python3.8/site-packages/airflow/example_dags/example_dag_decorator.py
[2025-07-14T12:50:00.131+0000] {processor.py:830} INFO - Processing file /home/airflow/.local/lib/python3.8/site-packages/airflow/example_dags/example_dag_decorator.py for tasks to queue
[2025-07-14T12:50:00.134+0000] {logging_mixin.py:188} INFO - [2025-07-14T12:50:00.133+0000] {dagbag.py:538} INFO - Filling up the DagBag from /home/airflow/.local/lib/python3.8/site-packages/airflow/example_dags/example_dag_decorator.py
[2025-07-14T12:50:00.363+0000] {processor.py:840} INFO - DAG(s) 'example_dag_decorator' retrieved from /home/airflow/.local/lib/python3.8/site-packages/airflow/example_dags/example_dag_decorator.py
[2025-07-14T12:50:00.866+0000] {logging_mixin.py:188} INFO - [2025-07-14T12:50:00.866+0000] {dag.py:3036} INFO - Sync 1 DAGs
[2025-07-14T12:50:00.891+0000] {logging_mixin.py:188} INFO - [2025-07-14T12:50:00.890+0000] {dag.py:3823} INFO - Setting next_dagrun for example_dag_decorator to None, run_after=None
[2025-07-14T12:50:00.926+0000] {processor.py:183} INFO - Processing /home/airflow/.local/lib/python3.8/site-packages/airflow/example_dags/example_dag_decorator.py took 0.805 seconds
[2025-07-14T12:50:31.246+0000] {processor.py:161} INFO - Started process (PID=2075) to work on /home/airflow/.local/lib/python3.8/site-packages/airflow/example_dags/example_dag_decorator.py
[2025-07-14T12:50:31.257+0000] {processor.py:830} INFO - Processing file /home/airflow/.local/lib/python3.8/site-packages/airflow/example_dags/example_dag_decorator.py for tasks to queue
[2025-07-14T12:50:31.265+0000] {logging_mixin.py:188} INFO - [2025-07-14T12:50:31.264+0000] {dagbag.py:538} INFO - Filling up the DagBag from /home/airflow/.local/lib/python3.8/site-packages/airflow/example_dags/example_dag_decorator.py
[2025-07-14T12:50:31.535+0000] {processor.py:840} INFO - DAG(s) 'example_dag_decorator' retrieved from /home/airflow/.local/lib/python3.8/site-packages/airflow/example_dags/example_dag_decorator.py
[2025-07-14T12:50:31.924+0000] {logging_mixin.py:188} INFO - [2025-07-14T12:50:31.924+0000] {dag.py:3036} INFO - Sync 1 DAGs
[2025-07-14T12:50:31.943+0000] {logging_mixin.py:188} INFO - [2025-07-14T12:50:31.943+0000] {dag.py:3823} INFO - Setting next_dagrun for example_dag_decorator to None, run_after=None
[2025-07-14T12:50:31.978+0000] {processor.py:183} INFO - Processing /home/airflow/.local/lib/python3.8/site-packages/airflow/example_dags/example_dag_decorator.py took 0.755 seconds
[2025-07-14T12:51:02.485+0000] {processor.py:161} INFO - Started process (PID=2135) to work on /home/airflow/.local/lib/python3.8/site-packages/airflow/example_dags/example_dag_decorator.py
[2025-07-14T12:51:02.488+0000] {processor.py:830} INFO - Processing file /home/airflow/.local/lib/python3.8/site-packages/airflow/example_dags/example_dag_decorator.py for tasks to queue
[2025-07-14T12:51:02.491+0000] {logging_mixin.py:188} INFO - [2025-07-14T12:51:02.490+0000] {dagbag.py:538} INFO - Filling up the DagBag from /home/airflow/.local/lib/python3.8/site-packages/airflow/example_dags/example_dag_decorator.py
[2025-07-14T12:51:02.672+0000] {processor.py:840} INFO - DAG(s) 'example_dag_decorator' retrieved from /home/airflow/.local/lib/python3.8/site-packages/airflow/example_dags/example_dag_decorator.py
[2025-07-14T12:51:02.966+0000] {logging_mixin.py:188} INFO - [2025-07-14T12:51:02.966+0000] {dag.py:3036} INFO - Sync 1 DAGs
[2025-07-14T12:51:02.980+0000] {logging_mixin.py:188} INFO - [2025-07-14T12:51:02.980+0000] {dag.py:3823} INFO - Setting next_dagrun for example_dag_decorator to None, run_after=None
[2025-07-14T12:51:03.007+0000] {processor.py:183} INFO - Processing /home/airflow/.local/lib/python3.8/site-packages/airflow/example_dags/example_dag_decorator.py took 0.530 seconds
[2025-07-14T12:51:33.820+0000] {processor.py:161} INFO - Started process (PID=2196) to work on /home/airflow/.local/lib/python3.8/site-packages/airflow/example_dags/example_dag_decorator.py
[2025-07-14T12:51:33.822+0000] {processor.py:830} INFO - Processing file /home/airflow/.local/lib/python3.8/site-packages/airflow/example_dags/example_dag_decorator.py for tasks to queue
[2025-07-14T12:51:33.827+0000] {logging_mixin.py:188} INFO - [2025-07-14T12:51:33.826+0000] {dagbag.py:538} INFO - Filling up the DagBag from /home/airflow/.local/lib/python3.8/site-packages/airflow/example_dags/example_dag_decorator.py
[2025-07-14T12:51:34.148+0000] {processor.py:840} INFO - DAG(s) 'example_dag_decorator' retrieved from /home/airflow/.local/lib/python3.8/site-packages/airflow/example_dags/example_dag_decorator.py
[2025-07-14T12:51:34.806+0000] {logging_mixin.py:188} INFO - [2025-07-14T12:51:34.806+0000] {dag.py:3036} INFO - Sync 1 DAGs
[2025-07-14T12:51:34.833+0000] {logging_mixin.py:188} INFO - [2025-07-14T12:51:34.831+0000] {dag.py:3823} INFO - Setting next_dagrun for example_dag_decorator to None, run_after=None
[2025-07-14T12:51:34.879+0000] {processor.py:183} INFO - Processing /home/airflow/.local/lib/python3.8/site-packages/airflow/example_dags/example_dag_decorator.py took 1.073 seconds
[2025-07-14T12:52:05.419+0000] {processor.py:161} INFO - Started process (PID=2257) to work on /home/airflow/.local/lib/python3.8/site-packages/airflow/example_dags/example_dag_decorator.py
[2025-07-14T12:52:05.421+0000] {processor.py:830} INFO - Processing file /home/airflow/.local/lib/python3.8/site-packages/airflow/example_dags/example_dag_decorator.py for tasks to queue
[2025-07-14T12:52:05.425+0000] {logging_mixin.py:188} INFO - [2025-07-14T12:52:05.425+0000] {dagbag.py:538} INFO - Filling up the DagBag from /home/airflow/.local/lib/python3.8/site-packages/airflow/example_dags/example_dag_decorator.py
[2025-07-14T12:52:05.827+0000] {processor.py:840} INFO - DAG(s) 'example_dag_decorator' retrieved from /home/airflow/.local/lib/python3.8/site-packages/airflow/example_dags/example_dag_decorator.py
[2025-07-14T12:52:06.361+0000] {logging_mixin.py:188} INFO - [2025-07-14T12:52:06.360+0000] {dag.py:3036} INFO - Sync 1 DAGs
[2025-07-14T12:52:06.387+0000] {logging_mixin.py:188} INFO - [2025-07-14T12:52:06.386+0000] {dag.py:3823} INFO - Setting next_dagrun for example_dag_decorator to None, run_after=None
[2025-07-14T12:52:06.433+0000] {processor.py:183} INFO - Processing /home/airflow/.local/lib/python3.8/site-packages/airflow/example_dags/example_dag_decorator.py took 1.022 seconds
[2025-07-14T12:52:36.685+0000] {processor.py:161} INFO - Started process (PID=2317) to work on /home/airflow/.local/lib/python3.8/site-packages/airflow/example_dags/example_dag_decorator.py
[2025-07-14T12:52:36.688+0000] {processor.py:830} INFO - Processing file /home/airflow/.local/lib/python3.8/site-packages/airflow/example_dags/example_dag_decorator.py for tasks to queue
[2025-07-14T12:52:36.691+0000] {logging_mixin.py:188} INFO - [2025-07-14T12:52:36.691+0000] {dagbag.py:538} INFO - Filling up the DagBag from /home/airflow/.local/lib/python3.8/site-packages/airflow/example_dags/example_dag_decorator.py
[2025-07-14T12:52:36.887+0000] {processor.py:840} INFO - DAG(s) 'example_dag_decorator' retrieved from /home/airflow/.local/lib/python3.8/site-packages/airflow/example_dags/example_dag_decorator.py
[2025-07-14T12:52:37.385+0000] {logging_mixin.py:188} INFO - [2025-07-14T12:52:37.384+0000] {dag.py:3036} INFO - Sync 1 DAGs
[2025-07-14T12:52:37.405+0000] {logging_mixin.py:188} INFO - [2025-07-14T12:52:37.404+0000] {dag.py:3823} INFO - Setting next_dagrun for example_dag_decorator to None, run_after=None
[2025-07-14T12:52:37.442+0000] {processor.py:183} INFO - Processing /home/airflow/.local/lib/python3.8/site-packages/airflow/example_dags/example_dag_decorator.py took 0.763 seconds
[2025-07-14T12:53:07.718+0000] {processor.py:161} INFO - Started process (PID=2377) to work on /home/airflow/.local/lib/python3.8/site-packages/airflow/example_dags/example_dag_decorator.py
[2025-07-14T12:53:07.721+0000] {processor.py:830} INFO - Processing file /home/airflow/.local/lib/python3.8/site-packages/airflow/example_dags/example_dag_decorator.py for tasks to queue
[2025-07-14T12:53:07.726+0000] {logging_mixin.py:188} INFO - [2025-07-14T12:53:07.725+0000] {dagbag.py:538} INFO - Filling up the DagBag from /home/airflow/.local/lib/python3.8/site-packages/airflow/example_dags/example_dag_decorator.py
[2025-07-14T12:53:08.014+0000] {processor.py:840} INFO - DAG(s) 'example_dag_decorator' retrieved from /home/airflow/.local/lib/python3.8/site-packages/airflow/example_dags/example_dag_decorator.py
[2025-07-14T12:53:08.655+0000] {logging_mixin.py:188} INFO - [2025-07-14T12:53:08.654+0000] {dag.py:3036} INFO - Sync 1 DAGs
[2025-07-14T12:53:08.700+0000] {logging_mixin.py:188} INFO - [2025-07-14T12:53:08.700+0000] {dag.py:3823} INFO - Setting next_dagrun for example_dag_decorator to None, run_after=None
[2025-07-14T12:53:08.785+0000] {processor.py:183} INFO - Processing /home/airflow/.local/lib/python3.8/site-packages/airflow/example_dags/example_dag_decorator.py took 1.075 seconds
[2025-07-14T12:53:39.417+0000] {processor.py:161} INFO - Started process (PID=2438) to work on /home/airflow/.local/lib/python3.8/site-packages/airflow/example_dags/example_dag_decorator.py
[2025-07-14T12:53:39.419+0000] {processor.py:830} INFO - Processing file /home/airflow/.local/lib/python3.8/site-packages/airflow/example_dags/example_dag_decorator.py for tasks to queue
[2025-07-14T12:53:39.424+0000] {logging_mixin.py:188} INFO - [2025-07-14T12:53:39.423+0000] {dagbag.py:538} INFO - Filling up the DagBag from /home/airflow/.local/lib/python3.8/site-packages/airflow/example_dags/example_dag_decorator.py
[2025-07-14T12:53:40.871+0000] {processor.py:840} INFO - DAG(s) 'example_dag_decorator' retrieved from /home/airflow/.local/lib/python3.8/site-packages/airflow/example_dags/example_dag_decorator.py
[2025-07-14T12:53:41.087+0000] {logging_mixin.py:188} INFO - [2025-07-14T12:53:41.086+0000] {dag.py:3036} INFO - Sync 1 DAGs
[2025-07-14T12:53:41.102+0000] {logging_mixin.py:188} INFO - [2025-07-14T12:53:41.102+0000] {dag.py:3823} INFO - Setting next_dagrun for example_dag_decorator to None, run_after=None
[2025-07-14T12:53:41.138+0000] {processor.py:183} INFO - Processing /home/airflow/.local/lib/python3.8/site-packages/airflow/example_dags/example_dag_decorator.py took 1.730 seconds
[2025-07-14T12:54:11.373+0000] {processor.py:161} INFO - Started process (PID=2501) to work on /home/airflow/.local/lib/python3.8/site-packages/airflow/example_dags/example_dag_decorator.py
[2025-07-14T12:54:11.375+0000] {processor.py:830} INFO - Processing file /home/airflow/.local/lib/python3.8/site-packages/airflow/example_dags/example_dag_decorator.py for tasks to queue
[2025-07-14T12:54:11.379+0000] {logging_mixin.py:188} INFO - [2025-07-14T12:54:11.378+0000] {dagbag.py:538} INFO - Filling up the DagBag from /home/airflow/.local/lib/python3.8/site-packages/airflow/example_dags/example_dag_decorator.py
[2025-07-14T12:54:11.687+0000] {processor.py:840} INFO - DAG(s) 'example_dag_decorator' retrieved from /home/airflow/.local/lib/python3.8/site-packages/airflow/example_dags/example_dag_decorator.py
[2025-07-14T12:54:11.849+0000] {logging_mixin.py:188} INFO - [2025-07-14T12:54:11.848+0000] {dag.py:3036} INFO - Sync 1 DAGs
[2025-07-14T12:54:11.862+0000] {logging_mixin.py:188} INFO - [2025-07-14T12:54:11.862+0000] {dag.py:3823} INFO - Setting next_dagrun for example_dag_decorator to None, run_after=None
[2025-07-14T12:54:11.889+0000] {processor.py:183} INFO - Processing /home/airflow/.local/lib/python3.8/site-packages/airflow/example_dags/example_dag_decorator.py took 0.522 seconds
[2025-07-14T12:54:42.063+0000] {processor.py:161} INFO - Started process (PID=2562) to work on /home/airflow/.local/lib/python3.8/site-packages/airflow/example_dags/example_dag_decorator.py
[2025-07-14T12:54:42.065+0000] {processor.py:830} INFO - Processing file /home/airflow/.local/lib/python3.8/site-packages/airflow/example_dags/example_dag_decorator.py for tasks to queue
[2025-07-14T12:54:42.068+0000] {logging_mixin.py:188} INFO - [2025-07-14T12:54:42.067+0000] {dagbag.py:538} INFO - Filling up the DagBag from /home/airflow/.local/lib/python3.8/site-packages/airflow/example_dags/example_dag_decorator.py
[2025-07-14T12:54:42.270+0000] {processor.py:840} INFO - DAG(s) 'example_dag_decorator' retrieved from /home/airflow/.local/lib/python3.8/site-packages/airflow/example_dags/example_dag_decorator.py
[2025-07-14T12:54:42.748+0000] {logging_mixin.py:188} INFO - [2025-07-14T12:54:42.748+0000] {dag.py:3036} INFO - Sync 1 DAGs
[2025-07-14T12:54:42.777+0000] {logging_mixin.py:188} INFO - [2025-07-14T12:54:42.777+0000] {dag.py:3823} INFO - Setting next_dagrun for example_dag_decorator to None, run_after=None
[2025-07-14T12:54:42.825+0000] {processor.py:183} INFO - Processing /home/airflow/.local/lib/python3.8/site-packages/airflow/example_dags/example_dag_decorator.py took 0.770 seconds
[2025-07-14T12:55:13.045+0000] {processor.py:161} INFO - Started process (PID=2622) to work on /home/airflow/.local/lib/python3.8/site-packages/airflow/example_dags/example_dag_decorator.py
[2025-07-14T12:55:13.046+0000] {processor.py:830} INFO - Processing file /home/airflow/.local/lib/python3.8/site-packages/airflow/example_dags/example_dag_decorator.py for tasks to queue
[2025-07-14T12:55:13.069+0000] {logging_mixin.py:188} INFO - [2025-07-14T12:55:13.068+0000] {dagbag.py:538} INFO - Filling up the DagBag from /home/airflow/.local/lib/python3.8/site-packages/airflow/example_dags/example_dag_decorator.py
[2025-07-14T12:55:13.689+0000] {processor.py:840} INFO - DAG(s) 'example_dag_decorator' retrieved from /home/airflow/.local/lib/python3.8/site-packages/airflow/example_dags/example_dag_decorator.py
[2025-07-14T12:55:13.889+0000] {logging_mixin.py:188} INFO - [2025-07-14T12:55:13.888+0000] {dag.py:3036} INFO - Sync 1 DAGs
[2025-07-14T12:55:14.485+0000] {logging_mixin.py:188} INFO - [2025-07-14T12:55:14.481+0000] {dag.py:3823} INFO - Setting next_dagrun for example_dag_decorator to None, run_after=None
[2025-07-14T12:55:14.523+0000] {processor.py:183} INFO - Processing /home/airflow/.local/lib/python3.8/site-packages/airflow/example_dags/example_dag_decorator.py took 1.487 seconds
[2025-07-14T12:55:45.093+0000] {processor.py:161} INFO - Started process (PID=2681) to work on /home/airflow/.local/lib/python3.8/site-packages/airflow/example_dags/example_dag_decorator.py
[2025-07-14T12:55:45.096+0000] {processor.py:830} INFO - Processing file /home/airflow/.local/lib/python3.8/site-packages/airflow/example_dags/example_dag_decorator.py for tasks to queue
[2025-07-14T12:55:45.099+0000] {logging_mixin.py:188} INFO - [2025-07-14T12:55:45.099+0000] {dagbag.py:538} INFO - Filling up the DagBag from /home/airflow/.local/lib/python3.8/site-packages/airflow/example_dags/example_dag_decorator.py
[2025-07-14T12:55:45.331+0000] {processor.py:840} INFO - DAG(s) 'example_dag_decorator' retrieved from /home/airflow/.local/lib/python3.8/site-packages/airflow/example_dags/example_dag_decorator.py
[2025-07-14T12:55:45.957+0000] {logging_mixin.py:188} INFO - [2025-07-14T12:55:45.957+0000] {dag.py:3036} INFO - Sync 1 DAGs
[2025-07-14T12:55:45.982+0000] {logging_mixin.py:188} INFO - [2025-07-14T12:55:45.982+0000] {dag.py:3823} INFO - Setting next_dagrun for example_dag_decorator to None, run_after=None
[2025-07-14T12:55:46.037+0000] {processor.py:183} INFO - Processing /home/airflow/.local/lib/python3.8/site-packages/airflow/example_dags/example_dag_decorator.py took 0.952 seconds
[2025-07-14T12:56:16.345+0000] {processor.py:161} INFO - Started process (PID=2741) to work on /home/airflow/.local/lib/python3.8/site-packages/airflow/example_dags/example_dag_decorator.py
[2025-07-14T12:56:16.349+0000] {processor.py:830} INFO - Processing file /home/airflow/.local/lib/python3.8/site-packages/airflow/example_dags/example_dag_decorator.py for tasks to queue
[2025-07-14T12:56:16.356+0000] {logging_mixin.py:188} INFO - [2025-07-14T12:56:16.355+0000] {dagbag.py:538} INFO - Filling up the DagBag from /home/airflow/.local/lib/python3.8/site-packages/airflow/example_dags/example_dag_decorator.py
[2025-07-14T12:56:17.036+0000] {processor.py:840} INFO - DAG(s) 'example_dag_decorator' retrieved from /home/airflow/.local/lib/python3.8/site-packages/airflow/example_dags/example_dag_decorator.py
[2025-07-14T12:56:17.429+0000] {logging_mixin.py:188} INFO - [2025-07-14T12:56:17.428+0000] {dag.py:3036} INFO - Sync 1 DAGs
[2025-07-14T12:56:17.462+0000] {logging_mixin.py:188} INFO - [2025-07-14T12:56:17.461+0000] {dag.py:3823} INFO - Setting next_dagrun for example_dag_decorator to None, run_after=None
[2025-07-14T12:56:17.511+0000] {processor.py:183} INFO - Processing /home/airflow/.local/lib/python3.8/site-packages/airflow/example_dags/example_dag_decorator.py took 1.176 seconds
[2025-07-14T12:56:47.633+0000] {processor.py:161} INFO - Started process (PID=2804) to work on /home/airflow/.local/lib/python3.8/site-packages/airflow/example_dags/example_dag_decorator.py
[2025-07-14T12:56:47.639+0000] {processor.py:830} INFO - Processing file /home/airflow/.local/lib/python3.8/site-packages/airflow/example_dags/example_dag_decorator.py for tasks to queue
[2025-07-14T12:56:47.648+0000] {logging_mixin.py:188} INFO - [2025-07-14T12:56:47.648+0000] {dagbag.py:538} INFO - Filling up the DagBag from /home/airflow/.local/lib/python3.8/site-packages/airflow/example_dags/example_dag_decorator.py
[2025-07-14T12:56:49.202+0000] {processor.py:840} INFO - DAG(s) 'example_dag_decorator' retrieved from /home/airflow/.local/lib/python3.8/site-packages/airflow/example_dags/example_dag_decorator.py
[2025-07-14T12:56:49.543+0000] {logging_mixin.py:188} INFO - [2025-07-14T12:56:49.542+0000] {dag.py:3036} INFO - Sync 1 DAGs
[2025-07-14T12:56:49.595+0000] {logging_mixin.py:188} INFO - [2025-07-14T12:56:49.595+0000] {dag.py:3823} INFO - Setting next_dagrun for example_dag_decorator to None, run_after=None
[2025-07-14T12:56:49.656+0000] {processor.py:183} INFO - Processing /home/airflow/.local/lib/python3.8/site-packages/airflow/example_dags/example_dag_decorator.py took 2.032 seconds
[2025-07-14T12:57:19.770+0000] {processor.py:161} INFO - Started process (PID=2866) to work on /home/airflow/.local/lib/python3.8/site-packages/airflow/example_dags/example_dag_decorator.py
[2025-07-14T12:57:19.771+0000] {processor.py:830} INFO - Processing file /home/airflow/.local/lib/python3.8/site-packages/airflow/example_dags/example_dag_decorator.py for tasks to queue
[2025-07-14T12:57:19.774+0000] {logging_mixin.py:188} INFO - [2025-07-14T12:57:19.774+0000] {dagbag.py:538} INFO - Filling up the DagBag from /home/airflow/.local/lib/python3.8/site-packages/airflow/example_dags/example_dag_decorator.py
[2025-07-14T12:57:20.188+0000] {processor.py:840} INFO - DAG(s) 'example_dag_decorator' retrieved from /home/airflow/.local/lib/python3.8/site-packages/airflow/example_dags/example_dag_decorator.py
[2025-07-14T12:57:20.467+0000] {logging_mixin.py:188} INFO - [2025-07-14T12:57:20.467+0000] {dag.py:3036} INFO - Sync 1 DAGs
[2025-07-14T12:57:20.494+0000] {logging_mixin.py:188} INFO - [2025-07-14T12:57:20.494+0000] {dag.py:3823} INFO - Setting next_dagrun for example_dag_decorator to None, run_after=None
[2025-07-14T12:57:20.548+0000] {processor.py:183} INFO - Processing /home/airflow/.local/lib/python3.8/site-packages/airflow/example_dags/example_dag_decorator.py took 0.787 seconds
[2025-07-14T12:57:50.650+0000] {processor.py:161} INFO - Started process (PID=2928) to work on /home/airflow/.local/lib/python3.8/site-packages/airflow/example_dags/example_dag_decorator.py
[2025-07-14T12:57:50.654+0000] {processor.py:830} INFO - Processing file /home/airflow/.local/lib/python3.8/site-packages/airflow/example_dags/example_dag_decorator.py for tasks to queue
[2025-07-14T12:57:50.657+0000] {logging_mixin.py:188} INFO - [2025-07-14T12:57:50.657+0000] {dagbag.py:538} INFO - Filling up the DagBag from /home/airflow/.local/lib/python3.8/site-packages/airflow/example_dags/example_dag_decorator.py
[2025-07-14T12:57:50.833+0000] {processor.py:840} INFO - DAG(s) 'example_dag_decorator' retrieved from /home/airflow/.local/lib/python3.8/site-packages/airflow/example_dags/example_dag_decorator.py
[2025-07-14T12:57:51.320+0000] {logging_mixin.py:188} INFO - [2025-07-14T12:57:51.320+0000] {dag.py:3036} INFO - Sync 1 DAGs
[2025-07-14T12:57:51.341+0000] {logging_mixin.py:188} INFO - [2025-07-14T12:57:51.341+0000] {dag.py:3823} INFO - Setting next_dagrun for example_dag_decorator to None, run_after=None
[2025-07-14T12:57:51.436+0000] {processor.py:183} INFO - Processing /home/airflow/.local/lib/python3.8/site-packages/airflow/example_dags/example_dag_decorator.py took 0.791 seconds
[2025-07-14T12:58:22.612+0000] {processor.py:161} INFO - Started process (PID=2993) to work on /home/airflow/.local/lib/python3.8/site-packages/airflow/example_dags/example_dag_decorator.py
[2025-07-14T12:58:22.615+0000] {processor.py:830} INFO - Processing file /home/airflow/.local/lib/python3.8/site-packages/airflow/example_dags/example_dag_decorator.py for tasks to queue
[2025-07-14T12:58:22.621+0000] {logging_mixin.py:188} INFO - [2025-07-14T12:58:22.619+0000] {dagbag.py:538} INFO - Filling up the DagBag from /home/airflow/.local/lib/python3.8/site-packages/airflow/example_dags/example_dag_decorator.py
[2025-07-14T12:58:22.926+0000] {processor.py:840} INFO - DAG(s) 'example_dag_decorator' retrieved from /home/airflow/.local/lib/python3.8/site-packages/airflow/example_dags/example_dag_decorator.py
[2025-07-14T12:58:23.527+0000] {logging_mixin.py:188} INFO - [2025-07-14T12:58:23.526+0000] {dag.py:3036} INFO - Sync 1 DAGs
[2025-07-14T12:58:23.553+0000] {logging_mixin.py:188} INFO - [2025-07-14T12:58:23.552+0000] {dag.py:3823} INFO - Setting next_dagrun for example_dag_decorator to None, run_after=None
[2025-07-14T12:58:23.592+0000] {processor.py:183} INFO - Processing /home/airflow/.local/lib/python3.8/site-packages/airflow/example_dags/example_dag_decorator.py took 0.989 seconds
[2025-07-14T12:58:56.543+0000] {processor.py:161} INFO - Started process (PID=3056) to work on /home/airflow/.local/lib/python3.8/site-packages/airflow/example_dags/example_dag_decorator.py
[2025-07-14T12:58:56.553+0000] {processor.py:830} INFO - Processing file /home/airflow/.local/lib/python3.8/site-packages/airflow/example_dags/example_dag_decorator.py for tasks to queue
[2025-07-14T12:58:56.585+0000] {logging_mixin.py:188} INFO - [2025-07-14T12:58:56.581+0000] {dagbag.py:538} INFO - Filling up the DagBag from /home/airflow/.local/lib/python3.8/site-packages/airflow/example_dags/example_dag_decorator.py
[2025-07-14T12:58:57.276+0000] {processor.py:840} INFO - DAG(s) 'example_dag_decorator' retrieved from /home/airflow/.local/lib/python3.8/site-packages/airflow/example_dags/example_dag_decorator.py
[2025-07-14T12:58:57.654+0000] {logging_mixin.py:188} INFO - [2025-07-14T12:58:57.653+0000] {dag.py:3036} INFO - Sync 1 DAGs
[2025-07-14T12:58:57.701+0000] {logging_mixin.py:188} INFO - [2025-07-14T12:58:57.700+0000] {dag.py:3823} INFO - Setting next_dagrun for example_dag_decorator to None, run_after=None
[2025-07-14T12:58:57.776+0000] {processor.py:183} INFO - Processing /home/airflow/.local/lib/python3.8/site-packages/airflow/example_dags/example_dag_decorator.py took 1.245 seconds
[2025-07-14T12:59:28.756+0000] {processor.py:161} INFO - Started process (PID=3117) to work on /home/airflow/.local/lib/python3.8/site-packages/airflow/example_dags/example_dag_decorator.py
[2025-07-14T12:59:28.758+0000] {processor.py:830} INFO - Processing file /home/airflow/.local/lib/python3.8/site-packages/airflow/example_dags/example_dag_decorator.py for tasks to queue
[2025-07-14T12:59:28.762+0000] {logging_mixin.py:188} INFO - [2025-07-14T12:59:28.762+0000] {dagbag.py:538} INFO - Filling up the DagBag from /home/airflow/.local/lib/python3.8/site-packages/airflow/example_dags/example_dag_decorator.py
[2025-07-14T12:59:28.918+0000] {processor.py:840} INFO - DAG(s) 'example_dag_decorator' retrieved from /home/airflow/.local/lib/python3.8/site-packages/airflow/example_dags/example_dag_decorator.py
[2025-07-14T12:59:29.125+0000] {logging_mixin.py:188} INFO - [2025-07-14T12:59:29.125+0000] {dag.py:3036} INFO - Sync 1 DAGs
[2025-07-14T12:59:29.141+0000] {logging_mixin.py:188} INFO - [2025-07-14T12:59:29.140+0000] {dag.py:3823} INFO - Setting next_dagrun for example_dag_decorator to None, run_after=None
[2025-07-14T12:59:29.182+0000] {processor.py:183} INFO - Processing /home/airflow/.local/lib/python3.8/site-packages/airflow/example_dags/example_dag_decorator.py took 0.431 seconds
[2025-07-14T13:00:00.302+0000] {processor.py:161} INFO - Started process (PID=3179) to work on /home/airflow/.local/lib/python3.8/site-packages/airflow/example_dags/example_dag_decorator.py
[2025-07-14T13:00:00.303+0000] {processor.py:830} INFO - Processing file /home/airflow/.local/lib/python3.8/site-packages/airflow/example_dags/example_dag_decorator.py for tasks to queue
[2025-07-14T13:00:00.309+0000] {logging_mixin.py:188} INFO - [2025-07-14T13:00:00.308+0000] {dagbag.py:538} INFO - Filling up the DagBag from /home/airflow/.local/lib/python3.8/site-packages/airflow/example_dags/example_dag_decorator.py
[2025-07-14T13:00:00.646+0000] {processor.py:840} INFO - DAG(s) 'example_dag_decorator' retrieved from /home/airflow/.local/lib/python3.8/site-packages/airflow/example_dags/example_dag_decorator.py
[2025-07-14T13:00:00.712+0000] {logging_mixin.py:188} INFO - [2025-07-14T13:00:00.711+0000] {dag.py:3036} INFO - Sync 1 DAGs
[2025-07-14T13:00:00.762+0000] {logging_mixin.py:188} INFO - [2025-07-14T13:00:00.761+0000] {dag.py:3823} INFO - Setting next_dagrun for example_dag_decorator to None, run_after=None
[2025-07-14T13:00:00.799+0000] {processor.py:183} INFO - Processing /home/airflow/.local/lib/python3.8/site-packages/airflow/example_dags/example_dag_decorator.py took 0.505 seconds
[2025-07-14T13:00:31.744+0000] {processor.py:161} INFO - Started process (PID=3237) to work on /home/airflow/.local/lib/python3.8/site-packages/airflow/example_dags/example_dag_decorator.py
[2025-07-14T13:00:31.747+0000] {processor.py:830} INFO - Processing file /home/airflow/.local/lib/python3.8/site-packages/airflow/example_dags/example_dag_decorator.py for tasks to queue
[2025-07-14T13:00:31.755+0000] {logging_mixin.py:188} INFO - [2025-07-14T13:00:31.754+0000] {dagbag.py:538} INFO - Filling up the DagBag from /home/airflow/.local/lib/python3.8/site-packages/airflow/example_dags/example_dag_decorator.py
[2025-07-14T13:00:32.011+0000] {processor.py:840} INFO - DAG(s) 'example_dag_decorator' retrieved from /home/airflow/.local/lib/python3.8/site-packages/airflow/example_dags/example_dag_decorator.py
[2025-07-14T13:00:32.516+0000] {logging_mixin.py:188} INFO - [2025-07-14T13:00:32.515+0000] {dag.py:3036} INFO - Sync 1 DAGs
[2025-07-14T13:00:32.556+0000] {logging_mixin.py:188} INFO - [2025-07-14T13:00:32.554+0000] {dag.py:3823} INFO - Setting next_dagrun for example_dag_decorator to None, run_after=None
[2025-07-14T13:00:32.700+0000] {processor.py:183} INFO - Processing /home/airflow/.local/lib/python3.8/site-packages/airflow/example_dags/example_dag_decorator.py took 0.970 seconds
[2025-07-14T13:01:02.930+0000] {processor.py:161} INFO - Started process (PID=3297) to work on /home/airflow/.local/lib/python3.8/site-packages/airflow/example_dags/example_dag_decorator.py
[2025-07-14T13:01:02.933+0000] {processor.py:830} INFO - Processing file /home/airflow/.local/lib/python3.8/site-packages/airflow/example_dags/example_dag_decorator.py for tasks to queue
[2025-07-14T13:01:02.938+0000] {logging_mixin.py:188} INFO - [2025-07-14T13:01:02.937+0000] {dagbag.py:538} INFO - Filling up the DagBag from /home/airflow/.local/lib/python3.8/site-packages/airflow/example_dags/example_dag_decorator.py
[2025-07-14T13:01:03.339+0000] {processor.py:840} INFO - DAG(s) 'example_dag_decorator' retrieved from /home/airflow/.local/lib/python3.8/site-packages/airflow/example_dags/example_dag_decorator.py
[2025-07-14T13:01:03.625+0000] {logging_mixin.py:188} INFO - [2025-07-14T13:01:03.624+0000] {dag.py:3036} INFO - Sync 1 DAGs
[2025-07-14T13:01:03.664+0000] {logging_mixin.py:188} INFO - [2025-07-14T13:01:03.664+0000] {dag.py:3823} INFO - Setting next_dagrun for example_dag_decorator to None, run_after=None
[2025-07-14T13:01:03.738+0000] {processor.py:183} INFO - Processing /home/airflow/.local/lib/python3.8/site-packages/airflow/example_dags/example_dag_decorator.py took 0.855 seconds
[2025-07-14T13:01:34.512+0000] {processor.py:161} INFO - Started process (PID=3358) to work on /home/airflow/.local/lib/python3.8/site-packages/airflow/example_dags/example_dag_decorator.py
[2025-07-14T13:01:34.515+0000] {processor.py:830} INFO - Processing file /home/airflow/.local/lib/python3.8/site-packages/airflow/example_dags/example_dag_decorator.py for tasks to queue
[2025-07-14T13:01:34.522+0000] {logging_mixin.py:188} INFO - [2025-07-14T13:01:34.519+0000] {dagbag.py:538} INFO - Filling up the DagBag from /home/airflow/.local/lib/python3.8/site-packages/airflow/example_dags/example_dag_decorator.py
[2025-07-14T13:01:34.705+0000] {processor.py:840} INFO - DAG(s) 'example_dag_decorator' retrieved from /home/airflow/.local/lib/python3.8/site-packages/airflow/example_dags/example_dag_decorator.py
[2025-07-14T13:01:34.915+0000] {logging_mixin.py:188} INFO - [2025-07-14T13:01:34.915+0000] {dag.py:3036} INFO - Sync 1 DAGs
[2025-07-14T13:01:34.947+0000] {logging_mixin.py:188} INFO - [2025-07-14T13:01:34.947+0000] {dag.py:3823} INFO - Setting next_dagrun for example_dag_decorator to None, run_after=None
[2025-07-14T13:01:35.014+0000] {processor.py:183} INFO - Processing /home/airflow/.local/lib/python3.8/site-packages/airflow/example_dags/example_dag_decorator.py took 0.507 seconds
[2025-07-14T13:02:05.069+0000] {processor.py:161} INFO - Started process (PID=3418) to work on /home/airflow/.local/lib/python3.8/site-packages/airflow/example_dags/example_dag_decorator.py
[2025-07-14T13:02:05.072+0000] {processor.py:830} INFO - Processing file /home/airflow/.local/lib/python3.8/site-packages/airflow/example_dags/example_dag_decorator.py for tasks to queue
[2025-07-14T13:02:05.078+0000] {logging_mixin.py:188} INFO - [2025-07-14T13:02:05.077+0000] {dagbag.py:538} INFO - Filling up the DagBag from /home/airflow/.local/lib/python3.8/site-packages/airflow/example_dags/example_dag_decorator.py
[2025-07-14T13:02:05.271+0000] {processor.py:840} INFO - DAG(s) 'example_dag_decorator' retrieved from /home/airflow/.local/lib/python3.8/site-packages/airflow/example_dags/example_dag_decorator.py
[2025-07-14T13:02:05.325+0000] {logging_mixin.py:188} INFO - [2025-07-14T13:02:05.324+0000] {dag.py:3036} INFO - Sync 1 DAGs
[2025-07-14T13:02:05.351+0000] {logging_mixin.py:188} INFO - [2025-07-14T13:02:05.350+0000] {dag.py:3823} INFO - Setting next_dagrun for example_dag_decorator to None, run_after=None
[2025-07-14T13:02:05.398+0000] {processor.py:183} INFO - Processing /home/airflow/.local/lib/python3.8/site-packages/airflow/example_dags/example_dag_decorator.py took 0.335 seconds
[2025-07-14T13:02:35.598+0000] {processor.py:161} INFO - Started process (PID=3478) to work on /home/airflow/.local/lib/python3.8/site-packages/airflow/example_dags/example_dag_decorator.py
[2025-07-14T13:02:35.603+0000] {processor.py:830} INFO - Processing file /home/airflow/.local/lib/python3.8/site-packages/airflow/example_dags/example_dag_decorator.py for tasks to queue
[2025-07-14T13:02:35.609+0000] {logging_mixin.py:188} INFO - [2025-07-14T13:02:35.608+0000] {dagbag.py:538} INFO - Filling up the DagBag from /home/airflow/.local/lib/python3.8/site-packages/airflow/example_dags/example_dag_decorator.py
[2025-07-14T13:02:35.901+0000] {processor.py:840} INFO - DAG(s) 'example_dag_decorator' retrieved from /home/airflow/.local/lib/python3.8/site-packages/airflow/example_dags/example_dag_decorator.py
[2025-07-14T13:02:36.175+0000] {logging_mixin.py:188} INFO - [2025-07-14T13:02:36.175+0000] {dag.py:3036} INFO - Sync 1 DAGs
[2025-07-14T13:02:36.199+0000] {logging_mixin.py:188} INFO - [2025-07-14T13:02:36.196+0000] {dag.py:3823} INFO - Setting next_dagrun for example_dag_decorator to None, run_after=None
[2025-07-14T13:02:36.253+0000] {processor.py:183} INFO - Processing /home/airflow/.local/lib/python3.8/site-packages/airflow/example_dags/example_dag_decorator.py took 0.660 seconds
[2025-07-14T13:03:06.307+0000] {processor.py:161} INFO - Started process (PID=3539) to work on /home/airflow/.local/lib/python3.8/site-packages/airflow/example_dags/example_dag_decorator.py
[2025-07-14T13:03:06.309+0000] {processor.py:830} INFO - Processing file /home/airflow/.local/lib/python3.8/site-packages/airflow/example_dags/example_dag_decorator.py for tasks to queue
[2025-07-14T13:03:06.320+0000] {logging_mixin.py:188} INFO - [2025-07-14T13:03:06.320+0000] {dagbag.py:538} INFO - Filling up the DagBag from /home/airflow/.local/lib/python3.8/site-packages/airflow/example_dags/example_dag_decorator.py
[2025-07-14T13:03:06.635+0000] {processor.py:840} INFO - DAG(s) 'example_dag_decorator' retrieved from /home/airflow/.local/lib/python3.8/site-packages/airflow/example_dags/example_dag_decorator.py
[2025-07-14T13:03:06.715+0000] {logging_mixin.py:188} INFO - [2025-07-14T13:03:06.714+0000] {dag.py:3036} INFO - Sync 1 DAGs
[2025-07-14T13:03:06.742+0000] {logging_mixin.py:188} INFO - [2025-07-14T13:03:06.741+0000] {dag.py:3823} INFO - Setting next_dagrun for example_dag_decorator to None, run_after=None
[2025-07-14T13:03:06.818+0000] {processor.py:183} INFO - Processing /home/airflow/.local/lib/python3.8/site-packages/airflow/example_dags/example_dag_decorator.py took 0.522 seconds
[2025-07-14T13:03:37.692+0000] {processor.py:161} INFO - Started process (PID=3600) to work on /home/airflow/.local/lib/python3.8/site-packages/airflow/example_dags/example_dag_decorator.py
[2025-07-14T13:03:37.695+0000] {processor.py:830} INFO - Processing file /home/airflow/.local/lib/python3.8/site-packages/airflow/example_dags/example_dag_decorator.py for tasks to queue
[2025-07-14T13:03:37.704+0000] {logging_mixin.py:188} INFO - [2025-07-14T13:03:37.702+0000] {dagbag.py:538} INFO - Filling up the DagBag from /home/airflow/.local/lib/python3.8/site-packages/airflow/example_dags/example_dag_decorator.py
[2025-07-14T13:03:38.039+0000] {processor.py:840} INFO - DAG(s) 'example_dag_decorator' retrieved from /home/airflow/.local/lib/python3.8/site-packages/airflow/example_dags/example_dag_decorator.py
[2025-07-14T13:03:38.121+0000] {logging_mixin.py:188} INFO - [2025-07-14T13:03:38.121+0000] {dag.py:3036} INFO - Sync 1 DAGs
[2025-07-14T13:03:38.155+0000] {logging_mixin.py:188} INFO - [2025-07-14T13:03:38.154+0000] {dag.py:3823} INFO - Setting next_dagrun for example_dag_decorator to None, run_after=None
[2025-07-14T13:03:38.200+0000] {processor.py:183} INFO - Processing /home/airflow/.local/lib/python3.8/site-packages/airflow/example_dags/example_dag_decorator.py took 0.517 seconds
[2025-07-14T13:04:08.265+0000] {processor.py:161} INFO - Started process (PID=3661) to work on /home/airflow/.local/lib/python3.8/site-packages/airflow/example_dags/example_dag_decorator.py
[2025-07-14T13:04:08.268+0000] {processor.py:830} INFO - Processing file /home/airflow/.local/lib/python3.8/site-packages/airflow/example_dags/example_dag_decorator.py for tasks to queue
[2025-07-14T13:04:08.278+0000] {logging_mixin.py:188} INFO - [2025-07-14T13:04:08.278+0000] {dagbag.py:538} INFO - Filling up the DagBag from /home/airflow/.local/lib/python3.8/site-packages/airflow/example_dags/example_dag_decorator.py
[2025-07-14T13:04:08.521+0000] {processor.py:840} INFO - DAG(s) 'example_dag_decorator' retrieved from /home/airflow/.local/lib/python3.8/site-packages/airflow/example_dags/example_dag_decorator.py
[2025-07-14T13:04:08.704+0000] {logging_mixin.py:188} INFO - [2025-07-14T13:04:08.704+0000] {dag.py:3036} INFO - Sync 1 DAGs
[2025-07-14T13:04:08.721+0000] {logging_mixin.py:188} INFO - [2025-07-14T13:04:08.721+0000] {dag.py:3823} INFO - Setting next_dagrun for example_dag_decorator to None, run_after=None
[2025-07-14T13:04:08.758+0000] {processor.py:183} INFO - Processing /home/airflow/.local/lib/python3.8/site-packages/airflow/example_dags/example_dag_decorator.py took 0.499 seconds
[2025-07-14T13:04:38.933+0000] {processor.py:161} INFO - Started process (PID=3720) to work on /home/airflow/.local/lib/python3.8/site-packages/airflow/example_dags/example_dag_decorator.py
[2025-07-14T13:04:38.936+0000] {processor.py:830} INFO - Processing file /home/airflow/.local/lib/python3.8/site-packages/airflow/example_dags/example_dag_decorator.py for tasks to queue
[2025-07-14T13:04:38.942+0000] {logging_mixin.py:188} INFO - [2025-07-14T13:04:38.940+0000] {dagbag.py:538} INFO - Filling up the DagBag from /home/airflow/.local/lib/python3.8/site-packages/airflow/example_dags/example_dag_decorator.py
[2025-07-14T13:04:39.395+0000] {processor.py:840} INFO - DAG(s) 'example_dag_decorator' retrieved from /home/airflow/.local/lib/python3.8/site-packages/airflow/example_dags/example_dag_decorator.py
[2025-07-14T13:04:39.797+0000] {logging_mixin.py:188} INFO - [2025-07-14T13:04:39.796+0000] {dag.py:3036} INFO - Sync 1 DAGs
[2025-07-14T13:04:39.830+0000] {logging_mixin.py:188} INFO - [2025-07-14T13:04:39.829+0000] {dag.py:3823} INFO - Setting next_dagrun for example_dag_decorator to None, run_after=None
[2025-07-14T13:04:39.926+0000] {processor.py:183} INFO - Processing /home/airflow/.local/lib/python3.8/site-packages/airflow/example_dags/example_dag_decorator.py took 1.002 seconds
[2025-07-14T13:05:10.829+0000] {processor.py:161} INFO - Started process (PID=3782) to work on /home/airflow/.local/lib/python3.8/site-packages/airflow/example_dags/example_dag_decorator.py
[2025-07-14T13:05:10.832+0000] {processor.py:830} INFO - Processing file /home/airflow/.local/lib/python3.8/site-packages/airflow/example_dags/example_dag_decorator.py for tasks to queue
[2025-07-14T13:05:10.837+0000] {logging_mixin.py:188} INFO - [2025-07-14T13:05:10.836+0000] {dagbag.py:538} INFO - Filling up the DagBag from /home/airflow/.local/lib/python3.8/site-packages/airflow/example_dags/example_dag_decorator.py
[2025-07-14T13:05:12.140+0000] {processor.py:840} INFO - DAG(s) 'example_dag_decorator' retrieved from /home/airflow/.local/lib/python3.8/site-packages/airflow/example_dags/example_dag_decorator.py
[2025-07-14T13:05:12.713+0000] {logging_mixin.py:188} INFO - [2025-07-14T13:05:12.713+0000] {dag.py:3036} INFO - Sync 1 DAGs
[2025-07-14T13:05:12.846+0000] {logging_mixin.py:188} INFO - [2025-07-14T13:05:12.846+0000] {dag.py:3823} INFO - Setting next_dagrun for example_dag_decorator to None, run_after=None
[2025-07-14T13:05:12.947+0000] {processor.py:183} INFO - Processing /home/airflow/.local/lib/python3.8/site-packages/airflow/example_dags/example_dag_decorator.py took 2.124 seconds
[2025-07-14T13:05:43.167+0000] {processor.py:161} INFO - Started process (PID=3845) to work on /home/airflow/.local/lib/python3.8/site-packages/airflow/example_dags/example_dag_decorator.py
[2025-07-14T13:05:43.169+0000] {processor.py:830} INFO - Processing file /home/airflow/.local/lib/python3.8/site-packages/airflow/example_dags/example_dag_decorator.py for tasks to queue
[2025-07-14T13:05:43.172+0000] {logging_mixin.py:188} INFO - [2025-07-14T13:05:43.171+0000] {dagbag.py:538} INFO - Filling up the DagBag from /home/airflow/.local/lib/python3.8/site-packages/airflow/example_dags/example_dag_decorator.py
[2025-07-14T13:05:43.414+0000] {processor.py:840} INFO - DAG(s) 'example_dag_decorator' retrieved from /home/airflow/.local/lib/python3.8/site-packages/airflow/example_dags/example_dag_decorator.py
[2025-07-14T13:05:43.987+0000] {logging_mixin.py:188} INFO - [2025-07-14T13:05:43.986+0000] {dag.py:3036} INFO - Sync 1 DAGs
[2025-07-14T13:05:44.011+0000] {logging_mixin.py:188} INFO - [2025-07-14T13:05:44.010+0000] {dag.py:3823} INFO - Setting next_dagrun for example_dag_decorator to None, run_after=None
[2025-07-14T13:05:44.077+0000] {processor.py:183} INFO - Processing /home/airflow/.local/lib/python3.8/site-packages/airflow/example_dags/example_dag_decorator.py took 0.915 seconds
