[2025-07-14T12:33:33.460+0000] {processor.py:161} INFO - Started process (PID=92) to work on /home/airflow/.local/lib/python3.8/site-packages/airflow/example_dags/example_latest_only_with_trigger.py
[2025-07-14T12:33:33.471+0000] {processor.py:830} INFO - Processing file /home/airflow/.local/lib/python3.8/site-packages/airflow/example_dags/example_latest_only_with_trigger.py for tasks to queue
[2025-07-14T12:33:33.481+0000] {logging_mixin.py:188} INFO - [2025-07-14T12:33:33.480+0000] {dagbag.py:538} INFO - Filling up the DagBag from /home/airflow/.local/lib/python3.8/site-packages/airflow/example_dags/example_latest_only_with_trigger.py
[2025-07-14T12:33:33.536+0000] {processor.py:840} INFO - DAG(s) 'latest_only_with_trigger' retrieved from /home/airflow/.local/lib/python3.8/site-packages/airflow/example_dags/example_latest_only_with_trigger.py
[2025-07-14T12:33:33.605+0000] {logging_mixin.py:188} INFO - [2025-07-14T12:33:33.604+0000] {dag.py:3036} INFO - Sync 1 DAGs
[2025-07-14T12:33:33.662+0000] {logging_mixin.py:188} INFO - [2025-07-14T12:33:33.661+0000] {dag.py:3823} INFO - Setting next_dagrun for latest_only_with_trigger to 2025-07-14 08:00:00+00:00, run_after=2025-07-14 12:00:00+00:00
[2025-07-14T12:33:33.798+0000] {processor.py:183} INFO - Processing /home/airflow/.local/lib/python3.8/site-packages/airflow/example_dags/example_latest_only_with_trigger.py took 0.366 seconds
[2025-07-14T12:34:03.904+0000] {processor.py:161} INFO - Started process (PID=151) to work on /home/airflow/.local/lib/python3.8/site-packages/airflow/example_dags/example_latest_only_with_trigger.py
[2025-07-14T12:34:03.906+0000] {processor.py:830} INFO - Processing file /home/airflow/.local/lib/python3.8/site-packages/airflow/example_dags/example_latest_only_with_trigger.py for tasks to queue
[2025-07-14T12:34:03.908+0000] {logging_mixin.py:188} INFO - [2025-07-14T12:34:03.908+0000] {dagbag.py:538} INFO - Filling up the DagBag from /home/airflow/.local/lib/python3.8/site-packages/airflow/example_dags/example_latest_only_with_trigger.py
[2025-07-14T12:34:03.919+0000] {processor.py:840} INFO - DAG(s) 'latest_only_with_trigger' retrieved from /home/airflow/.local/lib/python3.8/site-packages/airflow/example_dags/example_latest_only_with_trigger.py
[2025-07-14T12:34:03.959+0000] {logging_mixin.py:188} INFO - [2025-07-14T12:34:03.958+0000] {dag.py:3036} INFO - Sync 1 DAGs
[2025-07-14T12:34:04.011+0000] {logging_mixin.py:188} INFO - [2025-07-14T12:34:04.010+0000] {dag.py:3823} INFO - Setting next_dagrun for latest_only_with_trigger to 2025-07-14 08:00:00+00:00, run_after=2025-07-14 12:00:00+00:00
[2025-07-14T12:34:04.054+0000] {processor.py:183} INFO - Processing /home/airflow/.local/lib/python3.8/site-packages/airflow/example_dags/example_latest_only_with_trigger.py took 0.155 seconds
[2025-07-14T12:34:36.876+0000] {processor.py:161} INFO - Started process (PID=213) to work on /home/airflow/.local/lib/python3.8/site-packages/airflow/example_dags/example_latest_only_with_trigger.py
[2025-07-14T12:34:36.879+0000] {processor.py:830} INFO - Processing file /home/airflow/.local/lib/python3.8/site-packages/airflow/example_dags/example_latest_only_with_trigger.py for tasks to queue
[2025-07-14T12:34:36.889+0000] {logging_mixin.py:188} INFO - [2025-07-14T12:34:36.888+0000] {dagbag.py:538} INFO - Filling up the DagBag from /home/airflow/.local/lib/python3.8/site-packages/airflow/example_dags/example_latest_only_with_trigger.py
[2025-07-14T12:34:36.905+0000] {processor.py:840} INFO - DAG(s) 'latest_only_with_trigger' retrieved from /home/airflow/.local/lib/python3.8/site-packages/airflow/example_dags/example_latest_only_with_trigger.py
[2025-07-14T12:34:37.018+0000] {logging_mixin.py:188} INFO - [2025-07-14T12:34:37.017+0000] {dag.py:3036} INFO - Sync 1 DAGs
[2025-07-14T12:34:37.088+0000] {logging_mixin.py:188} INFO - [2025-07-14T12:34:37.088+0000] {dag.py:3823} INFO - Setting next_dagrun for latest_only_with_trigger to 2025-07-14 08:00:00+00:00, run_after=2025-07-14 12:00:00+00:00
[2025-07-14T12:34:37.142+0000] {processor.py:183} INFO - Processing /home/airflow/.local/lib/python3.8/site-packages/airflow/example_dags/example_latest_only_with_trigger.py took 0.272 seconds
[2025-07-14T12:35:07.537+0000] {processor.py:161} INFO - Started process (PID=273) to work on /home/airflow/.local/lib/python3.8/site-packages/airflow/example_dags/example_latest_only_with_trigger.py
[2025-07-14T12:35:07.539+0000] {processor.py:830} INFO - Processing file /home/airflow/.local/lib/python3.8/site-packages/airflow/example_dags/example_latest_only_with_trigger.py for tasks to queue
[2025-07-14T12:35:07.543+0000] {logging_mixin.py:188} INFO - [2025-07-14T12:35:07.542+0000] {dagbag.py:538} INFO - Filling up the DagBag from /home/airflow/.local/lib/python3.8/site-packages/airflow/example_dags/example_latest_only_with_trigger.py
[2025-07-14T12:35:07.554+0000] {processor.py:840} INFO - DAG(s) 'latest_only_with_trigger' retrieved from /home/airflow/.local/lib/python3.8/site-packages/airflow/example_dags/example_latest_only_with_trigger.py
[2025-07-14T12:35:07.590+0000] {logging_mixin.py:188} INFO - [2025-07-14T12:35:07.590+0000] {dag.py:3036} INFO - Sync 1 DAGs
[2025-07-14T12:35:07.628+0000] {logging_mixin.py:188} INFO - [2025-07-14T12:35:07.628+0000] {dag.py:3823} INFO - Setting next_dagrun for latest_only_with_trigger to 2025-07-14 08:00:00+00:00, run_after=2025-07-14 12:00:00+00:00
[2025-07-14T12:35:07.659+0000] {processor.py:183} INFO - Processing /home/airflow/.local/lib/python3.8/site-packages/airflow/example_dags/example_latest_only_with_trigger.py took 0.128 seconds
[2025-07-14T12:35:38.426+0000] {processor.py:161} INFO - Started process (PID=332) to work on /home/airflow/.local/lib/python3.8/site-packages/airflow/example_dags/example_latest_only_with_trigger.py
[2025-07-14T12:35:38.429+0000] {processor.py:830} INFO - Processing file /home/airflow/.local/lib/python3.8/site-packages/airflow/example_dags/example_latest_only_with_trigger.py for tasks to queue
[2025-07-14T12:35:38.434+0000] {logging_mixin.py:188} INFO - [2025-07-14T12:35:38.433+0000] {dagbag.py:538} INFO - Filling up the DagBag from /home/airflow/.local/lib/python3.8/site-packages/airflow/example_dags/example_latest_only_with_trigger.py
[2025-07-14T12:35:38.443+0000] {processor.py:840} INFO - DAG(s) 'latest_only_with_trigger' retrieved from /home/airflow/.local/lib/python3.8/site-packages/airflow/example_dags/example_latest_only_with_trigger.py
[2025-07-14T12:35:38.488+0000] {logging_mixin.py:188} INFO - [2025-07-14T12:35:38.488+0000] {dag.py:3036} INFO - Sync 1 DAGs
[2025-07-14T12:35:38.535+0000] {logging_mixin.py:188} INFO - [2025-07-14T12:35:38.535+0000] {dag.py:3823} INFO - Setting next_dagrun for latest_only_with_trigger to 2025-07-14 08:00:00+00:00, run_after=2025-07-14 12:00:00+00:00
[2025-07-14T12:35:38.580+0000] {processor.py:183} INFO - Processing /home/airflow/.local/lib/python3.8/site-packages/airflow/example_dags/example_latest_only_with_trigger.py took 0.159 seconds
[2025-07-14T12:36:09.632+0000] {processor.py:161} INFO - Started process (PID=391) to work on /home/airflow/.local/lib/python3.8/site-packages/airflow/example_dags/example_latest_only_with_trigger.py
[2025-07-14T12:36:09.635+0000] {processor.py:830} INFO - Processing file /home/airflow/.local/lib/python3.8/site-packages/airflow/example_dags/example_latest_only_with_trigger.py for tasks to queue
[2025-07-14T12:36:09.643+0000] {logging_mixin.py:188} INFO - [2025-07-14T12:36:09.642+0000] {dagbag.py:538} INFO - Filling up the DagBag from /home/airflow/.local/lib/python3.8/site-packages/airflow/example_dags/example_latest_only_with_trigger.py
[2025-07-14T12:36:09.803+0000] {processor.py:840} INFO - DAG(s) 'latest_only_with_trigger' retrieved from /home/airflow/.local/lib/python3.8/site-packages/airflow/example_dags/example_latest_only_with_trigger.py
[2025-07-14T12:36:09.927+0000] {logging_mixin.py:188} INFO - [2025-07-14T12:36:09.926+0000] {dag.py:3036} INFO - Sync 1 DAGs
[2025-07-14T12:36:10.004+0000] {logging_mixin.py:188} INFO - [2025-07-14T12:36:10.004+0000] {dag.py:3823} INFO - Setting next_dagrun for latest_only_with_trigger to 2025-07-14 08:00:00+00:00, run_after=2025-07-14 12:00:00+00:00
[2025-07-14T12:36:10.074+0000] {processor.py:183} INFO - Processing /home/airflow/.local/lib/python3.8/site-packages/airflow/example_dags/example_latest_only_with_trigger.py took 0.454 seconds
[2025-07-14T12:36:40.362+0000] {processor.py:161} INFO - Started process (PID=451) to work on /home/airflow/.local/lib/python3.8/site-packages/airflow/example_dags/example_latest_only_with_trigger.py
[2025-07-14T12:36:40.364+0000] {processor.py:830} INFO - Processing file /home/airflow/.local/lib/python3.8/site-packages/airflow/example_dags/example_latest_only_with_trigger.py for tasks to queue
[2025-07-14T12:36:40.369+0000] {logging_mixin.py:188} INFO - [2025-07-14T12:36:40.368+0000] {dagbag.py:538} INFO - Filling up the DagBag from /home/airflow/.local/lib/python3.8/site-packages/airflow/example_dags/example_latest_only_with_trigger.py
[2025-07-14T12:36:40.381+0000] {processor.py:840} INFO - DAG(s) 'latest_only_with_trigger' retrieved from /home/airflow/.local/lib/python3.8/site-packages/airflow/example_dags/example_latest_only_with_trigger.py
[2025-07-14T12:36:40.437+0000] {logging_mixin.py:188} INFO - [2025-07-14T12:36:40.436+0000] {dag.py:3036} INFO - Sync 1 DAGs
[2025-07-14T12:36:40.482+0000] {logging_mixin.py:188} INFO - [2025-07-14T12:36:40.482+0000] {dag.py:3823} INFO - Setting next_dagrun for latest_only_with_trigger to 2025-07-14 08:00:00+00:00, run_after=2025-07-14 12:00:00+00:00
[2025-07-14T12:36:40.524+0000] {processor.py:183} INFO - Processing /home/airflow/.local/lib/python3.8/site-packages/airflow/example_dags/example_latest_only_with_trigger.py took 0.168 seconds
[2025-07-14T12:37:11.520+0000] {processor.py:161} INFO - Started process (PID=511) to work on /home/airflow/.local/lib/python3.8/site-packages/airflow/example_dags/example_latest_only_with_trigger.py
[2025-07-14T12:37:11.522+0000] {processor.py:830} INFO - Processing file /home/airflow/.local/lib/python3.8/site-packages/airflow/example_dags/example_latest_only_with_trigger.py for tasks to queue
[2025-07-14T12:37:11.525+0000] {logging_mixin.py:188} INFO - [2025-07-14T12:37:11.524+0000] {dagbag.py:538} INFO - Filling up the DagBag from /home/airflow/.local/lib/python3.8/site-packages/airflow/example_dags/example_latest_only_with_trigger.py
[2025-07-14T12:37:11.535+0000] {processor.py:840} INFO - DAG(s) 'latest_only_with_trigger' retrieved from /home/airflow/.local/lib/python3.8/site-packages/airflow/example_dags/example_latest_only_with_trigger.py
[2025-07-14T12:37:11.570+0000] {logging_mixin.py:188} INFO - [2025-07-14T12:37:11.569+0000] {dag.py:3036} INFO - Sync 1 DAGs
[2025-07-14T12:37:11.610+0000] {logging_mixin.py:188} INFO - [2025-07-14T12:37:11.610+0000] {dag.py:3823} INFO - Setting next_dagrun for latest_only_with_trigger to 2025-07-14 08:00:00+00:00, run_after=2025-07-14 12:00:00+00:00
[2025-07-14T12:37:11.639+0000] {processor.py:183} INFO - Processing /home/airflow/.local/lib/python3.8/site-packages/airflow/example_dags/example_latest_only_with_trigger.py took 0.124 seconds
[2025-07-14T12:37:42.141+0000] {processor.py:161} INFO - Started process (PID=571) to work on /home/airflow/.local/lib/python3.8/site-packages/airflow/example_dags/example_latest_only_with_trigger.py
[2025-07-14T12:37:42.144+0000] {processor.py:830} INFO - Processing file /home/airflow/.local/lib/python3.8/site-packages/airflow/example_dags/example_latest_only_with_trigger.py for tasks to queue
[2025-07-14T12:37:42.151+0000] {logging_mixin.py:188} INFO - [2025-07-14T12:37:42.151+0000] {dagbag.py:538} INFO - Filling up the DagBag from /home/airflow/.local/lib/python3.8/site-packages/airflow/example_dags/example_latest_only_with_trigger.py
[2025-07-14T12:37:42.162+0000] {processor.py:840} INFO - DAG(s) 'latest_only_with_trigger' retrieved from /home/airflow/.local/lib/python3.8/site-packages/airflow/example_dags/example_latest_only_with_trigger.py
[2025-07-14T12:37:42.202+0000] {logging_mixin.py:188} INFO - [2025-07-14T12:37:42.202+0000] {dag.py:3036} INFO - Sync 1 DAGs
[2025-07-14T12:37:42.250+0000] {logging_mixin.py:188} INFO - [2025-07-14T12:37:42.249+0000] {dag.py:3823} INFO - Setting next_dagrun for latest_only_with_trigger to 2025-07-14 08:00:00+00:00, run_after=2025-07-14 12:00:00+00:00
[2025-07-14T12:37:42.285+0000] {processor.py:183} INFO - Processing /home/airflow/.local/lib/python3.8/site-packages/airflow/example_dags/example_latest_only_with_trigger.py took 0.152 seconds
[2025-07-14T12:38:12.456+0000] {processor.py:161} INFO - Started process (PID=631) to work on /home/airflow/.local/lib/python3.8/site-packages/airflow/example_dags/example_latest_only_with_trigger.py
[2025-07-14T12:38:12.457+0000] {processor.py:830} INFO - Processing file /home/airflow/.local/lib/python3.8/site-packages/airflow/example_dags/example_latest_only_with_trigger.py for tasks to queue
[2025-07-14T12:38:12.461+0000] {logging_mixin.py:188} INFO - [2025-07-14T12:38:12.460+0000] {dagbag.py:538} INFO - Filling up the DagBag from /home/airflow/.local/lib/python3.8/site-packages/airflow/example_dags/example_latest_only_with_trigger.py
[2025-07-14T12:38:12.470+0000] {processor.py:840} INFO - DAG(s) 'latest_only_with_trigger' retrieved from /home/airflow/.local/lib/python3.8/site-packages/airflow/example_dags/example_latest_only_with_trigger.py
[2025-07-14T12:38:12.508+0000] {logging_mixin.py:188} INFO - [2025-07-14T12:38:12.508+0000] {dag.py:3036} INFO - Sync 1 DAGs
[2025-07-14T12:38:12.544+0000] {logging_mixin.py:188} INFO - [2025-07-14T12:38:12.543+0000] {dag.py:3823} INFO - Setting next_dagrun for latest_only_with_trigger to 2025-07-14 08:00:00+00:00, run_after=2025-07-14 12:00:00+00:00
[2025-07-14T12:38:12.574+0000] {processor.py:183} INFO - Processing /home/airflow/.local/lib/python3.8/site-packages/airflow/example_dags/example_latest_only_with_trigger.py took 0.124 seconds
[2025-07-14T12:38:43.645+0000] {processor.py:161} INFO - Started process (PID=691) to work on /home/airflow/.local/lib/python3.8/site-packages/airflow/example_dags/example_latest_only_with_trigger.py
[2025-07-14T12:38:43.648+0000] {processor.py:830} INFO - Processing file /home/airflow/.local/lib/python3.8/site-packages/airflow/example_dags/example_latest_only_with_trigger.py for tasks to queue
[2025-07-14T12:38:43.652+0000] {logging_mixin.py:188} INFO - [2025-07-14T12:38:43.651+0000] {dagbag.py:538} INFO - Filling up the DagBag from /home/airflow/.local/lib/python3.8/site-packages/airflow/example_dags/example_latest_only_with_trigger.py
[2025-07-14T12:38:43.682+0000] {processor.py:840} INFO - DAG(s) 'latest_only_with_trigger' retrieved from /home/airflow/.local/lib/python3.8/site-packages/airflow/example_dags/example_latest_only_with_trigger.py
[2025-07-14T12:38:43.727+0000] {logging_mixin.py:188} INFO - [2025-07-14T12:38:43.727+0000] {dag.py:3036} INFO - Sync 1 DAGs
[2025-07-14T12:38:43.831+0000] {logging_mixin.py:188} INFO - [2025-07-14T12:38:43.831+0000] {dag.py:3823} INFO - Setting next_dagrun for latest_only_with_trigger to 2025-07-14 08:00:00+00:00, run_after=2025-07-14 12:00:00+00:00
[2025-07-14T12:38:43.906+0000] {processor.py:183} INFO - Processing /home/airflow/.local/lib/python3.8/site-packages/airflow/example_dags/example_latest_only_with_trigger.py took 0.266 seconds
[2025-07-14T12:39:14.769+0000] {processor.py:161} INFO - Started process (PID=752) to work on /home/airflow/.local/lib/python3.8/site-packages/airflow/example_dags/example_latest_only_with_trigger.py
[2025-07-14T12:39:14.771+0000] {processor.py:830} INFO - Processing file /home/airflow/.local/lib/python3.8/site-packages/airflow/example_dags/example_latest_only_with_trigger.py for tasks to queue
[2025-07-14T12:39:14.774+0000] {logging_mixin.py:188} INFO - [2025-07-14T12:39:14.774+0000] {dagbag.py:538} INFO - Filling up the DagBag from /home/airflow/.local/lib/python3.8/site-packages/airflow/example_dags/example_latest_only_with_trigger.py
[2025-07-14T12:39:14.785+0000] {processor.py:840} INFO - DAG(s) 'latest_only_with_trigger' retrieved from /home/airflow/.local/lib/python3.8/site-packages/airflow/example_dags/example_latest_only_with_trigger.py
[2025-07-14T12:39:14.828+0000] {logging_mixin.py:188} INFO - [2025-07-14T12:39:14.828+0000] {dag.py:3036} INFO - Sync 1 DAGs
[2025-07-14T12:39:14.872+0000] {logging_mixin.py:188} INFO - [2025-07-14T12:39:14.871+0000] {dag.py:3823} INFO - Setting next_dagrun for latest_only_with_trigger to 2025-07-14 08:00:00+00:00, run_after=2025-07-14 12:00:00+00:00
[2025-07-14T12:39:14.911+0000] {processor.py:183} INFO - Processing /home/airflow/.local/lib/python3.8/site-packages/airflow/example_dags/example_latest_only_with_trigger.py took 0.147 seconds
[2025-07-14T12:39:45.307+0000] {processor.py:161} INFO - Started process (PID=812) to work on /home/airflow/.local/lib/python3.8/site-packages/airflow/example_dags/example_latest_only_with_trigger.py
[2025-07-14T12:39:45.309+0000] {processor.py:830} INFO - Processing file /home/airflow/.local/lib/python3.8/site-packages/airflow/example_dags/example_latest_only_with_trigger.py for tasks to queue
[2025-07-14T12:39:45.313+0000] {logging_mixin.py:188} INFO - [2025-07-14T12:39:45.312+0000] {dagbag.py:538} INFO - Filling up the DagBag from /home/airflow/.local/lib/python3.8/site-packages/airflow/example_dags/example_latest_only_with_trigger.py
[2025-07-14T12:39:45.323+0000] {processor.py:840} INFO - DAG(s) 'latest_only_with_trigger' retrieved from /home/airflow/.local/lib/python3.8/site-packages/airflow/example_dags/example_latest_only_with_trigger.py
[2025-07-14T12:39:45.363+0000] {logging_mixin.py:188} INFO - [2025-07-14T12:39:45.362+0000] {dag.py:3036} INFO - Sync 1 DAGs
[2025-07-14T12:39:45.397+0000] {logging_mixin.py:188} INFO - [2025-07-14T12:39:45.397+0000] {dag.py:3823} INFO - Setting next_dagrun for latest_only_with_trigger to 2025-07-14 08:00:00+00:00, run_after=2025-07-14 12:00:00+00:00
[2025-07-14T12:39:45.436+0000] {processor.py:183} INFO - Processing /home/airflow/.local/lib/python3.8/site-packages/airflow/example_dags/example_latest_only_with_trigger.py took 0.134 seconds
[2025-07-14T12:40:16.195+0000] {processor.py:161} INFO - Started process (PID=872) to work on /home/airflow/.local/lib/python3.8/site-packages/airflow/example_dags/example_latest_only_with_trigger.py
[2025-07-14T12:40:16.197+0000] {processor.py:830} INFO - Processing file /home/airflow/.local/lib/python3.8/site-packages/airflow/example_dags/example_latest_only_with_trigger.py for tasks to queue
[2025-07-14T12:40:16.201+0000] {logging_mixin.py:188} INFO - [2025-07-14T12:40:16.200+0000] {dagbag.py:538} INFO - Filling up the DagBag from /home/airflow/.local/lib/python3.8/site-packages/airflow/example_dags/example_latest_only_with_trigger.py
[2025-07-14T12:40:16.211+0000] {processor.py:840} INFO - DAG(s) 'latest_only_with_trigger' retrieved from /home/airflow/.local/lib/python3.8/site-packages/airflow/example_dags/example_latest_only_with_trigger.py
[2025-07-14T12:40:16.256+0000] {logging_mixin.py:188} INFO - [2025-07-14T12:40:16.256+0000] {dag.py:3036} INFO - Sync 1 DAGs
[2025-07-14T12:40:16.296+0000] {logging_mixin.py:188} INFO - [2025-07-14T12:40:16.295+0000] {dag.py:3823} INFO - Setting next_dagrun for latest_only_with_trigger to 2025-07-14 08:00:00+00:00, run_after=2025-07-14 12:00:00+00:00
[2025-07-14T12:40:16.340+0000] {processor.py:183} INFO - Processing /home/airflow/.local/lib/python3.8/site-packages/airflow/example_dags/example_latest_only_with_trigger.py took 0.150 seconds
[2025-07-14T12:40:46.693+0000] {processor.py:161} INFO - Started process (PID=932) to work on /home/airflow/.local/lib/python3.8/site-packages/airflow/example_dags/example_latest_only_with_trigger.py
[2025-07-14T12:40:46.695+0000] {processor.py:830} INFO - Processing file /home/airflow/.local/lib/python3.8/site-packages/airflow/example_dags/example_latest_only_with_trigger.py for tasks to queue
[2025-07-14T12:40:46.698+0000] {logging_mixin.py:188} INFO - [2025-07-14T12:40:46.697+0000] {dagbag.py:538} INFO - Filling up the DagBag from /home/airflow/.local/lib/python3.8/site-packages/airflow/example_dags/example_latest_only_with_trigger.py
[2025-07-14T12:40:46.711+0000] {processor.py:840} INFO - DAG(s) 'latest_only_with_trigger' retrieved from /home/airflow/.local/lib/python3.8/site-packages/airflow/example_dags/example_latest_only_with_trigger.py
[2025-07-14T12:40:46.756+0000] {logging_mixin.py:188} INFO - [2025-07-14T12:40:46.755+0000] {dag.py:3036} INFO - Sync 1 DAGs
[2025-07-14T12:40:46.790+0000] {logging_mixin.py:188} INFO - [2025-07-14T12:40:46.790+0000] {dag.py:3823} INFO - Setting next_dagrun for latest_only_with_trigger to 2025-07-14 08:00:00+00:00, run_after=2025-07-14 12:00:00+00:00
[2025-07-14T12:40:46.830+0000] {processor.py:183} INFO - Processing /home/airflow/.local/lib/python3.8/site-packages/airflow/example_dags/example_latest_only_with_trigger.py took 0.142 seconds
[2025-07-14T12:41:17.060+0000] {processor.py:161} INFO - Started process (PID=992) to work on /home/airflow/.local/lib/python3.8/site-packages/airflow/example_dags/example_latest_only_with_trigger.py
[2025-07-14T12:41:17.062+0000] {processor.py:830} INFO - Processing file /home/airflow/.local/lib/python3.8/site-packages/airflow/example_dags/example_latest_only_with_trigger.py for tasks to queue
[2025-07-14T12:41:17.066+0000] {logging_mixin.py:188} INFO - [2025-07-14T12:41:17.065+0000] {dagbag.py:538} INFO - Filling up the DagBag from /home/airflow/.local/lib/python3.8/site-packages/airflow/example_dags/example_latest_only_with_trigger.py
[2025-07-14T12:41:17.080+0000] {processor.py:840} INFO - DAG(s) 'latest_only_with_trigger' retrieved from /home/airflow/.local/lib/python3.8/site-packages/airflow/example_dags/example_latest_only_with_trigger.py
[2025-07-14T12:41:17.132+0000] {logging_mixin.py:188} INFO - [2025-07-14T12:41:17.131+0000] {dag.py:3036} INFO - Sync 1 DAGs
[2025-07-14T12:41:17.171+0000] {logging_mixin.py:188} INFO - [2025-07-14T12:41:17.171+0000] {dag.py:3823} INFO - Setting next_dagrun for latest_only_with_trigger to 2025-07-14 08:00:00+00:00, run_after=2025-07-14 12:00:00+00:00
[2025-07-14T12:41:17.207+0000] {processor.py:183} INFO - Processing /home/airflow/.local/lib/python3.8/site-packages/airflow/example_dags/example_latest_only_with_trigger.py took 0.153 seconds
[2025-07-14T12:41:47.279+0000] {processor.py:161} INFO - Started process (PID=1052) to work on /home/airflow/.local/lib/python3.8/site-packages/airflow/example_dags/example_latest_only_with_trigger.py
[2025-07-14T12:41:47.281+0000] {processor.py:830} INFO - Processing file /home/airflow/.local/lib/python3.8/site-packages/airflow/example_dags/example_latest_only_with_trigger.py for tasks to queue
[2025-07-14T12:41:47.284+0000] {logging_mixin.py:188} INFO - [2025-07-14T12:41:47.284+0000] {dagbag.py:538} INFO - Filling up the DagBag from /home/airflow/.local/lib/python3.8/site-packages/airflow/example_dags/example_latest_only_with_trigger.py
[2025-07-14T12:41:47.294+0000] {processor.py:840} INFO - DAG(s) 'latest_only_with_trigger' retrieved from /home/airflow/.local/lib/python3.8/site-packages/airflow/example_dags/example_latest_only_with_trigger.py
[2025-07-14T12:41:47.336+0000] {logging_mixin.py:188} INFO - [2025-07-14T12:41:47.336+0000] {dag.py:3036} INFO - Sync 1 DAGs
[2025-07-14T12:41:47.389+0000] {logging_mixin.py:188} INFO - [2025-07-14T12:41:47.388+0000] {dag.py:3823} INFO - Setting next_dagrun for latest_only_with_trigger to 2025-07-14 08:00:00+00:00, run_after=2025-07-14 12:00:00+00:00
[2025-07-14T12:41:47.434+0000] {processor.py:183} INFO - Processing /home/airflow/.local/lib/python3.8/site-packages/airflow/example_dags/example_latest_only_with_trigger.py took 0.161 seconds
[2025-07-14T12:42:17.685+0000] {processor.py:161} INFO - Started process (PID=1111) to work on /home/airflow/.local/lib/python3.8/site-packages/airflow/example_dags/example_latest_only_with_trigger.py
[2025-07-14T12:42:17.687+0000] {processor.py:830} INFO - Processing file /home/airflow/.local/lib/python3.8/site-packages/airflow/example_dags/example_latest_only_with_trigger.py for tasks to queue
[2025-07-14T12:42:17.690+0000] {logging_mixin.py:188} INFO - [2025-07-14T12:42:17.690+0000] {dagbag.py:538} INFO - Filling up the DagBag from /home/airflow/.local/lib/python3.8/site-packages/airflow/example_dags/example_latest_only_with_trigger.py
[2025-07-14T12:42:17.702+0000] {processor.py:840} INFO - DAG(s) 'latest_only_with_trigger' retrieved from /home/airflow/.local/lib/python3.8/site-packages/airflow/example_dags/example_latest_only_with_trigger.py
[2025-07-14T12:42:17.776+0000] {logging_mixin.py:188} INFO - [2025-07-14T12:42:17.775+0000] {dag.py:3036} INFO - Sync 1 DAGs
[2025-07-14T12:42:17.820+0000] {logging_mixin.py:188} INFO - [2025-07-14T12:42:17.820+0000] {dag.py:3823} INFO - Setting next_dagrun for latest_only_with_trigger to 2025-07-14 08:00:00+00:00, run_after=2025-07-14 12:00:00+00:00
[2025-07-14T12:42:17.869+0000] {processor.py:183} INFO - Processing /home/airflow/.local/lib/python3.8/site-packages/airflow/example_dags/example_latest_only_with_trigger.py took 0.190 seconds
[2025-07-14T12:42:48.112+0000] {processor.py:161} INFO - Started process (PID=1176) to work on /home/airflow/.local/lib/python3.8/site-packages/airflow/example_dags/example_latest_only_with_trigger.py
[2025-07-14T12:42:48.115+0000] {processor.py:830} INFO - Processing file /home/airflow/.local/lib/python3.8/site-packages/airflow/example_dags/example_latest_only_with_trigger.py for tasks to queue
[2025-07-14T12:42:48.119+0000] {logging_mixin.py:188} INFO - [2025-07-14T12:42:48.118+0000] {dagbag.py:538} INFO - Filling up the DagBag from /home/airflow/.local/lib/python3.8/site-packages/airflow/example_dags/example_latest_only_with_trigger.py
[2025-07-14T12:42:48.135+0000] {processor.py:840} INFO - DAG(s) 'latest_only_with_trigger' retrieved from /home/airflow/.local/lib/python3.8/site-packages/airflow/example_dags/example_latest_only_with_trigger.py
[2025-07-14T12:42:48.182+0000] {logging_mixin.py:188} INFO - [2025-07-14T12:42:48.181+0000] {dag.py:3036} INFO - Sync 1 DAGs
[2025-07-14T12:42:48.217+0000] {logging_mixin.py:188} INFO - [2025-07-14T12:42:48.217+0000] {dag.py:3823} INFO - Setting next_dagrun for latest_only_with_trigger to 2025-07-14 08:00:00+00:00, run_after=2025-07-14 12:00:00+00:00
[2025-07-14T12:42:48.254+0000] {processor.py:183} INFO - Processing /home/airflow/.local/lib/python3.8/site-packages/airflow/example_dags/example_latest_only_with_trigger.py took 0.149 seconds
[2025-07-14T12:43:18.715+0000] {processor.py:161} INFO - Started process (PID=1236) to work on /home/airflow/.local/lib/python3.8/site-packages/airflow/example_dags/example_latest_only_with_trigger.py
[2025-07-14T12:43:18.716+0000] {processor.py:830} INFO - Processing file /home/airflow/.local/lib/python3.8/site-packages/airflow/example_dags/example_latest_only_with_trigger.py for tasks to queue
[2025-07-14T12:43:18.720+0000] {logging_mixin.py:188} INFO - [2025-07-14T12:43:18.719+0000] {dagbag.py:538} INFO - Filling up the DagBag from /home/airflow/.local/lib/python3.8/site-packages/airflow/example_dags/example_latest_only_with_trigger.py
[2025-07-14T12:43:18.730+0000] {processor.py:840} INFO - DAG(s) 'latest_only_with_trigger' retrieved from /home/airflow/.local/lib/python3.8/site-packages/airflow/example_dags/example_latest_only_with_trigger.py
[2025-07-14T12:43:18.778+0000] {logging_mixin.py:188} INFO - [2025-07-14T12:43:18.777+0000] {dag.py:3036} INFO - Sync 1 DAGs
[2025-07-14T12:43:18.813+0000] {logging_mixin.py:188} INFO - [2025-07-14T12:43:18.812+0000] {dag.py:3823} INFO - Setting next_dagrun for latest_only_with_trigger to 2025-07-14 08:00:00+00:00, run_after=2025-07-14 12:00:00+00:00
[2025-07-14T12:43:18.853+0000] {processor.py:183} INFO - Processing /home/airflow/.local/lib/python3.8/site-packages/airflow/example_dags/example_latest_only_with_trigger.py took 0.145 seconds
[2025-07-14T12:43:49.191+0000] {processor.py:161} INFO - Started process (PID=1296) to work on /home/airflow/.local/lib/python3.8/site-packages/airflow/example_dags/example_latest_only_with_trigger.py
[2025-07-14T12:43:49.192+0000] {processor.py:830} INFO - Processing file /home/airflow/.local/lib/python3.8/site-packages/airflow/example_dags/example_latest_only_with_trigger.py for tasks to queue
[2025-07-14T12:43:49.195+0000] {logging_mixin.py:188} INFO - [2025-07-14T12:43:49.195+0000] {dagbag.py:538} INFO - Filling up the DagBag from /home/airflow/.local/lib/python3.8/site-packages/airflow/example_dags/example_latest_only_with_trigger.py
[2025-07-14T12:43:49.205+0000] {processor.py:840} INFO - DAG(s) 'latest_only_with_trigger' retrieved from /home/airflow/.local/lib/python3.8/site-packages/airflow/example_dags/example_latest_only_with_trigger.py
[2025-07-14T12:43:49.241+0000] {logging_mixin.py:188} INFO - [2025-07-14T12:43:49.240+0000] {dag.py:3036} INFO - Sync 1 DAGs
[2025-07-14T12:43:49.277+0000] {logging_mixin.py:188} INFO - [2025-07-14T12:43:49.277+0000] {dag.py:3823} INFO - Setting next_dagrun for latest_only_with_trigger to 2025-07-14 08:00:00+00:00, run_after=2025-07-14 12:00:00+00:00
[2025-07-14T12:43:49.310+0000] {processor.py:183} INFO - Processing /home/airflow/.local/lib/python3.8/site-packages/airflow/example_dags/example_latest_only_with_trigger.py took 0.124 seconds
[2025-07-14T12:44:19.348+0000] {processor.py:161} INFO - Started process (PID=1355) to work on /home/airflow/.local/lib/python3.8/site-packages/airflow/example_dags/example_latest_only_with_trigger.py
[2025-07-14T12:44:19.350+0000] {processor.py:830} INFO - Processing file /home/airflow/.local/lib/python3.8/site-packages/airflow/example_dags/example_latest_only_with_trigger.py for tasks to queue
[2025-07-14T12:44:19.353+0000] {logging_mixin.py:188} INFO - [2025-07-14T12:44:19.352+0000] {dagbag.py:538} INFO - Filling up the DagBag from /home/airflow/.local/lib/python3.8/site-packages/airflow/example_dags/example_latest_only_with_trigger.py
[2025-07-14T12:44:19.362+0000] {processor.py:840} INFO - DAG(s) 'latest_only_with_trigger' retrieved from /home/airflow/.local/lib/python3.8/site-packages/airflow/example_dags/example_latest_only_with_trigger.py
[2025-07-14T12:44:19.397+0000] {logging_mixin.py:188} INFO - [2025-07-14T12:44:19.396+0000] {dag.py:3036} INFO - Sync 1 DAGs
[2025-07-14T12:44:19.432+0000] {logging_mixin.py:188} INFO - [2025-07-14T12:44:19.432+0000] {dag.py:3823} INFO - Setting next_dagrun for latest_only_with_trigger to 2025-07-14 08:00:00+00:00, run_after=2025-07-14 12:00:00+00:00
[2025-07-14T12:44:19.462+0000] {processor.py:183} INFO - Processing /home/airflow/.local/lib/python3.8/site-packages/airflow/example_dags/example_latest_only_with_trigger.py took 0.119 seconds
[2025-07-14T12:44:50.047+0000] {processor.py:161} INFO - Started process (PID=1414) to work on /home/airflow/.local/lib/python3.8/site-packages/airflow/example_dags/example_latest_only_with_trigger.py
[2025-07-14T12:44:50.049+0000] {processor.py:830} INFO - Processing file /home/airflow/.local/lib/python3.8/site-packages/airflow/example_dags/example_latest_only_with_trigger.py for tasks to queue
[2025-07-14T12:44:50.052+0000] {logging_mixin.py:188} INFO - [2025-07-14T12:44:50.052+0000] {dagbag.py:538} INFO - Filling up the DagBag from /home/airflow/.local/lib/python3.8/site-packages/airflow/example_dags/example_latest_only_with_trigger.py
[2025-07-14T12:44:50.063+0000] {processor.py:840} INFO - DAG(s) 'latest_only_with_trigger' retrieved from /home/airflow/.local/lib/python3.8/site-packages/airflow/example_dags/example_latest_only_with_trigger.py
[2025-07-14T12:44:50.104+0000] {logging_mixin.py:188} INFO - [2025-07-14T12:44:50.104+0000] {dag.py:3036} INFO - Sync 1 DAGs
[2025-07-14T12:44:50.147+0000] {logging_mixin.py:188} INFO - [2025-07-14T12:44:50.146+0000] {dag.py:3823} INFO - Setting next_dagrun for latest_only_with_trigger to 2025-07-14 08:00:00+00:00, run_after=2025-07-14 12:00:00+00:00
[2025-07-14T12:44:50.182+0000] {processor.py:183} INFO - Processing /home/airflow/.local/lib/python3.8/site-packages/airflow/example_dags/example_latest_only_with_trigger.py took 0.141 seconds
[2025-07-14T12:45:20.962+0000] {processor.py:161} INFO - Started process (PID=1474) to work on /home/airflow/.local/lib/python3.8/site-packages/airflow/example_dags/example_latest_only_with_trigger.py
[2025-07-14T12:45:20.964+0000] {processor.py:830} INFO - Processing file /home/airflow/.local/lib/python3.8/site-packages/airflow/example_dags/example_latest_only_with_trigger.py for tasks to queue
[2025-07-14T12:45:20.967+0000] {logging_mixin.py:188} INFO - [2025-07-14T12:45:20.966+0000] {dagbag.py:538} INFO - Filling up the DagBag from /home/airflow/.local/lib/python3.8/site-packages/airflow/example_dags/example_latest_only_with_trigger.py
[2025-07-14T12:45:20.974+0000] {processor.py:840} INFO - DAG(s) 'latest_only_with_trigger' retrieved from /home/airflow/.local/lib/python3.8/site-packages/airflow/example_dags/example_latest_only_with_trigger.py
[2025-07-14T12:45:21.014+0000] {logging_mixin.py:188} INFO - [2025-07-14T12:45:21.013+0000] {dag.py:3036} INFO - Sync 1 DAGs
[2025-07-14T12:45:21.050+0000] {logging_mixin.py:188} INFO - [2025-07-14T12:45:21.050+0000] {dag.py:3823} INFO - Setting next_dagrun for latest_only_with_trigger to 2025-07-14 08:00:00+00:00, run_after=2025-07-14 12:00:00+00:00
[2025-07-14T12:45:21.084+0000] {processor.py:183} INFO - Processing /home/airflow/.local/lib/python3.8/site-packages/airflow/example_dags/example_latest_only_with_trigger.py took 0.128 seconds
[2025-07-14T12:45:51.505+0000] {processor.py:161} INFO - Started process (PID=1532) to work on /home/airflow/.local/lib/python3.8/site-packages/airflow/example_dags/example_latest_only_with_trigger.py
[2025-07-14T12:45:51.507+0000] {processor.py:830} INFO - Processing file /home/airflow/.local/lib/python3.8/site-packages/airflow/example_dags/example_latest_only_with_trigger.py for tasks to queue
[2025-07-14T12:45:51.510+0000] {logging_mixin.py:188} INFO - [2025-07-14T12:45:51.510+0000] {dagbag.py:538} INFO - Filling up the DagBag from /home/airflow/.local/lib/python3.8/site-packages/airflow/example_dags/example_latest_only_with_trigger.py
[2025-07-14T12:45:51.520+0000] {processor.py:840} INFO - DAG(s) 'latest_only_with_trigger' retrieved from /home/airflow/.local/lib/python3.8/site-packages/airflow/example_dags/example_latest_only_with_trigger.py
[2025-07-14T12:45:51.554+0000] {logging_mixin.py:188} INFO - [2025-07-14T12:45:51.553+0000] {dag.py:3036} INFO - Sync 1 DAGs
[2025-07-14T12:45:51.596+0000] {logging_mixin.py:188} INFO - [2025-07-14T12:45:51.596+0000] {dag.py:3823} INFO - Setting next_dagrun for latest_only_with_trigger to 2025-07-14 08:00:00+00:00, run_after=2025-07-14 12:00:00+00:00
[2025-07-14T12:45:51.635+0000] {processor.py:183} INFO - Processing /home/airflow/.local/lib/python3.8/site-packages/airflow/example_dags/example_latest_only_with_trigger.py took 0.136 seconds
[2025-07-14T12:46:22.350+0000] {processor.py:161} INFO - Started process (PID=1592) to work on /home/airflow/.local/lib/python3.8/site-packages/airflow/example_dags/example_latest_only_with_trigger.py
[2025-07-14T12:46:22.354+0000] {processor.py:830} INFO - Processing file /home/airflow/.local/lib/python3.8/site-packages/airflow/example_dags/example_latest_only_with_trigger.py for tasks to queue
[2025-07-14T12:46:22.357+0000] {logging_mixin.py:188} INFO - [2025-07-14T12:46:22.357+0000] {dagbag.py:538} INFO - Filling up the DagBag from /home/airflow/.local/lib/python3.8/site-packages/airflow/example_dags/example_latest_only_with_trigger.py
[2025-07-14T12:46:22.368+0000] {processor.py:840} INFO - DAG(s) 'latest_only_with_trigger' retrieved from /home/airflow/.local/lib/python3.8/site-packages/airflow/example_dags/example_latest_only_with_trigger.py
[2025-07-14T12:46:22.417+0000] {logging_mixin.py:188} INFO - [2025-07-14T12:46:22.416+0000] {dag.py:3036} INFO - Sync 1 DAGs
[2025-07-14T12:46:22.460+0000] {logging_mixin.py:188} INFO - [2025-07-14T12:46:22.460+0000] {dag.py:3823} INFO - Setting next_dagrun for latest_only_with_trigger to 2025-07-14 08:00:00+00:00, run_after=2025-07-14 12:00:00+00:00
[2025-07-14T12:46:22.509+0000] {processor.py:183} INFO - Processing /home/airflow/.local/lib/python3.8/site-packages/airflow/example_dags/example_latest_only_with_trigger.py took 0.167 seconds
[2025-07-14T12:46:52.763+0000] {processor.py:161} INFO - Started process (PID=1652) to work on /home/airflow/.local/lib/python3.8/site-packages/airflow/example_dags/example_latest_only_with_trigger.py
[2025-07-14T12:46:52.765+0000] {processor.py:830} INFO - Processing file /home/airflow/.local/lib/python3.8/site-packages/airflow/example_dags/example_latest_only_with_trigger.py for tasks to queue
[2025-07-14T12:46:52.769+0000] {logging_mixin.py:188} INFO - [2025-07-14T12:46:52.769+0000] {dagbag.py:538} INFO - Filling up the DagBag from /home/airflow/.local/lib/python3.8/site-packages/airflow/example_dags/example_latest_only_with_trigger.py
[2025-07-14T12:46:52.779+0000] {processor.py:840} INFO - DAG(s) 'latest_only_with_trigger' retrieved from /home/airflow/.local/lib/python3.8/site-packages/airflow/example_dags/example_latest_only_with_trigger.py
[2025-07-14T12:46:52.825+0000] {logging_mixin.py:188} INFO - [2025-07-14T12:46:52.825+0000] {dag.py:3036} INFO - Sync 1 DAGs
[2025-07-14T12:46:52.860+0000] {logging_mixin.py:188} INFO - [2025-07-14T12:46:52.860+0000] {dag.py:3823} INFO - Setting next_dagrun for latest_only_with_trigger to 2025-07-14 08:00:00+00:00, run_after=2025-07-14 12:00:00+00:00
[2025-07-14T12:46:52.891+0000] {processor.py:183} INFO - Processing /home/airflow/.local/lib/python3.8/site-packages/airflow/example_dags/example_latest_only_with_trigger.py took 0.136 seconds
[2025-07-14T12:47:23.526+0000] {processor.py:161} INFO - Started process (PID=1712) to work on /home/airflow/.local/lib/python3.8/site-packages/airflow/example_dags/example_latest_only_with_trigger.py
[2025-07-14T12:47:23.528+0000] {processor.py:830} INFO - Processing file /home/airflow/.local/lib/python3.8/site-packages/airflow/example_dags/example_latest_only_with_trigger.py for tasks to queue
[2025-07-14T12:47:23.532+0000] {logging_mixin.py:188} INFO - [2025-07-14T12:47:23.531+0000] {dagbag.py:538} INFO - Filling up the DagBag from /home/airflow/.local/lib/python3.8/site-packages/airflow/example_dags/example_latest_only_with_trigger.py
[2025-07-14T12:47:23.550+0000] {processor.py:840} INFO - DAG(s) 'latest_only_with_trigger' retrieved from /home/airflow/.local/lib/python3.8/site-packages/airflow/example_dags/example_latest_only_with_trigger.py
[2025-07-14T12:47:23.610+0000] {logging_mixin.py:188} INFO - [2025-07-14T12:47:23.609+0000] {dag.py:3036} INFO - Sync 1 DAGs
[2025-07-14T12:47:23.715+0000] {logging_mixin.py:188} INFO - [2025-07-14T12:47:23.715+0000] {dag.py:3823} INFO - Setting next_dagrun for latest_only_with_trigger to 2025-07-14 08:00:00+00:00, run_after=2025-07-14 12:00:00+00:00
[2025-07-14T12:47:23.770+0000] {processor.py:183} INFO - Processing /home/airflow/.local/lib/python3.8/site-packages/airflow/example_dags/example_latest_only_with_trigger.py took 0.251 seconds
[2025-07-14T12:47:54.006+0000] {processor.py:161} INFO - Started process (PID=1769) to work on /home/airflow/.local/lib/python3.8/site-packages/airflow/example_dags/example_latest_only_with_trigger.py
[2025-07-14T12:47:54.014+0000] {processor.py:830} INFO - Processing file /home/airflow/.local/lib/python3.8/site-packages/airflow/example_dags/example_latest_only_with_trigger.py for tasks to queue
[2025-07-14T12:47:54.037+0000] {logging_mixin.py:188} INFO - [2025-07-14T12:47:54.036+0000] {dagbag.py:538} INFO - Filling up the DagBag from /home/airflow/.local/lib/python3.8/site-packages/airflow/example_dags/example_latest_only_with_trigger.py
[2025-07-14T12:47:54.054+0000] {processor.py:840} INFO - DAG(s) 'latest_only_with_trigger' retrieved from /home/airflow/.local/lib/python3.8/site-packages/airflow/example_dags/example_latest_only_with_trigger.py
[2025-07-14T12:47:54.137+0000] {logging_mixin.py:188} INFO - [2025-07-14T12:47:54.136+0000] {dag.py:3036} INFO - Sync 1 DAGs
[2025-07-14T12:47:54.390+0000] {logging_mixin.py:188} INFO - [2025-07-14T12:47:54.390+0000] {dag.py:3823} INFO - Setting next_dagrun for latest_only_with_trigger to 2025-07-14 08:00:00+00:00, run_after=2025-07-14 12:00:00+00:00
[2025-07-14T12:47:54.446+0000] {processor.py:183} INFO - Processing /home/airflow/.local/lib/python3.8/site-packages/airflow/example_dags/example_latest_only_with_trigger.py took 0.457 seconds
[2025-07-14T12:48:24.546+0000] {processor.py:161} INFO - Started process (PID=1829) to work on /home/airflow/.local/lib/python3.8/site-packages/airflow/example_dags/example_latest_only_with_trigger.py
[2025-07-14T12:48:24.548+0000] {processor.py:830} INFO - Processing file /home/airflow/.local/lib/python3.8/site-packages/airflow/example_dags/example_latest_only_with_trigger.py for tasks to queue
[2025-07-14T12:48:24.552+0000] {logging_mixin.py:188} INFO - [2025-07-14T12:48:24.551+0000] {dagbag.py:538} INFO - Filling up the DagBag from /home/airflow/.local/lib/python3.8/site-packages/airflow/example_dags/example_latest_only_with_trigger.py
[2025-07-14T12:48:24.563+0000] {processor.py:840} INFO - DAG(s) 'latest_only_with_trigger' retrieved from /home/airflow/.local/lib/python3.8/site-packages/airflow/example_dags/example_latest_only_with_trigger.py
[2025-07-14T12:48:24.594+0000] {logging_mixin.py:188} INFO - [2025-07-14T12:48:24.593+0000] {dag.py:3036} INFO - Sync 1 DAGs
[2025-07-14T12:48:24.639+0000] {logging_mixin.py:188} INFO - [2025-07-14T12:48:24.638+0000] {dag.py:3823} INFO - Setting next_dagrun for latest_only_with_trigger to 2025-07-14 08:00:00+00:00, run_after=2025-07-14 12:00:00+00:00
[2025-07-14T12:48:24.675+0000] {processor.py:183} INFO - Processing /home/airflow/.local/lib/python3.8/site-packages/airflow/example_dags/example_latest_only_with_trigger.py took 0.136 seconds
[2025-07-14T12:48:55.593+0000] {processor.py:161} INFO - Started process (PID=1890) to work on /home/airflow/.local/lib/python3.8/site-packages/airflow/example_dags/example_latest_only_with_trigger.py
[2025-07-14T12:48:55.600+0000] {processor.py:830} INFO - Processing file /home/airflow/.local/lib/python3.8/site-packages/airflow/example_dags/example_latest_only_with_trigger.py for tasks to queue
[2025-07-14T12:48:55.615+0000] {logging_mixin.py:188} INFO - [2025-07-14T12:48:55.614+0000] {dagbag.py:538} INFO - Filling up the DagBag from /home/airflow/.local/lib/python3.8/site-packages/airflow/example_dags/example_latest_only_with_trigger.py
[2025-07-14T12:48:55.635+0000] {processor.py:840} INFO - DAG(s) 'latest_only_with_trigger' retrieved from /home/airflow/.local/lib/python3.8/site-packages/airflow/example_dags/example_latest_only_with_trigger.py
[2025-07-14T12:48:55.700+0000] {logging_mixin.py:188} INFO - [2025-07-14T12:48:55.699+0000] {dag.py:3036} INFO - Sync 1 DAGs
[2025-07-14T12:48:55.738+0000] {logging_mixin.py:188} INFO - [2025-07-14T12:48:55.738+0000] {dag.py:3823} INFO - Setting next_dagrun for latest_only_with_trigger to 2025-07-14 08:00:00+00:00, run_after=2025-07-14 12:00:00+00:00
[2025-07-14T12:48:55.775+0000] {processor.py:183} INFO - Processing /home/airflow/.local/lib/python3.8/site-packages/airflow/example_dags/example_latest_only_with_trigger.py took 0.188 seconds
[2025-07-14T12:49:26.295+0000] {processor.py:161} INFO - Started process (PID=1950) to work on /home/airflow/.local/lib/python3.8/site-packages/airflow/example_dags/example_latest_only_with_trigger.py
[2025-07-14T12:49:26.298+0000] {processor.py:830} INFO - Processing file /home/airflow/.local/lib/python3.8/site-packages/airflow/example_dags/example_latest_only_with_trigger.py for tasks to queue
[2025-07-14T12:49:26.304+0000] {logging_mixin.py:188} INFO - [2025-07-14T12:49:26.302+0000] {dagbag.py:538} INFO - Filling up the DagBag from /home/airflow/.local/lib/python3.8/site-packages/airflow/example_dags/example_latest_only_with_trigger.py
[2025-07-14T12:49:26.317+0000] {processor.py:840} INFO - DAG(s) 'latest_only_with_trigger' retrieved from /home/airflow/.local/lib/python3.8/site-packages/airflow/example_dags/example_latest_only_with_trigger.py
[2025-07-14T12:49:26.374+0000] {logging_mixin.py:188} INFO - [2025-07-14T12:49:26.374+0000] {dag.py:3036} INFO - Sync 1 DAGs
[2025-07-14T12:49:26.415+0000] {logging_mixin.py:188} INFO - [2025-07-14T12:49:26.414+0000] {dag.py:3823} INFO - Setting next_dagrun for latest_only_with_trigger to 2025-07-14 08:00:00+00:00, run_after=2025-07-14 12:00:00+00:00
[2025-07-14T12:49:26.448+0000] {processor.py:183} INFO - Processing /home/airflow/.local/lib/python3.8/site-packages/airflow/example_dags/example_latest_only_with_trigger.py took 0.161 seconds
[2025-07-14T12:49:56.823+0000] {processor.py:161} INFO - Started process (PID=2010) to work on /home/airflow/.local/lib/python3.8/site-packages/airflow/example_dags/example_latest_only_with_trigger.py
[2025-07-14T12:49:56.825+0000] {processor.py:830} INFO - Processing file /home/airflow/.local/lib/python3.8/site-packages/airflow/example_dags/example_latest_only_with_trigger.py for tasks to queue
[2025-07-14T12:49:56.830+0000] {logging_mixin.py:188} INFO - [2025-07-14T12:49:56.829+0000] {dagbag.py:538} INFO - Filling up the DagBag from /home/airflow/.local/lib/python3.8/site-packages/airflow/example_dags/example_latest_only_with_trigger.py
[2025-07-14T12:49:56.840+0000] {processor.py:840} INFO - DAG(s) 'latest_only_with_trigger' retrieved from /home/airflow/.local/lib/python3.8/site-packages/airflow/example_dags/example_latest_only_with_trigger.py
[2025-07-14T12:49:56.874+0000] {logging_mixin.py:188} INFO - [2025-07-14T12:49:56.874+0000] {dag.py:3036} INFO - Sync 1 DAGs
[2025-07-14T12:49:56.930+0000] {logging_mixin.py:188} INFO - [2025-07-14T12:49:56.930+0000] {dag.py:3823} INFO - Setting next_dagrun for latest_only_with_trigger to 2025-07-14 08:00:00+00:00, run_after=2025-07-14 12:00:00+00:00
[2025-07-14T12:49:56.966+0000] {processor.py:183} INFO - Processing /home/airflow/.local/lib/python3.8/site-packages/airflow/example_dags/example_latest_only_with_trigger.py took 0.149 seconds
[2025-07-14T12:50:27.106+0000] {processor.py:161} INFO - Started process (PID=2070) to work on /home/airflow/.local/lib/python3.8/site-packages/airflow/example_dags/example_latest_only_with_trigger.py
[2025-07-14T12:50:27.110+0000] {processor.py:830} INFO - Processing file /home/airflow/.local/lib/python3.8/site-packages/airflow/example_dags/example_latest_only_with_trigger.py for tasks to queue
[2025-07-14T12:50:27.113+0000] {logging_mixin.py:188} INFO - [2025-07-14T12:50:27.112+0000] {dagbag.py:538} INFO - Filling up the DagBag from /home/airflow/.local/lib/python3.8/site-packages/airflow/example_dags/example_latest_only_with_trigger.py
[2025-07-14T12:50:27.123+0000] {processor.py:840} INFO - DAG(s) 'latest_only_with_trigger' retrieved from /home/airflow/.local/lib/python3.8/site-packages/airflow/example_dags/example_latest_only_with_trigger.py
[2025-07-14T12:50:27.160+0000] {logging_mixin.py:188} INFO - [2025-07-14T12:50:27.160+0000] {dag.py:3036} INFO - Sync 1 DAGs
[2025-07-14T12:50:27.197+0000] {logging_mixin.py:188} INFO - [2025-07-14T12:50:27.197+0000] {dag.py:3823} INFO - Setting next_dagrun for latest_only_with_trigger to 2025-07-14 08:00:00+00:00, run_after=2025-07-14 12:00:00+00:00
[2025-07-14T12:50:27.250+0000] {processor.py:183} INFO - Processing /home/airflow/.local/lib/python3.8/site-packages/airflow/example_dags/example_latest_only_with_trigger.py took 0.153 seconds
[2025-07-14T12:50:57.967+0000] {processor.py:161} INFO - Started process (PID=2130) to work on /home/airflow/.local/lib/python3.8/site-packages/airflow/example_dags/example_latest_only_with_trigger.py
[2025-07-14T12:50:57.971+0000] {processor.py:830} INFO - Processing file /home/airflow/.local/lib/python3.8/site-packages/airflow/example_dags/example_latest_only_with_trigger.py for tasks to queue
[2025-07-14T12:50:57.975+0000] {logging_mixin.py:188} INFO - [2025-07-14T12:50:57.974+0000] {dagbag.py:538} INFO - Filling up the DagBag from /home/airflow/.local/lib/python3.8/site-packages/airflow/example_dags/example_latest_only_with_trigger.py
[2025-07-14T12:50:57.986+0000] {processor.py:840} INFO - DAG(s) 'latest_only_with_trigger' retrieved from /home/airflow/.local/lib/python3.8/site-packages/airflow/example_dags/example_latest_only_with_trigger.py
[2025-07-14T12:50:58.047+0000] {logging_mixin.py:188} INFO - [2025-07-14T12:50:58.047+0000] {dag.py:3036} INFO - Sync 1 DAGs
[2025-07-14T12:50:58.095+0000] {logging_mixin.py:188} INFO - [2025-07-14T12:50:58.095+0000] {dag.py:3823} INFO - Setting next_dagrun for latest_only_with_trigger to 2025-07-14 08:00:00+00:00, run_after=2025-07-14 12:00:00+00:00
[2025-07-14T12:50:58.125+0000] {processor.py:183} INFO - Processing /home/airflow/.local/lib/python3.8/site-packages/airflow/example_dags/example_latest_only_with_trigger.py took 0.166 seconds
[2025-07-14T12:51:29.101+0000] {processor.py:161} INFO - Started process (PID=2190) to work on /home/airflow/.local/lib/python3.8/site-packages/airflow/example_dags/example_latest_only_with_trigger.py
[2025-07-14T12:51:29.103+0000] {processor.py:830} INFO - Processing file /home/airflow/.local/lib/python3.8/site-packages/airflow/example_dags/example_latest_only_with_trigger.py for tasks to queue
[2025-07-14T12:51:29.109+0000] {logging_mixin.py:188} INFO - [2025-07-14T12:51:29.108+0000] {dagbag.py:538} INFO - Filling up the DagBag from /home/airflow/.local/lib/python3.8/site-packages/airflow/example_dags/example_latest_only_with_trigger.py
[2025-07-14T12:51:29.118+0000] {processor.py:840} INFO - DAG(s) 'latest_only_with_trigger' retrieved from /home/airflow/.local/lib/python3.8/site-packages/airflow/example_dags/example_latest_only_with_trigger.py
[2025-07-14T12:51:29.161+0000] {logging_mixin.py:188} INFO - [2025-07-14T12:51:29.161+0000] {dag.py:3036} INFO - Sync 1 DAGs
[2025-07-14T12:51:29.203+0000] {logging_mixin.py:188} INFO - [2025-07-14T12:51:29.203+0000] {dag.py:3823} INFO - Setting next_dagrun for latest_only_with_trigger to 2025-07-14 08:00:00+00:00, run_after=2025-07-14 12:00:00+00:00
[2025-07-14T12:51:29.241+0000] {processor.py:183} INFO - Processing /home/airflow/.local/lib/python3.8/site-packages/airflow/example_dags/example_latest_only_with_trigger.py took 0.146 seconds
[2025-07-14T12:51:59.479+0000] {processor.py:161} INFO - Started process (PID=2249) to work on /home/airflow/.local/lib/python3.8/site-packages/airflow/example_dags/example_latest_only_with_trigger.py
[2025-07-14T12:51:59.484+0000] {processor.py:830} INFO - Processing file /home/airflow/.local/lib/python3.8/site-packages/airflow/example_dags/example_latest_only_with_trigger.py for tasks to queue
[2025-07-14T12:51:59.490+0000] {logging_mixin.py:188} INFO - [2025-07-14T12:51:59.490+0000] {dagbag.py:538} INFO - Filling up the DagBag from /home/airflow/.local/lib/python3.8/site-packages/airflow/example_dags/example_latest_only_with_trigger.py
[2025-07-14T12:51:59.509+0000] {processor.py:840} INFO - DAG(s) 'latest_only_with_trigger' retrieved from /home/airflow/.local/lib/python3.8/site-packages/airflow/example_dags/example_latest_only_with_trigger.py
[2025-07-14T12:51:59.560+0000] {logging_mixin.py:188} INFO - [2025-07-14T12:51:59.559+0000] {dag.py:3036} INFO - Sync 1 DAGs
[2025-07-14T12:51:59.635+0000] {logging_mixin.py:188} INFO - [2025-07-14T12:51:59.635+0000] {dag.py:3823} INFO - Setting next_dagrun for latest_only_with_trigger to 2025-07-14 08:00:00+00:00, run_after=2025-07-14 12:00:00+00:00
[2025-07-14T12:51:59.736+0000] {processor.py:183} INFO - Processing /home/airflow/.local/lib/python3.8/site-packages/airflow/example_dags/example_latest_only_with_trigger.py took 0.263 seconds
[2025-07-14T12:52:29.996+0000] {processor.py:161} INFO - Started process (PID=2309) to work on /home/airflow/.local/lib/python3.8/site-packages/airflow/example_dags/example_latest_only_with_trigger.py
[2025-07-14T12:52:29.997+0000] {processor.py:830} INFO - Processing file /home/airflow/.local/lib/python3.8/site-packages/airflow/example_dags/example_latest_only_with_trigger.py for tasks to queue
[2025-07-14T12:52:30.002+0000] {logging_mixin.py:188} INFO - [2025-07-14T12:52:30.001+0000] {dagbag.py:538} INFO - Filling up the DagBag from /home/airflow/.local/lib/python3.8/site-packages/airflow/example_dags/example_latest_only_with_trigger.py
[2025-07-14T12:52:30.016+0000] {processor.py:840} INFO - DAG(s) 'latest_only_with_trigger' retrieved from /home/airflow/.local/lib/python3.8/site-packages/airflow/example_dags/example_latest_only_with_trigger.py
[2025-07-14T12:52:30.074+0000] {logging_mixin.py:188} INFO - [2025-07-14T12:52:30.074+0000] {dag.py:3036} INFO - Sync 1 DAGs
[2025-07-14T12:52:30.112+0000] {logging_mixin.py:188} INFO - [2025-07-14T12:52:30.111+0000] {dag.py:3823} INFO - Setting next_dagrun for latest_only_with_trigger to 2025-07-14 08:00:00+00:00, run_after=2025-07-14 12:00:00+00:00
[2025-07-14T12:52:30.157+0000] {processor.py:183} INFO - Processing /home/airflow/.local/lib/python3.8/site-packages/airflow/example_dags/example_latest_only_with_trigger.py took 0.167 seconds
[2025-07-14T12:53:01.100+0000] {processor.py:161} INFO - Started process (PID=2369) to work on /home/airflow/.local/lib/python3.8/site-packages/airflow/example_dags/example_latest_only_with_trigger.py
[2025-07-14T12:53:01.102+0000] {processor.py:830} INFO - Processing file /home/airflow/.local/lib/python3.8/site-packages/airflow/example_dags/example_latest_only_with_trigger.py for tasks to queue
[2025-07-14T12:53:01.109+0000] {logging_mixin.py:188} INFO - [2025-07-14T12:53:01.105+0000] {dagbag.py:538} INFO - Filling up the DagBag from /home/airflow/.local/lib/python3.8/site-packages/airflow/example_dags/example_latest_only_with_trigger.py
[2025-07-14T12:53:01.123+0000] {processor.py:840} INFO - DAG(s) 'latest_only_with_trigger' retrieved from /home/airflow/.local/lib/python3.8/site-packages/airflow/example_dags/example_latest_only_with_trigger.py
[2025-07-14T12:53:01.188+0000] {logging_mixin.py:188} INFO - [2025-07-14T12:53:01.188+0000] {dag.py:3036} INFO - Sync 1 DAGs
[2025-07-14T12:53:01.255+0000] {logging_mixin.py:188} INFO - [2025-07-14T12:53:01.254+0000] {dag.py:3823} INFO - Setting next_dagrun for latest_only_with_trigger to 2025-07-14 08:00:00+00:00, run_after=2025-07-14 12:00:00+00:00
[2025-07-14T12:53:01.309+0000] {processor.py:183} INFO - Processing /home/airflow/.local/lib/python3.8/site-packages/airflow/example_dags/example_latest_only_with_trigger.py took 0.217 seconds
[2025-07-14T12:53:31.783+0000] {processor.py:161} INFO - Started process (PID=2428) to work on /home/airflow/.local/lib/python3.8/site-packages/airflow/example_dags/example_latest_only_with_trigger.py
[2025-07-14T12:53:31.787+0000] {processor.py:830} INFO - Processing file /home/airflow/.local/lib/python3.8/site-packages/airflow/example_dags/example_latest_only_with_trigger.py for tasks to queue
[2025-07-14T12:53:31.790+0000] {logging_mixin.py:188} INFO - [2025-07-14T12:53:31.790+0000] {dagbag.py:538} INFO - Filling up the DagBag from /home/airflow/.local/lib/python3.8/site-packages/airflow/example_dags/example_latest_only_with_trigger.py
[2025-07-14T12:53:31.803+0000] {processor.py:840} INFO - DAG(s) 'latest_only_with_trigger' retrieved from /home/airflow/.local/lib/python3.8/site-packages/airflow/example_dags/example_latest_only_with_trigger.py
[2025-07-14T12:53:31.850+0000] {logging_mixin.py:188} INFO - [2025-07-14T12:53:31.850+0000] {dag.py:3036} INFO - Sync 1 DAGs
[2025-07-14T12:53:31.935+0000] {logging_mixin.py:188} INFO - [2025-07-14T12:53:31.935+0000] {dag.py:3823} INFO - Setting next_dagrun for latest_only_with_trigger to 2025-07-14 08:00:00+00:00, run_after=2025-07-14 12:00:00+00:00
[2025-07-14T12:53:31.971+0000] {processor.py:183} INFO - Processing /home/airflow/.local/lib/python3.8/site-packages/airflow/example_dags/example_latest_only_with_trigger.py took 0.194 seconds
[2025-07-14T12:54:03.009+0000] {processor.py:161} INFO - Started process (PID=2486) to work on /home/airflow/.local/lib/python3.8/site-packages/airflow/example_dags/example_latest_only_with_trigger.py
[2025-07-14T12:54:03.011+0000] {processor.py:830} INFO - Processing file /home/airflow/.local/lib/python3.8/site-packages/airflow/example_dags/example_latest_only_with_trigger.py for tasks to queue
[2025-07-14T12:54:03.020+0000] {logging_mixin.py:188} INFO - [2025-07-14T12:54:03.019+0000] {dagbag.py:538} INFO - Filling up the DagBag from /home/airflow/.local/lib/python3.8/site-packages/airflow/example_dags/example_latest_only_with_trigger.py
[2025-07-14T12:54:03.035+0000] {processor.py:840} INFO - DAG(s) 'latest_only_with_trigger' retrieved from /home/airflow/.local/lib/python3.8/site-packages/airflow/example_dags/example_latest_only_with_trigger.py
[2025-07-14T12:54:03.092+0000] {logging_mixin.py:188} INFO - [2025-07-14T12:54:03.092+0000] {dag.py:3036} INFO - Sync 1 DAGs
[2025-07-14T12:54:03.162+0000] {logging_mixin.py:188} INFO - [2025-07-14T12:54:03.161+0000] {dag.py:3823} INFO - Setting next_dagrun for latest_only_with_trigger to 2025-07-14 08:00:00+00:00, run_after=2025-07-14 12:00:00+00:00
[2025-07-14T12:54:03.216+0000] {processor.py:183} INFO - Processing /home/airflow/.local/lib/python3.8/site-packages/airflow/example_dags/example_latest_only_with_trigger.py took 0.221 seconds
[2025-07-14T12:54:33.801+0000] {processor.py:161} INFO - Started process (PID=2547) to work on /home/airflow/.local/lib/python3.8/site-packages/airflow/example_dags/example_latest_only_with_trigger.py
[2025-07-14T12:54:33.803+0000] {processor.py:830} INFO - Processing file /home/airflow/.local/lib/python3.8/site-packages/airflow/example_dags/example_latest_only_with_trigger.py for tasks to queue
[2025-07-14T12:54:33.808+0000] {logging_mixin.py:188} INFO - [2025-07-14T12:54:33.808+0000] {dagbag.py:538} INFO - Filling up the DagBag from /home/airflow/.local/lib/python3.8/site-packages/airflow/example_dags/example_latest_only_with_trigger.py
[2025-07-14T12:54:33.820+0000] {processor.py:840} INFO - DAG(s) 'latest_only_with_trigger' retrieved from /home/airflow/.local/lib/python3.8/site-packages/airflow/example_dags/example_latest_only_with_trigger.py
[2025-07-14T12:54:33.872+0000] {logging_mixin.py:188} INFO - [2025-07-14T12:54:33.871+0000] {dag.py:3036} INFO - Sync 1 DAGs
[2025-07-14T12:54:33.914+0000] {logging_mixin.py:188} INFO - [2025-07-14T12:54:33.914+0000] {dag.py:3823} INFO - Setting next_dagrun for latest_only_with_trigger to 2025-07-14 08:00:00+00:00, run_after=2025-07-14 12:00:00+00:00
[2025-07-14T12:54:33.960+0000] {processor.py:183} INFO - Processing /home/airflow/.local/lib/python3.8/site-packages/airflow/example_dags/example_latest_only_with_trigger.py took 0.166 seconds
[2025-07-14T12:55:04.897+0000] {processor.py:161} INFO - Started process (PID=2607) to work on /home/airflow/.local/lib/python3.8/site-packages/airflow/example_dags/example_latest_only_with_trigger.py
[2025-07-14T12:55:04.899+0000] {processor.py:830} INFO - Processing file /home/airflow/.local/lib/python3.8/site-packages/airflow/example_dags/example_latest_only_with_trigger.py for tasks to queue
[2025-07-14T12:55:04.902+0000] {logging_mixin.py:188} INFO - [2025-07-14T12:55:04.902+0000] {dagbag.py:538} INFO - Filling up the DagBag from /home/airflow/.local/lib/python3.8/site-packages/airflow/example_dags/example_latest_only_with_trigger.py
[2025-07-14T12:55:04.914+0000] {processor.py:840} INFO - DAG(s) 'latest_only_with_trigger' retrieved from /home/airflow/.local/lib/python3.8/site-packages/airflow/example_dags/example_latest_only_with_trigger.py
[2025-07-14T12:55:04.966+0000] {logging_mixin.py:188} INFO - [2025-07-14T12:55:04.965+0000] {dag.py:3036} INFO - Sync 1 DAGs
[2025-07-14T12:55:05.018+0000] {logging_mixin.py:188} INFO - [2025-07-14T12:55:05.017+0000] {dag.py:3823} INFO - Setting next_dagrun for latest_only_with_trigger to 2025-07-14 08:00:00+00:00, run_after=2025-07-14 12:00:00+00:00
[2025-07-14T12:55:05.289+0000] {processor.py:183} INFO - Processing /home/airflow/.local/lib/python3.8/site-packages/airflow/example_dags/example_latest_only_with_trigger.py took 0.398 seconds
[2025-07-14T12:55:35.741+0000] {processor.py:161} INFO - Started process (PID=2666) to work on /home/airflow/.local/lib/python3.8/site-packages/airflow/example_dags/example_latest_only_with_trigger.py
[2025-07-14T12:55:35.744+0000] {processor.py:830} INFO - Processing file /home/airflow/.local/lib/python3.8/site-packages/airflow/example_dags/example_latest_only_with_trigger.py for tasks to queue
[2025-07-14T12:55:35.747+0000] {logging_mixin.py:188} INFO - [2025-07-14T12:55:35.746+0000] {dagbag.py:538} INFO - Filling up the DagBag from /home/airflow/.local/lib/python3.8/site-packages/airflow/example_dags/example_latest_only_with_trigger.py
[2025-07-14T12:55:35.758+0000] {processor.py:840} INFO - DAG(s) 'latest_only_with_trigger' retrieved from /home/airflow/.local/lib/python3.8/site-packages/airflow/example_dags/example_latest_only_with_trigger.py
[2025-07-14T12:55:35.803+0000] {logging_mixin.py:188} INFO - [2025-07-14T12:55:35.802+0000] {dag.py:3036} INFO - Sync 1 DAGs
[2025-07-14T12:55:35.864+0000] {logging_mixin.py:188} INFO - [2025-07-14T12:55:35.864+0000] {dag.py:3823} INFO - Setting next_dagrun for latest_only_with_trigger to 2025-07-14 08:00:00+00:00, run_after=2025-07-14 12:00:00+00:00
[2025-07-14T12:55:35.908+0000] {processor.py:183} INFO - Processing /home/airflow/.local/lib/python3.8/site-packages/airflow/example_dags/example_latest_only_with_trigger.py took 0.173 seconds
[2025-07-14T12:56:06.879+0000] {processor.py:161} INFO - Started process (PID=2724) to work on /home/airflow/.local/lib/python3.8/site-packages/airflow/example_dags/example_latest_only_with_trigger.py
[2025-07-14T12:56:06.882+0000] {processor.py:830} INFO - Processing file /home/airflow/.local/lib/python3.8/site-packages/airflow/example_dags/example_latest_only_with_trigger.py for tasks to queue
[2025-07-14T12:56:06.890+0000] {logging_mixin.py:188} INFO - [2025-07-14T12:56:06.889+0000] {dagbag.py:538} INFO - Filling up the DagBag from /home/airflow/.local/lib/python3.8/site-packages/airflow/example_dags/example_latest_only_with_trigger.py
[2025-07-14T12:56:06.908+0000] {processor.py:840} INFO - DAG(s) 'latest_only_with_trigger' retrieved from /home/airflow/.local/lib/python3.8/site-packages/airflow/example_dags/example_latest_only_with_trigger.py
[2025-07-14T12:56:07.015+0000] {logging_mixin.py:188} INFO - [2025-07-14T12:56:07.015+0000] {dag.py:3036} INFO - Sync 1 DAGs
[2025-07-14T12:56:07.103+0000] {logging_mixin.py:188} INFO - [2025-07-14T12:56:07.103+0000] {dag.py:3823} INFO - Setting next_dagrun for latest_only_with_trigger to 2025-07-14 08:00:00+00:00, run_after=2025-07-14 12:00:00+00:00
[2025-07-14T12:56:07.155+0000] {processor.py:183} INFO - Processing /home/airflow/.local/lib/python3.8/site-packages/airflow/example_dags/example_latest_only_with_trigger.py took 0.285 seconds
[2025-07-14T12:56:37.518+0000] {processor.py:161} INFO - Started process (PID=2784) to work on /home/airflow/.local/lib/python3.8/site-packages/airflow/example_dags/example_latest_only_with_trigger.py
[2025-07-14T12:56:37.521+0000] {processor.py:830} INFO - Processing file /home/airflow/.local/lib/python3.8/site-packages/airflow/example_dags/example_latest_only_with_trigger.py for tasks to queue
[2025-07-14T12:56:37.526+0000] {logging_mixin.py:188} INFO - [2025-07-14T12:56:37.524+0000] {dagbag.py:538} INFO - Filling up the DagBag from /home/airflow/.local/lib/python3.8/site-packages/airflow/example_dags/example_latest_only_with_trigger.py
[2025-07-14T12:56:37.543+0000] {processor.py:840} INFO - DAG(s) 'latest_only_with_trigger' retrieved from /home/airflow/.local/lib/python3.8/site-packages/airflow/example_dags/example_latest_only_with_trigger.py
[2025-07-14T12:56:37.617+0000] {logging_mixin.py:188} INFO - [2025-07-14T12:56:37.617+0000] {dag.py:3036} INFO - Sync 1 DAGs
[2025-07-14T12:56:37.676+0000] {logging_mixin.py:188} INFO - [2025-07-14T12:56:37.675+0000] {dag.py:3823} INFO - Setting next_dagrun for latest_only_with_trigger to 2025-07-14 08:00:00+00:00, run_after=2025-07-14 12:00:00+00:00
[2025-07-14T12:56:37.720+0000] {processor.py:183} INFO - Processing /home/airflow/.local/lib/python3.8/site-packages/airflow/example_dags/example_latest_only_with_trigger.py took 0.211 seconds
[2025-07-14T12:57:08.075+0000] {processor.py:161} INFO - Started process (PID=2845) to work on /home/airflow/.local/lib/python3.8/site-packages/airflow/example_dags/example_latest_only_with_trigger.py
[2025-07-14T12:57:08.077+0000] {processor.py:830} INFO - Processing file /home/airflow/.local/lib/python3.8/site-packages/airflow/example_dags/example_latest_only_with_trigger.py for tasks to queue
[2025-07-14T12:57:08.081+0000] {logging_mixin.py:188} INFO - [2025-07-14T12:57:08.080+0000] {dagbag.py:538} INFO - Filling up the DagBag from /home/airflow/.local/lib/python3.8/site-packages/airflow/example_dags/example_latest_only_with_trigger.py
[2025-07-14T12:57:08.092+0000] {processor.py:840} INFO - DAG(s) 'latest_only_with_trigger' retrieved from /home/airflow/.local/lib/python3.8/site-packages/airflow/example_dags/example_latest_only_with_trigger.py
[2025-07-14T12:57:08.164+0000] {logging_mixin.py:188} INFO - [2025-07-14T12:57:08.163+0000] {dag.py:3036} INFO - Sync 1 DAGs
[2025-07-14T12:57:08.229+0000] {logging_mixin.py:188} INFO - [2025-07-14T12:57:08.229+0000] {dag.py:3823} INFO - Setting next_dagrun for latest_only_with_trigger to 2025-07-14 08:00:00+00:00, run_after=2025-07-14 12:00:00+00:00
[2025-07-14T12:57:08.329+0000] {processor.py:183} INFO - Processing /home/airflow/.local/lib/python3.8/site-packages/airflow/example_dags/example_latest_only_with_trigger.py took 0.260 seconds
[2025-07-14T12:57:38.630+0000] {processor.py:161} INFO - Started process (PID=2904) to work on /home/airflow/.local/lib/python3.8/site-packages/airflow/example_dags/example_latest_only_with_trigger.py
[2025-07-14T12:57:38.632+0000] {processor.py:830} INFO - Processing file /home/airflow/.local/lib/python3.8/site-packages/airflow/example_dags/example_latest_only_with_trigger.py for tasks to queue
[2025-07-14T12:57:38.636+0000] {logging_mixin.py:188} INFO - [2025-07-14T12:57:38.635+0000] {dagbag.py:538} INFO - Filling up the DagBag from /home/airflow/.local/lib/python3.8/site-packages/airflow/example_dags/example_latest_only_with_trigger.py
[2025-07-14T12:57:38.647+0000] {processor.py:840} INFO - DAG(s) 'latest_only_with_trigger' retrieved from /home/airflow/.local/lib/python3.8/site-packages/airflow/example_dags/example_latest_only_with_trigger.py
[2025-07-14T12:57:38.693+0000] {logging_mixin.py:188} INFO - [2025-07-14T12:57:38.693+0000] {dag.py:3036} INFO - Sync 1 DAGs
[2025-07-14T12:57:39.038+0000] {logging_mixin.py:188} INFO - [2025-07-14T12:57:39.038+0000] {dag.py:3823} INFO - Setting next_dagrun for latest_only_with_trigger to 2025-07-14 08:00:00+00:00, run_after=2025-07-14 12:00:00+00:00
[2025-07-14T12:57:39.134+0000] {processor.py:183} INFO - Processing /home/airflow/.local/lib/python3.8/site-packages/airflow/example_dags/example_latest_only_with_trigger.py took 0.511 seconds
[2025-07-14T12:58:09.511+0000] {processor.py:161} INFO - Started process (PID=2964) to work on /home/airflow/.local/lib/python3.8/site-packages/airflow/example_dags/example_latest_only_with_trigger.py
[2025-07-14T12:58:09.513+0000] {processor.py:830} INFO - Processing file /home/airflow/.local/lib/python3.8/site-packages/airflow/example_dags/example_latest_only_with_trigger.py for tasks to queue
[2025-07-14T12:58:09.516+0000] {logging_mixin.py:188} INFO - [2025-07-14T12:58:09.515+0000] {dagbag.py:538} INFO - Filling up the DagBag from /home/airflow/.local/lib/python3.8/site-packages/airflow/example_dags/example_latest_only_with_trigger.py
[2025-07-14T12:58:09.526+0000] {processor.py:840} INFO - DAG(s) 'latest_only_with_trigger' retrieved from /home/airflow/.local/lib/python3.8/site-packages/airflow/example_dags/example_latest_only_with_trigger.py
[2025-07-14T12:58:09.568+0000] {logging_mixin.py:188} INFO - [2025-07-14T12:58:09.568+0000] {dag.py:3036} INFO - Sync 1 DAGs
[2025-07-14T12:58:09.619+0000] {logging_mixin.py:188} INFO - [2025-07-14T12:58:09.618+0000] {dag.py:3823} INFO - Setting next_dagrun for latest_only_with_trigger to 2025-07-14 08:00:00+00:00, run_after=2025-07-14 12:00:00+00:00
[2025-07-14T12:58:10.018+0000] {processor.py:183} INFO - Processing /home/airflow/.local/lib/python3.8/site-packages/airflow/example_dags/example_latest_only_with_trigger.py took 0.516 seconds
[2025-07-14T12:58:40.353+0000] {processor.py:161} INFO - Started process (PID=3023) to work on /home/airflow/.local/lib/python3.8/site-packages/airflow/example_dags/example_latest_only_with_trigger.py
[2025-07-14T12:58:40.355+0000] {processor.py:830} INFO - Processing file /home/airflow/.local/lib/python3.8/site-packages/airflow/example_dags/example_latest_only_with_trigger.py for tasks to queue
[2025-07-14T12:58:40.358+0000] {logging_mixin.py:188} INFO - [2025-07-14T12:58:40.357+0000] {dagbag.py:538} INFO - Filling up the DagBag from /home/airflow/.local/lib/python3.8/site-packages/airflow/example_dags/example_latest_only_with_trigger.py
[2025-07-14T12:58:40.368+0000] {processor.py:840} INFO - DAG(s) 'latest_only_with_trigger' retrieved from /home/airflow/.local/lib/python3.8/site-packages/airflow/example_dags/example_latest_only_with_trigger.py
[2025-07-14T12:58:40.420+0000] {logging_mixin.py:188} INFO - [2025-07-14T12:58:40.419+0000] {dag.py:3036} INFO - Sync 1 DAGs
[2025-07-14T12:58:40.491+0000] {logging_mixin.py:188} INFO - [2025-07-14T12:58:40.490+0000] {dag.py:3823} INFO - Setting next_dagrun for latest_only_with_trigger to 2025-07-14 08:00:00+00:00, run_after=2025-07-14 12:00:00+00:00
[2025-07-14T12:58:40.924+0000] {processor.py:183} INFO - Processing /home/airflow/.local/lib/python3.8/site-packages/airflow/example_dags/example_latest_only_with_trigger.py took 0.577 seconds
[2025-07-14T12:59:11.134+0000] {processor.py:161} INFO - Started process (PID=3083) to work on /home/airflow/.local/lib/python3.8/site-packages/airflow/example_dags/example_latest_only_with_trigger.py
[2025-07-14T12:59:11.137+0000] {processor.py:830} INFO - Processing file /home/airflow/.local/lib/python3.8/site-packages/airflow/example_dags/example_latest_only_with_trigger.py for tasks to queue
[2025-07-14T12:59:11.167+0000] {logging_mixin.py:188} INFO - [2025-07-14T12:59:11.166+0000] {dagbag.py:538} INFO - Filling up the DagBag from /home/airflow/.local/lib/python3.8/site-packages/airflow/example_dags/example_latest_only_with_trigger.py
[2025-07-14T12:59:11.209+0000] {processor.py:840} INFO - DAG(s) 'latest_only_with_trigger' retrieved from /home/airflow/.local/lib/python3.8/site-packages/airflow/example_dags/example_latest_only_with_trigger.py
[2025-07-14T12:59:11.303+0000] {logging_mixin.py:188} INFO - [2025-07-14T12:59:11.303+0000] {dag.py:3036} INFO - Sync 1 DAGs
[2025-07-14T12:59:11.397+0000] {logging_mixin.py:188} INFO - [2025-07-14T12:59:11.397+0000] {dag.py:3823} INFO - Setting next_dagrun for latest_only_with_trigger to 2025-07-14 08:00:00+00:00, run_after=2025-07-14 12:00:00+00:00
[2025-07-14T12:59:11.466+0000] {processor.py:183} INFO - Processing /home/airflow/.local/lib/python3.8/site-packages/airflow/example_dags/example_latest_only_with_trigger.py took 0.345 seconds
[2025-07-14T12:59:42.154+0000] {processor.py:161} INFO - Started process (PID=3143) to work on /home/airflow/.local/lib/python3.8/site-packages/airflow/example_dags/example_latest_only_with_trigger.py
[2025-07-14T12:59:42.156+0000] {processor.py:830} INFO - Processing file /home/airflow/.local/lib/python3.8/site-packages/airflow/example_dags/example_latest_only_with_trigger.py for tasks to queue
[2025-07-14T12:59:42.159+0000] {logging_mixin.py:188} INFO - [2025-07-14T12:59:42.158+0000] {dagbag.py:538} INFO - Filling up the DagBag from /home/airflow/.local/lib/python3.8/site-packages/airflow/example_dags/example_latest_only_with_trigger.py
[2025-07-14T12:59:42.169+0000] {processor.py:840} INFO - DAG(s) 'latest_only_with_trigger' retrieved from /home/airflow/.local/lib/python3.8/site-packages/airflow/example_dags/example_latest_only_with_trigger.py
[2025-07-14T12:59:42.218+0000] {logging_mixin.py:188} INFO - [2025-07-14T12:59:42.217+0000] {dag.py:3036} INFO - Sync 1 DAGs
[2025-07-14T12:59:42.263+0000] {logging_mixin.py:188} INFO - [2025-07-14T12:59:42.263+0000] {dag.py:3823} INFO - Setting next_dagrun for latest_only_with_trigger to 2025-07-14 08:00:00+00:00, run_after=2025-07-14 12:00:00+00:00
[2025-07-14T12:59:42.348+0000] {processor.py:183} INFO - Processing /home/airflow/.local/lib/python3.8/site-packages/airflow/example_dags/example_latest_only_with_trigger.py took 0.200 seconds
[2025-07-14T13:00:13.208+0000] {processor.py:161} INFO - Started process (PID=3203) to work on /home/airflow/.local/lib/python3.8/site-packages/airflow/example_dags/example_latest_only_with_trigger.py
[2025-07-14T13:00:13.210+0000] {processor.py:830} INFO - Processing file /home/airflow/.local/lib/python3.8/site-packages/airflow/example_dags/example_latest_only_with_trigger.py for tasks to queue
[2025-07-14T13:00:13.213+0000] {logging_mixin.py:188} INFO - [2025-07-14T13:00:13.213+0000] {dagbag.py:538} INFO - Filling up the DagBag from /home/airflow/.local/lib/python3.8/site-packages/airflow/example_dags/example_latest_only_with_trigger.py
[2025-07-14T13:00:13.224+0000] {processor.py:840} INFO - DAG(s) 'latest_only_with_trigger' retrieved from /home/airflow/.local/lib/python3.8/site-packages/airflow/example_dags/example_latest_only_with_trigger.py
[2025-07-14T13:00:13.266+0000] {logging_mixin.py:188} INFO - [2025-07-14T13:00:13.266+0000] {dag.py:3036} INFO - Sync 1 DAGs
[2025-07-14T13:00:13.314+0000] {logging_mixin.py:188} INFO - [2025-07-14T13:00:13.313+0000] {dag.py:3823} INFO - Setting next_dagrun for latest_only_with_trigger to 2025-07-14 08:00:00+00:00, run_after=2025-07-14 12:00:00+00:00
[2025-07-14T13:00:13.367+0000] {processor.py:183} INFO - Processing /home/airflow/.local/lib/python3.8/site-packages/airflow/example_dags/example_latest_only_with_trigger.py took 0.165 seconds
[2025-07-14T13:00:43.498+0000] {processor.py:161} INFO - Started process (PID=3263) to work on /home/airflow/.local/lib/python3.8/site-packages/airflow/example_dags/example_latest_only_with_trigger.py
[2025-07-14T13:00:43.499+0000] {processor.py:830} INFO - Processing file /home/airflow/.local/lib/python3.8/site-packages/airflow/example_dags/example_latest_only_with_trigger.py for tasks to queue
[2025-07-14T13:00:43.503+0000] {logging_mixin.py:188} INFO - [2025-07-14T13:00:43.503+0000] {dagbag.py:538} INFO - Filling up the DagBag from /home/airflow/.local/lib/python3.8/site-packages/airflow/example_dags/example_latest_only_with_trigger.py
[2025-07-14T13:00:43.515+0000] {processor.py:840} INFO - DAG(s) 'latest_only_with_trigger' retrieved from /home/airflow/.local/lib/python3.8/site-packages/airflow/example_dags/example_latest_only_with_trigger.py
[2025-07-14T13:00:43.648+0000] {logging_mixin.py:188} INFO - [2025-07-14T13:00:43.648+0000] {dag.py:3036} INFO - Sync 1 DAGs
[2025-07-14T13:00:43.713+0000] {logging_mixin.py:188} INFO - [2025-07-14T13:00:43.713+0000] {dag.py:3823} INFO - Setting next_dagrun for latest_only_with_trigger to 2025-07-14 08:00:00+00:00, run_after=2025-07-14 12:00:00+00:00
[2025-07-14T13:00:43.933+0000] {processor.py:183} INFO - Processing /home/airflow/.local/lib/python3.8/site-packages/airflow/example_dags/example_latest_only_with_trigger.py took 0.439 seconds
[2025-07-14T13:01:14.778+0000] {processor.py:161} INFO - Started process (PID=3321) to work on /home/airflow/.local/lib/python3.8/site-packages/airflow/example_dags/example_latest_only_with_trigger.py
[2025-07-14T13:01:14.781+0000] {processor.py:830} INFO - Processing file /home/airflow/.local/lib/python3.8/site-packages/airflow/example_dags/example_latest_only_with_trigger.py for tasks to queue
[2025-07-14T13:01:14.787+0000] {logging_mixin.py:188} INFO - [2025-07-14T13:01:14.786+0000] {dagbag.py:538} INFO - Filling up the DagBag from /home/airflow/.local/lib/python3.8/site-packages/airflow/example_dags/example_latest_only_with_trigger.py
[2025-07-14T13:01:14.797+0000] {processor.py:840} INFO - DAG(s) 'latest_only_with_trigger' retrieved from /home/airflow/.local/lib/python3.8/site-packages/airflow/example_dags/example_latest_only_with_trigger.py
[2025-07-14T13:01:14.837+0000] {logging_mixin.py:188} INFO - [2025-07-14T13:01:14.837+0000] {dag.py:3036} INFO - Sync 1 DAGs
[2025-07-14T13:01:14.891+0000] {logging_mixin.py:188} INFO - [2025-07-14T13:01:14.890+0000] {dag.py:3823} INFO - Setting next_dagrun for latest_only_with_trigger to 2025-07-14 08:00:00+00:00, run_after=2025-07-14 12:00:00+00:00
[2025-07-14T13:01:14.936+0000] {processor.py:183} INFO - Processing /home/airflow/.local/lib/python3.8/site-packages/airflow/example_dags/example_latest_only_with_trigger.py took 0.165 seconds
[2025-07-14T13:01:45.202+0000] {processor.py:161} INFO - Started process (PID=3380) to work on /home/airflow/.local/lib/python3.8/site-packages/airflow/example_dags/example_latest_only_with_trigger.py
[2025-07-14T13:01:45.204+0000] {processor.py:830} INFO - Processing file /home/airflow/.local/lib/python3.8/site-packages/airflow/example_dags/example_latest_only_with_trigger.py for tasks to queue
[2025-07-14T13:01:45.206+0000] {logging_mixin.py:188} INFO - [2025-07-14T13:01:45.206+0000] {dagbag.py:538} INFO - Filling up the DagBag from /home/airflow/.local/lib/python3.8/site-packages/airflow/example_dags/example_latest_only_with_trigger.py
[2025-07-14T13:01:45.216+0000] {processor.py:840} INFO - DAG(s) 'latest_only_with_trigger' retrieved from /home/airflow/.local/lib/python3.8/site-packages/airflow/example_dags/example_latest_only_with_trigger.py
[2025-07-14T13:01:45.254+0000] {logging_mixin.py:188} INFO - [2025-07-14T13:01:45.253+0000] {dag.py:3036} INFO - Sync 1 DAGs
[2025-07-14T13:01:45.305+0000] {logging_mixin.py:188} INFO - [2025-07-14T13:01:45.305+0000] {dag.py:3823} INFO - Setting next_dagrun for latest_only_with_trigger to 2025-07-14 08:00:00+00:00, run_after=2025-07-14 12:00:00+00:00
[2025-07-14T13:01:45.345+0000] {processor.py:183} INFO - Processing /home/airflow/.local/lib/python3.8/site-packages/airflow/example_dags/example_latest_only_with_trigger.py took 0.148 seconds
[2025-07-14T13:02:15.656+0000] {processor.py:161} INFO - Started process (PID=3440) to work on /home/airflow/.local/lib/python3.8/site-packages/airflow/example_dags/example_latest_only_with_trigger.py
[2025-07-14T13:02:15.658+0000] {processor.py:830} INFO - Processing file /home/airflow/.local/lib/python3.8/site-packages/airflow/example_dags/example_latest_only_with_trigger.py for tasks to queue
[2025-07-14T13:02:15.662+0000] {logging_mixin.py:188} INFO - [2025-07-14T13:02:15.661+0000] {dagbag.py:538} INFO - Filling up the DagBag from /home/airflow/.local/lib/python3.8/site-packages/airflow/example_dags/example_latest_only_with_trigger.py
[2025-07-14T13:02:15.680+0000] {processor.py:840} INFO - DAG(s) 'latest_only_with_trigger' retrieved from /home/airflow/.local/lib/python3.8/site-packages/airflow/example_dags/example_latest_only_with_trigger.py
[2025-07-14T13:02:15.752+0000] {logging_mixin.py:188} INFO - [2025-07-14T13:02:15.751+0000] {dag.py:3036} INFO - Sync 1 DAGs
[2025-07-14T13:02:15.809+0000] {logging_mixin.py:188} INFO - [2025-07-14T13:02:15.808+0000] {dag.py:3823} INFO - Setting next_dagrun for latest_only_with_trigger to 2025-07-14 08:00:00+00:00, run_after=2025-07-14 12:00:00+00:00
[2025-07-14T13:02:15.853+0000] {processor.py:183} INFO - Processing /home/airflow/.local/lib/python3.8/site-packages/airflow/example_dags/example_latest_only_with_trigger.py took 0.209 seconds
[2025-07-14T13:02:46.257+0000] {processor.py:161} INFO - Started process (PID=3500) to work on /home/airflow/.local/lib/python3.8/site-packages/airflow/example_dags/example_latest_only_with_trigger.py
[2025-07-14T13:02:46.269+0000] {processor.py:830} INFO - Processing file /home/airflow/.local/lib/python3.8/site-packages/airflow/example_dags/example_latest_only_with_trigger.py for tasks to queue
[2025-07-14T13:02:46.278+0000] {logging_mixin.py:188} INFO - [2025-07-14T13:02:46.277+0000] {dagbag.py:538} INFO - Filling up the DagBag from /home/airflow/.local/lib/python3.8/site-packages/airflow/example_dags/example_latest_only_with_trigger.py
[2025-07-14T13:02:46.298+0000] {processor.py:840} INFO - DAG(s) 'latest_only_with_trigger' retrieved from /home/airflow/.local/lib/python3.8/site-packages/airflow/example_dags/example_latest_only_with_trigger.py
[2025-07-14T13:02:46.376+0000] {logging_mixin.py:188} INFO - [2025-07-14T13:02:46.376+0000] {dag.py:3036} INFO - Sync 1 DAGs
[2025-07-14T13:02:46.428+0000] {logging_mixin.py:188} INFO - [2025-07-14T13:02:46.428+0000] {dag.py:3823} INFO - Setting next_dagrun for latest_only_with_trigger to 2025-07-14 08:00:00+00:00, run_after=2025-07-14 12:00:00+00:00
[2025-07-14T13:02:46.474+0000] {processor.py:183} INFO - Processing /home/airflow/.local/lib/python3.8/site-packages/airflow/example_dags/example_latest_only_with_trigger.py took 0.228 seconds
[2025-07-14T13:03:16.701+0000] {processor.py:161} INFO - Started process (PID=3558) to work on /home/airflow/.local/lib/python3.8/site-packages/airflow/example_dags/example_latest_only_with_trigger.py
[2025-07-14T13:03:16.702+0000] {processor.py:830} INFO - Processing file /home/airflow/.local/lib/python3.8/site-packages/airflow/example_dags/example_latest_only_with_trigger.py for tasks to queue
[2025-07-14T13:03:16.705+0000] {logging_mixin.py:188} INFO - [2025-07-14T13:03:16.704+0000] {dagbag.py:538} INFO - Filling up the DagBag from /home/airflow/.local/lib/python3.8/site-packages/airflow/example_dags/example_latest_only_with_trigger.py
[2025-07-14T13:03:16.712+0000] {processor.py:840} INFO - DAG(s) 'latest_only_with_trigger' retrieved from /home/airflow/.local/lib/python3.8/site-packages/airflow/example_dags/example_latest_only_with_trigger.py
[2025-07-14T13:03:16.741+0000] {logging_mixin.py:188} INFO - [2025-07-14T13:03:16.741+0000] {dag.py:3036} INFO - Sync 1 DAGs
[2025-07-14T13:03:16.776+0000] {logging_mixin.py:188} INFO - [2025-07-14T13:03:16.776+0000] {dag.py:3823} INFO - Setting next_dagrun for latest_only_with_trigger to 2025-07-14 08:00:00+00:00, run_after=2025-07-14 12:00:00+00:00
[2025-07-14T13:03:16.813+0000] {processor.py:183} INFO - Processing /home/airflow/.local/lib/python3.8/site-packages/airflow/example_dags/example_latest_only_with_trigger.py took 0.117 seconds
[2025-07-14T13:03:47.079+0000] {processor.py:161} INFO - Started process (PID=3618) to work on /home/airflow/.local/lib/python3.8/site-packages/airflow/example_dags/example_latest_only_with_trigger.py
[2025-07-14T13:03:47.080+0000] {processor.py:830} INFO - Processing file /home/airflow/.local/lib/python3.8/site-packages/airflow/example_dags/example_latest_only_with_trigger.py for tasks to queue
[2025-07-14T13:03:47.083+0000] {logging_mixin.py:188} INFO - [2025-07-14T13:03:47.082+0000] {dagbag.py:538} INFO - Filling up the DagBag from /home/airflow/.local/lib/python3.8/site-packages/airflow/example_dags/example_latest_only_with_trigger.py
[2025-07-14T13:03:47.092+0000] {processor.py:840} INFO - DAG(s) 'latest_only_with_trigger' retrieved from /home/airflow/.local/lib/python3.8/site-packages/airflow/example_dags/example_latest_only_with_trigger.py
[2025-07-14T13:03:47.131+0000] {logging_mixin.py:188} INFO - [2025-07-14T13:03:47.131+0000] {dag.py:3036} INFO - Sync 1 DAGs
[2025-07-14T13:03:47.166+0000] {logging_mixin.py:188} INFO - [2025-07-14T13:03:47.166+0000] {dag.py:3823} INFO - Setting next_dagrun for latest_only_with_trigger to 2025-07-14 08:00:00+00:00, run_after=2025-07-14 12:00:00+00:00
[2025-07-14T13:03:47.197+0000] {processor.py:183} INFO - Processing /home/airflow/.local/lib/python3.8/site-packages/airflow/example_dags/example_latest_only_with_trigger.py took 0.124 seconds
[2025-07-14T13:04:17.503+0000] {processor.py:161} INFO - Started process (PID=3678) to work on /home/airflow/.local/lib/python3.8/site-packages/airflow/example_dags/example_latest_only_with_trigger.py
[2025-07-14T13:04:17.506+0000] {processor.py:830} INFO - Processing file /home/airflow/.local/lib/python3.8/site-packages/airflow/example_dags/example_latest_only_with_trigger.py for tasks to queue
[2025-07-14T13:04:17.509+0000] {logging_mixin.py:188} INFO - [2025-07-14T13:04:17.508+0000] {dagbag.py:538} INFO - Filling up the DagBag from /home/airflow/.local/lib/python3.8/site-packages/airflow/example_dags/example_latest_only_with_trigger.py
[2025-07-14T13:04:17.523+0000] {processor.py:840} INFO - DAG(s) 'latest_only_with_trigger' retrieved from /home/airflow/.local/lib/python3.8/site-packages/airflow/example_dags/example_latest_only_with_trigger.py
[2025-07-14T13:04:17.569+0000] {logging_mixin.py:188} INFO - [2025-07-14T13:04:17.568+0000] {dag.py:3036} INFO - Sync 1 DAGs
[2025-07-14T13:04:17.615+0000] {logging_mixin.py:188} INFO - [2025-07-14T13:04:17.615+0000] {dag.py:3823} INFO - Setting next_dagrun for latest_only_with_trigger to 2025-07-14 08:00:00+00:00, run_after=2025-07-14 12:00:00+00:00
[2025-07-14T13:04:17.652+0000] {processor.py:183} INFO - Processing /home/airflow/.local/lib/python3.8/site-packages/airflow/example_dags/example_latest_only_with_trigger.py took 0.154 seconds
[2025-07-14T13:04:47.987+0000] {processor.py:161} INFO - Started process (PID=3738) to work on /home/airflow/.local/lib/python3.8/site-packages/airflow/example_dags/example_latest_only_with_trigger.py
[2025-07-14T13:04:47.988+0000] {processor.py:830} INFO - Processing file /home/airflow/.local/lib/python3.8/site-packages/airflow/example_dags/example_latest_only_with_trigger.py for tasks to queue
[2025-07-14T13:04:47.992+0000] {logging_mixin.py:188} INFO - [2025-07-14T13:04:47.991+0000] {dagbag.py:538} INFO - Filling up the DagBag from /home/airflow/.local/lib/python3.8/site-packages/airflow/example_dags/example_latest_only_with_trigger.py
[2025-07-14T13:04:48.002+0000] {processor.py:840} INFO - DAG(s) 'latest_only_with_trigger' retrieved from /home/airflow/.local/lib/python3.8/site-packages/airflow/example_dags/example_latest_only_with_trigger.py
[2025-07-14T13:04:48.043+0000] {logging_mixin.py:188} INFO - [2025-07-14T13:04:48.042+0000] {dag.py:3036} INFO - Sync 1 DAGs
[2025-07-14T13:04:48.172+0000] {logging_mixin.py:188} INFO - [2025-07-14T13:04:48.172+0000] {dag.py:3823} INFO - Setting next_dagrun for latest_only_with_trigger to 2025-07-14 08:00:00+00:00, run_after=2025-07-14 12:00:00+00:00
[2025-07-14T13:04:48.214+0000] {processor.py:183} INFO - Processing /home/airflow/.local/lib/python3.8/site-packages/airflow/example_dags/example_latest_only_with_trigger.py took 0.232 seconds
[2025-07-14T13:05:19.136+0000] {processor.py:161} INFO - Started process (PID=3797) to work on /home/airflow/.local/lib/python3.8/site-packages/airflow/example_dags/example_latest_only_with_trigger.py
[2025-07-14T13:05:19.139+0000] {processor.py:830} INFO - Processing file /home/airflow/.local/lib/python3.8/site-packages/airflow/example_dags/example_latest_only_with_trigger.py for tasks to queue
[2025-07-14T13:05:19.143+0000] {logging_mixin.py:188} INFO - [2025-07-14T13:05:19.142+0000] {dagbag.py:538} INFO - Filling up the DagBag from /home/airflow/.local/lib/python3.8/site-packages/airflow/example_dags/example_latest_only_with_trigger.py
[2025-07-14T13:05:19.156+0000] {processor.py:840} INFO - DAG(s) 'latest_only_with_trigger' retrieved from /home/airflow/.local/lib/python3.8/site-packages/airflow/example_dags/example_latest_only_with_trigger.py
[2025-07-14T13:05:19.202+0000] {logging_mixin.py:188} INFO - [2025-07-14T13:05:19.201+0000] {dag.py:3036} INFO - Sync 1 DAGs
[2025-07-14T13:05:19.274+0000] {logging_mixin.py:188} INFO - [2025-07-14T13:05:19.274+0000] {dag.py:3823} INFO - Setting next_dagrun for latest_only_with_trigger to 2025-07-14 08:00:00+00:00, run_after=2025-07-14 12:00:00+00:00
[2025-07-14T13:05:19.343+0000] {processor.py:183} INFO - Processing /home/airflow/.local/lib/python3.8/site-packages/airflow/example_dags/example_latest_only_with_trigger.py took 0.212 seconds
[2025-07-14T13:05:49.470+0000] {processor.py:161} INFO - Started process (PID=3857) to work on /home/airflow/.local/lib/python3.8/site-packages/airflow/example_dags/example_latest_only_with_trigger.py
[2025-07-14T13:05:49.475+0000] {processor.py:830} INFO - Processing file /home/airflow/.local/lib/python3.8/site-packages/airflow/example_dags/example_latest_only_with_trigger.py for tasks to queue
[2025-07-14T13:05:49.481+0000] {logging_mixin.py:188} INFO - [2025-07-14T13:05:49.481+0000] {dagbag.py:538} INFO - Filling up the DagBag from /home/airflow/.local/lib/python3.8/site-packages/airflow/example_dags/example_latest_only_with_trigger.py
[2025-07-14T13:05:49.498+0000] {processor.py:840} INFO - DAG(s) 'latest_only_with_trigger' retrieved from /home/airflow/.local/lib/python3.8/site-packages/airflow/example_dags/example_latest_only_with_trigger.py
[2025-07-14T13:05:49.544+0000] {logging_mixin.py:188} INFO - [2025-07-14T13:05:49.544+0000] {dag.py:3036} INFO - Sync 1 DAGs
[2025-07-14T13:05:49.589+0000] {logging_mixin.py:188} INFO - [2025-07-14T13:05:49.589+0000] {dag.py:3823} INFO - Setting next_dagrun for latest_only_with_trigger to 2025-07-14 08:00:00+00:00, run_after=2025-07-14 12:00:00+00:00
[2025-07-14T13:05:49.627+0000] {processor.py:183} INFO - Processing /home/airflow/.local/lib/python3.8/site-packages/airflow/example_dags/example_latest_only_with_trigger.py took 0.169 seconds
