[2025-07-14T12:33:38.795+0000] {processor.py:161} INFO - Started process (PID=109) to work on /home/airflow/.local/lib/python3.8/site-packages/airflow/example_dags/example_sensors.py
[2025-07-14T12:33:38.804+0000] {processor.py:830} INFO - Processing file /home/airflow/.local/lib/python3.8/site-packages/airflow/example_dags/example_sensors.py for tasks to queue
[2025-07-14T12:33:38.842+0000] {logging_mixin.py:188} INFO - [2025-07-14T12:33:38.841+0000] {dagbag.py:538} INFO - Filling up the DagBag from /home/airflow/.local/lib/python3.8/site-packages/airflow/example_dags/example_sensors.py
[2025-07-14T12:33:38.887+0000] {processor.py:840} INFO - DAG(s) 'example_sensors' retrieved from /home/airflow/.local/lib/python3.8/site-packages/airflow/example_dags/example_sensors.py
[2025-07-14T12:33:38.989+0000] {logging_mixin.py:188} INFO - [2025-07-14T12:33:38.989+0000] {dag.py:3036} INFO - Sync 1 DAGs
[2025-07-14T12:33:39.031+0000] {logging_mixin.py:188} INFO - [2025-07-14T12:33:39.030+0000] {dag.py:3823} INFO - Setting next_dagrun for example_sensors to None, run_after=None
[2025-07-14T12:33:39.132+0000] {processor.py:183} INFO - Processing /home/airflow/.local/lib/python3.8/site-packages/airflow/example_dags/example_sensors.py took 0.357 seconds
[2025-07-14T12:34:09.785+0000] {processor.py:161} INFO - Started process (PID=169) to work on /home/airflow/.local/lib/python3.8/site-packages/airflow/example_dags/example_sensors.py
[2025-07-14T12:34:09.787+0000] {processor.py:830} INFO - Processing file /home/airflow/.local/lib/python3.8/site-packages/airflow/example_dags/example_sensors.py for tasks to queue
[2025-07-14T12:34:09.790+0000] {logging_mixin.py:188} INFO - [2025-07-14T12:34:09.790+0000] {dagbag.py:538} INFO - Filling up the DagBag from /home/airflow/.local/lib/python3.8/site-packages/airflow/example_dags/example_sensors.py
[2025-07-14T12:34:09.807+0000] {processor.py:840} INFO - DAG(s) 'example_sensors' retrieved from /home/airflow/.local/lib/python3.8/site-packages/airflow/example_dags/example_sensors.py
[2025-07-14T12:34:09.861+0000] {logging_mixin.py:188} INFO - [2025-07-14T12:34:09.860+0000] {dag.py:3036} INFO - Sync 1 DAGs
[2025-07-14T12:34:09.883+0000] {logging_mixin.py:188} INFO - [2025-07-14T12:34:09.883+0000] {dag.py:3823} INFO - Setting next_dagrun for example_sensors to None, run_after=None
[2025-07-14T12:34:09.923+0000] {processor.py:183} INFO - Processing /home/airflow/.local/lib/python3.8/site-packages/airflow/example_dags/example_sensors.py took 0.144 seconds
[2025-07-14T12:34:40.449+0000] {processor.py:161} INFO - Started process (PID=230) to work on /home/airflow/.local/lib/python3.8/site-packages/airflow/example_dags/example_sensors.py
[2025-07-14T12:34:40.487+0000] {processor.py:830} INFO - Processing file /home/airflow/.local/lib/python3.8/site-packages/airflow/example_dags/example_sensors.py for tasks to queue
[2025-07-14T12:34:40.489+0000] {logging_mixin.py:188} INFO - [2025-07-14T12:34:40.489+0000] {dagbag.py:538} INFO - Filling up the DagBag from /home/airflow/.local/lib/python3.8/site-packages/airflow/example_dags/example_sensors.py
[2025-07-14T12:34:40.545+0000] {processor.py:840} INFO - DAG(s) 'example_sensors' retrieved from /home/airflow/.local/lib/python3.8/site-packages/airflow/example_dags/example_sensors.py
[2025-07-14T12:34:40.830+0000] {logging_mixin.py:188} INFO - [2025-07-14T12:34:40.830+0000] {dag.py:3036} INFO - Sync 1 DAGs
[2025-07-14T12:34:40.870+0000] {logging_mixin.py:188} INFO - [2025-07-14T12:34:40.870+0000] {dag.py:3823} INFO - Setting next_dagrun for example_sensors to None, run_after=None
[2025-07-14T12:34:40.941+0000] {processor.py:183} INFO - Processing /home/airflow/.local/lib/python3.8/site-packages/airflow/example_dags/example_sensors.py took 0.579 seconds
[2025-07-14T12:35:11.651+0000] {processor.py:161} INFO - Started process (PID=290) to work on /home/airflow/.local/lib/python3.8/site-packages/airflow/example_dags/example_sensors.py
[2025-07-14T12:35:11.655+0000] {processor.py:830} INFO - Processing file /home/airflow/.local/lib/python3.8/site-packages/airflow/example_dags/example_sensors.py for tasks to queue
[2025-07-14T12:35:11.693+0000] {logging_mixin.py:188} INFO - [2025-07-14T12:35:11.692+0000] {dagbag.py:538} INFO - Filling up the DagBag from /home/airflow/.local/lib/python3.8/site-packages/airflow/example_dags/example_sensors.py
[2025-07-14T12:35:11.714+0000] {processor.py:840} INFO - DAG(s) 'example_sensors' retrieved from /home/airflow/.local/lib/python3.8/site-packages/airflow/example_dags/example_sensors.py
[2025-07-14T12:35:11.798+0000] {logging_mixin.py:188} INFO - [2025-07-14T12:35:11.798+0000] {dag.py:3036} INFO - Sync 1 DAGs
[2025-07-14T12:35:11.825+0000] {logging_mixin.py:188} INFO - [2025-07-14T12:35:11.824+0000] {dag.py:3823} INFO - Setting next_dagrun for example_sensors to None, run_after=None
[2025-07-14T12:35:11.914+0000] {processor.py:183} INFO - Processing /home/airflow/.local/lib/python3.8/site-packages/airflow/example_dags/example_sensors.py took 0.273 seconds
[2025-07-14T12:35:42.272+0000] {processor.py:161} INFO - Started process (PID=351) to work on /home/airflow/.local/lib/python3.8/site-packages/airflow/example_dags/example_sensors.py
[2025-07-14T12:35:42.276+0000] {processor.py:830} INFO - Processing file /home/airflow/.local/lib/python3.8/site-packages/airflow/example_dags/example_sensors.py for tasks to queue
[2025-07-14T12:35:42.280+0000] {logging_mixin.py:188} INFO - [2025-07-14T12:35:42.280+0000] {dagbag.py:538} INFO - Filling up the DagBag from /home/airflow/.local/lib/python3.8/site-packages/airflow/example_dags/example_sensors.py
[2025-07-14T12:35:42.303+0000] {processor.py:840} INFO - DAG(s) 'example_sensors' retrieved from /home/airflow/.local/lib/python3.8/site-packages/airflow/example_dags/example_sensors.py
[2025-07-14T12:35:42.369+0000] {logging_mixin.py:188} INFO - [2025-07-14T12:35:42.368+0000] {dag.py:3036} INFO - Sync 1 DAGs
[2025-07-14T12:35:42.410+0000] {logging_mixin.py:188} INFO - [2025-07-14T12:35:42.409+0000] {dag.py:3823} INFO - Setting next_dagrun for example_sensors to None, run_after=None
[2025-07-14T12:35:42.479+0000] {processor.py:183} INFO - Processing /home/airflow/.local/lib/python3.8/site-packages/airflow/example_dags/example_sensors.py took 0.213 seconds
[2025-07-14T12:36:13.276+0000] {processor.py:161} INFO - Started process (PID=410) to work on /home/airflow/.local/lib/python3.8/site-packages/airflow/example_dags/example_sensors.py
[2025-07-14T12:36:13.279+0000] {processor.py:830} INFO - Processing file /home/airflow/.local/lib/python3.8/site-packages/airflow/example_dags/example_sensors.py for tasks to queue
[2025-07-14T12:36:13.282+0000] {logging_mixin.py:188} INFO - [2025-07-14T12:36:13.281+0000] {dagbag.py:538} INFO - Filling up the DagBag from /home/airflow/.local/lib/python3.8/site-packages/airflow/example_dags/example_sensors.py
[2025-07-14T12:36:13.300+0000] {processor.py:840} INFO - DAG(s) 'example_sensors' retrieved from /home/airflow/.local/lib/python3.8/site-packages/airflow/example_dags/example_sensors.py
[2025-07-14T12:36:13.352+0000] {logging_mixin.py:188} INFO - [2025-07-14T12:36:13.352+0000] {dag.py:3036} INFO - Sync 1 DAGs
[2025-07-14T12:36:13.378+0000] {logging_mixin.py:188} INFO - [2025-07-14T12:36:13.378+0000] {dag.py:3823} INFO - Setting next_dagrun for example_sensors to None, run_after=None
[2025-07-14T12:36:13.458+0000] {processor.py:183} INFO - Processing /home/airflow/.local/lib/python3.8/site-packages/airflow/example_dags/example_sensors.py took 0.188 seconds
[2025-07-14T12:36:43.701+0000] {processor.py:161} INFO - Started process (PID=468) to work on /home/airflow/.local/lib/python3.8/site-packages/airflow/example_dags/example_sensors.py
[2025-07-14T12:36:43.705+0000] {processor.py:830} INFO - Processing file /home/airflow/.local/lib/python3.8/site-packages/airflow/example_dags/example_sensors.py for tasks to queue
[2025-07-14T12:36:43.712+0000] {logging_mixin.py:188} INFO - [2025-07-14T12:36:43.711+0000] {dagbag.py:538} INFO - Filling up the DagBag from /home/airflow/.local/lib/python3.8/site-packages/airflow/example_dags/example_sensors.py
[2025-07-14T12:36:43.749+0000] {processor.py:840} INFO - DAG(s) 'example_sensors' retrieved from /home/airflow/.local/lib/python3.8/site-packages/airflow/example_dags/example_sensors.py
[2025-07-14T12:36:44.067+0000] {logging_mixin.py:188} INFO - [2025-07-14T12:36:44.067+0000] {dag.py:3036} INFO - Sync 1 DAGs
[2025-07-14T12:36:44.183+0000] {logging_mixin.py:188} INFO - [2025-07-14T12:36:44.182+0000] {dag.py:3823} INFO - Setting next_dagrun for example_sensors to None, run_after=None
[2025-07-14T12:36:44.241+0000] {processor.py:183} INFO - Processing /home/airflow/.local/lib/python3.8/site-packages/airflow/example_dags/example_sensors.py took 0.547 seconds
[2025-07-14T12:37:14.281+0000] {processor.py:161} INFO - Started process (PID=528) to work on /home/airflow/.local/lib/python3.8/site-packages/airflow/example_dags/example_sensors.py
[2025-07-14T12:37:14.283+0000] {processor.py:830} INFO - Processing file /home/airflow/.local/lib/python3.8/site-packages/airflow/example_dags/example_sensors.py for tasks to queue
[2025-07-14T12:37:14.287+0000] {logging_mixin.py:188} INFO - [2025-07-14T12:37:14.286+0000] {dagbag.py:538} INFO - Filling up the DagBag from /home/airflow/.local/lib/python3.8/site-packages/airflow/example_dags/example_sensors.py
[2025-07-14T12:37:14.303+0000] {processor.py:840} INFO - DAG(s) 'example_sensors' retrieved from /home/airflow/.local/lib/python3.8/site-packages/airflow/example_dags/example_sensors.py
[2025-07-14T12:37:14.350+0000] {logging_mixin.py:188} INFO - [2025-07-14T12:37:14.350+0000] {dag.py:3036} INFO - Sync 1 DAGs
[2025-07-14T12:37:14.369+0000] {logging_mixin.py:188} INFO - [2025-07-14T12:37:14.368+0000] {dag.py:3823} INFO - Setting next_dagrun for example_sensors to None, run_after=None
[2025-07-14T12:37:14.394+0000] {processor.py:183} INFO - Processing /home/airflow/.local/lib/python3.8/site-packages/airflow/example_dags/example_sensors.py took 0.119 seconds
[2025-07-14T12:37:44.839+0000] {processor.py:161} INFO - Started process (PID=588) to work on /home/airflow/.local/lib/python3.8/site-packages/airflow/example_dags/example_sensors.py
[2025-07-14T12:37:44.841+0000] {processor.py:830} INFO - Processing file /home/airflow/.local/lib/python3.8/site-packages/airflow/example_dags/example_sensors.py for tasks to queue
[2025-07-14T12:37:44.844+0000] {logging_mixin.py:188} INFO - [2025-07-14T12:37:44.844+0000] {dagbag.py:538} INFO - Filling up the DagBag from /home/airflow/.local/lib/python3.8/site-packages/airflow/example_dags/example_sensors.py
[2025-07-14T12:37:44.861+0000] {processor.py:840} INFO - DAG(s) 'example_sensors' retrieved from /home/airflow/.local/lib/python3.8/site-packages/airflow/example_dags/example_sensors.py
[2025-07-14T12:37:44.911+0000] {logging_mixin.py:188} INFO - [2025-07-14T12:37:44.911+0000] {dag.py:3036} INFO - Sync 1 DAGs
[2025-07-14T12:37:44.930+0000] {logging_mixin.py:188} INFO - [2025-07-14T12:37:44.930+0000] {dag.py:3823} INFO - Setting next_dagrun for example_sensors to None, run_after=None
[2025-07-14T12:37:44.966+0000] {processor.py:183} INFO - Processing /home/airflow/.local/lib/python3.8/site-packages/airflow/example_dags/example_sensors.py took 0.132 seconds
[2025-07-14T12:38:15.142+0000] {processor.py:161} INFO - Started process (PID=648) to work on /home/airflow/.local/lib/python3.8/site-packages/airflow/example_dags/example_sensors.py
[2025-07-14T12:38:15.144+0000] {processor.py:830} INFO - Processing file /home/airflow/.local/lib/python3.8/site-packages/airflow/example_dags/example_sensors.py for tasks to queue
[2025-07-14T12:38:15.150+0000] {logging_mixin.py:188} INFO - [2025-07-14T12:38:15.149+0000] {dagbag.py:538} INFO - Filling up the DagBag from /home/airflow/.local/lib/python3.8/site-packages/airflow/example_dags/example_sensors.py
[2025-07-14T12:38:15.173+0000] {processor.py:840} INFO - DAG(s) 'example_sensors' retrieved from /home/airflow/.local/lib/python3.8/site-packages/airflow/example_dags/example_sensors.py
[2025-07-14T12:38:15.251+0000] {logging_mixin.py:188} INFO - [2025-07-14T12:38:15.250+0000] {dag.py:3036} INFO - Sync 1 DAGs
[2025-07-14T12:38:15.279+0000] {logging_mixin.py:188} INFO - [2025-07-14T12:38:15.277+0000] {dag.py:3823} INFO - Setting next_dagrun for example_sensors to None, run_after=None
[2025-07-14T12:38:15.321+0000] {processor.py:183} INFO - Processing /home/airflow/.local/lib/python3.8/site-packages/airflow/example_dags/example_sensors.py took 0.184 seconds
[2025-07-14T12:38:46.252+0000] {processor.py:161} INFO - Started process (PID=708) to work on /home/airflow/.local/lib/python3.8/site-packages/airflow/example_dags/example_sensors.py
[2025-07-14T12:38:46.254+0000] {processor.py:830} INFO - Processing file /home/airflow/.local/lib/python3.8/site-packages/airflow/example_dags/example_sensors.py for tasks to queue
[2025-07-14T12:38:46.259+0000] {logging_mixin.py:188} INFO - [2025-07-14T12:38:46.259+0000] {dagbag.py:538} INFO - Filling up the DagBag from /home/airflow/.local/lib/python3.8/site-packages/airflow/example_dags/example_sensors.py
[2025-07-14T12:38:46.279+0000] {processor.py:840} INFO - DAG(s) 'example_sensors' retrieved from /home/airflow/.local/lib/python3.8/site-packages/airflow/example_dags/example_sensors.py
[2025-07-14T12:38:46.341+0000] {logging_mixin.py:188} INFO - [2025-07-14T12:38:46.340+0000] {dag.py:3036} INFO - Sync 1 DAGs
[2025-07-14T12:38:46.365+0000] {logging_mixin.py:188} INFO - [2025-07-14T12:38:46.364+0000] {dag.py:3823} INFO - Setting next_dagrun for example_sensors to None, run_after=None
[2025-07-14T12:38:46.406+0000] {processor.py:183} INFO - Processing /home/airflow/.local/lib/python3.8/site-packages/airflow/example_dags/example_sensors.py took 0.160 seconds
[2025-07-14T12:39:16.567+0000] {processor.py:161} INFO - Started process (PID=769) to work on /home/airflow/.local/lib/python3.8/site-packages/airflow/example_dags/example_sensors.py
[2025-07-14T12:39:16.569+0000] {processor.py:830} INFO - Processing file /home/airflow/.local/lib/python3.8/site-packages/airflow/example_dags/example_sensors.py for tasks to queue
[2025-07-14T12:39:16.572+0000] {logging_mixin.py:188} INFO - [2025-07-14T12:39:16.572+0000] {dagbag.py:538} INFO - Filling up the DagBag from /home/airflow/.local/lib/python3.8/site-packages/airflow/example_dags/example_sensors.py
[2025-07-14T12:39:16.590+0000] {processor.py:840} INFO - DAG(s) 'example_sensors' retrieved from /home/airflow/.local/lib/python3.8/site-packages/airflow/example_dags/example_sensors.py
[2025-07-14T12:39:16.636+0000] {logging_mixin.py:188} INFO - [2025-07-14T12:39:16.635+0000] {dag.py:3036} INFO - Sync 1 DAGs
[2025-07-14T12:39:16.656+0000] {logging_mixin.py:188} INFO - [2025-07-14T12:39:16.655+0000] {dag.py:3823} INFO - Setting next_dagrun for example_sensors to None, run_after=None
[2025-07-14T12:39:16.689+0000] {processor.py:183} INFO - Processing /home/airflow/.local/lib/python3.8/site-packages/airflow/example_dags/example_sensors.py took 0.128 seconds
[2025-07-14T12:39:46.817+0000] {processor.py:161} INFO - Started process (PID=829) to work on /home/airflow/.local/lib/python3.8/site-packages/airflow/example_dags/example_sensors.py
[2025-07-14T12:39:46.818+0000] {processor.py:830} INFO - Processing file /home/airflow/.local/lib/python3.8/site-packages/airflow/example_dags/example_sensors.py for tasks to queue
[2025-07-14T12:39:46.822+0000] {logging_mixin.py:188} INFO - [2025-07-14T12:39:46.821+0000] {dagbag.py:538} INFO - Filling up the DagBag from /home/airflow/.local/lib/python3.8/site-packages/airflow/example_dags/example_sensors.py
[2025-07-14T12:39:46.841+0000] {processor.py:840} INFO - DAG(s) 'example_sensors' retrieved from /home/airflow/.local/lib/python3.8/site-packages/airflow/example_dags/example_sensors.py
[2025-07-14T12:39:46.897+0000] {logging_mixin.py:188} INFO - [2025-07-14T12:39:46.896+0000] {dag.py:3036} INFO - Sync 1 DAGs
[2025-07-14T12:39:46.919+0000] {logging_mixin.py:188} INFO - [2025-07-14T12:39:46.918+0000] {dag.py:3823} INFO - Setting next_dagrun for example_sensors to None, run_after=None
[2025-07-14T12:39:46.950+0000] {processor.py:183} INFO - Processing /home/airflow/.local/lib/python3.8/site-packages/airflow/example_dags/example_sensors.py took 0.138 seconds
[2025-07-14T12:40:17.744+0000] {processor.py:161} INFO - Started process (PID=895) to work on /home/airflow/.local/lib/python3.8/site-packages/airflow/example_dags/example_sensors.py
[2025-07-14T12:40:17.746+0000] {processor.py:830} INFO - Processing file /home/airflow/.local/lib/python3.8/site-packages/airflow/example_dags/example_sensors.py for tasks to queue
[2025-07-14T12:40:17.751+0000] {logging_mixin.py:188} INFO - [2025-07-14T12:40:17.751+0000] {dagbag.py:538} INFO - Filling up the DagBag from /home/airflow/.local/lib/python3.8/site-packages/airflow/example_dags/example_sensors.py
[2025-07-14T12:40:17.772+0000] {processor.py:840} INFO - DAG(s) 'example_sensors' retrieved from /home/airflow/.local/lib/python3.8/site-packages/airflow/example_dags/example_sensors.py
[2025-07-14T12:40:17.829+0000] {logging_mixin.py:188} INFO - [2025-07-14T12:40:17.829+0000] {dag.py:3036} INFO - Sync 1 DAGs
[2025-07-14T12:40:17.853+0000] {logging_mixin.py:188} INFO - [2025-07-14T12:40:17.853+0000] {dag.py:3823} INFO - Setting next_dagrun for example_sensors to None, run_after=None
[2025-07-14T12:40:17.919+0000] {processor.py:183} INFO - Processing /home/airflow/.local/lib/python3.8/site-packages/airflow/example_dags/example_sensors.py took 0.181 seconds
[2025-07-14T12:40:48.418+0000] {processor.py:161} INFO - Started process (PID=955) to work on /home/airflow/.local/lib/python3.8/site-packages/airflow/example_dags/example_sensors.py
[2025-07-14T12:40:48.422+0000] {processor.py:830} INFO - Processing file /home/airflow/.local/lib/python3.8/site-packages/airflow/example_dags/example_sensors.py for tasks to queue
[2025-07-14T12:40:48.426+0000] {logging_mixin.py:188} INFO - [2025-07-14T12:40:48.425+0000] {dagbag.py:538} INFO - Filling up the DagBag from /home/airflow/.local/lib/python3.8/site-packages/airflow/example_dags/example_sensors.py
[2025-07-14T12:40:48.449+0000] {processor.py:840} INFO - DAG(s) 'example_sensors' retrieved from /home/airflow/.local/lib/python3.8/site-packages/airflow/example_dags/example_sensors.py
[2025-07-14T12:40:48.501+0000] {logging_mixin.py:188} INFO - [2025-07-14T12:40:48.500+0000] {dag.py:3036} INFO - Sync 1 DAGs
[2025-07-14T12:40:48.524+0000] {logging_mixin.py:188} INFO - [2025-07-14T12:40:48.523+0000] {dag.py:3823} INFO - Setting next_dagrun for example_sensors to None, run_after=None
[2025-07-14T12:40:48.563+0000] {processor.py:183} INFO - Processing /home/airflow/.local/lib/python3.8/site-packages/airflow/example_dags/example_sensors.py took 0.151 seconds
[2025-07-14T12:41:18.657+0000] {processor.py:161} INFO - Started process (PID=1015) to work on /home/airflow/.local/lib/python3.8/site-packages/airflow/example_dags/example_sensors.py
[2025-07-14T12:41:18.660+0000] {processor.py:830} INFO - Processing file /home/airflow/.local/lib/python3.8/site-packages/airflow/example_dags/example_sensors.py for tasks to queue
[2025-07-14T12:41:18.665+0000] {logging_mixin.py:188} INFO - [2025-07-14T12:41:18.664+0000] {dagbag.py:538} INFO - Filling up the DagBag from /home/airflow/.local/lib/python3.8/site-packages/airflow/example_dags/example_sensors.py
[2025-07-14T12:41:18.686+0000] {processor.py:840} INFO - DAG(s) 'example_sensors' retrieved from /home/airflow/.local/lib/python3.8/site-packages/airflow/example_dags/example_sensors.py
[2025-07-14T12:41:18.774+0000] {logging_mixin.py:188} INFO - [2025-07-14T12:41:18.774+0000] {dag.py:3036} INFO - Sync 1 DAGs
[2025-07-14T12:41:18.809+0000] {logging_mixin.py:188} INFO - [2025-07-14T12:41:18.808+0000] {dag.py:3823} INFO - Setting next_dagrun for example_sensors to None, run_after=None
[2025-07-14T12:41:18.849+0000] {processor.py:183} INFO - Processing /home/airflow/.local/lib/python3.8/site-packages/airflow/example_dags/example_sensors.py took 0.198 seconds
[2025-07-14T12:41:48.883+0000] {processor.py:161} INFO - Started process (PID=1074) to work on /home/airflow/.local/lib/python3.8/site-packages/airflow/example_dags/example_sensors.py
[2025-07-14T12:41:48.885+0000] {processor.py:830} INFO - Processing file /home/airflow/.local/lib/python3.8/site-packages/airflow/example_dags/example_sensors.py for tasks to queue
[2025-07-14T12:41:48.889+0000] {logging_mixin.py:188} INFO - [2025-07-14T12:41:48.888+0000] {dagbag.py:538} INFO - Filling up the DagBag from /home/airflow/.local/lib/python3.8/site-packages/airflow/example_dags/example_sensors.py
[2025-07-14T12:41:48.909+0000] {processor.py:840} INFO - DAG(s) 'example_sensors' retrieved from /home/airflow/.local/lib/python3.8/site-packages/airflow/example_dags/example_sensors.py
[2025-07-14T12:41:48.965+0000] {logging_mixin.py:188} INFO - [2025-07-14T12:41:48.964+0000] {dag.py:3036} INFO - Sync 1 DAGs
[2025-07-14T12:41:48.993+0000] {logging_mixin.py:188} INFO - [2025-07-14T12:41:48.992+0000] {dag.py:3823} INFO - Setting next_dagrun for example_sensors to None, run_after=None
[2025-07-14T12:41:49.042+0000] {processor.py:183} INFO - Processing /home/airflow/.local/lib/python3.8/site-packages/airflow/example_dags/example_sensors.py took 0.165 seconds
[2025-07-14T12:42:19.320+0000] {processor.py:161} INFO - Started process (PID=1133) to work on /home/airflow/.local/lib/python3.8/site-packages/airflow/example_dags/example_sensors.py
[2025-07-14T12:42:19.321+0000] {processor.py:830} INFO - Processing file /home/airflow/.local/lib/python3.8/site-packages/airflow/example_dags/example_sensors.py for tasks to queue
[2025-07-14T12:42:19.325+0000] {logging_mixin.py:188} INFO - [2025-07-14T12:42:19.324+0000] {dagbag.py:538} INFO - Filling up the DagBag from /home/airflow/.local/lib/python3.8/site-packages/airflow/example_dags/example_sensors.py
[2025-07-14T12:42:19.343+0000] {processor.py:840} INFO - DAG(s) 'example_sensors' retrieved from /home/airflow/.local/lib/python3.8/site-packages/airflow/example_dags/example_sensors.py
[2025-07-14T12:42:19.400+0000] {logging_mixin.py:188} INFO - [2025-07-14T12:42:19.400+0000] {dag.py:3036} INFO - Sync 1 DAGs
[2025-07-14T12:42:19.433+0000] {logging_mixin.py:188} INFO - [2025-07-14T12:42:19.433+0000] {dag.py:3823} INFO - Setting next_dagrun for example_sensors to None, run_after=None
[2025-07-14T12:42:19.477+0000] {processor.py:183} INFO - Processing /home/airflow/.local/lib/python3.8/site-packages/airflow/example_dags/example_sensors.py took 0.163 seconds
[2025-07-14T12:42:49.583+0000] {processor.py:161} INFO - Started process (PID=1193) to work on /home/airflow/.local/lib/python3.8/site-packages/airflow/example_dags/example_sensors.py
[2025-07-14T12:42:49.585+0000] {processor.py:830} INFO - Processing file /home/airflow/.local/lib/python3.8/site-packages/airflow/example_dags/example_sensors.py for tasks to queue
[2025-07-14T12:42:49.590+0000] {logging_mixin.py:188} INFO - [2025-07-14T12:42:49.589+0000] {dagbag.py:538} INFO - Filling up the DagBag from /home/airflow/.local/lib/python3.8/site-packages/airflow/example_dags/example_sensors.py
[2025-07-14T12:42:49.609+0000] {processor.py:840} INFO - DAG(s) 'example_sensors' retrieved from /home/airflow/.local/lib/python3.8/site-packages/airflow/example_dags/example_sensors.py
[2025-07-14T12:42:49.660+0000] {logging_mixin.py:188} INFO - [2025-07-14T12:42:49.660+0000] {dag.py:3036} INFO - Sync 1 DAGs
[2025-07-14T12:42:49.684+0000] {logging_mixin.py:188} INFO - [2025-07-14T12:42:49.684+0000] {dag.py:3823} INFO - Setting next_dagrun for example_sensors to None, run_after=None
[2025-07-14T12:42:49.727+0000] {processor.py:183} INFO - Processing /home/airflow/.local/lib/python3.8/site-packages/airflow/example_dags/example_sensors.py took 0.150 seconds
[2025-07-14T12:43:20.238+0000] {processor.py:161} INFO - Started process (PID=1253) to work on /home/airflow/.local/lib/python3.8/site-packages/airflow/example_dags/example_sensors.py
[2025-07-14T12:43:20.239+0000] {processor.py:830} INFO - Processing file /home/airflow/.local/lib/python3.8/site-packages/airflow/example_dags/example_sensors.py for tasks to queue
[2025-07-14T12:43:20.245+0000] {logging_mixin.py:188} INFO - [2025-07-14T12:43:20.245+0000] {dagbag.py:538} INFO - Filling up the DagBag from /home/airflow/.local/lib/python3.8/site-packages/airflow/example_dags/example_sensors.py
[2025-07-14T12:43:20.267+0000] {processor.py:840} INFO - DAG(s) 'example_sensors' retrieved from /home/airflow/.local/lib/python3.8/site-packages/airflow/example_dags/example_sensors.py
[2025-07-14T12:43:20.321+0000] {logging_mixin.py:188} INFO - [2025-07-14T12:43:20.321+0000] {dag.py:3036} INFO - Sync 1 DAGs
[2025-07-14T12:43:20.345+0000] {logging_mixin.py:188} INFO - [2025-07-14T12:43:20.345+0000] {dag.py:3823} INFO - Setting next_dagrun for example_sensors to None, run_after=None
[2025-07-14T12:43:20.378+0000] {processor.py:183} INFO - Processing /home/airflow/.local/lib/python3.8/site-packages/airflow/example_dags/example_sensors.py took 0.148 seconds
[2025-07-14T12:43:51.374+0000] {processor.py:161} INFO - Started process (PID=1313) to work on /home/airflow/.local/lib/python3.8/site-packages/airflow/example_dags/example_sensors.py
[2025-07-14T12:43:51.376+0000] {processor.py:830} INFO - Processing file /home/airflow/.local/lib/python3.8/site-packages/airflow/example_dags/example_sensors.py for tasks to queue
[2025-07-14T12:43:51.381+0000] {logging_mixin.py:188} INFO - [2025-07-14T12:43:51.381+0000] {dagbag.py:538} INFO - Filling up the DagBag from /home/airflow/.local/lib/python3.8/site-packages/airflow/example_dags/example_sensors.py
[2025-07-14T12:43:51.402+0000] {processor.py:840} INFO - DAG(s) 'example_sensors' retrieved from /home/airflow/.local/lib/python3.8/site-packages/airflow/example_dags/example_sensors.py
[2025-07-14T12:43:51.454+0000] {logging_mixin.py:188} INFO - [2025-07-14T12:43:51.454+0000] {dag.py:3036} INFO - Sync 1 DAGs
[2025-07-14T12:43:51.479+0000] {logging_mixin.py:188} INFO - [2025-07-14T12:43:51.479+0000] {dag.py:3823} INFO - Setting next_dagrun for example_sensors to None, run_after=None
[2025-07-14T12:43:51.519+0000] {processor.py:183} INFO - Processing /home/airflow/.local/lib/python3.8/site-packages/airflow/example_dags/example_sensors.py took 0.151 seconds
[2025-07-14T12:44:22.374+0000] {processor.py:161} INFO - Started process (PID=1373) to work on /home/airflow/.local/lib/python3.8/site-packages/airflow/example_dags/example_sensors.py
[2025-07-14T12:44:22.377+0000] {processor.py:830} INFO - Processing file /home/airflow/.local/lib/python3.8/site-packages/airflow/example_dags/example_sensors.py for tasks to queue
[2025-07-14T12:44:22.380+0000] {logging_mixin.py:188} INFO - [2025-07-14T12:44:22.380+0000] {dagbag.py:538} INFO - Filling up the DagBag from /home/airflow/.local/lib/python3.8/site-packages/airflow/example_dags/example_sensors.py
[2025-07-14T12:44:22.400+0000] {processor.py:840} INFO - DAG(s) 'example_sensors' retrieved from /home/airflow/.local/lib/python3.8/site-packages/airflow/example_dags/example_sensors.py
[2025-07-14T12:44:22.458+0000] {logging_mixin.py:188} INFO - [2025-07-14T12:44:22.457+0000] {dag.py:3036} INFO - Sync 1 DAGs
[2025-07-14T12:44:22.481+0000] {logging_mixin.py:188} INFO - [2025-07-14T12:44:22.480+0000] {dag.py:3823} INFO - Setting next_dagrun for example_sensors to None, run_after=None
[2025-07-14T12:44:22.517+0000] {processor.py:183} INFO - Processing /home/airflow/.local/lib/python3.8/site-packages/airflow/example_dags/example_sensors.py took 0.149 seconds
[2025-07-14T12:44:53.495+0000] {processor.py:161} INFO - Started process (PID=1433) to work on /home/airflow/.local/lib/python3.8/site-packages/airflow/example_dags/example_sensors.py
[2025-07-14T12:44:53.496+0000] {processor.py:830} INFO - Processing file /home/airflow/.local/lib/python3.8/site-packages/airflow/example_dags/example_sensors.py for tasks to queue
[2025-07-14T12:44:53.501+0000] {logging_mixin.py:188} INFO - [2025-07-14T12:44:53.500+0000] {dagbag.py:538} INFO - Filling up the DagBag from /home/airflow/.local/lib/python3.8/site-packages/airflow/example_dags/example_sensors.py
[2025-07-14T12:44:53.528+0000] {processor.py:840} INFO - DAG(s) 'example_sensors' retrieved from /home/airflow/.local/lib/python3.8/site-packages/airflow/example_dags/example_sensors.py
[2025-07-14T12:44:53.586+0000] {logging_mixin.py:188} INFO - [2025-07-14T12:44:53.585+0000] {dag.py:3036} INFO - Sync 1 DAGs
[2025-07-14T12:44:53.619+0000] {logging_mixin.py:188} INFO - [2025-07-14T12:44:53.618+0000] {dag.py:3823} INFO - Setting next_dagrun for example_sensors to None, run_after=None
[2025-07-14T12:44:53.678+0000] {processor.py:183} INFO - Processing /home/airflow/.local/lib/python3.8/site-packages/airflow/example_dags/example_sensors.py took 0.189 seconds
[2025-07-14T12:45:23.746+0000] {processor.py:161} INFO - Started process (PID=1493) to work on /home/airflow/.local/lib/python3.8/site-packages/airflow/example_dags/example_sensors.py
[2025-07-14T12:45:23.748+0000] {processor.py:830} INFO - Processing file /home/airflow/.local/lib/python3.8/site-packages/airflow/example_dags/example_sensors.py for tasks to queue
[2025-07-14T12:45:23.751+0000] {logging_mixin.py:188} INFO - [2025-07-14T12:45:23.750+0000] {dagbag.py:538} INFO - Filling up the DagBag from /home/airflow/.local/lib/python3.8/site-packages/airflow/example_dags/example_sensors.py
[2025-07-14T12:45:23.766+0000] {processor.py:840} INFO - DAG(s) 'example_sensors' retrieved from /home/airflow/.local/lib/python3.8/site-packages/airflow/example_dags/example_sensors.py
[2025-07-14T12:45:23.814+0000] {logging_mixin.py:188} INFO - [2025-07-14T12:45:23.814+0000] {dag.py:3036} INFO - Sync 1 DAGs
[2025-07-14T12:45:23.836+0000] {logging_mixin.py:188} INFO - [2025-07-14T12:45:23.836+0000] {dag.py:3823} INFO - Setting next_dagrun for example_sensors to None, run_after=None
[2025-07-14T12:45:23.868+0000] {processor.py:183} INFO - Processing /home/airflow/.local/lib/python3.8/site-packages/airflow/example_dags/example_sensors.py took 0.127 seconds
[2025-07-14T12:45:54.084+0000] {processor.py:161} INFO - Started process (PID=1553) to work on /home/airflow/.local/lib/python3.8/site-packages/airflow/example_dags/example_sensors.py
[2025-07-14T12:45:54.086+0000] {processor.py:830} INFO - Processing file /home/airflow/.local/lib/python3.8/site-packages/airflow/example_dags/example_sensors.py for tasks to queue
[2025-07-14T12:45:54.091+0000] {logging_mixin.py:188} INFO - [2025-07-14T12:45:54.090+0000] {dagbag.py:538} INFO - Filling up the DagBag from /home/airflow/.local/lib/python3.8/site-packages/airflow/example_dags/example_sensors.py
[2025-07-14T12:45:54.111+0000] {processor.py:840} INFO - DAG(s) 'example_sensors' retrieved from /home/airflow/.local/lib/python3.8/site-packages/airflow/example_dags/example_sensors.py
[2025-07-14T12:45:54.156+0000] {logging_mixin.py:188} INFO - [2025-07-14T12:45:54.155+0000] {dag.py:3036} INFO - Sync 1 DAGs
[2025-07-14T12:45:54.180+0000] {logging_mixin.py:188} INFO - [2025-07-14T12:45:54.179+0000] {dag.py:3823} INFO - Setting next_dagrun for example_sensors to None, run_after=None
[2025-07-14T12:45:54.216+0000] {processor.py:183} INFO - Processing /home/airflow/.local/lib/python3.8/site-packages/airflow/example_dags/example_sensors.py took 0.139 seconds
[2025-07-14T12:46:24.813+0000] {processor.py:161} INFO - Started process (PID=1613) to work on /home/airflow/.local/lib/python3.8/site-packages/airflow/example_dags/example_sensors.py
[2025-07-14T12:46:24.816+0000] {processor.py:830} INFO - Processing file /home/airflow/.local/lib/python3.8/site-packages/airflow/example_dags/example_sensors.py for tasks to queue
[2025-07-14T12:46:24.821+0000] {logging_mixin.py:188} INFO - [2025-07-14T12:46:24.820+0000] {dagbag.py:538} INFO - Filling up the DagBag from /home/airflow/.local/lib/python3.8/site-packages/airflow/example_dags/example_sensors.py
[2025-07-14T12:46:24.841+0000] {processor.py:840} INFO - DAG(s) 'example_sensors' retrieved from /home/airflow/.local/lib/python3.8/site-packages/airflow/example_dags/example_sensors.py
[2025-07-14T12:46:24.890+0000] {logging_mixin.py:188} INFO - [2025-07-14T12:46:24.890+0000] {dag.py:3036} INFO - Sync 1 DAGs
[2025-07-14T12:46:24.914+0000] {logging_mixin.py:188} INFO - [2025-07-14T12:46:24.914+0000] {dag.py:3823} INFO - Setting next_dagrun for example_sensors to None, run_after=None
[2025-07-14T12:46:24.949+0000] {processor.py:183} INFO - Processing /home/airflow/.local/lib/python3.8/site-packages/airflow/example_dags/example_sensors.py took 0.142 seconds
[2025-07-14T12:46:56.129+0000] {processor.py:161} INFO - Started process (PID=1673) to work on /home/airflow/.local/lib/python3.8/site-packages/airflow/example_dags/example_sensors.py
[2025-07-14T12:46:56.131+0000] {processor.py:830} INFO - Processing file /home/airflow/.local/lib/python3.8/site-packages/airflow/example_dags/example_sensors.py for tasks to queue
[2025-07-14T12:46:56.134+0000] {logging_mixin.py:188} INFO - [2025-07-14T12:46:56.133+0000] {dagbag.py:538} INFO - Filling up the DagBag from /home/airflow/.local/lib/python3.8/site-packages/airflow/example_dags/example_sensors.py
[2025-07-14T12:46:56.151+0000] {processor.py:840} INFO - DAG(s) 'example_sensors' retrieved from /home/airflow/.local/lib/python3.8/site-packages/airflow/example_dags/example_sensors.py
[2025-07-14T12:46:56.195+0000] {logging_mixin.py:188} INFO - [2025-07-14T12:46:56.195+0000] {dag.py:3036} INFO - Sync 1 DAGs
[2025-07-14T12:46:56.215+0000] {logging_mixin.py:188} INFO - [2025-07-14T12:46:56.214+0000] {dag.py:3823} INFO - Setting next_dagrun for example_sensors to None, run_after=None
[2025-07-14T12:46:56.246+0000] {processor.py:183} INFO - Processing /home/airflow/.local/lib/python3.8/site-packages/airflow/example_dags/example_sensors.py took 0.122 seconds
[2025-07-14T12:47:29.075+0000] {processor.py:161} INFO - Started process (PID=1733) to work on /home/airflow/.local/lib/python3.8/site-packages/airflow/example_dags/example_sensors.py
[2025-07-14T12:47:29.079+0000] {processor.py:830} INFO - Processing file /home/airflow/.local/lib/python3.8/site-packages/airflow/example_dags/example_sensors.py for tasks to queue
[2025-07-14T12:47:29.173+0000] {logging_mixin.py:188} INFO - [2025-07-14T12:47:29.088+0000] {dagbag.py:538} INFO - Filling up the DagBag from /home/airflow/.local/lib/python3.8/site-packages/airflow/example_dags/example_sensors.py
[2025-07-14T12:47:29.229+0000] {processor.py:840} INFO - DAG(s) 'example_sensors' retrieved from /home/airflow/.local/lib/python3.8/site-packages/airflow/example_dags/example_sensors.py
[2025-07-14T12:47:29.323+0000] {logging_mixin.py:188} INFO - [2025-07-14T12:47:29.322+0000] {dag.py:3036} INFO - Sync 1 DAGs
[2025-07-14T12:47:29.356+0000] {logging_mixin.py:188} INFO - [2025-07-14T12:47:29.356+0000] {dag.py:3823} INFO - Setting next_dagrun for example_sensors to None, run_after=None
[2025-07-14T12:47:29.441+0000] {processor.py:183} INFO - Processing /home/airflow/.local/lib/python3.8/site-packages/airflow/example_dags/example_sensors.py took 0.383 seconds
[2025-07-14T12:48:00.047+0000] {processor.py:161} INFO - Started process (PID=1792) to work on /home/airflow/.local/lib/python3.8/site-packages/airflow/example_dags/example_sensors.py
[2025-07-14T12:48:00.048+0000] {processor.py:830} INFO - Processing file /home/airflow/.local/lib/python3.8/site-packages/airflow/example_dags/example_sensors.py for tasks to queue
[2025-07-14T12:48:00.055+0000] {logging_mixin.py:188} INFO - [2025-07-14T12:48:00.055+0000] {dagbag.py:538} INFO - Filling up the DagBag from /home/airflow/.local/lib/python3.8/site-packages/airflow/example_dags/example_sensors.py
[2025-07-14T12:48:00.076+0000] {processor.py:840} INFO - DAG(s) 'example_sensors' retrieved from /home/airflow/.local/lib/python3.8/site-packages/airflow/example_dags/example_sensors.py
[2025-07-14T12:48:00.141+0000] {logging_mixin.py:188} INFO - [2025-07-14T12:48:00.140+0000] {dag.py:3036} INFO - Sync 1 DAGs
[2025-07-14T12:48:00.169+0000] {logging_mixin.py:188} INFO - [2025-07-14T12:48:00.169+0000] {dag.py:3823} INFO - Setting next_dagrun for example_sensors to None, run_after=None
[2025-07-14T12:48:00.206+0000] {processor.py:183} INFO - Processing /home/airflow/.local/lib/python3.8/site-packages/airflow/example_dags/example_sensors.py took 0.165 seconds
[2025-07-14T12:48:31.639+0000] {processor.py:161} INFO - Started process (PID=1852) to work on /home/airflow/.local/lib/python3.8/site-packages/airflow/example_dags/example_sensors.py
[2025-07-14T12:48:31.641+0000] {processor.py:830} INFO - Processing file /home/airflow/.local/lib/python3.8/site-packages/airflow/example_dags/example_sensors.py for tasks to queue
[2025-07-14T12:48:31.645+0000] {logging_mixin.py:188} INFO - [2025-07-14T12:48:31.644+0000] {dagbag.py:538} INFO - Filling up the DagBag from /home/airflow/.local/lib/python3.8/site-packages/airflow/example_dags/example_sensors.py
[2025-07-14T12:48:31.664+0000] {processor.py:840} INFO - DAG(s) 'example_sensors' retrieved from /home/airflow/.local/lib/python3.8/site-packages/airflow/example_dags/example_sensors.py
[2025-07-14T12:48:31.726+0000] {logging_mixin.py:188} INFO - [2025-07-14T12:48:31.726+0000] {dag.py:3036} INFO - Sync 1 DAGs
[2025-07-14T12:48:31.760+0000] {logging_mixin.py:188} INFO - [2025-07-14T12:48:31.760+0000] {dag.py:3823} INFO - Setting next_dagrun for example_sensors to None, run_after=None
[2025-07-14T12:48:31.807+0000] {processor.py:183} INFO - Processing /home/airflow/.local/lib/python3.8/site-packages/airflow/example_dags/example_sensors.py took 0.175 seconds
[2025-07-14T12:49:06.571+0000] {processor.py:161} INFO - Started process (PID=1913) to work on /home/airflow/.local/lib/python3.8/site-packages/airflow/example_dags/example_sensors.py
[2025-07-14T12:49:06.584+0000] {processor.py:830} INFO - Processing file /home/airflow/.local/lib/python3.8/site-packages/airflow/example_dags/example_sensors.py for tasks to queue
[2025-07-14T12:49:06.621+0000] {logging_mixin.py:188} INFO - [2025-07-14T12:49:06.620+0000] {dagbag.py:538} INFO - Filling up the DagBag from /home/airflow/.local/lib/python3.8/site-packages/airflow/example_dags/example_sensors.py
[2025-07-14T12:49:06.949+0000] {processor.py:840} INFO - DAG(s) 'example_sensors' retrieved from /home/airflow/.local/lib/python3.8/site-packages/airflow/example_dags/example_sensors.py
[2025-07-14T12:49:07.156+0000] {logging_mixin.py:188} INFO - [2025-07-14T12:49:07.155+0000] {dag.py:3036} INFO - Sync 1 DAGs
[2025-07-14T12:49:07.239+0000] {logging_mixin.py:188} INFO - [2025-07-14T12:49:07.239+0000] {dag.py:3823} INFO - Setting next_dagrun for example_sensors to None, run_after=None
[2025-07-14T12:49:07.285+0000] {processor.py:183} INFO - Processing /home/airflow/.local/lib/python3.8/site-packages/airflow/example_dags/example_sensors.py took 0.729 seconds
[2025-07-14T12:49:37.552+0000] {processor.py:161} INFO - Started process (PID=1973) to work on /home/airflow/.local/lib/python3.8/site-packages/airflow/example_dags/example_sensors.py
[2025-07-14T12:49:37.555+0000] {processor.py:830} INFO - Processing file /home/airflow/.local/lib/python3.8/site-packages/airflow/example_dags/example_sensors.py for tasks to queue
[2025-07-14T12:49:37.558+0000] {logging_mixin.py:188} INFO - [2025-07-14T12:49:37.558+0000] {dagbag.py:538} INFO - Filling up the DagBag from /home/airflow/.local/lib/python3.8/site-packages/airflow/example_dags/example_sensors.py
[2025-07-14T12:49:37.580+0000] {processor.py:840} INFO - DAG(s) 'example_sensors' retrieved from /home/airflow/.local/lib/python3.8/site-packages/airflow/example_dags/example_sensors.py
[2025-07-14T12:49:37.646+0000] {logging_mixin.py:188} INFO - [2025-07-14T12:49:37.645+0000] {dag.py:3036} INFO - Sync 1 DAGs
[2025-07-14T12:49:37.680+0000] {logging_mixin.py:188} INFO - [2025-07-14T12:49:37.680+0000] {dag.py:3823} INFO - Setting next_dagrun for example_sensors to None, run_after=None
[2025-07-14T12:49:37.728+0000] {processor.py:183} INFO - Processing /home/airflow/.local/lib/python3.8/site-packages/airflow/example_dags/example_sensors.py took 0.182 seconds
[2025-07-14T12:50:08.125+0000] {processor.py:161} INFO - Started process (PID=2033) to work on /home/airflow/.local/lib/python3.8/site-packages/airflow/example_dags/example_sensors.py
[2025-07-14T12:50:08.128+0000] {processor.py:830} INFO - Processing file /home/airflow/.local/lib/python3.8/site-packages/airflow/example_dags/example_sensors.py for tasks to queue
[2025-07-14T12:50:08.133+0000] {logging_mixin.py:188} INFO - [2025-07-14T12:50:08.133+0000] {dagbag.py:538} INFO - Filling up the DagBag from /home/airflow/.local/lib/python3.8/site-packages/airflow/example_dags/example_sensors.py
[2025-07-14T12:50:08.163+0000] {processor.py:840} INFO - DAG(s) 'example_sensors' retrieved from /home/airflow/.local/lib/python3.8/site-packages/airflow/example_dags/example_sensors.py
[2025-07-14T12:50:08.233+0000] {logging_mixin.py:188} INFO - [2025-07-14T12:50:08.232+0000] {dag.py:3036} INFO - Sync 1 DAGs
[2025-07-14T12:50:08.268+0000] {logging_mixin.py:188} INFO - [2025-07-14T12:50:08.268+0000] {dag.py:3823} INFO - Setting next_dagrun for example_sensors to None, run_after=None
[2025-07-14T12:50:08.325+0000] {processor.py:183} INFO - Processing /home/airflow/.local/lib/python3.8/site-packages/airflow/example_dags/example_sensors.py took 0.206 seconds
[2025-07-14T12:50:38.700+0000] {processor.py:161} INFO - Started process (PID=2092) to work on /home/airflow/.local/lib/python3.8/site-packages/airflow/example_dags/example_sensors.py
[2025-07-14T12:50:38.702+0000] {processor.py:830} INFO - Processing file /home/airflow/.local/lib/python3.8/site-packages/airflow/example_dags/example_sensors.py for tasks to queue
[2025-07-14T12:50:38.706+0000] {logging_mixin.py:188} INFO - [2025-07-14T12:50:38.705+0000] {dagbag.py:538} INFO - Filling up the DagBag from /home/airflow/.local/lib/python3.8/site-packages/airflow/example_dags/example_sensors.py
[2025-07-14T12:50:38.726+0000] {processor.py:840} INFO - DAG(s) 'example_sensors' retrieved from /home/airflow/.local/lib/python3.8/site-packages/airflow/example_dags/example_sensors.py
[2025-07-14T12:50:38.791+0000] {logging_mixin.py:188} INFO - [2025-07-14T12:50:38.791+0000] {dag.py:3036} INFO - Sync 1 DAGs
[2025-07-14T12:50:38.824+0000] {logging_mixin.py:188} INFO - [2025-07-14T12:50:38.823+0000] {dag.py:3823} INFO - Setting next_dagrun for example_sensors to None, run_after=None
[2025-07-14T12:50:38.870+0000] {processor.py:183} INFO - Processing /home/airflow/.local/lib/python3.8/site-packages/airflow/example_dags/example_sensors.py took 0.176 seconds
[2025-07-14T12:51:09.662+0000] {processor.py:161} INFO - Started process (PID=2151) to work on /home/airflow/.local/lib/python3.8/site-packages/airflow/example_dags/example_sensors.py
[2025-07-14T12:51:09.664+0000] {processor.py:830} INFO - Processing file /home/airflow/.local/lib/python3.8/site-packages/airflow/example_dags/example_sensors.py for tasks to queue
[2025-07-14T12:51:09.668+0000] {logging_mixin.py:188} INFO - [2025-07-14T12:51:09.668+0000] {dagbag.py:538} INFO - Filling up the DagBag from /home/airflow/.local/lib/python3.8/site-packages/airflow/example_dags/example_sensors.py
[2025-07-14T12:51:09.691+0000] {processor.py:840} INFO - DAG(s) 'example_sensors' retrieved from /home/airflow/.local/lib/python3.8/site-packages/airflow/example_dags/example_sensors.py
[2025-07-14T12:51:09.748+0000] {logging_mixin.py:188} INFO - [2025-07-14T12:51:09.748+0000] {dag.py:3036} INFO - Sync 1 DAGs
[2025-07-14T12:51:09.782+0000] {logging_mixin.py:188} INFO - [2025-07-14T12:51:09.781+0000] {dag.py:3823} INFO - Setting next_dagrun for example_sensors to None, run_after=None
[2025-07-14T12:51:09.838+0000] {processor.py:183} INFO - Processing /home/airflow/.local/lib/python3.8/site-packages/airflow/example_dags/example_sensors.py took 0.182 seconds
[2025-07-14T12:51:41.078+0000] {processor.py:161} INFO - Started process (PID=2208) to work on /home/airflow/.local/lib/python3.8/site-packages/airflow/example_dags/example_sensors.py
[2025-07-14T12:51:41.082+0000] {processor.py:830} INFO - Processing file /home/airflow/.local/lib/python3.8/site-packages/airflow/example_dags/example_sensors.py for tasks to queue
[2025-07-14T12:51:41.087+0000] {logging_mixin.py:188} INFO - [2025-07-14T12:51:41.087+0000] {dagbag.py:538} INFO - Filling up the DagBag from /home/airflow/.local/lib/python3.8/site-packages/airflow/example_dags/example_sensors.py
[2025-07-14T12:51:41.126+0000] {processor.py:840} INFO - DAG(s) 'example_sensors' retrieved from /home/airflow/.local/lib/python3.8/site-packages/airflow/example_dags/example_sensors.py
[2025-07-14T12:51:41.345+0000] {logging_mixin.py:188} INFO - [2025-07-14T12:51:41.345+0000] {dag.py:3036} INFO - Sync 1 DAGs
[2025-07-14T12:51:41.388+0000] {logging_mixin.py:188} INFO - [2025-07-14T12:51:41.387+0000] {dag.py:3823} INFO - Setting next_dagrun for example_sensors to None, run_after=None
[2025-07-14T12:51:41.472+0000] {processor.py:183} INFO - Processing /home/airflow/.local/lib/python3.8/site-packages/airflow/example_dags/example_sensors.py took 0.400 seconds
[2025-07-14T12:52:11.630+0000] {processor.py:161} INFO - Started process (PID=2267) to work on /home/airflow/.local/lib/python3.8/site-packages/airflow/example_dags/example_sensors.py
[2025-07-14T12:52:11.631+0000] {processor.py:830} INFO - Processing file /home/airflow/.local/lib/python3.8/site-packages/airflow/example_dags/example_sensors.py for tasks to queue
[2025-07-14T12:52:11.634+0000] {logging_mixin.py:188} INFO - [2025-07-14T12:52:11.633+0000] {dagbag.py:538} INFO - Filling up the DagBag from /home/airflow/.local/lib/python3.8/site-packages/airflow/example_dags/example_sensors.py
[2025-07-14T12:52:11.647+0000] {processor.py:840} INFO - DAG(s) 'example_sensors' retrieved from /home/airflow/.local/lib/python3.8/site-packages/airflow/example_dags/example_sensors.py
[2025-07-14T12:52:11.689+0000] {logging_mixin.py:188} INFO - [2025-07-14T12:52:11.689+0000] {dag.py:3036} INFO - Sync 1 DAGs
[2025-07-14T12:52:11.708+0000] {logging_mixin.py:188} INFO - [2025-07-14T12:52:11.708+0000] {dag.py:3823} INFO - Setting next_dagrun for example_sensors to None, run_after=None
[2025-07-14T12:52:11.746+0000] {processor.py:183} INFO - Processing /home/airflow/.local/lib/python3.8/site-packages/airflow/example_dags/example_sensors.py took 0.125 seconds
[2025-07-14T12:52:41.907+0000] {processor.py:161} INFO - Started process (PID=2327) to work on /home/airflow/.local/lib/python3.8/site-packages/airflow/example_dags/example_sensors.py
[2025-07-14T12:52:41.908+0000] {processor.py:830} INFO - Processing file /home/airflow/.local/lib/python3.8/site-packages/airflow/example_dags/example_sensors.py for tasks to queue
[2025-07-14T12:52:41.911+0000] {logging_mixin.py:188} INFO - [2025-07-14T12:52:41.911+0000] {dagbag.py:538} INFO - Filling up the DagBag from /home/airflow/.local/lib/python3.8/site-packages/airflow/example_dags/example_sensors.py
[2025-07-14T12:52:41.930+0000] {processor.py:840} INFO - DAG(s) 'example_sensors' retrieved from /home/airflow/.local/lib/python3.8/site-packages/airflow/example_dags/example_sensors.py
[2025-07-14T12:52:41.986+0000] {logging_mixin.py:188} INFO - [2025-07-14T12:52:41.986+0000] {dag.py:3036} INFO - Sync 1 DAGs
[2025-07-14T12:52:42.011+0000] {logging_mixin.py:188} INFO - [2025-07-14T12:52:42.009+0000] {dag.py:3823} INFO - Setting next_dagrun for example_sensors to None, run_after=None
[2025-07-14T12:52:42.058+0000] {processor.py:183} INFO - Processing /home/airflow/.local/lib/python3.8/site-packages/airflow/example_dags/example_sensors.py took 0.157 seconds
[2025-07-14T12:53:12.663+0000] {processor.py:161} INFO - Started process (PID=2387) to work on /home/airflow/.local/lib/python3.8/site-packages/airflow/example_dags/example_sensors.py
[2025-07-14T12:53:12.665+0000] {processor.py:830} INFO - Processing file /home/airflow/.local/lib/python3.8/site-packages/airflow/example_dags/example_sensors.py for tasks to queue
[2025-07-14T12:53:12.675+0000] {logging_mixin.py:188} INFO - [2025-07-14T12:53:12.675+0000] {dagbag.py:538} INFO - Filling up the DagBag from /home/airflow/.local/lib/python3.8/site-packages/airflow/example_dags/example_sensors.py
[2025-07-14T12:53:12.809+0000] {processor.py:840} INFO - DAG(s) 'example_sensors' retrieved from /home/airflow/.local/lib/python3.8/site-packages/airflow/example_dags/example_sensors.py
[2025-07-14T12:53:12.886+0000] {logging_mixin.py:188} INFO - [2025-07-14T12:53:12.885+0000] {dag.py:3036} INFO - Sync 1 DAGs
[2025-07-14T12:53:12.946+0000] {logging_mixin.py:188} INFO - [2025-07-14T12:53:12.944+0000] {dag.py:3823} INFO - Setting next_dagrun for example_sensors to None, run_after=None
[2025-07-14T12:53:12.998+0000] {processor.py:183} INFO - Processing /home/airflow/.local/lib/python3.8/site-packages/airflow/example_dags/example_sensors.py took 0.345 seconds
[2025-07-14T12:53:43.683+0000] {processor.py:161} INFO - Started process (PID=2446) to work on /home/airflow/.local/lib/python3.8/site-packages/airflow/example_dags/example_sensors.py
[2025-07-14T12:53:43.686+0000] {processor.py:830} INFO - Processing file /home/airflow/.local/lib/python3.8/site-packages/airflow/example_dags/example_sensors.py for tasks to queue
[2025-07-14T12:53:43.690+0000] {logging_mixin.py:188} INFO - [2025-07-14T12:53:43.689+0000] {dagbag.py:538} INFO - Filling up the DagBag from /home/airflow/.local/lib/python3.8/site-packages/airflow/example_dags/example_sensors.py
[2025-07-14T12:53:43.717+0000] {processor.py:840} INFO - DAG(s) 'example_sensors' retrieved from /home/airflow/.local/lib/python3.8/site-packages/airflow/example_dags/example_sensors.py
[2025-07-14T12:53:43.786+0000] {logging_mixin.py:188} INFO - [2025-07-14T12:53:43.785+0000] {dag.py:3036} INFO - Sync 1 DAGs
[2025-07-14T12:53:43.838+0000] {logging_mixin.py:188} INFO - [2025-07-14T12:53:43.838+0000] {dag.py:3823} INFO - Setting next_dagrun for example_sensors to None, run_after=None
[2025-07-14T12:53:43.900+0000] {processor.py:183} INFO - Processing /home/airflow/.local/lib/python3.8/site-packages/airflow/example_dags/example_sensors.py took 0.222 seconds
[2025-07-14T12:54:14.754+0000] {processor.py:161} INFO - Started process (PID=2506) to work on /home/airflow/.local/lib/python3.8/site-packages/airflow/example_dags/example_sensors.py
[2025-07-14T12:54:14.757+0000] {processor.py:830} INFO - Processing file /home/airflow/.local/lib/python3.8/site-packages/airflow/example_dags/example_sensors.py for tasks to queue
[2025-07-14T12:54:14.765+0000] {logging_mixin.py:188} INFO - [2025-07-14T12:54:14.765+0000] {dagbag.py:538} INFO - Filling up the DagBag from /home/airflow/.local/lib/python3.8/site-packages/airflow/example_dags/example_sensors.py
[2025-07-14T12:54:14.784+0000] {processor.py:840} INFO - DAG(s) 'example_sensors' retrieved from /home/airflow/.local/lib/python3.8/site-packages/airflow/example_dags/example_sensors.py
[2025-07-14T12:54:14.845+0000] {logging_mixin.py:188} INFO - [2025-07-14T12:54:14.844+0000] {dag.py:3036} INFO - Sync 1 DAGs
[2025-07-14T12:54:14.868+0000] {logging_mixin.py:188} INFO - [2025-07-14T12:54:14.868+0000] {dag.py:3823} INFO - Setting next_dagrun for example_sensors to None, run_after=None
[2025-07-14T12:54:14.906+0000] {processor.py:183} INFO - Processing /home/airflow/.local/lib/python3.8/site-packages/airflow/example_dags/example_sensors.py took 0.158 seconds
[2025-07-14T12:54:45.468+0000] {processor.py:161} INFO - Started process (PID=2567) to work on /home/airflow/.local/lib/python3.8/site-packages/airflow/example_dags/example_sensors.py
[2025-07-14T12:54:45.473+0000] {processor.py:830} INFO - Processing file /home/airflow/.local/lib/python3.8/site-packages/airflow/example_dags/example_sensors.py for tasks to queue
[2025-07-14T12:54:45.481+0000] {logging_mixin.py:188} INFO - [2025-07-14T12:54:45.479+0000] {dagbag.py:538} INFO - Filling up the DagBag from /home/airflow/.local/lib/python3.8/site-packages/airflow/example_dags/example_sensors.py
[2025-07-14T12:54:45.511+0000] {processor.py:840} INFO - DAG(s) 'example_sensors' retrieved from /home/airflow/.local/lib/python3.8/site-packages/airflow/example_dags/example_sensors.py
[2025-07-14T12:54:45.658+0000] {logging_mixin.py:188} INFO - [2025-07-14T12:54:45.657+0000] {dag.py:3036} INFO - Sync 1 DAGs
[2025-07-14T12:54:45.701+0000] {logging_mixin.py:188} INFO - [2025-07-14T12:54:45.701+0000] {dag.py:3823} INFO - Setting next_dagrun for example_sensors to None, run_after=None
[2025-07-14T12:54:45.799+0000] {processor.py:183} INFO - Processing /home/airflow/.local/lib/python3.8/site-packages/airflow/example_dags/example_sensors.py took 0.341 seconds
[2025-07-14T12:55:16.014+0000] {processor.py:161} INFO - Started process (PID=2627) to work on /home/airflow/.local/lib/python3.8/site-packages/airflow/example_dags/example_sensors.py
[2025-07-14T12:55:16.018+0000] {processor.py:830} INFO - Processing file /home/airflow/.local/lib/python3.8/site-packages/airflow/example_dags/example_sensors.py for tasks to queue
[2025-07-14T12:55:16.026+0000] {logging_mixin.py:188} INFO - [2025-07-14T12:55:16.025+0000] {dagbag.py:538} INFO - Filling up the DagBag from /home/airflow/.local/lib/python3.8/site-packages/airflow/example_dags/example_sensors.py
[2025-07-14T12:55:16.052+0000] {processor.py:840} INFO - DAG(s) 'example_sensors' retrieved from /home/airflow/.local/lib/python3.8/site-packages/airflow/example_dags/example_sensors.py
[2025-07-14T12:55:16.143+0000] {logging_mixin.py:188} INFO - [2025-07-14T12:55:16.143+0000] {dag.py:3036} INFO - Sync 1 DAGs
[2025-07-14T12:55:16.179+0000] {logging_mixin.py:188} INFO - [2025-07-14T12:55:16.178+0000] {dag.py:3823} INFO - Setting next_dagrun for example_sensors to None, run_after=None
[2025-07-14T12:55:16.239+0000] {processor.py:183} INFO - Processing /home/airflow/.local/lib/python3.8/site-packages/airflow/example_dags/example_sensors.py took 0.233 seconds
[2025-07-14T12:55:46.622+0000] {processor.py:161} INFO - Started process (PID=2686) to work on /home/airflow/.local/lib/python3.8/site-packages/airflow/example_dags/example_sensors.py
[2025-07-14T12:55:46.629+0000] {processor.py:830} INFO - Processing file /home/airflow/.local/lib/python3.8/site-packages/airflow/example_dags/example_sensors.py for tasks to queue
[2025-07-14T12:55:46.637+0000] {logging_mixin.py:188} INFO - [2025-07-14T12:55:46.635+0000] {dagbag.py:538} INFO - Filling up the DagBag from /home/airflow/.local/lib/python3.8/site-packages/airflow/example_dags/example_sensors.py
[2025-07-14T12:55:46.680+0000] {processor.py:840} INFO - DAG(s) 'example_sensors' retrieved from /home/airflow/.local/lib/python3.8/site-packages/airflow/example_dags/example_sensors.py
[2025-07-14T12:55:46.786+0000] {logging_mixin.py:188} INFO - [2025-07-14T12:55:46.782+0000] {dag.py:3036} INFO - Sync 1 DAGs
[2025-07-14T12:55:46.827+0000] {logging_mixin.py:188} INFO - [2025-07-14T12:55:46.827+0000] {dag.py:3823} INFO - Setting next_dagrun for example_sensors to None, run_after=None
[2025-07-14T12:55:46.888+0000] {processor.py:183} INFO - Processing /home/airflow/.local/lib/python3.8/site-packages/airflow/example_dags/example_sensors.py took 0.274 seconds
[2025-07-14T12:56:17.562+0000] {processor.py:161} INFO - Started process (PID=2746) to work on /home/airflow/.local/lib/python3.8/site-packages/airflow/example_dags/example_sensors.py
[2025-07-14T12:56:17.565+0000] {processor.py:830} INFO - Processing file /home/airflow/.local/lib/python3.8/site-packages/airflow/example_dags/example_sensors.py for tasks to queue
[2025-07-14T12:56:17.570+0000] {logging_mixin.py:188} INFO - [2025-07-14T12:56:17.570+0000] {dagbag.py:538} INFO - Filling up the DagBag from /home/airflow/.local/lib/python3.8/site-packages/airflow/example_dags/example_sensors.py
[2025-07-14T12:56:17.593+0000] {processor.py:840} INFO - DAG(s) 'example_sensors' retrieved from /home/airflow/.local/lib/python3.8/site-packages/airflow/example_dags/example_sensors.py
[2025-07-14T12:56:17.678+0000] {logging_mixin.py:188} INFO - [2025-07-14T12:56:17.678+0000] {dag.py:3036} INFO - Sync 1 DAGs
[2025-07-14T12:56:17.720+0000] {logging_mixin.py:188} INFO - [2025-07-14T12:56:17.719+0000] {dag.py:3823} INFO - Setting next_dagrun for example_sensors to None, run_after=None
[2025-07-14T12:56:17.779+0000] {processor.py:183} INFO - Processing /home/airflow/.local/lib/python3.8/site-packages/airflow/example_dags/example_sensors.py took 0.223 seconds
[2025-07-14T12:56:48.831+0000] {processor.py:161} INFO - Started process (PID=2806) to work on /home/airflow/.local/lib/python3.8/site-packages/airflow/example_dags/example_sensors.py
[2025-07-14T12:56:48.834+0000] {processor.py:830} INFO - Processing file /home/airflow/.local/lib/python3.8/site-packages/airflow/example_dags/example_sensors.py for tasks to queue
[2025-07-14T12:56:48.837+0000] {logging_mixin.py:188} INFO - [2025-07-14T12:56:48.837+0000] {dagbag.py:538} INFO - Filling up the DagBag from /home/airflow/.local/lib/python3.8/site-packages/airflow/example_dags/example_sensors.py
[2025-07-14T12:56:48.860+0000] {processor.py:840} INFO - DAG(s) 'example_sensors' retrieved from /home/airflow/.local/lib/python3.8/site-packages/airflow/example_dags/example_sensors.py
[2025-07-14T12:56:48.947+0000] {logging_mixin.py:188} INFO - [2025-07-14T12:56:48.947+0000] {dag.py:3036} INFO - Sync 1 DAGs
[2025-07-14T12:56:49.148+0000] {logging_mixin.py:188} INFO - [2025-07-14T12:56:49.147+0000] {dag.py:3823} INFO - Setting next_dagrun for example_sensors to None, run_after=None
[2025-07-14T12:56:49.214+0000] {processor.py:183} INFO - Processing /home/airflow/.local/lib/python3.8/site-packages/airflow/example_dags/example_sensors.py took 0.391 seconds
[2025-07-14T12:57:19.781+0000] {processor.py:161} INFO - Started process (PID=2867) to work on /home/airflow/.local/lib/python3.8/site-packages/airflow/example_dags/example_sensors.py
[2025-07-14T12:57:19.785+0000] {processor.py:830} INFO - Processing file /home/airflow/.local/lib/python3.8/site-packages/airflow/example_dags/example_sensors.py for tasks to queue
[2025-07-14T12:57:19.790+0000] {logging_mixin.py:188} INFO - [2025-07-14T12:57:19.789+0000] {dagbag.py:538} INFO - Filling up the DagBag from /home/airflow/.local/lib/python3.8/site-packages/airflow/example_dags/example_sensors.py
[2025-07-14T12:57:19.813+0000] {processor.py:840} INFO - DAG(s) 'example_sensors' retrieved from /home/airflow/.local/lib/python3.8/site-packages/airflow/example_dags/example_sensors.py
[2025-07-14T12:57:19.862+0000] {logging_mixin.py:188} INFO - [2025-07-14T12:57:19.861+0000] {dag.py:3036} INFO - Sync 1 DAGs
[2025-07-14T12:57:19.887+0000] {logging_mixin.py:188} INFO - [2025-07-14T12:57:19.886+0000] {dag.py:3823} INFO - Setting next_dagrun for example_sensors to None, run_after=None
[2025-07-14T12:57:19.932+0000] {processor.py:183} INFO - Processing /home/airflow/.local/lib/python3.8/site-packages/airflow/example_dags/example_sensors.py took 0.159 seconds
[2025-07-14T12:57:50.422+0000] {processor.py:161} INFO - Started process (PID=2925) to work on /home/airflow/.local/lib/python3.8/site-packages/airflow/example_dags/example_sensors.py
[2025-07-14T12:57:50.424+0000] {processor.py:830} INFO - Processing file /home/airflow/.local/lib/python3.8/site-packages/airflow/example_dags/example_sensors.py for tasks to queue
[2025-07-14T12:57:50.427+0000] {logging_mixin.py:188} INFO - [2025-07-14T12:57:50.427+0000] {dagbag.py:538} INFO - Filling up the DagBag from /home/airflow/.local/lib/python3.8/site-packages/airflow/example_dags/example_sensors.py
[2025-07-14T12:57:50.449+0000] {processor.py:840} INFO - DAG(s) 'example_sensors' retrieved from /home/airflow/.local/lib/python3.8/site-packages/airflow/example_dags/example_sensors.py
[2025-07-14T12:57:50.506+0000] {logging_mixin.py:188} INFO - [2025-07-14T12:57:50.505+0000] {dag.py:3036} INFO - Sync 1 DAGs
[2025-07-14T12:57:50.534+0000] {logging_mixin.py:188} INFO - [2025-07-14T12:57:50.533+0000] {dag.py:3823} INFO - Setting next_dagrun for example_sensors to None, run_after=None
[2025-07-14T12:57:50.576+0000] {processor.py:183} INFO - Processing /home/airflow/.local/lib/python3.8/site-packages/airflow/example_dags/example_sensors.py took 0.159 seconds
[2025-07-14T12:58:21.610+0000] {processor.py:161} INFO - Started process (PID=2990) to work on /home/airflow/.local/lib/python3.8/site-packages/airflow/example_dags/example_sensors.py
[2025-07-14T12:58:21.612+0000] {processor.py:830} INFO - Processing file /home/airflow/.local/lib/python3.8/site-packages/airflow/example_dags/example_sensors.py for tasks to queue
[2025-07-14T12:58:21.615+0000] {logging_mixin.py:188} INFO - [2025-07-14T12:58:21.615+0000] {dagbag.py:538} INFO - Filling up the DagBag from /home/airflow/.local/lib/python3.8/site-packages/airflow/example_dags/example_sensors.py
[2025-07-14T12:58:21.712+0000] {processor.py:840} INFO - DAG(s) 'example_sensors' retrieved from /home/airflow/.local/lib/python3.8/site-packages/airflow/example_dags/example_sensors.py
[2025-07-14T12:58:22.021+0000] {logging_mixin.py:188} INFO - [2025-07-14T12:58:22.020+0000] {dag.py:3036} INFO - Sync 1 DAGs
[2025-07-14T12:58:22.039+0000] {logging_mixin.py:188} INFO - [2025-07-14T12:58:22.039+0000] {dag.py:3823} INFO - Setting next_dagrun for example_sensors to None, run_after=None
[2025-07-14T12:58:22.086+0000] {processor.py:183} INFO - Processing /home/airflow/.local/lib/python3.8/site-packages/airflow/example_dags/example_sensors.py took 0.492 seconds
[2025-07-14T12:58:52.168+0000] {processor.py:161} INFO - Started process (PID=3048) to work on /home/airflow/.local/lib/python3.8/site-packages/airflow/example_dags/example_sensors.py
[2025-07-14T12:58:52.170+0000] {processor.py:830} INFO - Processing file /home/airflow/.local/lib/python3.8/site-packages/airflow/example_dags/example_sensors.py for tasks to queue
[2025-07-14T12:58:52.175+0000] {logging_mixin.py:188} INFO - [2025-07-14T12:58:52.174+0000] {dagbag.py:538} INFO - Filling up the DagBag from /home/airflow/.local/lib/python3.8/site-packages/airflow/example_dags/example_sensors.py
[2025-07-14T12:58:52.199+0000] {processor.py:840} INFO - DAG(s) 'example_sensors' retrieved from /home/airflow/.local/lib/python3.8/site-packages/airflow/example_dags/example_sensors.py
[2025-07-14T12:58:52.263+0000] {logging_mixin.py:188} INFO - [2025-07-14T12:58:52.263+0000] {dag.py:3036} INFO - Sync 1 DAGs
[2025-07-14T12:58:52.567+0000] {logging_mixin.py:188} INFO - [2025-07-14T12:58:52.567+0000] {dag.py:3823} INFO - Setting next_dagrun for example_sensors to None, run_after=None
[2025-07-14T12:58:52.674+0000] {processor.py:183} INFO - Processing /home/airflow/.local/lib/python3.8/site-packages/airflow/example_dags/example_sensors.py took 0.518 seconds
[2025-07-14T12:59:22.886+0000] {processor.py:161} INFO - Started process (PID=3108) to work on /home/airflow/.local/lib/python3.8/site-packages/airflow/example_dags/example_sensors.py
[2025-07-14T12:59:22.889+0000] {processor.py:830} INFO - Processing file /home/airflow/.local/lib/python3.8/site-packages/airflow/example_dags/example_sensors.py for tasks to queue
[2025-07-14T12:59:22.894+0000] {logging_mixin.py:188} INFO - [2025-07-14T12:59:22.893+0000] {dagbag.py:538} INFO - Filling up the DagBag from /home/airflow/.local/lib/python3.8/site-packages/airflow/example_dags/example_sensors.py
[2025-07-14T12:59:22.914+0000] {processor.py:840} INFO - DAG(s) 'example_sensors' retrieved from /home/airflow/.local/lib/python3.8/site-packages/airflow/example_dags/example_sensors.py
[2025-07-14T12:59:22.978+0000] {logging_mixin.py:188} INFO - [2025-07-14T12:59:22.978+0000] {dag.py:3036} INFO - Sync 1 DAGs
[2025-07-14T12:59:23.009+0000] {logging_mixin.py:188} INFO - [2025-07-14T12:59:23.009+0000] {dag.py:3823} INFO - Setting next_dagrun for example_sensors to None, run_after=None
[2025-07-14T12:59:23.049+0000] {processor.py:183} INFO - Processing /home/airflow/.local/lib/python3.8/site-packages/airflow/example_dags/example_sensors.py took 0.169 seconds
[2025-07-14T12:59:53.125+0000] {processor.py:161} INFO - Started process (PID=3165) to work on /home/airflow/.local/lib/python3.8/site-packages/airflow/example_dags/example_sensors.py
[2025-07-14T12:59:53.127+0000] {processor.py:830} INFO - Processing file /home/airflow/.local/lib/python3.8/site-packages/airflow/example_dags/example_sensors.py for tasks to queue
[2025-07-14T12:59:53.130+0000] {logging_mixin.py:188} INFO - [2025-07-14T12:59:53.130+0000] {dagbag.py:538} INFO - Filling up the DagBag from /home/airflow/.local/lib/python3.8/site-packages/airflow/example_dags/example_sensors.py
[2025-07-14T12:59:53.151+0000] {processor.py:840} INFO - DAG(s) 'example_sensors' retrieved from /home/airflow/.local/lib/python3.8/site-packages/airflow/example_dags/example_sensors.py
[2025-07-14T12:59:53.219+0000] {logging_mixin.py:188} INFO - [2025-07-14T12:59:53.219+0000] {dag.py:3036} INFO - Sync 1 DAGs
[2025-07-14T12:59:53.249+0000] {logging_mixin.py:188} INFO - [2025-07-14T12:59:53.248+0000] {dag.py:3823} INFO - Setting next_dagrun for example_sensors to None, run_after=None
[2025-07-14T12:59:53.303+0000] {processor.py:183} INFO - Processing /home/airflow/.local/lib/python3.8/site-packages/airflow/example_dags/example_sensors.py took 0.185 seconds
[2025-07-14T13:00:23.605+0000] {processor.py:161} INFO - Started process (PID=3225) to work on /home/airflow/.local/lib/python3.8/site-packages/airflow/example_dags/example_sensors.py
[2025-07-14T13:00:23.614+0000] {processor.py:830} INFO - Processing file /home/airflow/.local/lib/python3.8/site-packages/airflow/example_dags/example_sensors.py for tasks to queue
[2025-07-14T13:00:23.618+0000] {logging_mixin.py:188} INFO - [2025-07-14T13:00:23.617+0000] {dagbag.py:538} INFO - Filling up the DagBag from /home/airflow/.local/lib/python3.8/site-packages/airflow/example_dags/example_sensors.py
[2025-07-14T13:00:23.657+0000] {processor.py:840} INFO - DAG(s) 'example_sensors' retrieved from /home/airflow/.local/lib/python3.8/site-packages/airflow/example_dags/example_sensors.py
[2025-07-14T13:00:23.736+0000] {logging_mixin.py:188} INFO - [2025-07-14T13:00:23.736+0000] {dag.py:3036} INFO - Sync 1 DAGs
[2025-07-14T13:00:23.772+0000] {logging_mixin.py:188} INFO - [2025-07-14T13:00:23.770+0000] {dag.py:3823} INFO - Setting next_dagrun for example_sensors to None, run_after=None
[2025-07-14T13:00:23.839+0000] {processor.py:183} INFO - Processing /home/airflow/.local/lib/python3.8/site-packages/airflow/example_dags/example_sensors.py took 0.240 seconds
[2025-07-14T13:00:53.923+0000] {processor.py:161} INFO - Started process (PID=3285) to work on /home/airflow/.local/lib/python3.8/site-packages/airflow/example_dags/example_sensors.py
[2025-07-14T13:00:53.927+0000] {processor.py:830} INFO - Processing file /home/airflow/.local/lib/python3.8/site-packages/airflow/example_dags/example_sensors.py for tasks to queue
[2025-07-14T13:00:53.931+0000] {logging_mixin.py:188} INFO - [2025-07-14T13:00:53.931+0000] {dagbag.py:538} INFO - Filling up the DagBag from /home/airflow/.local/lib/python3.8/site-packages/airflow/example_dags/example_sensors.py
[2025-07-14T13:00:53.957+0000] {processor.py:840} INFO - DAG(s) 'example_sensors' retrieved from /home/airflow/.local/lib/python3.8/site-packages/airflow/example_dags/example_sensors.py
[2025-07-14T13:00:54.026+0000] {logging_mixin.py:188} INFO - [2025-07-14T13:00:54.025+0000] {dag.py:3036} INFO - Sync 1 DAGs
[2025-07-14T13:00:54.055+0000] {logging_mixin.py:188} INFO - [2025-07-14T13:00:54.055+0000] {dag.py:3823} INFO - Setting next_dagrun for example_sensors to None, run_after=None
[2025-07-14T13:00:54.122+0000] {processor.py:183} INFO - Processing /home/airflow/.local/lib/python3.8/site-packages/airflow/example_dags/example_sensors.py took 0.207 seconds
[2025-07-14T13:01:24.347+0000] {processor.py:161} INFO - Started process (PID=3345) to work on /home/airflow/.local/lib/python3.8/site-packages/airflow/example_dags/example_sensors.py
[2025-07-14T13:01:24.349+0000] {processor.py:830} INFO - Processing file /home/airflow/.local/lib/python3.8/site-packages/airflow/example_dags/example_sensors.py for tasks to queue
[2025-07-14T13:01:24.355+0000] {logging_mixin.py:188} INFO - [2025-07-14T13:01:24.354+0000] {dagbag.py:538} INFO - Filling up the DagBag from /home/airflow/.local/lib/python3.8/site-packages/airflow/example_dags/example_sensors.py
[2025-07-14T13:01:24.379+0000] {processor.py:840} INFO - DAG(s) 'example_sensors' retrieved from /home/airflow/.local/lib/python3.8/site-packages/airflow/example_dags/example_sensors.py
[2025-07-14T13:01:24.424+0000] {logging_mixin.py:188} INFO - [2025-07-14T13:01:24.423+0000] {dag.py:3036} INFO - Sync 1 DAGs
[2025-07-14T13:01:24.441+0000] {logging_mixin.py:188} INFO - [2025-07-14T13:01:24.441+0000] {dag.py:3823} INFO - Setting next_dagrun for example_sensors to None, run_after=None
[2025-07-14T13:01:24.470+0000] {processor.py:183} INFO - Processing /home/airflow/.local/lib/python3.8/site-packages/airflow/example_dags/example_sensors.py took 0.133 seconds
[2025-07-14T13:01:55.238+0000] {processor.py:161} INFO - Started process (PID=3405) to work on /home/airflow/.local/lib/python3.8/site-packages/airflow/example_dags/example_sensors.py
[2025-07-14T13:01:55.241+0000] {processor.py:830} INFO - Processing file /home/airflow/.local/lib/python3.8/site-packages/airflow/example_dags/example_sensors.py for tasks to queue
[2025-07-14T13:01:55.245+0000] {logging_mixin.py:188} INFO - [2025-07-14T13:01:55.245+0000] {dagbag.py:538} INFO - Filling up the DagBag from /home/airflow/.local/lib/python3.8/site-packages/airflow/example_dags/example_sensors.py
[2025-07-14T13:01:55.262+0000] {processor.py:840} INFO - DAG(s) 'example_sensors' retrieved from /home/airflow/.local/lib/python3.8/site-packages/airflow/example_dags/example_sensors.py
[2025-07-14T13:01:55.297+0000] {logging_mixin.py:188} INFO - [2025-07-14T13:01:55.297+0000] {dag.py:3036} INFO - Sync 1 DAGs
[2025-07-14T13:01:55.313+0000] {logging_mixin.py:188} INFO - [2025-07-14T13:01:55.313+0000] {dag.py:3823} INFO - Setting next_dagrun for example_sensors to None, run_after=None
[2025-07-14T13:01:55.343+0000] {processor.py:183} INFO - Processing /home/airflow/.local/lib/python3.8/site-packages/airflow/example_dags/example_sensors.py took 0.111 seconds
[2025-07-14T13:02:26.212+0000] {processor.py:161} INFO - Started process (PID=3465) to work on /home/airflow/.local/lib/python3.8/site-packages/airflow/example_dags/example_sensors.py
[2025-07-14T13:02:26.214+0000] {processor.py:830} INFO - Processing file /home/airflow/.local/lib/python3.8/site-packages/airflow/example_dags/example_sensors.py for tasks to queue
[2025-07-14T13:02:26.220+0000] {logging_mixin.py:188} INFO - [2025-07-14T13:02:26.220+0000] {dagbag.py:538} INFO - Filling up the DagBag from /home/airflow/.local/lib/python3.8/site-packages/airflow/example_dags/example_sensors.py
[2025-07-14T13:02:26.283+0000] {processor.py:840} INFO - DAG(s) 'example_sensors' retrieved from /home/airflow/.local/lib/python3.8/site-packages/airflow/example_dags/example_sensors.py
[2025-07-14T13:02:26.405+0000] {logging_mixin.py:188} INFO - [2025-07-14T13:02:26.404+0000] {dag.py:3036} INFO - Sync 1 DAGs
[2025-07-14T13:02:26.436+0000] {logging_mixin.py:188} INFO - [2025-07-14T13:02:26.436+0000] {dag.py:3823} INFO - Setting next_dagrun for example_sensors to None, run_after=None
[2025-07-14T13:02:26.488+0000] {processor.py:183} INFO - Processing /home/airflow/.local/lib/python3.8/site-packages/airflow/example_dags/example_sensors.py took 0.283 seconds
[2025-07-14T13:02:56.654+0000] {processor.py:161} INFO - Started process (PID=3525) to work on /home/airflow/.local/lib/python3.8/site-packages/airflow/example_dags/example_sensors.py
[2025-07-14T13:02:56.658+0000] {processor.py:830} INFO - Processing file /home/airflow/.local/lib/python3.8/site-packages/airflow/example_dags/example_sensors.py for tasks to queue
[2025-07-14T13:02:56.664+0000] {logging_mixin.py:188} INFO - [2025-07-14T13:02:56.663+0000] {dagbag.py:538} INFO - Filling up the DagBag from /home/airflow/.local/lib/python3.8/site-packages/airflow/example_dags/example_sensors.py
[2025-07-14T13:02:56.684+0000] {processor.py:840} INFO - DAG(s) 'example_sensors' retrieved from /home/airflow/.local/lib/python3.8/site-packages/airflow/example_dags/example_sensors.py
[2025-07-14T13:02:56.734+0000] {logging_mixin.py:188} INFO - [2025-07-14T13:02:56.734+0000] {dag.py:3036} INFO - Sync 1 DAGs
[2025-07-14T13:02:56.755+0000] {logging_mixin.py:188} INFO - [2025-07-14T13:02:56.755+0000] {dag.py:3823} INFO - Setting next_dagrun for example_sensors to None, run_after=None
[2025-07-14T13:02:56.789+0000] {processor.py:183} INFO - Processing /home/airflow/.local/lib/python3.8/site-packages/airflow/example_dags/example_sensors.py took 0.140 seconds
[2025-07-14T13:03:27.192+0000] {processor.py:161} INFO - Started process (PID=3585) to work on /home/airflow/.local/lib/python3.8/site-packages/airflow/example_dags/example_sensors.py
[2025-07-14T13:03:27.372+0000] {processor.py:830} INFO - Processing file /home/airflow/.local/lib/python3.8/site-packages/airflow/example_dags/example_sensors.py for tasks to queue
[2025-07-14T13:03:27.405+0000] {logging_mixin.py:188} INFO - [2025-07-14T13:03:27.404+0000] {dagbag.py:538} INFO - Filling up the DagBag from /home/airflow/.local/lib/python3.8/site-packages/airflow/example_dags/example_sensors.py
[2025-07-14T13:03:27.434+0000] {processor.py:840} INFO - DAG(s) 'example_sensors' retrieved from /home/airflow/.local/lib/python3.8/site-packages/airflow/example_dags/example_sensors.py
[2025-07-14T13:03:27.604+0000] {logging_mixin.py:188} INFO - [2025-07-14T13:03:27.604+0000] {dag.py:3036} INFO - Sync 1 DAGs
[2025-07-14T13:03:27.652+0000] {logging_mixin.py:188} INFO - [2025-07-14T13:03:27.652+0000] {dag.py:3823} INFO - Setting next_dagrun for example_sensors to None, run_after=None
[2025-07-14T13:03:27.750+0000] {processor.py:183} INFO - Processing /home/airflow/.local/lib/python3.8/site-packages/airflow/example_dags/example_sensors.py took 0.566 seconds
[2025-07-14T13:03:58.224+0000] {processor.py:161} INFO - Started process (PID=3645) to work on /home/airflow/.local/lib/python3.8/site-packages/airflow/example_dags/example_sensors.py
[2025-07-14T13:03:58.226+0000] {processor.py:830} INFO - Processing file /home/airflow/.local/lib/python3.8/site-packages/airflow/example_dags/example_sensors.py for tasks to queue
[2025-07-14T13:03:58.229+0000] {logging_mixin.py:188} INFO - [2025-07-14T13:03:58.229+0000] {dagbag.py:538} INFO - Filling up the DagBag from /home/airflow/.local/lib/python3.8/site-packages/airflow/example_dags/example_sensors.py
[2025-07-14T13:03:58.250+0000] {processor.py:840} INFO - DAG(s) 'example_sensors' retrieved from /home/airflow/.local/lib/python3.8/site-packages/airflow/example_dags/example_sensors.py
[2025-07-14T13:03:58.315+0000] {logging_mixin.py:188} INFO - [2025-07-14T13:03:58.315+0000] {dag.py:3036} INFO - Sync 1 DAGs
[2025-07-14T13:03:58.356+0000] {logging_mixin.py:188} INFO - [2025-07-14T13:03:58.356+0000] {dag.py:3823} INFO - Setting next_dagrun for example_sensors to None, run_after=None
[2025-07-14T13:03:58.409+0000] {processor.py:183} INFO - Processing /home/airflow/.local/lib/python3.8/site-packages/airflow/example_dags/example_sensors.py took 0.191 seconds
[2025-07-14T13:04:28.684+0000] {processor.py:161} INFO - Started process (PID=3705) to work on /home/airflow/.local/lib/python3.8/site-packages/airflow/example_dags/example_sensors.py
[2025-07-14T13:04:28.686+0000] {processor.py:830} INFO - Processing file /home/airflow/.local/lib/python3.8/site-packages/airflow/example_dags/example_sensors.py for tasks to queue
[2025-07-14T13:04:28.692+0000] {logging_mixin.py:188} INFO - [2025-07-14T13:04:28.692+0000] {dagbag.py:538} INFO - Filling up the DagBag from /home/airflow/.local/lib/python3.8/site-packages/airflow/example_dags/example_sensors.py
[2025-07-14T13:04:28.725+0000] {processor.py:840} INFO - DAG(s) 'example_sensors' retrieved from /home/airflow/.local/lib/python3.8/site-packages/airflow/example_dags/example_sensors.py
[2025-07-14T13:04:28.830+0000] {logging_mixin.py:188} INFO - [2025-07-14T13:04:28.826+0000] {dag.py:3036} INFO - Sync 1 DAGs
[2025-07-14T13:04:28.873+0000] {logging_mixin.py:188} INFO - [2025-07-14T13:04:28.872+0000] {dag.py:3823} INFO - Setting next_dagrun for example_sensors to None, run_after=None
[2025-07-14T13:04:28.947+0000] {processor.py:183} INFO - Processing /home/airflow/.local/lib/python3.8/site-packages/airflow/example_dags/example_sensors.py took 0.269 seconds
[2025-07-14T13:04:59.816+0000] {processor.py:161} INFO - Started process (PID=3764) to work on /home/airflow/.local/lib/python3.8/site-packages/airflow/example_dags/example_sensors.py
[2025-07-14T13:04:59.818+0000] {processor.py:830} INFO - Processing file /home/airflow/.local/lib/python3.8/site-packages/airflow/example_dags/example_sensors.py for tasks to queue
[2025-07-14T13:04:59.823+0000] {logging_mixin.py:188} INFO - [2025-07-14T13:04:59.823+0000] {dagbag.py:538} INFO - Filling up the DagBag from /home/airflow/.local/lib/python3.8/site-packages/airflow/example_dags/example_sensors.py
[2025-07-14T13:04:59.847+0000] {processor.py:840} INFO - DAG(s) 'example_sensors' retrieved from /home/airflow/.local/lib/python3.8/site-packages/airflow/example_dags/example_sensors.py
[2025-07-14T13:04:59.906+0000] {logging_mixin.py:188} INFO - [2025-07-14T13:04:59.906+0000] {dag.py:3036} INFO - Sync 1 DAGs
[2025-07-14T13:04:59.940+0000] {logging_mixin.py:188} INFO - [2025-07-14T13:04:59.940+0000] {dag.py:3823} INFO - Setting next_dagrun for example_sensors to None, run_after=None
[2025-07-14T13:05:00.005+0000] {processor.py:183} INFO - Processing /home/airflow/.local/lib/python3.8/site-packages/airflow/example_dags/example_sensors.py took 0.197 seconds
[2025-07-14T13:05:30.935+0000] {processor.py:161} INFO - Started process (PID=3824) to work on /home/airflow/.local/lib/python3.8/site-packages/airflow/example_dags/example_sensors.py
[2025-07-14T13:05:30.938+0000] {processor.py:830} INFO - Processing file /home/airflow/.local/lib/python3.8/site-packages/airflow/example_dags/example_sensors.py for tasks to queue
[2025-07-14T13:05:30.942+0000] {logging_mixin.py:188} INFO - [2025-07-14T13:05:30.942+0000] {dagbag.py:538} INFO - Filling up the DagBag from /home/airflow/.local/lib/python3.8/site-packages/airflow/example_dags/example_sensors.py
[2025-07-14T13:05:31.030+0000] {processor.py:840} INFO - DAG(s) 'example_sensors' retrieved from /home/airflow/.local/lib/python3.8/site-packages/airflow/example_dags/example_sensors.py
[2025-07-14T13:05:31.128+0000] {logging_mixin.py:188} INFO - [2025-07-14T13:05:31.127+0000] {dag.py:3036} INFO - Sync 1 DAGs
[2025-07-14T13:05:31.190+0000] {logging_mixin.py:188} INFO - [2025-07-14T13:05:31.189+0000] {dag.py:3823} INFO - Setting next_dagrun for example_sensors to None, run_after=None
[2025-07-14T13:05:31.270+0000] {processor.py:183} INFO - Processing /home/airflow/.local/lib/python3.8/site-packages/airflow/example_dags/example_sensors.py took 0.340 seconds
[2025-07-14T13:06:01.756+0000] {processor.py:161} INFO - Started process (PID=3883) to work on /home/airflow/.local/lib/python3.8/site-packages/airflow/example_dags/example_sensors.py
[2025-07-14T13:06:01.758+0000] {processor.py:830} INFO - Processing file /home/airflow/.local/lib/python3.8/site-packages/airflow/example_dags/example_sensors.py for tasks to queue
[2025-07-14T13:06:01.762+0000] {logging_mixin.py:188} INFO - [2025-07-14T13:06:01.761+0000] {dagbag.py:538} INFO - Filling up the DagBag from /home/airflow/.local/lib/python3.8/site-packages/airflow/example_dags/example_sensors.py
[2025-07-14T13:06:01.790+0000] {processor.py:840} INFO - DAG(s) 'example_sensors' retrieved from /home/airflow/.local/lib/python3.8/site-packages/airflow/example_dags/example_sensors.py
[2025-07-14T13:06:01.861+0000] {logging_mixin.py:188} INFO - [2025-07-14T13:06:01.861+0000] {dag.py:3036} INFO - Sync 1 DAGs
[2025-07-14T13:06:01.893+0000] {logging_mixin.py:188} INFO - [2025-07-14T13:06:01.893+0000] {dag.py:3823} INFO - Setting next_dagrun for example_sensors to None, run_after=None
[2025-07-14T13:06:01.945+0000] {processor.py:183} INFO - Processing /home/airflow/.local/lib/python3.8/site-packages/airflow/example_dags/example_sensors.py took 0.197 seconds
