[2025-07-14T12:33:38.292+0000] {processor.py:161} INFO - Started process (PID=107) to work on /home/airflow/.local/lib/python3.8/site-packages/airflow/example_dags/tutorial_taskflow_api.py
[2025-07-14T12:33:38.294+0000] {processor.py:830} INFO - Processing file /home/airflow/.local/lib/python3.8/site-packages/airflow/example_dags/tutorial_taskflow_api.py for tasks to queue
[2025-07-14T12:33:38.301+0000] {logging_mixin.py:188} INFO - [2025-07-14T12:33:38.301+0000] {dagbag.py:538} INFO - Filling up the DagBag from /home/airflow/.local/lib/python3.8/site-packages/airflow/example_dags/tutorial_taskflow_api.py
[2025-07-14T12:33:38.319+0000] {processor.py:840} INFO - DAG(s) 'tutorial_taskflow_api' retrieved from /home/airflow/.local/lib/python3.8/site-packages/airflow/example_dags/tutorial_taskflow_api.py
[2025-07-14T12:33:38.464+0000] {logging_mixin.py:188} INFO - [2025-07-14T12:33:38.463+0000] {dag.py:3036} INFO - Sync 1 DAGs
[2025-07-14T12:33:38.502+0000] {logging_mixin.py:188} INFO - [2025-07-14T12:33:38.498+0000] {dag.py:3823} INFO - Setting next_dagrun for tutorial_taskflow_api to None, run_after=None
[2025-07-14T12:33:38.595+0000] {processor.py:183} INFO - Processing /home/airflow/.local/lib/python3.8/site-packages/airflow/example_dags/tutorial_taskflow_api.py took 0.315 seconds
[2025-07-14T12:34:08.757+0000] {processor.py:161} INFO - Started process (PID=167) to work on /home/airflow/.local/lib/python3.8/site-packages/airflow/example_dags/tutorial_taskflow_api.py
[2025-07-14T12:34:08.758+0000] {processor.py:830} INFO - Processing file /home/airflow/.local/lib/python3.8/site-packages/airflow/example_dags/tutorial_taskflow_api.py for tasks to queue
[2025-07-14T12:34:08.761+0000] {logging_mixin.py:188} INFO - [2025-07-14T12:34:08.761+0000] {dagbag.py:538} INFO - Filling up the DagBag from /home/airflow/.local/lib/python3.8/site-packages/airflow/example_dags/tutorial_taskflow_api.py
[2025-07-14T12:34:08.769+0000] {processor.py:840} INFO - DAG(s) 'tutorial_taskflow_api' retrieved from /home/airflow/.local/lib/python3.8/site-packages/airflow/example_dags/tutorial_taskflow_api.py
[2025-07-14T12:34:08.797+0000] {logging_mixin.py:188} INFO - [2025-07-14T12:34:08.797+0000] {dag.py:3036} INFO - Sync 1 DAGs
[2025-07-14T12:34:08.813+0000] {logging_mixin.py:188} INFO - [2025-07-14T12:34:08.813+0000] {dag.py:3823} INFO - Setting next_dagrun for tutorial_taskflow_api to None, run_after=None
[2025-07-14T12:34:08.842+0000] {processor.py:183} INFO - Processing /home/airflow/.local/lib/python3.8/site-packages/airflow/example_dags/tutorial_taskflow_api.py took 0.090 seconds
[2025-07-14T12:34:39.929+0000] {processor.py:161} INFO - Started process (PID=228) to work on /home/airflow/.local/lib/python3.8/site-packages/airflow/example_dags/tutorial_taskflow_api.py
[2025-07-14T12:34:39.934+0000] {processor.py:830} INFO - Processing file /home/airflow/.local/lib/python3.8/site-packages/airflow/example_dags/tutorial_taskflow_api.py for tasks to queue
[2025-07-14T12:34:39.941+0000] {logging_mixin.py:188} INFO - [2025-07-14T12:34:39.941+0000] {dagbag.py:538} INFO - Filling up the DagBag from /home/airflow/.local/lib/python3.8/site-packages/airflow/example_dags/tutorial_taskflow_api.py
[2025-07-14T12:34:39.958+0000] {processor.py:840} INFO - DAG(s) 'tutorial_taskflow_api' retrieved from /home/airflow/.local/lib/python3.8/site-packages/airflow/example_dags/tutorial_taskflow_api.py
[2025-07-14T12:34:40.085+0000] {logging_mixin.py:188} INFO - [2025-07-14T12:34:40.085+0000] {dag.py:3036} INFO - Sync 1 DAGs
[2025-07-14T12:34:40.185+0000] {logging_mixin.py:188} INFO - [2025-07-14T12:34:40.185+0000] {dag.py:3823} INFO - Setting next_dagrun for tutorial_taskflow_api to None, run_after=None
[2025-07-14T12:34:40.267+0000] {processor.py:183} INFO - Processing /home/airflow/.local/lib/python3.8/site-packages/airflow/example_dags/tutorial_taskflow_api.py took 0.344 seconds
[2025-07-14T12:35:10.763+0000] {processor.py:161} INFO - Started process (PID=288) to work on /home/airflow/.local/lib/python3.8/site-packages/airflow/example_dags/tutorial_taskflow_api.py
[2025-07-14T12:35:10.766+0000] {processor.py:830} INFO - Processing file /home/airflow/.local/lib/python3.8/site-packages/airflow/example_dags/tutorial_taskflow_api.py for tasks to queue
[2025-07-14T12:35:10.773+0000] {logging_mixin.py:188} INFO - [2025-07-14T12:35:10.772+0000] {dagbag.py:538} INFO - Filling up the DagBag from /home/airflow/.local/lib/python3.8/site-packages/airflow/example_dags/tutorial_taskflow_api.py
[2025-07-14T12:35:10.788+0000] {processor.py:840} INFO - DAG(s) 'tutorial_taskflow_api' retrieved from /home/airflow/.local/lib/python3.8/site-packages/airflow/example_dags/tutorial_taskflow_api.py
[2025-07-14T12:35:10.934+0000] {logging_mixin.py:188} INFO - [2025-07-14T12:35:10.933+0000] {dag.py:3036} INFO - Sync 1 DAGs
[2025-07-14T12:35:11.116+0000] {logging_mixin.py:188} INFO - [2025-07-14T12:35:11.116+0000] {dag.py:3823} INFO - Setting next_dagrun for tutorial_taskflow_api to None, run_after=None
[2025-07-14T12:35:11.566+0000] {processor.py:183} INFO - Processing /home/airflow/.local/lib/python3.8/site-packages/airflow/example_dags/tutorial_taskflow_api.py took 0.809 seconds
[2025-07-14T12:35:42.105+0000] {processor.py:161} INFO - Started process (PID=349) to work on /home/airflow/.local/lib/python3.8/site-packages/airflow/example_dags/tutorial_taskflow_api.py
[2025-07-14T12:35:42.107+0000] {processor.py:830} INFO - Processing file /home/airflow/.local/lib/python3.8/site-packages/airflow/example_dags/tutorial_taskflow_api.py for tasks to queue
[2025-07-14T12:35:42.109+0000] {logging_mixin.py:188} INFO - [2025-07-14T12:35:42.109+0000] {dagbag.py:538} INFO - Filling up the DagBag from /home/airflow/.local/lib/python3.8/site-packages/airflow/example_dags/tutorial_taskflow_api.py
[2025-07-14T12:35:42.126+0000] {processor.py:840} INFO - DAG(s) 'tutorial_taskflow_api' retrieved from /home/airflow/.local/lib/python3.8/site-packages/airflow/example_dags/tutorial_taskflow_api.py
[2025-07-14T12:35:42.172+0000] {logging_mixin.py:188} INFO - [2025-07-14T12:35:42.171+0000] {dag.py:3036} INFO - Sync 1 DAGs
[2025-07-14T12:35:42.198+0000] {logging_mixin.py:188} INFO - [2025-07-14T12:35:42.198+0000] {dag.py:3823} INFO - Setting next_dagrun for tutorial_taskflow_api to None, run_after=None
[2025-07-14T12:35:42.235+0000] {processor.py:183} INFO - Processing /home/airflow/.local/lib/python3.8/site-packages/airflow/example_dags/tutorial_taskflow_api.py took 0.136 seconds
[2025-07-14T12:36:12.957+0000] {processor.py:161} INFO - Started process (PID=408) to work on /home/airflow/.local/lib/python3.8/site-packages/airflow/example_dags/tutorial_taskflow_api.py
[2025-07-14T12:36:12.959+0000] {processor.py:830} INFO - Processing file /home/airflow/.local/lib/python3.8/site-packages/airflow/example_dags/tutorial_taskflow_api.py for tasks to queue
[2025-07-14T12:36:12.962+0000] {logging_mixin.py:188} INFO - [2025-07-14T12:36:12.961+0000] {dagbag.py:538} INFO - Filling up the DagBag from /home/airflow/.local/lib/python3.8/site-packages/airflow/example_dags/tutorial_taskflow_api.py
[2025-07-14T12:36:12.975+0000] {processor.py:840} INFO - DAG(s) 'tutorial_taskflow_api' retrieved from /home/airflow/.local/lib/python3.8/site-packages/airflow/example_dags/tutorial_taskflow_api.py
[2025-07-14T12:36:13.009+0000] {logging_mixin.py:188} INFO - [2025-07-14T12:36:13.009+0000] {dag.py:3036} INFO - Sync 1 DAGs
[2025-07-14T12:36:13.031+0000] {logging_mixin.py:188} INFO - [2025-07-14T12:36:13.031+0000] {dag.py:3823} INFO - Setting next_dagrun for tutorial_taskflow_api to None, run_after=None
[2025-07-14T12:36:13.070+0000] {processor.py:183} INFO - Processing /home/airflow/.local/lib/python3.8/site-packages/airflow/example_dags/tutorial_taskflow_api.py took 0.118 seconds
[2025-07-14T12:36:43.451+0000] {processor.py:161} INFO - Started process (PID=466) to work on /home/airflow/.local/lib/python3.8/site-packages/airflow/example_dags/tutorial_taskflow_api.py
[2025-07-14T12:36:43.455+0000] {processor.py:830} INFO - Processing file /home/airflow/.local/lib/python3.8/site-packages/airflow/example_dags/tutorial_taskflow_api.py for tasks to queue
[2025-07-14T12:36:43.458+0000] {logging_mixin.py:188} INFO - [2025-07-14T12:36:43.458+0000] {dagbag.py:538} INFO - Filling up the DagBag from /home/airflow/.local/lib/python3.8/site-packages/airflow/example_dags/tutorial_taskflow_api.py
[2025-07-14T12:36:43.478+0000] {processor.py:840} INFO - DAG(s) 'tutorial_taskflow_api' retrieved from /home/airflow/.local/lib/python3.8/site-packages/airflow/example_dags/tutorial_taskflow_api.py
[2025-07-14T12:36:43.553+0000] {logging_mixin.py:188} INFO - [2025-07-14T12:36:43.552+0000] {dag.py:3036} INFO - Sync 1 DAGs
[2025-07-14T12:36:43.590+0000] {logging_mixin.py:188} INFO - [2025-07-14T12:36:43.590+0000] {dag.py:3823} INFO - Setting next_dagrun for tutorial_taskflow_api to None, run_after=None
[2025-07-14T12:36:43.654+0000] {processor.py:183} INFO - Processing /home/airflow/.local/lib/python3.8/site-packages/airflow/example_dags/tutorial_taskflow_api.py took 0.211 seconds
[2025-07-14T12:37:14.066+0000] {processor.py:161} INFO - Started process (PID=526) to work on /home/airflow/.local/lib/python3.8/site-packages/airflow/example_dags/tutorial_taskflow_api.py
[2025-07-14T12:37:14.068+0000] {processor.py:830} INFO - Processing file /home/airflow/.local/lib/python3.8/site-packages/airflow/example_dags/tutorial_taskflow_api.py for tasks to queue
[2025-07-14T12:37:14.071+0000] {logging_mixin.py:188} INFO - [2025-07-14T12:37:14.070+0000] {dagbag.py:538} INFO - Filling up the DagBag from /home/airflow/.local/lib/python3.8/site-packages/airflow/example_dags/tutorial_taskflow_api.py
[2025-07-14T12:37:14.084+0000] {processor.py:840} INFO - DAG(s) 'tutorial_taskflow_api' retrieved from /home/airflow/.local/lib/python3.8/site-packages/airflow/example_dags/tutorial_taskflow_api.py
[2025-07-14T12:37:14.132+0000] {logging_mixin.py:188} INFO - [2025-07-14T12:37:14.131+0000] {dag.py:3036} INFO - Sync 1 DAGs
[2025-07-14T12:37:14.160+0000] {logging_mixin.py:188} INFO - [2025-07-14T12:37:14.157+0000] {dag.py:3823} INFO - Setting next_dagrun for tutorial_taskflow_api to None, run_after=None
[2025-07-14T12:37:14.203+0000] {processor.py:183} INFO - Processing /home/airflow/.local/lib/python3.8/site-packages/airflow/example_dags/tutorial_taskflow_api.py took 0.142 seconds
[2025-07-14T12:37:44.671+0000] {processor.py:161} INFO - Started process (PID=586) to work on /home/airflow/.local/lib/python3.8/site-packages/airflow/example_dags/tutorial_taskflow_api.py
[2025-07-14T12:37:44.673+0000] {processor.py:830} INFO - Processing file /home/airflow/.local/lib/python3.8/site-packages/airflow/example_dags/tutorial_taskflow_api.py for tasks to queue
[2025-07-14T12:37:44.676+0000] {logging_mixin.py:188} INFO - [2025-07-14T12:37:44.675+0000] {dagbag.py:538} INFO - Filling up the DagBag from /home/airflow/.local/lib/python3.8/site-packages/airflow/example_dags/tutorial_taskflow_api.py
[2025-07-14T12:37:44.690+0000] {processor.py:840} INFO - DAG(s) 'tutorial_taskflow_api' retrieved from /home/airflow/.local/lib/python3.8/site-packages/airflow/example_dags/tutorial_taskflow_api.py
[2025-07-14T12:37:44.733+0000] {logging_mixin.py:188} INFO - [2025-07-14T12:37:44.732+0000] {dag.py:3036} INFO - Sync 1 DAGs
[2025-07-14T12:37:44.757+0000] {logging_mixin.py:188} INFO - [2025-07-14T12:37:44.757+0000] {dag.py:3823} INFO - Setting next_dagrun for tutorial_taskflow_api to None, run_after=None
[2025-07-14T12:37:44.801+0000] {processor.py:183} INFO - Processing /home/airflow/.local/lib/python3.8/site-packages/airflow/example_dags/tutorial_taskflow_api.py took 0.136 seconds
[2025-07-14T12:38:14.934+0000] {processor.py:161} INFO - Started process (PID=646) to work on /home/airflow/.local/lib/python3.8/site-packages/airflow/example_dags/tutorial_taskflow_api.py
[2025-07-14T12:38:14.937+0000] {processor.py:830} INFO - Processing file /home/airflow/.local/lib/python3.8/site-packages/airflow/example_dags/tutorial_taskflow_api.py for tasks to queue
[2025-07-14T12:38:14.945+0000] {logging_mixin.py:188} INFO - [2025-07-14T12:38:14.944+0000] {dagbag.py:538} INFO - Filling up the DagBag from /home/airflow/.local/lib/python3.8/site-packages/airflow/example_dags/tutorial_taskflow_api.py
[2025-07-14T12:38:14.958+0000] {processor.py:840} INFO - DAG(s) 'tutorial_taskflow_api' retrieved from /home/airflow/.local/lib/python3.8/site-packages/airflow/example_dags/tutorial_taskflow_api.py
[2025-07-14T12:38:14.997+0000] {logging_mixin.py:188} INFO - [2025-07-14T12:38:14.997+0000] {dag.py:3036} INFO - Sync 1 DAGs
[2025-07-14T12:38:15.022+0000] {logging_mixin.py:188} INFO - [2025-07-14T12:38:15.021+0000] {dag.py:3823} INFO - Setting next_dagrun for tutorial_taskflow_api to None, run_after=None
[2025-07-14T12:38:15.088+0000] {processor.py:183} INFO - Processing /home/airflow/.local/lib/python3.8/site-packages/airflow/example_dags/tutorial_taskflow_api.py took 0.161 seconds
[2025-07-14T12:38:46.017+0000] {processor.py:161} INFO - Started process (PID=706) to work on /home/airflow/.local/lib/python3.8/site-packages/airflow/example_dags/tutorial_taskflow_api.py
[2025-07-14T12:38:46.019+0000] {processor.py:830} INFO - Processing file /home/airflow/.local/lib/python3.8/site-packages/airflow/example_dags/tutorial_taskflow_api.py for tasks to queue
[2025-07-14T12:38:46.025+0000] {logging_mixin.py:188} INFO - [2025-07-14T12:38:46.025+0000] {dagbag.py:538} INFO - Filling up the DagBag from /home/airflow/.local/lib/python3.8/site-packages/airflow/example_dags/tutorial_taskflow_api.py
[2025-07-14T12:38:46.045+0000] {processor.py:840} INFO - DAG(s) 'tutorial_taskflow_api' retrieved from /home/airflow/.local/lib/python3.8/site-packages/airflow/example_dags/tutorial_taskflow_api.py
[2025-07-14T12:38:46.116+0000] {logging_mixin.py:188} INFO - [2025-07-14T12:38:46.115+0000] {dag.py:3036} INFO - Sync 1 DAGs
[2025-07-14T12:38:46.169+0000] {logging_mixin.py:188} INFO - [2025-07-14T12:38:46.169+0000] {dag.py:3823} INFO - Setting next_dagrun for tutorial_taskflow_api to None, run_after=None
[2025-07-14T12:38:46.214+0000] {processor.py:183} INFO - Processing /home/airflow/.local/lib/python3.8/site-packages/airflow/example_dags/tutorial_taskflow_api.py took 0.204 seconds
[2025-07-14T12:39:16.264+0000] {processor.py:161} INFO - Started process (PID=767) to work on /home/airflow/.local/lib/python3.8/site-packages/airflow/example_dags/tutorial_taskflow_api.py
[2025-07-14T12:39:16.266+0000] {processor.py:830} INFO - Processing file /home/airflow/.local/lib/python3.8/site-packages/airflow/example_dags/tutorial_taskflow_api.py for tasks to queue
[2025-07-14T12:39:16.269+0000] {logging_mixin.py:188} INFO - [2025-07-14T12:39:16.268+0000] {dagbag.py:538} INFO - Filling up the DagBag from /home/airflow/.local/lib/python3.8/site-packages/airflow/example_dags/tutorial_taskflow_api.py
[2025-07-14T12:39:16.280+0000] {processor.py:840} INFO - DAG(s) 'tutorial_taskflow_api' retrieved from /home/airflow/.local/lib/python3.8/site-packages/airflow/example_dags/tutorial_taskflow_api.py
[2025-07-14T12:39:16.324+0000] {logging_mixin.py:188} INFO - [2025-07-14T12:39:16.324+0000] {dag.py:3036} INFO - Sync 1 DAGs
[2025-07-14T12:39:16.345+0000] {logging_mixin.py:188} INFO - [2025-07-14T12:39:16.345+0000] {dag.py:3823} INFO - Setting next_dagrun for tutorial_taskflow_api to None, run_after=None
[2025-07-14T12:39:16.375+0000] {processor.py:183} INFO - Processing /home/airflow/.local/lib/python3.8/site-packages/airflow/example_dags/tutorial_taskflow_api.py took 0.115 seconds
[2025-07-14T12:39:46.665+0000] {processor.py:161} INFO - Started process (PID=827) to work on /home/airflow/.local/lib/python3.8/site-packages/airflow/example_dags/tutorial_taskflow_api.py
[2025-07-14T12:39:46.667+0000] {processor.py:830} INFO - Processing file /home/airflow/.local/lib/python3.8/site-packages/airflow/example_dags/tutorial_taskflow_api.py for tasks to queue
[2025-07-14T12:39:46.674+0000] {logging_mixin.py:188} INFO - [2025-07-14T12:39:46.671+0000] {dagbag.py:538} INFO - Filling up the DagBag from /home/airflow/.local/lib/python3.8/site-packages/airflow/example_dags/tutorial_taskflow_api.py
[2025-07-14T12:39:46.689+0000] {processor.py:840} INFO - DAG(s) 'tutorial_taskflow_api' retrieved from /home/airflow/.local/lib/python3.8/site-packages/airflow/example_dags/tutorial_taskflow_api.py
[2025-07-14T12:39:46.732+0000] {logging_mixin.py:188} INFO - [2025-07-14T12:39:46.732+0000] {dag.py:3036} INFO - Sync 1 DAGs
[2025-07-14T12:39:46.751+0000] {logging_mixin.py:188} INFO - [2025-07-14T12:39:46.750+0000] {dag.py:3823} INFO - Setting next_dagrun for tutorial_taskflow_api to None, run_after=None
[2025-07-14T12:39:46.781+0000] {processor.py:183} INFO - Processing /home/airflow/.local/lib/python3.8/site-packages/airflow/example_dags/tutorial_taskflow_api.py took 0.121 seconds
[2025-07-14T12:40:17.563+0000] {processor.py:161} INFO - Started process (PID=893) to work on /home/airflow/.local/lib/python3.8/site-packages/airflow/example_dags/tutorial_taskflow_api.py
[2025-07-14T12:40:17.566+0000] {processor.py:830} INFO - Processing file /home/airflow/.local/lib/python3.8/site-packages/airflow/example_dags/tutorial_taskflow_api.py for tasks to queue
[2025-07-14T12:40:17.571+0000] {logging_mixin.py:188} INFO - [2025-07-14T12:40:17.571+0000] {dagbag.py:538} INFO - Filling up the DagBag from /home/airflow/.local/lib/python3.8/site-packages/airflow/example_dags/tutorial_taskflow_api.py
[2025-07-14T12:40:17.587+0000] {processor.py:840} INFO - DAG(s) 'tutorial_taskflow_api' retrieved from /home/airflow/.local/lib/python3.8/site-packages/airflow/example_dags/tutorial_taskflow_api.py
[2025-07-14T12:40:17.640+0000] {logging_mixin.py:188} INFO - [2025-07-14T12:40:17.640+0000] {dag.py:3036} INFO - Sync 1 DAGs
[2025-07-14T12:40:17.667+0000] {logging_mixin.py:188} INFO - [2025-07-14T12:40:17.666+0000] {dag.py:3823} INFO - Setting next_dagrun for tutorial_taskflow_api to None, run_after=None
[2025-07-14T12:40:17.706+0000] {processor.py:183} INFO - Processing /home/airflow/.local/lib/python3.8/site-packages/airflow/example_dags/tutorial_taskflow_api.py took 0.148 seconds
[2025-07-14T12:40:48.209+0000] {processor.py:161} INFO - Started process (PID=953) to work on /home/airflow/.local/lib/python3.8/site-packages/airflow/example_dags/tutorial_taskflow_api.py
[2025-07-14T12:40:48.211+0000] {processor.py:830} INFO - Processing file /home/airflow/.local/lib/python3.8/site-packages/airflow/example_dags/tutorial_taskflow_api.py for tasks to queue
[2025-07-14T12:40:48.217+0000] {logging_mixin.py:188} INFO - [2025-07-14T12:40:48.215+0000] {dagbag.py:538} INFO - Filling up the DagBag from /home/airflow/.local/lib/python3.8/site-packages/airflow/example_dags/tutorial_taskflow_api.py
[2025-07-14T12:40:48.227+0000] {processor.py:840} INFO - DAG(s) 'tutorial_taskflow_api' retrieved from /home/airflow/.local/lib/python3.8/site-packages/airflow/example_dags/tutorial_taskflow_api.py
[2025-07-14T12:40:48.276+0000] {logging_mixin.py:188} INFO - [2025-07-14T12:40:48.275+0000] {dag.py:3036} INFO - Sync 1 DAGs
[2025-07-14T12:40:48.320+0000] {logging_mixin.py:188} INFO - [2025-07-14T12:40:48.320+0000] {dag.py:3823} INFO - Setting next_dagrun for tutorial_taskflow_api to None, run_after=None
[2025-07-14T12:40:48.382+0000] {processor.py:183} INFO - Processing /home/airflow/.local/lib/python3.8/site-packages/airflow/example_dags/tutorial_taskflow_api.py took 0.179 seconds
[2025-07-14T12:41:18.508+0000] {processor.py:161} INFO - Started process (PID=1013) to work on /home/airflow/.local/lib/python3.8/site-packages/airflow/example_dags/tutorial_taskflow_api.py
[2025-07-14T12:41:18.510+0000] {processor.py:830} INFO - Processing file /home/airflow/.local/lib/python3.8/site-packages/airflow/example_dags/tutorial_taskflow_api.py for tasks to queue
[2025-07-14T12:41:18.513+0000] {logging_mixin.py:188} INFO - [2025-07-14T12:41:18.512+0000] {dagbag.py:538} INFO - Filling up the DagBag from /home/airflow/.local/lib/python3.8/site-packages/airflow/example_dags/tutorial_taskflow_api.py
[2025-07-14T12:41:18.524+0000] {processor.py:840} INFO - DAG(s) 'tutorial_taskflow_api' retrieved from /home/airflow/.local/lib/python3.8/site-packages/airflow/example_dags/tutorial_taskflow_api.py
[2025-07-14T12:41:18.558+0000] {logging_mixin.py:188} INFO - [2025-07-14T12:41:18.558+0000] {dag.py:3036} INFO - Sync 1 DAGs
[2025-07-14T12:41:18.581+0000] {logging_mixin.py:188} INFO - [2025-07-14T12:41:18.580+0000] {dag.py:3823} INFO - Setting next_dagrun for tutorial_taskflow_api to None, run_after=None
[2025-07-14T12:41:18.621+0000] {processor.py:183} INFO - Processing /home/airflow/.local/lib/python3.8/site-packages/airflow/example_dags/tutorial_taskflow_api.py took 0.119 seconds
[2025-07-14T12:41:48.728+0000] {processor.py:161} INFO - Started process (PID=1072) to work on /home/airflow/.local/lib/python3.8/site-packages/airflow/example_dags/tutorial_taskflow_api.py
[2025-07-14T12:41:48.731+0000] {processor.py:830} INFO - Processing file /home/airflow/.local/lib/python3.8/site-packages/airflow/example_dags/tutorial_taskflow_api.py for tasks to queue
[2025-07-14T12:41:48.734+0000] {logging_mixin.py:188} INFO - [2025-07-14T12:41:48.734+0000] {dagbag.py:538} INFO - Filling up the DagBag from /home/airflow/.local/lib/python3.8/site-packages/airflow/example_dags/tutorial_taskflow_api.py
[2025-07-14T12:41:48.747+0000] {processor.py:840} INFO - DAG(s) 'tutorial_taskflow_api' retrieved from /home/airflow/.local/lib/python3.8/site-packages/airflow/example_dags/tutorial_taskflow_api.py
[2025-07-14T12:41:48.785+0000] {logging_mixin.py:188} INFO - [2025-07-14T12:41:48.785+0000] {dag.py:3036} INFO - Sync 1 DAGs
[2025-07-14T12:41:48.808+0000] {logging_mixin.py:188} INFO - [2025-07-14T12:41:48.808+0000] {dag.py:3823} INFO - Setting next_dagrun for tutorial_taskflow_api to None, run_after=None
[2025-07-14T12:41:48.847+0000] {processor.py:183} INFO - Processing /home/airflow/.local/lib/python3.8/site-packages/airflow/example_dags/tutorial_taskflow_api.py took 0.125 seconds
[2025-07-14T12:42:19.155+0000] {processor.py:161} INFO - Started process (PID=1131) to work on /home/airflow/.local/lib/python3.8/site-packages/airflow/example_dags/tutorial_taskflow_api.py
[2025-07-14T12:42:19.157+0000] {processor.py:830} INFO - Processing file /home/airflow/.local/lib/python3.8/site-packages/airflow/example_dags/tutorial_taskflow_api.py for tasks to queue
[2025-07-14T12:42:19.160+0000] {logging_mixin.py:188} INFO - [2025-07-14T12:42:19.160+0000] {dagbag.py:538} INFO - Filling up the DagBag from /home/airflow/.local/lib/python3.8/site-packages/airflow/example_dags/tutorial_taskflow_api.py
[2025-07-14T12:42:19.175+0000] {processor.py:840} INFO - DAG(s) 'tutorial_taskflow_api' retrieved from /home/airflow/.local/lib/python3.8/site-packages/airflow/example_dags/tutorial_taskflow_api.py
[2025-07-14T12:42:19.219+0000] {logging_mixin.py:188} INFO - [2025-07-14T12:42:19.219+0000] {dag.py:3036} INFO - Sync 1 DAGs
[2025-07-14T12:42:19.245+0000] {logging_mixin.py:188} INFO - [2025-07-14T12:42:19.244+0000] {dag.py:3823} INFO - Setting next_dagrun for tutorial_taskflow_api to None, run_after=None
[2025-07-14T12:42:19.285+0000] {processor.py:183} INFO - Processing /home/airflow/.local/lib/python3.8/site-packages/airflow/example_dags/tutorial_taskflow_api.py took 0.137 seconds
[2025-07-14T12:42:49.433+0000] {processor.py:161} INFO - Started process (PID=1191) to work on /home/airflow/.local/lib/python3.8/site-packages/airflow/example_dags/tutorial_taskflow_api.py
[2025-07-14T12:42:49.434+0000] {processor.py:830} INFO - Processing file /home/airflow/.local/lib/python3.8/site-packages/airflow/example_dags/tutorial_taskflow_api.py for tasks to queue
[2025-07-14T12:42:49.438+0000] {logging_mixin.py:188} INFO - [2025-07-14T12:42:49.437+0000] {dagbag.py:538} INFO - Filling up the DagBag from /home/airflow/.local/lib/python3.8/site-packages/airflow/example_dags/tutorial_taskflow_api.py
[2025-07-14T12:42:49.450+0000] {processor.py:840} INFO - DAG(s) 'tutorial_taskflow_api' retrieved from /home/airflow/.local/lib/python3.8/site-packages/airflow/example_dags/tutorial_taskflow_api.py
[2025-07-14T12:42:49.489+0000] {logging_mixin.py:188} INFO - [2025-07-14T12:42:49.488+0000] {dag.py:3036} INFO - Sync 1 DAGs
[2025-07-14T12:42:49.512+0000] {logging_mixin.py:188} INFO - [2025-07-14T12:42:49.512+0000] {dag.py:3823} INFO - Setting next_dagrun for tutorial_taskflow_api to None, run_after=None
[2025-07-14T12:42:49.547+0000] {processor.py:183} INFO - Processing /home/airflow/.local/lib/python3.8/site-packages/airflow/example_dags/tutorial_taskflow_api.py took 0.120 seconds
[2025-07-14T12:43:20.042+0000] {processor.py:161} INFO - Started process (PID=1251) to work on /home/airflow/.local/lib/python3.8/site-packages/airflow/example_dags/tutorial_taskflow_api.py
[2025-07-14T12:43:20.045+0000] {processor.py:830} INFO - Processing file /home/airflow/.local/lib/python3.8/site-packages/airflow/example_dags/tutorial_taskflow_api.py for tasks to queue
[2025-07-14T12:43:20.049+0000] {logging_mixin.py:188} INFO - [2025-07-14T12:43:20.049+0000] {dagbag.py:538} INFO - Filling up the DagBag from /home/airflow/.local/lib/python3.8/site-packages/airflow/example_dags/tutorial_taskflow_api.py
[2025-07-14T12:43:20.062+0000] {processor.py:840} INFO - DAG(s) 'tutorial_taskflow_api' retrieved from /home/airflow/.local/lib/python3.8/site-packages/airflow/example_dags/tutorial_taskflow_api.py
[2025-07-14T12:43:20.104+0000] {logging_mixin.py:188} INFO - [2025-07-14T12:43:20.104+0000] {dag.py:3036} INFO - Sync 1 DAGs
[2025-07-14T12:43:20.132+0000] {logging_mixin.py:188} INFO - [2025-07-14T12:43:20.131+0000] {dag.py:3823} INFO - Setting next_dagrun for tutorial_taskflow_api to None, run_after=None
[2025-07-14T12:43:20.185+0000] {processor.py:183} INFO - Processing /home/airflow/.local/lib/python3.8/site-packages/airflow/example_dags/tutorial_taskflow_api.py took 0.149 seconds
[2025-07-14T12:43:51.162+0000] {processor.py:161} INFO - Started process (PID=1311) to work on /home/airflow/.local/lib/python3.8/site-packages/airflow/example_dags/tutorial_taskflow_api.py
[2025-07-14T12:43:51.166+0000] {processor.py:830} INFO - Processing file /home/airflow/.local/lib/python3.8/site-packages/airflow/example_dags/tutorial_taskflow_api.py for tasks to queue
[2025-07-14T12:43:51.170+0000] {logging_mixin.py:188} INFO - [2025-07-14T12:43:51.169+0000] {dagbag.py:538} INFO - Filling up the DagBag from /home/airflow/.local/lib/python3.8/site-packages/airflow/example_dags/tutorial_taskflow_api.py
[2025-07-14T12:43:51.209+0000] {processor.py:840} INFO - DAG(s) 'tutorial_taskflow_api' retrieved from /home/airflow/.local/lib/python3.8/site-packages/airflow/example_dags/tutorial_taskflow_api.py
[2025-07-14T12:43:51.261+0000] {logging_mixin.py:188} INFO - [2025-07-14T12:43:51.261+0000] {dag.py:3036} INFO - Sync 1 DAGs
[2025-07-14T12:43:51.287+0000] {logging_mixin.py:188} INFO - [2025-07-14T12:43:51.286+0000] {dag.py:3823} INFO - Setting next_dagrun for tutorial_taskflow_api to None, run_after=None
[2025-07-14T12:43:51.333+0000] {processor.py:183} INFO - Processing /home/airflow/.local/lib/python3.8/site-packages/airflow/example_dags/tutorial_taskflow_api.py took 0.177 seconds
[2025-07-14T12:44:22.186+0000] {processor.py:161} INFO - Started process (PID=1371) to work on /home/airflow/.local/lib/python3.8/site-packages/airflow/example_dags/tutorial_taskflow_api.py
[2025-07-14T12:44:22.188+0000] {processor.py:830} INFO - Processing file /home/airflow/.local/lib/python3.8/site-packages/airflow/example_dags/tutorial_taskflow_api.py for tasks to queue
[2025-07-14T12:44:22.195+0000] {logging_mixin.py:188} INFO - [2025-07-14T12:44:22.193+0000] {dagbag.py:538} INFO - Filling up the DagBag from /home/airflow/.local/lib/python3.8/site-packages/airflow/example_dags/tutorial_taskflow_api.py
[2025-07-14T12:44:22.212+0000] {processor.py:840} INFO - DAG(s) 'tutorial_taskflow_api' retrieved from /home/airflow/.local/lib/python3.8/site-packages/airflow/example_dags/tutorial_taskflow_api.py
[2025-07-14T12:44:22.260+0000] {logging_mixin.py:188} INFO - [2025-07-14T12:44:22.259+0000] {dag.py:3036} INFO - Sync 1 DAGs
[2025-07-14T12:44:22.290+0000] {logging_mixin.py:188} INFO - [2025-07-14T12:44:22.290+0000] {dag.py:3823} INFO - Setting next_dagrun for tutorial_taskflow_api to None, run_after=None
[2025-07-14T12:44:22.334+0000] {processor.py:183} INFO - Processing /home/airflow/.local/lib/python3.8/site-packages/airflow/example_dags/tutorial_taskflow_api.py took 0.155 seconds
[2025-07-14T12:44:53.282+0000] {processor.py:161} INFO - Started process (PID=1431) to work on /home/airflow/.local/lib/python3.8/site-packages/airflow/example_dags/tutorial_taskflow_api.py
[2025-07-14T12:44:53.284+0000] {processor.py:830} INFO - Processing file /home/airflow/.local/lib/python3.8/site-packages/airflow/example_dags/tutorial_taskflow_api.py for tasks to queue
[2025-07-14T12:44:53.288+0000] {logging_mixin.py:188} INFO - [2025-07-14T12:44:53.287+0000] {dagbag.py:538} INFO - Filling up the DagBag from /home/airflow/.local/lib/python3.8/site-packages/airflow/example_dags/tutorial_taskflow_api.py
[2025-07-14T12:44:53.298+0000] {processor.py:840} INFO - DAG(s) 'tutorial_taskflow_api' retrieved from /home/airflow/.local/lib/python3.8/site-packages/airflow/example_dags/tutorial_taskflow_api.py
[2025-07-14T12:44:53.343+0000] {logging_mixin.py:188} INFO - [2025-07-14T12:44:53.343+0000] {dag.py:3036} INFO - Sync 1 DAGs
[2025-07-14T12:44:53.371+0000] {logging_mixin.py:188} INFO - [2025-07-14T12:44:53.370+0000] {dag.py:3823} INFO - Setting next_dagrun for tutorial_taskflow_api to None, run_after=None
[2025-07-14T12:44:53.423+0000] {processor.py:183} INFO - Processing /home/airflow/.local/lib/python3.8/site-packages/airflow/example_dags/tutorial_taskflow_api.py took 0.147 seconds
[2025-07-14T12:45:23.603+0000] {processor.py:161} INFO - Started process (PID=1491) to work on /home/airflow/.local/lib/python3.8/site-packages/airflow/example_dags/tutorial_taskflow_api.py
[2025-07-14T12:45:23.605+0000] {processor.py:830} INFO - Processing file /home/airflow/.local/lib/python3.8/site-packages/airflow/example_dags/tutorial_taskflow_api.py for tasks to queue
[2025-07-14T12:45:23.611+0000] {logging_mixin.py:188} INFO - [2025-07-14T12:45:23.608+0000] {dagbag.py:538} INFO - Filling up the DagBag from /home/airflow/.local/lib/python3.8/site-packages/airflow/example_dags/tutorial_taskflow_api.py
[2025-07-14T12:45:23.624+0000] {processor.py:840} INFO - DAG(s) 'tutorial_taskflow_api' retrieved from /home/airflow/.local/lib/python3.8/site-packages/airflow/example_dags/tutorial_taskflow_api.py
[2025-07-14T12:45:23.666+0000] {logging_mixin.py:188} INFO - [2025-07-14T12:45:23.666+0000] {dag.py:3036} INFO - Sync 1 DAGs
[2025-07-14T12:45:23.684+0000] {logging_mixin.py:188} INFO - [2025-07-14T12:45:23.684+0000] {dag.py:3823} INFO - Setting next_dagrun for tutorial_taskflow_api to None, run_after=None
[2025-07-14T12:45:23.712+0000] {processor.py:183} INFO - Processing /home/airflow/.local/lib/python3.8/site-packages/airflow/example_dags/tutorial_taskflow_api.py took 0.116 seconds
[2025-07-14T12:45:53.937+0000] {processor.py:161} INFO - Started process (PID=1551) to work on /home/airflow/.local/lib/python3.8/site-packages/airflow/example_dags/tutorial_taskflow_api.py
[2025-07-14T12:45:53.939+0000] {processor.py:830} INFO - Processing file /home/airflow/.local/lib/python3.8/site-packages/airflow/example_dags/tutorial_taskflow_api.py for tasks to queue
[2025-07-14T12:45:53.942+0000] {logging_mixin.py:188} INFO - [2025-07-14T12:45:53.942+0000] {dagbag.py:538} INFO - Filling up the DagBag from /home/airflow/.local/lib/python3.8/site-packages/airflow/example_dags/tutorial_taskflow_api.py
[2025-07-14T12:45:53.956+0000] {processor.py:840} INFO - DAG(s) 'tutorial_taskflow_api' retrieved from /home/airflow/.local/lib/python3.8/site-packages/airflow/example_dags/tutorial_taskflow_api.py
[2025-07-14T12:45:53.992+0000] {logging_mixin.py:188} INFO - [2025-07-14T12:45:53.991+0000] {dag.py:3036} INFO - Sync 1 DAGs
[2025-07-14T12:45:54.013+0000] {logging_mixin.py:188} INFO - [2025-07-14T12:45:54.013+0000] {dag.py:3823} INFO - Setting next_dagrun for tutorial_taskflow_api to None, run_after=None
[2025-07-14T12:45:54.048+0000] {processor.py:183} INFO - Processing /home/airflow/.local/lib/python3.8/site-packages/airflow/example_dags/tutorial_taskflow_api.py took 0.118 seconds
[2025-07-14T12:46:24.651+0000] {processor.py:161} INFO - Started process (PID=1611) to work on /home/airflow/.local/lib/python3.8/site-packages/airflow/example_dags/tutorial_taskflow_api.py
[2025-07-14T12:46:24.653+0000] {processor.py:830} INFO - Processing file /home/airflow/.local/lib/python3.8/site-packages/airflow/example_dags/tutorial_taskflow_api.py for tasks to queue
[2025-07-14T12:46:24.660+0000] {logging_mixin.py:188} INFO - [2025-07-14T12:46:24.659+0000] {dagbag.py:538} INFO - Filling up the DagBag from /home/airflow/.local/lib/python3.8/site-packages/airflow/example_dags/tutorial_taskflow_api.py
[2025-07-14T12:46:24.672+0000] {processor.py:840} INFO - DAG(s) 'tutorial_taskflow_api' retrieved from /home/airflow/.local/lib/python3.8/site-packages/airflow/example_dags/tutorial_taskflow_api.py
[2025-07-14T12:46:24.712+0000] {logging_mixin.py:188} INFO - [2025-07-14T12:46:24.712+0000] {dag.py:3036} INFO - Sync 1 DAGs
[2025-07-14T12:46:24.743+0000] {logging_mixin.py:188} INFO - [2025-07-14T12:46:24.742+0000] {dag.py:3823} INFO - Setting next_dagrun for tutorial_taskflow_api to None, run_after=None
[2025-07-14T12:46:24.777+0000] {processor.py:183} INFO - Processing /home/airflow/.local/lib/python3.8/site-packages/airflow/example_dags/tutorial_taskflow_api.py took 0.132 seconds
[2025-07-14T12:46:55.876+0000] {processor.py:161} INFO - Started process (PID=1671) to work on /home/airflow/.local/lib/python3.8/site-packages/airflow/example_dags/tutorial_taskflow_api.py
[2025-07-14T12:46:55.878+0000] {processor.py:830} INFO - Processing file /home/airflow/.local/lib/python3.8/site-packages/airflow/example_dags/tutorial_taskflow_api.py for tasks to queue
[2025-07-14T12:46:55.880+0000] {logging_mixin.py:188} INFO - [2025-07-14T12:46:55.880+0000] {dagbag.py:538} INFO - Filling up the DagBag from /home/airflow/.local/lib/python3.8/site-packages/airflow/example_dags/tutorial_taskflow_api.py
[2025-07-14T12:46:55.891+0000] {processor.py:840} INFO - DAG(s) 'tutorial_taskflow_api' retrieved from /home/airflow/.local/lib/python3.8/site-packages/airflow/example_dags/tutorial_taskflow_api.py
[2025-07-14T12:46:55.920+0000] {logging_mixin.py:188} INFO - [2025-07-14T12:46:55.919+0000] {dag.py:3036} INFO - Sync 1 DAGs
[2025-07-14T12:46:55.940+0000] {logging_mixin.py:188} INFO - [2025-07-14T12:46:55.940+0000] {dag.py:3823} INFO - Setting next_dagrun for tutorial_taskflow_api to None, run_after=None
[2025-07-14T12:46:55.968+0000] {processor.py:183} INFO - Processing /home/airflow/.local/lib/python3.8/site-packages/airflow/example_dags/tutorial_taskflow_api.py took 0.096 seconds
[2025-07-14T12:47:28.814+0000] {processor.py:161} INFO - Started process (PID=1731) to work on /home/airflow/.local/lib/python3.8/site-packages/airflow/example_dags/tutorial_taskflow_api.py
[2025-07-14T12:47:28.816+0000] {processor.py:830} INFO - Processing file /home/airflow/.local/lib/python3.8/site-packages/airflow/example_dags/tutorial_taskflow_api.py for tasks to queue
[2025-07-14T12:47:28.821+0000] {logging_mixin.py:188} INFO - [2025-07-14T12:47:28.820+0000] {dagbag.py:538} INFO - Filling up the DagBag from /home/airflow/.local/lib/python3.8/site-packages/airflow/example_dags/tutorial_taskflow_api.py
[2025-07-14T12:47:28.840+0000] {processor.py:840} INFO - DAG(s) 'tutorial_taskflow_api' retrieved from /home/airflow/.local/lib/python3.8/site-packages/airflow/example_dags/tutorial_taskflow_api.py
[2025-07-14T12:47:28.892+0000] {logging_mixin.py:188} INFO - [2025-07-14T12:47:28.892+0000] {dag.py:3036} INFO - Sync 1 DAGs
[2025-07-14T12:47:28.928+0000] {logging_mixin.py:188} INFO - [2025-07-14T12:47:28.927+0000] {dag.py:3823} INFO - Setting next_dagrun for tutorial_taskflow_api to None, run_after=None
[2025-07-14T12:47:28.988+0000] {processor.py:183} INFO - Processing /home/airflow/.local/lib/python3.8/site-packages/airflow/example_dags/tutorial_taskflow_api.py took 0.181 seconds
[2025-07-14T12:47:59.903+0000] {processor.py:161} INFO - Started process (PID=1790) to work on /home/airflow/.local/lib/python3.8/site-packages/airflow/example_dags/tutorial_taskflow_api.py
[2025-07-14T12:47:59.905+0000] {processor.py:830} INFO - Processing file /home/airflow/.local/lib/python3.8/site-packages/airflow/example_dags/tutorial_taskflow_api.py for tasks to queue
[2025-07-14T12:47:59.908+0000] {logging_mixin.py:188} INFO - [2025-07-14T12:47:59.908+0000] {dagbag.py:538} INFO - Filling up the DagBag from /home/airflow/.local/lib/python3.8/site-packages/airflow/example_dags/tutorial_taskflow_api.py
[2025-07-14T12:47:59.918+0000] {processor.py:840} INFO - DAG(s) 'tutorial_taskflow_api' retrieved from /home/airflow/.local/lib/python3.8/site-packages/airflow/example_dags/tutorial_taskflow_api.py
[2025-07-14T12:47:59.949+0000] {logging_mixin.py:188} INFO - [2025-07-14T12:47:59.949+0000] {dag.py:3036} INFO - Sync 1 DAGs
[2025-07-14T12:47:59.970+0000] {logging_mixin.py:188} INFO - [2025-07-14T12:47:59.970+0000] {dag.py:3823} INFO - Setting next_dagrun for tutorial_taskflow_api to None, run_after=None
[2025-07-14T12:47:59.995+0000] {processor.py:183} INFO - Processing /home/airflow/.local/lib/python3.8/site-packages/airflow/example_dags/tutorial_taskflow_api.py took 0.098 seconds
[2025-07-14T12:48:31.458+0000] {processor.py:161} INFO - Started process (PID=1850) to work on /home/airflow/.local/lib/python3.8/site-packages/airflow/example_dags/tutorial_taskflow_api.py
[2025-07-14T12:48:31.462+0000] {processor.py:830} INFO - Processing file /home/airflow/.local/lib/python3.8/site-packages/airflow/example_dags/tutorial_taskflow_api.py for tasks to queue
[2025-07-14T12:48:31.467+0000] {logging_mixin.py:188} INFO - [2025-07-14T12:48:31.466+0000] {dagbag.py:538} INFO - Filling up the DagBag from /home/airflow/.local/lib/python3.8/site-packages/airflow/example_dags/tutorial_taskflow_api.py
[2025-07-14T12:48:31.482+0000] {processor.py:840} INFO - DAG(s) 'tutorial_taskflow_api' retrieved from /home/airflow/.local/lib/python3.8/site-packages/airflow/example_dags/tutorial_taskflow_api.py
[2025-07-14T12:48:31.527+0000] {logging_mixin.py:188} INFO - [2025-07-14T12:48:31.527+0000] {dag.py:3036} INFO - Sync 1 DAGs
[2025-07-14T12:48:31.549+0000] {logging_mixin.py:188} INFO - [2025-07-14T12:48:31.549+0000] {dag.py:3823} INFO - Setting next_dagrun for tutorial_taskflow_api to None, run_after=None
[2025-07-14T12:48:31.597+0000] {processor.py:183} INFO - Processing /home/airflow/.local/lib/python3.8/site-packages/airflow/example_dags/tutorial_taskflow_api.py took 0.145 seconds
[2025-07-14T12:49:05.634+0000] {processor.py:161} INFO - Started process (PID=1911) to work on /home/airflow/.local/lib/python3.8/site-packages/airflow/example_dags/tutorial_taskflow_api.py
[2025-07-14T12:49:05.658+0000] {processor.py:830} INFO - Processing file /home/airflow/.local/lib/python3.8/site-packages/airflow/example_dags/tutorial_taskflow_api.py for tasks to queue
[2025-07-14T12:49:05.696+0000] {logging_mixin.py:188} INFO - [2025-07-14T12:49:05.696+0000] {dagbag.py:538} INFO - Filling up the DagBag from /home/airflow/.local/lib/python3.8/site-packages/airflow/example_dags/tutorial_taskflow_api.py
[2025-07-14T12:49:05.722+0000] {processor.py:840} INFO - DAG(s) 'tutorial_taskflow_api' retrieved from /home/airflow/.local/lib/python3.8/site-packages/airflow/example_dags/tutorial_taskflow_api.py
[2025-07-14T12:49:05.819+0000] {logging_mixin.py:188} INFO - [2025-07-14T12:49:05.818+0000] {dag.py:3036} INFO - Sync 1 DAGs
[2025-07-14T12:49:05.927+0000] {logging_mixin.py:188} INFO - [2025-07-14T12:49:05.925+0000] {dag.py:3823} INFO - Setting next_dagrun for tutorial_taskflow_api to None, run_after=None
[2025-07-14T12:49:06.112+0000] {processor.py:183} INFO - Processing /home/airflow/.local/lib/python3.8/site-packages/airflow/example_dags/tutorial_taskflow_api.py took 0.491 seconds
[2025-07-14T12:49:36.481+0000] {processor.py:161} INFO - Started process (PID=1971) to work on /home/airflow/.local/lib/python3.8/site-packages/airflow/example_dags/tutorial_taskflow_api.py
[2025-07-14T12:49:36.484+0000] {processor.py:830} INFO - Processing file /home/airflow/.local/lib/python3.8/site-packages/airflow/example_dags/tutorial_taskflow_api.py for tasks to queue
[2025-07-14T12:49:36.489+0000] {logging_mixin.py:188} INFO - [2025-07-14T12:49:36.488+0000] {dagbag.py:538} INFO - Filling up the DagBag from /home/airflow/.local/lib/python3.8/site-packages/airflow/example_dags/tutorial_taskflow_api.py
[2025-07-14T12:49:36.507+0000] {processor.py:840} INFO - DAG(s) 'tutorial_taskflow_api' retrieved from /home/airflow/.local/lib/python3.8/site-packages/airflow/example_dags/tutorial_taskflow_api.py
[2025-07-14T12:49:36.538+0000] {logging_mixin.py:188} INFO - [2025-07-14T12:49:36.537+0000] {dag.py:3036} INFO - Sync 1 DAGs
[2025-07-14T12:49:36.556+0000] {logging_mixin.py:188} INFO - [2025-07-14T12:49:36.555+0000] {dag.py:3823} INFO - Setting next_dagrun for tutorial_taskflow_api to None, run_after=None
[2025-07-14T12:49:36.591+0000] {processor.py:183} INFO - Processing /home/airflow/.local/lib/python3.8/site-packages/airflow/example_dags/tutorial_taskflow_api.py took 0.118 seconds
[2025-07-14T12:50:07.178+0000] {processor.py:161} INFO - Started process (PID=2031) to work on /home/airflow/.local/lib/python3.8/site-packages/airflow/example_dags/tutorial_taskflow_api.py
[2025-07-14T12:50:07.181+0000] {processor.py:830} INFO - Processing file /home/airflow/.local/lib/python3.8/site-packages/airflow/example_dags/tutorial_taskflow_api.py for tasks to queue
[2025-07-14T12:50:07.187+0000] {logging_mixin.py:188} INFO - [2025-07-14T12:50:07.186+0000] {dagbag.py:538} INFO - Filling up the DagBag from /home/airflow/.local/lib/python3.8/site-packages/airflow/example_dags/tutorial_taskflow_api.py
[2025-07-14T12:50:07.198+0000] {processor.py:840} INFO - DAG(s) 'tutorial_taskflow_api' retrieved from /home/airflow/.local/lib/python3.8/site-packages/airflow/example_dags/tutorial_taskflow_api.py
[2025-07-14T12:50:07.238+0000] {logging_mixin.py:188} INFO - [2025-07-14T12:50:07.237+0000] {dag.py:3036} INFO - Sync 1 DAGs
[2025-07-14T12:50:07.259+0000] {logging_mixin.py:188} INFO - [2025-07-14T12:50:07.259+0000] {dag.py:3823} INFO - Setting next_dagrun for tutorial_taskflow_api to None, run_after=None
[2025-07-14T12:50:07.292+0000] {processor.py:183} INFO - Processing /home/airflow/.local/lib/python3.8/site-packages/airflow/example_dags/tutorial_taskflow_api.py took 0.121 seconds
[2025-07-14T12:50:38.022+0000] {processor.py:161} INFO - Started process (PID=2089) to work on /home/airflow/.local/lib/python3.8/site-packages/airflow/example_dags/tutorial_taskflow_api.py
[2025-07-14T12:50:38.024+0000] {processor.py:830} INFO - Processing file /home/airflow/.local/lib/python3.8/site-packages/airflow/example_dags/tutorial_taskflow_api.py for tasks to queue
[2025-07-14T12:50:38.029+0000] {logging_mixin.py:188} INFO - [2025-07-14T12:50:38.027+0000] {dagbag.py:538} INFO - Filling up the DagBag from /home/airflow/.local/lib/python3.8/site-packages/airflow/example_dags/tutorial_taskflow_api.py
[2025-07-14T12:50:38.093+0000] {processor.py:840} INFO - DAG(s) 'tutorial_taskflow_api' retrieved from /home/airflow/.local/lib/python3.8/site-packages/airflow/example_dags/tutorial_taskflow_api.py
[2025-07-14T12:50:38.159+0000] {logging_mixin.py:188} INFO - [2025-07-14T12:50:38.158+0000] {dag.py:3036} INFO - Sync 1 DAGs
[2025-07-14T12:50:38.211+0000] {logging_mixin.py:188} INFO - [2025-07-14T12:50:38.211+0000] {dag.py:3823} INFO - Setting next_dagrun for tutorial_taskflow_api to None, run_after=None
[2025-07-14T12:50:38.296+0000] {processor.py:183} INFO - Processing /home/airflow/.local/lib/python3.8/site-packages/airflow/example_dags/tutorial_taskflow_api.py took 0.283 seconds
[2025-07-14T12:51:09.129+0000] {processor.py:161} INFO - Started process (PID=2148) to work on /home/airflow/.local/lib/python3.8/site-packages/airflow/example_dags/tutorial_taskflow_api.py
[2025-07-14T12:51:09.139+0000] {processor.py:830} INFO - Processing file /home/airflow/.local/lib/python3.8/site-packages/airflow/example_dags/tutorial_taskflow_api.py for tasks to queue
[2025-07-14T12:51:09.147+0000] {logging_mixin.py:188} INFO - [2025-07-14T12:51:09.146+0000] {dagbag.py:538} INFO - Filling up the DagBag from /home/airflow/.local/lib/python3.8/site-packages/airflow/example_dags/tutorial_taskflow_api.py
[2025-07-14T12:51:09.191+0000] {processor.py:840} INFO - DAG(s) 'tutorial_taskflow_api' retrieved from /home/airflow/.local/lib/python3.8/site-packages/airflow/example_dags/tutorial_taskflow_api.py
[2025-07-14T12:51:09.276+0000] {logging_mixin.py:188} INFO - [2025-07-14T12:51:09.276+0000] {dag.py:3036} INFO - Sync 1 DAGs
[2025-07-14T12:51:09.320+0000] {logging_mixin.py:188} INFO - [2025-07-14T12:51:09.320+0000] {dag.py:3823} INFO - Setting next_dagrun for tutorial_taskflow_api to None, run_after=None
[2025-07-14T12:51:09.369+0000] {processor.py:183} INFO - Processing /home/airflow/.local/lib/python3.8/site-packages/airflow/example_dags/tutorial_taskflow_api.py took 0.257 seconds
[2025-07-14T12:51:40.346+0000] {processor.py:161} INFO - Started process (PID=2206) to work on /home/airflow/.local/lib/python3.8/site-packages/airflow/example_dags/tutorial_taskflow_api.py
[2025-07-14T12:51:40.349+0000] {processor.py:830} INFO - Processing file /home/airflow/.local/lib/python3.8/site-packages/airflow/example_dags/tutorial_taskflow_api.py for tasks to queue
[2025-07-14T12:51:40.357+0000] {logging_mixin.py:188} INFO - [2025-07-14T12:51:40.356+0000] {dagbag.py:538} INFO - Filling up the DagBag from /home/airflow/.local/lib/python3.8/site-packages/airflow/example_dags/tutorial_taskflow_api.py
[2025-07-14T12:51:40.378+0000] {processor.py:840} INFO - DAG(s) 'tutorial_taskflow_api' retrieved from /home/airflow/.local/lib/python3.8/site-packages/airflow/example_dags/tutorial_taskflow_api.py
[2025-07-14T12:51:40.766+0000] {logging_mixin.py:188} INFO - [2025-07-14T12:51:40.764+0000] {dag.py:3036} INFO - Sync 1 DAGs
[2025-07-14T12:51:40.822+0000] {logging_mixin.py:188} INFO - [2025-07-14T12:51:40.820+0000] {dag.py:3823} INFO - Setting next_dagrun for tutorial_taskflow_api to None, run_after=None
[2025-07-14T12:51:40.881+0000] {processor.py:183} INFO - Processing /home/airflow/.local/lib/python3.8/site-packages/airflow/example_dags/tutorial_taskflow_api.py took 0.544 seconds
[2025-07-14T12:52:11.268+0000] {processor.py:161} INFO - Started process (PID=2265) to work on /home/airflow/.local/lib/python3.8/site-packages/airflow/example_dags/tutorial_taskflow_api.py
[2025-07-14T12:52:11.270+0000] {processor.py:830} INFO - Processing file /home/airflow/.local/lib/python3.8/site-packages/airflow/example_dags/tutorial_taskflow_api.py for tasks to queue
[2025-07-14T12:52:11.273+0000] {logging_mixin.py:188} INFO - [2025-07-14T12:52:11.273+0000] {dagbag.py:538} INFO - Filling up the DagBag from /home/airflow/.local/lib/python3.8/site-packages/airflow/example_dags/tutorial_taskflow_api.py
[2025-07-14T12:52:11.290+0000] {processor.py:840} INFO - DAG(s) 'tutorial_taskflow_api' retrieved from /home/airflow/.local/lib/python3.8/site-packages/airflow/example_dags/tutorial_taskflow_api.py
[2025-07-14T12:52:11.348+0000] {logging_mixin.py:188} INFO - [2025-07-14T12:52:11.348+0000] {dag.py:3036} INFO - Sync 1 DAGs
[2025-07-14T12:52:11.386+0000] {logging_mixin.py:188} INFO - [2025-07-14T12:52:11.386+0000] {dag.py:3823} INFO - Setting next_dagrun for tutorial_taskflow_api to None, run_after=None
[2025-07-14T12:52:11.457+0000] {processor.py:183} INFO - Processing /home/airflow/.local/lib/python3.8/site-packages/airflow/example_dags/tutorial_taskflow_api.py took 0.197 seconds
[2025-07-14T12:52:41.725+0000] {processor.py:161} INFO - Started process (PID=2325) to work on /home/airflow/.local/lib/python3.8/site-packages/airflow/example_dags/tutorial_taskflow_api.py
[2025-07-14T12:52:41.729+0000] {processor.py:830} INFO - Processing file /home/airflow/.local/lib/python3.8/site-packages/airflow/example_dags/tutorial_taskflow_api.py for tasks to queue
[2025-07-14T12:52:41.733+0000] {logging_mixin.py:188} INFO - [2025-07-14T12:52:41.732+0000] {dagbag.py:538} INFO - Filling up the DagBag from /home/airflow/.local/lib/python3.8/site-packages/airflow/example_dags/tutorial_taskflow_api.py
[2025-07-14T12:52:41.744+0000] {processor.py:840} INFO - DAG(s) 'tutorial_taskflow_api' retrieved from /home/airflow/.local/lib/python3.8/site-packages/airflow/example_dags/tutorial_taskflow_api.py
[2025-07-14T12:52:41.805+0000] {logging_mixin.py:188} INFO - [2025-07-14T12:52:41.804+0000] {dag.py:3036} INFO - Sync 1 DAGs
[2025-07-14T12:52:41.830+0000] {logging_mixin.py:188} INFO - [2025-07-14T12:52:41.829+0000] {dag.py:3823} INFO - Setting next_dagrun for tutorial_taskflow_api to None, run_after=None
[2025-07-14T12:52:41.870+0000] {processor.py:183} INFO - Processing /home/airflow/.local/lib/python3.8/site-packages/airflow/example_dags/tutorial_taskflow_api.py took 0.152 seconds
[2025-07-14T12:53:12.056+0000] {processor.py:161} INFO - Started process (PID=2385) to work on /home/airflow/.local/lib/python3.8/site-packages/airflow/example_dags/tutorial_taskflow_api.py
[2025-07-14T12:53:12.060+0000] {processor.py:830} INFO - Processing file /home/airflow/.local/lib/python3.8/site-packages/airflow/example_dags/tutorial_taskflow_api.py for tasks to queue
[2025-07-14T12:53:12.067+0000] {logging_mixin.py:188} INFO - [2025-07-14T12:53:12.067+0000] {dagbag.py:538} INFO - Filling up the DagBag from /home/airflow/.local/lib/python3.8/site-packages/airflow/example_dags/tutorial_taskflow_api.py
[2025-07-14T12:53:12.093+0000] {processor.py:840} INFO - DAG(s) 'tutorial_taskflow_api' retrieved from /home/airflow/.local/lib/python3.8/site-packages/airflow/example_dags/tutorial_taskflow_api.py
[2025-07-14T12:53:12.260+0000] {logging_mixin.py:188} INFO - [2025-07-14T12:53:12.260+0000] {dag.py:3036} INFO - Sync 1 DAGs
[2025-07-14T12:53:12.394+0000] {logging_mixin.py:188} INFO - [2025-07-14T12:53:12.393+0000] {dag.py:3823} INFO - Setting next_dagrun for tutorial_taskflow_api to None, run_after=None
[2025-07-14T12:53:12.457+0000] {processor.py:183} INFO - Processing /home/airflow/.local/lib/python3.8/site-packages/airflow/example_dags/tutorial_taskflow_api.py took 0.409 seconds
[2025-07-14T12:53:43.215+0000] {processor.py:161} INFO - Started process (PID=2444) to work on /home/airflow/.local/lib/python3.8/site-packages/airflow/example_dags/tutorial_taskflow_api.py
[2025-07-14T12:53:43.218+0000] {processor.py:830} INFO - Processing file /home/airflow/.local/lib/python3.8/site-packages/airflow/example_dags/tutorial_taskflow_api.py for tasks to queue
[2025-07-14T12:53:43.223+0000] {logging_mixin.py:188} INFO - [2025-07-14T12:53:43.222+0000] {dagbag.py:538} INFO - Filling up the DagBag from /home/airflow/.local/lib/python3.8/site-packages/airflow/example_dags/tutorial_taskflow_api.py
[2025-07-14T12:53:43.238+0000] {processor.py:840} INFO - DAG(s) 'tutorial_taskflow_api' retrieved from /home/airflow/.local/lib/python3.8/site-packages/airflow/example_dags/tutorial_taskflow_api.py
[2025-07-14T12:53:43.286+0000] {logging_mixin.py:188} INFO - [2025-07-14T12:53:43.285+0000] {dag.py:3036} INFO - Sync 1 DAGs
[2025-07-14T12:53:43.312+0000] {logging_mixin.py:188} INFO - [2025-07-14T12:53:43.312+0000] {dag.py:3823} INFO - Setting next_dagrun for tutorial_taskflow_api to None, run_after=None
[2025-07-14T12:53:43.353+0000] {processor.py:183} INFO - Processing /home/airflow/.local/lib/python3.8/site-packages/airflow/example_dags/tutorial_taskflow_api.py took 0.145 seconds
[2025-07-14T12:54:13.401+0000] {processor.py:161} INFO - Started process (PID=2503) to work on /home/airflow/.local/lib/python3.8/site-packages/airflow/example_dags/tutorial_taskflow_api.py
[2025-07-14T12:54:13.403+0000] {processor.py:830} INFO - Processing file /home/airflow/.local/lib/python3.8/site-packages/airflow/example_dags/tutorial_taskflow_api.py for tasks to queue
[2025-07-14T12:54:13.407+0000] {logging_mixin.py:188} INFO - [2025-07-14T12:54:13.406+0000] {dagbag.py:538} INFO - Filling up the DagBag from /home/airflow/.local/lib/python3.8/site-packages/airflow/example_dags/tutorial_taskflow_api.py
[2025-07-14T12:54:13.420+0000] {processor.py:840} INFO - DAG(s) 'tutorial_taskflow_api' retrieved from /home/airflow/.local/lib/python3.8/site-packages/airflow/example_dags/tutorial_taskflow_api.py
[2025-07-14T12:54:13.490+0000] {logging_mixin.py:188} INFO - [2025-07-14T12:54:13.489+0000] {dag.py:3036} INFO - Sync 1 DAGs
[2025-07-14T12:54:13.517+0000] {logging_mixin.py:188} INFO - [2025-07-14T12:54:13.516+0000] {dag.py:3823} INFO - Setting next_dagrun for tutorial_taskflow_api to None, run_after=None
[2025-07-14T12:54:13.563+0000] {processor.py:183} INFO - Processing /home/airflow/.local/lib/python3.8/site-packages/airflow/example_dags/tutorial_taskflow_api.py took 0.166 seconds
[2025-07-14T12:54:44.098+0000] {processor.py:161} INFO - Started process (PID=2564) to work on /home/airflow/.local/lib/python3.8/site-packages/airflow/example_dags/tutorial_taskflow_api.py
[2025-07-14T12:54:44.103+0000] {processor.py:830} INFO - Processing file /home/airflow/.local/lib/python3.8/site-packages/airflow/example_dags/tutorial_taskflow_api.py for tasks to queue
[2025-07-14T12:54:44.110+0000] {logging_mixin.py:188} INFO - [2025-07-14T12:54:44.109+0000] {dagbag.py:538} INFO - Filling up the DagBag from /home/airflow/.local/lib/python3.8/site-packages/airflow/example_dags/tutorial_taskflow_api.py
[2025-07-14T12:54:44.121+0000] {processor.py:840} INFO - DAG(s) 'tutorial_taskflow_api' retrieved from /home/airflow/.local/lib/python3.8/site-packages/airflow/example_dags/tutorial_taskflow_api.py
[2025-07-14T12:54:44.161+0000] {logging_mixin.py:188} INFO - [2025-07-14T12:54:44.161+0000] {dag.py:3036} INFO - Sync 1 DAGs
[2025-07-14T12:54:44.181+0000] {logging_mixin.py:188} INFO - [2025-07-14T12:54:44.181+0000] {dag.py:3823} INFO - Setting next_dagrun for tutorial_taskflow_api to None, run_after=None
[2025-07-14T12:54:44.222+0000] {processor.py:183} INFO - Processing /home/airflow/.local/lib/python3.8/site-packages/airflow/example_dags/tutorial_taskflow_api.py took 0.131 seconds
[2025-07-14T12:55:14.420+0000] {processor.py:161} INFO - Started process (PID=2624) to work on /home/airflow/.local/lib/python3.8/site-packages/airflow/example_dags/tutorial_taskflow_api.py
[2025-07-14T12:55:14.422+0000] {processor.py:830} INFO - Processing file /home/airflow/.local/lib/python3.8/site-packages/airflow/example_dags/tutorial_taskflow_api.py for tasks to queue
[2025-07-14T12:55:14.425+0000] {logging_mixin.py:188} INFO - [2025-07-14T12:55:14.425+0000] {dagbag.py:538} INFO - Filling up the DagBag from /home/airflow/.local/lib/python3.8/site-packages/airflow/example_dags/tutorial_taskflow_api.py
[2025-07-14T12:55:14.437+0000] {processor.py:840} INFO - DAG(s) 'tutorial_taskflow_api' retrieved from /home/airflow/.local/lib/python3.8/site-packages/airflow/example_dags/tutorial_taskflow_api.py
[2025-07-14T12:55:14.475+0000] {logging_mixin.py:188} INFO - [2025-07-14T12:55:14.475+0000] {dag.py:3036} INFO - Sync 1 DAGs
[2025-07-14T12:55:14.504+0000] {logging_mixin.py:188} INFO - [2025-07-14T12:55:14.502+0000] {dag.py:3823} INFO - Setting next_dagrun for tutorial_taskflow_api to None, run_after=None
[2025-07-14T12:55:14.541+0000] {processor.py:183} INFO - Processing /home/airflow/.local/lib/python3.8/site-packages/airflow/example_dags/tutorial_taskflow_api.py took 0.128 seconds
[2025-07-14T12:55:45.633+0000] {processor.py:161} INFO - Started process (PID=2683) to work on /home/airflow/.local/lib/python3.8/site-packages/airflow/example_dags/tutorial_taskflow_api.py
[2025-07-14T12:55:45.639+0000] {processor.py:830} INFO - Processing file /home/airflow/.local/lib/python3.8/site-packages/airflow/example_dags/tutorial_taskflow_api.py for tasks to queue
[2025-07-14T12:55:45.644+0000] {logging_mixin.py:188} INFO - [2025-07-14T12:55:45.643+0000] {dagbag.py:538} INFO - Filling up the DagBag from /home/airflow/.local/lib/python3.8/site-packages/airflow/example_dags/tutorial_taskflow_api.py
[2025-07-14T12:55:45.676+0000] {processor.py:840} INFO - DAG(s) 'tutorial_taskflow_api' retrieved from /home/airflow/.local/lib/python3.8/site-packages/airflow/example_dags/tutorial_taskflow_api.py
[2025-07-14T12:55:45.729+0000] {logging_mixin.py:188} INFO - [2025-07-14T12:55:45.728+0000] {dag.py:3036} INFO - Sync 1 DAGs
[2025-07-14T12:55:45.761+0000] {logging_mixin.py:188} INFO - [2025-07-14T12:55:45.761+0000] {dag.py:3823} INFO - Setting next_dagrun for tutorial_taskflow_api to None, run_after=None
[2025-07-14T12:55:46.058+0000] {processor.py:183} INFO - Processing /home/airflow/.local/lib/python3.8/site-packages/airflow/example_dags/tutorial_taskflow_api.py took 0.433 seconds
[2025-07-14T12:56:16.623+0000] {processor.py:161} INFO - Started process (PID=2743) to work on /home/airflow/.local/lib/python3.8/site-packages/airflow/example_dags/tutorial_taskflow_api.py
[2025-07-14T12:56:16.625+0000] {processor.py:830} INFO - Processing file /home/airflow/.local/lib/python3.8/site-packages/airflow/example_dags/tutorial_taskflow_api.py for tasks to queue
[2025-07-14T12:56:16.630+0000] {logging_mixin.py:188} INFO - [2025-07-14T12:56:16.629+0000] {dagbag.py:538} INFO - Filling up the DagBag from /home/airflow/.local/lib/python3.8/site-packages/airflow/example_dags/tutorial_taskflow_api.py
[2025-07-14T12:56:16.641+0000] {processor.py:840} INFO - DAG(s) 'tutorial_taskflow_api' retrieved from /home/airflow/.local/lib/python3.8/site-packages/airflow/example_dags/tutorial_taskflow_api.py
[2025-07-14T12:56:16.706+0000] {logging_mixin.py:188} INFO - [2025-07-14T12:56:16.705+0000] {dag.py:3036} INFO - Sync 1 DAGs
[2025-07-14T12:56:16.738+0000] {logging_mixin.py:188} INFO - [2025-07-14T12:56:16.738+0000] {dag.py:3823} INFO - Setting next_dagrun for tutorial_taskflow_api to None, run_after=None
[2025-07-14T12:56:16.789+0000] {processor.py:183} INFO - Processing /home/airflow/.local/lib/python3.8/site-packages/airflow/example_dags/tutorial_taskflow_api.py took 0.172 seconds
[2025-07-14T12:56:46.970+0000] {processor.py:161} INFO - Started process (PID=2802) to work on /home/airflow/.local/lib/python3.8/site-packages/airflow/example_dags/tutorial_taskflow_api.py
[2025-07-14T12:56:46.973+0000] {processor.py:830} INFO - Processing file /home/airflow/.local/lib/python3.8/site-packages/airflow/example_dags/tutorial_taskflow_api.py for tasks to queue
[2025-07-14T12:56:46.979+0000] {logging_mixin.py:188} INFO - [2025-07-14T12:56:46.979+0000] {dagbag.py:538} INFO - Filling up the DagBag from /home/airflow/.local/lib/python3.8/site-packages/airflow/example_dags/tutorial_taskflow_api.py
[2025-07-14T12:56:47.008+0000] {processor.py:840} INFO - DAG(s) 'tutorial_taskflow_api' retrieved from /home/airflow/.local/lib/python3.8/site-packages/airflow/example_dags/tutorial_taskflow_api.py
[2025-07-14T12:56:47.096+0000] {logging_mixin.py:188} INFO - [2025-07-14T12:56:47.095+0000] {dag.py:3036} INFO - Sync 1 DAGs
[2025-07-14T12:56:47.128+0000] {logging_mixin.py:188} INFO - [2025-07-14T12:56:47.128+0000] {dag.py:3823} INFO - Setting next_dagrun for tutorial_taskflow_api to None, run_after=None
[2025-07-14T12:56:47.197+0000] {processor.py:183} INFO - Processing /home/airflow/.local/lib/python3.8/site-packages/airflow/example_dags/tutorial_taskflow_api.py took 0.235 seconds
[2025-07-14T12:57:17.292+0000] {processor.py:161} INFO - Started process (PID=2863) to work on /home/airflow/.local/lib/python3.8/site-packages/airflow/example_dags/tutorial_taskflow_api.py
[2025-07-14T12:57:17.295+0000] {processor.py:830} INFO - Processing file /home/airflow/.local/lib/python3.8/site-packages/airflow/example_dags/tutorial_taskflow_api.py for tasks to queue
[2025-07-14T12:57:17.303+0000] {logging_mixin.py:188} INFO - [2025-07-14T12:57:17.301+0000] {dagbag.py:538} INFO - Filling up the DagBag from /home/airflow/.local/lib/python3.8/site-packages/airflow/example_dags/tutorial_taskflow_api.py
[2025-07-14T12:57:17.321+0000] {processor.py:840} INFO - DAG(s) 'tutorial_taskflow_api' retrieved from /home/airflow/.local/lib/python3.8/site-packages/airflow/example_dags/tutorial_taskflow_api.py
[2025-07-14T12:57:17.388+0000] {logging_mixin.py:188} INFO - [2025-07-14T12:57:17.387+0000] {dag.py:3036} INFO - Sync 1 DAGs
[2025-07-14T12:57:17.421+0000] {logging_mixin.py:188} INFO - [2025-07-14T12:57:17.421+0000] {dag.py:3823} INFO - Setting next_dagrun for tutorial_taskflow_api to None, run_after=None
[2025-07-14T12:57:17.478+0000] {processor.py:183} INFO - Processing /home/airflow/.local/lib/python3.8/site-packages/airflow/example_dags/tutorial_taskflow_api.py took 0.193 seconds
[2025-07-14T12:57:48.118+0000] {processor.py:161} INFO - Started process (PID=2922) to work on /home/airflow/.local/lib/python3.8/site-packages/airflow/example_dags/tutorial_taskflow_api.py
[2025-07-14T12:57:48.120+0000] {processor.py:830} INFO - Processing file /home/airflow/.local/lib/python3.8/site-packages/airflow/example_dags/tutorial_taskflow_api.py for tasks to queue
[2025-07-14T12:57:48.123+0000] {logging_mixin.py:188} INFO - [2025-07-14T12:57:48.123+0000] {dagbag.py:538} INFO - Filling up the DagBag from /home/airflow/.local/lib/python3.8/site-packages/airflow/example_dags/tutorial_taskflow_api.py
[2025-07-14T12:57:48.133+0000] {processor.py:840} INFO - DAG(s) 'tutorial_taskflow_api' retrieved from /home/airflow/.local/lib/python3.8/site-packages/airflow/example_dags/tutorial_taskflow_api.py
[2025-07-14T12:57:48.166+0000] {logging_mixin.py:188} INFO - [2025-07-14T12:57:48.166+0000] {dag.py:3036} INFO - Sync 1 DAGs
[2025-07-14T12:57:48.192+0000] {logging_mixin.py:188} INFO - [2025-07-14T12:57:48.191+0000] {dag.py:3823} INFO - Setting next_dagrun for tutorial_taskflow_api to None, run_after=None
[2025-07-14T12:57:48.228+0000] {processor.py:183} INFO - Processing /home/airflow/.local/lib/python3.8/site-packages/airflow/example_dags/tutorial_taskflow_api.py took 0.115 seconds
[2025-07-14T12:58:19.506+0000] {processor.py:161} INFO - Started process (PID=2981) to work on /home/airflow/.local/lib/python3.8/site-packages/airflow/example_dags/tutorial_taskflow_api.py
[2025-07-14T12:58:19.509+0000] {processor.py:830} INFO - Processing file /home/airflow/.local/lib/python3.8/site-packages/airflow/example_dags/tutorial_taskflow_api.py for tasks to queue
[2025-07-14T12:58:19.513+0000] {logging_mixin.py:188} INFO - [2025-07-14T12:58:19.512+0000] {dagbag.py:538} INFO - Filling up the DagBag from /home/airflow/.local/lib/python3.8/site-packages/airflow/example_dags/tutorial_taskflow_api.py
[2025-07-14T12:58:19.546+0000] {processor.py:840} INFO - DAG(s) 'tutorial_taskflow_api' retrieved from /home/airflow/.local/lib/python3.8/site-packages/airflow/example_dags/tutorial_taskflow_api.py
[2025-07-14T12:58:19.707+0000] {logging_mixin.py:188} INFO - [2025-07-14T12:58:19.706+0000] {dag.py:3036} INFO - Sync 1 DAGs
[2025-07-14T12:58:20.383+0000] {logging_mixin.py:188} INFO - [2025-07-14T12:58:20.383+0000] {dag.py:3823} INFO - Setting next_dagrun for tutorial_taskflow_api to None, run_after=None
[2025-07-14T12:58:20.427+0000] {processor.py:183} INFO - Processing /home/airflow/.local/lib/python3.8/site-packages/airflow/example_dags/tutorial_taskflow_api.py took 0.929 seconds
[2025-07-14T12:58:50.480+0000] {processor.py:161} INFO - Started process (PID=3038) to work on /home/airflow/.local/lib/python3.8/site-packages/airflow/example_dags/tutorial_taskflow_api.py
[2025-07-14T12:58:50.483+0000] {processor.py:830} INFO - Processing file /home/airflow/.local/lib/python3.8/site-packages/airflow/example_dags/tutorial_taskflow_api.py for tasks to queue
[2025-07-14T12:58:50.488+0000] {logging_mixin.py:188} INFO - [2025-07-14T12:58:50.488+0000] {dagbag.py:538} INFO - Filling up the DagBag from /home/airflow/.local/lib/python3.8/site-packages/airflow/example_dags/tutorial_taskflow_api.py
[2025-07-14T12:58:50.515+0000] {processor.py:840} INFO - DAG(s) 'tutorial_taskflow_api' retrieved from /home/airflow/.local/lib/python3.8/site-packages/airflow/example_dags/tutorial_taskflow_api.py
[2025-07-14T12:58:50.657+0000] {logging_mixin.py:188} INFO - [2025-07-14T12:58:50.657+0000] {dag.py:3036} INFO - Sync 1 DAGs
[2025-07-14T12:58:50.704+0000] {logging_mixin.py:188} INFO - [2025-07-14T12:58:50.703+0000] {dag.py:3823} INFO - Setting next_dagrun for tutorial_taskflow_api to None, run_after=None
[2025-07-14T12:58:51.264+0000] {processor.py:183} INFO - Processing /home/airflow/.local/lib/python3.8/site-packages/airflow/example_dags/tutorial_taskflow_api.py took 0.789 seconds
[2025-07-14T12:59:21.621+0000] {processor.py:161} INFO - Started process (PID=3103) to work on /home/airflow/.local/lib/python3.8/site-packages/airflow/example_dags/tutorial_taskflow_api.py
[2025-07-14T12:59:21.625+0000] {processor.py:830} INFO - Processing file /home/airflow/.local/lib/python3.8/site-packages/airflow/example_dags/tutorial_taskflow_api.py for tasks to queue
[2025-07-14T12:59:21.630+0000] {logging_mixin.py:188} INFO - [2025-07-14T12:59:21.629+0000] {dagbag.py:538} INFO - Filling up the DagBag from /home/airflow/.local/lib/python3.8/site-packages/airflow/example_dags/tutorial_taskflow_api.py
[2025-07-14T12:59:21.650+0000] {processor.py:840} INFO - DAG(s) 'tutorial_taskflow_api' retrieved from /home/airflow/.local/lib/python3.8/site-packages/airflow/example_dags/tutorial_taskflow_api.py
[2025-07-14T12:59:21.694+0000] {logging_mixin.py:188} INFO - [2025-07-14T12:59:21.693+0000] {dag.py:3036} INFO - Sync 1 DAGs
[2025-07-14T12:59:21.727+0000] {logging_mixin.py:188} INFO - [2025-07-14T12:59:21.726+0000] {dag.py:3823} INFO - Setting next_dagrun for tutorial_taskflow_api to None, run_after=None
[2025-07-14T12:59:21.822+0000] {processor.py:183} INFO - Processing /home/airflow/.local/lib/python3.8/site-packages/airflow/example_dags/tutorial_taskflow_api.py took 0.207 seconds
[2025-07-14T12:59:52.090+0000] {processor.py:161} INFO - Started process (PID=3163) to work on /home/airflow/.local/lib/python3.8/site-packages/airflow/example_dags/tutorial_taskflow_api.py
[2025-07-14T12:59:52.093+0000] {processor.py:830} INFO - Processing file /home/airflow/.local/lib/python3.8/site-packages/airflow/example_dags/tutorial_taskflow_api.py for tasks to queue
[2025-07-14T12:59:52.096+0000] {logging_mixin.py:188} INFO - [2025-07-14T12:59:52.096+0000] {dagbag.py:538} INFO - Filling up the DagBag from /home/airflow/.local/lib/python3.8/site-packages/airflow/example_dags/tutorial_taskflow_api.py
[2025-07-14T12:59:52.109+0000] {processor.py:840} INFO - DAG(s) 'tutorial_taskflow_api' retrieved from /home/airflow/.local/lib/python3.8/site-packages/airflow/example_dags/tutorial_taskflow_api.py
[2025-07-14T12:59:52.145+0000] {logging_mixin.py:188} INFO - [2025-07-14T12:59:52.144+0000] {dag.py:3036} INFO - Sync 1 DAGs
[2025-07-14T12:59:52.170+0000] {logging_mixin.py:188} INFO - [2025-07-14T12:59:52.170+0000] {dag.py:3823} INFO - Setting next_dagrun for tutorial_taskflow_api to None, run_after=None
[2025-07-14T12:59:52.216+0000] {processor.py:183} INFO - Processing /home/airflow/.local/lib/python3.8/site-packages/airflow/example_dags/tutorial_taskflow_api.py took 0.131 seconds
[2025-07-14T13:00:22.566+0000] {processor.py:161} INFO - Started process (PID=3223) to work on /home/airflow/.local/lib/python3.8/site-packages/airflow/example_dags/tutorial_taskflow_api.py
[2025-07-14T13:00:22.568+0000] {processor.py:830} INFO - Processing file /home/airflow/.local/lib/python3.8/site-packages/airflow/example_dags/tutorial_taskflow_api.py for tasks to queue
[2025-07-14T13:00:22.572+0000] {logging_mixin.py:188} INFO - [2025-07-14T13:00:22.571+0000] {dagbag.py:538} INFO - Filling up the DagBag from /home/airflow/.local/lib/python3.8/site-packages/airflow/example_dags/tutorial_taskflow_api.py
[2025-07-14T13:00:22.586+0000] {processor.py:840} INFO - DAG(s) 'tutorial_taskflow_api' retrieved from /home/airflow/.local/lib/python3.8/site-packages/airflow/example_dags/tutorial_taskflow_api.py
[2025-07-14T13:00:22.628+0000] {logging_mixin.py:188} INFO - [2025-07-14T13:00:22.627+0000] {dag.py:3036} INFO - Sync 1 DAGs
[2025-07-14T13:00:22.704+0000] {logging_mixin.py:188} INFO - [2025-07-14T13:00:22.699+0000] {dag.py:3823} INFO - Setting next_dagrun for tutorial_taskflow_api to None, run_after=None
[2025-07-14T13:00:22.779+0000] {processor.py:183} INFO - Processing /home/airflow/.local/lib/python3.8/site-packages/airflow/example_dags/tutorial_taskflow_api.py took 0.224 seconds
[2025-07-14T13:00:53.772+0000] {processor.py:161} INFO - Started process (PID=3283) to work on /home/airflow/.local/lib/python3.8/site-packages/airflow/example_dags/tutorial_taskflow_api.py
[2025-07-14T13:00:53.774+0000] {processor.py:830} INFO - Processing file /home/airflow/.local/lib/python3.8/site-packages/airflow/example_dags/tutorial_taskflow_api.py for tasks to queue
[2025-07-14T13:00:53.776+0000] {logging_mixin.py:188} INFO - [2025-07-14T13:00:53.776+0000] {dagbag.py:538} INFO - Filling up the DagBag from /home/airflow/.local/lib/python3.8/site-packages/airflow/example_dags/tutorial_taskflow_api.py
[2025-07-14T13:00:53.785+0000] {processor.py:840} INFO - DAG(s) 'tutorial_taskflow_api' retrieved from /home/airflow/.local/lib/python3.8/site-packages/airflow/example_dags/tutorial_taskflow_api.py
[2025-07-14T13:00:53.817+0000] {logging_mixin.py:188} INFO - [2025-07-14T13:00:53.817+0000] {dag.py:3036} INFO - Sync 1 DAGs
[2025-07-14T13:00:53.842+0000] {logging_mixin.py:188} INFO - [2025-07-14T13:00:53.842+0000] {dag.py:3823} INFO - Setting next_dagrun for tutorial_taskflow_api to None, run_after=None
[2025-07-14T13:00:53.877+0000] {processor.py:183} INFO - Processing /home/airflow/.local/lib/python3.8/site-packages/airflow/example_dags/tutorial_taskflow_api.py took 0.110 seconds
[2025-07-14T13:01:24.155+0000] {processor.py:161} INFO - Started process (PID=3343) to work on /home/airflow/.local/lib/python3.8/site-packages/airflow/example_dags/tutorial_taskflow_api.py
[2025-07-14T13:01:24.157+0000] {processor.py:830} INFO - Processing file /home/airflow/.local/lib/python3.8/site-packages/airflow/example_dags/tutorial_taskflow_api.py for tasks to queue
[2025-07-14T13:01:24.161+0000] {logging_mixin.py:188} INFO - [2025-07-14T13:01:24.161+0000] {dagbag.py:538} INFO - Filling up the DagBag from /home/airflow/.local/lib/python3.8/site-packages/airflow/example_dags/tutorial_taskflow_api.py
[2025-07-14T13:01:24.177+0000] {processor.py:840} INFO - DAG(s) 'tutorial_taskflow_api' retrieved from /home/airflow/.local/lib/python3.8/site-packages/airflow/example_dags/tutorial_taskflow_api.py
[2025-07-14T13:01:24.224+0000] {logging_mixin.py:188} INFO - [2025-07-14T13:01:24.224+0000] {dag.py:3036} INFO - Sync 1 DAGs
[2025-07-14T13:01:24.254+0000] {logging_mixin.py:188} INFO - [2025-07-14T13:01:24.254+0000] {dag.py:3823} INFO - Setting next_dagrun for tutorial_taskflow_api to None, run_after=None
[2025-07-14T13:01:24.299+0000] {processor.py:183} INFO - Processing /home/airflow/.local/lib/python3.8/site-packages/airflow/example_dags/tutorial_taskflow_api.py took 0.151 seconds
[2025-07-14T13:01:55.068+0000] {processor.py:161} INFO - Started process (PID=3403) to work on /home/airflow/.local/lib/python3.8/site-packages/airflow/example_dags/tutorial_taskflow_api.py
[2025-07-14T13:01:55.069+0000] {processor.py:830} INFO - Processing file /home/airflow/.local/lib/python3.8/site-packages/airflow/example_dags/tutorial_taskflow_api.py for tasks to queue
[2025-07-14T13:01:55.074+0000] {logging_mixin.py:188} INFO - [2025-07-14T13:01:55.073+0000] {dagbag.py:538} INFO - Filling up the DagBag from /home/airflow/.local/lib/python3.8/site-packages/airflow/example_dags/tutorial_taskflow_api.py
[2025-07-14T13:01:55.088+0000] {processor.py:840} INFO - DAG(s) 'tutorial_taskflow_api' retrieved from /home/airflow/.local/lib/python3.8/site-packages/airflow/example_dags/tutorial_taskflow_api.py
[2025-07-14T13:01:55.130+0000] {logging_mixin.py:188} INFO - [2025-07-14T13:01:55.130+0000] {dag.py:3036} INFO - Sync 1 DAGs
[2025-07-14T13:01:55.157+0000] {logging_mixin.py:188} INFO - [2025-07-14T13:01:55.156+0000] {dag.py:3823} INFO - Setting next_dagrun for tutorial_taskflow_api to None, run_after=None
[2025-07-14T13:01:55.202+0000] {processor.py:183} INFO - Processing /home/airflow/.local/lib/python3.8/site-packages/airflow/example_dags/tutorial_taskflow_api.py took 0.140 seconds
[2025-07-14T13:02:26.026+0000] {processor.py:161} INFO - Started process (PID=3463) to work on /home/airflow/.local/lib/python3.8/site-packages/airflow/example_dags/tutorial_taskflow_api.py
[2025-07-14T13:02:26.027+0000] {processor.py:830} INFO - Processing file /home/airflow/.local/lib/python3.8/site-packages/airflow/example_dags/tutorial_taskflow_api.py for tasks to queue
[2025-07-14T13:02:26.033+0000] {logging_mixin.py:188} INFO - [2025-07-14T13:02:26.032+0000] {dagbag.py:538} INFO - Filling up the DagBag from /home/airflow/.local/lib/python3.8/site-packages/airflow/example_dags/tutorial_taskflow_api.py
[2025-07-14T13:02:26.048+0000] {processor.py:840} INFO - DAG(s) 'tutorial_taskflow_api' retrieved from /home/airflow/.local/lib/python3.8/site-packages/airflow/example_dags/tutorial_taskflow_api.py
[2025-07-14T13:02:26.094+0000] {logging_mixin.py:188} INFO - [2025-07-14T13:02:26.094+0000] {dag.py:3036} INFO - Sync 1 DAGs
[2025-07-14T13:02:26.124+0000] {logging_mixin.py:188} INFO - [2025-07-14T13:02:26.123+0000] {dag.py:3823} INFO - Setting next_dagrun for tutorial_taskflow_api to None, run_after=None
[2025-07-14T13:02:26.165+0000] {processor.py:183} INFO - Processing /home/airflow/.local/lib/python3.8/site-packages/airflow/example_dags/tutorial_taskflow_api.py took 0.146 seconds
[2025-07-14T13:02:56.384+0000] {processor.py:161} INFO - Started process (PID=3523) to work on /home/airflow/.local/lib/python3.8/site-packages/airflow/example_dags/tutorial_taskflow_api.py
[2025-07-14T13:02:56.398+0000] {processor.py:830} INFO - Processing file /home/airflow/.local/lib/python3.8/site-packages/airflow/example_dags/tutorial_taskflow_api.py for tasks to queue
[2025-07-14T13:02:56.407+0000] {logging_mixin.py:188} INFO - [2025-07-14T13:02:56.406+0000] {dagbag.py:538} INFO - Filling up the DagBag from /home/airflow/.local/lib/python3.8/site-packages/airflow/example_dags/tutorial_taskflow_api.py
[2025-07-14T13:02:56.424+0000] {processor.py:840} INFO - DAG(s) 'tutorial_taskflow_api' retrieved from /home/airflow/.local/lib/python3.8/site-packages/airflow/example_dags/tutorial_taskflow_api.py
[2025-07-14T13:02:56.473+0000] {logging_mixin.py:188} INFO - [2025-07-14T13:02:56.473+0000] {dag.py:3036} INFO - Sync 1 DAGs
[2025-07-14T13:02:56.533+0000] {logging_mixin.py:188} INFO - [2025-07-14T13:02:56.532+0000] {dag.py:3823} INFO - Setting next_dagrun for tutorial_taskflow_api to None, run_after=None
[2025-07-14T13:02:56.600+0000] {processor.py:183} INFO - Processing /home/airflow/.local/lib/python3.8/site-packages/airflow/example_dags/tutorial_taskflow_api.py took 0.224 seconds
[2025-07-14T13:03:26.684+0000] {processor.py:161} INFO - Started process (PID=3583) to work on /home/airflow/.local/lib/python3.8/site-packages/airflow/example_dags/tutorial_taskflow_api.py
[2025-07-14T13:03:26.686+0000] {processor.py:830} INFO - Processing file /home/airflow/.local/lib/python3.8/site-packages/airflow/example_dags/tutorial_taskflow_api.py for tasks to queue
[2025-07-14T13:03:26.694+0000] {logging_mixin.py:188} INFO - [2025-07-14T13:03:26.693+0000] {dagbag.py:538} INFO - Filling up the DagBag from /home/airflow/.local/lib/python3.8/site-packages/airflow/example_dags/tutorial_taskflow_api.py
[2025-07-14T13:03:26.710+0000] {processor.py:840} INFO - DAG(s) 'tutorial_taskflow_api' retrieved from /home/airflow/.local/lib/python3.8/site-packages/airflow/example_dags/tutorial_taskflow_api.py
[2025-07-14T13:03:26.798+0000] {logging_mixin.py:188} INFO - [2025-07-14T13:03:26.797+0000] {dag.py:3036} INFO - Sync 1 DAGs
[2025-07-14T13:03:26.963+0000] {logging_mixin.py:188} INFO - [2025-07-14T13:03:26.962+0000] {dag.py:3823} INFO - Setting next_dagrun for tutorial_taskflow_api to None, run_after=None
[2025-07-14T13:03:27.142+0000] {processor.py:183} INFO - Processing /home/airflow/.local/lib/python3.8/site-packages/airflow/example_dags/tutorial_taskflow_api.py took 0.464 seconds
[2025-07-14T13:03:57.191+0000] {processor.py:161} INFO - Started process (PID=3643) to work on /home/airflow/.local/lib/python3.8/site-packages/airflow/example_dags/tutorial_taskflow_api.py
[2025-07-14T13:03:57.193+0000] {processor.py:830} INFO - Processing file /home/airflow/.local/lib/python3.8/site-packages/airflow/example_dags/tutorial_taskflow_api.py for tasks to queue
[2025-07-14T13:03:57.199+0000] {logging_mixin.py:188} INFO - [2025-07-14T13:03:57.198+0000] {dagbag.py:538} INFO - Filling up the DagBag from /home/airflow/.local/lib/python3.8/site-packages/airflow/example_dags/tutorial_taskflow_api.py
[2025-07-14T13:03:57.211+0000] {processor.py:840} INFO - DAG(s) 'tutorial_taskflow_api' retrieved from /home/airflow/.local/lib/python3.8/site-packages/airflow/example_dags/tutorial_taskflow_api.py
[2025-07-14T13:03:57.255+0000] {logging_mixin.py:188} INFO - [2025-07-14T13:03:57.254+0000] {dag.py:3036} INFO - Sync 1 DAGs
[2025-07-14T13:03:57.276+0000] {logging_mixin.py:188} INFO - [2025-07-14T13:03:57.276+0000] {dag.py:3823} INFO - Setting next_dagrun for tutorial_taskflow_api to None, run_after=None
[2025-07-14T13:03:57.310+0000] {processor.py:183} INFO - Processing /home/airflow/.local/lib/python3.8/site-packages/airflow/example_dags/tutorial_taskflow_api.py took 0.124 seconds
[2025-07-14T13:04:27.417+0000] {processor.py:161} INFO - Started process (PID=3703) to work on /home/airflow/.local/lib/python3.8/site-packages/airflow/example_dags/tutorial_taskflow_api.py
[2025-07-14T13:04:27.419+0000] {processor.py:830} INFO - Processing file /home/airflow/.local/lib/python3.8/site-packages/airflow/example_dags/tutorial_taskflow_api.py for tasks to queue
[2025-07-14T13:04:27.426+0000] {logging_mixin.py:188} INFO - [2025-07-14T13:04:27.425+0000] {dagbag.py:538} INFO - Filling up the DagBag from /home/airflow/.local/lib/python3.8/site-packages/airflow/example_dags/tutorial_taskflow_api.py
[2025-07-14T13:04:27.440+0000] {processor.py:840} INFO - DAG(s) 'tutorial_taskflow_api' retrieved from /home/airflow/.local/lib/python3.8/site-packages/airflow/example_dags/tutorial_taskflow_api.py
[2025-07-14T13:04:27.482+0000] {logging_mixin.py:188} INFO - [2025-07-14T13:04:27.482+0000] {dag.py:3036} INFO - Sync 1 DAGs
[2025-07-14T13:04:27.508+0000] {logging_mixin.py:188} INFO - [2025-07-14T13:04:27.508+0000] {dag.py:3823} INFO - Setting next_dagrun for tutorial_taskflow_api to None, run_after=None
[2025-07-14T13:04:27.545+0000] {processor.py:183} INFO - Processing /home/airflow/.local/lib/python3.8/site-packages/airflow/example_dags/tutorial_taskflow_api.py took 0.133 seconds
[2025-07-14T13:04:57.769+0000] {processor.py:161} INFO - Started process (PID=3762) to work on /home/airflow/.local/lib/python3.8/site-packages/airflow/example_dags/tutorial_taskflow_api.py
[2025-07-14T13:04:57.770+0000] {processor.py:830} INFO - Processing file /home/airflow/.local/lib/python3.8/site-packages/airflow/example_dags/tutorial_taskflow_api.py for tasks to queue
[2025-07-14T13:04:57.773+0000] {logging_mixin.py:188} INFO - [2025-07-14T13:04:57.772+0000] {dagbag.py:538} INFO - Filling up the DagBag from /home/airflow/.local/lib/python3.8/site-packages/airflow/example_dags/tutorial_taskflow_api.py
[2025-07-14T13:04:57.781+0000] {processor.py:840} INFO - DAG(s) 'tutorial_taskflow_api' retrieved from /home/airflow/.local/lib/python3.8/site-packages/airflow/example_dags/tutorial_taskflow_api.py
[2025-07-14T13:04:57.811+0000] {logging_mixin.py:188} INFO - [2025-07-14T13:04:57.811+0000] {dag.py:3036} INFO - Sync 1 DAGs
[2025-07-14T13:04:57.828+0000] {logging_mixin.py:188} INFO - [2025-07-14T13:04:57.828+0000] {dag.py:3823} INFO - Setting next_dagrun for tutorial_taskflow_api to None, run_after=None
[2025-07-14T13:04:57.858+0000] {processor.py:183} INFO - Processing /home/airflow/.local/lib/python3.8/site-packages/airflow/example_dags/tutorial_taskflow_api.py took 0.094 seconds
[2025-07-14T13:05:28.896+0000] {processor.py:161} INFO - Started process (PID=3822) to work on /home/airflow/.local/lib/python3.8/site-packages/airflow/example_dags/tutorial_taskflow_api.py
[2025-07-14T13:05:28.898+0000] {processor.py:830} INFO - Processing file /home/airflow/.local/lib/python3.8/site-packages/airflow/example_dags/tutorial_taskflow_api.py for tasks to queue
[2025-07-14T13:05:28.902+0000] {logging_mixin.py:188} INFO - [2025-07-14T13:05:28.902+0000] {dagbag.py:538} INFO - Filling up the DagBag from /home/airflow/.local/lib/python3.8/site-packages/airflow/example_dags/tutorial_taskflow_api.py
[2025-07-14T13:05:28.918+0000] {processor.py:840} INFO - DAG(s) 'tutorial_taskflow_api' retrieved from /home/airflow/.local/lib/python3.8/site-packages/airflow/example_dags/tutorial_taskflow_api.py
[2025-07-14T13:05:28.981+0000] {logging_mixin.py:188} INFO - [2025-07-14T13:05:28.981+0000] {dag.py:3036} INFO - Sync 1 DAGs
[2025-07-14T13:05:29.041+0000] {logging_mixin.py:188} INFO - [2025-07-14T13:05:29.040+0000] {dag.py:3823} INFO - Setting next_dagrun for tutorial_taskflow_api to None, run_after=None
[2025-07-14T13:05:29.322+0000] {processor.py:183} INFO - Processing /home/airflow/.local/lib/python3.8/site-packages/airflow/example_dags/tutorial_taskflow_api.py took 0.434 seconds
[2025-07-14T13:05:59.829+0000] {processor.py:161} INFO - Started process (PID=3879) to work on /home/airflow/.local/lib/python3.8/site-packages/airflow/example_dags/tutorial_taskflow_api.py
[2025-07-14T13:05:59.841+0000] {processor.py:830} INFO - Processing file /home/airflow/.local/lib/python3.8/site-packages/airflow/example_dags/tutorial_taskflow_api.py for tasks to queue
[2025-07-14T13:05:59.848+0000] {logging_mixin.py:188} INFO - [2025-07-14T13:05:59.845+0000] {dagbag.py:538} INFO - Filling up the DagBag from /home/airflow/.local/lib/python3.8/site-packages/airflow/example_dags/tutorial_taskflow_api.py
[2025-07-14T13:05:59.913+0000] {processor.py:840} INFO - DAG(s) 'tutorial_taskflow_api' retrieved from /home/airflow/.local/lib/python3.8/site-packages/airflow/example_dags/tutorial_taskflow_api.py
[2025-07-14T13:06:00.098+0000] {logging_mixin.py:188} INFO - [2025-07-14T13:06:00.098+0000] {dag.py:3036} INFO - Sync 1 DAGs
[2025-07-14T13:06:00.246+0000] {logging_mixin.py:188} INFO - [2025-07-14T13:06:00.246+0000] {dag.py:3823} INFO - Setting next_dagrun for tutorial_taskflow_api to None, run_after=None
[2025-07-14T13:06:00.411+0000] {processor.py:183} INFO - Processing /home/airflow/.local/lib/python3.8/site-packages/airflow/example_dags/tutorial_taskflow_api.py took 0.604 seconds
