[2025-07-14T12:33:30.515+0000] {processor.py:161} INFO - Started process (PID=83) to work on /home/airflow/.local/lib/python3.8/site-packages/airflow/example_dags/tutorial_objectstorage.py
[2025-07-14T12:33:30.518+0000] {processor.py:830} INFO - Processing file /home/airflow/.local/lib/python3.8/site-packages/airflow/example_dags/tutorial_objectstorage.py for tasks to queue
[2025-07-14T12:33:30.521+0000] {logging_mixin.py:188} INFO - [2025-07-14T12:33:30.520+0000] {dagbag.py:538} INFO - Filling up the DagBag from /home/airflow/.local/lib/python3.8/site-packages/airflow/example_dags/tutorial_objectstorage.py
[2025-07-14T12:33:30.554+0000] {processor.py:840} INFO - DAG(s) 'tutorial_objectstorage' retrieved from /home/airflow/.local/lib/python3.8/site-packages/airflow/example_dags/tutorial_objectstorage.py
[2025-07-14T12:33:30.638+0000] {logging_mixin.py:188} INFO - [2025-07-14T12:33:30.638+0000] {dag.py:3036} INFO - Sync 1 DAGs
[2025-07-14T12:33:30.719+0000] {logging_mixin.py:188} INFO - [2025-07-14T12:33:30.719+0000] {dag.py:3823} INFO - Setting next_dagrun for tutorial_objectstorage to None, run_after=None
[2025-07-14T12:33:30.779+0000] {processor.py:183} INFO - Processing /home/airflow/.local/lib/python3.8/site-packages/airflow/example_dags/tutorial_objectstorage.py took 0.271 seconds
[2025-07-14T12:34:00.872+0000] {processor.py:161} INFO - Started process (PID=142) to work on /home/airflow/.local/lib/python3.8/site-packages/airflow/example_dags/tutorial_objectstorage.py
[2025-07-14T12:34:00.874+0000] {processor.py:830} INFO - Processing file /home/airflow/.local/lib/python3.8/site-packages/airflow/example_dags/tutorial_objectstorage.py for tasks to queue
[2025-07-14T12:34:00.878+0000] {logging_mixin.py:188} INFO - [2025-07-14T12:34:00.877+0000] {dagbag.py:538} INFO - Filling up the DagBag from /home/airflow/.local/lib/python3.8/site-packages/airflow/example_dags/tutorial_objectstorage.py
[2025-07-14T12:34:00.894+0000] {processor.py:840} INFO - DAG(s) 'tutorial_objectstorage' retrieved from /home/airflow/.local/lib/python3.8/site-packages/airflow/example_dags/tutorial_objectstorage.py
[2025-07-14T12:34:00.944+0000] {logging_mixin.py:188} INFO - [2025-07-14T12:34:00.943+0000] {dag.py:3036} INFO - Sync 1 DAGs
[2025-07-14T12:34:00.970+0000] {logging_mixin.py:188} INFO - [2025-07-14T12:34:00.969+0000] {dag.py:3823} INFO - Setting next_dagrun for tutorial_objectstorage to None, run_after=None
[2025-07-14T12:34:01.021+0000] {processor.py:183} INFO - Processing /home/airflow/.local/lib/python3.8/site-packages/airflow/example_dags/tutorial_objectstorage.py took 0.156 seconds
[2025-07-14T12:34:31.521+0000] {processor.py:161} INFO - Started process (PID=201) to work on /home/airflow/.local/lib/python3.8/site-packages/airflow/example_dags/tutorial_objectstorage.py
[2025-07-14T12:34:31.524+0000] {processor.py:830} INFO - Processing file /home/airflow/.local/lib/python3.8/site-packages/airflow/example_dags/tutorial_objectstorage.py for tasks to queue
[2025-07-14T12:34:31.529+0000] {logging_mixin.py:188} INFO - [2025-07-14T12:34:31.529+0000] {dagbag.py:538} INFO - Filling up the DagBag from /home/airflow/.local/lib/python3.8/site-packages/airflow/example_dags/tutorial_objectstorage.py
[2025-07-14T12:34:31.585+0000] {processor.py:840} INFO - DAG(s) 'tutorial_objectstorage' retrieved from /home/airflow/.local/lib/python3.8/site-packages/airflow/example_dags/tutorial_objectstorage.py
[2025-07-14T12:34:31.681+0000] {logging_mixin.py:188} INFO - [2025-07-14T12:34:31.680+0000] {dag.py:3036} INFO - Sync 1 DAGs
[2025-07-14T12:34:31.719+0000] {logging_mixin.py:188} INFO - [2025-07-14T12:34:31.718+0000] {dag.py:3823} INFO - Setting next_dagrun for tutorial_objectstorage to None, run_after=None
[2025-07-14T12:34:31.891+0000] {processor.py:183} INFO - Processing /home/airflow/.local/lib/python3.8/site-packages/airflow/example_dags/tutorial_objectstorage.py took 0.380 seconds
[2025-07-14T12:35:02.656+0000] {processor.py:161} INFO - Started process (PID=261) to work on /home/airflow/.local/lib/python3.8/site-packages/airflow/example_dags/tutorial_objectstorage.py
[2025-07-14T12:35:02.658+0000] {processor.py:830} INFO - Processing file /home/airflow/.local/lib/python3.8/site-packages/airflow/example_dags/tutorial_objectstorage.py for tasks to queue
[2025-07-14T12:35:02.665+0000] {logging_mixin.py:188} INFO - [2025-07-14T12:35:02.662+0000] {dagbag.py:538} INFO - Filling up the DagBag from /home/airflow/.local/lib/python3.8/site-packages/airflow/example_dags/tutorial_objectstorage.py
[2025-07-14T12:35:02.685+0000] {processor.py:840} INFO - DAG(s) 'tutorial_objectstorage' retrieved from /home/airflow/.local/lib/python3.8/site-packages/airflow/example_dags/tutorial_objectstorage.py
[2025-07-14T12:35:02.726+0000] {logging_mixin.py:188} INFO - [2025-07-14T12:35:02.726+0000] {dag.py:3036} INFO - Sync 1 DAGs
[2025-07-14T12:35:02.746+0000] {logging_mixin.py:188} INFO - [2025-07-14T12:35:02.746+0000] {dag.py:3823} INFO - Setting next_dagrun for tutorial_objectstorage to None, run_after=None
[2025-07-14T12:35:02.780+0000] {processor.py:183} INFO - Processing /home/airflow/.local/lib/python3.8/site-packages/airflow/example_dags/tutorial_objectstorage.py took 0.130 seconds
[2025-07-14T12:35:32.930+0000] {processor.py:161} INFO - Started process (PID=322) to work on /home/airflow/.local/lib/python3.8/site-packages/airflow/example_dags/tutorial_objectstorage.py
[2025-07-14T12:35:32.933+0000] {processor.py:830} INFO - Processing file /home/airflow/.local/lib/python3.8/site-packages/airflow/example_dags/tutorial_objectstorage.py for tasks to queue
[2025-07-14T12:35:32.939+0000] {logging_mixin.py:188} INFO - [2025-07-14T12:35:32.939+0000] {dagbag.py:538} INFO - Filling up the DagBag from /home/airflow/.local/lib/python3.8/site-packages/airflow/example_dags/tutorial_objectstorage.py
[2025-07-14T12:35:32.951+0000] {processor.py:840} INFO - DAG(s) 'tutorial_objectstorage' retrieved from /home/airflow/.local/lib/python3.8/site-packages/airflow/example_dags/tutorial_objectstorage.py
[2025-07-14T12:35:32.983+0000] {logging_mixin.py:188} INFO - [2025-07-14T12:35:32.983+0000] {dag.py:3036} INFO - Sync 1 DAGs
[2025-07-14T12:35:33.000+0000] {logging_mixin.py:188} INFO - [2025-07-14T12:35:33.000+0000] {dag.py:3823} INFO - Setting next_dagrun for tutorial_objectstorage to None, run_after=None
[2025-07-14T12:35:33.032+0000] {processor.py:183} INFO - Processing /home/airflow/.local/lib/python3.8/site-packages/airflow/example_dags/tutorial_objectstorage.py took 0.108 seconds
[2025-07-14T12:36:03.255+0000] {processor.py:161} INFO - Started process (PID=381) to work on /home/airflow/.local/lib/python3.8/site-packages/airflow/example_dags/tutorial_objectstorage.py
[2025-07-14T12:36:03.257+0000] {processor.py:830} INFO - Processing file /home/airflow/.local/lib/python3.8/site-packages/airflow/example_dags/tutorial_objectstorage.py for tasks to queue
[2025-07-14T12:36:03.262+0000] {logging_mixin.py:188} INFO - [2025-07-14T12:36:03.261+0000] {dagbag.py:538} INFO - Filling up the DagBag from /home/airflow/.local/lib/python3.8/site-packages/airflow/example_dags/tutorial_objectstorage.py
[2025-07-14T12:36:03.282+0000] {processor.py:840} INFO - DAG(s) 'tutorial_objectstorage' retrieved from /home/airflow/.local/lib/python3.8/site-packages/airflow/example_dags/tutorial_objectstorage.py
[2025-07-14T12:36:03.331+0000] {logging_mixin.py:188} INFO - [2025-07-14T12:36:03.330+0000] {dag.py:3036} INFO - Sync 1 DAGs
[2025-07-14T12:36:03.355+0000] {logging_mixin.py:188} INFO - [2025-07-14T12:36:03.354+0000] {dag.py:3823} INFO - Setting next_dagrun for tutorial_objectstorage to None, run_after=None
[2025-07-14T12:36:03.391+0000] {processor.py:183} INFO - Processing /home/airflow/.local/lib/python3.8/site-packages/airflow/example_dags/tutorial_objectstorage.py took 0.143 seconds
[2025-07-14T12:36:34.122+0000] {processor.py:161} INFO - Started process (PID=441) to work on /home/airflow/.local/lib/python3.8/site-packages/airflow/example_dags/tutorial_objectstorage.py
[2025-07-14T12:36:34.124+0000] {processor.py:830} INFO - Processing file /home/airflow/.local/lib/python3.8/site-packages/airflow/example_dags/tutorial_objectstorage.py for tasks to queue
[2025-07-14T12:36:34.130+0000] {logging_mixin.py:188} INFO - [2025-07-14T12:36:34.127+0000] {dagbag.py:538} INFO - Filling up the DagBag from /home/airflow/.local/lib/python3.8/site-packages/airflow/example_dags/tutorial_objectstorage.py
[2025-07-14T12:36:34.143+0000] {processor.py:840} INFO - DAG(s) 'tutorial_objectstorage' retrieved from /home/airflow/.local/lib/python3.8/site-packages/airflow/example_dags/tutorial_objectstorage.py
[2025-07-14T12:36:34.178+0000] {logging_mixin.py:188} INFO - [2025-07-14T12:36:34.177+0000] {dag.py:3036} INFO - Sync 1 DAGs
[2025-07-14T12:36:34.196+0000] {logging_mixin.py:188} INFO - [2025-07-14T12:36:34.195+0000] {dag.py:3823} INFO - Setting next_dagrun for tutorial_objectstorage to None, run_after=None
[2025-07-14T12:36:34.224+0000] {processor.py:183} INFO - Processing /home/airflow/.local/lib/python3.8/site-packages/airflow/example_dags/tutorial_objectstorage.py took 0.108 seconds
[2025-07-14T12:37:04.742+0000] {processor.py:161} INFO - Started process (PID=501) to work on /home/airflow/.local/lib/python3.8/site-packages/airflow/example_dags/tutorial_objectstorage.py
[2025-07-14T12:37:04.743+0000] {processor.py:830} INFO - Processing file /home/airflow/.local/lib/python3.8/site-packages/airflow/example_dags/tutorial_objectstorage.py for tasks to queue
[2025-07-14T12:37:04.750+0000] {logging_mixin.py:188} INFO - [2025-07-14T12:37:04.749+0000] {dagbag.py:538} INFO - Filling up the DagBag from /home/airflow/.local/lib/python3.8/site-packages/airflow/example_dags/tutorial_objectstorage.py
[2025-07-14T12:37:04.768+0000] {processor.py:840} INFO - DAG(s) 'tutorial_objectstorage' retrieved from /home/airflow/.local/lib/python3.8/site-packages/airflow/example_dags/tutorial_objectstorage.py
[2025-07-14T12:37:04.807+0000] {logging_mixin.py:188} INFO - [2025-07-14T12:37:04.806+0000] {dag.py:3036} INFO - Sync 1 DAGs
[2025-07-14T12:37:04.828+0000] {logging_mixin.py:188} INFO - [2025-07-14T12:37:04.827+0000] {dag.py:3823} INFO - Setting next_dagrun for tutorial_objectstorage to None, run_after=None
[2025-07-14T12:37:04.868+0000] {processor.py:183} INFO - Processing /home/airflow/.local/lib/python3.8/site-packages/airflow/example_dags/tutorial_objectstorage.py took 0.131 seconds
[2025-07-14T12:37:35.249+0000] {processor.py:161} INFO - Started process (PID=561) to work on /home/airflow/.local/lib/python3.8/site-packages/airflow/example_dags/tutorial_objectstorage.py
[2025-07-14T12:37:35.264+0000] {processor.py:830} INFO - Processing file /home/airflow/.local/lib/python3.8/site-packages/airflow/example_dags/tutorial_objectstorage.py for tasks to queue
[2025-07-14T12:37:35.274+0000] {logging_mixin.py:188} INFO - [2025-07-14T12:37:35.272+0000] {dagbag.py:538} INFO - Filling up the DagBag from /home/airflow/.local/lib/python3.8/site-packages/airflow/example_dags/tutorial_objectstorage.py
[2025-07-14T12:37:35.302+0000] {processor.py:840} INFO - DAG(s) 'tutorial_objectstorage' retrieved from /home/airflow/.local/lib/python3.8/site-packages/airflow/example_dags/tutorial_objectstorage.py
[2025-07-14T12:37:35.422+0000] {logging_mixin.py:188} INFO - [2025-07-14T12:37:35.421+0000] {dag.py:3036} INFO - Sync 1 DAGs
[2025-07-14T12:37:35.451+0000] {logging_mixin.py:188} INFO - [2025-07-14T12:37:35.451+0000] {dag.py:3823} INFO - Setting next_dagrun for tutorial_objectstorage to None, run_after=None
[2025-07-14T12:37:35.490+0000] {processor.py:183} INFO - Processing /home/airflow/.local/lib/python3.8/site-packages/airflow/example_dags/tutorial_objectstorage.py took 0.268 seconds
[2025-07-14T12:38:05.531+0000] {processor.py:161} INFO - Started process (PID=621) to work on /home/airflow/.local/lib/python3.8/site-packages/airflow/example_dags/tutorial_objectstorage.py
[2025-07-14T12:38:05.533+0000] {processor.py:830} INFO - Processing file /home/airflow/.local/lib/python3.8/site-packages/airflow/example_dags/tutorial_objectstorage.py for tasks to queue
[2025-07-14T12:38:05.535+0000] {logging_mixin.py:188} INFO - [2025-07-14T12:38:05.535+0000] {dagbag.py:538} INFO - Filling up the DagBag from /home/airflow/.local/lib/python3.8/site-packages/airflow/example_dags/tutorial_objectstorage.py
[2025-07-14T12:38:05.544+0000] {processor.py:840} INFO - DAG(s) 'tutorial_objectstorage' retrieved from /home/airflow/.local/lib/python3.8/site-packages/airflow/example_dags/tutorial_objectstorage.py
[2025-07-14T12:38:05.569+0000] {logging_mixin.py:188} INFO - [2025-07-14T12:38:05.569+0000] {dag.py:3036} INFO - Sync 1 DAGs
[2025-07-14T12:38:05.584+0000] {logging_mixin.py:188} INFO - [2025-07-14T12:38:05.584+0000] {dag.py:3823} INFO - Setting next_dagrun for tutorial_objectstorage to None, run_after=None
[2025-07-14T12:38:05.611+0000] {processor.py:183} INFO - Processing /home/airflow/.local/lib/python3.8/site-packages/airflow/example_dags/tutorial_objectstorage.py took 0.085 seconds
[2025-07-14T12:38:35.731+0000] {processor.py:161} INFO - Started process (PID=681) to work on /home/airflow/.local/lib/python3.8/site-packages/airflow/example_dags/tutorial_objectstorage.py
[2025-07-14T12:38:35.732+0000] {processor.py:830} INFO - Processing file /home/airflow/.local/lib/python3.8/site-packages/airflow/example_dags/tutorial_objectstorage.py for tasks to queue
[2025-07-14T12:38:35.735+0000] {logging_mixin.py:188} INFO - [2025-07-14T12:38:35.735+0000] {dagbag.py:538} INFO - Filling up the DagBag from /home/airflow/.local/lib/python3.8/site-packages/airflow/example_dags/tutorial_objectstorage.py
[2025-07-14T12:38:35.743+0000] {processor.py:840} INFO - DAG(s) 'tutorial_objectstorage' retrieved from /home/airflow/.local/lib/python3.8/site-packages/airflow/example_dags/tutorial_objectstorage.py
[2025-07-14T12:38:35.768+0000] {logging_mixin.py:188} INFO - [2025-07-14T12:38:35.768+0000] {dag.py:3036} INFO - Sync 1 DAGs
[2025-07-14T12:38:35.784+0000] {logging_mixin.py:188} INFO - [2025-07-14T12:38:35.784+0000] {dag.py:3823} INFO - Setting next_dagrun for tutorial_objectstorage to None, run_after=None
[2025-07-14T12:38:35.808+0000] {processor.py:183} INFO - Processing /home/airflow/.local/lib/python3.8/site-packages/airflow/example_dags/tutorial_objectstorage.py took 0.081 seconds
[2025-07-14T12:39:06.035+0000] {processor.py:161} INFO - Started process (PID=742) to work on /home/airflow/.local/lib/python3.8/site-packages/airflow/example_dags/tutorial_objectstorage.py
[2025-07-14T12:39:06.038+0000] {processor.py:830} INFO - Processing file /home/airflow/.local/lib/python3.8/site-packages/airflow/example_dags/tutorial_objectstorage.py for tasks to queue
[2025-07-14T12:39:06.040+0000] {logging_mixin.py:188} INFO - [2025-07-14T12:39:06.040+0000] {dagbag.py:538} INFO - Filling up the DagBag from /home/airflow/.local/lib/python3.8/site-packages/airflow/example_dags/tutorial_objectstorage.py
[2025-07-14T12:39:06.050+0000] {processor.py:840} INFO - DAG(s) 'tutorial_objectstorage' retrieved from /home/airflow/.local/lib/python3.8/site-packages/airflow/example_dags/tutorial_objectstorage.py
[2025-07-14T12:39:06.076+0000] {logging_mixin.py:188} INFO - [2025-07-14T12:39:06.075+0000] {dag.py:3036} INFO - Sync 1 DAGs
[2025-07-14T12:39:06.159+0000] {logging_mixin.py:188} INFO - [2025-07-14T12:39:06.159+0000] {dag.py:3823} INFO - Setting next_dagrun for tutorial_objectstorage to None, run_after=None
[2025-07-14T12:39:06.199+0000] {processor.py:183} INFO - Processing /home/airflow/.local/lib/python3.8/site-packages/airflow/example_dags/tutorial_objectstorage.py took 0.169 seconds
[2025-07-14T12:39:36.471+0000] {processor.py:161} INFO - Started process (PID=802) to work on /home/airflow/.local/lib/python3.8/site-packages/airflow/example_dags/tutorial_objectstorage.py
[2025-07-14T12:39:36.473+0000] {processor.py:830} INFO - Processing file /home/airflow/.local/lib/python3.8/site-packages/airflow/example_dags/tutorial_objectstorage.py for tasks to queue
[2025-07-14T12:39:36.476+0000] {logging_mixin.py:188} INFO - [2025-07-14T12:39:36.475+0000] {dagbag.py:538} INFO - Filling up the DagBag from /home/airflow/.local/lib/python3.8/site-packages/airflow/example_dags/tutorial_objectstorage.py
[2025-07-14T12:39:36.488+0000] {processor.py:840} INFO - DAG(s) 'tutorial_objectstorage' retrieved from /home/airflow/.local/lib/python3.8/site-packages/airflow/example_dags/tutorial_objectstorage.py
[2025-07-14T12:39:36.517+0000] {logging_mixin.py:188} INFO - [2025-07-14T12:39:36.516+0000] {dag.py:3036} INFO - Sync 1 DAGs
[2025-07-14T12:39:36.532+0000] {logging_mixin.py:188} INFO - [2025-07-14T12:39:36.532+0000] {dag.py:3823} INFO - Setting next_dagrun for tutorial_objectstorage to None, run_after=None
[2025-07-14T12:39:36.557+0000] {processor.py:183} INFO - Processing /home/airflow/.local/lib/python3.8/site-packages/airflow/example_dags/tutorial_objectstorage.py took 0.091 seconds
[2025-07-14T12:40:07.252+0000] {processor.py:161} INFO - Started process (PID=862) to work on /home/airflow/.local/lib/python3.8/site-packages/airflow/example_dags/tutorial_objectstorage.py
[2025-07-14T12:40:07.254+0000] {processor.py:830} INFO - Processing file /home/airflow/.local/lib/python3.8/site-packages/airflow/example_dags/tutorial_objectstorage.py for tasks to queue
[2025-07-14T12:40:07.257+0000] {logging_mixin.py:188} INFO - [2025-07-14T12:40:07.257+0000] {dagbag.py:538} INFO - Filling up the DagBag from /home/airflow/.local/lib/python3.8/site-packages/airflow/example_dags/tutorial_objectstorage.py
[2025-07-14T12:40:07.270+0000] {processor.py:840} INFO - DAG(s) 'tutorial_objectstorage' retrieved from /home/airflow/.local/lib/python3.8/site-packages/airflow/example_dags/tutorial_objectstorage.py
[2025-07-14T12:40:07.303+0000] {logging_mixin.py:188} INFO - [2025-07-14T12:40:07.302+0000] {dag.py:3036} INFO - Sync 1 DAGs
[2025-07-14T12:40:07.323+0000] {logging_mixin.py:188} INFO - [2025-07-14T12:40:07.323+0000] {dag.py:3823} INFO - Setting next_dagrun for tutorial_objectstorage to None, run_after=None
[2025-07-14T12:40:07.348+0000] {processor.py:183} INFO - Processing /home/airflow/.local/lib/python3.8/site-packages/airflow/example_dags/tutorial_objectstorage.py took 0.101 seconds
[2025-07-14T12:40:37.761+0000] {processor.py:161} INFO - Started process (PID=921) to work on /home/airflow/.local/lib/python3.8/site-packages/airflow/example_dags/tutorial_objectstorage.py
[2025-07-14T12:40:37.762+0000] {processor.py:830} INFO - Processing file /home/airflow/.local/lib/python3.8/site-packages/airflow/example_dags/tutorial_objectstorage.py for tasks to queue
[2025-07-14T12:40:37.766+0000] {logging_mixin.py:188} INFO - [2025-07-14T12:40:37.765+0000] {dagbag.py:538} INFO - Filling up the DagBag from /home/airflow/.local/lib/python3.8/site-packages/airflow/example_dags/tutorial_objectstorage.py
[2025-07-14T12:40:37.778+0000] {processor.py:840} INFO - DAG(s) 'tutorial_objectstorage' retrieved from /home/airflow/.local/lib/python3.8/site-packages/airflow/example_dags/tutorial_objectstorage.py
[2025-07-14T12:40:37.813+0000] {logging_mixin.py:188} INFO - [2025-07-14T12:40:37.813+0000] {dag.py:3036} INFO - Sync 1 DAGs
[2025-07-14T12:40:37.835+0000] {logging_mixin.py:188} INFO - [2025-07-14T12:40:37.834+0000] {dag.py:3823} INFO - Setting next_dagrun for tutorial_objectstorage to None, run_after=None
[2025-07-14T12:40:37.867+0000] {processor.py:183} INFO - Processing /home/airflow/.local/lib/python3.8/site-packages/airflow/example_dags/tutorial_objectstorage.py took 0.111 seconds
[2025-07-14T12:41:08.023+0000] {processor.py:161} INFO - Started process (PID=979) to work on /home/airflow/.local/lib/python3.8/site-packages/airflow/example_dags/tutorial_objectstorage.py
[2025-07-14T12:41:08.025+0000] {processor.py:830} INFO - Processing file /home/airflow/.local/lib/python3.8/site-packages/airflow/example_dags/tutorial_objectstorage.py for tasks to queue
[2025-07-14T12:41:08.029+0000] {logging_mixin.py:188} INFO - [2025-07-14T12:41:08.029+0000] {dagbag.py:538} INFO - Filling up the DagBag from /home/airflow/.local/lib/python3.8/site-packages/airflow/example_dags/tutorial_objectstorage.py
[2025-07-14T12:41:08.041+0000] {processor.py:840} INFO - DAG(s) 'tutorial_objectstorage' retrieved from /home/airflow/.local/lib/python3.8/site-packages/airflow/example_dags/tutorial_objectstorage.py
[2025-07-14T12:41:08.074+0000] {logging_mixin.py:188} INFO - [2025-07-14T12:41:08.074+0000] {dag.py:3036} INFO - Sync 1 DAGs
[2025-07-14T12:41:08.094+0000] {logging_mixin.py:188} INFO - [2025-07-14T12:41:08.094+0000] {dag.py:3823} INFO - Setting next_dagrun for tutorial_objectstorage to None, run_after=None
[2025-07-14T12:41:08.131+0000] {processor.py:183} INFO - Processing /home/airflow/.local/lib/python3.8/site-packages/airflow/example_dags/tutorial_objectstorage.py took 0.113 seconds
[2025-07-14T12:41:38.634+0000] {processor.py:161} INFO - Started process (PID=1039) to work on /home/airflow/.local/lib/python3.8/site-packages/airflow/example_dags/tutorial_objectstorage.py
[2025-07-14T12:41:38.637+0000] {processor.py:830} INFO - Processing file /home/airflow/.local/lib/python3.8/site-packages/airflow/example_dags/tutorial_objectstorage.py for tasks to queue
[2025-07-14T12:41:38.641+0000] {logging_mixin.py:188} INFO - [2025-07-14T12:41:38.641+0000] {dagbag.py:538} INFO - Filling up the DagBag from /home/airflow/.local/lib/python3.8/site-packages/airflow/example_dags/tutorial_objectstorage.py
[2025-07-14T12:41:38.656+0000] {processor.py:840} INFO - DAG(s) 'tutorial_objectstorage' retrieved from /home/airflow/.local/lib/python3.8/site-packages/airflow/example_dags/tutorial_objectstorage.py
[2025-07-14T12:41:38.685+0000] {logging_mixin.py:188} INFO - [2025-07-14T12:41:38.684+0000] {dag.py:3036} INFO - Sync 1 DAGs
[2025-07-14T12:41:38.700+0000] {logging_mixin.py:188} INFO - [2025-07-14T12:41:38.700+0000] {dag.py:3823} INFO - Setting next_dagrun for tutorial_objectstorage to None, run_after=None
[2025-07-14T12:41:38.725+0000] {processor.py:183} INFO - Processing /home/airflow/.local/lib/python3.8/site-packages/airflow/example_dags/tutorial_objectstorage.py took 0.097 seconds
[2025-07-14T12:42:08.976+0000] {processor.py:161} INFO - Started process (PID=1098) to work on /home/airflow/.local/lib/python3.8/site-packages/airflow/example_dags/tutorial_objectstorage.py
[2025-07-14T12:42:08.977+0000] {processor.py:830} INFO - Processing file /home/airflow/.local/lib/python3.8/site-packages/airflow/example_dags/tutorial_objectstorage.py for tasks to queue
[2025-07-14T12:42:08.983+0000] {logging_mixin.py:188} INFO - [2025-07-14T12:42:08.982+0000] {dagbag.py:538} INFO - Filling up the DagBag from /home/airflow/.local/lib/python3.8/site-packages/airflow/example_dags/tutorial_objectstorage.py
[2025-07-14T12:42:08.998+0000] {processor.py:840} INFO - DAG(s) 'tutorial_objectstorage' retrieved from /home/airflow/.local/lib/python3.8/site-packages/airflow/example_dags/tutorial_objectstorage.py
[2025-07-14T12:42:09.047+0000] {logging_mixin.py:188} INFO - [2025-07-14T12:42:09.046+0000] {dag.py:3036} INFO - Sync 1 DAGs
[2025-07-14T12:42:09.069+0000] {logging_mixin.py:188} INFO - [2025-07-14T12:42:09.068+0000] {dag.py:3823} INFO - Setting next_dagrun for tutorial_objectstorage to None, run_after=None
[2025-07-14T12:42:09.108+0000] {processor.py:183} INFO - Processing /home/airflow/.local/lib/python3.8/site-packages/airflow/example_dags/tutorial_objectstorage.py took 0.138 seconds
[2025-07-14T12:42:39.424+0000] {processor.py:161} INFO - Started process (PID=1157) to work on /home/airflow/.local/lib/python3.8/site-packages/airflow/example_dags/tutorial_objectstorage.py
[2025-07-14T12:42:39.425+0000] {processor.py:830} INFO - Processing file /home/airflow/.local/lib/python3.8/site-packages/airflow/example_dags/tutorial_objectstorage.py for tasks to queue
[2025-07-14T12:42:39.428+0000] {logging_mixin.py:188} INFO - [2025-07-14T12:42:39.428+0000] {dagbag.py:538} INFO - Filling up the DagBag from /home/airflow/.local/lib/python3.8/site-packages/airflow/example_dags/tutorial_objectstorage.py
[2025-07-14T12:42:39.438+0000] {processor.py:840} INFO - DAG(s) 'tutorial_objectstorage' retrieved from /home/airflow/.local/lib/python3.8/site-packages/airflow/example_dags/tutorial_objectstorage.py
[2025-07-14T12:42:39.468+0000] {logging_mixin.py:188} INFO - [2025-07-14T12:42:39.467+0000] {dag.py:3036} INFO - Sync 1 DAGs
[2025-07-14T12:42:39.486+0000] {logging_mixin.py:188} INFO - [2025-07-14T12:42:39.485+0000] {dag.py:3823} INFO - Setting next_dagrun for tutorial_objectstorage to None, run_after=None
[2025-07-14T12:42:39.519+0000] {processor.py:183} INFO - Processing /home/airflow/.local/lib/python3.8/site-packages/airflow/example_dags/tutorial_objectstorage.py took 0.100 seconds
[2025-07-14T12:43:09.721+0000] {processor.py:161} INFO - Started process (PID=1217) to work on /home/airflow/.local/lib/python3.8/site-packages/airflow/example_dags/tutorial_objectstorage.py
[2025-07-14T12:43:09.723+0000] {processor.py:830} INFO - Processing file /home/airflow/.local/lib/python3.8/site-packages/airflow/example_dags/tutorial_objectstorage.py for tasks to queue
[2025-07-14T12:43:09.727+0000] {logging_mixin.py:188} INFO - [2025-07-14T12:43:09.727+0000] {dagbag.py:538} INFO - Filling up the DagBag from /home/airflow/.local/lib/python3.8/site-packages/airflow/example_dags/tutorial_objectstorage.py
[2025-07-14T12:43:09.737+0000] {processor.py:840} INFO - DAG(s) 'tutorial_objectstorage' retrieved from /home/airflow/.local/lib/python3.8/site-packages/airflow/example_dags/tutorial_objectstorage.py
[2025-07-14T12:43:09.773+0000] {logging_mixin.py:188} INFO - [2025-07-14T12:43:09.773+0000] {dag.py:3036} INFO - Sync 1 DAGs
[2025-07-14T12:43:09.793+0000] {logging_mixin.py:188} INFO - [2025-07-14T12:43:09.792+0000] {dag.py:3823} INFO - Setting next_dagrun for tutorial_objectstorage to None, run_after=None
[2025-07-14T12:43:09.822+0000] {processor.py:183} INFO - Processing /home/airflow/.local/lib/python3.8/site-packages/airflow/example_dags/tutorial_objectstorage.py took 0.107 seconds
[2025-07-14T12:43:40.536+0000] {processor.py:161} INFO - Started process (PID=1277) to work on /home/airflow/.local/lib/python3.8/site-packages/airflow/example_dags/tutorial_objectstorage.py
[2025-07-14T12:43:40.538+0000] {processor.py:830} INFO - Processing file /home/airflow/.local/lib/python3.8/site-packages/airflow/example_dags/tutorial_objectstorage.py for tasks to queue
[2025-07-14T12:43:40.543+0000] {logging_mixin.py:188} INFO - [2025-07-14T12:43:40.542+0000] {dagbag.py:538} INFO - Filling up the DagBag from /home/airflow/.local/lib/python3.8/site-packages/airflow/example_dags/tutorial_objectstorage.py
[2025-07-14T12:43:40.556+0000] {processor.py:840} INFO - DAG(s) 'tutorial_objectstorage' retrieved from /home/airflow/.local/lib/python3.8/site-packages/airflow/example_dags/tutorial_objectstorage.py
[2025-07-14T12:43:40.595+0000] {logging_mixin.py:188} INFO - [2025-07-14T12:43:40.594+0000] {dag.py:3036} INFO - Sync 1 DAGs
[2025-07-14T12:43:40.625+0000] {logging_mixin.py:188} INFO - [2025-07-14T12:43:40.625+0000] {dag.py:3823} INFO - Setting next_dagrun for tutorial_objectstorage to None, run_after=None
[2025-07-14T12:43:40.661+0000] {processor.py:183} INFO - Processing /home/airflow/.local/lib/python3.8/site-packages/airflow/example_dags/tutorial_objectstorage.py took 0.132 seconds
[2025-07-14T12:44:11.419+0000] {processor.py:161} INFO - Started process (PID=1335) to work on /home/airflow/.local/lib/python3.8/site-packages/airflow/example_dags/tutorial_objectstorage.py
[2025-07-14T12:44:11.421+0000] {processor.py:830} INFO - Processing file /home/airflow/.local/lib/python3.8/site-packages/airflow/example_dags/tutorial_objectstorage.py for tasks to queue
[2025-07-14T12:44:11.424+0000] {logging_mixin.py:188} INFO - [2025-07-14T12:44:11.423+0000] {dagbag.py:538} INFO - Filling up the DagBag from /home/airflow/.local/lib/python3.8/site-packages/airflow/example_dags/tutorial_objectstorage.py
[2025-07-14T12:44:11.436+0000] {processor.py:840} INFO - DAG(s) 'tutorial_objectstorage' retrieved from /home/airflow/.local/lib/python3.8/site-packages/airflow/example_dags/tutorial_objectstorage.py
[2025-07-14T12:44:11.471+0000] {logging_mixin.py:188} INFO - [2025-07-14T12:44:11.471+0000] {dag.py:3036} INFO - Sync 1 DAGs
[2025-07-14T12:44:11.493+0000] {logging_mixin.py:188} INFO - [2025-07-14T12:44:11.493+0000] {dag.py:3823} INFO - Setting next_dagrun for tutorial_objectstorage to None, run_after=None
[2025-07-14T12:44:11.525+0000] {processor.py:183} INFO - Processing /home/airflow/.local/lib/python3.8/site-packages/airflow/example_dags/tutorial_objectstorage.py took 0.111 seconds
[2025-07-14T12:44:41.548+0000] {processor.py:161} INFO - Started process (PID=1394) to work on /home/airflow/.local/lib/python3.8/site-packages/airflow/example_dags/tutorial_objectstorage.py
[2025-07-14T12:44:41.550+0000] {processor.py:830} INFO - Processing file /home/airflow/.local/lib/python3.8/site-packages/airflow/example_dags/tutorial_objectstorage.py for tasks to queue
[2025-07-14T12:44:41.552+0000] {logging_mixin.py:188} INFO - [2025-07-14T12:44:41.552+0000] {dagbag.py:538} INFO - Filling up the DagBag from /home/airflow/.local/lib/python3.8/site-packages/airflow/example_dags/tutorial_objectstorage.py
[2025-07-14T12:44:41.561+0000] {processor.py:840} INFO - DAG(s) 'tutorial_objectstorage' retrieved from /home/airflow/.local/lib/python3.8/site-packages/airflow/example_dags/tutorial_objectstorage.py
[2025-07-14T12:44:41.589+0000] {logging_mixin.py:188} INFO - [2025-07-14T12:44:41.588+0000] {dag.py:3036} INFO - Sync 1 DAGs
[2025-07-14T12:44:41.605+0000] {logging_mixin.py:188} INFO - [2025-07-14T12:44:41.605+0000] {dag.py:3823} INFO - Setting next_dagrun for tutorial_objectstorage to None, run_after=None
[2025-07-14T12:44:41.637+0000] {processor.py:183} INFO - Processing /home/airflow/.local/lib/python3.8/site-packages/airflow/example_dags/tutorial_objectstorage.py took 0.093 seconds
[2025-07-14T12:45:11.905+0000] {processor.py:161} INFO - Started process (PID=1455) to work on /home/airflow/.local/lib/python3.8/site-packages/airflow/example_dags/tutorial_objectstorage.py
[2025-07-14T12:45:11.908+0000] {processor.py:830} INFO - Processing file /home/airflow/.local/lib/python3.8/site-packages/airflow/example_dags/tutorial_objectstorage.py for tasks to queue
[2025-07-14T12:45:11.913+0000] {logging_mixin.py:188} INFO - [2025-07-14T12:45:11.912+0000] {dagbag.py:538} INFO - Filling up the DagBag from /home/airflow/.local/lib/python3.8/site-packages/airflow/example_dags/tutorial_objectstorage.py
[2025-07-14T12:45:11.924+0000] {processor.py:840} INFO - DAG(s) 'tutorial_objectstorage' retrieved from /home/airflow/.local/lib/python3.8/site-packages/airflow/example_dags/tutorial_objectstorage.py
[2025-07-14T12:45:11.965+0000] {logging_mixin.py:188} INFO - [2025-07-14T12:45:11.965+0000] {dag.py:3036} INFO - Sync 1 DAGs
[2025-07-14T12:45:11.987+0000] {logging_mixin.py:188} INFO - [2025-07-14T12:45:11.986+0000] {dag.py:3823} INFO - Setting next_dagrun for tutorial_objectstorage to None, run_after=None
[2025-07-14T12:45:12.018+0000] {processor.py:183} INFO - Processing /home/airflow/.local/lib/python3.8/site-packages/airflow/example_dags/tutorial_objectstorage.py took 0.118 seconds
[2025-07-14T12:45:42.634+0000] {processor.py:161} INFO - Started process (PID=1515) to work on /home/airflow/.local/lib/python3.8/site-packages/airflow/example_dags/tutorial_objectstorage.py
[2025-07-14T12:45:42.636+0000] {processor.py:830} INFO - Processing file /home/airflow/.local/lib/python3.8/site-packages/airflow/example_dags/tutorial_objectstorage.py for tasks to queue
[2025-07-14T12:45:42.639+0000] {logging_mixin.py:188} INFO - [2025-07-14T12:45:42.638+0000] {dagbag.py:538} INFO - Filling up the DagBag from /home/airflow/.local/lib/python3.8/site-packages/airflow/example_dags/tutorial_objectstorage.py
[2025-07-14T12:45:42.650+0000] {processor.py:840} INFO - DAG(s) 'tutorial_objectstorage' retrieved from /home/airflow/.local/lib/python3.8/site-packages/airflow/example_dags/tutorial_objectstorage.py
[2025-07-14T12:45:42.690+0000] {logging_mixin.py:188} INFO - [2025-07-14T12:45:42.690+0000] {dag.py:3036} INFO - Sync 1 DAGs
[2025-07-14T12:45:42.713+0000] {logging_mixin.py:188} INFO - [2025-07-14T12:45:42.713+0000] {dag.py:3823} INFO - Setting next_dagrun for tutorial_objectstorage to None, run_after=None
[2025-07-14T12:45:42.748+0000] {processor.py:183} INFO - Processing /home/airflow/.local/lib/python3.8/site-packages/airflow/example_dags/tutorial_objectstorage.py took 0.120 seconds
[2025-07-14T12:46:13.087+0000] {processor.py:161} INFO - Started process (PID=1575) to work on /home/airflow/.local/lib/python3.8/site-packages/airflow/example_dags/tutorial_objectstorage.py
[2025-07-14T12:46:13.090+0000] {processor.py:830} INFO - Processing file /home/airflow/.local/lib/python3.8/site-packages/airflow/example_dags/tutorial_objectstorage.py for tasks to queue
[2025-07-14T12:46:13.097+0000] {logging_mixin.py:188} INFO - [2025-07-14T12:46:13.097+0000] {dagbag.py:538} INFO - Filling up the DagBag from /home/airflow/.local/lib/python3.8/site-packages/airflow/example_dags/tutorial_objectstorage.py
[2025-07-14T12:46:13.111+0000] {processor.py:840} INFO - DAG(s) 'tutorial_objectstorage' retrieved from /home/airflow/.local/lib/python3.8/site-packages/airflow/example_dags/tutorial_objectstorage.py
[2025-07-14T12:46:13.169+0000] {logging_mixin.py:188} INFO - [2025-07-14T12:46:13.168+0000] {dag.py:3036} INFO - Sync 1 DAGs
[2025-07-14T12:46:13.193+0000] {logging_mixin.py:188} INFO - [2025-07-14T12:46:13.192+0000] {dag.py:3823} INFO - Setting next_dagrun for tutorial_objectstorage to None, run_after=None
[2025-07-14T12:46:13.268+0000] {processor.py:183} INFO - Processing /home/airflow/.local/lib/python3.8/site-packages/airflow/example_dags/tutorial_objectstorage.py took 0.188 seconds
[2025-07-14T12:46:43.562+0000] {processor.py:161} INFO - Started process (PID=1633) to work on /home/airflow/.local/lib/python3.8/site-packages/airflow/example_dags/tutorial_objectstorage.py
[2025-07-14T12:46:43.564+0000] {processor.py:830} INFO - Processing file /home/airflow/.local/lib/python3.8/site-packages/airflow/example_dags/tutorial_objectstorage.py for tasks to queue
[2025-07-14T12:46:43.568+0000] {logging_mixin.py:188} INFO - [2025-07-14T12:46:43.567+0000] {dagbag.py:538} INFO - Filling up the DagBag from /home/airflow/.local/lib/python3.8/site-packages/airflow/example_dags/tutorial_objectstorage.py
[2025-07-14T12:46:43.579+0000] {processor.py:840} INFO - DAG(s) 'tutorial_objectstorage' retrieved from /home/airflow/.local/lib/python3.8/site-packages/airflow/example_dags/tutorial_objectstorage.py
[2025-07-14T12:46:43.623+0000] {logging_mixin.py:188} INFO - [2025-07-14T12:46:43.622+0000] {dag.py:3036} INFO - Sync 1 DAGs
[2025-07-14T12:46:43.664+0000] {logging_mixin.py:188} INFO - [2025-07-14T12:46:43.663+0000] {dag.py:3823} INFO - Setting next_dagrun for tutorial_objectstorage to None, run_after=None
[2025-07-14T12:46:43.699+0000] {processor.py:183} INFO - Processing /home/airflow/.local/lib/python3.8/site-packages/airflow/example_dags/tutorial_objectstorage.py took 0.142 seconds
[2025-07-14T12:47:14.378+0000] {processor.py:161} INFO - Started process (PID=1693) to work on /home/airflow/.local/lib/python3.8/site-packages/airflow/example_dags/tutorial_objectstorage.py
[2025-07-14T12:47:14.388+0000] {processor.py:830} INFO - Processing file /home/airflow/.local/lib/python3.8/site-packages/airflow/example_dags/tutorial_objectstorage.py for tasks to queue
[2025-07-14T12:47:14.397+0000] {logging_mixin.py:188} INFO - [2025-07-14T12:47:14.396+0000] {dagbag.py:538} INFO - Filling up the DagBag from /home/airflow/.local/lib/python3.8/site-packages/airflow/example_dags/tutorial_objectstorage.py
[2025-07-14T12:47:14.414+0000] {processor.py:840} INFO - DAG(s) 'tutorial_objectstorage' retrieved from /home/airflow/.local/lib/python3.8/site-packages/airflow/example_dags/tutorial_objectstorage.py
[2025-07-14T12:47:14.480+0000] {logging_mixin.py:188} INFO - [2025-07-14T12:47:14.480+0000] {dag.py:3036} INFO - Sync 1 DAGs
[2025-07-14T12:47:14.522+0000] {logging_mixin.py:188} INFO - [2025-07-14T12:47:14.521+0000] {dag.py:3823} INFO - Setting next_dagrun for tutorial_objectstorage to None, run_after=None
[2025-07-14T12:47:14.569+0000] {processor.py:183} INFO - Processing /home/airflow/.local/lib/python3.8/site-packages/airflow/example_dags/tutorial_objectstorage.py took 0.203 seconds
[2025-07-14T12:47:44.821+0000] {processor.py:161} INFO - Started process (PID=1752) to work on /home/airflow/.local/lib/python3.8/site-packages/airflow/example_dags/tutorial_objectstorage.py
[2025-07-14T12:47:44.822+0000] {processor.py:830} INFO - Processing file /home/airflow/.local/lib/python3.8/site-packages/airflow/example_dags/tutorial_objectstorage.py for tasks to queue
[2025-07-14T12:47:44.826+0000] {logging_mixin.py:188} INFO - [2025-07-14T12:47:44.826+0000] {dagbag.py:538} INFO - Filling up the DagBag from /home/airflow/.local/lib/python3.8/site-packages/airflow/example_dags/tutorial_objectstorage.py
[2025-07-14T12:47:44.840+0000] {processor.py:840} INFO - DAG(s) 'tutorial_objectstorage' retrieved from /home/airflow/.local/lib/python3.8/site-packages/airflow/example_dags/tutorial_objectstorage.py
[2025-07-14T12:47:44.876+0000] {logging_mixin.py:188} INFO - [2025-07-14T12:47:44.876+0000] {dag.py:3036} INFO - Sync 1 DAGs
[2025-07-14T12:47:44.897+0000] {logging_mixin.py:188} INFO - [2025-07-14T12:47:44.897+0000] {dag.py:3823} INFO - Setting next_dagrun for tutorial_objectstorage to None, run_after=None
[2025-07-14T12:47:44.940+0000] {processor.py:183} INFO - Processing /home/airflow/.local/lib/python3.8/site-packages/airflow/example_dags/tutorial_objectstorage.py took 0.128 seconds
[2025-07-14T12:48:15.941+0000] {processor.py:161} INFO - Started process (PID=1812) to work on /home/airflow/.local/lib/python3.8/site-packages/airflow/example_dags/tutorial_objectstorage.py
[2025-07-14T12:48:15.943+0000] {processor.py:830} INFO - Processing file /home/airflow/.local/lib/python3.8/site-packages/airflow/example_dags/tutorial_objectstorage.py for tasks to queue
[2025-07-14T12:48:15.947+0000] {logging_mixin.py:188} INFO - [2025-07-14T12:48:15.946+0000] {dagbag.py:538} INFO - Filling up the DagBag from /home/airflow/.local/lib/python3.8/site-packages/airflow/example_dags/tutorial_objectstorage.py
[2025-07-14T12:48:15.959+0000] {processor.py:840} INFO - DAG(s) 'tutorial_objectstorage' retrieved from /home/airflow/.local/lib/python3.8/site-packages/airflow/example_dags/tutorial_objectstorage.py
[2025-07-14T12:48:16.008+0000] {logging_mixin.py:188} INFO - [2025-07-14T12:48:16.008+0000] {dag.py:3036} INFO - Sync 1 DAGs
[2025-07-14T12:48:16.038+0000] {logging_mixin.py:188} INFO - [2025-07-14T12:48:16.037+0000] {dag.py:3823} INFO - Setting next_dagrun for tutorial_objectstorage to None, run_after=None
[2025-07-14T12:48:16.077+0000] {processor.py:183} INFO - Processing /home/airflow/.local/lib/python3.8/site-packages/airflow/example_dags/tutorial_objectstorage.py took 0.142 seconds
[2025-07-14T12:48:46.521+0000] {processor.py:161} INFO - Started process (PID=1872) to work on /home/airflow/.local/lib/python3.8/site-packages/airflow/example_dags/tutorial_objectstorage.py
[2025-07-14T12:48:46.523+0000] {processor.py:830} INFO - Processing file /home/airflow/.local/lib/python3.8/site-packages/airflow/example_dags/tutorial_objectstorage.py for tasks to queue
[2025-07-14T12:48:46.527+0000] {logging_mixin.py:188} INFO - [2025-07-14T12:48:46.526+0000] {dagbag.py:538} INFO - Filling up the DagBag from /home/airflow/.local/lib/python3.8/site-packages/airflow/example_dags/tutorial_objectstorage.py
[2025-07-14T12:48:46.539+0000] {processor.py:840} INFO - DAG(s) 'tutorial_objectstorage' retrieved from /home/airflow/.local/lib/python3.8/site-packages/airflow/example_dags/tutorial_objectstorage.py
[2025-07-14T12:48:46.586+0000] {logging_mixin.py:188} INFO - [2025-07-14T12:48:46.585+0000] {dag.py:3036} INFO - Sync 1 DAGs
[2025-07-14T12:48:46.626+0000] {logging_mixin.py:188} INFO - [2025-07-14T12:48:46.625+0000] {dag.py:3823} INFO - Setting next_dagrun for tutorial_objectstorage to None, run_after=None
[2025-07-14T12:48:46.702+0000] {processor.py:183} INFO - Processing /home/airflow/.local/lib/python3.8/site-packages/airflow/example_dags/tutorial_objectstorage.py took 0.187 seconds
[2025-07-14T12:49:17.414+0000] {processor.py:161} INFO - Started process (PID=1933) to work on /home/airflow/.local/lib/python3.8/site-packages/airflow/example_dags/tutorial_objectstorage.py
[2025-07-14T12:49:17.417+0000] {processor.py:830} INFO - Processing file /home/airflow/.local/lib/python3.8/site-packages/airflow/example_dags/tutorial_objectstorage.py for tasks to queue
[2025-07-14T12:49:17.420+0000] {logging_mixin.py:188} INFO - [2025-07-14T12:49:17.420+0000] {dagbag.py:538} INFO - Filling up the DagBag from /home/airflow/.local/lib/python3.8/site-packages/airflow/example_dags/tutorial_objectstorage.py
[2025-07-14T12:49:17.436+0000] {processor.py:840} INFO - DAG(s) 'tutorial_objectstorage' retrieved from /home/airflow/.local/lib/python3.8/site-packages/airflow/example_dags/tutorial_objectstorage.py
[2025-07-14T12:49:17.482+0000] {logging_mixin.py:188} INFO - [2025-07-14T12:49:17.481+0000] {dag.py:3036} INFO - Sync 1 DAGs
[2025-07-14T12:49:17.508+0000] {logging_mixin.py:188} INFO - [2025-07-14T12:49:17.508+0000] {dag.py:3823} INFO - Setting next_dagrun for tutorial_objectstorage to None, run_after=None
[2025-07-14T12:49:17.543+0000] {processor.py:183} INFO - Processing /home/airflow/.local/lib/python3.8/site-packages/airflow/example_dags/tutorial_objectstorage.py took 0.136 seconds
[2025-07-14T12:49:48.408+0000] {processor.py:161} INFO - Started process (PID=1993) to work on /home/airflow/.local/lib/python3.8/site-packages/airflow/example_dags/tutorial_objectstorage.py
[2025-07-14T12:49:48.410+0000] {processor.py:830} INFO - Processing file /home/airflow/.local/lib/python3.8/site-packages/airflow/example_dags/tutorial_objectstorage.py for tasks to queue
[2025-07-14T12:49:48.413+0000] {logging_mixin.py:188} INFO - [2025-07-14T12:49:48.413+0000] {dagbag.py:538} INFO - Filling up the DagBag from /home/airflow/.local/lib/python3.8/site-packages/airflow/example_dags/tutorial_objectstorage.py
[2025-07-14T12:49:48.426+0000] {processor.py:840} INFO - DAG(s) 'tutorial_objectstorage' retrieved from /home/airflow/.local/lib/python3.8/site-packages/airflow/example_dags/tutorial_objectstorage.py
[2025-07-14T12:49:48.470+0000] {logging_mixin.py:188} INFO - [2025-07-14T12:49:48.469+0000] {dag.py:3036} INFO - Sync 1 DAGs
[2025-07-14T12:49:48.493+0000] {logging_mixin.py:188} INFO - [2025-07-14T12:49:48.493+0000] {dag.py:3823} INFO - Setting next_dagrun for tutorial_objectstorage to None, run_after=None
[2025-07-14T12:49:48.538+0000] {processor.py:183} INFO - Processing /home/airflow/.local/lib/python3.8/site-packages/airflow/example_dags/tutorial_objectstorage.py took 0.136 seconds
[2025-07-14T12:50:19.242+0000] {processor.py:161} INFO - Started process (PID=2059) to work on /home/airflow/.local/lib/python3.8/site-packages/airflow/example_dags/tutorial_objectstorage.py
[2025-07-14T12:50:19.244+0000] {processor.py:830} INFO - Processing file /home/airflow/.local/lib/python3.8/site-packages/airflow/example_dags/tutorial_objectstorage.py for tasks to queue
[2025-07-14T12:50:19.252+0000] {logging_mixin.py:188} INFO - [2025-07-14T12:50:19.249+0000] {dagbag.py:538} INFO - Filling up the DagBag from /home/airflow/.local/lib/python3.8/site-packages/airflow/example_dags/tutorial_objectstorage.py
[2025-07-14T12:50:19.278+0000] {processor.py:840} INFO - DAG(s) 'tutorial_objectstorage' retrieved from /home/airflow/.local/lib/python3.8/site-packages/airflow/example_dags/tutorial_objectstorage.py
[2025-07-14T12:50:19.375+0000] {logging_mixin.py:188} INFO - [2025-07-14T12:50:19.374+0000] {dag.py:3036} INFO - Sync 1 DAGs
[2025-07-14T12:50:19.413+0000] {logging_mixin.py:188} INFO - [2025-07-14T12:50:19.413+0000] {dag.py:3823} INFO - Setting next_dagrun for tutorial_objectstorage to None, run_after=None
[2025-07-14T12:50:19.460+0000] {processor.py:183} INFO - Processing /home/airflow/.local/lib/python3.8/site-packages/airflow/example_dags/tutorial_objectstorage.py took 0.232 seconds
[2025-07-14T12:50:50.350+0000] {processor.py:161} INFO - Started process (PID=2119) to work on /home/airflow/.local/lib/python3.8/site-packages/airflow/example_dags/tutorial_objectstorage.py
[2025-07-14T12:50:50.352+0000] {processor.py:830} INFO - Processing file /home/airflow/.local/lib/python3.8/site-packages/airflow/example_dags/tutorial_objectstorage.py for tasks to queue
[2025-07-14T12:50:50.355+0000] {logging_mixin.py:188} INFO - [2025-07-14T12:50:50.355+0000] {dagbag.py:538} INFO - Filling up the DagBag from /home/airflow/.local/lib/python3.8/site-packages/airflow/example_dags/tutorial_objectstorage.py
[2025-07-14T12:50:50.367+0000] {processor.py:840} INFO - DAG(s) 'tutorial_objectstorage' retrieved from /home/airflow/.local/lib/python3.8/site-packages/airflow/example_dags/tutorial_objectstorage.py
[2025-07-14T12:50:50.410+0000] {logging_mixin.py:188} INFO - [2025-07-14T12:50:50.409+0000] {dag.py:3036} INFO - Sync 1 DAGs
[2025-07-14T12:50:50.435+0000] {logging_mixin.py:188} INFO - [2025-07-14T12:50:50.435+0000] {dag.py:3823} INFO - Setting next_dagrun for tutorial_objectstorage to None, run_after=None
[2025-07-14T12:50:50.471+0000] {processor.py:183} INFO - Processing /home/airflow/.local/lib/python3.8/site-packages/airflow/example_dags/tutorial_objectstorage.py took 0.126 seconds
[2025-07-14T12:51:21.012+0000] {processor.py:161} INFO - Started process (PID=2179) to work on /home/airflow/.local/lib/python3.8/site-packages/airflow/example_dags/tutorial_objectstorage.py
[2025-07-14T12:51:21.014+0000] {processor.py:830} INFO - Processing file /home/airflow/.local/lib/python3.8/site-packages/airflow/example_dags/tutorial_objectstorage.py for tasks to queue
[2025-07-14T12:51:21.019+0000] {logging_mixin.py:188} INFO - [2025-07-14T12:51:21.018+0000] {dagbag.py:538} INFO - Filling up the DagBag from /home/airflow/.local/lib/python3.8/site-packages/airflow/example_dags/tutorial_objectstorage.py
[2025-07-14T12:51:21.030+0000] {processor.py:840} INFO - DAG(s) 'tutorial_objectstorage' retrieved from /home/airflow/.local/lib/python3.8/site-packages/airflow/example_dags/tutorial_objectstorage.py
[2025-07-14T12:51:21.069+0000] {logging_mixin.py:188} INFO - [2025-07-14T12:51:21.069+0000] {dag.py:3036} INFO - Sync 1 DAGs
[2025-07-14T12:51:21.096+0000] {logging_mixin.py:188} INFO - [2025-07-14T12:51:21.095+0000] {dag.py:3823} INFO - Setting next_dagrun for tutorial_objectstorage to None, run_after=None
[2025-07-14T12:51:21.145+0000] {processor.py:183} INFO - Processing /home/airflow/.local/lib/python3.8/site-packages/airflow/example_dags/tutorial_objectstorage.py took 0.141 seconds
[2025-07-14T12:51:51.377+0000] {processor.py:161} INFO - Started process (PID=2238) to work on /home/airflow/.local/lib/python3.8/site-packages/airflow/example_dags/tutorial_objectstorage.py
[2025-07-14T12:51:51.379+0000] {processor.py:830} INFO - Processing file /home/airflow/.local/lib/python3.8/site-packages/airflow/example_dags/tutorial_objectstorage.py for tasks to queue
[2025-07-14T12:51:51.385+0000] {logging_mixin.py:188} INFO - [2025-07-14T12:51:51.383+0000] {dagbag.py:538} INFO - Filling up the DagBag from /home/airflow/.local/lib/python3.8/site-packages/airflow/example_dags/tutorial_objectstorage.py
[2025-07-14T12:51:51.397+0000] {processor.py:840} INFO - DAG(s) 'tutorial_objectstorage' retrieved from /home/airflow/.local/lib/python3.8/site-packages/airflow/example_dags/tutorial_objectstorage.py
[2025-07-14T12:51:51.437+0000] {logging_mixin.py:188} INFO - [2025-07-14T12:51:51.437+0000] {dag.py:3036} INFO - Sync 1 DAGs
[2025-07-14T12:51:51.462+0000] {logging_mixin.py:188} INFO - [2025-07-14T12:51:51.462+0000] {dag.py:3823} INFO - Setting next_dagrun for tutorial_objectstorage to None, run_after=None
[2025-07-14T12:51:51.498+0000] {processor.py:183} INFO - Processing /home/airflow/.local/lib/python3.8/site-packages/airflow/example_dags/tutorial_objectstorage.py took 0.128 seconds
[2025-07-14T12:52:21.983+0000] {processor.py:161} INFO - Started process (PID=2298) to work on /home/airflow/.local/lib/python3.8/site-packages/airflow/example_dags/tutorial_objectstorage.py
[2025-07-14T12:52:21.985+0000] {processor.py:830} INFO - Processing file /home/airflow/.local/lib/python3.8/site-packages/airflow/example_dags/tutorial_objectstorage.py for tasks to queue
[2025-07-14T12:52:21.989+0000] {logging_mixin.py:188} INFO - [2025-07-14T12:52:21.989+0000] {dagbag.py:538} INFO - Filling up the DagBag from /home/airflow/.local/lib/python3.8/site-packages/airflow/example_dags/tutorial_objectstorage.py
[2025-07-14T12:52:22.002+0000] {processor.py:840} INFO - DAG(s) 'tutorial_objectstorage' retrieved from /home/airflow/.local/lib/python3.8/site-packages/airflow/example_dags/tutorial_objectstorage.py
[2025-07-14T12:52:22.075+0000] {logging_mixin.py:188} INFO - [2025-07-14T12:52:22.075+0000] {dag.py:3036} INFO - Sync 1 DAGs
[2025-07-14T12:52:22.106+0000] {logging_mixin.py:188} INFO - [2025-07-14T12:52:22.105+0000] {dag.py:3823} INFO - Setting next_dagrun for tutorial_objectstorage to None, run_after=None
[2025-07-14T12:52:22.143+0000] {processor.py:183} INFO - Processing /home/airflow/.local/lib/python3.8/site-packages/airflow/example_dags/tutorial_objectstorage.py took 0.167 seconds
[2025-07-14T12:52:52.755+0000] {processor.py:161} INFO - Started process (PID=2358) to work on /home/airflow/.local/lib/python3.8/site-packages/airflow/example_dags/tutorial_objectstorage.py
[2025-07-14T12:52:52.757+0000] {processor.py:830} INFO - Processing file /home/airflow/.local/lib/python3.8/site-packages/airflow/example_dags/tutorial_objectstorage.py for tasks to queue
[2025-07-14T12:52:52.760+0000] {logging_mixin.py:188} INFO - [2025-07-14T12:52:52.759+0000] {dagbag.py:538} INFO - Filling up the DagBag from /home/airflow/.local/lib/python3.8/site-packages/airflow/example_dags/tutorial_objectstorage.py
[2025-07-14T12:52:52.772+0000] {processor.py:840} INFO - DAG(s) 'tutorial_objectstorage' retrieved from /home/airflow/.local/lib/python3.8/site-packages/airflow/example_dags/tutorial_objectstorage.py
[2025-07-14T12:52:52.820+0000] {logging_mixin.py:188} INFO - [2025-07-14T12:52:52.816+0000] {dag.py:3036} INFO - Sync 1 DAGs
[2025-07-14T12:52:52.850+0000] {logging_mixin.py:188} INFO - [2025-07-14T12:52:52.849+0000] {dag.py:3823} INFO - Setting next_dagrun for tutorial_objectstorage to None, run_after=None
[2025-07-14T12:52:52.891+0000] {processor.py:183} INFO - Processing /home/airflow/.local/lib/python3.8/site-packages/airflow/example_dags/tutorial_objectstorage.py took 0.142 seconds
[2025-07-14T12:53:23.668+0000] {processor.py:161} INFO - Started process (PID=2417) to work on /home/airflow/.local/lib/python3.8/site-packages/airflow/example_dags/tutorial_objectstorage.py
[2025-07-14T12:53:23.670+0000] {processor.py:830} INFO - Processing file /home/airflow/.local/lib/python3.8/site-packages/airflow/example_dags/tutorial_objectstorage.py for tasks to queue
[2025-07-14T12:53:23.672+0000] {logging_mixin.py:188} INFO - [2025-07-14T12:53:23.672+0000] {dagbag.py:538} INFO - Filling up the DagBag from /home/airflow/.local/lib/python3.8/site-packages/airflow/example_dags/tutorial_objectstorage.py
[2025-07-14T12:53:23.695+0000] {processor.py:840} INFO - DAG(s) 'tutorial_objectstorage' retrieved from /home/airflow/.local/lib/python3.8/site-packages/airflow/example_dags/tutorial_objectstorage.py
[2025-07-14T12:53:23.738+0000] {logging_mixin.py:188} INFO - [2025-07-14T12:53:23.738+0000] {dag.py:3036} INFO - Sync 1 DAGs
[2025-07-14T12:53:23.755+0000] {logging_mixin.py:188} INFO - [2025-07-14T12:53:23.755+0000] {dag.py:3823} INFO - Setting next_dagrun for tutorial_objectstorage to None, run_after=None
[2025-07-14T12:53:23.789+0000] {processor.py:183} INFO - Processing /home/airflow/.local/lib/python3.8/site-packages/airflow/example_dags/tutorial_objectstorage.py took 0.126 seconds
[2025-07-14T12:53:53.978+0000] {processor.py:161} INFO - Started process (PID=2475) to work on /home/airflow/.local/lib/python3.8/site-packages/airflow/example_dags/tutorial_objectstorage.py
[2025-07-14T12:53:53.980+0000] {processor.py:830} INFO - Processing file /home/airflow/.local/lib/python3.8/site-packages/airflow/example_dags/tutorial_objectstorage.py for tasks to queue
[2025-07-14T12:53:53.982+0000] {logging_mixin.py:188} INFO - [2025-07-14T12:53:53.982+0000] {dagbag.py:538} INFO - Filling up the DagBag from /home/airflow/.local/lib/python3.8/site-packages/airflow/example_dags/tutorial_objectstorage.py
[2025-07-14T12:53:53.991+0000] {processor.py:840} INFO - DAG(s) 'tutorial_objectstorage' retrieved from /home/airflow/.local/lib/python3.8/site-packages/airflow/example_dags/tutorial_objectstorage.py
[2025-07-14T12:53:54.022+0000] {logging_mixin.py:188} INFO - [2025-07-14T12:53:54.022+0000] {dag.py:3036} INFO - Sync 1 DAGs
[2025-07-14T12:53:54.043+0000] {logging_mixin.py:188} INFO - [2025-07-14T12:53:54.043+0000] {dag.py:3823} INFO - Setting next_dagrun for tutorial_objectstorage to None, run_after=None
[2025-07-14T12:53:54.077+0000] {processor.py:183} INFO - Processing /home/airflow/.local/lib/python3.8/site-packages/airflow/example_dags/tutorial_objectstorage.py took 0.104 seconds
[2025-07-14T12:54:24.326+0000] {processor.py:161} INFO - Started process (PID=2536) to work on /home/airflow/.local/lib/python3.8/site-packages/airflow/example_dags/tutorial_objectstorage.py
[2025-07-14T12:54:24.328+0000] {processor.py:830} INFO - Processing file /home/airflow/.local/lib/python3.8/site-packages/airflow/example_dags/tutorial_objectstorage.py for tasks to queue
[2025-07-14T12:54:24.335+0000] {logging_mixin.py:188} INFO - [2025-07-14T12:54:24.334+0000] {dagbag.py:538} INFO - Filling up the DagBag from /home/airflow/.local/lib/python3.8/site-packages/airflow/example_dags/tutorial_objectstorage.py
[2025-07-14T12:54:24.351+0000] {processor.py:840} INFO - DAG(s) 'tutorial_objectstorage' retrieved from /home/airflow/.local/lib/python3.8/site-packages/airflow/example_dags/tutorial_objectstorage.py
[2025-07-14T12:54:24.415+0000] {logging_mixin.py:188} INFO - [2025-07-14T12:54:24.414+0000] {dag.py:3036} INFO - Sync 1 DAGs
[2025-07-14T12:54:24.448+0000] {logging_mixin.py:188} INFO - [2025-07-14T12:54:24.447+0000] {dag.py:3823} INFO - Setting next_dagrun for tutorial_objectstorage to None, run_after=None
[2025-07-14T12:54:24.496+0000] {processor.py:183} INFO - Processing /home/airflow/.local/lib/python3.8/site-packages/airflow/example_dags/tutorial_objectstorage.py took 0.197 seconds
[2025-07-14T12:54:55.042+0000] {processor.py:161} INFO - Started process (PID=2596) to work on /home/airflow/.local/lib/python3.8/site-packages/airflow/example_dags/tutorial_objectstorage.py
[2025-07-14T12:54:55.043+0000] {processor.py:830} INFO - Processing file /home/airflow/.local/lib/python3.8/site-packages/airflow/example_dags/tutorial_objectstorage.py for tasks to queue
[2025-07-14T12:54:55.048+0000] {logging_mixin.py:188} INFO - [2025-07-14T12:54:55.047+0000] {dagbag.py:538} INFO - Filling up the DagBag from /home/airflow/.local/lib/python3.8/site-packages/airflow/example_dags/tutorial_objectstorage.py
[2025-07-14T12:54:55.067+0000] {processor.py:840} INFO - DAG(s) 'tutorial_objectstorage' retrieved from /home/airflow/.local/lib/python3.8/site-packages/airflow/example_dags/tutorial_objectstorage.py
[2025-07-14T12:54:55.293+0000] {logging_mixin.py:188} INFO - [2025-07-14T12:54:55.292+0000] {dag.py:3036} INFO - Sync 1 DAGs
[2025-07-14T12:54:55.361+0000] {logging_mixin.py:188} INFO - [2025-07-14T12:54:55.361+0000] {dag.py:3823} INFO - Setting next_dagrun for tutorial_objectstorage to None, run_after=None
[2025-07-14T12:54:55.601+0000] {processor.py:183} INFO - Processing /home/airflow/.local/lib/python3.8/site-packages/airflow/example_dags/tutorial_objectstorage.py took 0.566 seconds
[2025-07-14T12:55:26.209+0000] {processor.py:161} INFO - Started process (PID=2655) to work on /home/airflow/.local/lib/python3.8/site-packages/airflow/example_dags/tutorial_objectstorage.py
[2025-07-14T12:55:26.211+0000] {processor.py:830} INFO - Processing file /home/airflow/.local/lib/python3.8/site-packages/airflow/example_dags/tutorial_objectstorage.py for tasks to queue
[2025-07-14T12:55:26.215+0000] {logging_mixin.py:188} INFO - [2025-07-14T12:55:26.214+0000] {dagbag.py:538} INFO - Filling up the DagBag from /home/airflow/.local/lib/python3.8/site-packages/airflow/example_dags/tutorial_objectstorage.py
[2025-07-14T12:55:26.227+0000] {processor.py:840} INFO - DAG(s) 'tutorial_objectstorage' retrieved from /home/airflow/.local/lib/python3.8/site-packages/airflow/example_dags/tutorial_objectstorage.py
[2025-07-14T12:55:26.268+0000] {logging_mixin.py:188} INFO - [2025-07-14T12:55:26.268+0000] {dag.py:3036} INFO - Sync 1 DAGs
[2025-07-14T12:55:26.295+0000] {logging_mixin.py:188} INFO - [2025-07-14T12:55:26.295+0000] {dag.py:3823} INFO - Setting next_dagrun for tutorial_objectstorage to None, run_after=None
[2025-07-14T12:55:26.342+0000] {processor.py:183} INFO - Processing /home/airflow/.local/lib/python3.8/site-packages/airflow/example_dags/tutorial_objectstorage.py took 0.140 seconds
[2025-07-14T12:55:56.443+0000] {processor.py:161} INFO - Started process (PID=2714) to work on /home/airflow/.local/lib/python3.8/site-packages/airflow/example_dags/tutorial_objectstorage.py
[2025-07-14T12:55:56.444+0000] {processor.py:830} INFO - Processing file /home/airflow/.local/lib/python3.8/site-packages/airflow/example_dags/tutorial_objectstorage.py for tasks to queue
[2025-07-14T12:55:56.448+0000] {logging_mixin.py:188} INFO - [2025-07-14T12:55:56.448+0000] {dagbag.py:538} INFO - Filling up the DagBag from /home/airflow/.local/lib/python3.8/site-packages/airflow/example_dags/tutorial_objectstorage.py
[2025-07-14T12:55:56.461+0000] {processor.py:840} INFO - DAG(s) 'tutorial_objectstorage' retrieved from /home/airflow/.local/lib/python3.8/site-packages/airflow/example_dags/tutorial_objectstorage.py
[2025-07-14T12:55:56.499+0000] {logging_mixin.py:188} INFO - [2025-07-14T12:55:56.498+0000] {dag.py:3036} INFO - Sync 1 DAGs
[2025-07-14T12:55:56.527+0000] {logging_mixin.py:188} INFO - [2025-07-14T12:55:56.526+0000] {dag.py:3823} INFO - Setting next_dagrun for tutorial_objectstorage to None, run_after=None
[2025-07-14T12:55:56.572+0000] {processor.py:183} INFO - Processing /home/airflow/.local/lib/python3.8/site-packages/airflow/example_dags/tutorial_objectstorage.py took 0.141 seconds
[2025-07-14T12:56:27.364+0000] {processor.py:161} INFO - Started process (PID=2773) to work on /home/airflow/.local/lib/python3.8/site-packages/airflow/example_dags/tutorial_objectstorage.py
[2025-07-14T12:56:27.366+0000] {processor.py:830} INFO - Processing file /home/airflow/.local/lib/python3.8/site-packages/airflow/example_dags/tutorial_objectstorage.py for tasks to queue
[2025-07-14T12:56:27.369+0000] {logging_mixin.py:188} INFO - [2025-07-14T12:56:27.369+0000] {dagbag.py:538} INFO - Filling up the DagBag from /home/airflow/.local/lib/python3.8/site-packages/airflow/example_dags/tutorial_objectstorage.py
[2025-07-14T12:56:27.383+0000] {processor.py:840} INFO - DAG(s) 'tutorial_objectstorage' retrieved from /home/airflow/.local/lib/python3.8/site-packages/airflow/example_dags/tutorial_objectstorage.py
[2025-07-14T12:56:27.436+0000] {logging_mixin.py:188} INFO - [2025-07-14T12:56:27.435+0000] {dag.py:3036} INFO - Sync 1 DAGs
[2025-07-14T12:56:27.460+0000] {logging_mixin.py:188} INFO - [2025-07-14T12:56:27.460+0000] {dag.py:3823} INFO - Setting next_dagrun for tutorial_objectstorage to None, run_after=None
[2025-07-14T12:56:27.498+0000] {processor.py:183} INFO - Processing /home/airflow/.local/lib/python3.8/site-packages/airflow/example_dags/tutorial_objectstorage.py took 0.141 seconds
[2025-07-14T12:56:58.185+0000] {processor.py:161} INFO - Started process (PID=2833) to work on /home/airflow/.local/lib/python3.8/site-packages/airflow/example_dags/tutorial_objectstorage.py
[2025-07-14T12:56:58.187+0000] {processor.py:830} INFO - Processing file /home/airflow/.local/lib/python3.8/site-packages/airflow/example_dags/tutorial_objectstorage.py for tasks to queue
[2025-07-14T12:56:58.191+0000] {logging_mixin.py:188} INFO - [2025-07-14T12:56:58.190+0000] {dagbag.py:538} INFO - Filling up the DagBag from /home/airflow/.local/lib/python3.8/site-packages/airflow/example_dags/tutorial_objectstorage.py
[2025-07-14T12:56:58.201+0000] {processor.py:840} INFO - DAG(s) 'tutorial_objectstorage' retrieved from /home/airflow/.local/lib/python3.8/site-packages/airflow/example_dags/tutorial_objectstorage.py
[2025-07-14T12:56:58.242+0000] {logging_mixin.py:188} INFO - [2025-07-14T12:56:58.241+0000] {dag.py:3036} INFO - Sync 1 DAGs
[2025-07-14T12:56:58.268+0000] {logging_mixin.py:188} INFO - [2025-07-14T12:56:58.267+0000] {dag.py:3823} INFO - Setting next_dagrun for tutorial_objectstorage to None, run_after=None
[2025-07-14T12:56:58.694+0000] {processor.py:183} INFO - Processing /home/airflow/.local/lib/python3.8/site-packages/airflow/example_dags/tutorial_objectstorage.py took 0.515 seconds
[2025-07-14T12:57:29.319+0000] {processor.py:161} INFO - Started process (PID=2892) to work on /home/airflow/.local/lib/python3.8/site-packages/airflow/example_dags/tutorial_objectstorage.py
[2025-07-14T12:57:29.321+0000] {processor.py:830} INFO - Processing file /home/airflow/.local/lib/python3.8/site-packages/airflow/example_dags/tutorial_objectstorage.py for tasks to queue
[2025-07-14T12:57:29.324+0000] {logging_mixin.py:188} INFO - [2025-07-14T12:57:29.323+0000] {dagbag.py:538} INFO - Filling up the DagBag from /home/airflow/.local/lib/python3.8/site-packages/airflow/example_dags/tutorial_objectstorage.py
[2025-07-14T12:57:29.338+0000] {processor.py:840} INFO - DAG(s) 'tutorial_objectstorage' retrieved from /home/airflow/.local/lib/python3.8/site-packages/airflow/example_dags/tutorial_objectstorage.py
[2025-07-14T12:57:29.392+0000] {logging_mixin.py:188} INFO - [2025-07-14T12:57:29.392+0000] {dag.py:3036} INFO - Sync 1 DAGs
[2025-07-14T12:57:29.424+0000] {logging_mixin.py:188} INFO - [2025-07-14T12:57:29.424+0000] {dag.py:3823} INFO - Setting next_dagrun for tutorial_objectstorage to None, run_after=None
[2025-07-14T12:57:29.472+0000] {processor.py:183} INFO - Processing /home/airflow/.local/lib/python3.8/site-packages/airflow/example_dags/tutorial_objectstorage.py took 0.164 seconds
[2025-07-14T12:57:59.528+0000] {processor.py:161} INFO - Started process (PID=2951) to work on /home/airflow/.local/lib/python3.8/site-packages/airflow/example_dags/tutorial_objectstorage.py
[2025-07-14T12:57:59.531+0000] {processor.py:830} INFO - Processing file /home/airflow/.local/lib/python3.8/site-packages/airflow/example_dags/tutorial_objectstorage.py for tasks to queue
[2025-07-14T12:57:59.542+0000] {logging_mixin.py:188} INFO - [2025-07-14T12:57:59.541+0000] {dagbag.py:538} INFO - Filling up the DagBag from /home/airflow/.local/lib/python3.8/site-packages/airflow/example_dags/tutorial_objectstorage.py
[2025-07-14T12:57:59.560+0000] {processor.py:840} INFO - DAG(s) 'tutorial_objectstorage' retrieved from /home/airflow/.local/lib/python3.8/site-packages/airflow/example_dags/tutorial_objectstorage.py
[2025-07-14T12:57:59.612+0000] {logging_mixin.py:188} INFO - [2025-07-14T12:57:59.612+0000] {dag.py:3036} INFO - Sync 1 DAGs
[2025-07-14T12:57:59.644+0000] {logging_mixin.py:188} INFO - [2025-07-14T12:57:59.644+0000] {dag.py:3823} INFO - Setting next_dagrun for tutorial_objectstorage to None, run_after=None
[2025-07-14T12:57:59.708+0000] {processor.py:183} INFO - Processing /home/airflow/.local/lib/python3.8/site-packages/airflow/example_dags/tutorial_objectstorage.py took 0.190 seconds
[2025-07-14T12:58:30.119+0000] {processor.py:161} INFO - Started process (PID=3010) to work on /home/airflow/.local/lib/python3.8/site-packages/airflow/example_dags/tutorial_objectstorage.py
[2025-07-14T12:58:30.122+0000] {processor.py:830} INFO - Processing file /home/airflow/.local/lib/python3.8/site-packages/airflow/example_dags/tutorial_objectstorage.py for tasks to queue
[2025-07-14T12:58:30.131+0000] {logging_mixin.py:188} INFO - [2025-07-14T12:58:30.130+0000] {dagbag.py:538} INFO - Filling up the DagBag from /home/airflow/.local/lib/python3.8/site-packages/airflow/example_dags/tutorial_objectstorage.py
[2025-07-14T12:58:30.149+0000] {processor.py:840} INFO - DAG(s) 'tutorial_objectstorage' retrieved from /home/airflow/.local/lib/python3.8/site-packages/airflow/example_dags/tutorial_objectstorage.py
[2025-07-14T12:58:30.204+0000] {logging_mixin.py:188} INFO - [2025-07-14T12:58:30.204+0000] {dag.py:3036} INFO - Sync 1 DAGs
[2025-07-14T12:58:30.234+0000] {logging_mixin.py:188} INFO - [2025-07-14T12:58:30.234+0000] {dag.py:3823} INFO - Setting next_dagrun for tutorial_objectstorage to None, run_after=None
[2025-07-14T12:58:30.278+0000] {processor.py:183} INFO - Processing /home/airflow/.local/lib/python3.8/site-packages/airflow/example_dags/tutorial_objectstorage.py took 0.168 seconds
[2025-07-14T12:59:01.395+0000] {processor.py:161} INFO - Started process (PID=3070) to work on /home/airflow/.local/lib/python3.8/site-packages/airflow/example_dags/tutorial_objectstorage.py
[2025-07-14T12:59:01.400+0000] {processor.py:830} INFO - Processing file /home/airflow/.local/lib/python3.8/site-packages/airflow/example_dags/tutorial_objectstorage.py for tasks to queue
[2025-07-14T12:59:01.404+0000] {logging_mixin.py:188} INFO - [2025-07-14T12:59:01.404+0000] {dagbag.py:538} INFO - Filling up the DagBag from /home/airflow/.local/lib/python3.8/site-packages/airflow/example_dags/tutorial_objectstorage.py
[2025-07-14T12:59:01.422+0000] {processor.py:840} INFO - DAG(s) 'tutorial_objectstorage' retrieved from /home/airflow/.local/lib/python3.8/site-packages/airflow/example_dags/tutorial_objectstorage.py
[2025-07-14T12:59:01.746+0000] {logging_mixin.py:188} INFO - [2025-07-14T12:59:01.745+0000] {dag.py:3036} INFO - Sync 1 DAGs
[2025-07-14T12:59:01.769+0000] {logging_mixin.py:188} INFO - [2025-07-14T12:59:01.769+0000] {dag.py:3823} INFO - Setting next_dagrun for tutorial_objectstorage to None, run_after=None
[2025-07-14T12:59:01.810+0000] {processor.py:183} INFO - Processing /home/airflow/.local/lib/python3.8/site-packages/airflow/example_dags/tutorial_objectstorage.py took 0.421 seconds
[2025-07-14T12:59:32.604+0000] {processor.py:161} INFO - Started process (PID=3130) to work on /home/airflow/.local/lib/python3.8/site-packages/airflow/example_dags/tutorial_objectstorage.py
[2025-07-14T12:59:32.607+0000] {processor.py:830} INFO - Processing file /home/airflow/.local/lib/python3.8/site-packages/airflow/example_dags/tutorial_objectstorage.py for tasks to queue
[2025-07-14T12:59:32.614+0000] {logging_mixin.py:188} INFO - [2025-07-14T12:59:32.614+0000] {dagbag.py:538} INFO - Filling up the DagBag from /home/airflow/.local/lib/python3.8/site-packages/airflow/example_dags/tutorial_objectstorage.py
[2025-07-14T12:59:32.628+0000] {processor.py:840} INFO - DAG(s) 'tutorial_objectstorage' retrieved from /home/airflow/.local/lib/python3.8/site-packages/airflow/example_dags/tutorial_objectstorage.py
[2025-07-14T12:59:32.684+0000] {logging_mixin.py:188} INFO - [2025-07-14T12:59:32.683+0000] {dag.py:3036} INFO - Sync 1 DAGs
[2025-07-14T12:59:32.715+0000] {logging_mixin.py:188} INFO - [2025-07-14T12:59:32.715+0000] {dag.py:3823} INFO - Setting next_dagrun for tutorial_objectstorage to None, run_after=None
[2025-07-14T12:59:32.801+0000] {processor.py:183} INFO - Processing /home/airflow/.local/lib/python3.8/site-packages/airflow/example_dags/tutorial_objectstorage.py took 0.208 seconds
[2025-07-14T13:00:03.278+0000] {processor.py:161} INFO - Started process (PID=3190) to work on /home/airflow/.local/lib/python3.8/site-packages/airflow/example_dags/tutorial_objectstorage.py
[2025-07-14T13:00:03.281+0000] {processor.py:830} INFO - Processing file /home/airflow/.local/lib/python3.8/site-packages/airflow/example_dags/tutorial_objectstorage.py for tasks to queue
[2025-07-14T13:00:03.285+0000] {logging_mixin.py:188} INFO - [2025-07-14T13:00:03.284+0000] {dagbag.py:538} INFO - Filling up the DagBag from /home/airflow/.local/lib/python3.8/site-packages/airflow/example_dags/tutorial_objectstorage.py
[2025-07-14T13:00:03.306+0000] {processor.py:840} INFO - DAG(s) 'tutorial_objectstorage' retrieved from /home/airflow/.local/lib/python3.8/site-packages/airflow/example_dags/tutorial_objectstorage.py
[2025-07-14T13:00:03.355+0000] {logging_mixin.py:188} INFO - [2025-07-14T13:00:03.355+0000] {dag.py:3036} INFO - Sync 1 DAGs
[2025-07-14T13:00:03.390+0000] {logging_mixin.py:188} INFO - [2025-07-14T13:00:03.390+0000] {dag.py:3823} INFO - Setting next_dagrun for tutorial_objectstorage to None, run_after=None
[2025-07-14T13:00:03.437+0000] {processor.py:183} INFO - Processing /home/airflow/.local/lib/python3.8/site-packages/airflow/example_dags/tutorial_objectstorage.py took 0.170 seconds
[2025-07-14T13:00:34.812+0000] {processor.py:161} INFO - Started process (PID=3249) to work on /home/airflow/.local/lib/python3.8/site-packages/airflow/example_dags/tutorial_objectstorage.py
[2025-07-14T13:00:34.817+0000] {processor.py:830} INFO - Processing file /home/airflow/.local/lib/python3.8/site-packages/airflow/example_dags/tutorial_objectstorage.py for tasks to queue
[2025-07-14T13:00:34.841+0000] {logging_mixin.py:188} INFO - [2025-07-14T13:00:34.835+0000] {dagbag.py:538} INFO - Filling up the DagBag from /home/airflow/.local/lib/python3.8/site-packages/airflow/example_dags/tutorial_objectstorage.py
[2025-07-14T13:00:34.874+0000] {processor.py:840} INFO - DAG(s) 'tutorial_objectstorage' retrieved from /home/airflow/.local/lib/python3.8/site-packages/airflow/example_dags/tutorial_objectstorage.py
[2025-07-14T13:00:34.912+0000] {logging_mixin.py:188} INFO - [2025-07-14T13:00:34.912+0000] {dag.py:3036} INFO - Sync 1 DAGs
[2025-07-14T13:00:34.933+0000] {logging_mixin.py:188} INFO - [2025-07-14T13:00:34.932+0000] {dag.py:3823} INFO - Setting next_dagrun for tutorial_objectstorage to None, run_after=None
[2025-07-14T13:00:34.976+0000] {processor.py:183} INFO - Processing /home/airflow/.local/lib/python3.8/site-packages/airflow/example_dags/tutorial_objectstorage.py took 0.169 seconds
[2025-07-14T13:01:05.959+0000] {processor.py:161} INFO - Started process (PID=3308) to work on /home/airflow/.local/lib/python3.8/site-packages/airflow/example_dags/tutorial_objectstorage.py
[2025-07-14T13:01:05.963+0000] {processor.py:830} INFO - Processing file /home/airflow/.local/lib/python3.8/site-packages/airflow/example_dags/tutorial_objectstorage.py for tasks to queue
[2025-07-14T13:01:05.969+0000] {logging_mixin.py:188} INFO - [2025-07-14T13:01:05.968+0000] {dagbag.py:538} INFO - Filling up the DagBag from /home/airflow/.local/lib/python3.8/site-packages/airflow/example_dags/tutorial_objectstorage.py
[2025-07-14T13:01:05.986+0000] {processor.py:840} INFO - DAG(s) 'tutorial_objectstorage' retrieved from /home/airflow/.local/lib/python3.8/site-packages/airflow/example_dags/tutorial_objectstorage.py
[2025-07-14T13:01:06.032+0000] {logging_mixin.py:188} INFO - [2025-07-14T13:01:06.032+0000] {dag.py:3036} INFO - Sync 1 DAGs
[2025-07-14T13:01:06.065+0000] {logging_mixin.py:188} INFO - [2025-07-14T13:01:06.063+0000] {dag.py:3823} INFO - Setting next_dagrun for tutorial_objectstorage to None, run_after=None
[2025-07-14T13:01:06.113+0000] {processor.py:183} INFO - Processing /home/airflow/.local/lib/python3.8/site-packages/airflow/example_dags/tutorial_objectstorage.py took 0.162 seconds
[2025-07-14T13:01:37.158+0000] {processor.py:161} INFO - Started process (PID=3369) to work on /home/airflow/.local/lib/python3.8/site-packages/airflow/example_dags/tutorial_objectstorage.py
[2025-07-14T13:01:37.162+0000] {processor.py:830} INFO - Processing file /home/airflow/.local/lib/python3.8/site-packages/airflow/example_dags/tutorial_objectstorage.py for tasks to queue
[2025-07-14T13:01:37.171+0000] {logging_mixin.py:188} INFO - [2025-07-14T13:01:37.171+0000] {dagbag.py:538} INFO - Filling up the DagBag from /home/airflow/.local/lib/python3.8/site-packages/airflow/example_dags/tutorial_objectstorage.py
[2025-07-14T13:01:37.193+0000] {processor.py:840} INFO - DAG(s) 'tutorial_objectstorage' retrieved from /home/airflow/.local/lib/python3.8/site-packages/airflow/example_dags/tutorial_objectstorage.py
[2025-07-14T13:01:37.385+0000] {logging_mixin.py:188} INFO - [2025-07-14T13:01:37.384+0000] {dag.py:3036} INFO - Sync 1 DAGs
[2025-07-14T13:01:37.421+0000] {logging_mixin.py:188} INFO - [2025-07-14T13:01:37.421+0000] {dag.py:3823} INFO - Setting next_dagrun for tutorial_objectstorage to None, run_after=None
[2025-07-14T13:01:37.478+0000] {processor.py:183} INFO - Processing /home/airflow/.local/lib/python3.8/site-packages/airflow/example_dags/tutorial_objectstorage.py took 0.326 seconds
[2025-07-14T13:02:08.288+0000] {processor.py:161} INFO - Started process (PID=3429) to work on /home/airflow/.local/lib/python3.8/site-packages/airflow/example_dags/tutorial_objectstorage.py
[2025-07-14T13:02:08.291+0000] {processor.py:830} INFO - Processing file /home/airflow/.local/lib/python3.8/site-packages/airflow/example_dags/tutorial_objectstorage.py for tasks to queue
[2025-07-14T13:02:08.296+0000] {logging_mixin.py:188} INFO - [2025-07-14T13:02:08.295+0000] {dagbag.py:538} INFO - Filling up the DagBag from /home/airflow/.local/lib/python3.8/site-packages/airflow/example_dags/tutorial_objectstorage.py
[2025-07-14T13:02:08.311+0000] {processor.py:840} INFO - DAG(s) 'tutorial_objectstorage' retrieved from /home/airflow/.local/lib/python3.8/site-packages/airflow/example_dags/tutorial_objectstorage.py
[2025-07-14T13:02:08.368+0000] {logging_mixin.py:188} INFO - [2025-07-14T13:02:08.367+0000] {dag.py:3036} INFO - Sync 1 DAGs
[2025-07-14T13:02:08.402+0000] {logging_mixin.py:188} INFO - [2025-07-14T13:02:08.402+0000] {dag.py:3823} INFO - Setting next_dagrun for tutorial_objectstorage to None, run_after=None
[2025-07-14T13:02:08.448+0000] {processor.py:183} INFO - Processing /home/airflow/.local/lib/python3.8/site-packages/airflow/example_dags/tutorial_objectstorage.py took 0.168 seconds
[2025-07-14T13:02:38.875+0000] {processor.py:161} INFO - Started process (PID=3489) to work on /home/airflow/.local/lib/python3.8/site-packages/airflow/example_dags/tutorial_objectstorage.py
[2025-07-14T13:02:38.876+0000] {processor.py:830} INFO - Processing file /home/airflow/.local/lib/python3.8/site-packages/airflow/example_dags/tutorial_objectstorage.py for tasks to queue
[2025-07-14T13:02:38.881+0000] {logging_mixin.py:188} INFO - [2025-07-14T13:02:38.880+0000] {dagbag.py:538} INFO - Filling up the DagBag from /home/airflow/.local/lib/python3.8/site-packages/airflow/example_dags/tutorial_objectstorage.py
[2025-07-14T13:02:38.894+0000] {processor.py:840} INFO - DAG(s) 'tutorial_objectstorage' retrieved from /home/airflow/.local/lib/python3.8/site-packages/airflow/example_dags/tutorial_objectstorage.py
[2025-07-14T13:02:38.937+0000] {logging_mixin.py:188} INFO - [2025-07-14T13:02:38.936+0000] {dag.py:3036} INFO - Sync 1 DAGs
[2025-07-14T13:02:38.962+0000] {logging_mixin.py:188} INFO - [2025-07-14T13:02:38.962+0000] {dag.py:3823} INFO - Setting next_dagrun for tutorial_objectstorage to None, run_after=None
[2025-07-14T13:02:39.004+0000] {processor.py:183} INFO - Processing /home/airflow/.local/lib/python3.8/site-packages/airflow/example_dags/tutorial_objectstorage.py took 0.135 seconds
[2025-07-14T13:03:09.625+0000] {processor.py:161} INFO - Started process (PID=3549) to work on /home/airflow/.local/lib/python3.8/site-packages/airflow/example_dags/tutorial_objectstorage.py
[2025-07-14T13:03:09.627+0000] {processor.py:830} INFO - Processing file /home/airflow/.local/lib/python3.8/site-packages/airflow/example_dags/tutorial_objectstorage.py for tasks to queue
[2025-07-14T13:03:09.631+0000] {logging_mixin.py:188} INFO - [2025-07-14T13:03:09.631+0000] {dagbag.py:538} INFO - Filling up the DagBag from /home/airflow/.local/lib/python3.8/site-packages/airflow/example_dags/tutorial_objectstorage.py
[2025-07-14T13:03:09.646+0000] {processor.py:840} INFO - DAG(s) 'tutorial_objectstorage' retrieved from /home/airflow/.local/lib/python3.8/site-packages/airflow/example_dags/tutorial_objectstorage.py
[2025-07-14T13:03:09.691+0000] {logging_mixin.py:188} INFO - [2025-07-14T13:03:09.691+0000] {dag.py:3036} INFO - Sync 1 DAGs
[2025-07-14T13:03:09.725+0000] {logging_mixin.py:188} INFO - [2025-07-14T13:03:09.725+0000] {dag.py:3823} INFO - Setting next_dagrun for tutorial_objectstorage to None, run_after=None
[2025-07-14T13:03:09.778+0000] {processor.py:183} INFO - Processing /home/airflow/.local/lib/python3.8/site-packages/airflow/example_dags/tutorial_objectstorage.py took 0.162 seconds
[2025-07-14T13:03:39.839+0000] {processor.py:161} INFO - Started process (PID=3608) to work on /home/airflow/.local/lib/python3.8/site-packages/airflow/example_dags/tutorial_objectstorage.py
[2025-07-14T13:03:39.842+0000] {processor.py:830} INFO - Processing file /home/airflow/.local/lib/python3.8/site-packages/airflow/example_dags/tutorial_objectstorage.py for tasks to queue
[2025-07-14T13:03:39.866+0000] {logging_mixin.py:188} INFO - [2025-07-14T13:03:39.859+0000] {dagbag.py:538} INFO - Filling up the DagBag from /home/airflow/.local/lib/python3.8/site-packages/airflow/example_dags/tutorial_objectstorage.py
[2025-07-14T13:03:39.933+0000] {processor.py:840} INFO - DAG(s) 'tutorial_objectstorage' retrieved from /home/airflow/.local/lib/python3.8/site-packages/airflow/example_dags/tutorial_objectstorage.py
[2025-07-14T13:03:40.058+0000] {logging_mixin.py:188} INFO - [2025-07-14T13:03:40.043+0000] {dag.py:3036} INFO - Sync 1 DAGs
[2025-07-14T13:03:40.154+0000] {logging_mixin.py:188} INFO - [2025-07-14T13:03:40.154+0000] {dag.py:3823} INFO - Setting next_dagrun for tutorial_objectstorage to None, run_after=None
[2025-07-14T13:03:40.236+0000] {processor.py:183} INFO - Processing /home/airflow/.local/lib/python3.8/site-packages/airflow/example_dags/tutorial_objectstorage.py took 0.421 seconds
[2025-07-14T13:04:10.303+0000] {processor.py:161} INFO - Started process (PID=3668) to work on /home/airflow/.local/lib/python3.8/site-packages/airflow/example_dags/tutorial_objectstorage.py
[2025-07-14T13:04:10.312+0000] {processor.py:830} INFO - Processing file /home/airflow/.local/lib/python3.8/site-packages/airflow/example_dags/tutorial_objectstorage.py for tasks to queue
[2025-07-14T13:04:10.318+0000] {logging_mixin.py:188} INFO - [2025-07-14T13:04:10.317+0000] {dagbag.py:538} INFO - Filling up the DagBag from /home/airflow/.local/lib/python3.8/site-packages/airflow/example_dags/tutorial_objectstorage.py
[2025-07-14T13:04:10.332+0000] {processor.py:840} INFO - DAG(s) 'tutorial_objectstorage' retrieved from /home/airflow/.local/lib/python3.8/site-packages/airflow/example_dags/tutorial_objectstorage.py
[2025-07-14T13:04:10.391+0000] {logging_mixin.py:188} INFO - [2025-07-14T13:04:10.390+0000] {dag.py:3036} INFO - Sync 1 DAGs
[2025-07-14T13:04:10.418+0000] {logging_mixin.py:188} INFO - [2025-07-14T13:04:10.418+0000] {dag.py:3823} INFO - Setting next_dagrun for tutorial_objectstorage to None, run_after=None
[2025-07-14T13:04:10.461+0000] {processor.py:183} INFO - Processing /home/airflow/.local/lib/python3.8/site-packages/airflow/example_dags/tutorial_objectstorage.py took 0.168 seconds
[2025-07-14T13:04:41.282+0000] {processor.py:161} INFO - Started process (PID=3728) to work on /home/airflow/.local/lib/python3.8/site-packages/airflow/example_dags/tutorial_objectstorage.py
[2025-07-14T13:04:41.285+0000] {processor.py:830} INFO - Processing file /home/airflow/.local/lib/python3.8/site-packages/airflow/example_dags/tutorial_objectstorage.py for tasks to queue
[2025-07-14T13:04:41.290+0000] {logging_mixin.py:188} INFO - [2025-07-14T13:04:41.289+0000] {dagbag.py:538} INFO - Filling up the DagBag from /home/airflow/.local/lib/python3.8/site-packages/airflow/example_dags/tutorial_objectstorage.py
[2025-07-14T13:04:41.316+0000] {processor.py:840} INFO - DAG(s) 'tutorial_objectstorage' retrieved from /home/airflow/.local/lib/python3.8/site-packages/airflow/example_dags/tutorial_objectstorage.py
[2025-07-14T13:04:41.403+0000] {logging_mixin.py:188} INFO - [2025-07-14T13:04:41.402+0000] {dag.py:3036} INFO - Sync 1 DAGs
[2025-07-14T13:04:41.438+0000] {logging_mixin.py:188} INFO - [2025-07-14T13:04:41.438+0000] {dag.py:3823} INFO - Setting next_dagrun for tutorial_objectstorage to None, run_after=None
[2025-07-14T13:04:41.478+0000] {processor.py:183} INFO - Processing /home/airflow/.local/lib/python3.8/site-packages/airflow/example_dags/tutorial_objectstorage.py took 0.203 seconds
[2025-07-14T13:05:13.597+0000] {processor.py:161} INFO - Started process (PID=3788) to work on /home/airflow/.local/lib/python3.8/site-packages/airflow/example_dags/tutorial_objectstorage.py
[2025-07-14T13:05:13.600+0000] {processor.py:830} INFO - Processing file /home/airflow/.local/lib/python3.8/site-packages/airflow/example_dags/tutorial_objectstorage.py for tasks to queue
[2025-07-14T13:05:13.647+0000] {logging_mixin.py:188} INFO - [2025-07-14T13:05:13.646+0000] {dagbag.py:538} INFO - Filling up the DagBag from /home/airflow/.local/lib/python3.8/site-packages/airflow/example_dags/tutorial_objectstorage.py
[2025-07-14T13:05:13.663+0000] {processor.py:840} INFO - DAG(s) 'tutorial_objectstorage' retrieved from /home/airflow/.local/lib/python3.8/site-packages/airflow/example_dags/tutorial_objectstorage.py
[2025-07-14T13:05:13.740+0000] {logging_mixin.py:188} INFO - [2025-07-14T13:05:13.740+0000] {dag.py:3036} INFO - Sync 1 DAGs
[2025-07-14T13:05:13.762+0000] {logging_mixin.py:188} INFO - [2025-07-14T13:05:13.762+0000] {dag.py:3823} INFO - Setting next_dagrun for tutorial_objectstorage to None, run_after=None
[2025-07-14T13:05:13.909+0000] {processor.py:183} INFO - Processing /home/airflow/.local/lib/python3.8/site-packages/airflow/example_dags/tutorial_objectstorage.py took 0.320 seconds
[2025-07-14T13:05:44.379+0000] {processor.py:161} INFO - Started process (PID=3848) to work on /home/airflow/.local/lib/python3.8/site-packages/airflow/example_dags/tutorial_objectstorage.py
[2025-07-14T13:05:44.381+0000] {processor.py:830} INFO - Processing file /home/airflow/.local/lib/python3.8/site-packages/airflow/example_dags/tutorial_objectstorage.py for tasks to queue
[2025-07-14T13:05:44.385+0000] {logging_mixin.py:188} INFO - [2025-07-14T13:05:44.383+0000] {dagbag.py:538} INFO - Filling up the DagBag from /home/airflow/.local/lib/python3.8/site-packages/airflow/example_dags/tutorial_objectstorage.py
[2025-07-14T13:05:44.394+0000] {processor.py:840} INFO - DAG(s) 'tutorial_objectstorage' retrieved from /home/airflow/.local/lib/python3.8/site-packages/airflow/example_dags/tutorial_objectstorage.py
[2025-07-14T13:05:44.422+0000] {logging_mixin.py:188} INFO - [2025-07-14T13:05:44.422+0000] {dag.py:3036} INFO - Sync 1 DAGs
[2025-07-14T13:05:44.444+0000] {logging_mixin.py:188} INFO - [2025-07-14T13:05:44.444+0000] {dag.py:3823} INFO - Setting next_dagrun for tutorial_objectstorage to None, run_after=None
[2025-07-14T13:05:44.470+0000] {processor.py:183} INFO - Processing /home/airflow/.local/lib/python3.8/site-packages/airflow/example_dags/tutorial_objectstorage.py took 0.097 seconds
