[2025-07-18T12:59:38.354+0000] {processor.py:161} INFO - Started process (PID=71) to work on /home/airflow/.local/lib/python3.8/site-packages/airflow/example_dags/example_subdag_operator.py
[2025-07-18T12:59:38.354+0000] {processor.py:830} INFO - Processing file /home/airflow/.local/lib/python3.8/site-packages/airflow/example_dags/example_subdag_operator.py for tasks to queue
[2025-07-18T12:59:38.355+0000] {logging_mixin.py:188} INFO - [2025-07-18T12:59:38.355+0000] {dagbag.py:538} INFO - Filling up the DagBag from /home/airflow/.local/lib/python3.8/site-packages/airflow/example_dags/example_subdag_operator.py
[2025-07-18T12:59:38.367+0000] {processor.py:840} INFO - DAG(s) 'example_subdag_operator.section-1', 'example_subdag_operator.section-2', 'example_subdag_operator' retrieved from /home/airflow/.local/lib/python3.8/site-packages/airflow/example_dags/example_subdag_operator.py
[2025-07-18T12:59:38.377+0000] {logging_mixin.py:188} INFO - [2025-07-18T12:59:38.376+0000] {dag.py:3036} INFO - Sync 3 DAGs
[2025-07-18T12:59:38.387+0000] {logging_mixin.py:188} INFO - [2025-07-18T12:59:38.387+0000] {dag.py:3823} INFO - Setting next_dagrun for example_subdag_operator to 2022-01-01 00:00:00+00:00, run_after=2022-01-01 00:00:00+00:00
[2025-07-18T12:59:38.389+0000] {logging_mixin.py:188} INFO - [2025-07-18T12:59:38.389+0000] {dag.py:3823} INFO - Setting next_dagrun for example_subdag_operator.section-1 to None, run_after=None
[2025-07-18T12:59:38.389+0000] {logging_mixin.py:188} INFO - [2025-07-18T12:59:38.389+0000] {dag.py:3823} INFO - Setting next_dagrun for example_subdag_operator.section-2 to None, run_after=None
[2025-07-18T12:59:38.393+0000] {logging_mixin.py:188} INFO - [2025-07-18T12:59:38.393+0000] {dag.py:3036} INFO - Sync 2 DAGs
[2025-07-18T12:59:38.395+0000] {logging_mixin.py:188} INFO - [2025-07-18T12:59:38.395+0000] {dag.py:3823} INFO - Setting next_dagrun for example_subdag_operator.section-1 to None, run_after=None
[2025-07-18T12:59:38.395+0000] {logging_mixin.py:188} INFO - [2025-07-18T12:59:38.395+0000] {dag.py:3823} INFO - Setting next_dagrun for example_subdag_operator.section-2 to None, run_after=None
[2025-07-18T12:59:38.400+0000] {processor.py:183} INFO - Processing /home/airflow/.local/lib/python3.8/site-packages/airflow/example_dags/example_subdag_operator.py took 0.048 seconds
[2025-07-18T13:00:08.410+0000] {processor.py:161} INFO - Started process (PID=133) to work on /home/airflow/.local/lib/python3.8/site-packages/airflow/example_dags/example_subdag_operator.py
[2025-07-18T13:00:08.410+0000] {processor.py:830} INFO - Processing file /home/airflow/.local/lib/python3.8/site-packages/airflow/example_dags/example_subdag_operator.py for tasks to queue
[2025-07-18T13:00:08.411+0000] {logging_mixin.py:188} INFO - [2025-07-18T13:00:08.411+0000] {dagbag.py:538} INFO - Filling up the DagBag from /home/airflow/.local/lib/python3.8/site-packages/airflow/example_dags/example_subdag_operator.py
[2025-07-18T13:00:08.419+0000] {processor.py:840} INFO - DAG(s) 'example_subdag_operator.section-1', 'example_subdag_operator.section-2', 'example_subdag_operator' retrieved from /home/airflow/.local/lib/python3.8/site-packages/airflow/example_dags/example_subdag_operator.py
[2025-07-18T13:00:08.425+0000] {logging_mixin.py:188} INFO - [2025-07-18T13:00:08.424+0000] {dag.py:3036} INFO - Sync 3 DAGs
[2025-07-18T13:00:08.432+0000] {logging_mixin.py:188} INFO - [2025-07-18T13:00:08.432+0000] {dag.py:3823} INFO - Setting next_dagrun for example_subdag_operator to 2022-01-01 00:00:00+00:00, run_after=2022-01-01 00:00:00+00:00
[2025-07-18T13:00:08.433+0000] {logging_mixin.py:188} INFO - [2025-07-18T13:00:08.433+0000] {dag.py:3823} INFO - Setting next_dagrun for example_subdag_operator.section-1 to None, run_after=None
[2025-07-18T13:00:08.434+0000] {logging_mixin.py:188} INFO - [2025-07-18T13:00:08.434+0000] {dag.py:3823} INFO - Setting next_dagrun for example_subdag_operator.section-2 to None, run_after=None
[2025-07-18T13:00:08.436+0000] {logging_mixin.py:188} INFO - [2025-07-18T13:00:08.436+0000] {dag.py:3036} INFO - Sync 2 DAGs
[2025-07-18T13:00:08.438+0000] {logging_mixin.py:188} INFO - [2025-07-18T13:00:08.438+0000] {dag.py:3823} INFO - Setting next_dagrun for example_subdag_operator.section-1 to None, run_after=None
[2025-07-18T13:00:08.438+0000] {logging_mixin.py:188} INFO - [2025-07-18T13:00:08.438+0000] {dag.py:3823} INFO - Setting next_dagrun for example_subdag_operator.section-2 to None, run_after=None
[2025-07-18T13:00:08.442+0000] {processor.py:183} INFO - Processing /home/airflow/.local/lib/python3.8/site-packages/airflow/example_dags/example_subdag_operator.py took 0.034 seconds
[2025-07-18T13:00:38.749+0000] {processor.py:161} INFO - Started process (PID=206) to work on /home/airflow/.local/lib/python3.8/site-packages/airflow/example_dags/example_subdag_operator.py
[2025-07-18T13:00:38.749+0000] {processor.py:830} INFO - Processing file /home/airflow/.local/lib/python3.8/site-packages/airflow/example_dags/example_subdag_operator.py for tasks to queue
[2025-07-18T13:00:38.750+0000] {logging_mixin.py:188} INFO - [2025-07-18T13:00:38.750+0000] {dagbag.py:538} INFO - Filling up the DagBag from /home/airflow/.local/lib/python3.8/site-packages/airflow/example_dags/example_subdag_operator.py
[2025-07-18T13:00:38.760+0000] {processor.py:840} INFO - DAG(s) 'example_subdag_operator.section-1', 'example_subdag_operator.section-2', 'example_subdag_operator' retrieved from /home/airflow/.local/lib/python3.8/site-packages/airflow/example_dags/example_subdag_operator.py
[2025-07-18T13:00:38.766+0000] {logging_mixin.py:188} INFO - [2025-07-18T13:00:38.766+0000] {dag.py:3036} INFO - Sync 3 DAGs
[2025-07-18T13:00:38.774+0000] {logging_mixin.py:188} INFO - [2025-07-18T13:00:38.774+0000] {dag.py:3823} INFO - Setting next_dagrun for example_subdag_operator to 2022-01-01 00:00:00+00:00, run_after=2022-01-01 00:00:00+00:00
[2025-07-18T13:00:38.775+0000] {logging_mixin.py:188} INFO - [2025-07-18T13:00:38.775+0000] {dag.py:3823} INFO - Setting next_dagrun for example_subdag_operator.section-1 to None, run_after=None
[2025-07-18T13:00:38.776+0000] {logging_mixin.py:188} INFO - [2025-07-18T13:00:38.776+0000] {dag.py:3823} INFO - Setting next_dagrun for example_subdag_operator.section-2 to None, run_after=None
[2025-07-18T13:00:38.779+0000] {logging_mixin.py:188} INFO - [2025-07-18T13:00:38.778+0000] {dag.py:3036} INFO - Sync 2 DAGs
[2025-07-18T13:00:38.780+0000] {logging_mixin.py:188} INFO - [2025-07-18T13:00:38.780+0000] {dag.py:3823} INFO - Setting next_dagrun for example_subdag_operator.section-1 to None, run_after=None
[2025-07-18T13:00:38.781+0000] {logging_mixin.py:188} INFO - [2025-07-18T13:00:38.780+0000] {dag.py:3823} INFO - Setting next_dagrun for example_subdag_operator.section-2 to None, run_after=None
[2025-07-18T13:00:38.785+0000] {processor.py:183} INFO - Processing /home/airflow/.local/lib/python3.8/site-packages/airflow/example_dags/example_subdag_operator.py took 0.038 seconds
[2025-07-18T13:01:08.934+0000] {processor.py:161} INFO - Started process (PID=279) to work on /home/airflow/.local/lib/python3.8/site-packages/airflow/example_dags/example_subdag_operator.py
[2025-07-18T13:01:08.934+0000] {processor.py:830} INFO - Processing file /home/airflow/.local/lib/python3.8/site-packages/airflow/example_dags/example_subdag_operator.py for tasks to queue
[2025-07-18T13:01:08.935+0000] {logging_mixin.py:188} INFO - [2025-07-18T13:01:08.935+0000] {dagbag.py:538} INFO - Filling up the DagBag from /home/airflow/.local/lib/python3.8/site-packages/airflow/example_dags/example_subdag_operator.py
[2025-07-18T13:01:08.943+0000] {processor.py:840} INFO - DAG(s) 'example_subdag_operator.section-1', 'example_subdag_operator.section-2', 'example_subdag_operator' retrieved from /home/airflow/.local/lib/python3.8/site-packages/airflow/example_dags/example_subdag_operator.py
[2025-07-18T13:01:08.948+0000] {logging_mixin.py:188} INFO - [2025-07-18T13:01:08.948+0000] {dag.py:3036} INFO - Sync 3 DAGs
[2025-07-18T13:01:08.955+0000] {logging_mixin.py:188} INFO - [2025-07-18T13:01:08.954+0000] {dag.py:3823} INFO - Setting next_dagrun for example_subdag_operator to 2022-01-01 00:00:00+00:00, run_after=2022-01-01 00:00:00+00:00
[2025-07-18T13:01:08.956+0000] {logging_mixin.py:188} INFO - [2025-07-18T13:01:08.956+0000] {dag.py:3823} INFO - Setting next_dagrun for example_subdag_operator.section-1 to None, run_after=None
[2025-07-18T13:01:08.956+0000] {logging_mixin.py:188} INFO - [2025-07-18T13:01:08.956+0000] {dag.py:3823} INFO - Setting next_dagrun for example_subdag_operator.section-2 to None, run_after=None
[2025-07-18T13:01:08.958+0000] {logging_mixin.py:188} INFO - [2025-07-18T13:01:08.958+0000] {dag.py:3036} INFO - Sync 2 DAGs
[2025-07-18T13:01:08.960+0000] {logging_mixin.py:188} INFO - [2025-07-18T13:01:08.960+0000] {dag.py:3823} INFO - Setting next_dagrun for example_subdag_operator.section-1 to None, run_after=None
[2025-07-18T13:01:08.960+0000] {logging_mixin.py:188} INFO - [2025-07-18T13:01:08.960+0000] {dag.py:3823} INFO - Setting next_dagrun for example_subdag_operator.section-2 to None, run_after=None
[2025-07-18T13:01:08.963+0000] {processor.py:183} INFO - Processing /home/airflow/.local/lib/python3.8/site-packages/airflow/example_dags/example_subdag_operator.py took 0.031 seconds
[2025-07-18T13:01:39.563+0000] {processor.py:161} INFO - Started process (PID=352) to work on /home/airflow/.local/lib/python3.8/site-packages/airflow/example_dags/example_subdag_operator.py
[2025-07-18T13:01:39.565+0000] {processor.py:830} INFO - Processing file /home/airflow/.local/lib/python3.8/site-packages/airflow/example_dags/example_subdag_operator.py for tasks to queue
[2025-07-18T13:01:39.566+0000] {logging_mixin.py:188} INFO - [2025-07-18T13:01:39.566+0000] {dagbag.py:538} INFO - Filling up the DagBag from /home/airflow/.local/lib/python3.8/site-packages/airflow/example_dags/example_subdag_operator.py
[2025-07-18T13:01:39.578+0000] {processor.py:840} INFO - DAG(s) 'example_subdag_operator.section-1', 'example_subdag_operator.section-2', 'example_subdag_operator' retrieved from /home/airflow/.local/lib/python3.8/site-packages/airflow/example_dags/example_subdag_operator.py
[2025-07-18T13:01:39.584+0000] {logging_mixin.py:188} INFO - [2025-07-18T13:01:39.584+0000] {dag.py:3036} INFO - Sync 3 DAGs
[2025-07-18T13:01:39.592+0000] {logging_mixin.py:188} INFO - [2025-07-18T13:01:39.592+0000] {dag.py:3823} INFO - Setting next_dagrun for example_subdag_operator to 2022-01-01 00:00:00+00:00, run_after=2022-01-01 00:00:00+00:00
[2025-07-18T13:01:39.593+0000] {logging_mixin.py:188} INFO - [2025-07-18T13:01:39.593+0000] {dag.py:3823} INFO - Setting next_dagrun for example_subdag_operator.section-1 to None, run_after=None
[2025-07-18T13:01:39.593+0000] {logging_mixin.py:188} INFO - [2025-07-18T13:01:39.593+0000] {dag.py:3823} INFO - Setting next_dagrun for example_subdag_operator.section-2 to None, run_after=None
[2025-07-18T13:01:39.597+0000] {logging_mixin.py:188} INFO - [2025-07-18T13:01:39.597+0000] {dag.py:3036} INFO - Sync 2 DAGs
[2025-07-18T13:01:39.598+0000] {logging_mixin.py:188} INFO - [2025-07-18T13:01:39.598+0000] {dag.py:3823} INFO - Setting next_dagrun for example_subdag_operator.section-1 to None, run_after=None
[2025-07-18T13:01:39.599+0000] {logging_mixin.py:188} INFO - [2025-07-18T13:01:39.598+0000] {dag.py:3823} INFO - Setting next_dagrun for example_subdag_operator.section-2 to None, run_after=None
[2025-07-18T13:01:39.605+0000] {processor.py:183} INFO - Processing /home/airflow/.local/lib/python3.8/site-packages/airflow/example_dags/example_subdag_operator.py took 0.044 seconds
[2025-07-18T13:02:10.374+0000] {processor.py:161} INFO - Started process (PID=425) to work on /home/airflow/.local/lib/python3.8/site-packages/airflow/example_dags/example_subdag_operator.py
[2025-07-18T13:02:10.375+0000] {processor.py:830} INFO - Processing file /home/airflow/.local/lib/python3.8/site-packages/airflow/example_dags/example_subdag_operator.py for tasks to queue
[2025-07-18T13:02:10.376+0000] {logging_mixin.py:188} INFO - [2025-07-18T13:02:10.376+0000] {dagbag.py:538} INFO - Filling up the DagBag from /home/airflow/.local/lib/python3.8/site-packages/airflow/example_dags/example_subdag_operator.py
[2025-07-18T13:02:10.385+0000] {processor.py:840} INFO - DAG(s) 'example_subdag_operator.section-1', 'example_subdag_operator.section-2', 'example_subdag_operator' retrieved from /home/airflow/.local/lib/python3.8/site-packages/airflow/example_dags/example_subdag_operator.py
[2025-07-18T13:02:10.390+0000] {logging_mixin.py:188} INFO - [2025-07-18T13:02:10.390+0000] {dag.py:3036} INFO - Sync 3 DAGs
[2025-07-18T13:02:10.398+0000] {logging_mixin.py:188} INFO - [2025-07-18T13:02:10.397+0000] {dag.py:3823} INFO - Setting next_dagrun for example_subdag_operator to 2022-01-01 00:00:00+00:00, run_after=2022-01-01 00:00:00+00:00
[2025-07-18T13:02:10.399+0000] {logging_mixin.py:188} INFO - [2025-07-18T13:02:10.399+0000] {dag.py:3823} INFO - Setting next_dagrun for example_subdag_operator.section-1 to None, run_after=None
[2025-07-18T13:02:10.399+0000] {logging_mixin.py:188} INFO - [2025-07-18T13:02:10.399+0000] {dag.py:3823} INFO - Setting next_dagrun for example_subdag_operator.section-2 to None, run_after=None
[2025-07-18T13:02:10.402+0000] {logging_mixin.py:188} INFO - [2025-07-18T13:02:10.402+0000] {dag.py:3036} INFO - Sync 2 DAGs
[2025-07-18T13:02:10.403+0000] {logging_mixin.py:188} INFO - [2025-07-18T13:02:10.403+0000] {dag.py:3823} INFO - Setting next_dagrun for example_subdag_operator.section-1 to None, run_after=None
[2025-07-18T13:02:10.403+0000] {logging_mixin.py:188} INFO - [2025-07-18T13:02:10.403+0000] {dag.py:3823} INFO - Setting next_dagrun for example_subdag_operator.section-2 to None, run_after=None
[2025-07-18T13:02:10.407+0000] {processor.py:183} INFO - Processing /home/airflow/.local/lib/python3.8/site-packages/airflow/example_dags/example_subdag_operator.py took 0.034 seconds
[2025-07-18T13:02:41.560+0000] {processor.py:161} INFO - Started process (PID=498) to work on /home/airflow/.local/lib/python3.8/site-packages/airflow/example_dags/example_subdag_operator.py
[2025-07-18T13:02:41.564+0000] {processor.py:830} INFO - Processing file /home/airflow/.local/lib/python3.8/site-packages/airflow/example_dags/example_subdag_operator.py for tasks to queue
[2025-07-18T13:02:41.565+0000] {logging_mixin.py:188} INFO - [2025-07-18T13:02:41.564+0000] {dagbag.py:538} INFO - Filling up the DagBag from /home/airflow/.local/lib/python3.8/site-packages/airflow/example_dags/example_subdag_operator.py
[2025-07-18T13:02:41.573+0000] {processor.py:840} INFO - DAG(s) 'example_subdag_operator.section-1', 'example_subdag_operator.section-2', 'example_subdag_operator' retrieved from /home/airflow/.local/lib/python3.8/site-packages/airflow/example_dags/example_subdag_operator.py
[2025-07-18T13:02:41.579+0000] {logging_mixin.py:188} INFO - [2025-07-18T13:02:41.579+0000] {dag.py:3036} INFO - Sync 3 DAGs
[2025-07-18T13:02:41.588+0000] {logging_mixin.py:188} INFO - [2025-07-18T13:02:41.588+0000] {dag.py:3823} INFO - Setting next_dagrun for example_subdag_operator to 2022-01-01 00:00:00+00:00, run_after=2022-01-01 00:00:00+00:00
[2025-07-18T13:02:41.589+0000] {logging_mixin.py:188} INFO - [2025-07-18T13:02:41.589+0000] {dag.py:3823} INFO - Setting next_dagrun for example_subdag_operator.section-1 to None, run_after=None
[2025-07-18T13:02:41.590+0000] {logging_mixin.py:188} INFO - [2025-07-18T13:02:41.590+0000] {dag.py:3823} INFO - Setting next_dagrun for example_subdag_operator.section-2 to None, run_after=None
[2025-07-18T13:02:41.592+0000] {logging_mixin.py:188} INFO - [2025-07-18T13:02:41.592+0000] {dag.py:3036} INFO - Sync 2 DAGs
[2025-07-18T13:02:41.595+0000] {logging_mixin.py:188} INFO - [2025-07-18T13:02:41.595+0000] {dag.py:3823} INFO - Setting next_dagrun for example_subdag_operator.section-1 to None, run_after=None
[2025-07-18T13:02:41.596+0000] {logging_mixin.py:188} INFO - [2025-07-18T13:02:41.596+0000] {dag.py:3823} INFO - Setting next_dagrun for example_subdag_operator.section-2 to None, run_after=None
[2025-07-18T13:02:41.603+0000] {processor.py:183} INFO - Processing /home/airflow/.local/lib/python3.8/site-packages/airflow/example_dags/example_subdag_operator.py took 0.044 seconds
[2025-07-18T13:03:12.386+0000] {processor.py:161} INFO - Started process (PID=571) to work on /home/airflow/.local/lib/python3.8/site-packages/airflow/example_dags/example_subdag_operator.py
[2025-07-18T13:03:12.387+0000] {processor.py:830} INFO - Processing file /home/airflow/.local/lib/python3.8/site-packages/airflow/example_dags/example_subdag_operator.py for tasks to queue
[2025-07-18T13:03:12.388+0000] {logging_mixin.py:188} INFO - [2025-07-18T13:03:12.388+0000] {dagbag.py:538} INFO - Filling up the DagBag from /home/airflow/.local/lib/python3.8/site-packages/airflow/example_dags/example_subdag_operator.py
[2025-07-18T13:03:12.401+0000] {processor.py:840} INFO - DAG(s) 'example_subdag_operator.section-1', 'example_subdag_operator.section-2', 'example_subdag_operator' retrieved from /home/airflow/.local/lib/python3.8/site-packages/airflow/example_dags/example_subdag_operator.py
[2025-07-18T13:03:12.407+0000] {logging_mixin.py:188} INFO - [2025-07-18T13:03:12.407+0000] {dag.py:3036} INFO - Sync 3 DAGs
[2025-07-18T13:03:12.418+0000] {logging_mixin.py:188} INFO - [2025-07-18T13:03:12.417+0000] {dag.py:3823} INFO - Setting next_dagrun for example_subdag_operator to 2022-01-01 00:00:00+00:00, run_after=2022-01-01 00:00:00+00:00
[2025-07-18T13:03:12.419+0000] {logging_mixin.py:188} INFO - [2025-07-18T13:03:12.419+0000] {dag.py:3823} INFO - Setting next_dagrun for example_subdag_operator.section-1 to None, run_after=None
[2025-07-18T13:03:12.420+0000] {logging_mixin.py:188} INFO - [2025-07-18T13:03:12.420+0000] {dag.py:3823} INFO - Setting next_dagrun for example_subdag_operator.section-2 to None, run_after=None
[2025-07-18T13:03:12.423+0000] {logging_mixin.py:188} INFO - [2025-07-18T13:03:12.423+0000] {dag.py:3036} INFO - Sync 2 DAGs
[2025-07-18T13:03:12.429+0000] {logging_mixin.py:188} INFO - [2025-07-18T13:03:12.429+0000] {dag.py:3823} INFO - Setting next_dagrun for example_subdag_operator.section-1 to None, run_after=None
[2025-07-18T13:03:12.429+0000] {logging_mixin.py:188} INFO - [2025-07-18T13:03:12.429+0000] {dag.py:3823} INFO - Setting next_dagrun for example_subdag_operator.section-2 to None, run_after=None
[2025-07-18T13:03:12.434+0000] {processor.py:183} INFO - Processing /home/airflow/.local/lib/python3.8/site-packages/airflow/example_dags/example_subdag_operator.py took 0.049 seconds
[2025-07-18T13:03:43.237+0000] {processor.py:161} INFO - Started process (PID=644) to work on /home/airflow/.local/lib/python3.8/site-packages/airflow/example_dags/example_subdag_operator.py
[2025-07-18T13:03:43.238+0000] {processor.py:830} INFO - Processing file /home/airflow/.local/lib/python3.8/site-packages/airflow/example_dags/example_subdag_operator.py for tasks to queue
[2025-07-18T13:03:43.238+0000] {logging_mixin.py:188} INFO - [2025-07-18T13:03:43.238+0000] {dagbag.py:538} INFO - Filling up the DagBag from /home/airflow/.local/lib/python3.8/site-packages/airflow/example_dags/example_subdag_operator.py
[2025-07-18T13:03:43.247+0000] {processor.py:840} INFO - DAG(s) 'example_subdag_operator.section-1', 'example_subdag_operator.section-2', 'example_subdag_operator' retrieved from /home/airflow/.local/lib/python3.8/site-packages/airflow/example_dags/example_subdag_operator.py
[2025-07-18T13:03:43.253+0000] {logging_mixin.py:188} INFO - [2025-07-18T13:03:43.253+0000] {dag.py:3036} INFO - Sync 3 DAGs
[2025-07-18T13:03:43.262+0000] {logging_mixin.py:188} INFO - [2025-07-18T13:03:43.262+0000] {dag.py:3823} INFO - Setting next_dagrun for example_subdag_operator to 2022-01-01 00:00:00+00:00, run_after=2022-01-01 00:00:00+00:00
[2025-07-18T13:03:43.264+0000] {logging_mixin.py:188} INFO - [2025-07-18T13:03:43.264+0000] {dag.py:3823} INFO - Setting next_dagrun for example_subdag_operator.section-1 to None, run_after=None
[2025-07-18T13:03:43.265+0000] {logging_mixin.py:188} INFO - [2025-07-18T13:03:43.265+0000] {dag.py:3823} INFO - Setting next_dagrun for example_subdag_operator.section-2 to None, run_after=None
[2025-07-18T13:03:43.267+0000] {logging_mixin.py:188} INFO - [2025-07-18T13:03:43.267+0000] {dag.py:3036} INFO - Sync 2 DAGs
[2025-07-18T13:03:43.269+0000] {logging_mixin.py:188} INFO - [2025-07-18T13:03:43.269+0000] {dag.py:3823} INFO - Setting next_dagrun for example_subdag_operator.section-1 to None, run_after=None
[2025-07-18T13:03:43.269+0000] {logging_mixin.py:188} INFO - [2025-07-18T13:03:43.269+0000] {dag.py:3823} INFO - Setting next_dagrun for example_subdag_operator.section-2 to None, run_after=None
[2025-07-18T13:03:43.275+0000] {processor.py:183} INFO - Processing /home/airflow/.local/lib/python3.8/site-packages/airflow/example_dags/example_subdag_operator.py took 0.039 seconds
[2025-07-18T13:04:13.992+0000] {processor.py:161} INFO - Started process (PID=716) to work on /home/airflow/.local/lib/python3.8/site-packages/airflow/example_dags/example_subdag_operator.py
[2025-07-18T13:04:13.993+0000] {processor.py:830} INFO - Processing file /home/airflow/.local/lib/python3.8/site-packages/airflow/example_dags/example_subdag_operator.py for tasks to queue
[2025-07-18T13:04:13.994+0000] {logging_mixin.py:188} INFO - [2025-07-18T13:04:13.994+0000] {dagbag.py:538} INFO - Filling up the DagBag from /home/airflow/.local/lib/python3.8/site-packages/airflow/example_dags/example_subdag_operator.py
[2025-07-18T13:04:14.003+0000] {processor.py:840} INFO - DAG(s) 'example_subdag_operator.section-1', 'example_subdag_operator.section-2', 'example_subdag_operator' retrieved from /home/airflow/.local/lib/python3.8/site-packages/airflow/example_dags/example_subdag_operator.py
[2025-07-18T13:04:14.010+0000] {logging_mixin.py:188} INFO - [2025-07-18T13:04:14.010+0000] {dag.py:3036} INFO - Sync 3 DAGs
[2025-07-18T13:04:14.018+0000] {logging_mixin.py:188} INFO - [2025-07-18T13:04:14.018+0000] {dag.py:3823} INFO - Setting next_dagrun for example_subdag_operator to 2022-01-01 00:00:00+00:00, run_after=2022-01-01 00:00:00+00:00
[2025-07-18T13:04:14.020+0000] {logging_mixin.py:188} INFO - [2025-07-18T13:04:14.020+0000] {dag.py:3823} INFO - Setting next_dagrun for example_subdag_operator.section-1 to None, run_after=None
[2025-07-18T13:04:14.021+0000] {logging_mixin.py:188} INFO - [2025-07-18T13:04:14.021+0000] {dag.py:3823} INFO - Setting next_dagrun for example_subdag_operator.section-2 to None, run_after=None
[2025-07-18T13:04:14.024+0000] {logging_mixin.py:188} INFO - [2025-07-18T13:04:14.024+0000] {dag.py:3036} INFO - Sync 2 DAGs
[2025-07-18T13:04:14.026+0000] {logging_mixin.py:188} INFO - [2025-07-18T13:04:14.026+0000] {dag.py:3823} INFO - Setting next_dagrun for example_subdag_operator.section-1 to None, run_after=None
[2025-07-18T13:04:14.026+0000] {logging_mixin.py:188} INFO - [2025-07-18T13:04:14.026+0000] {dag.py:3823} INFO - Setting next_dagrun for example_subdag_operator.section-2 to None, run_after=None
[2025-07-18T13:04:14.029+0000] {processor.py:183} INFO - Processing /home/airflow/.local/lib/python3.8/site-packages/airflow/example_dags/example_subdag_operator.py took 0.039 seconds
[2025-07-18T13:04:44.690+0000] {processor.py:161} INFO - Started process (PID=789) to work on /home/airflow/.local/lib/python3.8/site-packages/airflow/example_dags/example_subdag_operator.py
[2025-07-18T13:04:44.691+0000] {processor.py:830} INFO - Processing file /home/airflow/.local/lib/python3.8/site-packages/airflow/example_dags/example_subdag_operator.py for tasks to queue
[2025-07-18T13:04:44.691+0000] {logging_mixin.py:188} INFO - [2025-07-18T13:04:44.691+0000] {dagbag.py:538} INFO - Filling up the DagBag from /home/airflow/.local/lib/python3.8/site-packages/airflow/example_dags/example_subdag_operator.py
[2025-07-18T13:04:44.704+0000] {processor.py:840} INFO - DAG(s) 'example_subdag_operator.section-1', 'example_subdag_operator.section-2', 'example_subdag_operator' retrieved from /home/airflow/.local/lib/python3.8/site-packages/airflow/example_dags/example_subdag_operator.py
[2025-07-18T13:04:44.710+0000] {logging_mixin.py:188} INFO - [2025-07-18T13:04:44.710+0000] {dag.py:3036} INFO - Sync 3 DAGs
[2025-07-18T13:04:44.717+0000] {logging_mixin.py:188} INFO - [2025-07-18T13:04:44.717+0000] {dag.py:3823} INFO - Setting next_dagrun for example_subdag_operator to 2022-01-01 00:00:00+00:00, run_after=2022-01-01 00:00:00+00:00
[2025-07-18T13:04:44.720+0000] {logging_mixin.py:188} INFO - [2025-07-18T13:04:44.720+0000] {dag.py:3823} INFO - Setting next_dagrun for example_subdag_operator.section-1 to None, run_after=None
[2025-07-18T13:04:44.721+0000] {logging_mixin.py:188} INFO - [2025-07-18T13:04:44.721+0000] {dag.py:3823} INFO - Setting next_dagrun for example_subdag_operator.section-2 to None, run_after=None
[2025-07-18T13:04:44.724+0000] {logging_mixin.py:188} INFO - [2025-07-18T13:04:44.724+0000] {dag.py:3036} INFO - Sync 2 DAGs
[2025-07-18T13:04:44.726+0000] {logging_mixin.py:188} INFO - [2025-07-18T13:04:44.726+0000] {dag.py:3823} INFO - Setting next_dagrun for example_subdag_operator.section-1 to None, run_after=None
[2025-07-18T13:04:44.726+0000] {logging_mixin.py:188} INFO - [2025-07-18T13:04:44.726+0000] {dag.py:3823} INFO - Setting next_dagrun for example_subdag_operator.section-2 to None, run_after=None
[2025-07-18T13:04:44.730+0000] {processor.py:183} INFO - Processing /home/airflow/.local/lib/python3.8/site-packages/airflow/example_dags/example_subdag_operator.py took 0.042 seconds
[2025-07-18T13:05:15.376+0000] {processor.py:161} INFO - Started process (PID=868) to work on /home/airflow/.local/lib/python3.8/site-packages/airflow/example_dags/example_subdag_operator.py
[2025-07-18T13:05:15.379+0000] {processor.py:830} INFO - Processing file /home/airflow/.local/lib/python3.8/site-packages/airflow/example_dags/example_subdag_operator.py for tasks to queue
[2025-07-18T13:05:15.381+0000] {logging_mixin.py:188} INFO - [2025-07-18T13:05:15.381+0000] {dagbag.py:538} INFO - Filling up the DagBag from /home/airflow/.local/lib/python3.8/site-packages/airflow/example_dags/example_subdag_operator.py
[2025-07-18T13:05:15.393+0000] {processor.py:840} INFO - DAG(s) 'example_subdag_operator.section-1', 'example_subdag_operator.section-2', 'example_subdag_operator' retrieved from /home/airflow/.local/lib/python3.8/site-packages/airflow/example_dags/example_subdag_operator.py
[2025-07-18T13:05:15.399+0000] {logging_mixin.py:188} INFO - [2025-07-18T13:05:15.399+0000] {dag.py:3036} INFO - Sync 3 DAGs
[2025-07-18T13:05:15.408+0000] {logging_mixin.py:188} INFO - [2025-07-18T13:05:15.408+0000] {dag.py:3823} INFO - Setting next_dagrun for example_subdag_operator to 2022-01-01 00:00:00+00:00, run_after=2022-01-01 00:00:00+00:00
[2025-07-18T13:05:15.410+0000] {logging_mixin.py:188} INFO - [2025-07-18T13:05:15.409+0000] {dag.py:3823} INFO - Setting next_dagrun for example_subdag_operator.section-1 to None, run_after=None
[2025-07-18T13:05:15.410+0000] {logging_mixin.py:188} INFO - [2025-07-18T13:05:15.410+0000] {dag.py:3823} INFO - Setting next_dagrun for example_subdag_operator.section-2 to None, run_after=None
[2025-07-18T13:05:15.412+0000] {logging_mixin.py:188} INFO - [2025-07-18T13:05:15.412+0000] {dag.py:3036} INFO - Sync 2 DAGs
[2025-07-18T13:05:15.414+0000] {logging_mixin.py:188} INFO - [2025-07-18T13:05:15.414+0000] {dag.py:3823} INFO - Setting next_dagrun for example_subdag_operator.section-1 to None, run_after=None
[2025-07-18T13:05:15.414+0000] {logging_mixin.py:188} INFO - [2025-07-18T13:05:15.414+0000] {dag.py:3823} INFO - Setting next_dagrun for example_subdag_operator.section-2 to None, run_after=None
[2025-07-18T13:05:15.418+0000] {processor.py:183} INFO - Processing /home/airflow/.local/lib/python3.8/site-packages/airflow/example_dags/example_subdag_operator.py took 0.044 seconds
[2025-07-18T13:05:46.172+0000] {processor.py:161} INFO - Started process (PID=941) to work on /home/airflow/.local/lib/python3.8/site-packages/airflow/example_dags/example_subdag_operator.py
[2025-07-18T13:05:46.173+0000] {processor.py:830} INFO - Processing file /home/airflow/.local/lib/python3.8/site-packages/airflow/example_dags/example_subdag_operator.py for tasks to queue
[2025-07-18T13:05:46.173+0000] {logging_mixin.py:188} INFO - [2025-07-18T13:05:46.173+0000] {dagbag.py:538} INFO - Filling up the DagBag from /home/airflow/.local/lib/python3.8/site-packages/airflow/example_dags/example_subdag_operator.py
[2025-07-18T13:05:46.184+0000] {processor.py:840} INFO - DAG(s) 'example_subdag_operator.section-1', 'example_subdag_operator.section-2', 'example_subdag_operator' retrieved from /home/airflow/.local/lib/python3.8/site-packages/airflow/example_dags/example_subdag_operator.py
[2025-07-18T13:05:46.190+0000] {logging_mixin.py:188} INFO - [2025-07-18T13:05:46.190+0000] {dag.py:3036} INFO - Sync 3 DAGs
[2025-07-18T13:05:46.203+0000] {logging_mixin.py:188} INFO - [2025-07-18T13:05:46.203+0000] {dag.py:3823} INFO - Setting next_dagrun for example_subdag_operator to 2022-01-01 00:00:00+00:00, run_after=2022-01-01 00:00:00+00:00
[2025-07-18T13:05:46.205+0000] {logging_mixin.py:188} INFO - [2025-07-18T13:05:46.205+0000] {dag.py:3823} INFO - Setting next_dagrun for example_subdag_operator.section-1 to None, run_after=None
[2025-07-18T13:05:46.206+0000] {logging_mixin.py:188} INFO - [2025-07-18T13:05:46.206+0000] {dag.py:3823} INFO - Setting next_dagrun for example_subdag_operator.section-2 to None, run_after=None
[2025-07-18T13:05:46.210+0000] {logging_mixin.py:188} INFO - [2025-07-18T13:05:46.210+0000] {dag.py:3036} INFO - Sync 2 DAGs
[2025-07-18T13:05:46.212+0000] {logging_mixin.py:188} INFO - [2025-07-18T13:05:46.211+0000] {dag.py:3823} INFO - Setting next_dagrun for example_subdag_operator.section-1 to None, run_after=None
[2025-07-18T13:05:46.212+0000] {logging_mixin.py:188} INFO - [2025-07-18T13:05:46.212+0000] {dag.py:3823} INFO - Setting next_dagrun for example_subdag_operator.section-2 to None, run_after=None
[2025-07-18T13:05:46.215+0000] {processor.py:183} INFO - Processing /home/airflow/.local/lib/python3.8/site-packages/airflow/example_dags/example_subdag_operator.py took 0.044 seconds
[2025-07-18T13:06:17.034+0000] {processor.py:161} INFO - Started process (PID=1014) to work on /home/airflow/.local/lib/python3.8/site-packages/airflow/example_dags/example_subdag_operator.py
[2025-07-18T13:06:17.035+0000] {processor.py:830} INFO - Processing file /home/airflow/.local/lib/python3.8/site-packages/airflow/example_dags/example_subdag_operator.py for tasks to queue
[2025-07-18T13:06:17.036+0000] {logging_mixin.py:188} INFO - [2025-07-18T13:06:17.036+0000] {dagbag.py:538} INFO - Filling up the DagBag from /home/airflow/.local/lib/python3.8/site-packages/airflow/example_dags/example_subdag_operator.py
[2025-07-18T13:06:17.048+0000] {processor.py:840} INFO - DAG(s) 'example_subdag_operator.section-1', 'example_subdag_operator.section-2', 'example_subdag_operator' retrieved from /home/airflow/.local/lib/python3.8/site-packages/airflow/example_dags/example_subdag_operator.py
[2025-07-18T13:06:17.055+0000] {logging_mixin.py:188} INFO - [2025-07-18T13:06:17.055+0000] {dag.py:3036} INFO - Sync 3 DAGs
[2025-07-18T13:06:17.063+0000] {logging_mixin.py:188} INFO - [2025-07-18T13:06:17.063+0000] {dag.py:3823} INFO - Setting next_dagrun for example_subdag_operator to 2022-01-01 00:00:00+00:00, run_after=2022-01-01 00:00:00+00:00
[2025-07-18T13:06:17.065+0000] {logging_mixin.py:188} INFO - [2025-07-18T13:06:17.065+0000] {dag.py:3823} INFO - Setting next_dagrun for example_subdag_operator.section-1 to None, run_after=None
[2025-07-18T13:06:17.066+0000] {logging_mixin.py:188} INFO - [2025-07-18T13:06:17.066+0000] {dag.py:3823} INFO - Setting next_dagrun for example_subdag_operator.section-2 to None, run_after=None
[2025-07-18T13:06:17.070+0000] {logging_mixin.py:188} INFO - [2025-07-18T13:06:17.070+0000] {dag.py:3036} INFO - Sync 2 DAGs
[2025-07-18T13:06:17.072+0000] {logging_mixin.py:188} INFO - [2025-07-18T13:06:17.072+0000] {dag.py:3823} INFO - Setting next_dagrun for example_subdag_operator.section-1 to None, run_after=None
[2025-07-18T13:06:17.072+0000] {logging_mixin.py:188} INFO - [2025-07-18T13:06:17.072+0000] {dag.py:3823} INFO - Setting next_dagrun for example_subdag_operator.section-2 to None, run_after=None
[2025-07-18T13:06:17.076+0000] {processor.py:183} INFO - Processing /home/airflow/.local/lib/python3.8/site-packages/airflow/example_dags/example_subdag_operator.py took 0.044 seconds
[2025-07-18T13:06:48.245+0000] {processor.py:161} INFO - Started process (PID=1086) to work on /home/airflow/.local/lib/python3.8/site-packages/airflow/example_dags/example_subdag_operator.py
[2025-07-18T13:06:48.246+0000] {processor.py:830} INFO - Processing file /home/airflow/.local/lib/python3.8/site-packages/airflow/example_dags/example_subdag_operator.py for tasks to queue
[2025-07-18T13:06:48.247+0000] {logging_mixin.py:188} INFO - [2025-07-18T13:06:48.247+0000] {dagbag.py:538} INFO - Filling up the DagBag from /home/airflow/.local/lib/python3.8/site-packages/airflow/example_dags/example_subdag_operator.py
[2025-07-18T13:06:48.259+0000] {processor.py:840} INFO - DAG(s) 'example_subdag_operator.section-1', 'example_subdag_operator.section-2', 'example_subdag_operator' retrieved from /home/airflow/.local/lib/python3.8/site-packages/airflow/example_dags/example_subdag_operator.py
[2025-07-18T13:06:48.266+0000] {logging_mixin.py:188} INFO - [2025-07-18T13:06:48.266+0000] {dag.py:3036} INFO - Sync 3 DAGs
[2025-07-18T13:06:48.274+0000] {logging_mixin.py:188} INFO - [2025-07-18T13:06:48.274+0000] {dag.py:3823} INFO - Setting next_dagrun for example_subdag_operator to 2022-01-01 00:00:00+00:00, run_after=2022-01-01 00:00:00+00:00
[2025-07-18T13:06:48.276+0000] {logging_mixin.py:188} INFO - [2025-07-18T13:06:48.276+0000] {dag.py:3823} INFO - Setting next_dagrun for example_subdag_operator.section-1 to None, run_after=None
[2025-07-18T13:06:48.277+0000] {logging_mixin.py:188} INFO - [2025-07-18T13:06:48.277+0000] {dag.py:3823} INFO - Setting next_dagrun for example_subdag_operator.section-2 to None, run_after=None
[2025-07-18T13:06:48.280+0000] {logging_mixin.py:188} INFO - [2025-07-18T13:06:48.280+0000] {dag.py:3036} INFO - Sync 2 DAGs
[2025-07-18T13:06:48.284+0000] {logging_mixin.py:188} INFO - [2025-07-18T13:06:48.284+0000] {dag.py:3823} INFO - Setting next_dagrun for example_subdag_operator.section-1 to None, run_after=None
[2025-07-18T13:06:48.284+0000] {logging_mixin.py:188} INFO - [2025-07-18T13:06:48.284+0000] {dag.py:3823} INFO - Setting next_dagrun for example_subdag_operator.section-2 to None, run_after=None
[2025-07-18T13:06:48.304+0000] {processor.py:183} INFO - Processing /home/airflow/.local/lib/python3.8/site-packages/airflow/example_dags/example_subdag_operator.py took 0.061 seconds
[2025-07-18T13:07:19.181+0000] {processor.py:161} INFO - Started process (PID=1159) to work on /home/airflow/.local/lib/python3.8/site-packages/airflow/example_dags/example_subdag_operator.py
[2025-07-18T13:07:19.181+0000] {processor.py:830} INFO - Processing file /home/airflow/.local/lib/python3.8/site-packages/airflow/example_dags/example_subdag_operator.py for tasks to queue
[2025-07-18T13:07:19.182+0000] {logging_mixin.py:188} INFO - [2025-07-18T13:07:19.182+0000] {dagbag.py:538} INFO - Filling up the DagBag from /home/airflow/.local/lib/python3.8/site-packages/airflow/example_dags/example_subdag_operator.py
[2025-07-18T13:07:19.195+0000] {processor.py:840} INFO - DAG(s) 'example_subdag_operator.section-1', 'example_subdag_operator.section-2', 'example_subdag_operator' retrieved from /home/airflow/.local/lib/python3.8/site-packages/airflow/example_dags/example_subdag_operator.py
[2025-07-18T13:07:19.202+0000] {logging_mixin.py:188} INFO - [2025-07-18T13:07:19.202+0000] {dag.py:3036} INFO - Sync 3 DAGs
[2025-07-18T13:07:19.210+0000] {logging_mixin.py:188} INFO - [2025-07-18T13:07:19.209+0000] {dag.py:3823} INFO - Setting next_dagrun for example_subdag_operator to 2022-01-01 00:00:00+00:00, run_after=2022-01-01 00:00:00+00:00
[2025-07-18T13:07:19.212+0000] {logging_mixin.py:188} INFO - [2025-07-18T13:07:19.212+0000] {dag.py:3823} INFO - Setting next_dagrun for example_subdag_operator.section-1 to None, run_after=None
[2025-07-18T13:07:19.212+0000] {logging_mixin.py:188} INFO - [2025-07-18T13:07:19.212+0000] {dag.py:3823} INFO - Setting next_dagrun for example_subdag_operator.section-2 to None, run_after=None
[2025-07-18T13:07:19.214+0000] {logging_mixin.py:188} INFO - [2025-07-18T13:07:19.214+0000] {dag.py:3036} INFO - Sync 2 DAGs
[2025-07-18T13:07:19.216+0000] {logging_mixin.py:188} INFO - [2025-07-18T13:07:19.216+0000] {dag.py:3823} INFO - Setting next_dagrun for example_subdag_operator.section-1 to None, run_after=None
[2025-07-18T13:07:19.217+0000] {logging_mixin.py:188} INFO - [2025-07-18T13:07:19.217+0000] {dag.py:3823} INFO - Setting next_dagrun for example_subdag_operator.section-2 to None, run_after=None
[2025-07-18T13:07:19.223+0000] {processor.py:183} INFO - Processing /home/airflow/.local/lib/python3.8/site-packages/airflow/example_dags/example_subdag_operator.py took 0.043 seconds
[2025-07-18T13:07:50.004+0000] {processor.py:161} INFO - Started process (PID=1232) to work on /home/airflow/.local/lib/python3.8/site-packages/airflow/example_dags/example_subdag_operator.py
[2025-07-18T13:07:50.006+0000] {processor.py:830} INFO - Processing file /home/airflow/.local/lib/python3.8/site-packages/airflow/example_dags/example_subdag_operator.py for tasks to queue
[2025-07-18T13:07:50.007+0000] {logging_mixin.py:188} INFO - [2025-07-18T13:07:50.007+0000] {dagbag.py:538} INFO - Filling up the DagBag from /home/airflow/.local/lib/python3.8/site-packages/airflow/example_dags/example_subdag_operator.py
[2025-07-18T13:07:50.017+0000] {processor.py:840} INFO - DAG(s) 'example_subdag_operator.section-1', 'example_subdag_operator.section-2', 'example_subdag_operator' retrieved from /home/airflow/.local/lib/python3.8/site-packages/airflow/example_dags/example_subdag_operator.py
[2025-07-18T13:07:50.023+0000] {logging_mixin.py:188} INFO - [2025-07-18T13:07:50.023+0000] {dag.py:3036} INFO - Sync 3 DAGs
[2025-07-18T13:07:50.030+0000] {logging_mixin.py:188} INFO - [2025-07-18T13:07:50.030+0000] {dag.py:3823} INFO - Setting next_dagrun for example_subdag_operator to 2022-01-01 00:00:00+00:00, run_after=2022-01-01 00:00:00+00:00
[2025-07-18T13:07:50.032+0000] {logging_mixin.py:188} INFO - [2025-07-18T13:07:50.032+0000] {dag.py:3823} INFO - Setting next_dagrun for example_subdag_operator.section-1 to None, run_after=None
[2025-07-18T13:07:50.032+0000] {logging_mixin.py:188} INFO - [2025-07-18T13:07:50.032+0000] {dag.py:3823} INFO - Setting next_dagrun for example_subdag_operator.section-2 to None, run_after=None
[2025-07-18T13:07:50.035+0000] {logging_mixin.py:188} INFO - [2025-07-18T13:07:50.035+0000] {dag.py:3036} INFO - Sync 2 DAGs
[2025-07-18T13:07:50.037+0000] {logging_mixin.py:188} INFO - [2025-07-18T13:07:50.037+0000] {dag.py:3823} INFO - Setting next_dagrun for example_subdag_operator.section-1 to None, run_after=None
[2025-07-18T13:07:50.037+0000] {logging_mixin.py:188} INFO - [2025-07-18T13:07:50.037+0000] {dag.py:3823} INFO - Setting next_dagrun for example_subdag_operator.section-2 to None, run_after=None
[2025-07-18T13:07:50.042+0000] {processor.py:183} INFO - Processing /home/airflow/.local/lib/python3.8/site-packages/airflow/example_dags/example_subdag_operator.py took 0.040 seconds
[2025-07-18T13:08:20.725+0000] {processor.py:161} INFO - Started process (PID=1305) to work on /home/airflow/.local/lib/python3.8/site-packages/airflow/example_dags/example_subdag_operator.py
[2025-07-18T13:08:20.726+0000] {processor.py:830} INFO - Processing file /home/airflow/.local/lib/python3.8/site-packages/airflow/example_dags/example_subdag_operator.py for tasks to queue
[2025-07-18T13:08:20.727+0000] {logging_mixin.py:188} INFO - [2025-07-18T13:08:20.727+0000] {dagbag.py:538} INFO - Filling up the DagBag from /home/airflow/.local/lib/python3.8/site-packages/airflow/example_dags/example_subdag_operator.py
[2025-07-18T13:08:20.736+0000] {processor.py:840} INFO - DAG(s) 'example_subdag_operator.section-1', 'example_subdag_operator.section-2', 'example_subdag_operator' retrieved from /home/airflow/.local/lib/python3.8/site-packages/airflow/example_dags/example_subdag_operator.py
[2025-07-18T13:08:20.744+0000] {logging_mixin.py:188} INFO - [2025-07-18T13:08:20.744+0000] {dag.py:3036} INFO - Sync 3 DAGs
[2025-07-18T13:08:20.754+0000] {logging_mixin.py:188} INFO - [2025-07-18T13:08:20.754+0000] {dag.py:3823} INFO - Setting next_dagrun for example_subdag_operator to 2022-01-01 00:00:00+00:00, run_after=2022-01-01 00:00:00+00:00
[2025-07-18T13:08:20.755+0000] {logging_mixin.py:188} INFO - [2025-07-18T13:08:20.755+0000] {dag.py:3823} INFO - Setting next_dagrun for example_subdag_operator.section-1 to None, run_after=None
[2025-07-18T13:08:20.756+0000] {logging_mixin.py:188} INFO - [2025-07-18T13:08:20.756+0000] {dag.py:3823} INFO - Setting next_dagrun for example_subdag_operator.section-2 to None, run_after=None
[2025-07-18T13:08:20.759+0000] {logging_mixin.py:188} INFO - [2025-07-18T13:08:20.759+0000] {dag.py:3036} INFO - Sync 2 DAGs
[2025-07-18T13:08:20.762+0000] {logging_mixin.py:188} INFO - [2025-07-18T13:08:20.762+0000] {dag.py:3823} INFO - Setting next_dagrun for example_subdag_operator.section-1 to None, run_after=None
[2025-07-18T13:08:20.762+0000] {logging_mixin.py:188} INFO - [2025-07-18T13:08:20.762+0000] {dag.py:3823} INFO - Setting next_dagrun for example_subdag_operator.section-2 to None, run_after=None
[2025-07-18T13:08:20.766+0000] {processor.py:183} INFO - Processing /home/airflow/.local/lib/python3.8/site-packages/airflow/example_dags/example_subdag_operator.py took 0.043 seconds
[2025-07-18T13:08:51.428+0000] {processor.py:161} INFO - Started process (PID=1378) to work on /home/airflow/.local/lib/python3.8/site-packages/airflow/example_dags/example_subdag_operator.py
[2025-07-18T13:08:51.429+0000] {processor.py:830} INFO - Processing file /home/airflow/.local/lib/python3.8/site-packages/airflow/example_dags/example_subdag_operator.py for tasks to queue
[2025-07-18T13:08:51.429+0000] {logging_mixin.py:188} INFO - [2025-07-18T13:08:51.429+0000] {dagbag.py:538} INFO - Filling up the DagBag from /home/airflow/.local/lib/python3.8/site-packages/airflow/example_dags/example_subdag_operator.py
[2025-07-18T13:08:51.438+0000] {processor.py:840} INFO - DAG(s) 'example_subdag_operator.section-1', 'example_subdag_operator.section-2', 'example_subdag_operator' retrieved from /home/airflow/.local/lib/python3.8/site-packages/airflow/example_dags/example_subdag_operator.py
[2025-07-18T13:08:51.444+0000] {logging_mixin.py:188} INFO - [2025-07-18T13:08:51.444+0000] {dag.py:3036} INFO - Sync 3 DAGs
[2025-07-18T13:08:51.452+0000] {logging_mixin.py:188} INFO - [2025-07-18T13:08:51.452+0000] {dag.py:3823} INFO - Setting next_dagrun for example_subdag_operator to 2022-01-01 00:00:00+00:00, run_after=2022-01-01 00:00:00+00:00
[2025-07-18T13:08:51.454+0000] {logging_mixin.py:188} INFO - [2025-07-18T13:08:51.454+0000] {dag.py:3823} INFO - Setting next_dagrun for example_subdag_operator.section-1 to None, run_after=None
[2025-07-18T13:08:51.455+0000] {logging_mixin.py:188} INFO - [2025-07-18T13:08:51.455+0000] {dag.py:3823} INFO - Setting next_dagrun for example_subdag_operator.section-2 to None, run_after=None
[2025-07-18T13:08:51.458+0000] {logging_mixin.py:188} INFO - [2025-07-18T13:08:51.458+0000] {dag.py:3036} INFO - Sync 2 DAGs
[2025-07-18T13:08:51.461+0000] {logging_mixin.py:188} INFO - [2025-07-18T13:08:51.461+0000] {dag.py:3823} INFO - Setting next_dagrun for example_subdag_operator.section-1 to None, run_after=None
[2025-07-18T13:08:51.462+0000] {logging_mixin.py:188} INFO - [2025-07-18T13:08:51.462+0000] {dag.py:3823} INFO - Setting next_dagrun for example_subdag_operator.section-2 to None, run_after=None
[2025-07-18T13:08:51.466+0000] {processor.py:183} INFO - Processing /home/airflow/.local/lib/python3.8/site-packages/airflow/example_dags/example_subdag_operator.py took 0.040 seconds
[2025-07-18T13:09:22.008+0000] {processor.py:161} INFO - Started process (PID=1451) to work on /home/airflow/.local/lib/python3.8/site-packages/airflow/example_dags/example_subdag_operator.py
[2025-07-18T13:09:22.009+0000] {processor.py:830} INFO - Processing file /home/airflow/.local/lib/python3.8/site-packages/airflow/example_dags/example_subdag_operator.py for tasks to queue
[2025-07-18T13:09:22.010+0000] {logging_mixin.py:188} INFO - [2025-07-18T13:09:22.010+0000] {dagbag.py:538} INFO - Filling up the DagBag from /home/airflow/.local/lib/python3.8/site-packages/airflow/example_dags/example_subdag_operator.py
[2025-07-18T13:09:22.019+0000] {processor.py:840} INFO - DAG(s) 'example_subdag_operator.section-1', 'example_subdag_operator.section-2', 'example_subdag_operator' retrieved from /home/airflow/.local/lib/python3.8/site-packages/airflow/example_dags/example_subdag_operator.py
[2025-07-18T13:09:22.024+0000] {logging_mixin.py:188} INFO - [2025-07-18T13:09:22.024+0000] {dag.py:3036} INFO - Sync 3 DAGs
[2025-07-18T13:09:22.033+0000] {logging_mixin.py:188} INFO - [2025-07-18T13:09:22.033+0000] {dag.py:3823} INFO - Setting next_dagrun for example_subdag_operator to 2022-01-01 00:00:00+00:00, run_after=2022-01-01 00:00:00+00:00
[2025-07-18T13:09:22.034+0000] {logging_mixin.py:188} INFO - [2025-07-18T13:09:22.034+0000] {dag.py:3823} INFO - Setting next_dagrun for example_subdag_operator.section-1 to None, run_after=None
[2025-07-18T13:09:22.034+0000] {logging_mixin.py:188} INFO - [2025-07-18T13:09:22.034+0000] {dag.py:3823} INFO - Setting next_dagrun for example_subdag_operator.section-2 to None, run_after=None
[2025-07-18T13:09:22.037+0000] {logging_mixin.py:188} INFO - [2025-07-18T13:09:22.037+0000] {dag.py:3036} INFO - Sync 2 DAGs
[2025-07-18T13:09:22.039+0000] {logging_mixin.py:188} INFO - [2025-07-18T13:09:22.039+0000] {dag.py:3823} INFO - Setting next_dagrun for example_subdag_operator.section-1 to None, run_after=None
[2025-07-18T13:09:22.041+0000] {logging_mixin.py:188} INFO - [2025-07-18T13:09:22.041+0000] {dag.py:3823} INFO - Setting next_dagrun for example_subdag_operator.section-2 to None, run_after=None
[2025-07-18T13:09:22.046+0000] {processor.py:183} INFO - Processing /home/airflow/.local/lib/python3.8/site-packages/airflow/example_dags/example_subdag_operator.py took 0.039 seconds
[2025-07-18T13:09:52.594+0000] {processor.py:161} INFO - Started process (PID=1524) to work on /home/airflow/.local/lib/python3.8/site-packages/airflow/example_dags/example_subdag_operator.py
[2025-07-18T13:09:52.596+0000] {processor.py:830} INFO - Processing file /home/airflow/.local/lib/python3.8/site-packages/airflow/example_dags/example_subdag_operator.py for tasks to queue
[2025-07-18T13:09:52.597+0000] {logging_mixin.py:188} INFO - [2025-07-18T13:09:52.597+0000] {dagbag.py:538} INFO - Filling up the DagBag from /home/airflow/.local/lib/python3.8/site-packages/airflow/example_dags/example_subdag_operator.py
[2025-07-18T13:09:52.608+0000] {processor.py:840} INFO - DAG(s) 'example_subdag_operator.section-1', 'example_subdag_operator.section-2', 'example_subdag_operator' retrieved from /home/airflow/.local/lib/python3.8/site-packages/airflow/example_dags/example_subdag_operator.py
[2025-07-18T13:09:52.617+0000] {logging_mixin.py:188} INFO - [2025-07-18T13:09:52.617+0000] {dag.py:3036} INFO - Sync 3 DAGs
[2025-07-18T13:09:52.628+0000] {logging_mixin.py:188} INFO - [2025-07-18T13:09:52.627+0000] {dag.py:3823} INFO - Setting next_dagrun for example_subdag_operator to 2022-01-01 00:00:00+00:00, run_after=2022-01-01 00:00:00+00:00
[2025-07-18T13:09:52.629+0000] {logging_mixin.py:188} INFO - [2025-07-18T13:09:52.629+0000] {dag.py:3823} INFO - Setting next_dagrun for example_subdag_operator.section-1 to None, run_after=None
[2025-07-18T13:09:52.630+0000] {logging_mixin.py:188} INFO - [2025-07-18T13:09:52.630+0000] {dag.py:3823} INFO - Setting next_dagrun for example_subdag_operator.section-2 to None, run_after=None
[2025-07-18T13:09:52.632+0000] {logging_mixin.py:188} INFO - [2025-07-18T13:09:52.632+0000] {dag.py:3036} INFO - Sync 2 DAGs
[2025-07-18T13:09:52.635+0000] {logging_mixin.py:188} INFO - [2025-07-18T13:09:52.635+0000] {dag.py:3823} INFO - Setting next_dagrun for example_subdag_operator.section-1 to None, run_after=None
[2025-07-18T13:09:52.636+0000] {logging_mixin.py:188} INFO - [2025-07-18T13:09:52.636+0000] {dag.py:3823} INFO - Setting next_dagrun for example_subdag_operator.section-2 to None, run_after=None
[2025-07-18T13:09:52.641+0000] {processor.py:183} INFO - Processing /home/airflow/.local/lib/python3.8/site-packages/airflow/example_dags/example_subdag_operator.py took 0.049 seconds
[2025-07-18T13:10:23.400+0000] {processor.py:161} INFO - Started process (PID=1597) to work on /home/airflow/.local/lib/python3.8/site-packages/airflow/example_dags/example_subdag_operator.py
[2025-07-18T13:10:23.400+0000] {processor.py:830} INFO - Processing file /home/airflow/.local/lib/python3.8/site-packages/airflow/example_dags/example_subdag_operator.py for tasks to queue
[2025-07-18T13:10:23.401+0000] {logging_mixin.py:188} INFO - [2025-07-18T13:10:23.401+0000] {dagbag.py:538} INFO - Filling up the DagBag from /home/airflow/.local/lib/python3.8/site-packages/airflow/example_dags/example_subdag_operator.py
[2025-07-18T13:10:23.411+0000] {processor.py:840} INFO - DAG(s) 'example_subdag_operator.section-1', 'example_subdag_operator.section-2', 'example_subdag_operator' retrieved from /home/airflow/.local/lib/python3.8/site-packages/airflow/example_dags/example_subdag_operator.py
[2025-07-18T13:10:23.417+0000] {logging_mixin.py:188} INFO - [2025-07-18T13:10:23.417+0000] {dag.py:3036} INFO - Sync 3 DAGs
[2025-07-18T13:10:23.425+0000] {logging_mixin.py:188} INFO - [2025-07-18T13:10:23.425+0000] {dag.py:3823} INFO - Setting next_dagrun for example_subdag_operator to 2022-01-01 00:00:00+00:00, run_after=2022-01-01 00:00:00+00:00
[2025-07-18T13:10:23.427+0000] {logging_mixin.py:188} INFO - [2025-07-18T13:10:23.427+0000] {dag.py:3823} INFO - Setting next_dagrun for example_subdag_operator.section-1 to None, run_after=None
[2025-07-18T13:10:23.428+0000] {logging_mixin.py:188} INFO - [2025-07-18T13:10:23.428+0000] {dag.py:3823} INFO - Setting next_dagrun for example_subdag_operator.section-2 to None, run_after=None
[2025-07-18T13:10:23.431+0000] {logging_mixin.py:188} INFO - [2025-07-18T13:10:23.431+0000] {dag.py:3036} INFO - Sync 2 DAGs
[2025-07-18T13:10:23.432+0000] {logging_mixin.py:188} INFO - [2025-07-18T13:10:23.432+0000] {dag.py:3823} INFO - Setting next_dagrun for example_subdag_operator.section-1 to None, run_after=None
[2025-07-18T13:10:23.433+0000] {logging_mixin.py:188} INFO - [2025-07-18T13:10:23.433+0000] {dag.py:3823} INFO - Setting next_dagrun for example_subdag_operator.section-2 to None, run_after=None
[2025-07-18T13:10:23.438+0000] {processor.py:183} INFO - Processing /home/airflow/.local/lib/python3.8/site-packages/airflow/example_dags/example_subdag_operator.py took 0.039 seconds
[2025-07-18T13:10:54.101+0000] {processor.py:161} INFO - Started process (PID=1670) to work on /home/airflow/.local/lib/python3.8/site-packages/airflow/example_dags/example_subdag_operator.py
[2025-07-18T13:10:54.103+0000] {processor.py:830} INFO - Processing file /home/airflow/.local/lib/python3.8/site-packages/airflow/example_dags/example_subdag_operator.py for tasks to queue
[2025-07-18T13:10:54.104+0000] {logging_mixin.py:188} INFO - [2025-07-18T13:10:54.104+0000] {dagbag.py:538} INFO - Filling up the DagBag from /home/airflow/.local/lib/python3.8/site-packages/airflow/example_dags/example_subdag_operator.py
[2025-07-18T13:10:54.120+0000] {processor.py:840} INFO - DAG(s) 'example_subdag_operator.section-1', 'example_subdag_operator.section-2', 'example_subdag_operator' retrieved from /home/airflow/.local/lib/python3.8/site-packages/airflow/example_dags/example_subdag_operator.py
[2025-07-18T13:10:54.125+0000] {logging_mixin.py:188} INFO - [2025-07-18T13:10:54.125+0000] {dag.py:3036} INFO - Sync 3 DAGs
[2025-07-18T13:10:54.133+0000] {logging_mixin.py:188} INFO - [2025-07-18T13:10:54.132+0000] {dag.py:3823} INFO - Setting next_dagrun for example_subdag_operator to 2022-01-01 00:00:00+00:00, run_after=2022-01-01 00:00:00+00:00
[2025-07-18T13:10:54.134+0000] {logging_mixin.py:188} INFO - [2025-07-18T13:10:54.134+0000] {dag.py:3823} INFO - Setting next_dagrun for example_subdag_operator.section-1 to None, run_after=None
[2025-07-18T13:10:54.135+0000] {logging_mixin.py:188} INFO - [2025-07-18T13:10:54.135+0000] {dag.py:3823} INFO - Setting next_dagrun for example_subdag_operator.section-2 to None, run_after=None
[2025-07-18T13:10:54.208+0000] {logging_mixin.py:188} INFO - [2025-07-18T13:10:54.208+0000] {dag.py:3036} INFO - Sync 2 DAGs
[2025-07-18T13:10:54.210+0000] {logging_mixin.py:188} INFO - [2025-07-18T13:10:54.210+0000] {dag.py:3823} INFO - Setting next_dagrun for example_subdag_operator.section-1 to None, run_after=None
[2025-07-18T13:10:54.211+0000] {logging_mixin.py:188} INFO - [2025-07-18T13:10:54.211+0000] {dag.py:3823} INFO - Setting next_dagrun for example_subdag_operator.section-2 to None, run_after=None
[2025-07-18T13:10:54.220+0000] {processor.py:183} INFO - Processing /home/airflow/.local/lib/python3.8/site-packages/airflow/example_dags/example_subdag_operator.py took 0.120 seconds
[2025-07-18T13:11:24.887+0000] {processor.py:161} INFO - Started process (PID=1743) to work on /home/airflow/.local/lib/python3.8/site-packages/airflow/example_dags/example_subdag_operator.py
[2025-07-18T13:11:24.888+0000] {processor.py:830} INFO - Processing file /home/airflow/.local/lib/python3.8/site-packages/airflow/example_dags/example_subdag_operator.py for tasks to queue
[2025-07-18T13:11:24.889+0000] {logging_mixin.py:188} INFO - [2025-07-18T13:11:24.888+0000] {dagbag.py:538} INFO - Filling up the DagBag from /home/airflow/.local/lib/python3.8/site-packages/airflow/example_dags/example_subdag_operator.py
[2025-07-18T13:11:24.900+0000] {processor.py:840} INFO - DAG(s) 'example_subdag_operator.section-1', 'example_subdag_operator.section-2', 'example_subdag_operator' retrieved from /home/airflow/.local/lib/python3.8/site-packages/airflow/example_dags/example_subdag_operator.py
[2025-07-18T13:11:24.909+0000] {logging_mixin.py:188} INFO - [2025-07-18T13:11:24.909+0000] {dag.py:3036} INFO - Sync 3 DAGs
[2025-07-18T13:11:24.917+0000] {logging_mixin.py:188} INFO - [2025-07-18T13:11:24.917+0000] {dag.py:3823} INFO - Setting next_dagrun for example_subdag_operator to 2022-01-01 00:00:00+00:00, run_after=2022-01-01 00:00:00+00:00
[2025-07-18T13:11:24.918+0000] {logging_mixin.py:188} INFO - [2025-07-18T13:11:24.918+0000] {dag.py:3823} INFO - Setting next_dagrun for example_subdag_operator.section-1 to None, run_after=None
[2025-07-18T13:11:24.918+0000] {logging_mixin.py:188} INFO - [2025-07-18T13:11:24.918+0000] {dag.py:3823} INFO - Setting next_dagrun for example_subdag_operator.section-2 to None, run_after=None
[2025-07-18T13:11:24.922+0000] {logging_mixin.py:188} INFO - [2025-07-18T13:11:24.921+0000] {dag.py:3036} INFO - Sync 2 DAGs
[2025-07-18T13:11:24.923+0000] {logging_mixin.py:188} INFO - [2025-07-18T13:11:24.923+0000] {dag.py:3823} INFO - Setting next_dagrun for example_subdag_operator.section-1 to None, run_after=None
[2025-07-18T13:11:24.923+0000] {logging_mixin.py:188} INFO - [2025-07-18T13:11:24.923+0000] {dag.py:3823} INFO - Setting next_dagrun for example_subdag_operator.section-2 to None, run_after=None
[2025-07-18T13:11:24.927+0000] {processor.py:183} INFO - Processing /home/airflow/.local/lib/python3.8/site-packages/airflow/example_dags/example_subdag_operator.py took 0.041 seconds
[2025-07-18T13:11:55.772+0000] {processor.py:161} INFO - Started process (PID=1816) to work on /home/airflow/.local/lib/python3.8/site-packages/airflow/example_dags/example_subdag_operator.py
[2025-07-18T13:11:55.773+0000] {processor.py:830} INFO - Processing file /home/airflow/.local/lib/python3.8/site-packages/airflow/example_dags/example_subdag_operator.py for tasks to queue
[2025-07-18T13:11:55.774+0000] {logging_mixin.py:188} INFO - [2025-07-18T13:11:55.774+0000] {dagbag.py:538} INFO - Filling up the DagBag from /home/airflow/.local/lib/python3.8/site-packages/airflow/example_dags/example_subdag_operator.py
[2025-07-18T13:11:55.787+0000] {processor.py:840} INFO - DAG(s) 'example_subdag_operator.section-1', 'example_subdag_operator.section-2', 'example_subdag_operator' retrieved from /home/airflow/.local/lib/python3.8/site-packages/airflow/example_dags/example_subdag_operator.py
[2025-07-18T13:11:55.794+0000] {logging_mixin.py:188} INFO - [2025-07-18T13:11:55.794+0000] {dag.py:3036} INFO - Sync 3 DAGs
[2025-07-18T13:11:55.803+0000] {logging_mixin.py:188} INFO - [2025-07-18T13:11:55.803+0000] {dag.py:3823} INFO - Setting next_dagrun for example_subdag_operator to 2022-01-01 00:00:00+00:00, run_after=2022-01-01 00:00:00+00:00
[2025-07-18T13:11:55.804+0000] {logging_mixin.py:188} INFO - [2025-07-18T13:11:55.804+0000] {dag.py:3823} INFO - Setting next_dagrun for example_subdag_operator.section-1 to None, run_after=None
[2025-07-18T13:11:55.805+0000] {logging_mixin.py:188} INFO - [2025-07-18T13:11:55.805+0000] {dag.py:3823} INFO - Setting next_dagrun for example_subdag_operator.section-2 to None, run_after=None
[2025-07-18T13:11:55.809+0000] {logging_mixin.py:188} INFO - [2025-07-18T13:11:55.808+0000] {dag.py:3036} INFO - Sync 2 DAGs
[2025-07-18T13:11:55.811+0000] {logging_mixin.py:188} INFO - [2025-07-18T13:11:55.811+0000] {dag.py:3823} INFO - Setting next_dagrun for example_subdag_operator.section-1 to None, run_after=None
[2025-07-18T13:11:55.811+0000] {logging_mixin.py:188} INFO - [2025-07-18T13:11:55.811+0000] {dag.py:3823} INFO - Setting next_dagrun for example_subdag_operator.section-2 to None, run_after=None
[2025-07-18T13:11:55.814+0000] {processor.py:183} INFO - Processing /home/airflow/.local/lib/python3.8/site-packages/airflow/example_dags/example_subdag_operator.py took 0.044 seconds
[2025-07-18T13:12:27.009+0000] {processor.py:161} INFO - Started process (PID=1888) to work on /home/airflow/.local/lib/python3.8/site-packages/airflow/example_dags/example_subdag_operator.py
[2025-07-18T13:12:27.013+0000] {processor.py:830} INFO - Processing file /home/airflow/.local/lib/python3.8/site-packages/airflow/example_dags/example_subdag_operator.py for tasks to queue
[2025-07-18T13:12:27.014+0000] {logging_mixin.py:188} INFO - [2025-07-18T13:12:27.014+0000] {dagbag.py:538} INFO - Filling up the DagBag from /home/airflow/.local/lib/python3.8/site-packages/airflow/example_dags/example_subdag_operator.py
[2025-07-18T13:12:27.023+0000] {processor.py:840} INFO - DAG(s) 'example_subdag_operator.section-1', 'example_subdag_operator.section-2', 'example_subdag_operator' retrieved from /home/airflow/.local/lib/python3.8/site-packages/airflow/example_dags/example_subdag_operator.py
[2025-07-18T13:12:27.029+0000] {logging_mixin.py:188} INFO - [2025-07-18T13:12:27.029+0000] {dag.py:3036} INFO - Sync 3 DAGs
[2025-07-18T13:12:27.038+0000] {logging_mixin.py:188} INFO - [2025-07-18T13:12:27.038+0000] {dag.py:3823} INFO - Setting next_dagrun for example_subdag_operator to 2022-01-01 00:00:00+00:00, run_after=2022-01-01 00:00:00+00:00
[2025-07-18T13:12:27.039+0000] {logging_mixin.py:188} INFO - [2025-07-18T13:12:27.039+0000] {dag.py:3823} INFO - Setting next_dagrun for example_subdag_operator.section-1 to None, run_after=None
[2025-07-18T13:12:27.040+0000] {logging_mixin.py:188} INFO - [2025-07-18T13:12:27.040+0000] {dag.py:3823} INFO - Setting next_dagrun for example_subdag_operator.section-2 to None, run_after=None
[2025-07-18T13:12:27.042+0000] {logging_mixin.py:188} INFO - [2025-07-18T13:12:27.042+0000] {dag.py:3036} INFO - Sync 2 DAGs
[2025-07-18T13:12:27.044+0000] {logging_mixin.py:188} INFO - [2025-07-18T13:12:27.044+0000] {dag.py:3823} INFO - Setting next_dagrun for example_subdag_operator.section-1 to None, run_after=None
[2025-07-18T13:12:27.044+0000] {logging_mixin.py:188} INFO - [2025-07-18T13:12:27.044+0000] {dag.py:3823} INFO - Setting next_dagrun for example_subdag_operator.section-2 to None, run_after=None
[2025-07-18T13:12:27.047+0000] {processor.py:183} INFO - Processing /home/airflow/.local/lib/python3.8/site-packages/airflow/example_dags/example_subdag_operator.py took 0.040 seconds
[2025-07-18T13:12:57.557+0000] {processor.py:161} INFO - Started process (PID=1961) to work on /home/airflow/.local/lib/python3.8/site-packages/airflow/example_dags/example_subdag_operator.py
[2025-07-18T13:12:57.558+0000] {processor.py:830} INFO - Processing file /home/airflow/.local/lib/python3.8/site-packages/airflow/example_dags/example_subdag_operator.py for tasks to queue
[2025-07-18T13:12:57.560+0000] {logging_mixin.py:188} INFO - [2025-07-18T13:12:57.559+0000] {dagbag.py:538} INFO - Filling up the DagBag from /home/airflow/.local/lib/python3.8/site-packages/airflow/example_dags/example_subdag_operator.py
[2025-07-18T13:12:57.573+0000] {processor.py:840} INFO - DAG(s) 'example_subdag_operator.section-1', 'example_subdag_operator.section-2', 'example_subdag_operator' retrieved from /home/airflow/.local/lib/python3.8/site-packages/airflow/example_dags/example_subdag_operator.py
[2025-07-18T13:12:57.580+0000] {logging_mixin.py:188} INFO - [2025-07-18T13:12:57.580+0000] {dag.py:3036} INFO - Sync 3 DAGs
[2025-07-18T13:12:57.588+0000] {logging_mixin.py:188} INFO - [2025-07-18T13:12:57.588+0000] {dag.py:3823} INFO - Setting next_dagrun for example_subdag_operator to 2022-01-01 00:00:00+00:00, run_after=2022-01-01 00:00:00+00:00
[2025-07-18T13:12:57.589+0000] {logging_mixin.py:188} INFO - [2025-07-18T13:12:57.589+0000] {dag.py:3823} INFO - Setting next_dagrun for example_subdag_operator.section-1 to None, run_after=None
[2025-07-18T13:12:57.590+0000] {logging_mixin.py:188} INFO - [2025-07-18T13:12:57.589+0000] {dag.py:3823} INFO - Setting next_dagrun for example_subdag_operator.section-2 to None, run_after=None
[2025-07-18T13:12:57.593+0000] {logging_mixin.py:188} INFO - [2025-07-18T13:12:57.593+0000] {dag.py:3036} INFO - Sync 2 DAGs
[2025-07-18T13:12:57.596+0000] {logging_mixin.py:188} INFO - [2025-07-18T13:12:57.596+0000] {dag.py:3823} INFO - Setting next_dagrun for example_subdag_operator.section-1 to None, run_after=None
[2025-07-18T13:12:57.596+0000] {logging_mixin.py:188} INFO - [2025-07-18T13:12:57.596+0000] {dag.py:3823} INFO - Setting next_dagrun for example_subdag_operator.section-2 to None, run_after=None
[2025-07-18T13:12:57.603+0000] {processor.py:183} INFO - Processing /home/airflow/.local/lib/python3.8/site-packages/airflow/example_dags/example_subdag_operator.py took 0.047 seconds
[2025-07-18T13:13:28.077+0000] {processor.py:161} INFO - Started process (PID=2034) to work on /home/airflow/.local/lib/python3.8/site-packages/airflow/example_dags/example_subdag_operator.py
[2025-07-18T13:13:28.081+0000] {processor.py:830} INFO - Processing file /home/airflow/.local/lib/python3.8/site-packages/airflow/example_dags/example_subdag_operator.py for tasks to queue
[2025-07-18T13:13:28.082+0000] {logging_mixin.py:188} INFO - [2025-07-18T13:13:28.082+0000] {dagbag.py:538} INFO - Filling up the DagBag from /home/airflow/.local/lib/python3.8/site-packages/airflow/example_dags/example_subdag_operator.py
[2025-07-18T13:13:28.097+0000] {processor.py:840} INFO - DAG(s) 'example_subdag_operator.section-1', 'example_subdag_operator.section-2', 'example_subdag_operator' retrieved from /home/airflow/.local/lib/python3.8/site-packages/airflow/example_dags/example_subdag_operator.py
[2025-07-18T13:13:28.104+0000] {logging_mixin.py:188} INFO - [2025-07-18T13:13:28.103+0000] {dag.py:3036} INFO - Sync 3 DAGs
[2025-07-18T13:13:28.113+0000] {logging_mixin.py:188} INFO - [2025-07-18T13:13:28.113+0000] {dag.py:3823} INFO - Setting next_dagrun for example_subdag_operator to 2022-01-01 00:00:00+00:00, run_after=2022-01-01 00:00:00+00:00
[2025-07-18T13:13:28.114+0000] {logging_mixin.py:188} INFO - [2025-07-18T13:13:28.114+0000] {dag.py:3823} INFO - Setting next_dagrun for example_subdag_operator.section-1 to None, run_after=None
[2025-07-18T13:13:28.114+0000] {logging_mixin.py:188} INFO - [2025-07-18T13:13:28.114+0000] {dag.py:3823} INFO - Setting next_dagrun for example_subdag_operator.section-2 to None, run_after=None
[2025-07-18T13:13:28.119+0000] {logging_mixin.py:188} INFO - [2025-07-18T13:13:28.119+0000] {dag.py:3036} INFO - Sync 2 DAGs
[2025-07-18T13:13:28.121+0000] {logging_mixin.py:188} INFO - [2025-07-18T13:13:28.121+0000] {dag.py:3823} INFO - Setting next_dagrun for example_subdag_operator.section-1 to None, run_after=None
[2025-07-18T13:13:28.121+0000] {logging_mixin.py:188} INFO - [2025-07-18T13:13:28.121+0000] {dag.py:3823} INFO - Setting next_dagrun for example_subdag_operator.section-2 to None, run_after=None
[2025-07-18T13:13:28.131+0000] {processor.py:183} INFO - Processing /home/airflow/.local/lib/python3.8/site-packages/airflow/example_dags/example_subdag_operator.py took 0.056 seconds
[2025-07-18T13:13:58.741+0000] {processor.py:161} INFO - Started process (PID=2107) to work on /home/airflow/.local/lib/python3.8/site-packages/airflow/example_dags/example_subdag_operator.py
[2025-07-18T13:13:58.742+0000] {processor.py:830} INFO - Processing file /home/airflow/.local/lib/python3.8/site-packages/airflow/example_dags/example_subdag_operator.py for tasks to queue
[2025-07-18T13:13:58.743+0000] {logging_mixin.py:188} INFO - [2025-07-18T13:13:58.742+0000] {dagbag.py:538} INFO - Filling up the DagBag from /home/airflow/.local/lib/python3.8/site-packages/airflow/example_dags/example_subdag_operator.py
[2025-07-18T13:13:58.752+0000] {processor.py:840} INFO - DAG(s) 'example_subdag_operator.section-1', 'example_subdag_operator.section-2', 'example_subdag_operator' retrieved from /home/airflow/.local/lib/python3.8/site-packages/airflow/example_dags/example_subdag_operator.py
[2025-07-18T13:13:58.759+0000] {logging_mixin.py:188} INFO - [2025-07-18T13:13:58.759+0000] {dag.py:3036} INFO - Sync 3 DAGs
[2025-07-18T13:13:58.766+0000] {logging_mixin.py:188} INFO - [2025-07-18T13:13:58.766+0000] {dag.py:3823} INFO - Setting next_dagrun for example_subdag_operator to 2022-01-01 00:00:00+00:00, run_after=2022-01-01 00:00:00+00:00
[2025-07-18T13:13:58.769+0000] {logging_mixin.py:188} INFO - [2025-07-18T13:13:58.769+0000] {dag.py:3823} INFO - Setting next_dagrun for example_subdag_operator.section-1 to None, run_after=None
[2025-07-18T13:13:58.770+0000] {logging_mixin.py:188} INFO - [2025-07-18T13:13:58.770+0000] {dag.py:3823} INFO - Setting next_dagrun for example_subdag_operator.section-2 to None, run_after=None
[2025-07-18T13:13:58.773+0000] {logging_mixin.py:188} INFO - [2025-07-18T13:13:58.773+0000] {dag.py:3036} INFO - Sync 2 DAGs
[2025-07-18T13:13:58.776+0000] {logging_mixin.py:188} INFO - [2025-07-18T13:13:58.776+0000] {dag.py:3823} INFO - Setting next_dagrun for example_subdag_operator.section-1 to None, run_after=None
[2025-07-18T13:13:58.777+0000] {logging_mixin.py:188} INFO - [2025-07-18T13:13:58.777+0000] {dag.py:3823} INFO - Setting next_dagrun for example_subdag_operator.section-2 to None, run_after=None
[2025-07-18T13:13:58.782+0000] {processor.py:183} INFO - Processing /home/airflow/.local/lib/python3.8/site-packages/airflow/example_dags/example_subdag_operator.py took 0.042 seconds
[2025-07-18T13:14:29.363+0000] {processor.py:161} INFO - Started process (PID=2180) to work on /home/airflow/.local/lib/python3.8/site-packages/airflow/example_dags/example_subdag_operator.py
[2025-07-18T13:14:29.365+0000] {processor.py:830} INFO - Processing file /home/airflow/.local/lib/python3.8/site-packages/airflow/example_dags/example_subdag_operator.py for tasks to queue
[2025-07-18T13:14:29.366+0000] {logging_mixin.py:188} INFO - [2025-07-18T13:14:29.365+0000] {dagbag.py:538} INFO - Filling up the DagBag from /home/airflow/.local/lib/python3.8/site-packages/airflow/example_dags/example_subdag_operator.py
[2025-07-18T13:14:29.378+0000] {processor.py:840} INFO - DAG(s) 'example_subdag_operator.section-1', 'example_subdag_operator.section-2', 'example_subdag_operator' retrieved from /home/airflow/.local/lib/python3.8/site-packages/airflow/example_dags/example_subdag_operator.py
[2025-07-18T13:14:29.385+0000] {logging_mixin.py:188} INFO - [2025-07-18T13:14:29.385+0000] {dag.py:3036} INFO - Sync 3 DAGs
[2025-07-18T13:14:29.392+0000] {logging_mixin.py:188} INFO - [2025-07-18T13:14:29.392+0000] {dag.py:3823} INFO - Setting next_dagrun for example_subdag_operator to 2022-01-01 00:00:00+00:00, run_after=2022-01-01 00:00:00+00:00
[2025-07-18T13:14:29.395+0000] {logging_mixin.py:188} INFO - [2025-07-18T13:14:29.395+0000] {dag.py:3823} INFO - Setting next_dagrun for example_subdag_operator.section-1 to None, run_after=None
[2025-07-18T13:14:29.395+0000] {logging_mixin.py:188} INFO - [2025-07-18T13:14:29.395+0000] {dag.py:3823} INFO - Setting next_dagrun for example_subdag_operator.section-2 to None, run_after=None
[2025-07-18T13:14:29.398+0000] {logging_mixin.py:188} INFO - [2025-07-18T13:14:29.398+0000] {dag.py:3036} INFO - Sync 2 DAGs
[2025-07-18T13:14:29.401+0000] {logging_mixin.py:188} INFO - [2025-07-18T13:14:29.401+0000] {dag.py:3823} INFO - Setting next_dagrun for example_subdag_operator.section-1 to None, run_after=None
[2025-07-18T13:14:29.402+0000] {logging_mixin.py:188} INFO - [2025-07-18T13:14:29.402+0000] {dag.py:3823} INFO - Setting next_dagrun for example_subdag_operator.section-2 to None, run_after=None
[2025-07-18T13:14:29.406+0000] {processor.py:183} INFO - Processing /home/airflow/.local/lib/python3.8/site-packages/airflow/example_dags/example_subdag_operator.py took 0.044 seconds
[2025-07-18T13:14:59.989+0000] {processor.py:161} INFO - Started process (PID=2253) to work on /home/airflow/.local/lib/python3.8/site-packages/airflow/example_dags/example_subdag_operator.py
[2025-07-18T13:14:59.989+0000] {processor.py:830} INFO - Processing file /home/airflow/.local/lib/python3.8/site-packages/airflow/example_dags/example_subdag_operator.py for tasks to queue
[2025-07-18T13:14:59.990+0000] {logging_mixin.py:188} INFO - [2025-07-18T13:14:59.990+0000] {dagbag.py:538} INFO - Filling up the DagBag from /home/airflow/.local/lib/python3.8/site-packages/airflow/example_dags/example_subdag_operator.py
[2025-07-18T13:15:00.000+0000] {processor.py:840} INFO - DAG(s) 'example_subdag_operator.section-1', 'example_subdag_operator.section-2', 'example_subdag_operator' retrieved from /home/airflow/.local/lib/python3.8/site-packages/airflow/example_dags/example_subdag_operator.py
[2025-07-18T13:15:00.007+0000] {logging_mixin.py:188} INFO - [2025-07-18T13:15:00.007+0000] {dag.py:3036} INFO - Sync 3 DAGs
[2025-07-18T13:15:00.014+0000] {logging_mixin.py:188} INFO - [2025-07-18T13:15:00.014+0000] {dag.py:3823} INFO - Setting next_dagrun for example_subdag_operator to 2022-01-01 00:00:00+00:00, run_after=2022-01-01 00:00:00+00:00
[2025-07-18T13:15:00.016+0000] {logging_mixin.py:188} INFO - [2025-07-18T13:15:00.016+0000] {dag.py:3823} INFO - Setting next_dagrun for example_subdag_operator.section-1 to None, run_after=None
[2025-07-18T13:15:00.017+0000] {logging_mixin.py:188} INFO - [2025-07-18T13:15:00.017+0000] {dag.py:3823} INFO - Setting next_dagrun for example_subdag_operator.section-2 to None, run_after=None
[2025-07-18T13:15:00.020+0000] {logging_mixin.py:188} INFO - [2025-07-18T13:15:00.020+0000] {dag.py:3036} INFO - Sync 2 DAGs
[2025-07-18T13:15:00.024+0000] {logging_mixin.py:188} INFO - [2025-07-18T13:15:00.024+0000] {dag.py:3823} INFO - Setting next_dagrun for example_subdag_operator.section-1 to None, run_after=None
[2025-07-18T13:15:00.025+0000] {logging_mixin.py:188} INFO - [2025-07-18T13:15:00.025+0000] {dag.py:3823} INFO - Setting next_dagrun for example_subdag_operator.section-2 to None, run_after=None
[2025-07-18T13:15:00.028+0000] {processor.py:183} INFO - Processing /home/airflow/.local/lib/python3.8/site-packages/airflow/example_dags/example_subdag_operator.py took 0.041 seconds
[2025-07-18T13:15:30.595+0000] {processor.py:161} INFO - Started process (PID=2326) to work on /home/airflow/.local/lib/python3.8/site-packages/airflow/example_dags/example_subdag_operator.py
[2025-07-18T13:15:30.595+0000] {processor.py:830} INFO - Processing file /home/airflow/.local/lib/python3.8/site-packages/airflow/example_dags/example_subdag_operator.py for tasks to queue
[2025-07-18T13:15:30.596+0000] {logging_mixin.py:188} INFO - [2025-07-18T13:15:30.595+0000] {dagbag.py:538} INFO - Filling up the DagBag from /home/airflow/.local/lib/python3.8/site-packages/airflow/example_dags/example_subdag_operator.py
[2025-07-18T13:15:30.607+0000] {processor.py:840} INFO - DAG(s) 'example_subdag_operator.section-1', 'example_subdag_operator.section-2', 'example_subdag_operator' retrieved from /home/airflow/.local/lib/python3.8/site-packages/airflow/example_dags/example_subdag_operator.py
[2025-07-18T13:15:30.612+0000] {logging_mixin.py:188} INFO - [2025-07-18T13:15:30.612+0000] {dag.py:3036} INFO - Sync 3 DAGs
[2025-07-18T13:15:30.620+0000] {logging_mixin.py:188} INFO - [2025-07-18T13:15:30.619+0000] {dag.py:3823} INFO - Setting next_dagrun for example_subdag_operator to 2022-01-01 00:00:00+00:00, run_after=2022-01-01 00:00:00+00:00
[2025-07-18T13:15:30.622+0000] {logging_mixin.py:188} INFO - [2025-07-18T13:15:30.622+0000] {dag.py:3823} INFO - Setting next_dagrun for example_subdag_operator.section-1 to None, run_after=None
[2025-07-18T13:15:30.623+0000] {logging_mixin.py:188} INFO - [2025-07-18T13:15:30.623+0000] {dag.py:3823} INFO - Setting next_dagrun for example_subdag_operator.section-2 to None, run_after=None
[2025-07-18T13:15:30.626+0000] {logging_mixin.py:188} INFO - [2025-07-18T13:15:30.626+0000] {dag.py:3036} INFO - Sync 2 DAGs
[2025-07-18T13:15:30.629+0000] {logging_mixin.py:188} INFO - [2025-07-18T13:15:30.628+0000] {dag.py:3823} INFO - Setting next_dagrun for example_subdag_operator.section-1 to None, run_after=None
[2025-07-18T13:15:30.629+0000] {logging_mixin.py:188} INFO - [2025-07-18T13:15:30.629+0000] {dag.py:3823} INFO - Setting next_dagrun for example_subdag_operator.section-2 to None, run_after=None
[2025-07-18T13:15:30.633+0000] {processor.py:183} INFO - Processing /home/airflow/.local/lib/python3.8/site-packages/airflow/example_dags/example_subdag_operator.py took 0.039 seconds
[2025-07-18T13:16:01.185+0000] {processor.py:161} INFO - Started process (PID=2399) to work on /home/airflow/.local/lib/python3.8/site-packages/airflow/example_dags/example_subdag_operator.py
[2025-07-18T13:16:01.186+0000] {processor.py:830} INFO - Processing file /home/airflow/.local/lib/python3.8/site-packages/airflow/example_dags/example_subdag_operator.py for tasks to queue
[2025-07-18T13:16:01.187+0000] {logging_mixin.py:188} INFO - [2025-07-18T13:16:01.187+0000] {dagbag.py:538} INFO - Filling up the DagBag from /home/airflow/.local/lib/python3.8/site-packages/airflow/example_dags/example_subdag_operator.py
[2025-07-18T13:16:01.196+0000] {processor.py:840} INFO - DAG(s) 'example_subdag_operator.section-1', 'example_subdag_operator.section-2', 'example_subdag_operator' retrieved from /home/airflow/.local/lib/python3.8/site-packages/airflow/example_dags/example_subdag_operator.py
[2025-07-18T13:16:01.204+0000] {logging_mixin.py:188} INFO - [2025-07-18T13:16:01.204+0000] {dag.py:3036} INFO - Sync 3 DAGs
[2025-07-18T13:16:01.211+0000] {logging_mixin.py:188} INFO - [2025-07-18T13:16:01.211+0000] {dag.py:3823} INFO - Setting next_dagrun for example_subdag_operator to 2022-01-01 00:00:00+00:00, run_after=2022-01-01 00:00:00+00:00
[2025-07-18T13:16:01.214+0000] {logging_mixin.py:188} INFO - [2025-07-18T13:16:01.214+0000] {dag.py:3823} INFO - Setting next_dagrun for example_subdag_operator.section-1 to None, run_after=None
[2025-07-18T13:16:01.215+0000] {logging_mixin.py:188} INFO - [2025-07-18T13:16:01.215+0000] {dag.py:3823} INFO - Setting next_dagrun for example_subdag_operator.section-2 to None, run_after=None
[2025-07-18T13:16:01.218+0000] {logging_mixin.py:188} INFO - [2025-07-18T13:16:01.218+0000] {dag.py:3036} INFO - Sync 2 DAGs
[2025-07-18T13:16:01.220+0000] {logging_mixin.py:188} INFO - [2025-07-18T13:16:01.220+0000] {dag.py:3823} INFO - Setting next_dagrun for example_subdag_operator.section-1 to None, run_after=None
[2025-07-18T13:16:01.221+0000] {logging_mixin.py:188} INFO - [2025-07-18T13:16:01.221+0000] {dag.py:3823} INFO - Setting next_dagrun for example_subdag_operator.section-2 to None, run_after=None
[2025-07-18T13:16:01.224+0000] {processor.py:183} INFO - Processing /home/airflow/.local/lib/python3.8/site-packages/airflow/example_dags/example_subdag_operator.py took 0.040 seconds
[2025-07-18T13:16:31.834+0000] {processor.py:161} INFO - Started process (PID=2472) to work on /home/airflow/.local/lib/python3.8/site-packages/airflow/example_dags/example_subdag_operator.py
[2025-07-18T13:16:31.835+0000] {processor.py:830} INFO - Processing file /home/airflow/.local/lib/python3.8/site-packages/airflow/example_dags/example_subdag_operator.py for tasks to queue
[2025-07-18T13:16:31.836+0000] {logging_mixin.py:188} INFO - [2025-07-18T13:16:31.836+0000] {dagbag.py:538} INFO - Filling up the DagBag from /home/airflow/.local/lib/python3.8/site-packages/airflow/example_dags/example_subdag_operator.py
[2025-07-18T13:16:31.846+0000] {processor.py:840} INFO - DAG(s) 'example_subdag_operator.section-1', 'example_subdag_operator.section-2', 'example_subdag_operator' retrieved from /home/airflow/.local/lib/python3.8/site-packages/airflow/example_dags/example_subdag_operator.py
[2025-07-18T13:16:31.853+0000] {logging_mixin.py:188} INFO - [2025-07-18T13:16:31.853+0000] {dag.py:3036} INFO - Sync 3 DAGs
[2025-07-18T13:16:31.860+0000] {logging_mixin.py:188} INFO - [2025-07-18T13:16:31.860+0000] {dag.py:3823} INFO - Setting next_dagrun for example_subdag_operator to 2022-01-01 00:00:00+00:00, run_after=2022-01-01 00:00:00+00:00
[2025-07-18T13:16:31.862+0000] {logging_mixin.py:188} INFO - [2025-07-18T13:16:31.862+0000] {dag.py:3823} INFO - Setting next_dagrun for example_subdag_operator.section-1 to None, run_after=None
[2025-07-18T13:16:31.863+0000] {logging_mixin.py:188} INFO - [2025-07-18T13:16:31.863+0000] {dag.py:3823} INFO - Setting next_dagrun for example_subdag_operator.section-2 to None, run_after=None
[2025-07-18T13:16:31.866+0000] {logging_mixin.py:188} INFO - [2025-07-18T13:16:31.866+0000] {dag.py:3036} INFO - Sync 2 DAGs
[2025-07-18T13:16:31.869+0000] {logging_mixin.py:188} INFO - [2025-07-18T13:16:31.869+0000] {dag.py:3823} INFO - Setting next_dagrun for example_subdag_operator.section-1 to None, run_after=None
[2025-07-18T13:16:31.869+0000] {logging_mixin.py:188} INFO - [2025-07-18T13:16:31.869+0000] {dag.py:3823} INFO - Setting next_dagrun for example_subdag_operator.section-2 to None, run_after=None
[2025-07-18T13:16:31.873+0000] {processor.py:183} INFO - Processing /home/airflow/.local/lib/python3.8/site-packages/airflow/example_dags/example_subdag_operator.py took 0.042 seconds
[2025-07-18T13:17:02.405+0000] {processor.py:161} INFO - Started process (PID=2545) to work on /home/airflow/.local/lib/python3.8/site-packages/airflow/example_dags/example_subdag_operator.py
[2025-07-18T13:17:02.406+0000] {processor.py:830} INFO - Processing file /home/airflow/.local/lib/python3.8/site-packages/airflow/example_dags/example_subdag_operator.py for tasks to queue
[2025-07-18T13:17:02.407+0000] {logging_mixin.py:188} INFO - [2025-07-18T13:17:02.407+0000] {dagbag.py:538} INFO - Filling up the DagBag from /home/airflow/.local/lib/python3.8/site-packages/airflow/example_dags/example_subdag_operator.py
[2025-07-18T13:17:02.418+0000] {processor.py:840} INFO - DAG(s) 'example_subdag_operator.section-1', 'example_subdag_operator.section-2', 'example_subdag_operator' retrieved from /home/airflow/.local/lib/python3.8/site-packages/airflow/example_dags/example_subdag_operator.py
[2025-07-18T13:17:02.424+0000] {logging_mixin.py:188} INFO - [2025-07-18T13:17:02.424+0000] {dag.py:3036} INFO - Sync 3 DAGs
[2025-07-18T13:17:02.434+0000] {logging_mixin.py:188} INFO - [2025-07-18T13:17:02.434+0000] {dag.py:3823} INFO - Setting next_dagrun for example_subdag_operator to 2022-01-01 00:00:00+00:00, run_after=2022-01-01 00:00:00+00:00
[2025-07-18T13:17:02.437+0000] {logging_mixin.py:188} INFO - [2025-07-18T13:17:02.437+0000] {dag.py:3823} INFO - Setting next_dagrun for example_subdag_operator.section-1 to None, run_after=None
[2025-07-18T13:17:02.437+0000] {logging_mixin.py:188} INFO - [2025-07-18T13:17:02.437+0000] {dag.py:3823} INFO - Setting next_dagrun for example_subdag_operator.section-2 to None, run_after=None
[2025-07-18T13:17:02.439+0000] {logging_mixin.py:188} INFO - [2025-07-18T13:17:02.439+0000] {dag.py:3036} INFO - Sync 2 DAGs
[2025-07-18T13:17:02.441+0000] {logging_mixin.py:188} INFO - [2025-07-18T13:17:02.441+0000] {dag.py:3823} INFO - Setting next_dagrun for example_subdag_operator.section-1 to None, run_after=None
[2025-07-18T13:17:02.441+0000] {logging_mixin.py:188} INFO - [2025-07-18T13:17:02.441+0000] {dag.py:3823} INFO - Setting next_dagrun for example_subdag_operator.section-2 to None, run_after=None
[2025-07-18T13:17:02.446+0000] {processor.py:183} INFO - Processing /home/airflow/.local/lib/python3.8/site-packages/airflow/example_dags/example_subdag_operator.py took 0.043 seconds
[2025-07-18T13:17:32.971+0000] {processor.py:161} INFO - Started process (PID=2618) to work on /home/airflow/.local/lib/python3.8/site-packages/airflow/example_dags/example_subdag_operator.py
[2025-07-18T13:17:32.974+0000] {processor.py:830} INFO - Processing file /home/airflow/.local/lib/python3.8/site-packages/airflow/example_dags/example_subdag_operator.py for tasks to queue
[2025-07-18T13:17:32.975+0000] {logging_mixin.py:188} INFO - [2025-07-18T13:17:32.974+0000] {dagbag.py:538} INFO - Filling up the DagBag from /home/airflow/.local/lib/python3.8/site-packages/airflow/example_dags/example_subdag_operator.py
[2025-07-18T13:17:32.984+0000] {processor.py:840} INFO - DAG(s) 'example_subdag_operator.section-1', 'example_subdag_operator.section-2', 'example_subdag_operator' retrieved from /home/airflow/.local/lib/python3.8/site-packages/airflow/example_dags/example_subdag_operator.py
[2025-07-18T13:17:32.990+0000] {logging_mixin.py:188} INFO - [2025-07-18T13:17:32.990+0000] {dag.py:3036} INFO - Sync 3 DAGs
[2025-07-18T13:17:32.997+0000] {logging_mixin.py:188} INFO - [2025-07-18T13:17:32.997+0000] {dag.py:3823} INFO - Setting next_dagrun for example_subdag_operator to 2022-01-01 00:00:00+00:00, run_after=2022-01-01 00:00:00+00:00
[2025-07-18T13:17:33.001+0000] {logging_mixin.py:188} INFO - [2025-07-18T13:17:33.001+0000] {dag.py:3823} INFO - Setting next_dagrun for example_subdag_operator.section-1 to None, run_after=None
[2025-07-18T13:17:33.002+0000] {logging_mixin.py:188} INFO - [2025-07-18T13:17:33.002+0000] {dag.py:3823} INFO - Setting next_dagrun for example_subdag_operator.section-2 to None, run_after=None
[2025-07-18T13:17:33.005+0000] {logging_mixin.py:188} INFO - [2025-07-18T13:17:33.005+0000] {dag.py:3036} INFO - Sync 2 DAGs
[2025-07-18T13:17:33.008+0000] {logging_mixin.py:188} INFO - [2025-07-18T13:17:33.008+0000] {dag.py:3823} INFO - Setting next_dagrun for example_subdag_operator.section-1 to None, run_after=None
[2025-07-18T13:17:33.008+0000] {logging_mixin.py:188} INFO - [2025-07-18T13:17:33.008+0000] {dag.py:3823} INFO - Setting next_dagrun for example_subdag_operator.section-2 to None, run_after=None
[2025-07-18T13:17:33.022+0000] {processor.py:183} INFO - Processing /home/airflow/.local/lib/python3.8/site-packages/airflow/example_dags/example_subdag_operator.py took 0.053 seconds
[2025-07-18T13:19:04.955+0000] {processor.py:161} INFO - Started process (PID=2825) to work on /home/airflow/.local/lib/python3.8/site-packages/airflow/example_dags/example_subdag_operator.py
[2025-07-18T13:19:04.955+0000] {processor.py:830} INFO - Processing file /home/airflow/.local/lib/python3.8/site-packages/airflow/example_dags/example_subdag_operator.py for tasks to queue
[2025-07-18T13:19:04.956+0000] {logging_mixin.py:188} INFO - [2025-07-18T13:19:04.956+0000] {dagbag.py:538} INFO - Filling up the DagBag from /home/airflow/.local/lib/python3.8/site-packages/airflow/example_dags/example_subdag_operator.py
[2025-07-18T13:19:04.966+0000] {processor.py:840} INFO - DAG(s) 'example_subdag_operator.section-1', 'example_subdag_operator.section-2', 'example_subdag_operator' retrieved from /home/airflow/.local/lib/python3.8/site-packages/airflow/example_dags/example_subdag_operator.py
[2025-07-18T13:19:04.972+0000] {logging_mixin.py:188} INFO - [2025-07-18T13:19:04.971+0000] {dag.py:3036} INFO - Sync 3 DAGs
[2025-07-18T13:19:04.978+0000] {logging_mixin.py:188} INFO - [2025-07-18T13:19:04.978+0000] {dag.py:3823} INFO - Setting next_dagrun for example_subdag_operator to 2022-01-01 00:00:00+00:00, run_after=2022-01-01 00:00:00+00:00
[2025-07-18T13:19:04.980+0000] {logging_mixin.py:188} INFO - [2025-07-18T13:19:04.980+0000] {dag.py:3823} INFO - Setting next_dagrun for example_subdag_operator.section-1 to None, run_after=None
[2025-07-18T13:19:04.980+0000] {logging_mixin.py:188} INFO - [2025-07-18T13:19:04.980+0000] {dag.py:3823} INFO - Setting next_dagrun for example_subdag_operator.section-2 to None, run_after=None
[2025-07-18T13:19:04.982+0000] {logging_mixin.py:188} INFO - [2025-07-18T13:19:04.982+0000] {dag.py:3036} INFO - Sync 2 DAGs
[2025-07-18T13:19:04.987+0000] {logging_mixin.py:188} INFO - [2025-07-18T13:19:04.986+0000] {dag.py:3823} INFO - Setting next_dagrun for example_subdag_operator.section-1 to None, run_after=None
[2025-07-18T13:19:04.987+0000] {logging_mixin.py:188} INFO - [2025-07-18T13:19:04.987+0000] {dag.py:3823} INFO - Setting next_dagrun for example_subdag_operator.section-2 to None, run_after=None
[2025-07-18T13:19:04.991+0000] {processor.py:183} INFO - Processing /home/airflow/.local/lib/python3.8/site-packages/airflow/example_dags/example_subdag_operator.py took 0.038 seconds
