[2025-07-18T12:59:37.939+0000] {processor.py:161} INFO - Started process (PID=57) to work on /home/airflow/.local/lib/python3.8/site-packages/airflow/example_dags/example_short_circuit_decorator.py
[2025-07-18T12:59:37.939+0000] {processor.py:830} INFO - Processing file /home/airflow/.local/lib/python3.8/site-packages/airflow/example_dags/example_short_circuit_decorator.py for tasks to queue
[2025-07-18T12:59:37.941+0000] {logging_mixin.py:188} INFO - [2025-07-18T12:59:37.940+0000] {dagbag.py:538} INFO - Filling up the DagBag from /home/airflow/.local/lib/python3.8/site-packages/airflow/example_dags/example_short_circuit_decorator.py
[2025-07-18T12:59:37.947+0000] {processor.py:840} INFO - DAG(s) 'example_short_circuit_decorator' retrieved from /home/airflow/.local/lib/python3.8/site-packages/airflow/example_dags/example_short_circuit_decorator.py
[2025-07-18T12:59:37.961+0000] {logging_mixin.py:188} INFO - [2025-07-18T12:59:37.960+0000] {dag.py:3036} INFO - Sync 1 DAGs
[2025-07-18T12:59:37.970+0000] {logging_mixin.py:188} INFO - [2025-07-18T12:59:37.970+0000] {dag.py:3823} INFO - Setting next_dagrun for example_short_circuit_decorator to 2025-07-17 00:00:00+00:00, run_after=2025-07-18 00:00:00+00:00
[2025-07-18T12:59:37.978+0000] {processor.py:183} INFO - Processing /home/airflow/.local/lib/python3.8/site-packages/airflow/example_dags/example_short_circuit_decorator.py took 0.041 seconds
[2025-07-18T13:00:08.293+0000] {processor.py:161} INFO - Started process (PID=128) to work on /home/airflow/.local/lib/python3.8/site-packages/airflow/example_dags/example_short_circuit_decorator.py
[2025-07-18T13:00:08.293+0000] {processor.py:830} INFO - Processing file /home/airflow/.local/lib/python3.8/site-packages/airflow/example_dags/example_short_circuit_decorator.py for tasks to queue
[2025-07-18T13:00:08.294+0000] {logging_mixin.py:188} INFO - [2025-07-18T13:00:08.294+0000] {dagbag.py:538} INFO - Filling up the DagBag from /home/airflow/.local/lib/python3.8/site-packages/airflow/example_dags/example_short_circuit_decorator.py
[2025-07-18T13:00:08.298+0000] {processor.py:840} INFO - DAG(s) 'example_short_circuit_decorator' retrieved from /home/airflow/.local/lib/python3.8/site-packages/airflow/example_dags/example_short_circuit_decorator.py
[2025-07-18T13:00:08.308+0000] {logging_mixin.py:188} INFO - [2025-07-18T13:00:08.308+0000] {dag.py:3036} INFO - Sync 1 DAGs
[2025-07-18T13:00:08.316+0000] {logging_mixin.py:188} INFO - [2025-07-18T13:00:08.316+0000] {dag.py:3823} INFO - Setting next_dagrun for example_short_circuit_decorator to 2025-07-17 00:00:00+00:00, run_after=2025-07-18 00:00:00+00:00
[2025-07-18T13:00:08.325+0000] {processor.py:183} INFO - Processing /home/airflow/.local/lib/python3.8/site-packages/airflow/example_dags/example_short_circuit_decorator.py took 0.034 seconds
[2025-07-18T13:00:38.595+0000] {processor.py:161} INFO - Started process (PID=201) to work on /home/airflow/.local/lib/python3.8/site-packages/airflow/example_dags/example_short_circuit_decorator.py
[2025-07-18T13:00:38.596+0000] {processor.py:830} INFO - Processing file /home/airflow/.local/lib/python3.8/site-packages/airflow/example_dags/example_short_circuit_decorator.py for tasks to queue
[2025-07-18T13:00:38.597+0000] {logging_mixin.py:188} INFO - [2025-07-18T13:00:38.596+0000] {dagbag.py:538} INFO - Filling up the DagBag from /home/airflow/.local/lib/python3.8/site-packages/airflow/example_dags/example_short_circuit_decorator.py
[2025-07-18T13:00:38.600+0000] {processor.py:840} INFO - DAG(s) 'example_short_circuit_decorator' retrieved from /home/airflow/.local/lib/python3.8/site-packages/airflow/example_dags/example_short_circuit_decorator.py
[2025-07-18T13:00:38.609+0000] {logging_mixin.py:188} INFO - [2025-07-18T13:00:38.609+0000] {dag.py:3036} INFO - Sync 1 DAGs
[2025-07-18T13:00:38.616+0000] {logging_mixin.py:188} INFO - [2025-07-18T13:00:38.616+0000] {dag.py:3823} INFO - Setting next_dagrun for example_short_circuit_decorator to 2025-07-17 00:00:00+00:00, run_after=2025-07-18 00:00:00+00:00
[2025-07-18T13:00:38.622+0000] {processor.py:183} INFO - Processing /home/airflow/.local/lib/python3.8/site-packages/airflow/example_dags/example_short_circuit_decorator.py took 0.028 seconds
[2025-07-18T13:01:08.720+0000] {processor.py:161} INFO - Started process (PID=271) to work on /home/airflow/.local/lib/python3.8/site-packages/airflow/example_dags/example_short_circuit_decorator.py
[2025-07-18T13:01:08.721+0000] {processor.py:830} INFO - Processing file /home/airflow/.local/lib/python3.8/site-packages/airflow/example_dags/example_short_circuit_decorator.py for tasks to queue
[2025-07-18T13:01:08.722+0000] {logging_mixin.py:188} INFO - [2025-07-18T13:01:08.721+0000] {dagbag.py:538} INFO - Filling up the DagBag from /home/airflow/.local/lib/python3.8/site-packages/airflow/example_dags/example_short_circuit_decorator.py
[2025-07-18T13:01:08.725+0000] {processor.py:840} INFO - DAG(s) 'example_short_circuit_decorator' retrieved from /home/airflow/.local/lib/python3.8/site-packages/airflow/example_dags/example_short_circuit_decorator.py
[2025-07-18T13:01:08.733+0000] {logging_mixin.py:188} INFO - [2025-07-18T13:01:08.733+0000] {dag.py:3036} INFO - Sync 1 DAGs
[2025-07-18T13:01:08.740+0000] {logging_mixin.py:188} INFO - [2025-07-18T13:01:08.740+0000] {dag.py:3823} INFO - Setting next_dagrun for example_short_circuit_decorator to 2025-07-17 00:00:00+00:00, run_after=2025-07-18 00:00:00+00:00
[2025-07-18T13:01:08.746+0000] {processor.py:183} INFO - Processing /home/airflow/.local/lib/python3.8/site-packages/airflow/example_dags/example_short_circuit_decorator.py took 0.027 seconds
[2025-07-18T13:01:39.453+0000] {processor.py:161} INFO - Started process (PID=347) to work on /home/airflow/.local/lib/python3.8/site-packages/airflow/example_dags/example_short_circuit_decorator.py
[2025-07-18T13:01:39.453+0000] {processor.py:830} INFO - Processing file /home/airflow/.local/lib/python3.8/site-packages/airflow/example_dags/example_short_circuit_decorator.py for tasks to queue
[2025-07-18T13:01:39.454+0000] {logging_mixin.py:188} INFO - [2025-07-18T13:01:39.454+0000] {dagbag.py:538} INFO - Filling up the DagBag from /home/airflow/.local/lib/python3.8/site-packages/airflow/example_dags/example_short_circuit_decorator.py
[2025-07-18T13:01:39.457+0000] {processor.py:840} INFO - DAG(s) 'example_short_circuit_decorator' retrieved from /home/airflow/.local/lib/python3.8/site-packages/airflow/example_dags/example_short_circuit_decorator.py
[2025-07-18T13:01:39.465+0000] {logging_mixin.py:188} INFO - [2025-07-18T13:01:39.465+0000] {dag.py:3036} INFO - Sync 1 DAGs
[2025-07-18T13:01:39.473+0000] {logging_mixin.py:188} INFO - [2025-07-18T13:01:39.473+0000] {dag.py:3823} INFO - Setting next_dagrun for example_short_circuit_decorator to 2025-07-17 00:00:00+00:00, run_after=2025-07-18 00:00:00+00:00
[2025-07-18T13:01:39.481+0000] {processor.py:183} INFO - Processing /home/airflow/.local/lib/python3.8/site-packages/airflow/example_dags/example_short_circuit_decorator.py took 0.030 seconds
[2025-07-18T13:02:10.263+0000] {processor.py:161} INFO - Started process (PID=420) to work on /home/airflow/.local/lib/python3.8/site-packages/airflow/example_dags/example_short_circuit_decorator.py
[2025-07-18T13:02:10.264+0000] {processor.py:830} INFO - Processing file /home/airflow/.local/lib/python3.8/site-packages/airflow/example_dags/example_short_circuit_decorator.py for tasks to queue
[2025-07-18T13:02:10.265+0000] {logging_mixin.py:188} INFO - [2025-07-18T13:02:10.265+0000] {dagbag.py:538} INFO - Filling up the DagBag from /home/airflow/.local/lib/python3.8/site-packages/airflow/example_dags/example_short_circuit_decorator.py
[2025-07-18T13:02:10.270+0000] {processor.py:840} INFO - DAG(s) 'example_short_circuit_decorator' retrieved from /home/airflow/.local/lib/python3.8/site-packages/airflow/example_dags/example_short_circuit_decorator.py
[2025-07-18T13:02:10.281+0000] {logging_mixin.py:188} INFO - [2025-07-18T13:02:10.280+0000] {dag.py:3036} INFO - Sync 1 DAGs
[2025-07-18T13:02:10.289+0000] {logging_mixin.py:188} INFO - [2025-07-18T13:02:10.289+0000] {dag.py:3823} INFO - Setting next_dagrun for example_short_circuit_decorator to 2025-07-17 00:00:00+00:00, run_after=2025-07-18 00:00:00+00:00
[2025-07-18T13:02:10.294+0000] {processor.py:183} INFO - Processing /home/airflow/.local/lib/python3.8/site-packages/airflow/example_dags/example_short_circuit_decorator.py took 0.032 seconds
[2025-07-18T13:02:41.457+0000] {processor.py:161} INFO - Started process (PID=493) to work on /home/airflow/.local/lib/python3.8/site-packages/airflow/example_dags/example_short_circuit_decorator.py
[2025-07-18T13:02:41.458+0000] {processor.py:830} INFO - Processing file /home/airflow/.local/lib/python3.8/site-packages/airflow/example_dags/example_short_circuit_decorator.py for tasks to queue
[2025-07-18T13:02:41.459+0000] {logging_mixin.py:188} INFO - [2025-07-18T13:02:41.459+0000] {dagbag.py:538} INFO - Filling up the DagBag from /home/airflow/.local/lib/python3.8/site-packages/airflow/example_dags/example_short_circuit_decorator.py
[2025-07-18T13:02:41.463+0000] {processor.py:840} INFO - DAG(s) 'example_short_circuit_decorator' retrieved from /home/airflow/.local/lib/python3.8/site-packages/airflow/example_dags/example_short_circuit_decorator.py
[2025-07-18T13:02:41.473+0000] {logging_mixin.py:188} INFO - [2025-07-18T13:02:41.473+0000] {dag.py:3036} INFO - Sync 1 DAGs
[2025-07-18T13:02:41.482+0000] {logging_mixin.py:188} INFO - [2025-07-18T13:02:41.481+0000] {dag.py:3823} INFO - Setting next_dagrun for example_short_circuit_decorator to 2025-07-17 00:00:00+00:00, run_after=2025-07-18 00:00:00+00:00
[2025-07-18T13:02:41.488+0000] {processor.py:183} INFO - Processing /home/airflow/.local/lib/python3.8/site-packages/airflow/example_dags/example_short_circuit_decorator.py took 0.032 seconds
[2025-07-18T13:03:12.236+0000] {processor.py:161} INFO - Started process (PID=566) to work on /home/airflow/.local/lib/python3.8/site-packages/airflow/example_dags/example_short_circuit_decorator.py
[2025-07-18T13:03:12.237+0000] {processor.py:830} INFO - Processing file /home/airflow/.local/lib/python3.8/site-packages/airflow/example_dags/example_short_circuit_decorator.py for tasks to queue
[2025-07-18T13:03:12.238+0000] {logging_mixin.py:188} INFO - [2025-07-18T13:03:12.238+0000] {dagbag.py:538} INFO - Filling up the DagBag from /home/airflow/.local/lib/python3.8/site-packages/airflow/example_dags/example_short_circuit_decorator.py
[2025-07-18T13:03:12.242+0000] {processor.py:840} INFO - DAG(s) 'example_short_circuit_decorator' retrieved from /home/airflow/.local/lib/python3.8/site-packages/airflow/example_dags/example_short_circuit_decorator.py
[2025-07-18T13:03:12.252+0000] {logging_mixin.py:188} INFO - [2025-07-18T13:03:12.252+0000] {dag.py:3036} INFO - Sync 1 DAGs
[2025-07-18T13:03:12.262+0000] {logging_mixin.py:188} INFO - [2025-07-18T13:03:12.262+0000] {dag.py:3823} INFO - Setting next_dagrun for example_short_circuit_decorator to 2025-07-17 00:00:00+00:00, run_after=2025-07-18 00:00:00+00:00
[2025-07-18T13:03:12.271+0000] {processor.py:183} INFO - Processing /home/airflow/.local/lib/python3.8/site-packages/airflow/example_dags/example_short_circuit_decorator.py took 0.037 seconds
[2025-07-18T13:03:43.117+0000] {processor.py:161} INFO - Started process (PID=639) to work on /home/airflow/.local/lib/python3.8/site-packages/airflow/example_dags/example_short_circuit_decorator.py
[2025-07-18T13:03:43.117+0000] {processor.py:830} INFO - Processing file /home/airflow/.local/lib/python3.8/site-packages/airflow/example_dags/example_short_circuit_decorator.py for tasks to queue
[2025-07-18T13:03:43.118+0000] {logging_mixin.py:188} INFO - [2025-07-18T13:03:43.118+0000] {dagbag.py:538} INFO - Filling up the DagBag from /home/airflow/.local/lib/python3.8/site-packages/airflow/example_dags/example_short_circuit_decorator.py
[2025-07-18T13:03:43.121+0000] {processor.py:840} INFO - DAG(s) 'example_short_circuit_decorator' retrieved from /home/airflow/.local/lib/python3.8/site-packages/airflow/example_dags/example_short_circuit_decorator.py
[2025-07-18T13:03:43.130+0000] {logging_mixin.py:188} INFO - [2025-07-18T13:03:43.130+0000] {dag.py:3036} INFO - Sync 1 DAGs
[2025-07-18T13:03:43.138+0000] {logging_mixin.py:188} INFO - [2025-07-18T13:03:43.138+0000] {dag.py:3823} INFO - Setting next_dagrun for example_short_circuit_decorator to 2025-07-17 00:00:00+00:00, run_after=2025-07-18 00:00:00+00:00
[2025-07-18T13:03:43.146+0000] {processor.py:183} INFO - Processing /home/airflow/.local/lib/python3.8/site-packages/airflow/example_dags/example_short_circuit_decorator.py took 0.031 seconds
[2025-07-18T13:04:13.876+0000] {processor.py:161} INFO - Started process (PID=711) to work on /home/airflow/.local/lib/python3.8/site-packages/airflow/example_dags/example_short_circuit_decorator.py
[2025-07-18T13:04:13.877+0000] {processor.py:830} INFO - Processing file /home/airflow/.local/lib/python3.8/site-packages/airflow/example_dags/example_short_circuit_decorator.py for tasks to queue
[2025-07-18T13:04:13.877+0000] {logging_mixin.py:188} INFO - [2025-07-18T13:04:13.877+0000] {dagbag.py:538} INFO - Filling up the DagBag from /home/airflow/.local/lib/python3.8/site-packages/airflow/example_dags/example_short_circuit_decorator.py
[2025-07-18T13:04:13.881+0000] {processor.py:840} INFO - DAG(s) 'example_short_circuit_decorator' retrieved from /home/airflow/.local/lib/python3.8/site-packages/airflow/example_dags/example_short_circuit_decorator.py
[2025-07-18T13:04:13.891+0000] {logging_mixin.py:188} INFO - [2025-07-18T13:04:13.891+0000] {dag.py:3036} INFO - Sync 1 DAGs
[2025-07-18T13:04:13.898+0000] {logging_mixin.py:188} INFO - [2025-07-18T13:04:13.898+0000] {dag.py:3823} INFO - Setting next_dagrun for example_short_circuit_decorator to 2025-07-17 00:00:00+00:00, run_after=2025-07-18 00:00:00+00:00
[2025-07-18T13:04:13.906+0000] {processor.py:183} INFO - Processing /home/airflow/.local/lib/python3.8/site-packages/airflow/example_dags/example_short_circuit_decorator.py took 0.031 seconds
[2025-07-18T13:04:44.560+0000] {processor.py:161} INFO - Started process (PID=784) to work on /home/airflow/.local/lib/python3.8/site-packages/airflow/example_dags/example_short_circuit_decorator.py
[2025-07-18T13:04:44.561+0000] {processor.py:830} INFO - Processing file /home/airflow/.local/lib/python3.8/site-packages/airflow/example_dags/example_short_circuit_decorator.py for tasks to queue
[2025-07-18T13:04:44.561+0000] {logging_mixin.py:188} INFO - [2025-07-18T13:04:44.561+0000] {dagbag.py:538} INFO - Filling up the DagBag from /home/airflow/.local/lib/python3.8/site-packages/airflow/example_dags/example_short_circuit_decorator.py
[2025-07-18T13:04:44.565+0000] {processor.py:840} INFO - DAG(s) 'example_short_circuit_decorator' retrieved from /home/airflow/.local/lib/python3.8/site-packages/airflow/example_dags/example_short_circuit_decorator.py
[2025-07-18T13:04:44.574+0000] {logging_mixin.py:188} INFO - [2025-07-18T13:04:44.574+0000] {dag.py:3036} INFO - Sync 1 DAGs
[2025-07-18T13:04:44.584+0000] {logging_mixin.py:188} INFO - [2025-07-18T13:04:44.583+0000] {dag.py:3823} INFO - Setting next_dagrun for example_short_circuit_decorator to 2025-07-17 00:00:00+00:00, run_after=2025-07-18 00:00:00+00:00
[2025-07-18T13:04:44.596+0000] {processor.py:183} INFO - Processing /home/airflow/.local/lib/python3.8/site-packages/airflow/example_dags/example_short_circuit_decorator.py took 0.038 seconds
[2025-07-18T13:05:15.245+0000] {processor.py:161} INFO - Started process (PID=863) to work on /home/airflow/.local/lib/python3.8/site-packages/airflow/example_dags/example_short_circuit_decorator.py
[2025-07-18T13:05:15.246+0000] {processor.py:830} INFO - Processing file /home/airflow/.local/lib/python3.8/site-packages/airflow/example_dags/example_short_circuit_decorator.py for tasks to queue
[2025-07-18T13:05:15.247+0000] {logging_mixin.py:188} INFO - [2025-07-18T13:05:15.246+0000] {dagbag.py:538} INFO - Filling up the DagBag from /home/airflow/.local/lib/python3.8/site-packages/airflow/example_dags/example_short_circuit_decorator.py
[2025-07-18T13:05:15.251+0000] {processor.py:840} INFO - DAG(s) 'example_short_circuit_decorator' retrieved from /home/airflow/.local/lib/python3.8/site-packages/airflow/example_dags/example_short_circuit_decorator.py
[2025-07-18T13:05:15.265+0000] {logging_mixin.py:188} INFO - [2025-07-18T13:05:15.264+0000] {dag.py:3036} INFO - Sync 1 DAGs
[2025-07-18T13:05:15.273+0000] {logging_mixin.py:188} INFO - [2025-07-18T13:05:15.273+0000] {dag.py:3823} INFO - Setting next_dagrun for example_short_circuit_decorator to 2025-07-17 00:00:00+00:00, run_after=2025-07-18 00:00:00+00:00
[2025-07-18T13:05:15.282+0000] {processor.py:183} INFO - Processing /home/airflow/.local/lib/python3.8/site-packages/airflow/example_dags/example_short_circuit_decorator.py took 0.039 seconds
[2025-07-18T13:05:46.018+0000] {processor.py:161} INFO - Started process (PID=936) to work on /home/airflow/.local/lib/python3.8/site-packages/airflow/example_dags/example_short_circuit_decorator.py
[2025-07-18T13:05:46.018+0000] {processor.py:830} INFO - Processing file /home/airflow/.local/lib/python3.8/site-packages/airflow/example_dags/example_short_circuit_decorator.py for tasks to queue
[2025-07-18T13:05:46.020+0000] {logging_mixin.py:188} INFO - [2025-07-18T13:05:46.020+0000] {dagbag.py:538} INFO - Filling up the DagBag from /home/airflow/.local/lib/python3.8/site-packages/airflow/example_dags/example_short_circuit_decorator.py
[2025-07-18T13:05:46.023+0000] {processor.py:840} INFO - DAG(s) 'example_short_circuit_decorator' retrieved from /home/airflow/.local/lib/python3.8/site-packages/airflow/example_dags/example_short_circuit_decorator.py
[2025-07-18T13:05:46.038+0000] {logging_mixin.py:188} INFO - [2025-07-18T13:05:46.038+0000] {dag.py:3036} INFO - Sync 1 DAGs
[2025-07-18T13:05:46.048+0000] {logging_mixin.py:188} INFO - [2025-07-18T13:05:46.048+0000] {dag.py:3823} INFO - Setting next_dagrun for example_short_circuit_decorator to 2025-07-17 00:00:00+00:00, run_after=2025-07-18 00:00:00+00:00
[2025-07-18T13:05:46.056+0000] {processor.py:183} INFO - Processing /home/airflow/.local/lib/python3.8/site-packages/airflow/example_dags/example_short_circuit_decorator.py took 0.040 seconds
[2025-07-18T13:06:16.900+0000] {processor.py:161} INFO - Started process (PID=1009) to work on /home/airflow/.local/lib/python3.8/site-packages/airflow/example_dags/example_short_circuit_decorator.py
[2025-07-18T13:06:16.903+0000] {processor.py:830} INFO - Processing file /home/airflow/.local/lib/python3.8/site-packages/airflow/example_dags/example_short_circuit_decorator.py for tasks to queue
[2025-07-18T13:06:16.906+0000] {logging_mixin.py:188} INFO - [2025-07-18T13:06:16.906+0000] {dagbag.py:538} INFO - Filling up the DagBag from /home/airflow/.local/lib/python3.8/site-packages/airflow/example_dags/example_short_circuit_decorator.py
[2025-07-18T13:06:16.910+0000] {processor.py:840} INFO - DAG(s) 'example_short_circuit_decorator' retrieved from /home/airflow/.local/lib/python3.8/site-packages/airflow/example_dags/example_short_circuit_decorator.py
[2025-07-18T13:06:16.925+0000] {logging_mixin.py:188} INFO - [2025-07-18T13:06:16.925+0000] {dag.py:3036} INFO - Sync 1 DAGs
[2025-07-18T13:06:16.934+0000] {logging_mixin.py:188} INFO - [2025-07-18T13:06:16.934+0000] {dag.py:3823} INFO - Setting next_dagrun for example_short_circuit_decorator to 2025-07-17 00:00:00+00:00, run_after=2025-07-18 00:00:00+00:00
[2025-07-18T13:06:16.942+0000] {processor.py:183} INFO - Processing /home/airflow/.local/lib/python3.8/site-packages/airflow/example_dags/example_short_circuit_decorator.py took 0.045 seconds
[2025-07-18T13:06:48.109+0000] {processor.py:161} INFO - Started process (PID=1081) to work on /home/airflow/.local/lib/python3.8/site-packages/airflow/example_dags/example_short_circuit_decorator.py
[2025-07-18T13:06:48.111+0000] {processor.py:830} INFO - Processing file /home/airflow/.local/lib/python3.8/site-packages/airflow/example_dags/example_short_circuit_decorator.py for tasks to queue
[2025-07-18T13:06:48.112+0000] {logging_mixin.py:188} INFO - [2025-07-18T13:06:48.112+0000] {dagbag.py:538} INFO - Filling up the DagBag from /home/airflow/.local/lib/python3.8/site-packages/airflow/example_dags/example_short_circuit_decorator.py
[2025-07-18T13:06:48.117+0000] {processor.py:840} INFO - DAG(s) 'example_short_circuit_decorator' retrieved from /home/airflow/.local/lib/python3.8/site-packages/airflow/example_dags/example_short_circuit_decorator.py
[2025-07-18T13:06:48.126+0000] {logging_mixin.py:188} INFO - [2025-07-18T13:06:48.126+0000] {dag.py:3036} INFO - Sync 1 DAGs
[2025-07-18T13:06:48.137+0000] {logging_mixin.py:188} INFO - [2025-07-18T13:06:48.137+0000] {dag.py:3823} INFO - Setting next_dagrun for example_short_circuit_decorator to 2025-07-17 00:00:00+00:00, run_after=2025-07-18 00:00:00+00:00
[2025-07-18T13:06:48.147+0000] {processor.py:183} INFO - Processing /home/airflow/.local/lib/python3.8/site-packages/airflow/example_dags/example_short_circuit_decorator.py took 0.040 seconds
[2025-07-18T13:07:19.065+0000] {processor.py:161} INFO - Started process (PID=1154) to work on /home/airflow/.local/lib/python3.8/site-packages/airflow/example_dags/example_short_circuit_decorator.py
[2025-07-18T13:07:19.065+0000] {processor.py:830} INFO - Processing file /home/airflow/.local/lib/python3.8/site-packages/airflow/example_dags/example_short_circuit_decorator.py for tasks to queue
[2025-07-18T13:07:19.066+0000] {logging_mixin.py:188} INFO - [2025-07-18T13:07:19.066+0000] {dagbag.py:538} INFO - Filling up the DagBag from /home/airflow/.local/lib/python3.8/site-packages/airflow/example_dags/example_short_circuit_decorator.py
[2025-07-18T13:07:19.069+0000] {processor.py:840} INFO - DAG(s) 'example_short_circuit_decorator' retrieved from /home/airflow/.local/lib/python3.8/site-packages/airflow/example_dags/example_short_circuit_decorator.py
[2025-07-18T13:07:19.079+0000] {logging_mixin.py:188} INFO - [2025-07-18T13:07:19.079+0000] {dag.py:3036} INFO - Sync 1 DAGs
[2025-07-18T13:07:19.089+0000] {logging_mixin.py:188} INFO - [2025-07-18T13:07:19.089+0000] {dag.py:3823} INFO - Setting next_dagrun for example_short_circuit_decorator to 2025-07-17 00:00:00+00:00, run_after=2025-07-18 00:00:00+00:00
[2025-07-18T13:07:19.099+0000] {processor.py:183} INFO - Processing /home/airflow/.local/lib/python3.8/site-packages/airflow/example_dags/example_short_circuit_decorator.py took 0.035 seconds
[2025-07-18T13:07:49.880+0000] {processor.py:161} INFO - Started process (PID=1227) to work on /home/airflow/.local/lib/python3.8/site-packages/airflow/example_dags/example_short_circuit_decorator.py
[2025-07-18T13:07:49.881+0000] {processor.py:830} INFO - Processing file /home/airflow/.local/lib/python3.8/site-packages/airflow/example_dags/example_short_circuit_decorator.py for tasks to queue
[2025-07-18T13:07:49.882+0000] {logging_mixin.py:188} INFO - [2025-07-18T13:07:49.882+0000] {dagbag.py:538} INFO - Filling up the DagBag from /home/airflow/.local/lib/python3.8/site-packages/airflow/example_dags/example_short_circuit_decorator.py
[2025-07-18T13:07:49.886+0000] {processor.py:840} INFO - DAG(s) 'example_short_circuit_decorator' retrieved from /home/airflow/.local/lib/python3.8/site-packages/airflow/example_dags/example_short_circuit_decorator.py
[2025-07-18T13:07:49.897+0000] {logging_mixin.py:188} INFO - [2025-07-18T13:07:49.897+0000] {dag.py:3036} INFO - Sync 1 DAGs
[2025-07-18T13:07:49.906+0000] {logging_mixin.py:188} INFO - [2025-07-18T13:07:49.906+0000] {dag.py:3823} INFO - Setting next_dagrun for example_short_circuit_decorator to 2025-07-17 00:00:00+00:00, run_after=2025-07-18 00:00:00+00:00
[2025-07-18T13:07:49.915+0000] {processor.py:183} INFO - Processing /home/airflow/.local/lib/python3.8/site-packages/airflow/example_dags/example_short_circuit_decorator.py took 0.037 seconds
[2025-07-18T13:08:20.605+0000] {processor.py:161} INFO - Started process (PID=1300) to work on /home/airflow/.local/lib/python3.8/site-packages/airflow/example_dags/example_short_circuit_decorator.py
[2025-07-18T13:08:20.605+0000] {processor.py:830} INFO - Processing file /home/airflow/.local/lib/python3.8/site-packages/airflow/example_dags/example_short_circuit_decorator.py for tasks to queue
[2025-07-18T13:08:20.606+0000] {logging_mixin.py:188} INFO - [2025-07-18T13:08:20.606+0000] {dagbag.py:538} INFO - Filling up the DagBag from /home/airflow/.local/lib/python3.8/site-packages/airflow/example_dags/example_short_circuit_decorator.py
[2025-07-18T13:08:20.609+0000] {processor.py:840} INFO - DAG(s) 'example_short_circuit_decorator' retrieved from /home/airflow/.local/lib/python3.8/site-packages/airflow/example_dags/example_short_circuit_decorator.py
[2025-07-18T13:08:20.619+0000] {logging_mixin.py:188} INFO - [2025-07-18T13:08:20.619+0000] {dag.py:3036} INFO - Sync 1 DAGs
[2025-07-18T13:08:20.629+0000] {logging_mixin.py:188} INFO - [2025-07-18T13:08:20.629+0000] {dag.py:3823} INFO - Setting next_dagrun for example_short_circuit_decorator to 2025-07-17 00:00:00+00:00, run_after=2025-07-18 00:00:00+00:00
[2025-07-18T13:08:20.639+0000] {processor.py:183} INFO - Processing /home/airflow/.local/lib/python3.8/site-packages/airflow/example_dags/example_short_circuit_decorator.py took 0.035 seconds
[2025-07-18T13:08:51.313+0000] {processor.py:161} INFO - Started process (PID=1373) to work on /home/airflow/.local/lib/python3.8/site-packages/airflow/example_dags/example_short_circuit_decorator.py
[2025-07-18T13:08:51.314+0000] {processor.py:830} INFO - Processing file /home/airflow/.local/lib/python3.8/site-packages/airflow/example_dags/example_short_circuit_decorator.py for tasks to queue
[2025-07-18T13:08:51.315+0000] {logging_mixin.py:188} INFO - [2025-07-18T13:08:51.315+0000] {dagbag.py:538} INFO - Filling up the DagBag from /home/airflow/.local/lib/python3.8/site-packages/airflow/example_dags/example_short_circuit_decorator.py
[2025-07-18T13:08:51.318+0000] {processor.py:840} INFO - DAG(s) 'example_short_circuit_decorator' retrieved from /home/airflow/.local/lib/python3.8/site-packages/airflow/example_dags/example_short_circuit_decorator.py
[2025-07-18T13:08:51.328+0000] {logging_mixin.py:188} INFO - [2025-07-18T13:08:51.327+0000] {dag.py:3036} INFO - Sync 1 DAGs
[2025-07-18T13:08:51.336+0000] {logging_mixin.py:188} INFO - [2025-07-18T13:08:51.336+0000] {dag.py:3823} INFO - Setting next_dagrun for example_short_circuit_decorator to 2025-07-17 00:00:00+00:00, run_after=2025-07-18 00:00:00+00:00
[2025-07-18T13:08:51.345+0000] {processor.py:183} INFO - Processing /home/airflow/.local/lib/python3.8/site-packages/airflow/example_dags/example_short_circuit_decorator.py took 0.034 seconds
[2025-07-18T13:09:21.894+0000] {processor.py:161} INFO - Started process (PID=1446) to work on /home/airflow/.local/lib/python3.8/site-packages/airflow/example_dags/example_short_circuit_decorator.py
[2025-07-18T13:09:21.895+0000] {processor.py:830} INFO - Processing file /home/airflow/.local/lib/python3.8/site-packages/airflow/example_dags/example_short_circuit_decorator.py for tasks to queue
[2025-07-18T13:09:21.896+0000] {logging_mixin.py:188} INFO - [2025-07-18T13:09:21.896+0000] {dagbag.py:538} INFO - Filling up the DagBag from /home/airflow/.local/lib/python3.8/site-packages/airflow/example_dags/example_short_circuit_decorator.py
[2025-07-18T13:09:21.900+0000] {processor.py:840} INFO - DAG(s) 'example_short_circuit_decorator' retrieved from /home/airflow/.local/lib/python3.8/site-packages/airflow/example_dags/example_short_circuit_decorator.py
[2025-07-18T13:09:21.909+0000] {logging_mixin.py:188} INFO - [2025-07-18T13:09:21.909+0000] {dag.py:3036} INFO - Sync 1 DAGs
[2025-07-18T13:09:21.919+0000] {logging_mixin.py:188} INFO - [2025-07-18T13:09:21.919+0000] {dag.py:3823} INFO - Setting next_dagrun for example_short_circuit_decorator to 2025-07-17 00:00:00+00:00, run_after=2025-07-18 00:00:00+00:00
[2025-07-18T13:09:21.928+0000] {processor.py:183} INFO - Processing /home/airflow/.local/lib/python3.8/site-packages/airflow/example_dags/example_short_circuit_decorator.py took 0.036 seconds
[2025-07-18T13:09:52.467+0000] {processor.py:161} INFO - Started process (PID=1519) to work on /home/airflow/.local/lib/python3.8/site-packages/airflow/example_dags/example_short_circuit_decorator.py
[2025-07-18T13:09:52.469+0000] {processor.py:830} INFO - Processing file /home/airflow/.local/lib/python3.8/site-packages/airflow/example_dags/example_short_circuit_decorator.py for tasks to queue
[2025-07-18T13:09:52.469+0000] {logging_mixin.py:188} INFO - [2025-07-18T13:09:52.469+0000] {dagbag.py:538} INFO - Filling up the DagBag from /home/airflow/.local/lib/python3.8/site-packages/airflow/example_dags/example_short_circuit_decorator.py
[2025-07-18T13:09:52.474+0000] {processor.py:840} INFO - DAG(s) 'example_short_circuit_decorator' retrieved from /home/airflow/.local/lib/python3.8/site-packages/airflow/example_dags/example_short_circuit_decorator.py
[2025-07-18T13:09:52.482+0000] {logging_mixin.py:188} INFO - [2025-07-18T13:09:52.482+0000] {dag.py:3036} INFO - Sync 1 DAGs
[2025-07-18T13:09:52.491+0000] {logging_mixin.py:188} INFO - [2025-07-18T13:09:52.490+0000] {dag.py:3823} INFO - Setting next_dagrun for example_short_circuit_decorator to 2025-07-17 00:00:00+00:00, run_after=2025-07-18 00:00:00+00:00
[2025-07-18T13:09:52.498+0000] {processor.py:183} INFO - Processing /home/airflow/.local/lib/python3.8/site-packages/airflow/example_dags/example_short_circuit_decorator.py took 0.032 seconds
[2025-07-18T13:10:23.230+0000] {processor.py:161} INFO - Started process (PID=1592) to work on /home/airflow/.local/lib/python3.8/site-packages/airflow/example_dags/example_short_circuit_decorator.py
[2025-07-18T13:10:23.231+0000] {processor.py:830} INFO - Processing file /home/airflow/.local/lib/python3.8/site-packages/airflow/example_dags/example_short_circuit_decorator.py for tasks to queue
[2025-07-18T13:10:23.231+0000] {logging_mixin.py:188} INFO - [2025-07-18T13:10:23.231+0000] {dagbag.py:538} INFO - Filling up the DagBag from /home/airflow/.local/lib/python3.8/site-packages/airflow/example_dags/example_short_circuit_decorator.py
[2025-07-18T13:10:23.235+0000] {processor.py:840} INFO - DAG(s) 'example_short_circuit_decorator' retrieved from /home/airflow/.local/lib/python3.8/site-packages/airflow/example_dags/example_short_circuit_decorator.py
[2025-07-18T13:10:23.245+0000] {logging_mixin.py:188} INFO - [2025-07-18T13:10:23.245+0000] {dag.py:3036} INFO - Sync 1 DAGs
[2025-07-18T13:10:23.252+0000] {logging_mixin.py:188} INFO - [2025-07-18T13:10:23.252+0000] {dag.py:3823} INFO - Setting next_dagrun for example_short_circuit_decorator to 2025-07-17 00:00:00+00:00, run_after=2025-07-18 00:00:00+00:00
[2025-07-18T13:10:23.260+0000] {processor.py:183} INFO - Processing /home/airflow/.local/lib/python3.8/site-packages/airflow/example_dags/example_short_circuit_decorator.py took 0.031 seconds
[2025-07-18T13:10:53.938+0000] {processor.py:161} INFO - Started process (PID=1665) to work on /home/airflow/.local/lib/python3.8/site-packages/airflow/example_dags/example_short_circuit_decorator.py
[2025-07-18T13:10:53.938+0000] {processor.py:830} INFO - Processing file /home/airflow/.local/lib/python3.8/site-packages/airflow/example_dags/example_short_circuit_decorator.py for tasks to queue
[2025-07-18T13:10:53.939+0000] {logging_mixin.py:188} INFO - [2025-07-18T13:10:53.939+0000] {dagbag.py:538} INFO - Filling up the DagBag from /home/airflow/.local/lib/python3.8/site-packages/airflow/example_dags/example_short_circuit_decorator.py
[2025-07-18T13:10:53.942+0000] {processor.py:840} INFO - DAG(s) 'example_short_circuit_decorator' retrieved from /home/airflow/.local/lib/python3.8/site-packages/airflow/example_dags/example_short_circuit_decorator.py
[2025-07-18T13:10:53.956+0000] {logging_mixin.py:188} INFO - [2025-07-18T13:10:53.956+0000] {dag.py:3036} INFO - Sync 1 DAGs
[2025-07-18T13:10:53.963+0000] {logging_mixin.py:188} INFO - [2025-07-18T13:10:53.963+0000] {dag.py:3823} INFO - Setting next_dagrun for example_short_circuit_decorator to 2025-07-17 00:00:00+00:00, run_after=2025-07-18 00:00:00+00:00
[2025-07-18T13:10:53.972+0000] {processor.py:183} INFO - Processing /home/airflow/.local/lib/python3.8/site-packages/airflow/example_dags/example_short_circuit_decorator.py took 0.036 seconds
[2025-07-18T13:11:24.738+0000] {processor.py:161} INFO - Started process (PID=1738) to work on /home/airflow/.local/lib/python3.8/site-packages/airflow/example_dags/example_short_circuit_decorator.py
[2025-07-18T13:11:24.739+0000] {processor.py:830} INFO - Processing file /home/airflow/.local/lib/python3.8/site-packages/airflow/example_dags/example_short_circuit_decorator.py for tasks to queue
[2025-07-18T13:11:24.739+0000] {logging_mixin.py:188} INFO - [2025-07-18T13:11:24.739+0000] {dagbag.py:538} INFO - Filling up the DagBag from /home/airflow/.local/lib/python3.8/site-packages/airflow/example_dags/example_short_circuit_decorator.py
[2025-07-18T13:11:24.743+0000] {processor.py:840} INFO - DAG(s) 'example_short_circuit_decorator' retrieved from /home/airflow/.local/lib/python3.8/site-packages/airflow/example_dags/example_short_circuit_decorator.py
[2025-07-18T13:11:24.756+0000] {logging_mixin.py:188} INFO - [2025-07-18T13:11:24.755+0000] {dag.py:3036} INFO - Sync 1 DAGs
[2025-07-18T13:11:24.764+0000] {logging_mixin.py:188} INFO - [2025-07-18T13:11:24.764+0000] {dag.py:3823} INFO - Setting next_dagrun for example_short_circuit_decorator to 2025-07-17 00:00:00+00:00, run_after=2025-07-18 00:00:00+00:00
[2025-07-18T13:11:24.772+0000] {processor.py:183} INFO - Processing /home/airflow/.local/lib/python3.8/site-packages/airflow/example_dags/example_short_circuit_decorator.py took 0.036 seconds
[2025-07-18T13:11:55.676+0000] {processor.py:161} INFO - Started process (PID=1811) to work on /home/airflow/.local/lib/python3.8/site-packages/airflow/example_dags/example_short_circuit_decorator.py
[2025-07-18T13:11:55.676+0000] {processor.py:830} INFO - Processing file /home/airflow/.local/lib/python3.8/site-packages/airflow/example_dags/example_short_circuit_decorator.py for tasks to queue
[2025-07-18T13:11:55.677+0000] {logging_mixin.py:188} INFO - [2025-07-18T13:11:55.677+0000] {dagbag.py:538} INFO - Filling up the DagBag from /home/airflow/.local/lib/python3.8/site-packages/airflow/example_dags/example_short_circuit_decorator.py
[2025-07-18T13:11:55.680+0000] {processor.py:840} INFO - DAG(s) 'example_short_circuit_decorator' retrieved from /home/airflow/.local/lib/python3.8/site-packages/airflow/example_dags/example_short_circuit_decorator.py
[2025-07-18T13:11:55.689+0000] {logging_mixin.py:188} INFO - [2025-07-18T13:11:55.689+0000] {dag.py:3036} INFO - Sync 1 DAGs
[2025-07-18T13:11:55.697+0000] {logging_mixin.py:188} INFO - [2025-07-18T13:11:55.696+0000] {dag.py:3823} INFO - Setting next_dagrun for example_short_circuit_decorator to 2025-07-17 00:00:00+00:00, run_after=2025-07-18 00:00:00+00:00
[2025-07-18T13:11:55.709+0000] {processor.py:183} INFO - Processing /home/airflow/.local/lib/python3.8/site-packages/airflow/example_dags/example_short_circuit_decorator.py took 0.034 seconds
[2025-07-18T13:12:26.900+0000] {processor.py:161} INFO - Started process (PID=1883) to work on /home/airflow/.local/lib/python3.8/site-packages/airflow/example_dags/example_short_circuit_decorator.py
[2025-07-18T13:12:26.901+0000] {processor.py:830} INFO - Processing file /home/airflow/.local/lib/python3.8/site-packages/airflow/example_dags/example_short_circuit_decorator.py for tasks to queue
[2025-07-18T13:12:26.902+0000] {logging_mixin.py:188} INFO - [2025-07-18T13:12:26.902+0000] {dagbag.py:538} INFO - Filling up the DagBag from /home/airflow/.local/lib/python3.8/site-packages/airflow/example_dags/example_short_circuit_decorator.py
[2025-07-18T13:12:26.906+0000] {processor.py:840} INFO - DAG(s) 'example_short_circuit_decorator' retrieved from /home/airflow/.local/lib/python3.8/site-packages/airflow/example_dags/example_short_circuit_decorator.py
[2025-07-18T13:12:26.915+0000] {logging_mixin.py:188} INFO - [2025-07-18T13:12:26.915+0000] {dag.py:3036} INFO - Sync 1 DAGs
[2025-07-18T13:12:26.925+0000] {logging_mixin.py:188} INFO - [2025-07-18T13:12:26.925+0000] {dag.py:3823} INFO - Setting next_dagrun for example_short_circuit_decorator to 2025-07-17 00:00:00+00:00, run_after=2025-07-18 00:00:00+00:00
[2025-07-18T13:12:26.934+0000] {processor.py:183} INFO - Processing /home/airflow/.local/lib/python3.8/site-packages/airflow/example_dags/example_short_circuit_decorator.py took 0.036 seconds
[2025-07-18T13:12:57.429+0000] {processor.py:161} INFO - Started process (PID=1956) to work on /home/airflow/.local/lib/python3.8/site-packages/airflow/example_dags/example_short_circuit_decorator.py
[2025-07-18T13:12:57.430+0000] {processor.py:830} INFO - Processing file /home/airflow/.local/lib/python3.8/site-packages/airflow/example_dags/example_short_circuit_decorator.py for tasks to queue
[2025-07-18T13:12:57.431+0000] {logging_mixin.py:188} INFO - [2025-07-18T13:12:57.431+0000] {dagbag.py:538} INFO - Filling up the DagBag from /home/airflow/.local/lib/python3.8/site-packages/airflow/example_dags/example_short_circuit_decorator.py
[2025-07-18T13:12:57.435+0000] {processor.py:840} INFO - DAG(s) 'example_short_circuit_decorator' retrieved from /home/airflow/.local/lib/python3.8/site-packages/airflow/example_dags/example_short_circuit_decorator.py
[2025-07-18T13:12:57.449+0000] {logging_mixin.py:188} INFO - [2025-07-18T13:12:57.449+0000] {dag.py:3036} INFO - Sync 1 DAGs
[2025-07-18T13:12:57.459+0000] {logging_mixin.py:188} INFO - [2025-07-18T13:12:57.459+0000] {dag.py:3823} INFO - Setting next_dagrun for example_short_circuit_decorator to 2025-07-17 00:00:00+00:00, run_after=2025-07-18 00:00:00+00:00
[2025-07-18T13:12:57.468+0000] {processor.py:183} INFO - Processing /home/airflow/.local/lib/python3.8/site-packages/airflow/example_dags/example_short_circuit_decorator.py took 0.040 seconds
[2025-07-18T13:13:27.955+0000] {processor.py:161} INFO - Started process (PID=2029) to work on /home/airflow/.local/lib/python3.8/site-packages/airflow/example_dags/example_short_circuit_decorator.py
[2025-07-18T13:13:27.956+0000] {processor.py:830} INFO - Processing file /home/airflow/.local/lib/python3.8/site-packages/airflow/example_dags/example_short_circuit_decorator.py for tasks to queue
[2025-07-18T13:13:27.956+0000] {logging_mixin.py:188} INFO - [2025-07-18T13:13:27.956+0000] {dagbag.py:538} INFO - Filling up the DagBag from /home/airflow/.local/lib/python3.8/site-packages/airflow/example_dags/example_short_circuit_decorator.py
[2025-07-18T13:13:27.960+0000] {processor.py:840} INFO - DAG(s) 'example_short_circuit_decorator' retrieved from /home/airflow/.local/lib/python3.8/site-packages/airflow/example_dags/example_short_circuit_decorator.py
[2025-07-18T13:13:27.968+0000] {logging_mixin.py:188} INFO - [2025-07-18T13:13:27.968+0000] {dag.py:3036} INFO - Sync 1 DAGs
[2025-07-18T13:13:27.975+0000] {logging_mixin.py:188} INFO - [2025-07-18T13:13:27.974+0000] {dag.py:3823} INFO - Setting next_dagrun for example_short_circuit_decorator to 2025-07-17 00:00:00+00:00, run_after=2025-07-18 00:00:00+00:00
[2025-07-18T13:13:27.983+0000] {processor.py:183} INFO - Processing /home/airflow/.local/lib/python3.8/site-packages/airflow/example_dags/example_short_circuit_decorator.py took 0.029 seconds
[2025-07-18T13:13:58.610+0000] {processor.py:161} INFO - Started process (PID=2102) to work on /home/airflow/.local/lib/python3.8/site-packages/airflow/example_dags/example_short_circuit_decorator.py
[2025-07-18T13:13:58.611+0000] {processor.py:830} INFO - Processing file /home/airflow/.local/lib/python3.8/site-packages/airflow/example_dags/example_short_circuit_decorator.py for tasks to queue
[2025-07-18T13:13:58.612+0000] {logging_mixin.py:188} INFO - [2025-07-18T13:13:58.611+0000] {dagbag.py:538} INFO - Filling up the DagBag from /home/airflow/.local/lib/python3.8/site-packages/airflow/example_dags/example_short_circuit_decorator.py
[2025-07-18T13:13:58.615+0000] {processor.py:840} INFO - DAG(s) 'example_short_circuit_decorator' retrieved from /home/airflow/.local/lib/python3.8/site-packages/airflow/example_dags/example_short_circuit_decorator.py
[2025-07-18T13:13:58.626+0000] {logging_mixin.py:188} INFO - [2025-07-18T13:13:58.626+0000] {dag.py:3036} INFO - Sync 1 DAGs
[2025-07-18T13:13:58.633+0000] {logging_mixin.py:188} INFO - [2025-07-18T13:13:58.633+0000] {dag.py:3823} INFO - Setting next_dagrun for example_short_circuit_decorator to 2025-07-17 00:00:00+00:00, run_after=2025-07-18 00:00:00+00:00
[2025-07-18T13:13:58.644+0000] {processor.py:183} INFO - Processing /home/airflow/.local/lib/python3.8/site-packages/airflow/example_dags/example_short_circuit_decorator.py took 0.035 seconds
[2025-07-18T13:14:29.251+0000] {processor.py:161} INFO - Started process (PID=2175) to work on /home/airflow/.local/lib/python3.8/site-packages/airflow/example_dags/example_short_circuit_decorator.py
[2025-07-18T13:14:29.251+0000] {processor.py:830} INFO - Processing file /home/airflow/.local/lib/python3.8/site-packages/airflow/example_dags/example_short_circuit_decorator.py for tasks to queue
[2025-07-18T13:14:29.252+0000] {logging_mixin.py:188} INFO - [2025-07-18T13:14:29.252+0000] {dagbag.py:538} INFO - Filling up the DagBag from /home/airflow/.local/lib/python3.8/site-packages/airflow/example_dags/example_short_circuit_decorator.py
[2025-07-18T13:14:29.255+0000] {processor.py:840} INFO - DAG(s) 'example_short_circuit_decorator' retrieved from /home/airflow/.local/lib/python3.8/site-packages/airflow/example_dags/example_short_circuit_decorator.py
[2025-07-18T13:14:29.265+0000] {logging_mixin.py:188} INFO - [2025-07-18T13:14:29.265+0000] {dag.py:3036} INFO - Sync 1 DAGs
[2025-07-18T13:14:29.274+0000] {logging_mixin.py:188} INFO - [2025-07-18T13:14:29.274+0000] {dag.py:3823} INFO - Setting next_dagrun for example_short_circuit_decorator to 2025-07-17 00:00:00+00:00, run_after=2025-07-18 00:00:00+00:00
[2025-07-18T13:14:29.283+0000] {processor.py:183} INFO - Processing /home/airflow/.local/lib/python3.8/site-packages/airflow/example_dags/example_short_circuit_decorator.py took 0.033 seconds
[2025-07-18T13:14:59.875+0000] {processor.py:161} INFO - Started process (PID=2248) to work on /home/airflow/.local/lib/python3.8/site-packages/airflow/example_dags/example_short_circuit_decorator.py
[2025-07-18T13:14:59.876+0000] {processor.py:830} INFO - Processing file /home/airflow/.local/lib/python3.8/site-packages/airflow/example_dags/example_short_circuit_decorator.py for tasks to queue
[2025-07-18T13:14:59.876+0000] {logging_mixin.py:188} INFO - [2025-07-18T13:14:59.876+0000] {dagbag.py:538} INFO - Filling up the DagBag from /home/airflow/.local/lib/python3.8/site-packages/airflow/example_dags/example_short_circuit_decorator.py
[2025-07-18T13:14:59.880+0000] {processor.py:840} INFO - DAG(s) 'example_short_circuit_decorator' retrieved from /home/airflow/.local/lib/python3.8/site-packages/airflow/example_dags/example_short_circuit_decorator.py
[2025-07-18T13:14:59.890+0000] {logging_mixin.py:188} INFO - [2025-07-18T13:14:59.890+0000] {dag.py:3036} INFO - Sync 1 DAGs
[2025-07-18T13:14:59.898+0000] {logging_mixin.py:188} INFO - [2025-07-18T13:14:59.898+0000] {dag.py:3823} INFO - Setting next_dagrun for example_short_circuit_decorator to 2025-07-17 00:00:00+00:00, run_after=2025-07-18 00:00:00+00:00
[2025-07-18T13:14:59.907+0000] {processor.py:183} INFO - Processing /home/airflow/.local/lib/python3.8/site-packages/airflow/example_dags/example_short_circuit_decorator.py took 0.033 seconds
[2025-07-18T13:15:30.476+0000] {processor.py:161} INFO - Started process (PID=2321) to work on /home/airflow/.local/lib/python3.8/site-packages/airflow/example_dags/example_short_circuit_decorator.py
[2025-07-18T13:15:30.478+0000] {processor.py:830} INFO - Processing file /home/airflow/.local/lib/python3.8/site-packages/airflow/example_dags/example_short_circuit_decorator.py for tasks to queue
[2025-07-18T13:15:30.479+0000] {logging_mixin.py:188} INFO - [2025-07-18T13:15:30.479+0000] {dagbag.py:538} INFO - Filling up the DagBag from /home/airflow/.local/lib/python3.8/site-packages/airflow/example_dags/example_short_circuit_decorator.py
[2025-07-18T13:15:30.484+0000] {processor.py:840} INFO - DAG(s) 'example_short_circuit_decorator' retrieved from /home/airflow/.local/lib/python3.8/site-packages/airflow/example_dags/example_short_circuit_decorator.py
[2025-07-18T13:15:30.493+0000] {logging_mixin.py:188} INFO - [2025-07-18T13:15:30.493+0000] {dag.py:3036} INFO - Sync 1 DAGs
[2025-07-18T13:15:30.502+0000] {logging_mixin.py:188} INFO - [2025-07-18T13:15:30.502+0000] {dag.py:3823} INFO - Setting next_dagrun for example_short_circuit_decorator to 2025-07-17 00:00:00+00:00, run_after=2025-07-18 00:00:00+00:00
[2025-07-18T13:15:30.508+0000] {processor.py:183} INFO - Processing /home/airflow/.local/lib/python3.8/site-packages/airflow/example_dags/example_short_circuit_decorator.py took 0.034 seconds
[2025-07-18T13:16:01.072+0000] {processor.py:161} INFO - Started process (PID=2394) to work on /home/airflow/.local/lib/python3.8/site-packages/airflow/example_dags/example_short_circuit_decorator.py
[2025-07-18T13:16:01.073+0000] {processor.py:830} INFO - Processing file /home/airflow/.local/lib/python3.8/site-packages/airflow/example_dags/example_short_circuit_decorator.py for tasks to queue
[2025-07-18T13:16:01.073+0000] {logging_mixin.py:188} INFO - [2025-07-18T13:16:01.073+0000] {dagbag.py:538} INFO - Filling up the DagBag from /home/airflow/.local/lib/python3.8/site-packages/airflow/example_dags/example_short_circuit_decorator.py
[2025-07-18T13:16:01.077+0000] {processor.py:840} INFO - DAG(s) 'example_short_circuit_decorator' retrieved from /home/airflow/.local/lib/python3.8/site-packages/airflow/example_dags/example_short_circuit_decorator.py
[2025-07-18T13:16:01.087+0000] {logging_mixin.py:188} INFO - [2025-07-18T13:16:01.087+0000] {dag.py:3036} INFO - Sync 1 DAGs
[2025-07-18T13:16:01.094+0000] {logging_mixin.py:188} INFO - [2025-07-18T13:16:01.094+0000] {dag.py:3823} INFO - Setting next_dagrun for example_short_circuit_decorator to 2025-07-17 00:00:00+00:00, run_after=2025-07-18 00:00:00+00:00
[2025-07-18T13:16:01.103+0000] {processor.py:183} INFO - Processing /home/airflow/.local/lib/python3.8/site-packages/airflow/example_dags/example_short_circuit_decorator.py took 0.032 seconds
[2025-07-18T13:16:31.718+0000] {processor.py:161} INFO - Started process (PID=2467) to work on /home/airflow/.local/lib/python3.8/site-packages/airflow/example_dags/example_short_circuit_decorator.py
[2025-07-18T13:16:31.718+0000] {processor.py:830} INFO - Processing file /home/airflow/.local/lib/python3.8/site-packages/airflow/example_dags/example_short_circuit_decorator.py for tasks to queue
[2025-07-18T13:16:31.719+0000] {logging_mixin.py:188} INFO - [2025-07-18T13:16:31.719+0000] {dagbag.py:538} INFO - Filling up the DagBag from /home/airflow/.local/lib/python3.8/site-packages/airflow/example_dags/example_short_circuit_decorator.py
[2025-07-18T13:16:31.722+0000] {processor.py:840} INFO - DAG(s) 'example_short_circuit_decorator' retrieved from /home/airflow/.local/lib/python3.8/site-packages/airflow/example_dags/example_short_circuit_decorator.py
[2025-07-18T13:16:31.732+0000] {logging_mixin.py:188} INFO - [2025-07-18T13:16:31.732+0000] {dag.py:3036} INFO - Sync 1 DAGs
[2025-07-18T13:16:31.741+0000] {logging_mixin.py:188} INFO - [2025-07-18T13:16:31.741+0000] {dag.py:3823} INFO - Setting next_dagrun for example_short_circuit_decorator to 2025-07-17 00:00:00+00:00, run_after=2025-07-18 00:00:00+00:00
[2025-07-18T13:16:31.749+0000] {processor.py:183} INFO - Processing /home/airflow/.local/lib/python3.8/site-packages/airflow/example_dags/example_short_circuit_decorator.py took 0.032 seconds
[2025-07-18T13:17:02.290+0000] {processor.py:161} INFO - Started process (PID=2540) to work on /home/airflow/.local/lib/python3.8/site-packages/airflow/example_dags/example_short_circuit_decorator.py
[2025-07-18T13:17:02.292+0000] {processor.py:830} INFO - Processing file /home/airflow/.local/lib/python3.8/site-packages/airflow/example_dags/example_short_circuit_decorator.py for tasks to queue
[2025-07-18T13:17:02.293+0000] {logging_mixin.py:188} INFO - [2025-07-18T13:17:02.293+0000] {dagbag.py:538} INFO - Filling up the DagBag from /home/airflow/.local/lib/python3.8/site-packages/airflow/example_dags/example_short_circuit_decorator.py
[2025-07-18T13:17:02.297+0000] {processor.py:840} INFO - DAG(s) 'example_short_circuit_decorator' retrieved from /home/airflow/.local/lib/python3.8/site-packages/airflow/example_dags/example_short_circuit_decorator.py
[2025-07-18T13:17:02.307+0000] {logging_mixin.py:188} INFO - [2025-07-18T13:17:02.307+0000] {dag.py:3036} INFO - Sync 1 DAGs
[2025-07-18T13:17:02.314+0000] {logging_mixin.py:188} INFO - [2025-07-18T13:17:02.314+0000] {dag.py:3823} INFO - Setting next_dagrun for example_short_circuit_decorator to 2025-07-17 00:00:00+00:00, run_after=2025-07-18 00:00:00+00:00
[2025-07-18T13:17:02.321+0000] {processor.py:183} INFO - Processing /home/airflow/.local/lib/python3.8/site-packages/airflow/example_dags/example_short_circuit_decorator.py took 0.032 seconds
[2025-07-18T13:17:32.857+0000] {processor.py:161} INFO - Started process (PID=2613) to work on /home/airflow/.local/lib/python3.8/site-packages/airflow/example_dags/example_short_circuit_decorator.py
[2025-07-18T13:17:32.857+0000] {processor.py:830} INFO - Processing file /home/airflow/.local/lib/python3.8/site-packages/airflow/example_dags/example_short_circuit_decorator.py for tasks to queue
[2025-07-18T13:17:32.858+0000] {logging_mixin.py:188} INFO - [2025-07-18T13:17:32.858+0000] {dagbag.py:538} INFO - Filling up the DagBag from /home/airflow/.local/lib/python3.8/site-packages/airflow/example_dags/example_short_circuit_decorator.py
[2025-07-18T13:17:32.861+0000] {processor.py:840} INFO - DAG(s) 'example_short_circuit_decorator' retrieved from /home/airflow/.local/lib/python3.8/site-packages/airflow/example_dags/example_short_circuit_decorator.py
[2025-07-18T13:17:32.871+0000] {logging_mixin.py:188} INFO - [2025-07-18T13:17:32.871+0000] {dag.py:3036} INFO - Sync 1 DAGs
[2025-07-18T13:17:32.878+0000] {logging_mixin.py:188} INFO - [2025-07-18T13:17:32.878+0000] {dag.py:3823} INFO - Setting next_dagrun for example_short_circuit_decorator to 2025-07-17 00:00:00+00:00, run_after=2025-07-18 00:00:00+00:00
[2025-07-18T13:17:32.887+0000] {processor.py:183} INFO - Processing /home/airflow/.local/lib/python3.8/site-packages/airflow/example_dags/example_short_circuit_decorator.py took 0.032 seconds
[2025-07-18T13:19:04.843+0000] {processor.py:161} INFO - Started process (PID=2820) to work on /home/airflow/.local/lib/python3.8/site-packages/airflow/example_dags/example_short_circuit_decorator.py
[2025-07-18T13:19:04.843+0000] {processor.py:830} INFO - Processing file /home/airflow/.local/lib/python3.8/site-packages/airflow/example_dags/example_short_circuit_decorator.py for tasks to queue
[2025-07-18T13:19:04.844+0000] {logging_mixin.py:188} INFO - [2025-07-18T13:19:04.844+0000] {dagbag.py:538} INFO - Filling up the DagBag from /home/airflow/.local/lib/python3.8/site-packages/airflow/example_dags/example_short_circuit_decorator.py
[2025-07-18T13:19:04.847+0000] {processor.py:840} INFO - DAG(s) 'example_short_circuit_decorator' retrieved from /home/airflow/.local/lib/python3.8/site-packages/airflow/example_dags/example_short_circuit_decorator.py
[2025-07-18T13:19:04.855+0000] {logging_mixin.py:188} INFO - [2025-07-18T13:19:04.855+0000] {dag.py:3036} INFO - Sync 1 DAGs
[2025-07-18T13:19:04.863+0000] {logging_mixin.py:188} INFO - [2025-07-18T13:19:04.863+0000] {dag.py:3823} INFO - Setting next_dagrun for example_short_circuit_decorator to 2025-07-17 00:00:00+00:00, run_after=2025-07-18 00:00:00+00:00
[2025-07-18T13:19:04.871+0000] {processor.py:183} INFO - Processing /home/airflow/.local/lib/python3.8/site-packages/airflow/example_dags/example_short_circuit_decorator.py took 0.030 seconds
