[2025-07-18T12:59:37.746+0000] {processor.py:161} INFO - Started process (PID=54) to work on /home/airflow/.local/lib/python3.8/site-packages/airflow/example_dags/example_bash_operator.py
[2025-07-18T12:59:37.746+0000] {processor.py:830} INFO - Processing file /home/airflow/.local/lib/python3.8/site-packages/airflow/example_dags/example_bash_operator.py for tasks to queue
[2025-07-18T12:59:37.748+0000] {logging_mixin.py:188} INFO - [2025-07-18T12:59:37.748+0000] {dagbag.py:538} INFO - Filling up the DagBag from /home/airflow/.local/lib/python3.8/site-packages/airflow/example_dags/example_bash_operator.py
[2025-07-18T12:59:37.756+0000] {processor.py:840} INFO - DAG(s) 'example_bash_operator' retrieved from /home/airflow/.local/lib/python3.8/site-packages/airflow/example_dags/example_bash_operator.py
[2025-07-18T12:59:37.776+0000] {logging_mixin.py:188} INFO - [2025-07-18T12:59:37.776+0000] {dag.py:3036} INFO - Sync 1 DAGs
[2025-07-18T12:59:37.789+0000] {logging_mixin.py:188} INFO - [2025-07-18T12:59:37.788+0000] {dag.py:3823} INFO - Setting next_dagrun for example_bash_operator to 2025-07-17 00:00:00+00:00, run_after=2025-07-18 00:00:00+00:00
[2025-07-18T12:59:37.798+0000] {processor.py:183} INFO - Processing /home/airflow/.local/lib/python3.8/site-packages/airflow/example_dags/example_bash_operator.py took 0.054 seconds
[2025-07-18T13:00:08.206+0000] {processor.py:161} INFO - Started process (PID=125) to work on /home/airflow/.local/lib/python3.8/site-packages/airflow/example_dags/example_bash_operator.py
[2025-07-18T13:00:08.206+0000] {processor.py:830} INFO - Processing file /home/airflow/.local/lib/python3.8/site-packages/airflow/example_dags/example_bash_operator.py for tasks to queue
[2025-07-18T13:00:08.207+0000] {logging_mixin.py:188} INFO - [2025-07-18T13:00:08.207+0000] {dagbag.py:538} INFO - Filling up the DagBag from /home/airflow/.local/lib/python3.8/site-packages/airflow/example_dags/example_bash_operator.py
[2025-07-18T13:00:08.212+0000] {processor.py:840} INFO - DAG(s) 'example_bash_operator' retrieved from /home/airflow/.local/lib/python3.8/site-packages/airflow/example_dags/example_bash_operator.py
[2025-07-18T13:00:08.223+0000] {logging_mixin.py:188} INFO - [2025-07-18T13:00:08.223+0000] {dag.py:3036} INFO - Sync 1 DAGs
[2025-07-18T13:00:08.232+0000] {logging_mixin.py:188} INFO - [2025-07-18T13:00:08.232+0000] {dag.py:3823} INFO - Setting next_dagrun for example_bash_operator to 2025-07-17 00:00:00+00:00, run_after=2025-07-18 00:00:00+00:00
[2025-07-18T13:00:08.240+0000] {processor.py:183} INFO - Processing /home/airflow/.local/lib/python3.8/site-packages/airflow/example_dags/example_bash_operator.py took 0.036 seconds
[2025-07-18T13:00:38.474+0000] {processor.py:161} INFO - Started process (PID=197) to work on /home/airflow/.local/lib/python3.8/site-packages/airflow/example_dags/example_bash_operator.py
[2025-07-18T13:00:38.474+0000] {processor.py:830} INFO - Processing file /home/airflow/.local/lib/python3.8/site-packages/airflow/example_dags/example_bash_operator.py for tasks to queue
[2025-07-18T13:00:38.475+0000] {logging_mixin.py:188} INFO - [2025-07-18T13:00:38.474+0000] {dagbag.py:538} INFO - Filling up the DagBag from /home/airflow/.local/lib/python3.8/site-packages/airflow/example_dags/example_bash_operator.py
[2025-07-18T13:00:38.479+0000] {processor.py:840} INFO - DAG(s) 'example_bash_operator' retrieved from /home/airflow/.local/lib/python3.8/site-packages/airflow/example_dags/example_bash_operator.py
[2025-07-18T13:00:38.489+0000] {logging_mixin.py:188} INFO - [2025-07-18T13:00:38.489+0000] {dag.py:3036} INFO - Sync 1 DAGs
[2025-07-18T13:00:38.497+0000] {logging_mixin.py:188} INFO - [2025-07-18T13:00:38.497+0000] {dag.py:3823} INFO - Setting next_dagrun for example_bash_operator to 2025-07-17 00:00:00+00:00, run_after=2025-07-18 00:00:00+00:00
[2025-07-18T13:00:38.503+0000] {processor.py:183} INFO - Processing /home/airflow/.local/lib/python3.8/site-packages/airflow/example_dags/example_bash_operator.py took 0.030 seconds
[2025-07-18T13:01:08.593+0000] {processor.py:161} INFO - Started process (PID=267) to work on /home/airflow/.local/lib/python3.8/site-packages/airflow/example_dags/example_bash_operator.py
[2025-07-18T13:01:08.594+0000] {processor.py:830} INFO - Processing file /home/airflow/.local/lib/python3.8/site-packages/airflow/example_dags/example_bash_operator.py for tasks to queue
[2025-07-18T13:01:08.594+0000] {logging_mixin.py:188} INFO - [2025-07-18T13:01:08.594+0000] {dagbag.py:538} INFO - Filling up the DagBag from /home/airflow/.local/lib/python3.8/site-packages/airflow/example_dags/example_bash_operator.py
[2025-07-18T13:01:08.599+0000] {processor.py:840} INFO - DAG(s) 'example_bash_operator' retrieved from /home/airflow/.local/lib/python3.8/site-packages/airflow/example_dags/example_bash_operator.py
[2025-07-18T13:01:08.610+0000] {logging_mixin.py:188} INFO - [2025-07-18T13:01:08.610+0000] {dag.py:3036} INFO - Sync 1 DAGs
[2025-07-18T13:01:08.620+0000] {logging_mixin.py:188} INFO - [2025-07-18T13:01:08.620+0000] {dag.py:3823} INFO - Setting next_dagrun for example_bash_operator to 2025-07-17 00:00:00+00:00, run_after=2025-07-18 00:00:00+00:00
[2025-07-18T13:01:08.626+0000] {processor.py:183} INFO - Processing /home/airflow/.local/lib/python3.8/site-packages/airflow/example_dags/example_bash_operator.py took 0.034 seconds
[2025-07-18T13:01:39.407+0000] {processor.py:161} INFO - Started process (PID=344) to work on /home/airflow/.local/lib/python3.8/site-packages/airflow/example_dags/example_bash_operator.py
[2025-07-18T13:01:39.407+0000] {processor.py:830} INFO - Processing file /home/airflow/.local/lib/python3.8/site-packages/airflow/example_dags/example_bash_operator.py for tasks to queue
[2025-07-18T13:01:39.408+0000] {logging_mixin.py:188} INFO - [2025-07-18T13:01:39.408+0000] {dagbag.py:538} INFO - Filling up the DagBag from /home/airflow/.local/lib/python3.8/site-packages/airflow/example_dags/example_bash_operator.py
[2025-07-18T13:01:39.412+0000] {processor.py:840} INFO - DAG(s) 'example_bash_operator' retrieved from /home/airflow/.local/lib/python3.8/site-packages/airflow/example_dags/example_bash_operator.py
[2025-07-18T13:01:39.423+0000] {logging_mixin.py:188} INFO - [2025-07-18T13:01:39.422+0000] {dag.py:3036} INFO - Sync 1 DAGs
[2025-07-18T13:01:39.430+0000] {logging_mixin.py:188} INFO - [2025-07-18T13:01:39.430+0000] {dag.py:3823} INFO - Setting next_dagrun for example_bash_operator to 2025-07-17 00:00:00+00:00, run_after=2025-07-18 00:00:00+00:00
[2025-07-18T13:01:39.436+0000] {processor.py:183} INFO - Processing /home/airflow/.local/lib/python3.8/site-packages/airflow/example_dags/example_bash_operator.py took 0.031 seconds
[2025-07-18T13:02:10.201+0000] {processor.py:161} INFO - Started process (PID=417) to work on /home/airflow/.local/lib/python3.8/site-packages/airflow/example_dags/example_bash_operator.py
[2025-07-18T13:02:10.202+0000] {processor.py:830} INFO - Processing file /home/airflow/.local/lib/python3.8/site-packages/airflow/example_dags/example_bash_operator.py for tasks to queue
[2025-07-18T13:02:10.202+0000] {logging_mixin.py:188} INFO - [2025-07-18T13:02:10.202+0000] {dagbag.py:538} INFO - Filling up the DagBag from /home/airflow/.local/lib/python3.8/site-packages/airflow/example_dags/example_bash_operator.py
[2025-07-18T13:02:10.206+0000] {processor.py:840} INFO - DAG(s) 'example_bash_operator' retrieved from /home/airflow/.local/lib/python3.8/site-packages/airflow/example_dags/example_bash_operator.py
[2025-07-18T13:02:10.217+0000] {logging_mixin.py:188} INFO - [2025-07-18T13:02:10.217+0000] {dag.py:3036} INFO - Sync 1 DAGs
[2025-07-18T13:02:10.225+0000] {logging_mixin.py:188} INFO - [2025-07-18T13:02:10.225+0000] {dag.py:3823} INFO - Setting next_dagrun for example_bash_operator to 2025-07-17 00:00:00+00:00, run_after=2025-07-18 00:00:00+00:00
[2025-07-18T13:02:10.232+0000] {processor.py:183} INFO - Processing /home/airflow/.local/lib/python3.8/site-packages/airflow/example_dags/example_bash_operator.py took 0.033 seconds
[2025-07-18T13:02:41.392+0000] {processor.py:161} INFO - Started process (PID=490) to work on /home/airflow/.local/lib/python3.8/site-packages/airflow/example_dags/example_bash_operator.py
[2025-07-18T13:02:41.393+0000] {processor.py:830} INFO - Processing file /home/airflow/.local/lib/python3.8/site-packages/airflow/example_dags/example_bash_operator.py for tasks to queue
[2025-07-18T13:02:41.394+0000] {logging_mixin.py:188} INFO - [2025-07-18T13:02:41.394+0000] {dagbag.py:538} INFO - Filling up the DagBag from /home/airflow/.local/lib/python3.8/site-packages/airflow/example_dags/example_bash_operator.py
[2025-07-18T13:02:41.399+0000] {processor.py:840} INFO - DAG(s) 'example_bash_operator' retrieved from /home/airflow/.local/lib/python3.8/site-packages/airflow/example_dags/example_bash_operator.py
[2025-07-18T13:02:41.409+0000] {logging_mixin.py:188} INFO - [2025-07-18T13:02:41.409+0000] {dag.py:3036} INFO - Sync 1 DAGs
[2025-07-18T13:02:41.417+0000] {logging_mixin.py:188} INFO - [2025-07-18T13:02:41.417+0000] {dag.py:3823} INFO - Setting next_dagrun for example_bash_operator to 2025-07-17 00:00:00+00:00, run_after=2025-07-18 00:00:00+00:00
[2025-07-18T13:02:41.423+0000] {processor.py:183} INFO - Processing /home/airflow/.local/lib/python3.8/site-packages/airflow/example_dags/example_bash_operator.py took 0.033 seconds
[2025-07-18T13:03:12.137+0000] {processor.py:161} INFO - Started process (PID=563) to work on /home/airflow/.local/lib/python3.8/site-packages/airflow/example_dags/example_bash_operator.py
[2025-07-18T13:03:12.138+0000] {processor.py:830} INFO - Processing file /home/airflow/.local/lib/python3.8/site-packages/airflow/example_dags/example_bash_operator.py for tasks to queue
[2025-07-18T13:03:12.139+0000] {logging_mixin.py:188} INFO - [2025-07-18T13:03:12.139+0000] {dagbag.py:538} INFO - Filling up the DagBag from /home/airflow/.local/lib/python3.8/site-packages/airflow/example_dags/example_bash_operator.py
[2025-07-18T13:03:12.145+0000] {processor.py:840} INFO - DAG(s) 'example_bash_operator' retrieved from /home/airflow/.local/lib/python3.8/site-packages/airflow/example_dags/example_bash_operator.py
[2025-07-18T13:03:12.157+0000] {logging_mixin.py:188} INFO - [2025-07-18T13:03:12.157+0000] {dag.py:3036} INFO - Sync 1 DAGs
[2025-07-18T13:03:12.166+0000] {logging_mixin.py:188} INFO - [2025-07-18T13:03:12.166+0000] {dag.py:3823} INFO - Setting next_dagrun for example_bash_operator to 2025-07-17 00:00:00+00:00, run_after=2025-07-18 00:00:00+00:00
[2025-07-18T13:03:12.173+0000] {processor.py:183} INFO - Processing /home/airflow/.local/lib/python3.8/site-packages/airflow/example_dags/example_bash_operator.py took 0.037 seconds
[2025-07-18T13:03:43.041+0000] {processor.py:161} INFO - Started process (PID=636) to work on /home/airflow/.local/lib/python3.8/site-packages/airflow/example_dags/example_bash_operator.py
[2025-07-18T13:03:43.042+0000] {processor.py:830} INFO - Processing file /home/airflow/.local/lib/python3.8/site-packages/airflow/example_dags/example_bash_operator.py for tasks to queue
[2025-07-18T13:03:43.042+0000] {logging_mixin.py:188} INFO - [2025-07-18T13:03:43.042+0000] {dagbag.py:538} INFO - Filling up the DagBag from /home/airflow/.local/lib/python3.8/site-packages/airflow/example_dags/example_bash_operator.py
[2025-07-18T13:03:43.046+0000] {processor.py:840} INFO - DAG(s) 'example_bash_operator' retrieved from /home/airflow/.local/lib/python3.8/site-packages/airflow/example_dags/example_bash_operator.py
[2025-07-18T13:03:43.055+0000] {logging_mixin.py:188} INFO - [2025-07-18T13:03:43.055+0000] {dag.py:3036} INFO - Sync 1 DAGs
[2025-07-18T13:03:43.062+0000] {logging_mixin.py:188} INFO - [2025-07-18T13:03:43.062+0000] {dag.py:3823} INFO - Setting next_dagrun for example_bash_operator to 2025-07-17 00:00:00+00:00, run_after=2025-07-18 00:00:00+00:00
[2025-07-18T13:03:43.067+0000] {processor.py:183} INFO - Processing /home/airflow/.local/lib/python3.8/site-packages/airflow/example_dags/example_bash_operator.py took 0.027 seconds
[2025-07-18T13:04:13.796+0000] {processor.py:161} INFO - Started process (PID=708) to work on /home/airflow/.local/lib/python3.8/site-packages/airflow/example_dags/example_bash_operator.py
[2025-07-18T13:04:13.796+0000] {processor.py:830} INFO - Processing file /home/airflow/.local/lib/python3.8/site-packages/airflow/example_dags/example_bash_operator.py for tasks to queue
[2025-07-18T13:04:13.797+0000] {logging_mixin.py:188} INFO - [2025-07-18T13:04:13.797+0000] {dagbag.py:538} INFO - Filling up the DagBag from /home/airflow/.local/lib/python3.8/site-packages/airflow/example_dags/example_bash_operator.py
[2025-07-18T13:04:13.801+0000] {processor.py:840} INFO - DAG(s) 'example_bash_operator' retrieved from /home/airflow/.local/lib/python3.8/site-packages/airflow/example_dags/example_bash_operator.py
[2025-07-18T13:04:13.811+0000] {logging_mixin.py:188} INFO - [2025-07-18T13:04:13.811+0000] {dag.py:3036} INFO - Sync 1 DAGs
[2025-07-18T13:04:13.820+0000] {logging_mixin.py:188} INFO - [2025-07-18T13:04:13.820+0000] {dag.py:3823} INFO - Setting next_dagrun for example_bash_operator to 2025-07-17 00:00:00+00:00, run_after=2025-07-18 00:00:00+00:00
[2025-07-18T13:04:13.828+0000] {processor.py:183} INFO - Processing /home/airflow/.local/lib/python3.8/site-packages/airflow/example_dags/example_bash_operator.py took 0.034 seconds
[2025-07-18T13:04:44.479+0000] {processor.py:161} INFO - Started process (PID=781) to work on /home/airflow/.local/lib/python3.8/site-packages/airflow/example_dags/example_bash_operator.py
[2025-07-18T13:04:44.479+0000] {processor.py:830} INFO - Processing file /home/airflow/.local/lib/python3.8/site-packages/airflow/example_dags/example_bash_operator.py for tasks to queue
[2025-07-18T13:04:44.480+0000] {logging_mixin.py:188} INFO - [2025-07-18T13:04:44.480+0000] {dagbag.py:538} INFO - Filling up the DagBag from /home/airflow/.local/lib/python3.8/site-packages/airflow/example_dags/example_bash_operator.py
[2025-07-18T13:04:44.485+0000] {processor.py:840} INFO - DAG(s) 'example_bash_operator' retrieved from /home/airflow/.local/lib/python3.8/site-packages/airflow/example_dags/example_bash_operator.py
[2025-07-18T13:04:44.495+0000] {logging_mixin.py:188} INFO - [2025-07-18T13:04:44.495+0000] {dag.py:3036} INFO - Sync 1 DAGs
[2025-07-18T13:04:44.502+0000] {logging_mixin.py:188} INFO - [2025-07-18T13:04:44.502+0000] {dag.py:3823} INFO - Setting next_dagrun for example_bash_operator to 2025-07-17 00:00:00+00:00, run_after=2025-07-18 00:00:00+00:00
[2025-07-18T13:04:44.508+0000] {processor.py:183} INFO - Processing /home/airflow/.local/lib/python3.8/site-packages/airflow/example_dags/example_bash_operator.py took 0.030 seconds
[2025-07-18T13:05:15.189+0000] {processor.py:161} INFO - Started process (PID=860) to work on /home/airflow/.local/lib/python3.8/site-packages/airflow/example_dags/example_bash_operator.py
[2025-07-18T13:05:15.190+0000] {processor.py:830} INFO - Processing file /home/airflow/.local/lib/python3.8/site-packages/airflow/example_dags/example_bash_operator.py for tasks to queue
[2025-07-18T13:05:15.190+0000] {logging_mixin.py:188} INFO - [2025-07-18T13:05:15.190+0000] {dagbag.py:538} INFO - Filling up the DagBag from /home/airflow/.local/lib/python3.8/site-packages/airflow/example_dags/example_bash_operator.py
[2025-07-18T13:05:15.198+0000] {processor.py:840} INFO - DAG(s) 'example_bash_operator' retrieved from /home/airflow/.local/lib/python3.8/site-packages/airflow/example_dags/example_bash_operator.py
[2025-07-18T13:05:15.210+0000] {logging_mixin.py:188} INFO - [2025-07-18T13:05:15.210+0000] {dag.py:3036} INFO - Sync 1 DAGs
[2025-07-18T13:05:15.218+0000] {logging_mixin.py:188} INFO - [2025-07-18T13:05:15.218+0000] {dag.py:3823} INFO - Setting next_dagrun for example_bash_operator to 2025-07-17 00:00:00+00:00, run_after=2025-07-18 00:00:00+00:00
[2025-07-18T13:05:15.227+0000] {processor.py:183} INFO - Processing /home/airflow/.local/lib/python3.8/site-packages/airflow/example_dags/example_bash_operator.py took 0.039 seconds
[2025-07-18T13:05:45.968+0000] {processor.py:161} INFO - Started process (PID=933) to work on /home/airflow/.local/lib/python3.8/site-packages/airflow/example_dags/example_bash_operator.py
[2025-07-18T13:05:45.968+0000] {processor.py:830} INFO - Processing file /home/airflow/.local/lib/python3.8/site-packages/airflow/example_dags/example_bash_operator.py for tasks to queue
[2025-07-18T13:05:45.969+0000] {logging_mixin.py:188} INFO - [2025-07-18T13:05:45.969+0000] {dagbag.py:538} INFO - Filling up the DagBag from /home/airflow/.local/lib/python3.8/site-packages/airflow/example_dags/example_bash_operator.py
[2025-07-18T13:05:45.974+0000] {processor.py:840} INFO - DAG(s) 'example_bash_operator' retrieved from /home/airflow/.local/lib/python3.8/site-packages/airflow/example_dags/example_bash_operator.py
[2025-07-18T13:05:45.984+0000] {logging_mixin.py:188} INFO - [2025-07-18T13:05:45.984+0000] {dag.py:3036} INFO - Sync 1 DAGs
[2025-07-18T13:05:45.992+0000] {logging_mixin.py:188} INFO - [2025-07-18T13:05:45.992+0000] {dag.py:3823} INFO - Setting next_dagrun for example_bash_operator to 2025-07-17 00:00:00+00:00, run_after=2025-07-18 00:00:00+00:00
[2025-07-18T13:05:46.002+0000] {processor.py:183} INFO - Processing /home/airflow/.local/lib/python3.8/site-packages/airflow/example_dags/example_bash_operator.py took 0.035 seconds
[2025-07-18T13:06:16.823+0000] {processor.py:161} INFO - Started process (PID=1006) to work on /home/airflow/.local/lib/python3.8/site-packages/airflow/example_dags/example_bash_operator.py
[2025-07-18T13:06:16.824+0000] {processor.py:830} INFO - Processing file /home/airflow/.local/lib/python3.8/site-packages/airflow/example_dags/example_bash_operator.py for tasks to queue
[2025-07-18T13:06:16.825+0000] {logging_mixin.py:188} INFO - [2025-07-18T13:06:16.824+0000] {dagbag.py:538} INFO - Filling up the DagBag from /home/airflow/.local/lib/python3.8/site-packages/airflow/example_dags/example_bash_operator.py
[2025-07-18T13:06:16.830+0000] {processor.py:840} INFO - DAG(s) 'example_bash_operator' retrieved from /home/airflow/.local/lib/python3.8/site-packages/airflow/example_dags/example_bash_operator.py
[2025-07-18T13:06:16.844+0000] {logging_mixin.py:188} INFO - [2025-07-18T13:06:16.844+0000] {dag.py:3036} INFO - Sync 1 DAGs
[2025-07-18T13:06:16.854+0000] {logging_mixin.py:188} INFO - [2025-07-18T13:06:16.854+0000] {dag.py:3823} INFO - Setting next_dagrun for example_bash_operator to 2025-07-17 00:00:00+00:00, run_after=2025-07-18 00:00:00+00:00
[2025-07-18T13:06:16.866+0000] {processor.py:183} INFO - Processing /home/airflow/.local/lib/python3.8/site-packages/airflow/example_dags/example_bash_operator.py took 0.047 seconds
[2025-07-18T13:06:48.011+0000] {processor.py:161} INFO - Started process (PID=1078) to work on /home/airflow/.local/lib/python3.8/site-packages/airflow/example_dags/example_bash_operator.py
[2025-07-18T13:06:48.011+0000] {processor.py:830} INFO - Processing file /home/airflow/.local/lib/python3.8/site-packages/airflow/example_dags/example_bash_operator.py for tasks to queue
[2025-07-18T13:06:48.012+0000] {logging_mixin.py:188} INFO - [2025-07-18T13:06:48.012+0000] {dagbag.py:538} INFO - Filling up the DagBag from /home/airflow/.local/lib/python3.8/site-packages/airflow/example_dags/example_bash_operator.py
[2025-07-18T13:06:48.018+0000] {processor.py:840} INFO - DAG(s) 'example_bash_operator' retrieved from /home/airflow/.local/lib/python3.8/site-packages/airflow/example_dags/example_bash_operator.py
[2025-07-18T13:06:48.033+0000] {logging_mixin.py:188} INFO - [2025-07-18T13:06:48.033+0000] {dag.py:3036} INFO - Sync 1 DAGs
[2025-07-18T13:06:48.046+0000] {logging_mixin.py:188} INFO - [2025-07-18T13:06:48.045+0000] {dag.py:3823} INFO - Setting next_dagrun for example_bash_operator to 2025-07-17 00:00:00+00:00, run_after=2025-07-18 00:00:00+00:00
[2025-07-18T13:06:48.055+0000] {processor.py:183} INFO - Processing /home/airflow/.local/lib/python3.8/site-packages/airflow/example_dags/example_bash_operator.py took 0.046 seconds
[2025-07-18T13:07:19.012+0000] {processor.py:161} INFO - Started process (PID=1151) to work on /home/airflow/.local/lib/python3.8/site-packages/airflow/example_dags/example_bash_operator.py
[2025-07-18T13:07:19.013+0000] {processor.py:830} INFO - Processing file /home/airflow/.local/lib/python3.8/site-packages/airflow/example_dags/example_bash_operator.py for tasks to queue
[2025-07-18T13:07:19.013+0000] {logging_mixin.py:188} INFO - [2025-07-18T13:07:19.013+0000] {dagbag.py:538} INFO - Filling up the DagBag from /home/airflow/.local/lib/python3.8/site-packages/airflow/example_dags/example_bash_operator.py
[2025-07-18T13:07:19.018+0000] {processor.py:840} INFO - DAG(s) 'example_bash_operator' retrieved from /home/airflow/.local/lib/python3.8/site-packages/airflow/example_dags/example_bash_operator.py
[2025-07-18T13:07:19.029+0000] {logging_mixin.py:188} INFO - [2025-07-18T13:07:19.029+0000] {dag.py:3036} INFO - Sync 1 DAGs
[2025-07-18T13:07:19.037+0000] {logging_mixin.py:188} INFO - [2025-07-18T13:07:19.037+0000] {dag.py:3823} INFO - Setting next_dagrun for example_bash_operator to 2025-07-17 00:00:00+00:00, run_after=2025-07-18 00:00:00+00:00
[2025-07-18T13:07:19.047+0000] {processor.py:183} INFO - Processing /home/airflow/.local/lib/python3.8/site-packages/airflow/example_dags/example_bash_operator.py took 0.036 seconds
[2025-07-18T13:07:49.789+0000] {processor.py:161} INFO - Started process (PID=1224) to work on /home/airflow/.local/lib/python3.8/site-packages/airflow/example_dags/example_bash_operator.py
[2025-07-18T13:07:49.790+0000] {processor.py:830} INFO - Processing file /home/airflow/.local/lib/python3.8/site-packages/airflow/example_dags/example_bash_operator.py for tasks to queue
[2025-07-18T13:07:49.790+0000] {logging_mixin.py:188} INFO - [2025-07-18T13:07:49.790+0000] {dagbag.py:538} INFO - Filling up the DagBag from /home/airflow/.local/lib/python3.8/site-packages/airflow/example_dags/example_bash_operator.py
[2025-07-18T13:07:49.796+0000] {processor.py:840} INFO - DAG(s) 'example_bash_operator' retrieved from /home/airflow/.local/lib/python3.8/site-packages/airflow/example_dags/example_bash_operator.py
[2025-07-18T13:07:49.807+0000] {logging_mixin.py:188} INFO - [2025-07-18T13:07:49.807+0000] {dag.py:3036} INFO - Sync 1 DAGs
[2025-07-18T13:07:49.815+0000] {logging_mixin.py:188} INFO - [2025-07-18T13:07:49.815+0000] {dag.py:3823} INFO - Setting next_dagrun for example_bash_operator to 2025-07-17 00:00:00+00:00, run_after=2025-07-18 00:00:00+00:00
[2025-07-18T13:07:49.824+0000] {processor.py:183} INFO - Processing /home/airflow/.local/lib/python3.8/site-packages/airflow/example_dags/example_bash_operator.py took 0.037 seconds
[2025-07-18T13:08:20.515+0000] {processor.py:161} INFO - Started process (PID=1297) to work on /home/airflow/.local/lib/python3.8/site-packages/airflow/example_dags/example_bash_operator.py
[2025-07-18T13:08:20.515+0000] {processor.py:830} INFO - Processing file /home/airflow/.local/lib/python3.8/site-packages/airflow/example_dags/example_bash_operator.py for tasks to queue
[2025-07-18T13:08:20.516+0000] {logging_mixin.py:188} INFO - [2025-07-18T13:08:20.516+0000] {dagbag.py:538} INFO - Filling up the DagBag from /home/airflow/.local/lib/python3.8/site-packages/airflow/example_dags/example_bash_operator.py
[2025-07-18T13:08:20.521+0000] {processor.py:840} INFO - DAG(s) 'example_bash_operator' retrieved from /home/airflow/.local/lib/python3.8/site-packages/airflow/example_dags/example_bash_operator.py
[2025-07-18T13:08:20.537+0000] {logging_mixin.py:188} INFO - [2025-07-18T13:08:20.537+0000] {dag.py:3036} INFO - Sync 1 DAGs
[2025-07-18T13:08:20.545+0000] {logging_mixin.py:188} INFO - [2025-07-18T13:08:20.545+0000] {dag.py:3823} INFO - Setting next_dagrun for example_bash_operator to 2025-07-17 00:00:00+00:00, run_after=2025-07-18 00:00:00+00:00
[2025-07-18T13:08:20.553+0000] {processor.py:183} INFO - Processing /home/airflow/.local/lib/python3.8/site-packages/airflow/example_dags/example_bash_operator.py took 0.040 seconds
[2025-07-18T13:08:51.255+0000] {processor.py:161} INFO - Started process (PID=1370) to work on /home/airflow/.local/lib/python3.8/site-packages/airflow/example_dags/example_bash_operator.py
[2025-07-18T13:08:51.256+0000] {processor.py:830} INFO - Processing file /home/airflow/.local/lib/python3.8/site-packages/airflow/example_dags/example_bash_operator.py for tasks to queue
[2025-07-18T13:08:51.257+0000] {logging_mixin.py:188} INFO - [2025-07-18T13:08:51.256+0000] {dagbag.py:538} INFO - Filling up the DagBag from /home/airflow/.local/lib/python3.8/site-packages/airflow/example_dags/example_bash_operator.py
[2025-07-18T13:08:51.261+0000] {processor.py:840} INFO - DAG(s) 'example_bash_operator' retrieved from /home/airflow/.local/lib/python3.8/site-packages/airflow/example_dags/example_bash_operator.py
[2025-07-18T13:08:51.271+0000] {logging_mixin.py:188} INFO - [2025-07-18T13:08:51.271+0000] {dag.py:3036} INFO - Sync 1 DAGs
[2025-07-18T13:08:51.280+0000] {logging_mixin.py:188} INFO - [2025-07-18T13:08:51.280+0000] {dag.py:3823} INFO - Setting next_dagrun for example_bash_operator to 2025-07-17 00:00:00+00:00, run_after=2025-07-18 00:00:00+00:00
[2025-07-18T13:08:51.289+0000] {processor.py:183} INFO - Processing /home/airflow/.local/lib/python3.8/site-packages/airflow/example_dags/example_bash_operator.py took 0.035 seconds
[2025-07-18T13:09:21.847+0000] {processor.py:161} INFO - Started process (PID=1443) to work on /home/airflow/.local/lib/python3.8/site-packages/airflow/example_dags/example_bash_operator.py
[2025-07-18T13:09:21.847+0000] {processor.py:830} INFO - Processing file /home/airflow/.local/lib/python3.8/site-packages/airflow/example_dags/example_bash_operator.py for tasks to queue
[2025-07-18T13:09:21.848+0000] {logging_mixin.py:188} INFO - [2025-07-18T13:09:21.848+0000] {dagbag.py:538} INFO - Filling up the DagBag from /home/airflow/.local/lib/python3.8/site-packages/airflow/example_dags/example_bash_operator.py
[2025-07-18T13:09:21.852+0000] {processor.py:840} INFO - DAG(s) 'example_bash_operator' retrieved from /home/airflow/.local/lib/python3.8/site-packages/airflow/example_dags/example_bash_operator.py
[2025-07-18T13:09:21.862+0000] {logging_mixin.py:188} INFO - [2025-07-18T13:09:21.862+0000] {dag.py:3036} INFO - Sync 1 DAGs
[2025-07-18T13:09:21.870+0000] {logging_mixin.py:188} INFO - [2025-07-18T13:09:21.870+0000] {dag.py:3823} INFO - Setting next_dagrun for example_bash_operator to 2025-07-17 00:00:00+00:00, run_after=2025-07-18 00:00:00+00:00
[2025-07-18T13:09:21.877+0000] {processor.py:183} INFO - Processing /home/airflow/.local/lib/python3.8/site-packages/airflow/example_dags/example_bash_operator.py took 0.032 seconds
[2025-07-18T13:09:52.381+0000] {processor.py:161} INFO - Started process (PID=1516) to work on /home/airflow/.local/lib/python3.8/site-packages/airflow/example_dags/example_bash_operator.py
[2025-07-18T13:09:52.382+0000] {processor.py:830} INFO - Processing file /home/airflow/.local/lib/python3.8/site-packages/airflow/example_dags/example_bash_operator.py for tasks to queue
[2025-07-18T13:09:52.382+0000] {logging_mixin.py:188} INFO - [2025-07-18T13:09:52.382+0000] {dagbag.py:538} INFO - Filling up the DagBag from /home/airflow/.local/lib/python3.8/site-packages/airflow/example_dags/example_bash_operator.py
[2025-07-18T13:09:52.387+0000] {processor.py:840} INFO - DAG(s) 'example_bash_operator' retrieved from /home/airflow/.local/lib/python3.8/site-packages/airflow/example_dags/example_bash_operator.py
[2025-07-18T13:09:52.398+0000] {logging_mixin.py:188} INFO - [2025-07-18T13:09:52.398+0000] {dag.py:3036} INFO - Sync 1 DAGs
[2025-07-18T13:09:52.406+0000] {logging_mixin.py:188} INFO - [2025-07-18T13:09:52.406+0000] {dag.py:3823} INFO - Setting next_dagrun for example_bash_operator to 2025-07-17 00:00:00+00:00, run_after=2025-07-18 00:00:00+00:00
[2025-07-18T13:09:52.412+0000] {processor.py:183} INFO - Processing /home/airflow/.local/lib/python3.8/site-packages/airflow/example_dags/example_bash_operator.py took 0.032 seconds
[2025-07-18T13:10:23.095+0000] {processor.py:161} INFO - Started process (PID=1589) to work on /home/airflow/.local/lib/python3.8/site-packages/airflow/example_dags/example_bash_operator.py
[2025-07-18T13:10:23.095+0000] {processor.py:830} INFO - Processing file /home/airflow/.local/lib/python3.8/site-packages/airflow/example_dags/example_bash_operator.py for tasks to queue
[2025-07-18T13:10:23.096+0000] {logging_mixin.py:188} INFO - [2025-07-18T13:10:23.096+0000] {dagbag.py:538} INFO - Filling up the DagBag from /home/airflow/.local/lib/python3.8/site-packages/airflow/example_dags/example_bash_operator.py
[2025-07-18T13:10:23.101+0000] {processor.py:840} INFO - DAG(s) 'example_bash_operator' retrieved from /home/airflow/.local/lib/python3.8/site-packages/airflow/example_dags/example_bash_operator.py
[2025-07-18T13:10:23.111+0000] {logging_mixin.py:188} INFO - [2025-07-18T13:10:23.111+0000] {dag.py:3036} INFO - Sync 1 DAGs
[2025-07-18T13:10:23.121+0000] {logging_mixin.py:188} INFO - [2025-07-18T13:10:23.121+0000] {dag.py:3823} INFO - Setting next_dagrun for example_bash_operator to 2025-07-17 00:00:00+00:00, run_after=2025-07-18 00:00:00+00:00
[2025-07-18T13:10:23.128+0000] {processor.py:183} INFO - Processing /home/airflow/.local/lib/python3.8/site-packages/airflow/example_dags/example_bash_operator.py took 0.035 seconds
[2025-07-18T13:10:53.795+0000] {processor.py:161} INFO - Started process (PID=1662) to work on /home/airflow/.local/lib/python3.8/site-packages/airflow/example_dags/example_bash_operator.py
[2025-07-18T13:10:53.796+0000] {processor.py:830} INFO - Processing file /home/airflow/.local/lib/python3.8/site-packages/airflow/example_dags/example_bash_operator.py for tasks to queue
[2025-07-18T13:10:53.796+0000] {logging_mixin.py:188} INFO - [2025-07-18T13:10:53.796+0000] {dagbag.py:538} INFO - Filling up the DagBag from /home/airflow/.local/lib/python3.8/site-packages/airflow/example_dags/example_bash_operator.py
[2025-07-18T13:10:53.801+0000] {processor.py:840} INFO - DAG(s) 'example_bash_operator' retrieved from /home/airflow/.local/lib/python3.8/site-packages/airflow/example_dags/example_bash_operator.py
[2025-07-18T13:10:53.817+0000] {logging_mixin.py:188} INFO - [2025-07-18T13:10:53.817+0000] {dag.py:3036} INFO - Sync 1 DAGs
[2025-07-18T13:10:53.825+0000] {logging_mixin.py:188} INFO - [2025-07-18T13:10:53.825+0000] {dag.py:3823} INFO - Setting next_dagrun for example_bash_operator to 2025-07-17 00:00:00+00:00, run_after=2025-07-18 00:00:00+00:00
[2025-07-18T13:10:53.835+0000] {processor.py:183} INFO - Processing /home/airflow/.local/lib/python3.8/site-packages/airflow/example_dags/example_bash_operator.py took 0.041 seconds
[2025-07-18T13:11:24.675+0000] {processor.py:161} INFO - Started process (PID=1735) to work on /home/airflow/.local/lib/python3.8/site-packages/airflow/example_dags/example_bash_operator.py
[2025-07-18T13:11:24.675+0000] {processor.py:830} INFO - Processing file /home/airflow/.local/lib/python3.8/site-packages/airflow/example_dags/example_bash_operator.py for tasks to queue
[2025-07-18T13:11:24.676+0000] {logging_mixin.py:188} INFO - [2025-07-18T13:11:24.676+0000] {dagbag.py:538} INFO - Filling up the DagBag from /home/airflow/.local/lib/python3.8/site-packages/airflow/example_dags/example_bash_operator.py
[2025-07-18T13:11:24.680+0000] {processor.py:840} INFO - DAG(s) 'example_bash_operator' retrieved from /home/airflow/.local/lib/python3.8/site-packages/airflow/example_dags/example_bash_operator.py
[2025-07-18T13:11:24.691+0000] {logging_mixin.py:188} INFO - [2025-07-18T13:11:24.691+0000] {dag.py:3036} INFO - Sync 1 DAGs
[2025-07-18T13:11:24.700+0000] {logging_mixin.py:188} INFO - [2025-07-18T13:11:24.700+0000] {dag.py:3823} INFO - Setting next_dagrun for example_bash_operator to 2025-07-17 00:00:00+00:00, run_after=2025-07-18 00:00:00+00:00
[2025-07-18T13:11:24.709+0000] {processor.py:183} INFO - Processing /home/airflow/.local/lib/python3.8/site-packages/airflow/example_dags/example_bash_operator.py took 0.035 seconds
[2025-07-18T13:11:55.599+0000] {processor.py:161} INFO - Started process (PID=1808) to work on /home/airflow/.local/lib/python3.8/site-packages/airflow/example_dags/example_bash_operator.py
[2025-07-18T13:11:55.600+0000] {processor.py:830} INFO - Processing file /home/airflow/.local/lib/python3.8/site-packages/airflow/example_dags/example_bash_operator.py for tasks to queue
[2025-07-18T13:11:55.600+0000] {logging_mixin.py:188} INFO - [2025-07-18T13:11:55.600+0000] {dagbag.py:538} INFO - Filling up the DagBag from /home/airflow/.local/lib/python3.8/site-packages/airflow/example_dags/example_bash_operator.py
[2025-07-18T13:11:55.604+0000] {processor.py:840} INFO - DAG(s) 'example_bash_operator' retrieved from /home/airflow/.local/lib/python3.8/site-packages/airflow/example_dags/example_bash_operator.py
[2025-07-18T13:11:55.613+0000] {logging_mixin.py:188} INFO - [2025-07-18T13:11:55.613+0000] {dag.py:3036} INFO - Sync 1 DAGs
[2025-07-18T13:11:55.620+0000] {logging_mixin.py:188} INFO - [2025-07-18T13:11:55.620+0000] {dag.py:3823} INFO - Setting next_dagrun for example_bash_operator to 2025-07-17 00:00:00+00:00, run_after=2025-07-18 00:00:00+00:00
[2025-07-18T13:11:55.625+0000] {processor.py:183} INFO - Processing /home/airflow/.local/lib/python3.8/site-packages/airflow/example_dags/example_bash_operator.py took 0.027 seconds
[2025-07-18T13:12:26.812+0000] {processor.py:161} INFO - Started process (PID=1880) to work on /home/airflow/.local/lib/python3.8/site-packages/airflow/example_dags/example_bash_operator.py
[2025-07-18T13:12:26.812+0000] {processor.py:830} INFO - Processing file /home/airflow/.local/lib/python3.8/site-packages/airflow/example_dags/example_bash_operator.py for tasks to queue
[2025-07-18T13:12:26.813+0000] {logging_mixin.py:188} INFO - [2025-07-18T13:12:26.813+0000] {dagbag.py:538} INFO - Filling up the DagBag from /home/airflow/.local/lib/python3.8/site-packages/airflow/example_dags/example_bash_operator.py
[2025-07-18T13:12:26.817+0000] {processor.py:840} INFO - DAG(s) 'example_bash_operator' retrieved from /home/airflow/.local/lib/python3.8/site-packages/airflow/example_dags/example_bash_operator.py
[2025-07-18T13:12:26.827+0000] {logging_mixin.py:188} INFO - [2025-07-18T13:12:26.827+0000] {dag.py:3036} INFO - Sync 1 DAGs
[2025-07-18T13:12:26.834+0000] {logging_mixin.py:188} INFO - [2025-07-18T13:12:26.834+0000] {dag.py:3823} INFO - Setting next_dagrun for example_bash_operator to 2025-07-17 00:00:00+00:00, run_after=2025-07-18 00:00:00+00:00
[2025-07-18T13:12:26.840+0000] {processor.py:183} INFO - Processing /home/airflow/.local/lib/python3.8/site-packages/airflow/example_dags/example_bash_operator.py took 0.030 seconds
[2025-07-18T13:12:57.373+0000] {processor.py:161} INFO - Started process (PID=1953) to work on /home/airflow/.local/lib/python3.8/site-packages/airflow/example_dags/example_bash_operator.py
[2025-07-18T13:12:57.373+0000] {processor.py:830} INFO - Processing file /home/airflow/.local/lib/python3.8/site-packages/airflow/example_dags/example_bash_operator.py for tasks to queue
[2025-07-18T13:12:57.374+0000] {logging_mixin.py:188} INFO - [2025-07-18T13:12:57.374+0000] {dagbag.py:538} INFO - Filling up the DagBag from /home/airflow/.local/lib/python3.8/site-packages/airflow/example_dags/example_bash_operator.py
[2025-07-18T13:12:57.378+0000] {processor.py:840} INFO - DAG(s) 'example_bash_operator' retrieved from /home/airflow/.local/lib/python3.8/site-packages/airflow/example_dags/example_bash_operator.py
[2025-07-18T13:12:57.388+0000] {logging_mixin.py:188} INFO - [2025-07-18T13:12:57.388+0000] {dag.py:3036} INFO - Sync 1 DAGs
[2025-07-18T13:12:57.396+0000] {logging_mixin.py:188} INFO - [2025-07-18T13:12:57.396+0000] {dag.py:3823} INFO - Setting next_dagrun for example_bash_operator to 2025-07-17 00:00:00+00:00, run_after=2025-07-18 00:00:00+00:00
[2025-07-18T13:12:57.403+0000] {processor.py:183} INFO - Processing /home/airflow/.local/lib/python3.8/site-packages/airflow/example_dags/example_bash_operator.py took 0.031 seconds
[2025-07-18T13:13:27.900+0000] {processor.py:161} INFO - Started process (PID=2026) to work on /home/airflow/.local/lib/python3.8/site-packages/airflow/example_dags/example_bash_operator.py
[2025-07-18T13:13:27.901+0000] {processor.py:830} INFO - Processing file /home/airflow/.local/lib/python3.8/site-packages/airflow/example_dags/example_bash_operator.py for tasks to queue
[2025-07-18T13:13:27.902+0000] {logging_mixin.py:188} INFO - [2025-07-18T13:13:27.901+0000] {dagbag.py:538} INFO - Filling up the DagBag from /home/airflow/.local/lib/python3.8/site-packages/airflow/example_dags/example_bash_operator.py
[2025-07-18T13:13:27.906+0000] {processor.py:840} INFO - DAG(s) 'example_bash_operator' retrieved from /home/airflow/.local/lib/python3.8/site-packages/airflow/example_dags/example_bash_operator.py
[2025-07-18T13:13:27.916+0000] {logging_mixin.py:188} INFO - [2025-07-18T13:13:27.916+0000] {dag.py:3036} INFO - Sync 1 DAGs
[2025-07-18T13:13:27.925+0000] {logging_mixin.py:188} INFO - [2025-07-18T13:13:27.925+0000] {dag.py:3823} INFO - Setting next_dagrun for example_bash_operator to 2025-07-17 00:00:00+00:00, run_after=2025-07-18 00:00:00+00:00
[2025-07-18T13:13:27.936+0000] {processor.py:183} INFO - Processing /home/airflow/.local/lib/python3.8/site-packages/airflow/example_dags/example_bash_operator.py took 0.038 seconds
[2025-07-18T13:13:58.561+0000] {processor.py:161} INFO - Started process (PID=2099) to work on /home/airflow/.local/lib/python3.8/site-packages/airflow/example_dags/example_bash_operator.py
[2025-07-18T13:13:58.561+0000] {processor.py:830} INFO - Processing file /home/airflow/.local/lib/python3.8/site-packages/airflow/example_dags/example_bash_operator.py for tasks to queue
[2025-07-18T13:13:58.562+0000] {logging_mixin.py:188} INFO - [2025-07-18T13:13:58.562+0000] {dagbag.py:538} INFO - Filling up the DagBag from /home/airflow/.local/lib/python3.8/site-packages/airflow/example_dags/example_bash_operator.py
[2025-07-18T13:13:58.567+0000] {processor.py:840} INFO - DAG(s) 'example_bash_operator' retrieved from /home/airflow/.local/lib/python3.8/site-packages/airflow/example_dags/example_bash_operator.py
[2025-07-18T13:13:58.578+0000] {logging_mixin.py:188} INFO - [2025-07-18T13:13:58.578+0000] {dag.py:3036} INFO - Sync 1 DAGs
[2025-07-18T13:13:58.585+0000] {logging_mixin.py:188} INFO - [2025-07-18T13:13:58.585+0000] {dag.py:3823} INFO - Setting next_dagrun for example_bash_operator to 2025-07-17 00:00:00+00:00, run_after=2025-07-18 00:00:00+00:00
[2025-07-18T13:13:58.594+0000] {processor.py:183} INFO - Processing /home/airflow/.local/lib/python3.8/site-packages/airflow/example_dags/example_bash_operator.py took 0.034 seconds
[2025-07-18T13:14:29.164+0000] {processor.py:161} INFO - Started process (PID=2172) to work on /home/airflow/.local/lib/python3.8/site-packages/airflow/example_dags/example_bash_operator.py
[2025-07-18T13:14:29.165+0000] {processor.py:830} INFO - Processing file /home/airflow/.local/lib/python3.8/site-packages/airflow/example_dags/example_bash_operator.py for tasks to queue
[2025-07-18T13:14:29.165+0000] {logging_mixin.py:188} INFO - [2025-07-18T13:14:29.165+0000] {dagbag.py:538} INFO - Filling up the DagBag from /home/airflow/.local/lib/python3.8/site-packages/airflow/example_dags/example_bash_operator.py
[2025-07-18T13:14:29.170+0000] {processor.py:840} INFO - DAG(s) 'example_bash_operator' retrieved from /home/airflow/.local/lib/python3.8/site-packages/airflow/example_dags/example_bash_operator.py
[2025-07-18T13:14:29.182+0000] {logging_mixin.py:188} INFO - [2025-07-18T13:14:29.182+0000] {dag.py:3036} INFO - Sync 1 DAGs
[2025-07-18T13:14:29.191+0000] {logging_mixin.py:188} INFO - [2025-07-18T13:14:29.190+0000] {dag.py:3823} INFO - Setting next_dagrun for example_bash_operator to 2025-07-17 00:00:00+00:00, run_after=2025-07-18 00:00:00+00:00
[2025-07-18T13:14:29.198+0000] {processor.py:183} INFO - Processing /home/airflow/.local/lib/python3.8/site-packages/airflow/example_dags/example_bash_operator.py took 0.035 seconds
[2025-07-18T13:14:59.744+0000] {processor.py:161} INFO - Started process (PID=2245) to work on /home/airflow/.local/lib/python3.8/site-packages/airflow/example_dags/example_bash_operator.py
[2025-07-18T13:14:59.745+0000] {processor.py:830} INFO - Processing file /home/airflow/.local/lib/python3.8/site-packages/airflow/example_dags/example_bash_operator.py for tasks to queue
[2025-07-18T13:14:59.747+0000] {logging_mixin.py:188} INFO - [2025-07-18T13:14:59.746+0000] {dagbag.py:538} INFO - Filling up the DagBag from /home/airflow/.local/lib/python3.8/site-packages/airflow/example_dags/example_bash_operator.py
[2025-07-18T13:14:59.754+0000] {processor.py:840} INFO - DAG(s) 'example_bash_operator' retrieved from /home/airflow/.local/lib/python3.8/site-packages/airflow/example_dags/example_bash_operator.py
[2025-07-18T13:14:59.768+0000] {logging_mixin.py:188} INFO - [2025-07-18T13:14:59.768+0000] {dag.py:3036} INFO - Sync 1 DAGs
[2025-07-18T13:14:59.778+0000] {logging_mixin.py:188} INFO - [2025-07-18T13:14:59.778+0000] {dag.py:3823} INFO - Setting next_dagrun for example_bash_operator to 2025-07-17 00:00:00+00:00, run_after=2025-07-18 00:00:00+00:00
[2025-07-18T13:14:59.785+0000] {processor.py:183} INFO - Processing /home/airflow/.local/lib/python3.8/site-packages/airflow/example_dags/example_bash_operator.py took 0.043 seconds
[2025-07-18T13:15:30.358+0000] {processor.py:161} INFO - Started process (PID=2318) to work on /home/airflow/.local/lib/python3.8/site-packages/airflow/example_dags/example_bash_operator.py
[2025-07-18T13:15:30.358+0000] {processor.py:830} INFO - Processing file /home/airflow/.local/lib/python3.8/site-packages/airflow/example_dags/example_bash_operator.py for tasks to queue
[2025-07-18T13:15:30.359+0000] {logging_mixin.py:188} INFO - [2025-07-18T13:15:30.359+0000] {dagbag.py:538} INFO - Filling up the DagBag from /home/airflow/.local/lib/python3.8/site-packages/airflow/example_dags/example_bash_operator.py
[2025-07-18T13:15:30.364+0000] {processor.py:840} INFO - DAG(s) 'example_bash_operator' retrieved from /home/airflow/.local/lib/python3.8/site-packages/airflow/example_dags/example_bash_operator.py
[2025-07-18T13:15:30.375+0000] {logging_mixin.py:188} INFO - [2025-07-18T13:15:30.375+0000] {dag.py:3036} INFO - Sync 1 DAGs
[2025-07-18T13:15:30.383+0000] {logging_mixin.py:188} INFO - [2025-07-18T13:15:30.383+0000] {dag.py:3823} INFO - Setting next_dagrun for example_bash_operator to 2025-07-17 00:00:00+00:00, run_after=2025-07-18 00:00:00+00:00
[2025-07-18T13:15:30.389+0000] {processor.py:183} INFO - Processing /home/airflow/.local/lib/python3.8/site-packages/airflow/example_dags/example_bash_operator.py took 0.033 seconds
[2025-07-18T13:16:00.953+0000] {processor.py:161} INFO - Started process (PID=2391) to work on /home/airflow/.local/lib/python3.8/site-packages/airflow/example_dags/example_bash_operator.py
[2025-07-18T13:16:00.954+0000] {processor.py:830} INFO - Processing file /home/airflow/.local/lib/python3.8/site-packages/airflow/example_dags/example_bash_operator.py for tasks to queue
[2025-07-18T13:16:00.954+0000] {logging_mixin.py:188} INFO - [2025-07-18T13:16:00.954+0000] {dagbag.py:538} INFO - Filling up the DagBag from /home/airflow/.local/lib/python3.8/site-packages/airflow/example_dags/example_bash_operator.py
[2025-07-18T13:16:00.959+0000] {processor.py:840} INFO - DAG(s) 'example_bash_operator' retrieved from /home/airflow/.local/lib/python3.8/site-packages/airflow/example_dags/example_bash_operator.py
[2025-07-18T13:16:00.970+0000] {logging_mixin.py:188} INFO - [2025-07-18T13:16:00.970+0000] {dag.py:3036} INFO - Sync 1 DAGs
[2025-07-18T13:16:00.978+0000] {logging_mixin.py:188} INFO - [2025-07-18T13:16:00.978+0000] {dag.py:3823} INFO - Setting next_dagrun for example_bash_operator to 2025-07-17 00:00:00+00:00, run_after=2025-07-18 00:00:00+00:00
[2025-07-18T13:16:00.984+0000] {processor.py:183} INFO - Processing /home/airflow/.local/lib/python3.8/site-packages/airflow/example_dags/example_bash_operator.py took 0.032 seconds
[2025-07-18T13:16:31.599+0000] {processor.py:161} INFO - Started process (PID=2464) to work on /home/airflow/.local/lib/python3.8/site-packages/airflow/example_dags/example_bash_operator.py
[2025-07-18T13:16:31.599+0000] {processor.py:830} INFO - Processing file /home/airflow/.local/lib/python3.8/site-packages/airflow/example_dags/example_bash_operator.py for tasks to queue
[2025-07-18T13:16:31.600+0000] {logging_mixin.py:188} INFO - [2025-07-18T13:16:31.600+0000] {dagbag.py:538} INFO - Filling up the DagBag from /home/airflow/.local/lib/python3.8/site-packages/airflow/example_dags/example_bash_operator.py
[2025-07-18T13:16:31.605+0000] {processor.py:840} INFO - DAG(s) 'example_bash_operator' retrieved from /home/airflow/.local/lib/python3.8/site-packages/airflow/example_dags/example_bash_operator.py
[2025-07-18T13:16:31.616+0000] {logging_mixin.py:188} INFO - [2025-07-18T13:16:31.616+0000] {dag.py:3036} INFO - Sync 1 DAGs
[2025-07-18T13:16:31.624+0000] {logging_mixin.py:188} INFO - [2025-07-18T13:16:31.624+0000] {dag.py:3823} INFO - Setting next_dagrun for example_bash_operator to 2025-07-17 00:00:00+00:00, run_after=2025-07-18 00:00:00+00:00
[2025-07-18T13:16:31.630+0000] {processor.py:183} INFO - Processing /home/airflow/.local/lib/python3.8/site-packages/airflow/example_dags/example_bash_operator.py took 0.033 seconds
[2025-07-18T13:17:02.171+0000] {processor.py:161} INFO - Started process (PID=2537) to work on /home/airflow/.local/lib/python3.8/site-packages/airflow/example_dags/example_bash_operator.py
[2025-07-18T13:17:02.171+0000] {processor.py:830} INFO - Processing file /home/airflow/.local/lib/python3.8/site-packages/airflow/example_dags/example_bash_operator.py for tasks to queue
[2025-07-18T13:17:02.172+0000] {logging_mixin.py:188} INFO - [2025-07-18T13:17:02.172+0000] {dagbag.py:538} INFO - Filling up the DagBag from /home/airflow/.local/lib/python3.8/site-packages/airflow/example_dags/example_bash_operator.py
[2025-07-18T13:17:02.177+0000] {processor.py:840} INFO - DAG(s) 'example_bash_operator' retrieved from /home/airflow/.local/lib/python3.8/site-packages/airflow/example_dags/example_bash_operator.py
[2025-07-18T13:17:02.188+0000] {logging_mixin.py:188} INFO - [2025-07-18T13:17:02.188+0000] {dag.py:3036} INFO - Sync 1 DAGs
[2025-07-18T13:17:02.196+0000] {logging_mixin.py:188} INFO - [2025-07-18T13:17:02.195+0000] {dag.py:3823} INFO - Setting next_dagrun for example_bash_operator to 2025-07-17 00:00:00+00:00, run_after=2025-07-18 00:00:00+00:00
[2025-07-18T13:17:02.202+0000] {processor.py:183} INFO - Processing /home/airflow/.local/lib/python3.8/site-packages/airflow/example_dags/example_bash_operator.py took 0.033 seconds
[2025-07-18T13:17:32.810+0000] {processor.py:161} INFO - Started process (PID=2610) to work on /home/airflow/.local/lib/python3.8/site-packages/airflow/example_dags/example_bash_operator.py
[2025-07-18T13:17:32.810+0000] {processor.py:830} INFO - Processing file /home/airflow/.local/lib/python3.8/site-packages/airflow/example_dags/example_bash_operator.py for tasks to queue
[2025-07-18T13:17:32.811+0000] {logging_mixin.py:188} INFO - [2025-07-18T13:17:32.811+0000] {dagbag.py:538} INFO - Filling up the DagBag from /home/airflow/.local/lib/python3.8/site-packages/airflow/example_dags/example_bash_operator.py
[2025-07-18T13:17:32.816+0000] {processor.py:840} INFO - DAG(s) 'example_bash_operator' retrieved from /home/airflow/.local/lib/python3.8/site-packages/airflow/example_dags/example_bash_operator.py
[2025-07-18T13:17:32.826+0000] {logging_mixin.py:188} INFO - [2025-07-18T13:17:32.826+0000] {dag.py:3036} INFO - Sync 1 DAGs
[2025-07-18T13:17:32.834+0000] {logging_mixin.py:188} INFO - [2025-07-18T13:17:32.834+0000] {dag.py:3823} INFO - Setting next_dagrun for example_bash_operator to 2025-07-17 00:00:00+00:00, run_after=2025-07-18 00:00:00+00:00
[2025-07-18T13:17:32.841+0000] {processor.py:183} INFO - Processing /home/airflow/.local/lib/python3.8/site-packages/airflow/example_dags/example_bash_operator.py took 0.032 seconds
[2025-07-18T13:19:04.726+0000] {processor.py:161} INFO - Started process (PID=2816) to work on /home/airflow/.local/lib/python3.8/site-packages/airflow/example_dags/example_bash_operator.py
[2025-07-18T13:19:04.726+0000] {processor.py:830} INFO - Processing file /home/airflow/.local/lib/python3.8/site-packages/airflow/example_dags/example_bash_operator.py for tasks to queue
[2025-07-18T13:19:04.727+0000] {logging_mixin.py:188} INFO - [2025-07-18T13:19:04.727+0000] {dagbag.py:538} INFO - Filling up the DagBag from /home/airflow/.local/lib/python3.8/site-packages/airflow/example_dags/example_bash_operator.py
[2025-07-18T13:19:04.731+0000] {processor.py:840} INFO - DAG(s) 'example_bash_operator' retrieved from /home/airflow/.local/lib/python3.8/site-packages/airflow/example_dags/example_bash_operator.py
[2025-07-18T13:19:04.742+0000] {logging_mixin.py:188} INFO - [2025-07-18T13:19:04.742+0000] {dag.py:3036} INFO - Sync 1 DAGs
[2025-07-18T13:19:04.749+0000] {logging_mixin.py:188} INFO - [2025-07-18T13:19:04.749+0000] {dag.py:3823} INFO - Setting next_dagrun for example_bash_operator to 2025-07-17 00:00:00+00:00, run_after=2025-07-18 00:00:00+00:00
[2025-07-18T13:19:04.755+0000] {processor.py:183} INFO - Processing /home/airflow/.local/lib/python3.8/site-packages/airflow/example_dags/example_bash_operator.py took 0.030 seconds
