[2025-07-18T12:59:39.507+0000] {processor.py:161} INFO - Started process (PID=103) to work on /home/airflow/.local/lib/python3.8/site-packages/airflow/example_dags/example_latest_only_with_trigger.py
[2025-07-18T12:59:39.508+0000] {processor.py:830} INFO - Processing file /home/airflow/.local/lib/python3.8/site-packages/airflow/example_dags/example_latest_only_with_trigger.py for tasks to queue
[2025-07-18T12:59:39.508+0000] {logging_mixin.py:188} INFO - [2025-07-18T12:59:39.508+0000] {dagbag.py:538} INFO - Filling up the DagBag from /home/airflow/.local/lib/python3.8/site-packages/airflow/example_dags/example_latest_only_with_trigger.py
[2025-07-18T12:59:39.512+0000] {processor.py:840} INFO - DAG(s) 'latest_only_with_trigger' retrieved from /home/airflow/.local/lib/python3.8/site-packages/airflow/example_dags/example_latest_only_with_trigger.py
[2025-07-18T12:59:39.523+0000] {logging_mixin.py:188} INFO - [2025-07-18T12:59:39.523+0000] {dag.py:3036} INFO - Sync 1 DAGs
[2025-07-18T12:59:39.533+0000] {logging_mixin.py:188} INFO - [2025-07-18T12:59:39.533+0000] {dag.py:3823} INFO - Setting next_dagrun for latest_only_with_trigger to 2025-07-18 08:00:00+00:00, run_after=2025-07-18 12:00:00+00:00
[2025-07-18T12:59:39.543+0000] {processor.py:183} INFO - Processing /home/airflow/.local/lib/python3.8/site-packages/airflow/example_dags/example_latest_only_with_trigger.py took 0.038 seconds
[2025-07-18T13:00:10.628+0000] {processor.py:161} INFO - Started process (PID=176) to work on /home/airflow/.local/lib/python3.8/site-packages/airflow/example_dags/example_latest_only_with_trigger.py
[2025-07-18T13:00:10.629+0000] {processor.py:830} INFO - Processing file /home/airflow/.local/lib/python3.8/site-packages/airflow/example_dags/example_latest_only_with_trigger.py for tasks to queue
[2025-07-18T13:00:10.629+0000] {logging_mixin.py:188} INFO - [2025-07-18T13:00:10.629+0000] {dagbag.py:538} INFO - Filling up the DagBag from /home/airflow/.local/lib/python3.8/site-packages/airflow/example_dags/example_latest_only_with_trigger.py
[2025-07-18T13:00:10.632+0000] {processor.py:840} INFO - DAG(s) 'latest_only_with_trigger' retrieved from /home/airflow/.local/lib/python3.8/site-packages/airflow/example_dags/example_latest_only_with_trigger.py
[2025-07-18T13:00:10.642+0000] {logging_mixin.py:188} INFO - [2025-07-18T13:00:10.641+0000] {dag.py:3036} INFO - Sync 1 DAGs
[2025-07-18T13:00:10.651+0000] {logging_mixin.py:188} INFO - [2025-07-18T13:00:10.651+0000] {dag.py:3823} INFO - Setting next_dagrun for latest_only_with_trigger to 2025-07-18 08:00:00+00:00, run_after=2025-07-18 12:00:00+00:00
[2025-07-18T13:00:10.659+0000] {processor.py:183} INFO - Processing /home/airflow/.local/lib/python3.8/site-packages/airflow/example_dags/example_latest_only_with_trigger.py took 0.032 seconds
[2025-07-18T13:00:41.669+0000] {processor.py:161} INFO - Started process (PID=245) to work on /home/airflow/.local/lib/python3.8/site-packages/airflow/example_dags/example_latest_only_with_trigger.py
[2025-07-18T13:00:41.671+0000] {processor.py:830} INFO - Processing file /home/airflow/.local/lib/python3.8/site-packages/airflow/example_dags/example_latest_only_with_trigger.py for tasks to queue
[2025-07-18T13:00:41.672+0000] {logging_mixin.py:188} INFO - [2025-07-18T13:00:41.672+0000] {dagbag.py:538} INFO - Filling up the DagBag from /home/airflow/.local/lib/python3.8/site-packages/airflow/example_dags/example_latest_only_with_trigger.py
[2025-07-18T13:00:41.674+0000] {processor.py:840} INFO - DAG(s) 'latest_only_with_trigger' retrieved from /home/airflow/.local/lib/python3.8/site-packages/airflow/example_dags/example_latest_only_with_trigger.py
[2025-07-18T13:00:41.683+0000] {logging_mixin.py:188} INFO - [2025-07-18T13:00:41.683+0000] {dag.py:3036} INFO - Sync 1 DAGs
[2025-07-18T13:00:41.691+0000] {logging_mixin.py:188} INFO - [2025-07-18T13:00:41.691+0000] {dag.py:3823} INFO - Setting next_dagrun for latest_only_with_trigger to 2025-07-18 08:00:00+00:00, run_after=2025-07-18 12:00:00+00:00
[2025-07-18T13:00:41.698+0000] {processor.py:183} INFO - Processing /home/airflow/.local/lib/python3.8/site-packages/airflow/example_dags/example_latest_only_with_trigger.py took 0.030 seconds
[2025-07-18T13:01:11.707+0000] {processor.py:161} INFO - Started process (PID=316) to work on /home/airflow/.local/lib/python3.8/site-packages/airflow/example_dags/example_latest_only_with_trigger.py
[2025-07-18T13:01:11.707+0000] {processor.py:830} INFO - Processing file /home/airflow/.local/lib/python3.8/site-packages/airflow/example_dags/example_latest_only_with_trigger.py for tasks to queue
[2025-07-18T13:01:11.708+0000] {logging_mixin.py:188} INFO - [2025-07-18T13:01:11.708+0000] {dagbag.py:538} INFO - Filling up the DagBag from /home/airflow/.local/lib/python3.8/site-packages/airflow/example_dags/example_latest_only_with_trigger.py
[2025-07-18T13:01:11.710+0000] {processor.py:840} INFO - DAG(s) 'latest_only_with_trigger' retrieved from /home/airflow/.local/lib/python3.8/site-packages/airflow/example_dags/example_latest_only_with_trigger.py
[2025-07-18T13:01:11.717+0000] {logging_mixin.py:188} INFO - [2025-07-18T13:01:11.717+0000] {dag.py:3036} INFO - Sync 1 DAGs
[2025-07-18T13:01:11.724+0000] {logging_mixin.py:188} INFO - [2025-07-18T13:01:11.724+0000] {dag.py:3823} INFO - Setting next_dagrun for latest_only_with_trigger to 2025-07-18 08:00:00+00:00, run_after=2025-07-18 12:00:00+00:00
[2025-07-18T13:01:11.730+0000] {processor.py:183} INFO - Processing /home/airflow/.local/lib/python3.8/site-packages/airflow/example_dags/example_latest_only_with_trigger.py took 0.024 seconds
[2025-07-18T13:01:42.300+0000] {processor.py:161} INFO - Started process (PID=389) to work on /home/airflow/.local/lib/python3.8/site-packages/airflow/example_dags/example_latest_only_with_trigger.py
[2025-07-18T13:01:42.303+0000] {processor.py:830} INFO - Processing file /home/airflow/.local/lib/python3.8/site-packages/airflow/example_dags/example_latest_only_with_trigger.py for tasks to queue
[2025-07-18T13:01:42.304+0000] {logging_mixin.py:188} INFO - [2025-07-18T13:01:42.304+0000] {dagbag.py:538} INFO - Filling up the DagBag from /home/airflow/.local/lib/python3.8/site-packages/airflow/example_dags/example_latest_only_with_trigger.py
[2025-07-18T13:01:42.306+0000] {processor.py:840} INFO - DAG(s) 'latest_only_with_trigger' retrieved from /home/airflow/.local/lib/python3.8/site-packages/airflow/example_dags/example_latest_only_with_trigger.py
[2025-07-18T13:01:42.313+0000] {logging_mixin.py:188} INFO - [2025-07-18T13:01:42.313+0000] {dag.py:3036} INFO - Sync 1 DAGs
[2025-07-18T13:01:42.323+0000] {logging_mixin.py:188} INFO - [2025-07-18T13:01:42.323+0000] {dag.py:3823} INFO - Setting next_dagrun for latest_only_with_trigger to 2025-07-18 08:00:00+00:00, run_after=2025-07-18 12:00:00+00:00
[2025-07-18T13:01:42.329+0000] {processor.py:183} INFO - Processing /home/airflow/.local/lib/python3.8/site-packages/airflow/example_dags/example_latest_only_with_trigger.py took 0.032 seconds
[2025-07-18T13:02:13.080+0000] {processor.py:161} INFO - Started process (PID=456) to work on /home/airflow/.local/lib/python3.8/site-packages/airflow/example_dags/example_latest_only_with_trigger.py
[2025-07-18T13:02:13.081+0000] {processor.py:830} INFO - Processing file /home/airflow/.local/lib/python3.8/site-packages/airflow/example_dags/example_latest_only_with_trigger.py for tasks to queue
[2025-07-18T13:02:13.082+0000] {logging_mixin.py:188} INFO - [2025-07-18T13:02:13.082+0000] {dagbag.py:538} INFO - Filling up the DagBag from /home/airflow/.local/lib/python3.8/site-packages/airflow/example_dags/example_latest_only_with_trigger.py
[2025-07-18T13:02:13.084+0000] {processor.py:840} INFO - DAG(s) 'latest_only_with_trigger' retrieved from /home/airflow/.local/lib/python3.8/site-packages/airflow/example_dags/example_latest_only_with_trigger.py
[2025-07-18T13:02:13.092+0000] {logging_mixin.py:188} INFO - [2025-07-18T13:02:13.092+0000] {dag.py:3036} INFO - Sync 1 DAGs
[2025-07-18T13:02:13.099+0000] {logging_mixin.py:188} INFO - [2025-07-18T13:02:13.098+0000] {dag.py:3823} INFO - Setting next_dagrun for latest_only_with_trigger to 2025-07-18 08:00:00+00:00, run_after=2025-07-18 12:00:00+00:00
[2025-07-18T13:02:13.106+0000] {processor.py:183} INFO - Processing /home/airflow/.local/lib/python3.8/site-packages/airflow/example_dags/example_latest_only_with_trigger.py took 0.027 seconds
[2025-07-18T13:02:43.261+0000] {processor.py:161} INFO - Started process (PID=529) to work on /home/airflow/.local/lib/python3.8/site-packages/airflow/example_dags/example_latest_only_with_trigger.py
[2025-07-18T13:02:43.262+0000] {processor.py:830} INFO - Processing file /home/airflow/.local/lib/python3.8/site-packages/airflow/example_dags/example_latest_only_with_trigger.py for tasks to queue
[2025-07-18T13:02:43.262+0000] {logging_mixin.py:188} INFO - [2025-07-18T13:02:43.262+0000] {dagbag.py:538} INFO - Filling up the DagBag from /home/airflow/.local/lib/python3.8/site-packages/airflow/example_dags/example_latest_only_with_trigger.py
[2025-07-18T13:02:43.265+0000] {processor.py:840} INFO - DAG(s) 'latest_only_with_trigger' retrieved from /home/airflow/.local/lib/python3.8/site-packages/airflow/example_dags/example_latest_only_with_trigger.py
[2025-07-18T13:02:43.272+0000] {logging_mixin.py:188} INFO - [2025-07-18T13:02:43.272+0000] {dag.py:3036} INFO - Sync 1 DAGs
[2025-07-18T13:02:43.279+0000] {logging_mixin.py:188} INFO - [2025-07-18T13:02:43.279+0000] {dag.py:3823} INFO - Setting next_dagrun for latest_only_with_trigger to 2025-07-18 08:00:00+00:00, run_after=2025-07-18 12:00:00+00:00
[2025-07-18T13:02:43.285+0000] {processor.py:183} INFO - Processing /home/airflow/.local/lib/python3.8/site-packages/airflow/example_dags/example_latest_only_with_trigger.py took 0.026 seconds
[2025-07-18T13:03:14.212+0000] {processor.py:161} INFO - Started process (PID=602) to work on /home/airflow/.local/lib/python3.8/site-packages/airflow/example_dags/example_latest_only_with_trigger.py
[2025-07-18T13:03:14.212+0000] {processor.py:830} INFO - Processing file /home/airflow/.local/lib/python3.8/site-packages/airflow/example_dags/example_latest_only_with_trigger.py for tasks to queue
[2025-07-18T13:03:14.213+0000] {logging_mixin.py:188} INFO - [2025-07-18T13:03:14.213+0000] {dagbag.py:538} INFO - Filling up the DagBag from /home/airflow/.local/lib/python3.8/site-packages/airflow/example_dags/example_latest_only_with_trigger.py
[2025-07-18T13:03:14.215+0000] {processor.py:840} INFO - DAG(s) 'latest_only_with_trigger' retrieved from /home/airflow/.local/lib/python3.8/site-packages/airflow/example_dags/example_latest_only_with_trigger.py
[2025-07-18T13:03:14.222+0000] {logging_mixin.py:188} INFO - [2025-07-18T13:03:14.222+0000] {dag.py:3036} INFO - Sync 1 DAGs
[2025-07-18T13:03:14.230+0000] {logging_mixin.py:188} INFO - [2025-07-18T13:03:14.229+0000] {dag.py:3823} INFO - Setting next_dagrun for latest_only_with_trigger to 2025-07-18 08:00:00+00:00, run_after=2025-07-18 12:00:00+00:00
[2025-07-18T13:03:14.235+0000] {processor.py:183} INFO - Processing /home/airflow/.local/lib/python3.8/site-packages/airflow/example_dags/example_latest_only_with_trigger.py took 0.024 seconds
[2025-07-18T13:03:44.936+0000] {processor.py:161} INFO - Started process (PID=680) to work on /home/airflow/.local/lib/python3.8/site-packages/airflow/example_dags/example_latest_only_with_trigger.py
[2025-07-18T13:03:44.939+0000] {processor.py:830} INFO - Processing file /home/airflow/.local/lib/python3.8/site-packages/airflow/example_dags/example_latest_only_with_trigger.py for tasks to queue
[2025-07-18T13:03:44.940+0000] {logging_mixin.py:188} INFO - [2025-07-18T13:03:44.940+0000] {dagbag.py:538} INFO - Filling up the DagBag from /home/airflow/.local/lib/python3.8/site-packages/airflow/example_dags/example_latest_only_with_trigger.py
[2025-07-18T13:03:44.943+0000] {processor.py:840} INFO - DAG(s) 'latest_only_with_trigger' retrieved from /home/airflow/.local/lib/python3.8/site-packages/airflow/example_dags/example_latest_only_with_trigger.py
[2025-07-18T13:03:44.950+0000] {logging_mixin.py:188} INFO - [2025-07-18T13:03:44.950+0000] {dag.py:3036} INFO - Sync 1 DAGs
[2025-07-18T13:03:44.959+0000] {logging_mixin.py:188} INFO - [2025-07-18T13:03:44.959+0000] {dag.py:3823} INFO - Setting next_dagrun for latest_only_with_trigger to 2025-07-18 08:00:00+00:00, run_after=2025-07-18 12:00:00+00:00
[2025-07-18T13:03:44.967+0000] {processor.py:183} INFO - Processing /home/airflow/.local/lib/python3.8/site-packages/airflow/example_dags/example_latest_only_with_trigger.py took 0.032 seconds
[2025-07-18T13:04:15.706+0000] {processor.py:161} INFO - Started process (PID=753) to work on /home/airflow/.local/lib/python3.8/site-packages/airflow/example_dags/example_latest_only_with_trigger.py
[2025-07-18T13:04:15.709+0000] {processor.py:830} INFO - Processing file /home/airflow/.local/lib/python3.8/site-packages/airflow/example_dags/example_latest_only_with_trigger.py for tasks to queue
[2025-07-18T13:04:15.710+0000] {logging_mixin.py:188} INFO - [2025-07-18T13:04:15.710+0000] {dagbag.py:538} INFO - Filling up the DagBag from /home/airflow/.local/lib/python3.8/site-packages/airflow/example_dags/example_latest_only_with_trigger.py
[2025-07-18T13:04:15.712+0000] {processor.py:840} INFO - DAG(s) 'latest_only_with_trigger' retrieved from /home/airflow/.local/lib/python3.8/site-packages/airflow/example_dags/example_latest_only_with_trigger.py
[2025-07-18T13:04:15.723+0000] {logging_mixin.py:188} INFO - [2025-07-18T13:04:15.723+0000] {dag.py:3036} INFO - Sync 1 DAGs
[2025-07-18T13:04:15.731+0000] {logging_mixin.py:188} INFO - [2025-07-18T13:04:15.731+0000] {dag.py:3823} INFO - Setting next_dagrun for latest_only_with_trigger to 2025-07-18 08:00:00+00:00, run_after=2025-07-18 12:00:00+00:00
[2025-07-18T13:04:15.739+0000] {processor.py:183} INFO - Processing /home/airflow/.local/lib/python3.8/site-packages/airflow/example_dags/example_latest_only_with_trigger.py took 0.034 seconds
[2025-07-18T13:04:46.465+0000] {processor.py:161} INFO - Started process (PID=826) to work on /home/airflow/.local/lib/python3.8/site-packages/airflow/example_dags/example_latest_only_with_trigger.py
[2025-07-18T13:04:46.466+0000] {processor.py:830} INFO - Processing file /home/airflow/.local/lib/python3.8/site-packages/airflow/example_dags/example_latest_only_with_trigger.py for tasks to queue
[2025-07-18T13:04:46.466+0000] {logging_mixin.py:188} INFO - [2025-07-18T13:04:46.466+0000] {dagbag.py:538} INFO - Filling up the DagBag from /home/airflow/.local/lib/python3.8/site-packages/airflow/example_dags/example_latest_only_with_trigger.py
[2025-07-18T13:04:46.470+0000] {processor.py:840} INFO - DAG(s) 'latest_only_with_trigger' retrieved from /home/airflow/.local/lib/python3.8/site-packages/airflow/example_dags/example_latest_only_with_trigger.py
[2025-07-18T13:04:46.479+0000] {logging_mixin.py:188} INFO - [2025-07-18T13:04:46.479+0000] {dag.py:3036} INFO - Sync 1 DAGs
[2025-07-18T13:04:46.487+0000] {logging_mixin.py:188} INFO - [2025-07-18T13:04:46.487+0000] {dag.py:3823} INFO - Setting next_dagrun for latest_only_with_trigger to 2025-07-18 08:00:00+00:00, run_after=2025-07-18 12:00:00+00:00
[2025-07-18T13:04:46.495+0000] {processor.py:183} INFO - Processing /home/airflow/.local/lib/python3.8/site-packages/airflow/example_dags/example_latest_only_with_trigger.py took 0.031 seconds
[2025-07-18T13:05:17.147+0000] {processor.py:161} INFO - Started process (PID=899) to work on /home/airflow/.local/lib/python3.8/site-packages/airflow/example_dags/example_latest_only_with_trigger.py
[2025-07-18T13:05:17.147+0000] {processor.py:830} INFO - Processing file /home/airflow/.local/lib/python3.8/site-packages/airflow/example_dags/example_latest_only_with_trigger.py for tasks to queue
[2025-07-18T13:05:17.148+0000] {logging_mixin.py:188} INFO - [2025-07-18T13:05:17.148+0000] {dagbag.py:538} INFO - Filling up the DagBag from /home/airflow/.local/lib/python3.8/site-packages/airflow/example_dags/example_latest_only_with_trigger.py
[2025-07-18T13:05:17.150+0000] {processor.py:840} INFO - DAG(s) 'latest_only_with_trigger' retrieved from /home/airflow/.local/lib/python3.8/site-packages/airflow/example_dags/example_latest_only_with_trigger.py
[2025-07-18T13:05:17.157+0000] {logging_mixin.py:188} INFO - [2025-07-18T13:05:17.157+0000] {dag.py:3036} INFO - Sync 1 DAGs
[2025-07-18T13:05:17.167+0000] {logging_mixin.py:188} INFO - [2025-07-18T13:05:17.167+0000] {dag.py:3823} INFO - Setting next_dagrun for latest_only_with_trigger to 2025-07-18 08:00:00+00:00, run_after=2025-07-18 12:00:00+00:00
[2025-07-18T13:05:17.175+0000] {processor.py:183} INFO - Processing /home/airflow/.local/lib/python3.8/site-packages/airflow/example_dags/example_latest_only_with_trigger.py took 0.029 seconds
[2025-07-18T13:05:47.934+0000] {processor.py:161} INFO - Started process (PID=972) to work on /home/airflow/.local/lib/python3.8/site-packages/airflow/example_dags/example_latest_only_with_trigger.py
[2025-07-18T13:05:47.934+0000] {processor.py:830} INFO - Processing file /home/airflow/.local/lib/python3.8/site-packages/airflow/example_dags/example_latest_only_with_trigger.py for tasks to queue
[2025-07-18T13:05:47.935+0000] {logging_mixin.py:188} INFO - [2025-07-18T13:05:47.934+0000] {dagbag.py:538} INFO - Filling up the DagBag from /home/airflow/.local/lib/python3.8/site-packages/airflow/example_dags/example_latest_only_with_trigger.py
[2025-07-18T13:05:47.937+0000] {processor.py:840} INFO - DAG(s) 'latest_only_with_trigger' retrieved from /home/airflow/.local/lib/python3.8/site-packages/airflow/example_dags/example_latest_only_with_trigger.py
[2025-07-18T13:05:47.943+0000] {logging_mixin.py:188} INFO - [2025-07-18T13:05:47.943+0000] {dag.py:3036} INFO - Sync 1 DAGs
[2025-07-18T13:05:47.950+0000] {logging_mixin.py:188} INFO - [2025-07-18T13:05:47.950+0000] {dag.py:3823} INFO - Setting next_dagrun for latest_only_with_trigger to 2025-07-18 08:00:00+00:00, run_after=2025-07-18 12:00:00+00:00
[2025-07-18T13:05:47.955+0000] {processor.py:183} INFO - Processing /home/airflow/.local/lib/python3.8/site-packages/airflow/example_dags/example_latest_only_with_trigger.py took 0.023 seconds
[2025-07-18T13:06:18.838+0000] {processor.py:161} INFO - Started process (PID=1045) to work on /home/airflow/.local/lib/python3.8/site-packages/airflow/example_dags/example_latest_only_with_trigger.py
[2025-07-18T13:06:18.838+0000] {processor.py:830} INFO - Processing file /home/airflow/.local/lib/python3.8/site-packages/airflow/example_dags/example_latest_only_with_trigger.py for tasks to queue
[2025-07-18T13:06:18.839+0000] {logging_mixin.py:188} INFO - [2025-07-18T13:06:18.839+0000] {dagbag.py:538} INFO - Filling up the DagBag from /home/airflow/.local/lib/python3.8/site-packages/airflow/example_dags/example_latest_only_with_trigger.py
[2025-07-18T13:06:18.843+0000] {processor.py:840} INFO - DAG(s) 'latest_only_with_trigger' retrieved from /home/airflow/.local/lib/python3.8/site-packages/airflow/example_dags/example_latest_only_with_trigger.py
[2025-07-18T13:06:18.852+0000] {logging_mixin.py:188} INFO - [2025-07-18T13:06:18.852+0000] {dag.py:3036} INFO - Sync 1 DAGs
[2025-07-18T13:06:18.861+0000] {logging_mixin.py:188} INFO - [2025-07-18T13:06:18.861+0000] {dag.py:3823} INFO - Setting next_dagrun for latest_only_with_trigger to 2025-07-18 08:00:00+00:00, run_after=2025-07-18 12:00:00+00:00
[2025-07-18T13:06:18.870+0000] {processor.py:183} INFO - Processing /home/airflow/.local/lib/python3.8/site-packages/airflow/example_dags/example_latest_only_with_trigger.py took 0.034 seconds
[2025-07-18T13:06:49.092+0000] {processor.py:161} INFO - Started process (PID=1117) to work on /home/airflow/.local/lib/python3.8/site-packages/airflow/example_dags/example_latest_only_with_trigger.py
[2025-07-18T13:06:49.092+0000] {processor.py:830} INFO - Processing file /home/airflow/.local/lib/python3.8/site-packages/airflow/example_dags/example_latest_only_with_trigger.py for tasks to queue
[2025-07-18T13:06:49.093+0000] {logging_mixin.py:188} INFO - [2025-07-18T13:06:49.093+0000] {dagbag.py:538} INFO - Filling up the DagBag from /home/airflow/.local/lib/python3.8/site-packages/airflow/example_dags/example_latest_only_with_trigger.py
[2025-07-18T13:06:49.099+0000] {processor.py:840} INFO - DAG(s) 'latest_only_with_trigger' retrieved from /home/airflow/.local/lib/python3.8/site-packages/airflow/example_dags/example_latest_only_with_trigger.py
[2025-07-18T13:06:49.110+0000] {logging_mixin.py:188} INFO - [2025-07-18T13:06:49.110+0000] {dag.py:3036} INFO - Sync 1 DAGs
[2025-07-18T13:06:49.119+0000] {logging_mixin.py:188} INFO - [2025-07-18T13:06:49.119+0000] {dag.py:3823} INFO - Setting next_dagrun for latest_only_with_trigger to 2025-07-18 08:00:00+00:00, run_after=2025-07-18 12:00:00+00:00
[2025-07-18T13:06:49.125+0000] {processor.py:183} INFO - Processing /home/airflow/.local/lib/python3.8/site-packages/airflow/example_dags/example_latest_only_with_trigger.py took 0.035 seconds
[2025-07-18T13:07:19.873+0000] {processor.py:161} INFO - Started process (PID=1190) to work on /home/airflow/.local/lib/python3.8/site-packages/airflow/example_dags/example_latest_only_with_trigger.py
[2025-07-18T13:07:19.874+0000] {processor.py:830} INFO - Processing file /home/airflow/.local/lib/python3.8/site-packages/airflow/example_dags/example_latest_only_with_trigger.py for tasks to queue
[2025-07-18T13:07:19.874+0000] {logging_mixin.py:188} INFO - [2025-07-18T13:07:19.874+0000] {dagbag.py:538} INFO - Filling up the DagBag from /home/airflow/.local/lib/python3.8/site-packages/airflow/example_dags/example_latest_only_with_trigger.py
[2025-07-18T13:07:19.876+0000] {processor.py:840} INFO - DAG(s) 'latest_only_with_trigger' retrieved from /home/airflow/.local/lib/python3.8/site-packages/airflow/example_dags/example_latest_only_with_trigger.py
[2025-07-18T13:07:19.886+0000] {logging_mixin.py:188} INFO - [2025-07-18T13:07:19.886+0000] {dag.py:3036} INFO - Sync 1 DAGs
[2025-07-18T13:07:19.893+0000] {logging_mixin.py:188} INFO - [2025-07-18T13:07:19.893+0000] {dag.py:3823} INFO - Setting next_dagrun for latest_only_with_trigger to 2025-07-18 08:00:00+00:00, run_after=2025-07-18 12:00:00+00:00
[2025-07-18T13:07:19.904+0000] {processor.py:183} INFO - Processing /home/airflow/.local/lib/python3.8/site-packages/airflow/example_dags/example_latest_only_with_trigger.py took 0.032 seconds
[2025-07-18T13:07:50.780+0000] {processor.py:161} INFO - Started process (PID=1263) to work on /home/airflow/.local/lib/python3.8/site-packages/airflow/example_dags/example_latest_only_with_trigger.py
[2025-07-18T13:07:50.780+0000] {processor.py:830} INFO - Processing file /home/airflow/.local/lib/python3.8/site-packages/airflow/example_dags/example_latest_only_with_trigger.py for tasks to queue
[2025-07-18T13:07:50.781+0000] {logging_mixin.py:188} INFO - [2025-07-18T13:07:50.781+0000] {dagbag.py:538} INFO - Filling up the DagBag from /home/airflow/.local/lib/python3.8/site-packages/airflow/example_dags/example_latest_only_with_trigger.py
[2025-07-18T13:07:50.783+0000] {processor.py:840} INFO - DAG(s) 'latest_only_with_trigger' retrieved from /home/airflow/.local/lib/python3.8/site-packages/airflow/example_dags/example_latest_only_with_trigger.py
[2025-07-18T13:07:50.790+0000] {logging_mixin.py:188} INFO - [2025-07-18T13:07:50.790+0000] {dag.py:3036} INFO - Sync 1 DAGs
[2025-07-18T13:07:50.796+0000] {logging_mixin.py:188} INFO - [2025-07-18T13:07:50.796+0000] {dag.py:3823} INFO - Setting next_dagrun for latest_only_with_trigger to 2025-07-18 08:00:00+00:00, run_after=2025-07-18 12:00:00+00:00
[2025-07-18T13:07:50.801+0000] {processor.py:183} INFO - Processing /home/airflow/.local/lib/python3.8/site-packages/airflow/example_dags/example_latest_only_with_trigger.py took 0.023 seconds
[2025-07-18T13:08:21.479+0000] {processor.py:161} INFO - Started process (PID=1336) to work on /home/airflow/.local/lib/python3.8/site-packages/airflow/example_dags/example_latest_only_with_trigger.py
[2025-07-18T13:08:21.480+0000] {processor.py:830} INFO - Processing file /home/airflow/.local/lib/python3.8/site-packages/airflow/example_dags/example_latest_only_with_trigger.py for tasks to queue
[2025-07-18T13:08:21.481+0000] {logging_mixin.py:188} INFO - [2025-07-18T13:08:21.481+0000] {dagbag.py:538} INFO - Filling up the DagBag from /home/airflow/.local/lib/python3.8/site-packages/airflow/example_dags/example_latest_only_with_trigger.py
[2025-07-18T13:08:21.484+0000] {processor.py:840} INFO - DAG(s) 'latest_only_with_trigger' retrieved from /home/airflow/.local/lib/python3.8/site-packages/airflow/example_dags/example_latest_only_with_trigger.py
[2025-07-18T13:08:21.494+0000] {logging_mixin.py:188} INFO - [2025-07-18T13:08:21.494+0000] {dag.py:3036} INFO - Sync 1 DAGs
[2025-07-18T13:08:21.502+0000] {logging_mixin.py:188} INFO - [2025-07-18T13:08:21.502+0000] {dag.py:3823} INFO - Setting next_dagrun for latest_only_with_trigger to 2025-07-18 08:00:00+00:00, run_after=2025-07-18 12:00:00+00:00
[2025-07-18T13:08:21.511+0000] {processor.py:183} INFO - Processing /home/airflow/.local/lib/python3.8/site-packages/airflow/example_dags/example_latest_only_with_trigger.py took 0.033 seconds
[2025-07-18T13:08:52.110+0000] {processor.py:161} INFO - Started process (PID=1409) to work on /home/airflow/.local/lib/python3.8/site-packages/airflow/example_dags/example_latest_only_with_trigger.py
[2025-07-18T13:08:52.112+0000] {processor.py:830} INFO - Processing file /home/airflow/.local/lib/python3.8/site-packages/airflow/example_dags/example_latest_only_with_trigger.py for tasks to queue
[2025-07-18T13:08:52.114+0000] {logging_mixin.py:188} INFO - [2025-07-18T13:08:52.114+0000] {dagbag.py:538} INFO - Filling up the DagBag from /home/airflow/.local/lib/python3.8/site-packages/airflow/example_dags/example_latest_only_with_trigger.py
[2025-07-18T13:08:52.116+0000] {processor.py:840} INFO - DAG(s) 'latest_only_with_trigger' retrieved from /home/airflow/.local/lib/python3.8/site-packages/airflow/example_dags/example_latest_only_with_trigger.py
[2025-07-18T13:08:52.126+0000] {logging_mixin.py:188} INFO - [2025-07-18T13:08:52.126+0000] {dag.py:3036} INFO - Sync 1 DAGs
[2025-07-18T13:08:52.133+0000] {logging_mixin.py:188} INFO - [2025-07-18T13:08:52.133+0000] {dag.py:3823} INFO - Setting next_dagrun for latest_only_with_trigger to 2025-07-18 08:00:00+00:00, run_after=2025-07-18 12:00:00+00:00
[2025-07-18T13:08:52.140+0000] {processor.py:183} INFO - Processing /home/airflow/.local/lib/python3.8/site-packages/airflow/example_dags/example_latest_only_with_trigger.py took 0.031 seconds
[2025-07-18T13:09:22.676+0000] {processor.py:161} INFO - Started process (PID=1482) to work on /home/airflow/.local/lib/python3.8/site-packages/airflow/example_dags/example_latest_only_with_trigger.py
[2025-07-18T13:09:22.679+0000] {processor.py:830} INFO - Processing file /home/airflow/.local/lib/python3.8/site-packages/airflow/example_dags/example_latest_only_with_trigger.py for tasks to queue
[2025-07-18T13:09:22.681+0000] {logging_mixin.py:188} INFO - [2025-07-18T13:09:22.681+0000] {dagbag.py:538} INFO - Filling up the DagBag from /home/airflow/.local/lib/python3.8/site-packages/airflow/example_dags/example_latest_only_with_trigger.py
[2025-07-18T13:09:22.684+0000] {processor.py:840} INFO - DAG(s) 'latest_only_with_trigger' retrieved from /home/airflow/.local/lib/python3.8/site-packages/airflow/example_dags/example_latest_only_with_trigger.py
[2025-07-18T13:09:22.691+0000] {logging_mixin.py:188} INFO - [2025-07-18T13:09:22.691+0000] {dag.py:3036} INFO - Sync 1 DAGs
[2025-07-18T13:09:22.698+0000] {logging_mixin.py:188} INFO - [2025-07-18T13:09:22.698+0000] {dag.py:3823} INFO - Setting next_dagrun for latest_only_with_trigger to 2025-07-18 08:00:00+00:00, run_after=2025-07-18 12:00:00+00:00
[2025-07-18T13:09:22.703+0000] {processor.py:183} INFO - Processing /home/airflow/.local/lib/python3.8/site-packages/airflow/example_dags/example_latest_only_with_trigger.py took 0.028 seconds
[2025-07-18T13:09:53.353+0000] {processor.py:161} INFO - Started process (PID=1555) to work on /home/airflow/.local/lib/python3.8/site-packages/airflow/example_dags/example_latest_only_with_trigger.py
[2025-07-18T13:09:53.354+0000] {processor.py:830} INFO - Processing file /home/airflow/.local/lib/python3.8/site-packages/airflow/example_dags/example_latest_only_with_trigger.py for tasks to queue
[2025-07-18T13:09:53.355+0000] {logging_mixin.py:188} INFO - [2025-07-18T13:09:53.355+0000] {dagbag.py:538} INFO - Filling up the DagBag from /home/airflow/.local/lib/python3.8/site-packages/airflow/example_dags/example_latest_only_with_trigger.py
[2025-07-18T13:09:53.361+0000] {processor.py:840} INFO - DAG(s) 'latest_only_with_trigger' retrieved from /home/airflow/.local/lib/python3.8/site-packages/airflow/example_dags/example_latest_only_with_trigger.py
[2025-07-18T13:09:53.372+0000] {logging_mixin.py:188} INFO - [2025-07-18T13:09:53.371+0000] {dag.py:3036} INFO - Sync 1 DAGs
[2025-07-18T13:09:53.379+0000] {logging_mixin.py:188} INFO - [2025-07-18T13:09:53.379+0000] {dag.py:3823} INFO - Setting next_dagrun for latest_only_with_trigger to 2025-07-18 08:00:00+00:00, run_after=2025-07-18 12:00:00+00:00
[2025-07-18T13:09:53.385+0000] {processor.py:183} INFO - Processing /home/airflow/.local/lib/python3.8/site-packages/airflow/example_dags/example_latest_only_with_trigger.py took 0.033 seconds
[2025-07-18T13:10:24.085+0000] {processor.py:161} INFO - Started process (PID=1628) to work on /home/airflow/.local/lib/python3.8/site-packages/airflow/example_dags/example_latest_only_with_trigger.py
[2025-07-18T13:10:24.086+0000] {processor.py:830} INFO - Processing file /home/airflow/.local/lib/python3.8/site-packages/airflow/example_dags/example_latest_only_with_trigger.py for tasks to queue
[2025-07-18T13:10:24.087+0000] {logging_mixin.py:188} INFO - [2025-07-18T13:10:24.087+0000] {dagbag.py:538} INFO - Filling up the DagBag from /home/airflow/.local/lib/python3.8/site-packages/airflow/example_dags/example_latest_only_with_trigger.py
[2025-07-18T13:10:24.089+0000] {processor.py:840} INFO - DAG(s) 'latest_only_with_trigger' retrieved from /home/airflow/.local/lib/python3.8/site-packages/airflow/example_dags/example_latest_only_with_trigger.py
[2025-07-18T13:10:24.099+0000] {logging_mixin.py:188} INFO - [2025-07-18T13:10:24.099+0000] {dag.py:3036} INFO - Sync 1 DAGs
[2025-07-18T13:10:24.107+0000] {logging_mixin.py:188} INFO - [2025-07-18T13:10:24.106+0000] {dag.py:3823} INFO - Setting next_dagrun for latest_only_with_trigger to 2025-07-18 08:00:00+00:00, run_after=2025-07-18 12:00:00+00:00
[2025-07-18T13:10:24.114+0000] {processor.py:183} INFO - Processing /home/airflow/.local/lib/python3.8/site-packages/airflow/example_dags/example_latest_only_with_trigger.py took 0.030 seconds
[2025-07-18T13:10:55.009+0000] {processor.py:161} INFO - Started process (PID=1701) to work on /home/airflow/.local/lib/python3.8/site-packages/airflow/example_dags/example_latest_only_with_trigger.py
[2025-07-18T13:10:55.009+0000] {processor.py:830} INFO - Processing file /home/airflow/.local/lib/python3.8/site-packages/airflow/example_dags/example_latest_only_with_trigger.py for tasks to queue
[2025-07-18T13:10:55.010+0000] {logging_mixin.py:188} INFO - [2025-07-18T13:10:55.010+0000] {dagbag.py:538} INFO - Filling up the DagBag from /home/airflow/.local/lib/python3.8/site-packages/airflow/example_dags/example_latest_only_with_trigger.py
[2025-07-18T13:10:55.012+0000] {processor.py:840} INFO - DAG(s) 'latest_only_with_trigger' retrieved from /home/airflow/.local/lib/python3.8/site-packages/airflow/example_dags/example_latest_only_with_trigger.py
[2025-07-18T13:10:55.019+0000] {logging_mixin.py:188} INFO - [2025-07-18T13:10:55.019+0000] {dag.py:3036} INFO - Sync 1 DAGs
[2025-07-18T13:10:55.026+0000] {logging_mixin.py:188} INFO - [2025-07-18T13:10:55.025+0000] {dag.py:3823} INFO - Setting next_dagrun for latest_only_with_trigger to 2025-07-18 08:00:00+00:00, run_after=2025-07-18 12:00:00+00:00
[2025-07-18T13:10:55.031+0000] {processor.py:183} INFO - Processing /home/airflow/.local/lib/python3.8/site-packages/airflow/example_dags/example_latest_only_with_trigger.py took 0.023 seconds
[2025-07-18T13:11:25.834+0000] {processor.py:161} INFO - Started process (PID=1774) to work on /home/airflow/.local/lib/python3.8/site-packages/airflow/example_dags/example_latest_only_with_trigger.py
[2025-07-18T13:11:25.834+0000] {processor.py:830} INFO - Processing file /home/airflow/.local/lib/python3.8/site-packages/airflow/example_dags/example_latest_only_with_trigger.py for tasks to queue
[2025-07-18T13:11:25.835+0000] {logging_mixin.py:188} INFO - [2025-07-18T13:11:25.835+0000] {dagbag.py:538} INFO - Filling up the DagBag from /home/airflow/.local/lib/python3.8/site-packages/airflow/example_dags/example_latest_only_with_trigger.py
[2025-07-18T13:11:25.840+0000] {processor.py:840} INFO - DAG(s) 'latest_only_with_trigger' retrieved from /home/airflow/.local/lib/python3.8/site-packages/airflow/example_dags/example_latest_only_with_trigger.py
[2025-07-18T13:11:25.849+0000] {logging_mixin.py:188} INFO - [2025-07-18T13:11:25.848+0000] {dag.py:3036} INFO - Sync 1 DAGs
[2025-07-18T13:11:25.857+0000] {logging_mixin.py:188} INFO - [2025-07-18T13:11:25.857+0000] {dag.py:3823} INFO - Setting next_dagrun for latest_only_with_trigger to 2025-07-18 08:00:00+00:00, run_after=2025-07-18 12:00:00+00:00
[2025-07-18T13:11:25.865+0000] {processor.py:183} INFO - Processing /home/airflow/.local/lib/python3.8/site-packages/airflow/example_dags/example_latest_only_with_trigger.py took 0.033 seconds
[2025-07-18T13:11:56.990+0000] {processor.py:161} INFO - Started process (PID=1847) to work on /home/airflow/.local/lib/python3.8/site-packages/airflow/example_dags/example_latest_only_with_trigger.py
[2025-07-18T13:11:56.990+0000] {processor.py:830} INFO - Processing file /home/airflow/.local/lib/python3.8/site-packages/airflow/example_dags/example_latest_only_with_trigger.py for tasks to queue
[2025-07-18T13:11:56.991+0000] {logging_mixin.py:188} INFO - [2025-07-18T13:11:56.991+0000] {dagbag.py:538} INFO - Filling up the DagBag from /home/airflow/.local/lib/python3.8/site-packages/airflow/example_dags/example_latest_only_with_trigger.py
[2025-07-18T13:11:56.994+0000] {processor.py:840} INFO - DAG(s) 'latest_only_with_trigger' retrieved from /home/airflow/.local/lib/python3.8/site-packages/airflow/example_dags/example_latest_only_with_trigger.py
[2025-07-18T13:11:57.007+0000] {logging_mixin.py:188} INFO - [2025-07-18T13:11:57.007+0000] {dag.py:3036} INFO - Sync 1 DAGs
[2025-07-18T13:11:57.014+0000] {logging_mixin.py:188} INFO - [2025-07-18T13:11:57.014+0000] {dag.py:3823} INFO - Setting next_dagrun for latest_only_with_trigger to 2025-07-18 08:00:00+00:00, run_after=2025-07-18 12:00:00+00:00
[2025-07-18T13:11:57.022+0000] {processor.py:183} INFO - Processing /home/airflow/.local/lib/python3.8/site-packages/airflow/example_dags/example_latest_only_with_trigger.py took 0.033 seconds
[2025-07-18T13:12:28.469+0000] {processor.py:161} INFO - Started process (PID=1919) to work on /home/airflow/.local/lib/python3.8/site-packages/airflow/example_dags/example_latest_only_with_trigger.py
[2025-07-18T13:12:28.470+0000] {processor.py:830} INFO - Processing file /home/airflow/.local/lib/python3.8/site-packages/airflow/example_dags/example_latest_only_with_trigger.py for tasks to queue
[2025-07-18T13:12:28.470+0000] {logging_mixin.py:188} INFO - [2025-07-18T13:12:28.470+0000] {dagbag.py:538} INFO - Filling up the DagBag from /home/airflow/.local/lib/python3.8/site-packages/airflow/example_dags/example_latest_only_with_trigger.py
[2025-07-18T13:12:28.473+0000] {processor.py:840} INFO - DAG(s) 'latest_only_with_trigger' retrieved from /home/airflow/.local/lib/python3.8/site-packages/airflow/example_dags/example_latest_only_with_trigger.py
[2025-07-18T13:12:28.481+0000] {logging_mixin.py:188} INFO - [2025-07-18T13:12:28.481+0000] {dag.py:3036} INFO - Sync 1 DAGs
[2025-07-18T13:12:28.555+0000] {logging_mixin.py:188} INFO - [2025-07-18T13:12:28.555+0000] {dag.py:3823} INFO - Setting next_dagrun for latest_only_with_trigger to 2025-07-18 08:00:00+00:00, run_after=2025-07-18 12:00:00+00:00
[2025-07-18T13:12:28.565+0000] {processor.py:183} INFO - Processing /home/airflow/.local/lib/python3.8/site-packages/airflow/example_dags/example_latest_only_with_trigger.py took 0.097 seconds
[2025-07-18T13:12:59.057+0000] {processor.py:161} INFO - Started process (PID=1992) to work on /home/airflow/.local/lib/python3.8/site-packages/airflow/example_dags/example_latest_only_with_trigger.py
[2025-07-18T13:12:59.057+0000] {processor.py:830} INFO - Processing file /home/airflow/.local/lib/python3.8/site-packages/airflow/example_dags/example_latest_only_with_trigger.py for tasks to queue
[2025-07-18T13:12:59.058+0000] {logging_mixin.py:188} INFO - [2025-07-18T13:12:59.058+0000] {dagbag.py:538} INFO - Filling up the DagBag from /home/airflow/.local/lib/python3.8/site-packages/airflow/example_dags/example_latest_only_with_trigger.py
[2025-07-18T13:12:59.060+0000] {processor.py:840} INFO - DAG(s) 'latest_only_with_trigger' retrieved from /home/airflow/.local/lib/python3.8/site-packages/airflow/example_dags/example_latest_only_with_trigger.py
[2025-07-18T13:12:59.071+0000] {logging_mixin.py:188} INFO - [2025-07-18T13:12:59.071+0000] {dag.py:3036} INFO - Sync 1 DAGs
[2025-07-18T13:12:59.162+0000] {logging_mixin.py:188} INFO - [2025-07-18T13:12:59.161+0000] {dag.py:3823} INFO - Setting next_dagrun for latest_only_with_trigger to 2025-07-18 08:00:00+00:00, run_after=2025-07-18 12:00:00+00:00
[2025-07-18T13:12:59.173+0000] {processor.py:183} INFO - Processing /home/airflow/.local/lib/python3.8/site-packages/airflow/example_dags/example_latest_only_with_trigger.py took 0.118 seconds
[2025-07-18T13:13:29.670+0000] {processor.py:161} INFO - Started process (PID=2065) to work on /home/airflow/.local/lib/python3.8/site-packages/airflow/example_dags/example_latest_only_with_trigger.py
[2025-07-18T13:13:29.670+0000] {processor.py:830} INFO - Processing file /home/airflow/.local/lib/python3.8/site-packages/airflow/example_dags/example_latest_only_with_trigger.py for tasks to queue
[2025-07-18T13:13:29.671+0000] {logging_mixin.py:188} INFO - [2025-07-18T13:13:29.670+0000] {dagbag.py:538} INFO - Filling up the DagBag from /home/airflow/.local/lib/python3.8/site-packages/airflow/example_dags/example_latest_only_with_trigger.py
[2025-07-18T13:13:29.672+0000] {processor.py:840} INFO - DAG(s) 'latest_only_with_trigger' retrieved from /home/airflow/.local/lib/python3.8/site-packages/airflow/example_dags/example_latest_only_with_trigger.py
[2025-07-18T13:13:29.680+0000] {logging_mixin.py:188} INFO - [2025-07-18T13:13:29.680+0000] {dag.py:3036} INFO - Sync 1 DAGs
[2025-07-18T13:13:29.742+0000] {logging_mixin.py:188} INFO - [2025-07-18T13:13:29.742+0000] {dag.py:3823} INFO - Setting next_dagrun for latest_only_with_trigger to 2025-07-18 08:00:00+00:00, run_after=2025-07-18 12:00:00+00:00
[2025-07-18T13:13:29.747+0000] {processor.py:183} INFO - Processing /home/airflow/.local/lib/python3.8/site-packages/airflow/example_dags/example_latest_only_with_trigger.py took 0.079 seconds
[2025-07-18T13:14:00.246+0000] {processor.py:161} INFO - Started process (PID=2138) to work on /home/airflow/.local/lib/python3.8/site-packages/airflow/example_dags/example_latest_only_with_trigger.py
[2025-07-18T13:14:00.249+0000] {processor.py:830} INFO - Processing file /home/airflow/.local/lib/python3.8/site-packages/airflow/example_dags/example_latest_only_with_trigger.py for tasks to queue
[2025-07-18T13:14:00.250+0000] {logging_mixin.py:188} INFO - [2025-07-18T13:14:00.250+0000] {dagbag.py:538} INFO - Filling up the DagBag from /home/airflow/.local/lib/python3.8/site-packages/airflow/example_dags/example_latest_only_with_trigger.py
[2025-07-18T13:14:00.253+0000] {processor.py:840} INFO - DAG(s) 'latest_only_with_trigger' retrieved from /home/airflow/.local/lib/python3.8/site-packages/airflow/example_dags/example_latest_only_with_trigger.py
[2025-07-18T13:14:00.263+0000] {logging_mixin.py:188} INFO - [2025-07-18T13:14:00.263+0000] {dag.py:3036} INFO - Sync 1 DAGs
[2025-07-18T13:14:00.334+0000] {logging_mixin.py:188} INFO - [2025-07-18T13:14:00.334+0000] {dag.py:3823} INFO - Setting next_dagrun for latest_only_with_trigger to 2025-07-18 08:00:00+00:00, run_after=2025-07-18 12:00:00+00:00
[2025-07-18T13:14:00.342+0000] {processor.py:183} INFO - Processing /home/airflow/.local/lib/python3.8/site-packages/airflow/example_dags/example_latest_only_with_trigger.py took 0.096 seconds
[2025-07-18T13:14:31.040+0000] {processor.py:161} INFO - Started process (PID=2211) to work on /home/airflow/.local/lib/python3.8/site-packages/airflow/example_dags/example_latest_only_with_trigger.py
[2025-07-18T13:14:31.041+0000] {processor.py:830} INFO - Processing file /home/airflow/.local/lib/python3.8/site-packages/airflow/example_dags/example_latest_only_with_trigger.py for tasks to queue
[2025-07-18T13:14:31.042+0000] {logging_mixin.py:188} INFO - [2025-07-18T13:14:31.042+0000] {dagbag.py:538} INFO - Filling up the DagBag from /home/airflow/.local/lib/python3.8/site-packages/airflow/example_dags/example_latest_only_with_trigger.py
[2025-07-18T13:14:31.044+0000] {processor.py:840} INFO - DAG(s) 'latest_only_with_trigger' retrieved from /home/airflow/.local/lib/python3.8/site-packages/airflow/example_dags/example_latest_only_with_trigger.py
[2025-07-18T13:14:31.053+0000] {logging_mixin.py:188} INFO - [2025-07-18T13:14:31.053+0000] {dag.py:3036} INFO - Sync 1 DAGs
[2025-07-18T13:14:31.062+0000] {logging_mixin.py:188} INFO - [2025-07-18T13:14:31.062+0000] {dag.py:3823} INFO - Setting next_dagrun for latest_only_with_trigger to 2025-07-18 08:00:00+00:00, run_after=2025-07-18 12:00:00+00:00
[2025-07-18T13:14:31.070+0000] {processor.py:183} INFO - Processing /home/airflow/.local/lib/python3.8/site-packages/airflow/example_dags/example_latest_only_with_trigger.py took 0.032 seconds
[2025-07-18T13:15:01.706+0000] {processor.py:161} INFO - Started process (PID=2284) to work on /home/airflow/.local/lib/python3.8/site-packages/airflow/example_dags/example_latest_only_with_trigger.py
[2025-07-18T13:15:01.706+0000] {processor.py:830} INFO - Processing file /home/airflow/.local/lib/python3.8/site-packages/airflow/example_dags/example_latest_only_with_trigger.py for tasks to queue
[2025-07-18T13:15:01.707+0000] {logging_mixin.py:188} INFO - [2025-07-18T13:15:01.706+0000] {dagbag.py:538} INFO - Filling up the DagBag from /home/airflow/.local/lib/python3.8/site-packages/airflow/example_dags/example_latest_only_with_trigger.py
[2025-07-18T13:15:01.709+0000] {processor.py:840} INFO - DAG(s) 'latest_only_with_trigger' retrieved from /home/airflow/.local/lib/python3.8/site-packages/airflow/example_dags/example_latest_only_with_trigger.py
[2025-07-18T13:15:01.717+0000] {logging_mixin.py:188} INFO - [2025-07-18T13:15:01.717+0000] {dag.py:3036} INFO - Sync 1 DAGs
[2025-07-18T13:15:01.726+0000] {logging_mixin.py:188} INFO - [2025-07-18T13:15:01.726+0000] {dag.py:3823} INFO - Setting next_dagrun for latest_only_with_trigger to 2025-07-18 08:00:00+00:00, run_after=2025-07-18 12:00:00+00:00
[2025-07-18T13:15:01.735+0000] {processor.py:183} INFO - Processing /home/airflow/.local/lib/python3.8/site-packages/airflow/example_dags/example_latest_only_with_trigger.py took 0.030 seconds
[2025-07-18T13:15:32.246+0000] {processor.py:161} INFO - Started process (PID=2357) to work on /home/airflow/.local/lib/python3.8/site-packages/airflow/example_dags/example_latest_only_with_trigger.py
[2025-07-18T13:15:32.246+0000] {processor.py:830} INFO - Processing file /home/airflow/.local/lib/python3.8/site-packages/airflow/example_dags/example_latest_only_with_trigger.py for tasks to queue
[2025-07-18T13:15:32.247+0000] {logging_mixin.py:188} INFO - [2025-07-18T13:15:32.247+0000] {dagbag.py:538} INFO - Filling up the DagBag from /home/airflow/.local/lib/python3.8/site-packages/airflow/example_dags/example_latest_only_with_trigger.py
[2025-07-18T13:15:32.249+0000] {processor.py:840} INFO - DAG(s) 'latest_only_with_trigger' retrieved from /home/airflow/.local/lib/python3.8/site-packages/airflow/example_dags/example_latest_only_with_trigger.py
[2025-07-18T13:15:32.258+0000] {logging_mixin.py:188} INFO - [2025-07-18T13:15:32.258+0000] {dag.py:3036} INFO - Sync 1 DAGs
[2025-07-18T13:15:32.266+0000] {logging_mixin.py:188} INFO - [2025-07-18T13:15:32.266+0000] {dag.py:3823} INFO - Setting next_dagrun for latest_only_with_trigger to 2025-07-18 08:00:00+00:00, run_after=2025-07-18 12:00:00+00:00
[2025-07-18T13:15:32.274+0000] {processor.py:183} INFO - Processing /home/airflow/.local/lib/python3.8/site-packages/airflow/example_dags/example_latest_only_with_trigger.py took 0.030 seconds
[2025-07-18T13:16:02.904+0000] {processor.py:161} INFO - Started process (PID=2430) to work on /home/airflow/.local/lib/python3.8/site-packages/airflow/example_dags/example_latest_only_with_trigger.py
[2025-07-18T13:16:02.907+0000] {processor.py:830} INFO - Processing file /home/airflow/.local/lib/python3.8/site-packages/airflow/example_dags/example_latest_only_with_trigger.py for tasks to queue
[2025-07-18T13:16:02.909+0000] {logging_mixin.py:188} INFO - [2025-07-18T13:16:02.909+0000] {dagbag.py:538} INFO - Filling up the DagBag from /home/airflow/.local/lib/python3.8/site-packages/airflow/example_dags/example_latest_only_with_trigger.py
[2025-07-18T13:16:02.911+0000] {processor.py:840} INFO - DAG(s) 'latest_only_with_trigger' retrieved from /home/airflow/.local/lib/python3.8/site-packages/airflow/example_dags/example_latest_only_with_trigger.py
[2025-07-18T13:16:02.920+0000] {logging_mixin.py:188} INFO - [2025-07-18T13:16:02.920+0000] {dag.py:3036} INFO - Sync 1 DAGs
[2025-07-18T13:16:02.931+0000] {logging_mixin.py:188} INFO - [2025-07-18T13:16:02.931+0000] {dag.py:3823} INFO - Setting next_dagrun for latest_only_with_trigger to 2025-07-18 08:00:00+00:00, run_after=2025-07-18 12:00:00+00:00
[2025-07-18T13:16:02.940+0000] {processor.py:183} INFO - Processing /home/airflow/.local/lib/python3.8/site-packages/airflow/example_dags/example_latest_only_with_trigger.py took 0.037 seconds
[2025-07-18T13:16:33.522+0000] {processor.py:161} INFO - Started process (PID=2503) to work on /home/airflow/.local/lib/python3.8/site-packages/airflow/example_dags/example_latest_only_with_trigger.py
[2025-07-18T13:16:33.525+0000] {processor.py:830} INFO - Processing file /home/airflow/.local/lib/python3.8/site-packages/airflow/example_dags/example_latest_only_with_trigger.py for tasks to queue
[2025-07-18T13:16:33.527+0000] {logging_mixin.py:188} INFO - [2025-07-18T13:16:33.527+0000] {dagbag.py:538} INFO - Filling up the DagBag from /home/airflow/.local/lib/python3.8/site-packages/airflow/example_dags/example_latest_only_with_trigger.py
[2025-07-18T13:16:33.529+0000] {processor.py:840} INFO - DAG(s) 'latest_only_with_trigger' retrieved from /home/airflow/.local/lib/python3.8/site-packages/airflow/example_dags/example_latest_only_with_trigger.py
[2025-07-18T13:16:33.539+0000] {logging_mixin.py:188} INFO - [2025-07-18T13:16:33.539+0000] {dag.py:3036} INFO - Sync 1 DAGs
[2025-07-18T13:16:33.547+0000] {logging_mixin.py:188} INFO - [2025-07-18T13:16:33.547+0000] {dag.py:3823} INFO - Setting next_dagrun for latest_only_with_trigger to 2025-07-18 08:00:00+00:00, run_after=2025-07-18 12:00:00+00:00
[2025-07-18T13:16:33.555+0000] {processor.py:183} INFO - Processing /home/airflow/.local/lib/python3.8/site-packages/airflow/example_dags/example_latest_only_with_trigger.py took 0.035 seconds
[2025-07-18T13:17:04.102+0000] {processor.py:161} INFO - Started process (PID=2576) to work on /home/airflow/.local/lib/python3.8/site-packages/airflow/example_dags/example_latest_only_with_trigger.py
[2025-07-18T13:17:04.103+0000] {processor.py:830} INFO - Processing file /home/airflow/.local/lib/python3.8/site-packages/airflow/example_dags/example_latest_only_with_trigger.py for tasks to queue
[2025-07-18T13:17:04.103+0000] {logging_mixin.py:188} INFO - [2025-07-18T13:17:04.103+0000] {dagbag.py:538} INFO - Filling up the DagBag from /home/airflow/.local/lib/python3.8/site-packages/airflow/example_dags/example_latest_only_with_trigger.py
[2025-07-18T13:17:04.105+0000] {processor.py:840} INFO - DAG(s) 'latest_only_with_trigger' retrieved from /home/airflow/.local/lib/python3.8/site-packages/airflow/example_dags/example_latest_only_with_trigger.py
[2025-07-18T13:17:04.115+0000] {logging_mixin.py:188} INFO - [2025-07-18T13:17:04.115+0000] {dag.py:3036} INFO - Sync 1 DAGs
[2025-07-18T13:17:04.123+0000] {logging_mixin.py:188} INFO - [2025-07-18T13:17:04.123+0000] {dag.py:3823} INFO - Setting next_dagrun for latest_only_with_trigger to 2025-07-18 08:00:00+00:00, run_after=2025-07-18 12:00:00+00:00
[2025-07-18T13:17:04.131+0000] {processor.py:183} INFO - Processing /home/airflow/.local/lib/python3.8/site-packages/airflow/example_dags/example_latest_only_with_trigger.py took 0.031 seconds
[2025-07-18T13:17:34.730+0000] {processor.py:161} INFO - Started process (PID=2649) to work on /home/airflow/.local/lib/python3.8/site-packages/airflow/example_dags/example_latest_only_with_trigger.py
[2025-07-18T13:17:34.730+0000] {processor.py:830} INFO - Processing file /home/airflow/.local/lib/python3.8/site-packages/airflow/example_dags/example_latest_only_with_trigger.py for tasks to queue
[2025-07-18T13:17:34.731+0000] {logging_mixin.py:188} INFO - [2025-07-18T13:17:34.731+0000] {dagbag.py:538} INFO - Filling up the DagBag from /home/airflow/.local/lib/python3.8/site-packages/airflow/example_dags/example_latest_only_with_trigger.py
[2025-07-18T13:17:34.733+0000] {processor.py:840} INFO - DAG(s) 'latest_only_with_trigger' retrieved from /home/airflow/.local/lib/python3.8/site-packages/airflow/example_dags/example_latest_only_with_trigger.py
[2025-07-18T13:17:34.742+0000] {logging_mixin.py:188} INFO - [2025-07-18T13:17:34.742+0000] {dag.py:3036} INFO - Sync 1 DAGs
[2025-07-18T13:17:34.750+0000] {logging_mixin.py:188} INFO - [2025-07-18T13:17:34.750+0000] {dag.py:3823} INFO - Setting next_dagrun for latest_only_with_trigger to 2025-07-18 08:00:00+00:00, run_after=2025-07-18 12:00:00+00:00
[2025-07-18T13:17:34.760+0000] {processor.py:183} INFO - Processing /home/airflow/.local/lib/python3.8/site-packages/airflow/example_dags/example_latest_only_with_trigger.py took 0.031 seconds
[2025-07-18T13:18:36.051+0000] {processor.py:161} INFO - Started process (PID=2794) to work on /home/airflow/.local/lib/python3.8/site-packages/airflow/example_dags/example_latest_only_with_trigger.py
[2025-07-18T13:18:36.052+0000] {processor.py:830} INFO - Processing file /home/airflow/.local/lib/python3.8/site-packages/airflow/example_dags/example_latest_only_with_trigger.py for tasks to queue
[2025-07-18T13:18:36.052+0000] {logging_mixin.py:188} INFO - [2025-07-18T13:18:36.052+0000] {dagbag.py:538} INFO - Filling up the DagBag from /home/airflow/.local/lib/python3.8/site-packages/airflow/example_dags/example_latest_only_with_trigger.py
[2025-07-18T13:18:36.055+0000] {processor.py:840} INFO - DAG(s) 'latest_only_with_trigger' retrieved from /home/airflow/.local/lib/python3.8/site-packages/airflow/example_dags/example_latest_only_with_trigger.py
[2025-07-18T13:18:36.063+0000] {logging_mixin.py:188} INFO - [2025-07-18T13:18:36.063+0000] {dag.py:3036} INFO - Sync 1 DAGs
[2025-07-18T13:18:36.071+0000] {logging_mixin.py:188} INFO - [2025-07-18T13:18:36.071+0000] {dag.py:3823} INFO - Setting next_dagrun for latest_only_with_trigger to 2025-07-18 08:00:00+00:00, run_after=2025-07-18 12:00:00+00:00
[2025-07-18T13:18:36.077+0000] {processor.py:183} INFO - Processing /home/airflow/.local/lib/python3.8/site-packages/airflow/example_dags/example_latest_only_with_trigger.py took 0.027 seconds
