[2025-07-18T12:59:38.038+0000] {processor.py:161} INFO - Started process (PID=59) to work on /home/airflow/.local/lib/python3.8/site-packages/airflow/example_dags/example_branch_operator.py
[2025-07-18T12:59:38.039+0000] {processor.py:830} INFO - Processing file /home/airflow/.local/lib/python3.8/site-packages/airflow/example_dags/example_branch_operator.py for tasks to queue
[2025-07-18T12:59:38.040+0000] {logging_mixin.py:188} INFO - [2025-07-18T12:59:38.040+0000] {dagbag.py:538} INFO - Filling up the DagBag from /home/airflow/.local/lib/python3.8/site-packages/airflow/example_dags/example_branch_operator.py
[2025-07-18T12:59:38.049+0000] {processor.py:840} INFO - DAG(s) 'example_branch_operator' retrieved from /home/airflow/.local/lib/python3.8/site-packages/airflow/example_dags/example_branch_operator.py
[2025-07-18T12:59:38.115+0000] {logging_mixin.py:188} INFO - [2025-07-18T12:59:38.115+0000] {dag.py:3036} INFO - Sync 1 DAGs
[2025-07-18T12:59:38.123+0000] {logging_mixin.py:188} INFO - [2025-07-18T12:59:38.123+0000] {dag.py:3823} INFO - Setting next_dagrun for example_branch_operator to 2025-07-17 00:00:00+00:00, run_after=2025-07-18 00:00:00+00:00
[2025-07-18T12:59:38.155+0000] {processor.py:183} INFO - Processing /home/airflow/.local/lib/python3.8/site-packages/airflow/example_dags/example_branch_operator.py took 0.119 seconds
[2025-07-18T13:00:08.332+0000] {processor.py:161} INFO - Started process (PID=130) to work on /home/airflow/.local/lib/python3.8/site-packages/airflow/example_dags/example_branch_operator.py
[2025-07-18T13:00:08.332+0000] {processor.py:830} INFO - Processing file /home/airflow/.local/lib/python3.8/site-packages/airflow/example_dags/example_branch_operator.py for tasks to queue
[2025-07-18T13:00:08.333+0000] {logging_mixin.py:188} INFO - [2025-07-18T13:00:08.333+0000] {dagbag.py:538} INFO - Filling up the DagBag from /home/airflow/.local/lib/python3.8/site-packages/airflow/example_dags/example_branch_operator.py
[2025-07-18T13:00:08.339+0000] {processor.py:840} INFO - DAG(s) 'example_branch_operator' retrieved from /home/airflow/.local/lib/python3.8/site-packages/airflow/example_dags/example_branch_operator.py
[2025-07-18T13:00:08.348+0000] {logging_mixin.py:188} INFO - [2025-07-18T13:00:08.348+0000] {dag.py:3036} INFO - Sync 1 DAGs
[2025-07-18T13:00:08.356+0000] {logging_mixin.py:188} INFO - [2025-07-18T13:00:08.356+0000] {dag.py:3823} INFO - Setting next_dagrun for example_branch_operator to 2025-07-17 00:00:00+00:00, run_after=2025-07-18 00:00:00+00:00
[2025-07-18T13:00:08.361+0000] {processor.py:183} INFO - Processing /home/airflow/.local/lib/python3.8/site-packages/airflow/example_dags/example_branch_operator.py took 0.031 seconds
[2025-07-18T13:00:38.660+0000] {processor.py:161} INFO - Started process (PID=203) to work on /home/airflow/.local/lib/python3.8/site-packages/airflow/example_dags/example_branch_operator.py
[2025-07-18T13:00:38.660+0000] {processor.py:830} INFO - Processing file /home/airflow/.local/lib/python3.8/site-packages/airflow/example_dags/example_branch_operator.py for tasks to queue
[2025-07-18T13:00:38.661+0000] {logging_mixin.py:188} INFO - [2025-07-18T13:00:38.660+0000] {dagbag.py:538} INFO - Filling up the DagBag from /home/airflow/.local/lib/python3.8/site-packages/airflow/example_dags/example_branch_operator.py
[2025-07-18T13:00:38.667+0000] {processor.py:840} INFO - DAG(s) 'example_branch_operator' retrieved from /home/airflow/.local/lib/python3.8/site-packages/airflow/example_dags/example_branch_operator.py
[2025-07-18T13:00:38.677+0000] {logging_mixin.py:188} INFO - [2025-07-18T13:00:38.677+0000] {dag.py:3036} INFO - Sync 1 DAGs
[2025-07-18T13:00:38.687+0000] {logging_mixin.py:188} INFO - [2025-07-18T13:00:38.687+0000] {dag.py:3823} INFO - Setting next_dagrun for example_branch_operator to 2025-07-17 00:00:00+00:00, run_after=2025-07-18 00:00:00+00:00
[2025-07-18T13:00:38.699+0000] {processor.py:183} INFO - Processing /home/airflow/.local/lib/python3.8/site-packages/airflow/example_dags/example_branch_operator.py took 0.041 seconds
[2025-07-18T13:01:08.820+0000] {processor.py:161} INFO - Started process (PID=275) to work on /home/airflow/.local/lib/python3.8/site-packages/airflow/example_dags/example_branch_operator.py
[2025-07-18T13:01:08.820+0000] {processor.py:830} INFO - Processing file /home/airflow/.local/lib/python3.8/site-packages/airflow/example_dags/example_branch_operator.py for tasks to queue
[2025-07-18T13:01:08.821+0000] {logging_mixin.py:188} INFO - [2025-07-18T13:01:08.821+0000] {dagbag.py:538} INFO - Filling up the DagBag from /home/airflow/.local/lib/python3.8/site-packages/airflow/example_dags/example_branch_operator.py
[2025-07-18T13:01:08.827+0000] {processor.py:840} INFO - DAG(s) 'example_branch_operator' retrieved from /home/airflow/.local/lib/python3.8/site-packages/airflow/example_dags/example_branch_operator.py
[2025-07-18T13:01:08.837+0000] {logging_mixin.py:188} INFO - [2025-07-18T13:01:08.837+0000] {dag.py:3036} INFO - Sync 1 DAGs
[2025-07-18T13:01:08.846+0000] {logging_mixin.py:188} INFO - [2025-07-18T13:01:08.845+0000] {dag.py:3823} INFO - Setting next_dagrun for example_branch_operator to 2025-07-17 00:00:00+00:00, run_after=2025-07-18 00:00:00+00:00
[2025-07-18T13:01:08.851+0000] {processor.py:183} INFO - Processing /home/airflow/.local/lib/python3.8/site-packages/airflow/example_dags/example_branch_operator.py took 0.033 seconds
[2025-07-18T13:01:39.499+0000] {processor.py:161} INFO - Started process (PID=349) to work on /home/airflow/.local/lib/python3.8/site-packages/airflow/example_dags/example_branch_operator.py
[2025-07-18T13:01:39.499+0000] {processor.py:830} INFO - Processing file /home/airflow/.local/lib/python3.8/site-packages/airflow/example_dags/example_branch_operator.py for tasks to queue
[2025-07-18T13:01:39.500+0000] {logging_mixin.py:188} INFO - [2025-07-18T13:01:39.500+0000] {dagbag.py:538} INFO - Filling up the DagBag from /home/airflow/.local/lib/python3.8/site-packages/airflow/example_dags/example_branch_operator.py
[2025-07-18T13:01:39.507+0000] {processor.py:840} INFO - DAG(s) 'example_branch_operator' retrieved from /home/airflow/.local/lib/python3.8/site-packages/airflow/example_dags/example_branch_operator.py
[2025-07-18T13:01:39.519+0000] {logging_mixin.py:188} INFO - [2025-07-18T13:01:39.519+0000] {dag.py:3036} INFO - Sync 1 DAGs
[2025-07-18T13:01:39.527+0000] {logging_mixin.py:188} INFO - [2025-07-18T13:01:39.527+0000] {dag.py:3823} INFO - Setting next_dagrun for example_branch_operator to 2025-07-17 00:00:00+00:00, run_after=2025-07-18 00:00:00+00:00
[2025-07-18T13:01:39.537+0000] {processor.py:183} INFO - Processing /home/airflow/.local/lib/python3.8/site-packages/airflow/example_dags/example_branch_operator.py took 0.040 seconds
[2025-07-18T13:02:10.303+0000] {processor.py:161} INFO - Started process (PID=422) to work on /home/airflow/.local/lib/python3.8/site-packages/airflow/example_dags/example_branch_operator.py
[2025-07-18T13:02:10.303+0000] {processor.py:830} INFO - Processing file /home/airflow/.local/lib/python3.8/site-packages/airflow/example_dags/example_branch_operator.py for tasks to queue
[2025-07-18T13:02:10.304+0000] {logging_mixin.py:188} INFO - [2025-07-18T13:02:10.304+0000] {dagbag.py:538} INFO - Filling up the DagBag from /home/airflow/.local/lib/python3.8/site-packages/airflow/example_dags/example_branch_operator.py
[2025-07-18T13:02:10.310+0000] {processor.py:840} INFO - DAG(s) 'example_branch_operator' retrieved from /home/airflow/.local/lib/python3.8/site-packages/airflow/example_dags/example_branch_operator.py
[2025-07-18T13:02:10.320+0000] {logging_mixin.py:188} INFO - [2025-07-18T13:02:10.320+0000] {dag.py:3036} INFO - Sync 1 DAGs
[2025-07-18T13:02:10.328+0000] {logging_mixin.py:188} INFO - [2025-07-18T13:02:10.328+0000] {dag.py:3823} INFO - Setting next_dagrun for example_branch_operator to 2025-07-17 00:00:00+00:00, run_after=2025-07-18 00:00:00+00:00
[2025-07-18T13:02:10.338+0000] {processor.py:183} INFO - Processing /home/airflow/.local/lib/python3.8/site-packages/airflow/example_dags/example_branch_operator.py took 0.037 seconds
[2025-07-18T13:02:41.498+0000] {processor.py:161} INFO - Started process (PID=495) to work on /home/airflow/.local/lib/python3.8/site-packages/airflow/example_dags/example_branch_operator.py
[2025-07-18T13:02:41.500+0000] {processor.py:830} INFO - Processing file /home/airflow/.local/lib/python3.8/site-packages/airflow/example_dags/example_branch_operator.py for tasks to queue
[2025-07-18T13:02:41.502+0000] {logging_mixin.py:188} INFO - [2025-07-18T13:02:41.501+0000] {dagbag.py:538} INFO - Filling up the DagBag from /home/airflow/.local/lib/python3.8/site-packages/airflow/example_dags/example_branch_operator.py
[2025-07-18T13:02:41.509+0000] {processor.py:840} INFO - DAG(s) 'example_branch_operator' retrieved from /home/airflow/.local/lib/python3.8/site-packages/airflow/example_dags/example_branch_operator.py
[2025-07-18T13:02:41.520+0000] {logging_mixin.py:188} INFO - [2025-07-18T13:02:41.520+0000] {dag.py:3036} INFO - Sync 1 DAGs
[2025-07-18T13:02:41.528+0000] {logging_mixin.py:188} INFO - [2025-07-18T13:02:41.528+0000] {dag.py:3823} INFO - Setting next_dagrun for example_branch_operator to 2025-07-17 00:00:00+00:00, run_after=2025-07-18 00:00:00+00:00
[2025-07-18T13:02:41.534+0000] {processor.py:183} INFO - Processing /home/airflow/.local/lib/python3.8/site-packages/airflow/example_dags/example_branch_operator.py took 0.039 seconds
[2025-07-18T13:03:12.282+0000] {processor.py:161} INFO - Started process (PID=568) to work on /home/airflow/.local/lib/python3.8/site-packages/airflow/example_dags/example_branch_operator.py
[2025-07-18T13:03:12.285+0000] {processor.py:830} INFO - Processing file /home/airflow/.local/lib/python3.8/site-packages/airflow/example_dags/example_branch_operator.py for tasks to queue
[2025-07-18T13:03:12.286+0000] {logging_mixin.py:188} INFO - [2025-07-18T13:03:12.286+0000] {dagbag.py:538} INFO - Filling up the DagBag from /home/airflow/.local/lib/python3.8/site-packages/airflow/example_dags/example_branch_operator.py
[2025-07-18T13:03:12.296+0000] {processor.py:840} INFO - DAG(s) 'example_branch_operator' retrieved from /home/airflow/.local/lib/python3.8/site-packages/airflow/example_dags/example_branch_operator.py
[2025-07-18T13:03:12.317+0000] {logging_mixin.py:188} INFO - [2025-07-18T13:03:12.317+0000] {dag.py:3036} INFO - Sync 1 DAGs
[2025-07-18T13:03:12.331+0000] {logging_mixin.py:188} INFO - [2025-07-18T13:03:12.331+0000] {dag.py:3823} INFO - Setting next_dagrun for example_branch_operator to 2025-07-17 00:00:00+00:00, run_after=2025-07-18 00:00:00+00:00
[2025-07-18T13:03:12.340+0000] {processor.py:183} INFO - Processing /home/airflow/.local/lib/python3.8/site-packages/airflow/example_dags/example_branch_operator.py took 0.060 seconds
[2025-07-18T13:03:43.157+0000] {processor.py:161} INFO - Started process (PID=641) to work on /home/airflow/.local/lib/python3.8/site-packages/airflow/example_dags/example_branch_operator.py
[2025-07-18T13:03:43.158+0000] {processor.py:830} INFO - Processing file /home/airflow/.local/lib/python3.8/site-packages/airflow/example_dags/example_branch_operator.py for tasks to queue
[2025-07-18T13:03:43.159+0000] {logging_mixin.py:188} INFO - [2025-07-18T13:03:43.159+0000] {dagbag.py:538} INFO - Filling up the DagBag from /home/airflow/.local/lib/python3.8/site-packages/airflow/example_dags/example_branch_operator.py
[2025-07-18T13:03:43.166+0000] {processor.py:840} INFO - DAG(s) 'example_branch_operator' retrieved from /home/airflow/.local/lib/python3.8/site-packages/airflow/example_dags/example_branch_operator.py
[2025-07-18T13:03:43.178+0000] {logging_mixin.py:188} INFO - [2025-07-18T13:03:43.178+0000] {dag.py:3036} INFO - Sync 1 DAGs
[2025-07-18T13:03:43.186+0000] {logging_mixin.py:188} INFO - [2025-07-18T13:03:43.186+0000] {dag.py:3823} INFO - Setting next_dagrun for example_branch_operator to 2025-07-17 00:00:00+00:00, run_after=2025-07-18 00:00:00+00:00
[2025-07-18T13:03:43.194+0000] {processor.py:183} INFO - Processing /home/airflow/.local/lib/python3.8/site-packages/airflow/example_dags/example_branch_operator.py took 0.038 seconds
[2025-07-18T13:04:13.913+0000] {processor.py:161} INFO - Started process (PID=713) to work on /home/airflow/.local/lib/python3.8/site-packages/airflow/example_dags/example_branch_operator.py
[2025-07-18T13:04:13.914+0000] {processor.py:830} INFO - Processing file /home/airflow/.local/lib/python3.8/site-packages/airflow/example_dags/example_branch_operator.py for tasks to queue
[2025-07-18T13:04:13.914+0000] {logging_mixin.py:188} INFO - [2025-07-18T13:04:13.914+0000] {dagbag.py:538} INFO - Filling up the DagBag from /home/airflow/.local/lib/python3.8/site-packages/airflow/example_dags/example_branch_operator.py
[2025-07-18T13:04:13.922+0000] {processor.py:840} INFO - DAG(s) 'example_branch_operator' retrieved from /home/airflow/.local/lib/python3.8/site-packages/airflow/example_dags/example_branch_operator.py
[2025-07-18T13:04:13.932+0000] {logging_mixin.py:188} INFO - [2025-07-18T13:04:13.932+0000] {dag.py:3036} INFO - Sync 1 DAGs
[2025-07-18T13:04:13.939+0000] {logging_mixin.py:188} INFO - [2025-07-18T13:04:13.939+0000] {dag.py:3823} INFO - Setting next_dagrun for example_branch_operator to 2025-07-17 00:00:00+00:00, run_after=2025-07-18 00:00:00+00:00
[2025-07-18T13:04:13.944+0000] {processor.py:183} INFO - Processing /home/airflow/.local/lib/python3.8/site-packages/airflow/example_dags/example_branch_operator.py took 0.031 seconds
[2025-07-18T13:04:44.608+0000] {processor.py:161} INFO - Started process (PID=786) to work on /home/airflow/.local/lib/python3.8/site-packages/airflow/example_dags/example_branch_operator.py
[2025-07-18T13:04:44.609+0000] {processor.py:830} INFO - Processing file /home/airflow/.local/lib/python3.8/site-packages/airflow/example_dags/example_branch_operator.py for tasks to queue
[2025-07-18T13:04:44.609+0000] {logging_mixin.py:188} INFO - [2025-07-18T13:04:44.609+0000] {dagbag.py:538} INFO - Filling up the DagBag from /home/airflow/.local/lib/python3.8/site-packages/airflow/example_dags/example_branch_operator.py
[2025-07-18T13:04:44.616+0000] {processor.py:840} INFO - DAG(s) 'example_branch_operator' retrieved from /home/airflow/.local/lib/python3.8/site-packages/airflow/example_dags/example_branch_operator.py
[2025-07-18T13:04:44.627+0000] {logging_mixin.py:188} INFO - [2025-07-18T13:04:44.627+0000] {dag.py:3036} INFO - Sync 1 DAGs
[2025-07-18T13:04:44.635+0000] {logging_mixin.py:188} INFO - [2025-07-18T13:04:44.635+0000] {dag.py:3823} INFO - Setting next_dagrun for example_branch_operator to 2025-07-17 00:00:00+00:00, run_after=2025-07-18 00:00:00+00:00
[2025-07-18T13:04:44.643+0000] {processor.py:183} INFO - Processing /home/airflow/.local/lib/python3.8/site-packages/airflow/example_dags/example_branch_operator.py took 0.037 seconds
[2025-07-18T13:05:15.301+0000] {processor.py:161} INFO - Started process (PID=865) to work on /home/airflow/.local/lib/python3.8/site-packages/airflow/example_dags/example_branch_operator.py
[2025-07-18T13:05:15.303+0000] {processor.py:830} INFO - Processing file /home/airflow/.local/lib/python3.8/site-packages/airflow/example_dags/example_branch_operator.py for tasks to queue
[2025-07-18T13:05:15.306+0000] {logging_mixin.py:188} INFO - [2025-07-18T13:05:15.306+0000] {dagbag.py:538} INFO - Filling up the DagBag from /home/airflow/.local/lib/python3.8/site-packages/airflow/example_dags/example_branch_operator.py
[2025-07-18T13:05:15.315+0000] {processor.py:840} INFO - DAG(s) 'example_branch_operator' retrieved from /home/airflow/.local/lib/python3.8/site-packages/airflow/example_dags/example_branch_operator.py
[2025-07-18T13:05:15.328+0000] {logging_mixin.py:188} INFO - [2025-07-18T13:05:15.328+0000] {dag.py:3036} INFO - Sync 1 DAGs
[2025-07-18T13:05:15.337+0000] {logging_mixin.py:188} INFO - [2025-07-18T13:05:15.337+0000] {dag.py:3823} INFO - Setting next_dagrun for example_branch_operator to 2025-07-17 00:00:00+00:00, run_after=2025-07-18 00:00:00+00:00
[2025-07-18T13:05:15.349+0000] {processor.py:183} INFO - Processing /home/airflow/.local/lib/python3.8/site-packages/airflow/example_dags/example_branch_operator.py took 0.049 seconds
[2025-07-18T13:05:46.090+0000] {processor.py:161} INFO - Started process (PID=938) to work on /home/airflow/.local/lib/python3.8/site-packages/airflow/example_dags/example_branch_operator.py
[2025-07-18T13:05:46.090+0000] {processor.py:830} INFO - Processing file /home/airflow/.local/lib/python3.8/site-packages/airflow/example_dags/example_branch_operator.py for tasks to queue
[2025-07-18T13:05:46.091+0000] {logging_mixin.py:188} INFO - [2025-07-18T13:05:46.091+0000] {dagbag.py:538} INFO - Filling up the DagBag from /home/airflow/.local/lib/python3.8/site-packages/airflow/example_dags/example_branch_operator.py
[2025-07-18T13:05:46.098+0000] {processor.py:840} INFO - DAG(s) 'example_branch_operator' retrieved from /home/airflow/.local/lib/python3.8/site-packages/airflow/example_dags/example_branch_operator.py
[2025-07-18T13:05:46.112+0000] {logging_mixin.py:188} INFO - [2025-07-18T13:05:46.111+0000] {dag.py:3036} INFO - Sync 1 DAGs
[2025-07-18T13:05:46.119+0000] {logging_mixin.py:188} INFO - [2025-07-18T13:05:46.119+0000] {dag.py:3823} INFO - Setting next_dagrun for example_branch_operator to 2025-07-17 00:00:00+00:00, run_after=2025-07-18 00:00:00+00:00
[2025-07-18T13:05:46.128+0000] {processor.py:183} INFO - Processing /home/airflow/.local/lib/python3.8/site-packages/airflow/example_dags/example_branch_operator.py took 0.040 seconds
[2025-07-18T13:06:16.956+0000] {processor.py:161} INFO - Started process (PID=1011) to work on /home/airflow/.local/lib/python3.8/site-packages/airflow/example_dags/example_branch_operator.py
[2025-07-18T13:06:16.957+0000] {processor.py:830} INFO - Processing file /home/airflow/.local/lib/python3.8/site-packages/airflow/example_dags/example_branch_operator.py for tasks to queue
[2025-07-18T13:06:16.957+0000] {logging_mixin.py:188} INFO - [2025-07-18T13:06:16.957+0000] {dagbag.py:538} INFO - Filling up the DagBag from /home/airflow/.local/lib/python3.8/site-packages/airflow/example_dags/example_branch_operator.py
[2025-07-18T13:06:16.971+0000] {processor.py:840} INFO - DAG(s) 'example_branch_operator' retrieved from /home/airflow/.local/lib/python3.8/site-packages/airflow/example_dags/example_branch_operator.py
[2025-07-18T13:06:16.987+0000] {logging_mixin.py:188} INFO - [2025-07-18T13:06:16.987+0000] {dag.py:3036} INFO - Sync 1 DAGs
[2025-07-18T13:06:17.001+0000] {logging_mixin.py:188} INFO - [2025-07-18T13:06:17.001+0000] {dag.py:3823} INFO - Setting next_dagrun for example_branch_operator to 2025-07-17 00:00:00+00:00, run_after=2025-07-18 00:00:00+00:00
[2025-07-18T13:06:17.014+0000] {processor.py:183} INFO - Processing /home/airflow/.local/lib/python3.8/site-packages/airflow/example_dags/example_branch_operator.py took 0.062 seconds
[2025-07-18T13:06:48.152+0000] {processor.py:161} INFO - Started process (PID=1083) to work on /home/airflow/.local/lib/python3.8/site-packages/airflow/example_dags/example_branch_operator.py
[2025-07-18T13:06:48.152+0000] {processor.py:830} INFO - Processing file /home/airflow/.local/lib/python3.8/site-packages/airflow/example_dags/example_branch_operator.py for tasks to queue
[2025-07-18T13:06:48.153+0000] {logging_mixin.py:188} INFO - [2025-07-18T13:06:48.153+0000] {dagbag.py:538} INFO - Filling up the DagBag from /home/airflow/.local/lib/python3.8/site-packages/airflow/example_dags/example_branch_operator.py
[2025-07-18T13:06:48.160+0000] {processor.py:840} INFO - DAG(s) 'example_branch_operator' retrieved from /home/airflow/.local/lib/python3.8/site-packages/airflow/example_dags/example_branch_operator.py
[2025-07-18T13:06:48.176+0000] {logging_mixin.py:188} INFO - [2025-07-18T13:06:48.176+0000] {dag.py:3036} INFO - Sync 1 DAGs
[2025-07-18T13:06:48.185+0000] {logging_mixin.py:188} INFO - [2025-07-18T13:06:48.185+0000] {dag.py:3823} INFO - Setting next_dagrun for example_branch_operator to 2025-07-17 00:00:00+00:00, run_after=2025-07-18 00:00:00+00:00
[2025-07-18T13:06:48.195+0000] {processor.py:183} INFO - Processing /home/airflow/.local/lib/python3.8/site-packages/airflow/example_dags/example_branch_operator.py took 0.045 seconds
[2025-07-18T13:07:19.120+0000] {processor.py:161} INFO - Started process (PID=1156) to work on /home/airflow/.local/lib/python3.8/site-packages/airflow/example_dags/example_branch_operator.py
[2025-07-18T13:07:19.121+0000] {processor.py:830} INFO - Processing file /home/airflow/.local/lib/python3.8/site-packages/airflow/example_dags/example_branch_operator.py for tasks to queue
[2025-07-18T13:07:19.122+0000] {logging_mixin.py:188} INFO - [2025-07-18T13:07:19.122+0000] {dagbag.py:538} INFO - Filling up the DagBag from /home/airflow/.local/lib/python3.8/site-packages/airflow/example_dags/example_branch_operator.py
[2025-07-18T13:07:19.128+0000] {processor.py:840} INFO - DAG(s) 'example_branch_operator' retrieved from /home/airflow/.local/lib/python3.8/site-packages/airflow/example_dags/example_branch_operator.py
[2025-07-18T13:07:19.141+0000] {logging_mixin.py:188} INFO - [2025-07-18T13:07:19.141+0000] {dag.py:3036} INFO - Sync 1 DAGs
[2025-07-18T13:07:19.148+0000] {logging_mixin.py:188} INFO - [2025-07-18T13:07:19.148+0000] {dag.py:3823} INFO - Setting next_dagrun for example_branch_operator to 2025-07-17 00:00:00+00:00, run_after=2025-07-18 00:00:00+00:00
[2025-07-18T13:07:19.158+0000] {processor.py:183} INFO - Processing /home/airflow/.local/lib/python3.8/site-packages/airflow/example_dags/example_branch_operator.py took 0.040 seconds
[2025-07-18T13:07:49.923+0000] {processor.py:161} INFO - Started process (PID=1229) to work on /home/airflow/.local/lib/python3.8/site-packages/airflow/example_dags/example_branch_operator.py
[2025-07-18T13:07:49.923+0000] {processor.py:830} INFO - Processing file /home/airflow/.local/lib/python3.8/site-packages/airflow/example_dags/example_branch_operator.py for tasks to queue
[2025-07-18T13:07:49.924+0000] {logging_mixin.py:188} INFO - [2025-07-18T13:07:49.924+0000] {dagbag.py:538} INFO - Filling up the DagBag from /home/airflow/.local/lib/python3.8/site-packages/airflow/example_dags/example_branch_operator.py
[2025-07-18T13:07:49.930+0000] {processor.py:840} INFO - DAG(s) 'example_branch_operator' retrieved from /home/airflow/.local/lib/python3.8/site-packages/airflow/example_dags/example_branch_operator.py
[2025-07-18T13:07:49.939+0000] {logging_mixin.py:188} INFO - [2025-07-18T13:07:49.939+0000] {dag.py:3036} INFO - Sync 1 DAGs
[2025-07-18T13:07:49.946+0000] {logging_mixin.py:188} INFO - [2025-07-18T13:07:49.946+0000] {dag.py:3823} INFO - Setting next_dagrun for example_branch_operator to 2025-07-17 00:00:00+00:00, run_after=2025-07-18 00:00:00+00:00
[2025-07-18T13:07:49.951+0000] {processor.py:183} INFO - Processing /home/airflow/.local/lib/python3.8/site-packages/airflow/example_dags/example_branch_operator.py took 0.031 seconds
[2025-07-18T13:08:20.646+0000] {processor.py:161} INFO - Started process (PID=1302) to work on /home/airflow/.local/lib/python3.8/site-packages/airflow/example_dags/example_branch_operator.py
[2025-07-18T13:08:20.646+0000] {processor.py:830} INFO - Processing file /home/airflow/.local/lib/python3.8/site-packages/airflow/example_dags/example_branch_operator.py for tasks to queue
[2025-07-18T13:08:20.647+0000] {logging_mixin.py:188} INFO - [2025-07-18T13:08:20.647+0000] {dagbag.py:538} INFO - Filling up the DagBag from /home/airflow/.local/lib/python3.8/site-packages/airflow/example_dags/example_branch_operator.py
[2025-07-18T13:08:20.653+0000] {processor.py:840} INFO - DAG(s) 'example_branch_operator' retrieved from /home/airflow/.local/lib/python3.8/site-packages/airflow/example_dags/example_branch_operator.py
[2025-07-18T13:08:20.662+0000] {logging_mixin.py:188} INFO - [2025-07-18T13:08:20.662+0000] {dag.py:3036} INFO - Sync 1 DAGs
[2025-07-18T13:08:20.669+0000] {logging_mixin.py:188} INFO - [2025-07-18T13:08:20.669+0000] {dag.py:3823} INFO - Setting next_dagrun for example_branch_operator to 2025-07-17 00:00:00+00:00, run_after=2025-07-18 00:00:00+00:00
[2025-07-18T13:08:20.674+0000] {processor.py:183} INFO - Processing /home/airflow/.local/lib/python3.8/site-packages/airflow/example_dags/example_branch_operator.py took 0.030 seconds
[2025-07-18T13:08:51.359+0000] {processor.py:161} INFO - Started process (PID=1375) to work on /home/airflow/.local/lib/python3.8/site-packages/airflow/example_dags/example_branch_operator.py
[2025-07-18T13:08:51.360+0000] {processor.py:830} INFO - Processing file /home/airflow/.local/lib/python3.8/site-packages/airflow/example_dags/example_branch_operator.py for tasks to queue
[2025-07-18T13:08:51.360+0000] {logging_mixin.py:188} INFO - [2025-07-18T13:08:51.360+0000] {dagbag.py:538} INFO - Filling up the DagBag from /home/airflow/.local/lib/python3.8/site-packages/airflow/example_dags/example_branch_operator.py
[2025-07-18T13:08:51.369+0000] {processor.py:840} INFO - DAG(s) 'example_branch_operator' retrieved from /home/airflow/.local/lib/python3.8/site-packages/airflow/example_dags/example_branch_operator.py
[2025-07-18T13:08:51.379+0000] {logging_mixin.py:188} INFO - [2025-07-18T13:08:51.379+0000] {dag.py:3036} INFO - Sync 1 DAGs
[2025-07-18T13:08:51.388+0000] {logging_mixin.py:188} INFO - [2025-07-18T13:08:51.388+0000] {dag.py:3823} INFO - Setting next_dagrun for example_branch_operator to 2025-07-17 00:00:00+00:00, run_after=2025-07-18 00:00:00+00:00
[2025-07-18T13:08:51.397+0000] {processor.py:183} INFO - Processing /home/airflow/.local/lib/python3.8/site-packages/airflow/example_dags/example_branch_operator.py took 0.039 seconds
[2025-07-18T13:09:21.941+0000] {processor.py:161} INFO - Started process (PID=1448) to work on /home/airflow/.local/lib/python3.8/site-packages/airflow/example_dags/example_branch_operator.py
[2025-07-18T13:09:21.942+0000] {processor.py:830} INFO - Processing file /home/airflow/.local/lib/python3.8/site-packages/airflow/example_dags/example_branch_operator.py for tasks to queue
[2025-07-18T13:09:21.944+0000] {logging_mixin.py:188} INFO - [2025-07-18T13:09:21.944+0000] {dagbag.py:538} INFO - Filling up the DagBag from /home/airflow/.local/lib/python3.8/site-packages/airflow/example_dags/example_branch_operator.py
[2025-07-18T13:09:21.950+0000] {processor.py:840} INFO - DAG(s) 'example_branch_operator' retrieved from /home/airflow/.local/lib/python3.8/site-packages/airflow/example_dags/example_branch_operator.py
[2025-07-18T13:09:21.961+0000] {logging_mixin.py:188} INFO - [2025-07-18T13:09:21.961+0000] {dag.py:3036} INFO - Sync 1 DAGs
[2025-07-18T13:09:21.969+0000] {logging_mixin.py:188} INFO - [2025-07-18T13:09:21.969+0000] {dag.py:3823} INFO - Setting next_dagrun for example_branch_operator to 2025-07-17 00:00:00+00:00, run_after=2025-07-18 00:00:00+00:00
[2025-07-18T13:09:21.975+0000] {processor.py:183} INFO - Processing /home/airflow/.local/lib/python3.8/site-packages/airflow/example_dags/example_branch_operator.py took 0.035 seconds
[2025-07-18T13:09:52.507+0000] {processor.py:161} INFO - Started process (PID=1521) to work on /home/airflow/.local/lib/python3.8/site-packages/airflow/example_dags/example_branch_operator.py
[2025-07-18T13:09:52.508+0000] {processor.py:830} INFO - Processing file /home/airflow/.local/lib/python3.8/site-packages/airflow/example_dags/example_branch_operator.py for tasks to queue
[2025-07-18T13:09:52.509+0000] {logging_mixin.py:188} INFO - [2025-07-18T13:09:52.508+0000] {dagbag.py:538} INFO - Filling up the DagBag from /home/airflow/.local/lib/python3.8/site-packages/airflow/example_dags/example_branch_operator.py
[2025-07-18T13:09:52.515+0000] {processor.py:840} INFO - DAG(s) 'example_branch_operator' retrieved from /home/airflow/.local/lib/python3.8/site-packages/airflow/example_dags/example_branch_operator.py
[2025-07-18T13:09:52.525+0000] {logging_mixin.py:188} INFO - [2025-07-18T13:09:52.525+0000] {dag.py:3036} INFO - Sync 1 DAGs
[2025-07-18T13:09:52.534+0000] {logging_mixin.py:188} INFO - [2025-07-18T13:09:52.534+0000] {dag.py:3823} INFO - Setting next_dagrun for example_branch_operator to 2025-07-17 00:00:00+00:00, run_after=2025-07-18 00:00:00+00:00
[2025-07-18T13:09:52.541+0000] {processor.py:183} INFO - Processing /home/airflow/.local/lib/python3.8/site-packages/airflow/example_dags/example_branch_operator.py took 0.035 seconds
[2025-07-18T13:10:23.268+0000] {processor.py:161} INFO - Started process (PID=1594) to work on /home/airflow/.local/lib/python3.8/site-packages/airflow/example_dags/example_branch_operator.py
[2025-07-18T13:10:23.269+0000] {processor.py:830} INFO - Processing file /home/airflow/.local/lib/python3.8/site-packages/airflow/example_dags/example_branch_operator.py for tasks to queue
[2025-07-18T13:10:23.269+0000] {logging_mixin.py:188} INFO - [2025-07-18T13:10:23.269+0000] {dagbag.py:538} INFO - Filling up the DagBag from /home/airflow/.local/lib/python3.8/site-packages/airflow/example_dags/example_branch_operator.py
[2025-07-18T13:10:23.275+0000] {processor.py:840} INFO - DAG(s) 'example_branch_operator' retrieved from /home/airflow/.local/lib/python3.8/site-packages/airflow/example_dags/example_branch_operator.py
[2025-07-18T13:10:23.284+0000] {logging_mixin.py:188} INFO - [2025-07-18T13:10:23.284+0000] {dag.py:3036} INFO - Sync 1 DAGs
[2025-07-18T13:10:23.342+0000] {logging_mixin.py:188} INFO - [2025-07-18T13:10:23.342+0000] {dag.py:3823} INFO - Setting next_dagrun for example_branch_operator to 2025-07-17 00:00:00+00:00, run_after=2025-07-18 00:00:00+00:00
[2025-07-18T13:10:23.347+0000] {processor.py:183} INFO - Processing /home/airflow/.local/lib/python3.8/site-packages/airflow/example_dags/example_branch_operator.py took 0.080 seconds
[2025-07-18T13:10:53.977+0000] {processor.py:161} INFO - Started process (PID=1667) to work on /home/airflow/.local/lib/python3.8/site-packages/airflow/example_dags/example_branch_operator.py
[2025-07-18T13:10:53.977+0000] {processor.py:830} INFO - Processing file /home/airflow/.local/lib/python3.8/site-packages/airflow/example_dags/example_branch_operator.py for tasks to queue
[2025-07-18T13:10:53.978+0000] {logging_mixin.py:188} INFO - [2025-07-18T13:10:53.978+0000] {dagbag.py:538} INFO - Filling up the DagBag from /home/airflow/.local/lib/python3.8/site-packages/airflow/example_dags/example_branch_operator.py
[2025-07-18T13:10:53.984+0000] {processor.py:840} INFO - DAG(s) 'example_branch_operator' retrieved from /home/airflow/.local/lib/python3.8/site-packages/airflow/example_dags/example_branch_operator.py
[2025-07-18T13:10:53.999+0000] {logging_mixin.py:188} INFO - [2025-07-18T13:10:53.999+0000] {dag.py:3036} INFO - Sync 1 DAGs
[2025-07-18T13:10:54.008+0000] {logging_mixin.py:188} INFO - [2025-07-18T13:10:54.008+0000] {dag.py:3823} INFO - Setting next_dagrun for example_branch_operator to 2025-07-17 00:00:00+00:00, run_after=2025-07-18 00:00:00+00:00
[2025-07-18T13:10:54.087+0000] {processor.py:183} INFO - Processing /home/airflow/.local/lib/python3.8/site-packages/airflow/example_dags/example_branch_operator.py took 0.111 seconds
[2025-07-18T13:11:24.805+0000] {processor.py:161} INFO - Started process (PID=1740) to work on /home/airflow/.local/lib/python3.8/site-packages/airflow/example_dags/example_branch_operator.py
[2025-07-18T13:11:24.805+0000] {processor.py:830} INFO - Processing file /home/airflow/.local/lib/python3.8/site-packages/airflow/example_dags/example_branch_operator.py for tasks to queue
[2025-07-18T13:11:24.806+0000] {logging_mixin.py:188} INFO - [2025-07-18T13:11:24.806+0000] {dagbag.py:538} INFO - Filling up the DagBag from /home/airflow/.local/lib/python3.8/site-packages/airflow/example_dags/example_branch_operator.py
[2025-07-18T13:11:24.812+0000] {processor.py:840} INFO - DAG(s) 'example_branch_operator' retrieved from /home/airflow/.local/lib/python3.8/site-packages/airflow/example_dags/example_branch_operator.py
[2025-07-18T13:11:24.825+0000] {logging_mixin.py:188} INFO - [2025-07-18T13:11:24.825+0000] {dag.py:3036} INFO - Sync 1 DAGs
[2025-07-18T13:11:24.833+0000] {logging_mixin.py:188} INFO - [2025-07-18T13:11:24.833+0000] {dag.py:3823} INFO - Setting next_dagrun for example_branch_operator to 2025-07-17 00:00:00+00:00, run_after=2025-07-18 00:00:00+00:00
[2025-07-18T13:11:24.844+0000] {processor.py:183} INFO - Processing /home/airflow/.local/lib/python3.8/site-packages/airflow/example_dags/example_branch_operator.py took 0.041 seconds
[2025-07-18T13:11:55.718+0000] {processor.py:161} INFO - Started process (PID=1813) to work on /home/airflow/.local/lib/python3.8/site-packages/airflow/example_dags/example_branch_operator.py
[2025-07-18T13:11:55.719+0000] {processor.py:830} INFO - Processing file /home/airflow/.local/lib/python3.8/site-packages/airflow/example_dags/example_branch_operator.py for tasks to queue
[2025-07-18T13:11:55.719+0000] {logging_mixin.py:188} INFO - [2025-07-18T13:11:55.719+0000] {dagbag.py:538} INFO - Filling up the DagBag from /home/airflow/.local/lib/python3.8/site-packages/airflow/example_dags/example_branch_operator.py
[2025-07-18T13:11:55.726+0000] {processor.py:840} INFO - DAG(s) 'example_branch_operator' retrieved from /home/airflow/.local/lib/python3.8/site-packages/airflow/example_dags/example_branch_operator.py
[2025-07-18T13:11:55.741+0000] {logging_mixin.py:188} INFO - [2025-07-18T13:11:55.741+0000] {dag.py:3036} INFO - Sync 1 DAGs
[2025-07-18T13:11:55.749+0000] {logging_mixin.py:188} INFO - [2025-07-18T13:11:55.749+0000] {dag.py:3823} INFO - Setting next_dagrun for example_branch_operator to 2025-07-17 00:00:00+00:00, run_after=2025-07-18 00:00:00+00:00
[2025-07-18T13:11:55.757+0000] {processor.py:183} INFO - Processing /home/airflow/.local/lib/python3.8/site-packages/airflow/example_dags/example_branch_operator.py took 0.041 seconds
[2025-07-18T13:12:26.942+0000] {processor.py:161} INFO - Started process (PID=1885) to work on /home/airflow/.local/lib/python3.8/site-packages/airflow/example_dags/example_branch_operator.py
[2025-07-18T13:12:26.944+0000] {processor.py:830} INFO - Processing file /home/airflow/.local/lib/python3.8/site-packages/airflow/example_dags/example_branch_operator.py for tasks to queue
[2025-07-18T13:12:26.944+0000] {logging_mixin.py:188} INFO - [2025-07-18T13:12:26.944+0000] {dagbag.py:538} INFO - Filling up the DagBag from /home/airflow/.local/lib/python3.8/site-packages/airflow/example_dags/example_branch_operator.py
[2025-07-18T13:12:26.951+0000] {processor.py:840} INFO - DAG(s) 'example_branch_operator' retrieved from /home/airflow/.local/lib/python3.8/site-packages/airflow/example_dags/example_branch_operator.py
[2025-07-18T13:12:26.963+0000] {logging_mixin.py:188} INFO - [2025-07-18T13:12:26.963+0000] {dag.py:3036} INFO - Sync 1 DAGs
[2025-07-18T13:12:26.972+0000] {logging_mixin.py:188} INFO - [2025-07-18T13:12:26.972+0000] {dag.py:3823} INFO - Setting next_dagrun for example_branch_operator to 2025-07-17 00:00:00+00:00, run_after=2025-07-18 00:00:00+00:00
[2025-07-18T13:12:26.987+0000] {processor.py:183} INFO - Processing /home/airflow/.local/lib/python3.8/site-packages/airflow/example_dags/example_branch_operator.py took 0.046 seconds
[2025-07-18T13:12:57.482+0000] {processor.py:161} INFO - Started process (PID=1958) to work on /home/airflow/.local/lib/python3.8/site-packages/airflow/example_dags/example_branch_operator.py
[2025-07-18T13:12:57.482+0000] {processor.py:830} INFO - Processing file /home/airflow/.local/lib/python3.8/site-packages/airflow/example_dags/example_branch_operator.py for tasks to queue
[2025-07-18T13:12:57.483+0000] {logging_mixin.py:188} INFO - [2025-07-18T13:12:57.483+0000] {dagbag.py:538} INFO - Filling up the DagBag from /home/airflow/.local/lib/python3.8/site-packages/airflow/example_dags/example_branch_operator.py
[2025-07-18T13:12:57.490+0000] {processor.py:840} INFO - DAG(s) 'example_branch_operator' retrieved from /home/airflow/.local/lib/python3.8/site-packages/airflow/example_dags/example_branch_operator.py
[2025-07-18T13:12:57.506+0000] {logging_mixin.py:188} INFO - [2025-07-18T13:12:57.506+0000] {dag.py:3036} INFO - Sync 1 DAGs
[2025-07-18T13:12:57.516+0000] {logging_mixin.py:188} INFO - [2025-07-18T13:12:57.516+0000] {dag.py:3823} INFO - Setting next_dagrun for example_branch_operator to 2025-07-17 00:00:00+00:00, run_after=2025-07-18 00:00:00+00:00
[2025-07-18T13:12:57.525+0000] {processor.py:183} INFO - Processing /home/airflow/.local/lib/python3.8/site-packages/airflow/example_dags/example_branch_operator.py took 0.045 seconds
[2025-07-18T13:13:27.998+0000] {processor.py:161} INFO - Started process (PID=2031) to work on /home/airflow/.local/lib/python3.8/site-packages/airflow/example_dags/example_branch_operator.py
[2025-07-18T13:13:27.999+0000] {processor.py:830} INFO - Processing file /home/airflow/.local/lib/python3.8/site-packages/airflow/example_dags/example_branch_operator.py for tasks to queue
[2025-07-18T13:13:28.000+0000] {logging_mixin.py:188} INFO - [2025-07-18T13:13:28.000+0000] {dagbag.py:538} INFO - Filling up the DagBag from /home/airflow/.local/lib/python3.8/site-packages/airflow/example_dags/example_branch_operator.py
[2025-07-18T13:13:28.008+0000] {processor.py:840} INFO - DAG(s) 'example_branch_operator' retrieved from /home/airflow/.local/lib/python3.8/site-packages/airflow/example_dags/example_branch_operator.py
[2025-07-18T13:13:28.022+0000] {logging_mixin.py:188} INFO - [2025-07-18T13:13:28.022+0000] {dag.py:3036} INFO - Sync 1 DAGs
[2025-07-18T13:13:28.031+0000] {logging_mixin.py:188} INFO - [2025-07-18T13:13:28.031+0000] {dag.py:3823} INFO - Setting next_dagrun for example_branch_operator to 2025-07-17 00:00:00+00:00, run_after=2025-07-18 00:00:00+00:00
[2025-07-18T13:13:28.045+0000] {processor.py:183} INFO - Processing /home/airflow/.local/lib/python3.8/site-packages/airflow/example_dags/example_branch_operator.py took 0.048 seconds
[2025-07-18T13:13:58.661+0000] {processor.py:161} INFO - Started process (PID=2104) to work on /home/airflow/.local/lib/python3.8/site-packages/airflow/example_dags/example_branch_operator.py
[2025-07-18T13:13:58.662+0000] {processor.py:830} INFO - Processing file /home/airflow/.local/lib/python3.8/site-packages/airflow/example_dags/example_branch_operator.py for tasks to queue
[2025-07-18T13:13:58.662+0000] {logging_mixin.py:188} INFO - [2025-07-18T13:13:58.662+0000] {dagbag.py:538} INFO - Filling up the DagBag from /home/airflow/.local/lib/python3.8/site-packages/airflow/example_dags/example_branch_operator.py
[2025-07-18T13:13:58.669+0000] {processor.py:840} INFO - DAG(s) 'example_branch_operator' retrieved from /home/airflow/.local/lib/python3.8/site-packages/airflow/example_dags/example_branch_operator.py
[2025-07-18T13:13:58.679+0000] {logging_mixin.py:188} INFO - [2025-07-18T13:13:58.679+0000] {dag.py:3036} INFO - Sync 1 DAGs
[2025-07-18T13:13:58.688+0000] {logging_mixin.py:188} INFO - [2025-07-18T13:13:58.688+0000] {dag.py:3823} INFO - Setting next_dagrun for example_branch_operator to 2025-07-17 00:00:00+00:00, run_after=2025-07-18 00:00:00+00:00
[2025-07-18T13:13:58.694+0000] {processor.py:183} INFO - Processing /home/airflow/.local/lib/python3.8/site-packages/airflow/example_dags/example_branch_operator.py took 0.035 seconds
[2025-07-18T13:14:29.288+0000] {processor.py:161} INFO - Started process (PID=2177) to work on /home/airflow/.local/lib/python3.8/site-packages/airflow/example_dags/example_branch_operator.py
[2025-07-18T13:14:29.288+0000] {processor.py:830} INFO - Processing file /home/airflow/.local/lib/python3.8/site-packages/airflow/example_dags/example_branch_operator.py for tasks to queue
[2025-07-18T13:14:29.289+0000] {logging_mixin.py:188} INFO - [2025-07-18T13:14:29.289+0000] {dagbag.py:538} INFO - Filling up the DagBag from /home/airflow/.local/lib/python3.8/site-packages/airflow/example_dags/example_branch_operator.py
[2025-07-18T13:14:29.295+0000] {processor.py:840} INFO - DAG(s) 'example_branch_operator' retrieved from /home/airflow/.local/lib/python3.8/site-packages/airflow/example_dags/example_branch_operator.py
[2025-07-18T13:14:29.304+0000] {logging_mixin.py:188} INFO - [2025-07-18T13:14:29.303+0000] {dag.py:3036} INFO - Sync 1 DAGs
[2025-07-18T13:14:29.311+0000] {logging_mixin.py:188} INFO - [2025-07-18T13:14:29.311+0000] {dag.py:3823} INFO - Setting next_dagrun for example_branch_operator to 2025-07-17 00:00:00+00:00, run_after=2025-07-18 00:00:00+00:00
[2025-07-18T13:14:29.316+0000] {processor.py:183} INFO - Processing /home/airflow/.local/lib/python3.8/site-packages/airflow/example_dags/example_branch_operator.py took 0.030 seconds
[2025-07-18T13:14:59.914+0000] {processor.py:161} INFO - Started process (PID=2250) to work on /home/airflow/.local/lib/python3.8/site-packages/airflow/example_dags/example_branch_operator.py
[2025-07-18T13:14:59.915+0000] {processor.py:830} INFO - Processing file /home/airflow/.local/lib/python3.8/site-packages/airflow/example_dags/example_branch_operator.py for tasks to queue
[2025-07-18T13:14:59.915+0000] {logging_mixin.py:188} INFO - [2025-07-18T13:14:59.915+0000] {dagbag.py:538} INFO - Filling up the DagBag from /home/airflow/.local/lib/python3.8/site-packages/airflow/example_dags/example_branch_operator.py
[2025-07-18T13:14:59.921+0000] {processor.py:840} INFO - DAG(s) 'example_branch_operator' retrieved from /home/airflow/.local/lib/python3.8/site-packages/airflow/example_dags/example_branch_operator.py
[2025-07-18T13:14:59.931+0000] {logging_mixin.py:188} INFO - [2025-07-18T13:14:59.931+0000] {dag.py:3036} INFO - Sync 1 DAGs
[2025-07-18T13:14:59.937+0000] {logging_mixin.py:188} INFO - [2025-07-18T13:14:59.937+0000] {dag.py:3823} INFO - Setting next_dagrun for example_branch_operator to 2025-07-17 00:00:00+00:00, run_after=2025-07-18 00:00:00+00:00
[2025-07-18T13:14:59.943+0000] {processor.py:183} INFO - Processing /home/airflow/.local/lib/python3.8/site-packages/airflow/example_dags/example_branch_operator.py took 0.030 seconds
[2025-07-18T13:15:30.512+0000] {processor.py:161} INFO - Started process (PID=2323) to work on /home/airflow/.local/lib/python3.8/site-packages/airflow/example_dags/example_branch_operator.py
[2025-07-18T13:15:30.512+0000] {processor.py:830} INFO - Processing file /home/airflow/.local/lib/python3.8/site-packages/airflow/example_dags/example_branch_operator.py for tasks to queue
[2025-07-18T13:15:30.513+0000] {logging_mixin.py:188} INFO - [2025-07-18T13:15:30.513+0000] {dagbag.py:538} INFO - Filling up the DagBag from /home/airflow/.local/lib/python3.8/site-packages/airflow/example_dags/example_branch_operator.py
[2025-07-18T13:15:30.520+0000] {processor.py:840} INFO - DAG(s) 'example_branch_operator' retrieved from /home/airflow/.local/lib/python3.8/site-packages/airflow/example_dags/example_branch_operator.py
[2025-07-18T13:15:30.532+0000] {logging_mixin.py:188} INFO - [2025-07-18T13:15:30.532+0000] {dag.py:3036} INFO - Sync 1 DAGs
[2025-07-18T13:15:30.542+0000] {logging_mixin.py:188} INFO - [2025-07-18T13:15:30.542+0000] {dag.py:3823} INFO - Setting next_dagrun for example_branch_operator to 2025-07-17 00:00:00+00:00, run_after=2025-07-18 00:00:00+00:00
[2025-07-18T13:15:30.550+0000] {processor.py:183} INFO - Processing /home/airflow/.local/lib/python3.8/site-packages/airflow/example_dags/example_branch_operator.py took 0.039 seconds
[2025-07-18T13:16:01.110+0000] {processor.py:161} INFO - Started process (PID=2396) to work on /home/airflow/.local/lib/python3.8/site-packages/airflow/example_dags/example_branch_operator.py
[2025-07-18T13:16:01.110+0000] {processor.py:830} INFO - Processing file /home/airflow/.local/lib/python3.8/site-packages/airflow/example_dags/example_branch_operator.py for tasks to queue
[2025-07-18T13:16:01.111+0000] {logging_mixin.py:188} INFO - [2025-07-18T13:16:01.111+0000] {dagbag.py:538} INFO - Filling up the DagBag from /home/airflow/.local/lib/python3.8/site-packages/airflow/example_dags/example_branch_operator.py
[2025-07-18T13:16:01.116+0000] {processor.py:840} INFO - DAG(s) 'example_branch_operator' retrieved from /home/airflow/.local/lib/python3.8/site-packages/airflow/example_dags/example_branch_operator.py
[2025-07-18T13:16:01.125+0000] {logging_mixin.py:188} INFO - [2025-07-18T13:16:01.125+0000] {dag.py:3036} INFO - Sync 1 DAGs
[2025-07-18T13:16:01.132+0000] {logging_mixin.py:188} INFO - [2025-07-18T13:16:01.132+0000] {dag.py:3823} INFO - Setting next_dagrun for example_branch_operator to 2025-07-17 00:00:00+00:00, run_after=2025-07-18 00:00:00+00:00
[2025-07-18T13:16:01.138+0000] {processor.py:183} INFO - Processing /home/airflow/.local/lib/python3.8/site-packages/airflow/example_dags/example_branch_operator.py took 0.029 seconds
[2025-07-18T13:16:31.756+0000] {processor.py:161} INFO - Started process (PID=2469) to work on /home/airflow/.local/lib/python3.8/site-packages/airflow/example_dags/example_branch_operator.py
[2025-07-18T13:16:31.757+0000] {processor.py:830} INFO - Processing file /home/airflow/.local/lib/python3.8/site-packages/airflow/example_dags/example_branch_operator.py for tasks to queue
[2025-07-18T13:16:31.757+0000] {logging_mixin.py:188} INFO - [2025-07-18T13:16:31.757+0000] {dagbag.py:538} INFO - Filling up the DagBag from /home/airflow/.local/lib/python3.8/site-packages/airflow/example_dags/example_branch_operator.py
[2025-07-18T13:16:31.764+0000] {processor.py:840} INFO - DAG(s) 'example_branch_operator' retrieved from /home/airflow/.local/lib/python3.8/site-packages/airflow/example_dags/example_branch_operator.py
[2025-07-18T13:16:31.773+0000] {logging_mixin.py:188} INFO - [2025-07-18T13:16:31.773+0000] {dag.py:3036} INFO - Sync 1 DAGs
[2025-07-18T13:16:31.780+0000] {logging_mixin.py:188} INFO - [2025-07-18T13:16:31.780+0000] {dag.py:3823} INFO - Setting next_dagrun for example_branch_operator to 2025-07-17 00:00:00+00:00, run_after=2025-07-18 00:00:00+00:00
[2025-07-18T13:16:31.785+0000] {processor.py:183} INFO - Processing /home/airflow/.local/lib/python3.8/site-packages/airflow/example_dags/example_branch_operator.py took 0.030 seconds
[2025-07-18T13:17:02.325+0000] {processor.py:161} INFO - Started process (PID=2542) to work on /home/airflow/.local/lib/python3.8/site-packages/airflow/example_dags/example_branch_operator.py
[2025-07-18T13:17:02.326+0000] {processor.py:830} INFO - Processing file /home/airflow/.local/lib/python3.8/site-packages/airflow/example_dags/example_branch_operator.py for tasks to queue
[2025-07-18T13:17:02.326+0000] {logging_mixin.py:188} INFO - [2025-07-18T13:17:02.326+0000] {dagbag.py:538} INFO - Filling up the DagBag from /home/airflow/.local/lib/python3.8/site-packages/airflow/example_dags/example_branch_operator.py
[2025-07-18T13:17:02.333+0000] {processor.py:840} INFO - DAG(s) 'example_branch_operator' retrieved from /home/airflow/.local/lib/python3.8/site-packages/airflow/example_dags/example_branch_operator.py
[2025-07-18T13:17:02.344+0000] {logging_mixin.py:188} INFO - [2025-07-18T13:17:02.343+0000] {dag.py:3036} INFO - Sync 1 DAGs
[2025-07-18T13:17:02.352+0000] {logging_mixin.py:188} INFO - [2025-07-18T13:17:02.352+0000] {dag.py:3823} INFO - Setting next_dagrun for example_branch_operator to 2025-07-17 00:00:00+00:00, run_after=2025-07-18 00:00:00+00:00
[2025-07-18T13:17:02.360+0000] {processor.py:183} INFO - Processing /home/airflow/.local/lib/python3.8/site-packages/airflow/example_dags/example_branch_operator.py took 0.036 seconds
[2025-07-18T13:17:32.903+0000] {processor.py:161} INFO - Started process (PID=2615) to work on /home/airflow/.local/lib/python3.8/site-packages/airflow/example_dags/example_branch_operator.py
[2025-07-18T13:17:32.904+0000] {processor.py:830} INFO - Processing file /home/airflow/.local/lib/python3.8/site-packages/airflow/example_dags/example_branch_operator.py for tasks to queue
[2025-07-18T13:17:32.904+0000] {logging_mixin.py:188} INFO - [2025-07-18T13:17:32.904+0000] {dagbag.py:538} INFO - Filling up the DagBag from /home/airflow/.local/lib/python3.8/site-packages/airflow/example_dags/example_branch_operator.py
[2025-07-18T13:17:32.913+0000] {processor.py:840} INFO - DAG(s) 'example_branch_operator' retrieved from /home/airflow/.local/lib/python3.8/site-packages/airflow/example_dags/example_branch_operator.py
[2025-07-18T13:17:32.925+0000] {logging_mixin.py:188} INFO - [2025-07-18T13:17:32.925+0000] {dag.py:3036} INFO - Sync 1 DAGs
[2025-07-18T13:17:32.932+0000] {logging_mixin.py:188} INFO - [2025-07-18T13:17:32.932+0000] {dag.py:3823} INFO - Setting next_dagrun for example_branch_operator to 2025-07-17 00:00:00+00:00, run_after=2025-07-18 00:00:00+00:00
[2025-07-18T13:17:32.939+0000] {processor.py:183} INFO - Processing /home/airflow/.local/lib/python3.8/site-packages/airflow/example_dags/example_branch_operator.py took 0.037 seconds
[2025-07-18T13:19:04.888+0000] {processor.py:161} INFO - Started process (PID=2822) to work on /home/airflow/.local/lib/python3.8/site-packages/airflow/example_dags/example_branch_operator.py
[2025-07-18T13:19:04.890+0000] {processor.py:830} INFO - Processing file /home/airflow/.local/lib/python3.8/site-packages/airflow/example_dags/example_branch_operator.py for tasks to queue
[2025-07-18T13:19:04.893+0000] {logging_mixin.py:188} INFO - [2025-07-18T13:19:04.893+0000] {dagbag.py:538} INFO - Filling up the DagBag from /home/airflow/.local/lib/python3.8/site-packages/airflow/example_dags/example_branch_operator.py
[2025-07-18T13:19:04.900+0000] {processor.py:840} INFO - DAG(s) 'example_branch_operator' retrieved from /home/airflow/.local/lib/python3.8/site-packages/airflow/example_dags/example_branch_operator.py
[2025-07-18T13:19:04.911+0000] {logging_mixin.py:188} INFO - [2025-07-18T13:19:04.911+0000] {dag.py:3036} INFO - Sync 1 DAGs
[2025-07-18T13:19:04.918+0000] {logging_mixin.py:188} INFO - [2025-07-18T13:19:04.918+0000] {dag.py:3823} INFO - Setting next_dagrun for example_branch_operator to 2025-07-17 00:00:00+00:00, run_after=2025-07-18 00:00:00+00:00
[2025-07-18T13:19:04.925+0000] {processor.py:183} INFO - Processing /home/airflow/.local/lib/python3.8/site-packages/airflow/example_dags/example_branch_operator.py took 0.038 seconds
