[2025-07-18T12:59:37.695+0000] {processor.py:161} INFO - Started process (PID=53) to work on /home/airflow/.local/lib/python3.8/site-packages/airflow/example_dags/example_latest_only.py
[2025-07-18T12:59:37.696+0000] {processor.py:830} INFO - Processing file /home/airflow/.local/lib/python3.8/site-packages/airflow/example_dags/example_latest_only.py for tasks to queue
[2025-07-18T12:59:37.697+0000] {logging_mixin.py:188} INFO - [2025-07-18T12:59:37.696+0000] {dagbag.py:538} INFO - Filling up the DagBag from /home/airflow/.local/lib/python3.8/site-packages/airflow/example_dags/example_latest_only.py
[2025-07-18T12:59:37.701+0000] {processor.py:840} INFO - DAG(s) 'latest_only' retrieved from /home/airflow/.local/lib/python3.8/site-packages/airflow/example_dags/example_latest_only.py
[2025-07-18T12:59:37.714+0000] {logging_mixin.py:188} INFO - [2025-07-18T12:59:37.714+0000] {dag.py:3036} INFO - Sync 1 DAGs
[2025-07-18T12:59:37.725+0000] {logging_mixin.py:188} INFO - [2025-07-18T12:59:37.724+0000] {dag.py:3823} INFO - Setting next_dagrun for latest_only to 2025-07-18 08:00:00+00:00, run_after=2025-07-18 12:00:00+00:00
[2025-07-18T12:59:37.733+0000] {processor.py:183} INFO - Processing /home/airflow/.local/lib/python3.8/site-packages/airflow/example_dags/example_latest_only.py took 0.040 seconds
[2025-07-18T13:00:08.169+0000] {processor.py:161} INFO - Started process (PID=124) to work on /home/airflow/.local/lib/python3.8/site-packages/airflow/example_dags/example_latest_only.py
[2025-07-18T13:00:08.170+0000] {processor.py:830} INFO - Processing file /home/airflow/.local/lib/python3.8/site-packages/airflow/example_dags/example_latest_only.py for tasks to queue
[2025-07-18T13:00:08.170+0000] {logging_mixin.py:188} INFO - [2025-07-18T13:00:08.170+0000] {dagbag.py:538} INFO - Filling up the DagBag from /home/airflow/.local/lib/python3.8/site-packages/airflow/example_dags/example_latest_only.py
[2025-07-18T13:00:08.172+0000] {processor.py:840} INFO - DAG(s) 'latest_only' retrieved from /home/airflow/.local/lib/python3.8/site-packages/airflow/example_dags/example_latest_only.py
[2025-07-18T13:00:08.180+0000] {logging_mixin.py:188} INFO - [2025-07-18T13:00:08.180+0000] {dag.py:3036} INFO - Sync 1 DAGs
[2025-07-18T13:00:08.189+0000] {logging_mixin.py:188} INFO - [2025-07-18T13:00:08.189+0000] {dag.py:3823} INFO - Setting next_dagrun for latest_only to 2025-07-18 08:00:00+00:00, run_after=2025-07-18 12:00:00+00:00
[2025-07-18T13:00:08.197+0000] {processor.py:183} INFO - Processing /home/airflow/.local/lib/python3.8/site-packages/airflow/example_dags/example_latest_only.py took 0.030 seconds
[2025-07-18T13:00:38.436+0000] {processor.py:161} INFO - Started process (PID=195) to work on /home/airflow/.local/lib/python3.8/site-packages/airflow/example_dags/example_latest_only.py
[2025-07-18T13:00:38.436+0000] {processor.py:830} INFO - Processing file /home/airflow/.local/lib/python3.8/site-packages/airflow/example_dags/example_latest_only.py for tasks to queue
[2025-07-18T13:00:38.437+0000] {logging_mixin.py:188} INFO - [2025-07-18T13:00:38.437+0000] {dagbag.py:538} INFO - Filling up the DagBag from /home/airflow/.local/lib/python3.8/site-packages/airflow/example_dags/example_latest_only.py
[2025-07-18T13:00:38.439+0000] {processor.py:840} INFO - DAG(s) 'latest_only' retrieved from /home/airflow/.local/lib/python3.8/site-packages/airflow/example_dags/example_latest_only.py
[2025-07-18T13:00:38.448+0000] {logging_mixin.py:188} INFO - [2025-07-18T13:00:38.448+0000] {dag.py:3036} INFO - Sync 1 DAGs
[2025-07-18T13:00:38.460+0000] {logging_mixin.py:188} INFO - [2025-07-18T13:00:38.460+0000] {dag.py:3823} INFO - Setting next_dagrun for latest_only to 2025-07-18 08:00:00+00:00, run_after=2025-07-18 12:00:00+00:00
[2025-07-18T13:00:38.466+0000] {processor.py:183} INFO - Processing /home/airflow/.local/lib/python3.8/site-packages/airflow/example_dags/example_latest_only.py took 0.031 seconds
[2025-07-18T13:01:08.545+0000] {processor.py:161} INFO - Started process (PID=265) to work on /home/airflow/.local/lib/python3.8/site-packages/airflow/example_dags/example_latest_only.py
[2025-07-18T13:01:08.547+0000] {processor.py:830} INFO - Processing file /home/airflow/.local/lib/python3.8/site-packages/airflow/example_dags/example_latest_only.py for tasks to queue
[2025-07-18T13:01:08.550+0000] {logging_mixin.py:188} INFO - [2025-07-18T13:01:08.549+0000] {dagbag.py:538} INFO - Filling up the DagBag from /home/airflow/.local/lib/python3.8/site-packages/airflow/example_dags/example_latest_only.py
[2025-07-18T13:01:08.554+0000] {processor.py:840} INFO - DAG(s) 'latest_only' retrieved from /home/airflow/.local/lib/python3.8/site-packages/airflow/example_dags/example_latest_only.py
[2025-07-18T13:01:08.566+0000] {logging_mixin.py:188} INFO - [2025-07-18T13:01:08.566+0000] {dag.py:3036} INFO - Sync 1 DAGs
[2025-07-18T13:01:08.577+0000] {logging_mixin.py:188} INFO - [2025-07-18T13:01:08.577+0000] {dag.py:3823} INFO - Setting next_dagrun for latest_only to 2025-07-18 08:00:00+00:00, run_after=2025-07-18 12:00:00+00:00
[2025-07-18T13:01:08.585+0000] {processor.py:183} INFO - Processing /home/airflow/.local/lib/python3.8/site-packages/airflow/example_dags/example_latest_only.py took 0.043 seconds
[2025-07-18T13:01:39.369+0000] {processor.py:161} INFO - Started process (PID=343) to work on /home/airflow/.local/lib/python3.8/site-packages/airflow/example_dags/example_latest_only.py
[2025-07-18T13:01:39.370+0000] {processor.py:830} INFO - Processing file /home/airflow/.local/lib/python3.8/site-packages/airflow/example_dags/example_latest_only.py for tasks to queue
[2025-07-18T13:01:39.371+0000] {logging_mixin.py:188} INFO - [2025-07-18T13:01:39.371+0000] {dagbag.py:538} INFO - Filling up the DagBag from /home/airflow/.local/lib/python3.8/site-packages/airflow/example_dags/example_latest_only.py
[2025-07-18T13:01:39.373+0000] {processor.py:840} INFO - DAG(s) 'latest_only' retrieved from /home/airflow/.local/lib/python3.8/site-packages/airflow/example_dags/example_latest_only.py
[2025-07-18T13:01:39.381+0000] {logging_mixin.py:188} INFO - [2025-07-18T13:01:39.381+0000] {dag.py:3036} INFO - Sync 1 DAGs
[2025-07-18T13:01:39.389+0000] {logging_mixin.py:188} INFO - [2025-07-18T13:01:39.389+0000] {dag.py:3823} INFO - Setting next_dagrun for latest_only to 2025-07-18 08:00:00+00:00, run_after=2025-07-18 12:00:00+00:00
[2025-07-18T13:01:39.399+0000] {processor.py:183} INFO - Processing /home/airflow/.local/lib/python3.8/site-packages/airflow/example_dags/example_latest_only.py took 0.031 seconds
[2025-07-18T13:02:10.164+0000] {processor.py:161} INFO - Started process (PID=416) to work on /home/airflow/.local/lib/python3.8/site-packages/airflow/example_dags/example_latest_only.py
[2025-07-18T13:02:10.164+0000] {processor.py:830} INFO - Processing file /home/airflow/.local/lib/python3.8/site-packages/airflow/example_dags/example_latest_only.py for tasks to queue
[2025-07-18T13:02:10.165+0000] {logging_mixin.py:188} INFO - [2025-07-18T13:02:10.165+0000] {dagbag.py:538} INFO - Filling up the DagBag from /home/airflow/.local/lib/python3.8/site-packages/airflow/example_dags/example_latest_only.py
[2025-07-18T13:02:10.167+0000] {processor.py:840} INFO - DAG(s) 'latest_only' retrieved from /home/airflow/.local/lib/python3.8/site-packages/airflow/example_dags/example_latest_only.py
[2025-07-18T13:02:10.176+0000] {logging_mixin.py:188} INFO - [2025-07-18T13:02:10.176+0000] {dag.py:3036} INFO - Sync 1 DAGs
[2025-07-18T13:02:10.184+0000] {logging_mixin.py:188} INFO - [2025-07-18T13:02:10.184+0000] {dag.py:3823} INFO - Setting next_dagrun for latest_only to 2025-07-18 08:00:00+00:00, run_after=2025-07-18 12:00:00+00:00
[2025-07-18T13:02:10.194+0000] {processor.py:183} INFO - Processing /home/airflow/.local/lib/python3.8/site-packages/airflow/example_dags/example_latest_only.py took 0.031 seconds
[2025-07-18T13:02:41.355+0000] {processor.py:161} INFO - Started process (PID=489) to work on /home/airflow/.local/lib/python3.8/site-packages/airflow/example_dags/example_latest_only.py
[2025-07-18T13:02:41.356+0000] {processor.py:830} INFO - Processing file /home/airflow/.local/lib/python3.8/site-packages/airflow/example_dags/example_latest_only.py for tasks to queue
[2025-07-18T13:02:41.357+0000] {logging_mixin.py:188} INFO - [2025-07-18T13:02:41.357+0000] {dagbag.py:538} INFO - Filling up the DagBag from /home/airflow/.local/lib/python3.8/site-packages/airflow/example_dags/example_latest_only.py
[2025-07-18T13:02:41.359+0000] {processor.py:840} INFO - DAG(s) 'latest_only' retrieved from /home/airflow/.local/lib/python3.8/site-packages/airflow/example_dags/example_latest_only.py
[2025-07-18T13:02:41.368+0000] {logging_mixin.py:188} INFO - [2025-07-18T13:02:41.368+0000] {dag.py:3036} INFO - Sync 1 DAGs
[2025-07-18T13:02:41.375+0000] {logging_mixin.py:188} INFO - [2025-07-18T13:02:41.375+0000] {dag.py:3823} INFO - Setting next_dagrun for latest_only to 2025-07-18 08:00:00+00:00, run_after=2025-07-18 12:00:00+00:00
[2025-07-18T13:02:41.383+0000] {processor.py:183} INFO - Processing /home/airflow/.local/lib/python3.8/site-packages/airflow/example_dags/example_latest_only.py took 0.029 seconds
[2025-07-18T13:03:12.092+0000] {processor.py:161} INFO - Started process (PID=562) to work on /home/airflow/.local/lib/python3.8/site-packages/airflow/example_dags/example_latest_only.py
[2025-07-18T13:03:12.093+0000] {processor.py:830} INFO - Processing file /home/airflow/.local/lib/python3.8/site-packages/airflow/example_dags/example_latest_only.py for tasks to queue
[2025-07-18T13:03:12.094+0000] {logging_mixin.py:188} INFO - [2025-07-18T13:03:12.094+0000] {dagbag.py:538} INFO - Filling up the DagBag from /home/airflow/.local/lib/python3.8/site-packages/airflow/example_dags/example_latest_only.py
[2025-07-18T13:03:12.097+0000] {processor.py:840} INFO - DAG(s) 'latest_only' retrieved from /home/airflow/.local/lib/python3.8/site-packages/airflow/example_dags/example_latest_only.py
[2025-07-18T13:03:12.107+0000] {logging_mixin.py:188} INFO - [2025-07-18T13:03:12.107+0000] {dag.py:3036} INFO - Sync 1 DAGs
[2025-07-18T13:03:12.115+0000] {logging_mixin.py:188} INFO - [2025-07-18T13:03:12.115+0000] {dag.py:3823} INFO - Setting next_dagrun for latest_only to 2025-07-18 08:00:00+00:00, run_after=2025-07-18 12:00:00+00:00
[2025-07-18T13:03:12.124+0000] {processor.py:183} INFO - Processing /home/airflow/.local/lib/python3.8/site-packages/airflow/example_dags/example_latest_only.py took 0.034 seconds
[2025-07-18T13:03:43.003+0000] {processor.py:161} INFO - Started process (PID=635) to work on /home/airflow/.local/lib/python3.8/site-packages/airflow/example_dags/example_latest_only.py
[2025-07-18T13:03:43.004+0000] {processor.py:830} INFO - Processing file /home/airflow/.local/lib/python3.8/site-packages/airflow/example_dags/example_latest_only.py for tasks to queue
[2025-07-18T13:03:43.005+0000] {logging_mixin.py:188} INFO - [2025-07-18T13:03:43.005+0000] {dagbag.py:538} INFO - Filling up the DagBag from /home/airflow/.local/lib/python3.8/site-packages/airflow/example_dags/example_latest_only.py
[2025-07-18T13:03:43.007+0000] {processor.py:840} INFO - DAG(s) 'latest_only' retrieved from /home/airflow/.local/lib/python3.8/site-packages/airflow/example_dags/example_latest_only.py
[2025-07-18T13:03:43.017+0000] {logging_mixin.py:188} INFO - [2025-07-18T13:03:43.017+0000] {dag.py:3036} INFO - Sync 1 DAGs
[2025-07-18T13:03:43.027+0000] {logging_mixin.py:188} INFO - [2025-07-18T13:03:43.027+0000] {dag.py:3823} INFO - Setting next_dagrun for latest_only to 2025-07-18 08:00:00+00:00, run_after=2025-07-18 12:00:00+00:00
[2025-07-18T13:03:43.034+0000] {processor.py:183} INFO - Processing /home/airflow/.local/lib/python3.8/site-packages/airflow/example_dags/example_latest_only.py took 0.032 seconds
[2025-07-18T13:04:13.759+0000] {processor.py:161} INFO - Started process (PID=707) to work on /home/airflow/.local/lib/python3.8/site-packages/airflow/example_dags/example_latest_only.py
[2025-07-18T13:04:13.760+0000] {processor.py:830} INFO - Processing file /home/airflow/.local/lib/python3.8/site-packages/airflow/example_dags/example_latest_only.py for tasks to queue
[2025-07-18T13:04:13.761+0000] {logging_mixin.py:188} INFO - [2025-07-18T13:04:13.761+0000] {dagbag.py:538} INFO - Filling up the DagBag from /home/airflow/.local/lib/python3.8/site-packages/airflow/example_dags/example_latest_only.py
[2025-07-18T13:04:13.763+0000] {processor.py:840} INFO - DAG(s) 'latest_only' retrieved from /home/airflow/.local/lib/python3.8/site-packages/airflow/example_dags/example_latest_only.py
[2025-07-18T13:04:13.770+0000] {logging_mixin.py:188} INFO - [2025-07-18T13:04:13.770+0000] {dag.py:3036} INFO - Sync 1 DAGs
[2025-07-18T13:04:13.779+0000] {logging_mixin.py:188} INFO - [2025-07-18T13:04:13.779+0000] {dag.py:3823} INFO - Setting next_dagrun for latest_only to 2025-07-18 08:00:00+00:00, run_after=2025-07-18 12:00:00+00:00
[2025-07-18T13:04:13.788+0000] {processor.py:183} INFO - Processing /home/airflow/.local/lib/python3.8/site-packages/airflow/example_dags/example_latest_only.py took 0.030 seconds
[2025-07-18T13:04:44.435+0000] {processor.py:161} INFO - Started process (PID=780) to work on /home/airflow/.local/lib/python3.8/site-packages/airflow/example_dags/example_latest_only.py
[2025-07-18T13:04:44.436+0000] {processor.py:830} INFO - Processing file /home/airflow/.local/lib/python3.8/site-packages/airflow/example_dags/example_latest_only.py for tasks to queue
[2025-07-18T13:04:44.437+0000] {logging_mixin.py:188} INFO - [2025-07-18T13:04:44.437+0000] {dagbag.py:538} INFO - Filling up the DagBag from /home/airflow/.local/lib/python3.8/site-packages/airflow/example_dags/example_latest_only.py
[2025-07-18T13:04:44.442+0000] {processor.py:840} INFO - DAG(s) 'latest_only' retrieved from /home/airflow/.local/lib/python3.8/site-packages/airflow/example_dags/example_latest_only.py
[2025-07-18T13:04:44.452+0000] {logging_mixin.py:188} INFO - [2025-07-18T13:04:44.452+0000] {dag.py:3036} INFO - Sync 1 DAGs
[2025-07-18T13:04:44.465+0000] {logging_mixin.py:188} INFO - [2025-07-18T13:04:44.465+0000] {dag.py:3823} INFO - Setting next_dagrun for latest_only to 2025-07-18 08:00:00+00:00, run_after=2025-07-18 12:00:00+00:00
[2025-07-18T13:04:44.473+0000] {processor.py:183} INFO - Processing /home/airflow/.local/lib/python3.8/site-packages/airflow/example_dags/example_latest_only.py took 0.039 seconds
[2025-07-18T13:05:15.141+0000] {processor.py:161} INFO - Started process (PID=859) to work on /home/airflow/.local/lib/python3.8/site-packages/airflow/example_dags/example_latest_only.py
[2025-07-18T13:05:15.142+0000] {processor.py:830} INFO - Processing file /home/airflow/.local/lib/python3.8/site-packages/airflow/example_dags/example_latest_only.py for tasks to queue
[2025-07-18T13:05:15.143+0000] {logging_mixin.py:188} INFO - [2025-07-18T13:05:15.142+0000] {dagbag.py:538} INFO - Filling up the DagBag from /home/airflow/.local/lib/python3.8/site-packages/airflow/example_dags/example_latest_only.py
[2025-07-18T13:05:15.145+0000] {processor.py:840} INFO - DAG(s) 'latest_only' retrieved from /home/airflow/.local/lib/python3.8/site-packages/airflow/example_dags/example_latest_only.py
[2025-07-18T13:05:15.153+0000] {logging_mixin.py:188} INFO - [2025-07-18T13:05:15.153+0000] {dag.py:3036} INFO - Sync 1 DAGs
[2025-07-18T13:05:15.164+0000] {logging_mixin.py:188} INFO - [2025-07-18T13:05:15.164+0000] {dag.py:3823} INFO - Setting next_dagrun for latest_only to 2025-07-18 08:00:00+00:00, run_after=2025-07-18 12:00:00+00:00
[2025-07-18T13:05:15.180+0000] {processor.py:183} INFO - Processing /home/airflow/.local/lib/python3.8/site-packages/airflow/example_dags/example_latest_only.py took 0.040 seconds
[2025-07-18T13:05:45.927+0000] {processor.py:161} INFO - Started process (PID=932) to work on /home/airflow/.local/lib/python3.8/site-packages/airflow/example_dags/example_latest_only.py
[2025-07-18T13:05:45.928+0000] {processor.py:830} INFO - Processing file /home/airflow/.local/lib/python3.8/site-packages/airflow/example_dags/example_latest_only.py for tasks to queue
[2025-07-18T13:05:45.928+0000] {logging_mixin.py:188} INFO - [2025-07-18T13:05:45.928+0000] {dagbag.py:538} INFO - Filling up the DagBag from /home/airflow/.local/lib/python3.8/site-packages/airflow/example_dags/example_latest_only.py
[2025-07-18T13:05:45.930+0000] {processor.py:840} INFO - DAG(s) 'latest_only' retrieved from /home/airflow/.local/lib/python3.8/site-packages/airflow/example_dags/example_latest_only.py
[2025-07-18T13:05:45.939+0000] {logging_mixin.py:188} INFO - [2025-07-18T13:05:45.939+0000] {dag.py:3036} INFO - Sync 1 DAGs
[2025-07-18T13:05:45.950+0000] {logging_mixin.py:188} INFO - [2025-07-18T13:05:45.950+0000] {dag.py:3823} INFO - Setting next_dagrun for latest_only to 2025-07-18 08:00:00+00:00, run_after=2025-07-18 12:00:00+00:00
[2025-07-18T13:05:45.960+0000] {processor.py:183} INFO - Processing /home/airflow/.local/lib/python3.8/site-packages/airflow/example_dags/example_latest_only.py took 0.034 seconds
[2025-07-18T13:06:16.776+0000] {processor.py:161} INFO - Started process (PID=1005) to work on /home/airflow/.local/lib/python3.8/site-packages/airflow/example_dags/example_latest_only.py
[2025-07-18T13:06:16.776+0000] {processor.py:830} INFO - Processing file /home/airflow/.local/lib/python3.8/site-packages/airflow/example_dags/example_latest_only.py for tasks to queue
[2025-07-18T13:06:16.777+0000] {logging_mixin.py:188} INFO - [2025-07-18T13:06:16.777+0000] {dagbag.py:538} INFO - Filling up the DagBag from /home/airflow/.local/lib/python3.8/site-packages/airflow/example_dags/example_latest_only.py
[2025-07-18T13:06:16.779+0000] {processor.py:840} INFO - DAG(s) 'latest_only' retrieved from /home/airflow/.local/lib/python3.8/site-packages/airflow/example_dags/example_latest_only.py
[2025-07-18T13:06:16.791+0000] {logging_mixin.py:188} INFO - [2025-07-18T13:06:16.791+0000] {dag.py:3036} INFO - Sync 1 DAGs
[2025-07-18T13:06:16.800+0000] {logging_mixin.py:188} INFO - [2025-07-18T13:06:16.800+0000] {dag.py:3823} INFO - Setting next_dagrun for latest_only to 2025-07-18 08:00:00+00:00, run_after=2025-07-18 12:00:00+00:00
[2025-07-18T13:06:16.811+0000] {processor.py:183} INFO - Processing /home/airflow/.local/lib/python3.8/site-packages/airflow/example_dags/example_latest_only.py took 0.037 seconds
[2025-07-18T13:06:47.938+0000] {processor.py:161} INFO - Started process (PID=1077) to work on /home/airflow/.local/lib/python3.8/site-packages/airflow/example_dags/example_latest_only.py
[2025-07-18T13:06:47.940+0000] {processor.py:830} INFO - Processing file /home/airflow/.local/lib/python3.8/site-packages/airflow/example_dags/example_latest_only.py for tasks to queue
[2025-07-18T13:06:47.944+0000] {logging_mixin.py:188} INFO - [2025-07-18T13:06:47.942+0000] {dagbag.py:538} INFO - Filling up the DagBag from /home/airflow/.local/lib/python3.8/site-packages/airflow/example_dags/example_latest_only.py
[2025-07-18T13:06:47.951+0000] {processor.py:840} INFO - DAG(s) 'latest_only' retrieved from /home/airflow/.local/lib/python3.8/site-packages/airflow/example_dags/example_latest_only.py
[2025-07-18T13:06:47.979+0000] {logging_mixin.py:188} INFO - [2025-07-18T13:06:47.979+0000] {dag.py:3036} INFO - Sync 1 DAGs
[2025-07-18T13:06:47.991+0000] {logging_mixin.py:188} INFO - [2025-07-18T13:06:47.991+0000] {dag.py:3823} INFO - Setting next_dagrun for latest_only to 2025-07-18 08:00:00+00:00, run_after=2025-07-18 12:00:00+00:00
[2025-07-18T13:06:48.001+0000] {processor.py:183} INFO - Processing /home/airflow/.local/lib/python3.8/site-packages/airflow/example_dags/example_latest_only.py took 0.067 seconds
[2025-07-18T13:07:18.953+0000] {processor.py:161} INFO - Started process (PID=1150) to work on /home/airflow/.local/lib/python3.8/site-packages/airflow/example_dags/example_latest_only.py
[2025-07-18T13:07:18.954+0000] {processor.py:830} INFO - Processing file /home/airflow/.local/lib/python3.8/site-packages/airflow/example_dags/example_latest_only.py for tasks to queue
[2025-07-18T13:07:18.956+0000] {logging_mixin.py:188} INFO - [2025-07-18T13:07:18.956+0000] {dagbag.py:538} INFO - Filling up the DagBag from /home/airflow/.local/lib/python3.8/site-packages/airflow/example_dags/example_latest_only.py
[2025-07-18T13:07:18.962+0000] {processor.py:840} INFO - DAG(s) 'latest_only' retrieved from /home/airflow/.local/lib/python3.8/site-packages/airflow/example_dags/example_latest_only.py
[2025-07-18T13:07:18.987+0000] {logging_mixin.py:188} INFO - [2025-07-18T13:07:18.986+0000] {dag.py:3036} INFO - Sync 1 DAGs
[2025-07-18T13:07:18.996+0000] {logging_mixin.py:188} INFO - [2025-07-18T13:07:18.996+0000] {dag.py:3823} INFO - Setting next_dagrun for latest_only to 2025-07-18 08:00:00+00:00, run_after=2025-07-18 12:00:00+00:00
[2025-07-18T13:07:19.004+0000] {processor.py:183} INFO - Processing /home/airflow/.local/lib/python3.8/site-packages/airflow/example_dags/example_latest_only.py took 0.053 seconds
[2025-07-18T13:07:49.739+0000] {processor.py:161} INFO - Started process (PID=1223) to work on /home/airflow/.local/lib/python3.8/site-packages/airflow/example_dags/example_latest_only.py
[2025-07-18T13:07:49.740+0000] {processor.py:830} INFO - Processing file /home/airflow/.local/lib/python3.8/site-packages/airflow/example_dags/example_latest_only.py for tasks to queue
[2025-07-18T13:07:49.741+0000] {logging_mixin.py:188} INFO - [2025-07-18T13:07:49.741+0000] {dagbag.py:538} INFO - Filling up the DagBag from /home/airflow/.local/lib/python3.8/site-packages/airflow/example_dags/example_latest_only.py
[2025-07-18T13:07:49.746+0000] {processor.py:840} INFO - DAG(s) 'latest_only' retrieved from /home/airflow/.local/lib/python3.8/site-packages/airflow/example_dags/example_latest_only.py
[2025-07-18T13:07:49.758+0000] {logging_mixin.py:188} INFO - [2025-07-18T13:07:49.758+0000] {dag.py:3036} INFO - Sync 1 DAGs
[2025-07-18T13:07:49.771+0000] {logging_mixin.py:188} INFO - [2025-07-18T13:07:49.771+0000] {dag.py:3823} INFO - Setting next_dagrun for latest_only to 2025-07-18 08:00:00+00:00, run_after=2025-07-18 12:00:00+00:00
[2025-07-18T13:07:49.780+0000] {processor.py:183} INFO - Processing /home/airflow/.local/lib/python3.8/site-packages/airflow/example_dags/example_latest_only.py took 0.044 seconds
[2025-07-18T13:08:20.474+0000] {processor.py:161} INFO - Started process (PID=1296) to work on /home/airflow/.local/lib/python3.8/site-packages/airflow/example_dags/example_latest_only.py
[2025-07-18T13:08:20.474+0000] {processor.py:830} INFO - Processing file /home/airflow/.local/lib/python3.8/site-packages/airflow/example_dags/example_latest_only.py for tasks to queue
[2025-07-18T13:08:20.475+0000] {logging_mixin.py:188} INFO - [2025-07-18T13:08:20.475+0000] {dagbag.py:538} INFO - Filling up the DagBag from /home/airflow/.local/lib/python3.8/site-packages/airflow/example_dags/example_latest_only.py
[2025-07-18T13:08:20.477+0000] {processor.py:840} INFO - DAG(s) 'latest_only' retrieved from /home/airflow/.local/lib/python3.8/site-packages/airflow/example_dags/example_latest_only.py
[2025-07-18T13:08:20.487+0000] {logging_mixin.py:188} INFO - [2025-07-18T13:08:20.487+0000] {dag.py:3036} INFO - Sync 1 DAGs
[2025-07-18T13:08:20.495+0000] {logging_mixin.py:188} INFO - [2025-07-18T13:08:20.495+0000] {dag.py:3823} INFO - Setting next_dagrun for latest_only to 2025-07-18 08:00:00+00:00, run_after=2025-07-18 12:00:00+00:00
[2025-07-18T13:08:20.505+0000] {processor.py:183} INFO - Processing /home/airflow/.local/lib/python3.8/site-packages/airflow/example_dags/example_latest_only.py took 0.032 seconds
[2025-07-18T13:08:51.227+0000] {processor.py:161} INFO - Started process (PID=1369) to work on /home/airflow/.local/lib/python3.8/site-packages/airflow/example_dags/example_latest_only.py
[2025-07-18T13:08:51.228+0000] {processor.py:830} INFO - Processing file /home/airflow/.local/lib/python3.8/site-packages/airflow/example_dags/example_latest_only.py for tasks to queue
[2025-07-18T13:08:51.229+0000] {logging_mixin.py:188} INFO - [2025-07-18T13:08:51.228+0000] {dagbag.py:538} INFO - Filling up the DagBag from /home/airflow/.local/lib/python3.8/site-packages/airflow/example_dags/example_latest_only.py
[2025-07-18T13:08:51.232+0000] {processor.py:840} INFO - DAG(s) 'latest_only' retrieved from /home/airflow/.local/lib/python3.8/site-packages/airflow/example_dags/example_latest_only.py
[2025-07-18T13:08:51.243+0000] {logging_mixin.py:188} INFO - [2025-07-18T13:08:51.242+0000] {dag.py:3036} INFO - Sync 1 DAGs
[2025-07-18T13:08:51.252+0000] {logging_mixin.py:188} INFO - [2025-07-18T13:08:51.252+0000] {dag.py:3823} INFO - Setting next_dagrun for latest_only to 2025-07-18 08:00:00+00:00, run_after=2025-07-18 12:00:00+00:00
[2025-07-18T13:08:51.259+0000] {processor.py:183} INFO - Processing /home/airflow/.local/lib/python3.8/site-packages/airflow/example_dags/example_latest_only.py took 0.033 seconds
[2025-07-18T13:09:21.810+0000] {processor.py:161} INFO - Started process (PID=1442) to work on /home/airflow/.local/lib/python3.8/site-packages/airflow/example_dags/example_latest_only.py
[2025-07-18T13:09:21.810+0000] {processor.py:830} INFO - Processing file /home/airflow/.local/lib/python3.8/site-packages/airflow/example_dags/example_latest_only.py for tasks to queue
[2025-07-18T13:09:21.811+0000] {logging_mixin.py:188} INFO - [2025-07-18T13:09:21.811+0000] {dagbag.py:538} INFO - Filling up the DagBag from /home/airflow/.local/lib/python3.8/site-packages/airflow/example_dags/example_latest_only.py
[2025-07-18T13:09:21.813+0000] {processor.py:840} INFO - DAG(s) 'latest_only' retrieved from /home/airflow/.local/lib/python3.8/site-packages/airflow/example_dags/example_latest_only.py
[2025-07-18T13:09:21.821+0000] {logging_mixin.py:188} INFO - [2025-07-18T13:09:21.821+0000] {dag.py:3036} INFO - Sync 1 DAGs
[2025-07-18T13:09:21.829+0000] {logging_mixin.py:188} INFO - [2025-07-18T13:09:21.829+0000] {dag.py:3823} INFO - Setting next_dagrun for latest_only to 2025-07-18 08:00:00+00:00, run_after=2025-07-18 12:00:00+00:00
[2025-07-18T13:09:21.838+0000] {processor.py:183} INFO - Processing /home/airflow/.local/lib/python3.8/site-packages/airflow/example_dags/example_latest_only.py took 0.030 seconds
[2025-07-18T13:09:52.341+0000] {processor.py:161} INFO - Started process (PID=1515) to work on /home/airflow/.local/lib/python3.8/site-packages/airflow/example_dags/example_latest_only.py
[2025-07-18T13:09:52.341+0000] {processor.py:830} INFO - Processing file /home/airflow/.local/lib/python3.8/site-packages/airflow/example_dags/example_latest_only.py for tasks to queue
[2025-07-18T13:09:52.342+0000] {logging_mixin.py:188} INFO - [2025-07-18T13:09:52.342+0000] {dagbag.py:538} INFO - Filling up the DagBag from /home/airflow/.local/lib/python3.8/site-packages/airflow/example_dags/example_latest_only.py
[2025-07-18T13:09:52.344+0000] {processor.py:840} INFO - DAG(s) 'latest_only' retrieved from /home/airflow/.local/lib/python3.8/site-packages/airflow/example_dags/example_latest_only.py
[2025-07-18T13:09:52.353+0000] {logging_mixin.py:188} INFO - [2025-07-18T13:09:52.353+0000] {dag.py:3036} INFO - Sync 1 DAGs
[2025-07-18T13:09:52.362+0000] {logging_mixin.py:188} INFO - [2025-07-18T13:09:52.362+0000] {dag.py:3823} INFO - Setting next_dagrun for latest_only to 2025-07-18 08:00:00+00:00, run_after=2025-07-18 12:00:00+00:00
[2025-07-18T13:09:52.373+0000] {processor.py:183} INFO - Processing /home/airflow/.local/lib/python3.8/site-packages/airflow/example_dags/example_latest_only.py took 0.034 seconds
[2025-07-18T13:10:23.058+0000] {processor.py:161} INFO - Started process (PID=1588) to work on /home/airflow/.local/lib/python3.8/site-packages/airflow/example_dags/example_latest_only.py
[2025-07-18T13:10:23.059+0000] {processor.py:830} INFO - Processing file /home/airflow/.local/lib/python3.8/site-packages/airflow/example_dags/example_latest_only.py for tasks to queue
[2025-07-18T13:10:23.059+0000] {logging_mixin.py:188} INFO - [2025-07-18T13:10:23.059+0000] {dagbag.py:538} INFO - Filling up the DagBag from /home/airflow/.local/lib/python3.8/site-packages/airflow/example_dags/example_latest_only.py
[2025-07-18T13:10:23.061+0000] {processor.py:840} INFO - DAG(s) 'latest_only' retrieved from /home/airflow/.local/lib/python3.8/site-packages/airflow/example_dags/example_latest_only.py
[2025-07-18T13:10:23.069+0000] {logging_mixin.py:188} INFO - [2025-07-18T13:10:23.069+0000] {dag.py:3036} INFO - Sync 1 DAGs
[2025-07-18T13:10:23.078+0000] {logging_mixin.py:188} INFO - [2025-07-18T13:10:23.077+0000] {dag.py:3823} INFO - Setting next_dagrun for latest_only to 2025-07-18 08:00:00+00:00, run_after=2025-07-18 12:00:00+00:00
[2025-07-18T13:10:23.087+0000] {processor.py:183} INFO - Processing /home/airflow/.local/lib/python3.8/site-packages/airflow/example_dags/example_latest_only.py took 0.030 seconds
[2025-07-18T13:10:53.753+0000] {processor.py:161} INFO - Started process (PID=1661) to work on /home/airflow/.local/lib/python3.8/site-packages/airflow/example_dags/example_latest_only.py
[2025-07-18T13:10:53.754+0000] {processor.py:830} INFO - Processing file /home/airflow/.local/lib/python3.8/site-packages/airflow/example_dags/example_latest_only.py for tasks to queue
[2025-07-18T13:10:53.754+0000] {logging_mixin.py:188} INFO - [2025-07-18T13:10:53.754+0000] {dagbag.py:538} INFO - Filling up the DagBag from /home/airflow/.local/lib/python3.8/site-packages/airflow/example_dags/example_latest_only.py
[2025-07-18T13:10:53.756+0000] {processor.py:840} INFO - DAG(s) 'latest_only' retrieved from /home/airflow/.local/lib/python3.8/site-packages/airflow/example_dags/example_latest_only.py
[2025-07-18T13:10:53.765+0000] {logging_mixin.py:188} INFO - [2025-07-18T13:10:53.764+0000] {dag.py:3036} INFO - Sync 1 DAGs
[2025-07-18T13:10:53.774+0000] {logging_mixin.py:188} INFO - [2025-07-18T13:10:53.774+0000] {dag.py:3823} INFO - Setting next_dagrun for latest_only to 2025-07-18 08:00:00+00:00, run_after=2025-07-18 12:00:00+00:00
[2025-07-18T13:10:53.787+0000] {processor.py:183} INFO - Processing /home/airflow/.local/lib/python3.8/site-packages/airflow/example_dags/example_latest_only.py took 0.036 seconds
[2025-07-18T13:11:24.638+0000] {processor.py:161} INFO - Started process (PID=1734) to work on /home/airflow/.local/lib/python3.8/site-packages/airflow/example_dags/example_latest_only.py
[2025-07-18T13:11:24.638+0000] {processor.py:830} INFO - Processing file /home/airflow/.local/lib/python3.8/site-packages/airflow/example_dags/example_latest_only.py for tasks to queue
[2025-07-18T13:11:24.639+0000] {logging_mixin.py:188} INFO - [2025-07-18T13:11:24.639+0000] {dagbag.py:538} INFO - Filling up the DagBag from /home/airflow/.local/lib/python3.8/site-packages/airflow/example_dags/example_latest_only.py
[2025-07-18T13:11:24.641+0000] {processor.py:840} INFO - DAG(s) 'latest_only' retrieved from /home/airflow/.local/lib/python3.8/site-packages/airflow/example_dags/example_latest_only.py
[2025-07-18T13:11:24.649+0000] {logging_mixin.py:188} INFO - [2025-07-18T13:11:24.649+0000] {dag.py:3036} INFO - Sync 1 DAGs
[2025-07-18T13:11:24.656+0000] {logging_mixin.py:188} INFO - [2025-07-18T13:11:24.656+0000] {dag.py:3823} INFO - Setting next_dagrun for latest_only to 2025-07-18 08:00:00+00:00, run_after=2025-07-18 12:00:00+00:00
[2025-07-18T13:11:24.667+0000] {processor.py:183} INFO - Processing /home/airflow/.local/lib/python3.8/site-packages/airflow/example_dags/example_latest_only.py took 0.031 seconds
[2025-07-18T13:11:55.562+0000] {processor.py:161} INFO - Started process (PID=1807) to work on /home/airflow/.local/lib/python3.8/site-packages/airflow/example_dags/example_latest_only.py
[2025-07-18T13:11:55.562+0000] {processor.py:830} INFO - Processing file /home/airflow/.local/lib/python3.8/site-packages/airflow/example_dags/example_latest_only.py for tasks to queue
[2025-07-18T13:11:55.564+0000] {logging_mixin.py:188} INFO - [2025-07-18T13:11:55.564+0000] {dagbag.py:538} INFO - Filling up the DagBag from /home/airflow/.local/lib/python3.8/site-packages/airflow/example_dags/example_latest_only.py
[2025-07-18T13:11:55.566+0000] {processor.py:840} INFO - DAG(s) 'latest_only' retrieved from /home/airflow/.local/lib/python3.8/site-packages/airflow/example_dags/example_latest_only.py
[2025-07-18T13:11:55.577+0000] {logging_mixin.py:188} INFO - [2025-07-18T13:11:55.577+0000] {dag.py:3036} INFO - Sync 1 DAGs
[2025-07-18T13:11:55.585+0000] {logging_mixin.py:188} INFO - [2025-07-18T13:11:55.584+0000] {dag.py:3823} INFO - Setting next_dagrun for latest_only to 2025-07-18 08:00:00+00:00, run_after=2025-07-18 12:00:00+00:00
[2025-07-18T13:11:55.592+0000] {processor.py:183} INFO - Processing /home/airflow/.local/lib/python3.8/site-packages/airflow/example_dags/example_latest_only.py took 0.032 seconds
[2025-07-18T13:12:26.771+0000] {processor.py:161} INFO - Started process (PID=1879) to work on /home/airflow/.local/lib/python3.8/site-packages/airflow/example_dags/example_latest_only.py
[2025-07-18T13:12:26.771+0000] {processor.py:830} INFO - Processing file /home/airflow/.local/lib/python3.8/site-packages/airflow/example_dags/example_latest_only.py for tasks to queue
[2025-07-18T13:12:26.772+0000] {logging_mixin.py:188} INFO - [2025-07-18T13:12:26.772+0000] {dagbag.py:538} INFO - Filling up the DagBag from /home/airflow/.local/lib/python3.8/site-packages/airflow/example_dags/example_latest_only.py
[2025-07-18T13:12:26.774+0000] {processor.py:840} INFO - DAG(s) 'latest_only' retrieved from /home/airflow/.local/lib/python3.8/site-packages/airflow/example_dags/example_latest_only.py
[2025-07-18T13:12:26.783+0000] {logging_mixin.py:188} INFO - [2025-07-18T13:12:26.783+0000] {dag.py:3036} INFO - Sync 1 DAGs
[2025-07-18T13:12:26.795+0000] {logging_mixin.py:188} INFO - [2025-07-18T13:12:26.795+0000] {dag.py:3823} INFO - Setting next_dagrun for latest_only to 2025-07-18 08:00:00+00:00, run_after=2025-07-18 12:00:00+00:00
[2025-07-18T13:12:26.803+0000] {processor.py:183} INFO - Processing /home/airflow/.local/lib/python3.8/site-packages/airflow/example_dags/example_latest_only.py took 0.034 seconds
[2025-07-18T13:12:57.334+0000] {processor.py:161} INFO - Started process (PID=1952) to work on /home/airflow/.local/lib/python3.8/site-packages/airflow/example_dags/example_latest_only.py
[2025-07-18T13:12:57.334+0000] {processor.py:830} INFO - Processing file /home/airflow/.local/lib/python3.8/site-packages/airflow/example_dags/example_latest_only.py for tasks to queue
[2025-07-18T13:12:57.335+0000] {logging_mixin.py:188} INFO - [2025-07-18T13:12:57.335+0000] {dagbag.py:538} INFO - Filling up the DagBag from /home/airflow/.local/lib/python3.8/site-packages/airflow/example_dags/example_latest_only.py
[2025-07-18T13:12:57.337+0000] {processor.py:840} INFO - DAG(s) 'latest_only' retrieved from /home/airflow/.local/lib/python3.8/site-packages/airflow/example_dags/example_latest_only.py
[2025-07-18T13:12:57.346+0000] {logging_mixin.py:188} INFO - [2025-07-18T13:12:57.345+0000] {dag.py:3036} INFO - Sync 1 DAGs
[2025-07-18T13:12:57.353+0000] {logging_mixin.py:188} INFO - [2025-07-18T13:12:57.353+0000] {dag.py:3823} INFO - Setting next_dagrun for latest_only to 2025-07-18 08:00:00+00:00, run_after=2025-07-18 12:00:00+00:00
[2025-07-18T13:12:57.364+0000] {processor.py:183} INFO - Processing /home/airflow/.local/lib/python3.8/site-packages/airflow/example_dags/example_latest_only.py took 0.032 seconds
[2025-07-18T13:13:27.863+0000] {processor.py:161} INFO - Started process (PID=2025) to work on /home/airflow/.local/lib/python3.8/site-packages/airflow/example_dags/example_latest_only.py
[2025-07-18T13:13:27.864+0000] {processor.py:830} INFO - Processing file /home/airflow/.local/lib/python3.8/site-packages/airflow/example_dags/example_latest_only.py for tasks to queue
[2025-07-18T13:13:27.865+0000] {logging_mixin.py:188} INFO - [2025-07-18T13:13:27.864+0000] {dagbag.py:538} INFO - Filling up the DagBag from /home/airflow/.local/lib/python3.8/site-packages/airflow/example_dags/example_latest_only.py
[2025-07-18T13:13:27.866+0000] {processor.py:840} INFO - DAG(s) 'latest_only' retrieved from /home/airflow/.local/lib/python3.8/site-packages/airflow/example_dags/example_latest_only.py
[2025-07-18T13:13:27.875+0000] {logging_mixin.py:188} INFO - [2025-07-18T13:13:27.875+0000] {dag.py:3036} INFO - Sync 1 DAGs
[2025-07-18T13:13:27.883+0000] {logging_mixin.py:188} INFO - [2025-07-18T13:13:27.882+0000] {dag.py:3823} INFO - Setting next_dagrun for latest_only to 2025-07-18 08:00:00+00:00, run_after=2025-07-18 12:00:00+00:00
[2025-07-18T13:13:27.891+0000] {processor.py:183} INFO - Processing /home/airflow/.local/lib/python3.8/site-packages/airflow/example_dags/example_latest_only.py took 0.029 seconds
[2025-07-18T13:13:58.523+0000] {processor.py:161} INFO - Started process (PID=2098) to work on /home/airflow/.local/lib/python3.8/site-packages/airflow/example_dags/example_latest_only.py
[2025-07-18T13:13:58.524+0000] {processor.py:830} INFO - Processing file /home/airflow/.local/lib/python3.8/site-packages/airflow/example_dags/example_latest_only.py for tasks to queue
[2025-07-18T13:13:58.524+0000] {logging_mixin.py:188} INFO - [2025-07-18T13:13:58.524+0000] {dagbag.py:538} INFO - Filling up the DagBag from /home/airflow/.local/lib/python3.8/site-packages/airflow/example_dags/example_latest_only.py
[2025-07-18T13:13:58.526+0000] {processor.py:840} INFO - DAG(s) 'latest_only' retrieved from /home/airflow/.local/lib/python3.8/site-packages/airflow/example_dags/example_latest_only.py
[2025-07-18T13:13:58.536+0000] {logging_mixin.py:188} INFO - [2025-07-18T13:13:58.536+0000] {dag.py:3036} INFO - Sync 1 DAGs
[2025-07-18T13:13:58.545+0000] {logging_mixin.py:188} INFO - [2025-07-18T13:13:58.545+0000] {dag.py:3823} INFO - Setting next_dagrun for latest_only to 2025-07-18 08:00:00+00:00, run_after=2025-07-18 12:00:00+00:00
[2025-07-18T13:13:58.553+0000] {processor.py:183} INFO - Processing /home/airflow/.local/lib/python3.8/site-packages/airflow/example_dags/example_latest_only.py took 0.032 seconds
[2025-07-18T13:14:29.127+0000] {processor.py:161} INFO - Started process (PID=2171) to work on /home/airflow/.local/lib/python3.8/site-packages/airflow/example_dags/example_latest_only.py
[2025-07-18T13:14:29.127+0000] {processor.py:830} INFO - Processing file /home/airflow/.local/lib/python3.8/site-packages/airflow/example_dags/example_latest_only.py for tasks to queue
[2025-07-18T13:14:29.128+0000] {logging_mixin.py:188} INFO - [2025-07-18T13:14:29.128+0000] {dagbag.py:538} INFO - Filling up the DagBag from /home/airflow/.local/lib/python3.8/site-packages/airflow/example_dags/example_latest_only.py
[2025-07-18T13:14:29.130+0000] {processor.py:840} INFO - DAG(s) 'latest_only' retrieved from /home/airflow/.local/lib/python3.8/site-packages/airflow/example_dags/example_latest_only.py
[2025-07-18T13:14:29.139+0000] {logging_mixin.py:188} INFO - [2025-07-18T13:14:29.139+0000] {dag.py:3036} INFO - Sync 1 DAGs
[2025-07-18T13:14:29.148+0000] {logging_mixin.py:188} INFO - [2025-07-18T13:14:29.148+0000] {dag.py:3823} INFO - Setting next_dagrun for latest_only to 2025-07-18 08:00:00+00:00, run_after=2025-07-18 12:00:00+00:00
[2025-07-18T13:14:29.156+0000] {processor.py:183} INFO - Processing /home/airflow/.local/lib/python3.8/site-packages/airflow/example_dags/example_latest_only.py took 0.031 seconds
[2025-07-18T13:14:59.704+0000] {processor.py:161} INFO - Started process (PID=2244) to work on /home/airflow/.local/lib/python3.8/site-packages/airflow/example_dags/example_latest_only.py
[2025-07-18T13:14:59.705+0000] {processor.py:830} INFO - Processing file /home/airflow/.local/lib/python3.8/site-packages/airflow/example_dags/example_latest_only.py for tasks to queue
[2025-07-18T13:14:59.706+0000] {logging_mixin.py:188} INFO - [2025-07-18T13:14:59.705+0000] {dagbag.py:538} INFO - Filling up the DagBag from /home/airflow/.local/lib/python3.8/site-packages/airflow/example_dags/example_latest_only.py
[2025-07-18T13:14:59.708+0000] {processor.py:840} INFO - DAG(s) 'latest_only' retrieved from /home/airflow/.local/lib/python3.8/site-packages/airflow/example_dags/example_latest_only.py
[2025-07-18T13:14:59.716+0000] {logging_mixin.py:188} INFO - [2025-07-18T13:14:59.716+0000] {dag.py:3036} INFO - Sync 1 DAGs
[2025-07-18T13:14:59.724+0000] {logging_mixin.py:188} INFO - [2025-07-18T13:14:59.724+0000] {dag.py:3823} INFO - Setting next_dagrun for latest_only to 2025-07-18 08:00:00+00:00, run_after=2025-07-18 12:00:00+00:00
[2025-07-18T13:14:59.732+0000] {processor.py:183} INFO - Processing /home/airflow/.local/lib/python3.8/site-packages/airflow/example_dags/example_latest_only.py took 0.029 seconds
[2025-07-18T13:15:30.324+0000] {processor.py:161} INFO - Started process (PID=2317) to work on /home/airflow/.local/lib/python3.8/site-packages/airflow/example_dags/example_latest_only.py
[2025-07-18T13:15:30.325+0000] {processor.py:830} INFO - Processing file /home/airflow/.local/lib/python3.8/site-packages/airflow/example_dags/example_latest_only.py for tasks to queue
[2025-07-18T13:15:30.326+0000] {logging_mixin.py:188} INFO - [2025-07-18T13:15:30.325+0000] {dagbag.py:538} INFO - Filling up the DagBag from /home/airflow/.local/lib/python3.8/site-packages/airflow/example_dags/example_latest_only.py
[2025-07-18T13:15:30.328+0000] {processor.py:840} INFO - DAG(s) 'latest_only' retrieved from /home/airflow/.local/lib/python3.8/site-packages/airflow/example_dags/example_latest_only.py
[2025-07-18T13:15:30.336+0000] {logging_mixin.py:188} INFO - [2025-07-18T13:15:30.336+0000] {dag.py:3036} INFO - Sync 1 DAGs
[2025-07-18T13:15:30.344+0000] {logging_mixin.py:188} INFO - [2025-07-18T13:15:30.344+0000] {dag.py:3823} INFO - Setting next_dagrun for latest_only to 2025-07-18 08:00:00+00:00, run_after=2025-07-18 12:00:00+00:00
[2025-07-18T13:15:30.350+0000] {processor.py:183} INFO - Processing /home/airflow/.local/lib/python3.8/site-packages/airflow/example_dags/example_latest_only.py took 0.027 seconds
[2025-07-18T13:16:00.918+0000] {processor.py:161} INFO - Started process (PID=2390) to work on /home/airflow/.local/lib/python3.8/site-packages/airflow/example_dags/example_latest_only.py
[2025-07-18T13:16:00.918+0000] {processor.py:830} INFO - Processing file /home/airflow/.local/lib/python3.8/site-packages/airflow/example_dags/example_latest_only.py for tasks to queue
[2025-07-18T13:16:00.919+0000] {logging_mixin.py:188} INFO - [2025-07-18T13:16:00.919+0000] {dagbag.py:538} INFO - Filling up the DagBag from /home/airflow/.local/lib/python3.8/site-packages/airflow/example_dags/example_latest_only.py
[2025-07-18T13:16:00.921+0000] {processor.py:840} INFO - DAG(s) 'latest_only' retrieved from /home/airflow/.local/lib/python3.8/site-packages/airflow/example_dags/example_latest_only.py
[2025-07-18T13:16:00.930+0000] {logging_mixin.py:188} INFO - [2025-07-18T13:16:00.929+0000] {dag.py:3036} INFO - Sync 1 DAGs
[2025-07-18T13:16:00.938+0000] {logging_mixin.py:188} INFO - [2025-07-18T13:16:00.938+0000] {dag.py:3823} INFO - Setting next_dagrun for latest_only to 2025-07-18 08:00:00+00:00, run_after=2025-07-18 12:00:00+00:00
[2025-07-18T13:16:00.944+0000] {processor.py:183} INFO - Processing /home/airflow/.local/lib/python3.8/site-packages/airflow/example_dags/example_latest_only.py took 0.028 seconds
[2025-07-18T13:16:31.564+0000] {processor.py:161} INFO - Started process (PID=2463) to work on /home/airflow/.local/lib/python3.8/site-packages/airflow/example_dags/example_latest_only.py
[2025-07-18T13:16:31.564+0000] {processor.py:830} INFO - Processing file /home/airflow/.local/lib/python3.8/site-packages/airflow/example_dags/example_latest_only.py for tasks to queue
[2025-07-18T13:16:31.565+0000] {logging_mixin.py:188} INFO - [2025-07-18T13:16:31.565+0000] {dagbag.py:538} INFO - Filling up the DagBag from /home/airflow/.local/lib/python3.8/site-packages/airflow/example_dags/example_latest_only.py
[2025-07-18T13:16:31.567+0000] {processor.py:840} INFO - DAG(s) 'latest_only' retrieved from /home/airflow/.local/lib/python3.8/site-packages/airflow/example_dags/example_latest_only.py
[2025-07-18T13:16:31.576+0000] {logging_mixin.py:188} INFO - [2025-07-18T13:16:31.576+0000] {dag.py:3036} INFO - Sync 1 DAGs
[2025-07-18T13:16:31.584+0000] {logging_mixin.py:188} INFO - [2025-07-18T13:16:31.584+0000] {dag.py:3823} INFO - Setting next_dagrun for latest_only to 2025-07-18 08:00:00+00:00, run_after=2025-07-18 12:00:00+00:00
[2025-07-18T13:16:31.590+0000] {processor.py:183} INFO - Processing /home/airflow/.local/lib/python3.8/site-packages/airflow/example_dags/example_latest_only.py took 0.028 seconds
[2025-07-18T13:17:02.137+0000] {processor.py:161} INFO - Started process (PID=2536) to work on /home/airflow/.local/lib/python3.8/site-packages/airflow/example_dags/example_latest_only.py
[2025-07-18T13:17:02.137+0000] {processor.py:830} INFO - Processing file /home/airflow/.local/lib/python3.8/site-packages/airflow/example_dags/example_latest_only.py for tasks to queue
[2025-07-18T13:17:02.138+0000] {logging_mixin.py:188} INFO - [2025-07-18T13:17:02.138+0000] {dagbag.py:538} INFO - Filling up the DagBag from /home/airflow/.local/lib/python3.8/site-packages/airflow/example_dags/example_latest_only.py
[2025-07-18T13:17:02.140+0000] {processor.py:840} INFO - DAG(s) 'latest_only' retrieved from /home/airflow/.local/lib/python3.8/site-packages/airflow/example_dags/example_latest_only.py
[2025-07-18T13:17:02.148+0000] {logging_mixin.py:188} INFO - [2025-07-18T13:17:02.148+0000] {dag.py:3036} INFO - Sync 1 DAGs
[2025-07-18T13:17:02.156+0000] {logging_mixin.py:188} INFO - [2025-07-18T13:17:02.156+0000] {dag.py:3823} INFO - Setting next_dagrun for latest_only to 2025-07-18 08:00:00+00:00, run_after=2025-07-18 12:00:00+00:00
[2025-07-18T13:17:02.162+0000] {processor.py:183} INFO - Processing /home/airflow/.local/lib/python3.8/site-packages/airflow/example_dags/example_latest_only.py took 0.027 seconds
[2025-07-18T13:17:32.773+0000] {processor.py:161} INFO - Started process (PID=2609) to work on /home/airflow/.local/lib/python3.8/site-packages/airflow/example_dags/example_latest_only.py
[2025-07-18T13:17:32.774+0000] {processor.py:830} INFO - Processing file /home/airflow/.local/lib/python3.8/site-packages/airflow/example_dags/example_latest_only.py for tasks to queue
[2025-07-18T13:17:32.774+0000] {logging_mixin.py:188} INFO - [2025-07-18T13:17:32.774+0000] {dagbag.py:538} INFO - Filling up the DagBag from /home/airflow/.local/lib/python3.8/site-packages/airflow/example_dags/example_latest_only.py
[2025-07-18T13:17:32.776+0000] {processor.py:840} INFO - DAG(s) 'latest_only' retrieved from /home/airflow/.local/lib/python3.8/site-packages/airflow/example_dags/example_latest_only.py
[2025-07-18T13:17:32.786+0000] {logging_mixin.py:188} INFO - [2025-07-18T13:17:32.786+0000] {dag.py:3036} INFO - Sync 1 DAGs
[2025-07-18T13:17:32.794+0000] {logging_mixin.py:188} INFO - [2025-07-18T13:17:32.794+0000] {dag.py:3823} INFO - Setting next_dagrun for latest_only to 2025-07-18 08:00:00+00:00, run_after=2025-07-18 12:00:00+00:00
[2025-07-18T13:17:32.802+0000] {processor.py:183} INFO - Processing /home/airflow/.local/lib/python3.8/site-packages/airflow/example_dags/example_latest_only.py took 0.031 seconds
[2025-07-18T13:19:04.689+0000] {processor.py:161} INFO - Started process (PID=2814) to work on /home/airflow/.local/lib/python3.8/site-packages/airflow/example_dags/example_latest_only.py
[2025-07-18T13:19:04.690+0000] {processor.py:830} INFO - Processing file /home/airflow/.local/lib/python3.8/site-packages/airflow/example_dags/example_latest_only.py for tasks to queue
[2025-07-18T13:19:04.690+0000] {logging_mixin.py:188} INFO - [2025-07-18T13:19:04.690+0000] {dagbag.py:538} INFO - Filling up the DagBag from /home/airflow/.local/lib/python3.8/site-packages/airflow/example_dags/example_latest_only.py
[2025-07-18T13:19:04.692+0000] {processor.py:840} INFO - DAG(s) 'latest_only' retrieved from /home/airflow/.local/lib/python3.8/site-packages/airflow/example_dags/example_latest_only.py
[2025-07-18T13:19:04.702+0000] {logging_mixin.py:188} INFO - [2025-07-18T13:19:04.702+0000] {dag.py:3036} INFO - Sync 1 DAGs
[2025-07-18T13:19:04.710+0000] {logging_mixin.py:188} INFO - [2025-07-18T13:19:04.710+0000] {dag.py:3823} INFO - Setting next_dagrun for latest_only to 2025-07-18 08:00:00+00:00, run_after=2025-07-18 12:00:00+00:00
[2025-07-18T13:19:04.717+0000] {processor.py:183} INFO - Processing /home/airflow/.local/lib/python3.8/site-packages/airflow/example_dags/example_latest_only.py took 0.029 seconds
