[2025-07-18T12:59:38.701+0000] {processor.py:161} INFO - Started process (PID=77) to work on /home/airflow/.local/lib/python3.8/site-packages/airflow/example_dags/example_external_task_marker_dag.py
[2025-07-18T12:59:38.701+0000] {processor.py:830} INFO - Processing file /home/airflow/.local/lib/python3.8/site-packages/airflow/example_dags/example_external_task_marker_dag.py for tasks to queue
[2025-07-18T12:59:38.702+0000] {logging_mixin.py:188} INFO - [2025-07-18T12:59:38.702+0000] {dagbag.py:538} INFO - Filling up the DagBag from /home/airflow/.local/lib/python3.8/site-packages/airflow/example_dags/example_external_task_marker_dag.py
[2025-07-18T12:59:38.705+0000] {processor.py:840} INFO - DAG(s) 'example_external_task_marker_child', 'example_external_task_marker_parent' retrieved from /home/airflow/.local/lib/python3.8/site-packages/airflow/example_dags/example_external_task_marker_dag.py
[2025-07-18T12:59:38.716+0000] {logging_mixin.py:188} INFO - [2025-07-18T12:59:38.716+0000] {dag.py:3036} INFO - Sync 2 DAGs
[2025-07-18T12:59:38.722+0000] {logging_mixin.py:188} INFO - [2025-07-18T12:59:38.722+0000] {dag.py:3823} INFO - Setting next_dagrun for example_external_task_marker_child to None, run_after=None
[2025-07-18T12:59:38.724+0000] {logging_mixin.py:188} INFO - [2025-07-18T12:59:38.724+0000] {dag.py:3823} INFO - Setting next_dagrun for example_external_task_marker_parent to None, run_after=None
[2025-07-18T12:59:38.730+0000] {processor.py:183} INFO - Processing /home/airflow/.local/lib/python3.8/site-packages/airflow/example_dags/example_external_task_marker_dag.py took 0.031 seconds
[2025-07-18T13:00:09.678+0000] {processor.py:161} INFO - Started process (PID=141) to work on /home/airflow/.local/lib/python3.8/site-packages/airflow/example_dags/example_external_task_marker_dag.py
[2025-07-18T13:00:09.678+0000] {processor.py:830} INFO - Processing file /home/airflow/.local/lib/python3.8/site-packages/airflow/example_dags/example_external_task_marker_dag.py for tasks to queue
[2025-07-18T13:00:09.679+0000] {logging_mixin.py:188} INFO - [2025-07-18T13:00:09.679+0000] {dagbag.py:538} INFO - Filling up the DagBag from /home/airflow/.local/lib/python3.8/site-packages/airflow/example_dags/example_external_task_marker_dag.py
[2025-07-18T13:00:09.682+0000] {processor.py:840} INFO - DAG(s) 'example_external_task_marker_parent', 'example_external_task_marker_child' retrieved from /home/airflow/.local/lib/python3.8/site-packages/airflow/example_dags/example_external_task_marker_dag.py
[2025-07-18T13:00:09.691+0000] {logging_mixin.py:188} INFO - [2025-07-18T13:00:09.691+0000] {dag.py:3036} INFO - Sync 2 DAGs
[2025-07-18T13:00:09.696+0000] {logging_mixin.py:188} INFO - [2025-07-18T13:00:09.696+0000] {dag.py:3823} INFO - Setting next_dagrun for example_external_task_marker_child to None, run_after=None
[2025-07-18T13:00:09.698+0000] {logging_mixin.py:188} INFO - [2025-07-18T13:00:09.698+0000] {dag.py:3823} INFO - Setting next_dagrun for example_external_task_marker_parent to None, run_after=None
[2025-07-18T13:00:09.703+0000] {processor.py:183} INFO - Processing /home/airflow/.local/lib/python3.8/site-packages/airflow/example_dags/example_external_task_marker_dag.py took 0.026 seconds
[2025-07-18T13:00:39.931+0000] {processor.py:161} INFO - Started process (PID=212) to work on /home/airflow/.local/lib/python3.8/site-packages/airflow/example_dags/example_external_task_marker_dag.py
[2025-07-18T13:00:39.933+0000] {processor.py:830} INFO - Processing file /home/airflow/.local/lib/python3.8/site-packages/airflow/example_dags/example_external_task_marker_dag.py for tasks to queue
[2025-07-18T13:00:39.934+0000] {logging_mixin.py:188} INFO - [2025-07-18T13:00:39.934+0000] {dagbag.py:538} INFO - Filling up the DagBag from /home/airflow/.local/lib/python3.8/site-packages/airflow/example_dags/example_external_task_marker_dag.py
[2025-07-18T13:00:39.936+0000] {processor.py:840} INFO - DAG(s) 'example_external_task_marker_child', 'example_external_task_marker_parent' retrieved from /home/airflow/.local/lib/python3.8/site-packages/airflow/example_dags/example_external_task_marker_dag.py
[2025-07-18T13:00:39.947+0000] {logging_mixin.py:188} INFO - [2025-07-18T13:00:39.947+0000] {dag.py:3036} INFO - Sync 2 DAGs
[2025-07-18T13:00:39.952+0000] {logging_mixin.py:188} INFO - [2025-07-18T13:00:39.952+0000] {dag.py:3823} INFO - Setting next_dagrun for example_external_task_marker_child to None, run_after=None
[2025-07-18T13:00:39.953+0000] {logging_mixin.py:188} INFO - [2025-07-18T13:00:39.953+0000] {dag.py:3823} INFO - Setting next_dagrun for example_external_task_marker_parent to None, run_after=None
[2025-07-18T13:00:39.960+0000] {processor.py:183} INFO - Processing /home/airflow/.local/lib/python3.8/site-packages/airflow/example_dags/example_external_task_marker_dag.py took 0.031 seconds
[2025-07-18T13:01:10.111+0000] {processor.py:161} INFO - Started process (PID=285) to work on /home/airflow/.local/lib/python3.8/site-packages/airflow/example_dags/example_external_task_marker_dag.py
[2025-07-18T13:01:10.111+0000] {processor.py:830} INFO - Processing file /home/airflow/.local/lib/python3.8/site-packages/airflow/example_dags/example_external_task_marker_dag.py for tasks to queue
[2025-07-18T13:01:10.112+0000] {logging_mixin.py:188} INFO - [2025-07-18T13:01:10.112+0000] {dagbag.py:538} INFO - Filling up the DagBag from /home/airflow/.local/lib/python3.8/site-packages/airflow/example_dags/example_external_task_marker_dag.py
[2025-07-18T13:01:10.115+0000] {processor.py:840} INFO - DAG(s) 'example_external_task_marker_parent', 'example_external_task_marker_child' retrieved from /home/airflow/.local/lib/python3.8/site-packages/airflow/example_dags/example_external_task_marker_dag.py
[2025-07-18T13:01:10.124+0000] {logging_mixin.py:188} INFO - [2025-07-18T13:01:10.124+0000] {dag.py:3036} INFO - Sync 2 DAGs
[2025-07-18T13:01:10.129+0000] {logging_mixin.py:188} INFO - [2025-07-18T13:01:10.129+0000] {dag.py:3823} INFO - Setting next_dagrun for example_external_task_marker_child to None, run_after=None
[2025-07-18T13:01:10.131+0000] {logging_mixin.py:188} INFO - [2025-07-18T13:01:10.131+0000] {dag.py:3823} INFO - Setting next_dagrun for example_external_task_marker_parent to None, run_after=None
[2025-07-18T13:01:10.139+0000] {processor.py:183} INFO - Processing /home/airflow/.local/lib/python3.8/site-packages/airflow/example_dags/example_external_task_marker_dag.py took 0.030 seconds
[2025-07-18T13:01:40.719+0000] {processor.py:161} INFO - Started process (PID=358) to work on /home/airflow/.local/lib/python3.8/site-packages/airflow/example_dags/example_external_task_marker_dag.py
[2025-07-18T13:01:40.719+0000] {processor.py:830} INFO - Processing file /home/airflow/.local/lib/python3.8/site-packages/airflow/example_dags/example_external_task_marker_dag.py for tasks to queue
[2025-07-18T13:01:40.721+0000] {logging_mixin.py:188} INFO - [2025-07-18T13:01:40.721+0000] {dagbag.py:538} INFO - Filling up the DagBag from /home/airflow/.local/lib/python3.8/site-packages/airflow/example_dags/example_external_task_marker_dag.py
[2025-07-18T13:01:40.724+0000] {processor.py:840} INFO - DAG(s) 'example_external_task_marker_parent', 'example_external_task_marker_child' retrieved from /home/airflow/.local/lib/python3.8/site-packages/airflow/example_dags/example_external_task_marker_dag.py
[2025-07-18T13:01:40.736+0000] {logging_mixin.py:188} INFO - [2025-07-18T13:01:40.736+0000] {dag.py:3036} INFO - Sync 2 DAGs
[2025-07-18T13:01:40.741+0000] {logging_mixin.py:188} INFO - [2025-07-18T13:01:40.741+0000] {dag.py:3823} INFO - Setting next_dagrun for example_external_task_marker_child to None, run_after=None
[2025-07-18T13:01:40.742+0000] {logging_mixin.py:188} INFO - [2025-07-18T13:01:40.742+0000] {dag.py:3823} INFO - Setting next_dagrun for example_external_task_marker_parent to None, run_after=None
[2025-07-18T13:01:40.751+0000] {processor.py:183} INFO - Processing /home/airflow/.local/lib/python3.8/site-packages/airflow/example_dags/example_external_task_marker_dag.py took 0.033 seconds
[2025-07-18T13:02:11.544+0000] {processor.py:161} INFO - Started process (PID=431) to work on /home/airflow/.local/lib/python3.8/site-packages/airflow/example_dags/example_external_task_marker_dag.py
[2025-07-18T13:02:11.545+0000] {processor.py:830} INFO - Processing file /home/airflow/.local/lib/python3.8/site-packages/airflow/example_dags/example_external_task_marker_dag.py for tasks to queue
[2025-07-18T13:02:11.546+0000] {logging_mixin.py:188} INFO - [2025-07-18T13:02:11.546+0000] {dagbag.py:538} INFO - Filling up the DagBag from /home/airflow/.local/lib/python3.8/site-packages/airflow/example_dags/example_external_task_marker_dag.py
[2025-07-18T13:02:11.548+0000] {processor.py:840} INFO - DAG(s) 'example_external_task_marker_parent', 'example_external_task_marker_child' retrieved from /home/airflow/.local/lib/python3.8/site-packages/airflow/example_dags/example_external_task_marker_dag.py
[2025-07-18T13:02:11.558+0000] {logging_mixin.py:188} INFO - [2025-07-18T13:02:11.558+0000] {dag.py:3036} INFO - Sync 2 DAGs
[2025-07-18T13:02:11.563+0000] {logging_mixin.py:188} INFO - [2025-07-18T13:02:11.563+0000] {dag.py:3823} INFO - Setting next_dagrun for example_external_task_marker_child to None, run_after=None
[2025-07-18T13:02:11.565+0000] {logging_mixin.py:188} INFO - [2025-07-18T13:02:11.565+0000] {dag.py:3823} INFO - Setting next_dagrun for example_external_task_marker_parent to None, run_after=None
[2025-07-18T13:02:11.571+0000] {processor.py:183} INFO - Processing /home/airflow/.local/lib/python3.8/site-packages/airflow/example_dags/example_external_task_marker_dag.py took 0.029 seconds
[2025-07-18T13:02:41.732+0000] {processor.py:161} INFO - Started process (PID=504) to work on /home/airflow/.local/lib/python3.8/site-packages/airflow/example_dags/example_external_task_marker_dag.py
[2025-07-18T13:02:41.732+0000] {processor.py:830} INFO - Processing file /home/airflow/.local/lib/python3.8/site-packages/airflow/example_dags/example_external_task_marker_dag.py for tasks to queue
[2025-07-18T13:02:41.733+0000] {logging_mixin.py:188} INFO - [2025-07-18T13:02:41.733+0000] {dagbag.py:538} INFO - Filling up the DagBag from /home/airflow/.local/lib/python3.8/site-packages/airflow/example_dags/example_external_task_marker_dag.py
[2025-07-18T13:02:41.735+0000] {processor.py:840} INFO - DAG(s) 'example_external_task_marker_parent', 'example_external_task_marker_child' retrieved from /home/airflow/.local/lib/python3.8/site-packages/airflow/example_dags/example_external_task_marker_dag.py
[2025-07-18T13:02:41.745+0000] {logging_mixin.py:188} INFO - [2025-07-18T13:02:41.745+0000] {dag.py:3036} INFO - Sync 2 DAGs
[2025-07-18T13:02:41.750+0000] {logging_mixin.py:188} INFO - [2025-07-18T13:02:41.750+0000] {dag.py:3823} INFO - Setting next_dagrun for example_external_task_marker_child to None, run_after=None
[2025-07-18T13:02:41.752+0000] {logging_mixin.py:188} INFO - [2025-07-18T13:02:41.751+0000] {dag.py:3823} INFO - Setting next_dagrun for example_external_task_marker_parent to None, run_after=None
[2025-07-18T13:02:41.759+0000] {processor.py:183} INFO - Processing /home/airflow/.local/lib/python3.8/site-packages/airflow/example_dags/example_external_task_marker_dag.py took 0.028 seconds
[2025-07-18T13:03:12.613+0000] {processor.py:161} INFO - Started process (PID=577) to work on /home/airflow/.local/lib/python3.8/site-packages/airflow/example_dags/example_external_task_marker_dag.py
[2025-07-18T13:03:12.613+0000] {processor.py:830} INFO - Processing file /home/airflow/.local/lib/python3.8/site-packages/airflow/example_dags/example_external_task_marker_dag.py for tasks to queue
[2025-07-18T13:03:12.614+0000] {logging_mixin.py:188} INFO - [2025-07-18T13:03:12.614+0000] {dagbag.py:538} INFO - Filling up the DagBag from /home/airflow/.local/lib/python3.8/site-packages/airflow/example_dags/example_external_task_marker_dag.py
[2025-07-18T13:03:12.618+0000] {processor.py:840} INFO - DAG(s) 'example_external_task_marker_child', 'example_external_task_marker_parent' retrieved from /home/airflow/.local/lib/python3.8/site-packages/airflow/example_dags/example_external_task_marker_dag.py
[2025-07-18T13:03:12.633+0000] {logging_mixin.py:188} INFO - [2025-07-18T13:03:12.633+0000] {dag.py:3036} INFO - Sync 2 DAGs
[2025-07-18T13:03:12.640+0000] {logging_mixin.py:188} INFO - [2025-07-18T13:03:12.640+0000] {dag.py:3823} INFO - Setting next_dagrun for example_external_task_marker_child to None, run_after=None
[2025-07-18T13:03:12.641+0000] {logging_mixin.py:188} INFO - [2025-07-18T13:03:12.641+0000] {dag.py:3823} INFO - Setting next_dagrun for example_external_task_marker_parent to None, run_after=None
[2025-07-18T13:03:12.650+0000] {processor.py:183} INFO - Processing /home/airflow/.local/lib/python3.8/site-packages/airflow/example_dags/example_external_task_marker_dag.py took 0.039 seconds
[2025-07-18T13:03:43.386+0000] {processor.py:161} INFO - Started process (PID=650) to work on /home/airflow/.local/lib/python3.8/site-packages/airflow/example_dags/example_external_task_marker_dag.py
[2025-07-18T13:03:43.387+0000] {processor.py:830} INFO - Processing file /home/airflow/.local/lib/python3.8/site-packages/airflow/example_dags/example_external_task_marker_dag.py for tasks to queue
[2025-07-18T13:03:43.388+0000] {logging_mixin.py:188} INFO - [2025-07-18T13:03:43.387+0000] {dagbag.py:538} INFO - Filling up the DagBag from /home/airflow/.local/lib/python3.8/site-packages/airflow/example_dags/example_external_task_marker_dag.py
[2025-07-18T13:03:43.390+0000] {processor.py:840} INFO - DAG(s) 'example_external_task_marker_parent', 'example_external_task_marker_child' retrieved from /home/airflow/.local/lib/python3.8/site-packages/airflow/example_dags/example_external_task_marker_dag.py
[2025-07-18T13:03:43.400+0000] {logging_mixin.py:188} INFO - [2025-07-18T13:03:43.400+0000] {dag.py:3036} INFO - Sync 2 DAGs
[2025-07-18T13:03:43.405+0000] {logging_mixin.py:188} INFO - [2025-07-18T13:03:43.405+0000] {dag.py:3823} INFO - Setting next_dagrun for example_external_task_marker_child to None, run_after=None
[2025-07-18T13:03:43.406+0000] {logging_mixin.py:188} INFO - [2025-07-18T13:03:43.406+0000] {dag.py:3823} INFO - Setting next_dagrun for example_external_task_marker_parent to None, run_after=None
[2025-07-18T13:03:43.414+0000] {processor.py:183} INFO - Processing /home/airflow/.local/lib/python3.8/site-packages/airflow/example_dags/example_external_task_marker_dag.py took 0.029 seconds
[2025-07-18T13:04:14.152+0000] {processor.py:161} INFO - Started process (PID=722) to work on /home/airflow/.local/lib/python3.8/site-packages/airflow/example_dags/example_external_task_marker_dag.py
[2025-07-18T13:04:14.152+0000] {processor.py:830} INFO - Processing file /home/airflow/.local/lib/python3.8/site-packages/airflow/example_dags/example_external_task_marker_dag.py for tasks to queue
[2025-07-18T13:04:14.153+0000] {logging_mixin.py:188} INFO - [2025-07-18T13:04:14.153+0000] {dagbag.py:538} INFO - Filling up the DagBag from /home/airflow/.local/lib/python3.8/site-packages/airflow/example_dags/example_external_task_marker_dag.py
[2025-07-18T13:04:14.155+0000] {processor.py:840} INFO - DAG(s) 'example_external_task_marker_parent', 'example_external_task_marker_child' retrieved from /home/airflow/.local/lib/python3.8/site-packages/airflow/example_dags/example_external_task_marker_dag.py
[2025-07-18T13:04:14.164+0000] {logging_mixin.py:188} INFO - [2025-07-18T13:04:14.164+0000] {dag.py:3036} INFO - Sync 2 DAGs
[2025-07-18T13:04:14.169+0000] {logging_mixin.py:188} INFO - [2025-07-18T13:04:14.169+0000] {dag.py:3823} INFO - Setting next_dagrun for example_external_task_marker_child to None, run_after=None
[2025-07-18T13:04:14.171+0000] {logging_mixin.py:188} INFO - [2025-07-18T13:04:14.171+0000] {dag.py:3823} INFO - Setting next_dagrun for example_external_task_marker_parent to None, run_after=None
[2025-07-18T13:04:14.180+0000] {processor.py:183} INFO - Processing /home/airflow/.local/lib/python3.8/site-packages/airflow/example_dags/example_external_task_marker_dag.py took 0.029 seconds
[2025-07-18T13:04:44.861+0000] {processor.py:161} INFO - Started process (PID=801) to work on /home/airflow/.local/lib/python3.8/site-packages/airflow/example_dags/example_external_task_marker_dag.py
[2025-07-18T13:04:44.862+0000] {processor.py:830} INFO - Processing file /home/airflow/.local/lib/python3.8/site-packages/airflow/example_dags/example_external_task_marker_dag.py for tasks to queue
[2025-07-18T13:04:44.863+0000] {logging_mixin.py:188} INFO - [2025-07-18T13:04:44.862+0000] {dagbag.py:538} INFO - Filling up the DagBag from /home/airflow/.local/lib/python3.8/site-packages/airflow/example_dags/example_external_task_marker_dag.py
[2025-07-18T13:04:44.865+0000] {processor.py:840} INFO - DAG(s) 'example_external_task_marker_child', 'example_external_task_marker_parent' retrieved from /home/airflow/.local/lib/python3.8/site-packages/airflow/example_dags/example_external_task_marker_dag.py
[2025-07-18T13:04:44.875+0000] {logging_mixin.py:188} INFO - [2025-07-18T13:04:44.875+0000] {dag.py:3036} INFO - Sync 2 DAGs
[2025-07-18T13:04:44.881+0000] {logging_mixin.py:188} INFO - [2025-07-18T13:04:44.880+0000] {dag.py:3823} INFO - Setting next_dagrun for example_external_task_marker_child to None, run_after=None
[2025-07-18T13:04:44.882+0000] {logging_mixin.py:188} INFO - [2025-07-18T13:04:44.882+0000] {dag.py:3823} INFO - Setting next_dagrun for example_external_task_marker_parent to None, run_after=None
[2025-07-18T13:04:44.888+0000] {processor.py:183} INFO - Processing /home/airflow/.local/lib/python3.8/site-packages/airflow/example_dags/example_external_task_marker_dag.py took 0.029 seconds
[2025-07-18T13:05:15.474+0000] {processor.py:161} INFO - Started process (PID=873) to work on /home/airflow/.local/lib/python3.8/site-packages/airflow/example_dags/example_external_task_marker_dag.py
[2025-07-18T13:05:15.475+0000] {processor.py:830} INFO - Processing file /home/airflow/.local/lib/python3.8/site-packages/airflow/example_dags/example_external_task_marker_dag.py for tasks to queue
[2025-07-18T13:05:15.476+0000] {logging_mixin.py:188} INFO - [2025-07-18T13:05:15.476+0000] {dagbag.py:538} INFO - Filling up the DagBag from /home/airflow/.local/lib/python3.8/site-packages/airflow/example_dags/example_external_task_marker_dag.py
[2025-07-18T13:05:15.478+0000] {processor.py:840} INFO - DAG(s) 'example_external_task_marker_child', 'example_external_task_marker_parent' retrieved from /home/airflow/.local/lib/python3.8/site-packages/airflow/example_dags/example_external_task_marker_dag.py
[2025-07-18T13:05:15.491+0000] {logging_mixin.py:188} INFO - [2025-07-18T13:05:15.491+0000] {dag.py:3036} INFO - Sync 2 DAGs
[2025-07-18T13:05:15.495+0000] {logging_mixin.py:188} INFO - [2025-07-18T13:05:15.495+0000] {dag.py:3823} INFO - Setting next_dagrun for example_external_task_marker_child to None, run_after=None
[2025-07-18T13:05:15.497+0000] {logging_mixin.py:188} INFO - [2025-07-18T13:05:15.497+0000] {dag.py:3823} INFO - Setting next_dagrun for example_external_task_marker_parent to None, run_after=None
[2025-07-18T13:05:15.505+0000] {processor.py:183} INFO - Processing /home/airflow/.local/lib/python3.8/site-packages/airflow/example_dags/example_external_task_marker_dag.py took 0.032 seconds
[2025-07-18T13:05:46.267+0000] {processor.py:161} INFO - Started process (PID=946) to work on /home/airflow/.local/lib/python3.8/site-packages/airflow/example_dags/example_external_task_marker_dag.py
[2025-07-18T13:05:46.269+0000] {processor.py:830} INFO - Processing file /home/airflow/.local/lib/python3.8/site-packages/airflow/example_dags/example_external_task_marker_dag.py for tasks to queue
[2025-07-18T13:05:46.269+0000] {logging_mixin.py:188} INFO - [2025-07-18T13:05:46.269+0000] {dagbag.py:538} INFO - Filling up the DagBag from /home/airflow/.local/lib/python3.8/site-packages/airflow/example_dags/example_external_task_marker_dag.py
[2025-07-18T13:05:46.272+0000] {processor.py:840} INFO - DAG(s) 'example_external_task_marker_parent', 'example_external_task_marker_child' retrieved from /home/airflow/.local/lib/python3.8/site-packages/airflow/example_dags/example_external_task_marker_dag.py
[2025-07-18T13:05:46.280+0000] {logging_mixin.py:188} INFO - [2025-07-18T13:05:46.280+0000] {dag.py:3036} INFO - Sync 2 DAGs
[2025-07-18T13:05:46.284+0000] {logging_mixin.py:188} INFO - [2025-07-18T13:05:46.284+0000] {dag.py:3823} INFO - Setting next_dagrun for example_external_task_marker_child to None, run_after=None
[2025-07-18T13:05:46.286+0000] {logging_mixin.py:188} INFO - [2025-07-18T13:05:46.286+0000] {dag.py:3823} INFO - Setting next_dagrun for example_external_task_marker_parent to None, run_after=None
[2025-07-18T13:05:46.293+0000] {processor.py:183} INFO - Processing /home/airflow/.local/lib/python3.8/site-packages/airflow/example_dags/example_external_task_marker_dag.py took 0.027 seconds
[2025-07-18T13:06:17.159+0000] {processor.py:161} INFO - Started process (PID=1019) to work on /home/airflow/.local/lib/python3.8/site-packages/airflow/example_dags/example_external_task_marker_dag.py
[2025-07-18T13:06:17.160+0000] {processor.py:830} INFO - Processing file /home/airflow/.local/lib/python3.8/site-packages/airflow/example_dags/example_external_task_marker_dag.py for tasks to queue
[2025-07-18T13:06:17.161+0000] {logging_mixin.py:188} INFO - [2025-07-18T13:06:17.161+0000] {dagbag.py:538} INFO - Filling up the DagBag from /home/airflow/.local/lib/python3.8/site-packages/airflow/example_dags/example_external_task_marker_dag.py
[2025-07-18T13:06:17.165+0000] {processor.py:840} INFO - DAG(s) 'example_external_task_marker_child', 'example_external_task_marker_parent' retrieved from /home/airflow/.local/lib/python3.8/site-packages/airflow/example_dags/example_external_task_marker_dag.py
[2025-07-18T13:06:17.176+0000] {logging_mixin.py:188} INFO - [2025-07-18T13:06:17.176+0000] {dag.py:3036} INFO - Sync 2 DAGs
[2025-07-18T13:06:17.182+0000] {logging_mixin.py:188} INFO - [2025-07-18T13:06:17.182+0000] {dag.py:3823} INFO - Setting next_dagrun for example_external_task_marker_child to None, run_after=None
[2025-07-18T13:06:17.184+0000] {logging_mixin.py:188} INFO - [2025-07-18T13:06:17.184+0000] {dag.py:3823} INFO - Setting next_dagrun for example_external_task_marker_parent to None, run_after=None
[2025-07-18T13:06:17.195+0000] {processor.py:183} INFO - Processing /home/airflow/.local/lib/python3.8/site-packages/airflow/example_dags/example_external_task_marker_dag.py took 0.039 seconds
[2025-07-18T13:06:48.433+0000] {processor.py:161} INFO - Started process (PID=1092) to work on /home/airflow/.local/lib/python3.8/site-packages/airflow/example_dags/example_external_task_marker_dag.py
[2025-07-18T13:06:48.433+0000] {processor.py:830} INFO - Processing file /home/airflow/.local/lib/python3.8/site-packages/airflow/example_dags/example_external_task_marker_dag.py for tasks to queue
[2025-07-18T13:06:48.434+0000] {logging_mixin.py:188} INFO - [2025-07-18T13:06:48.434+0000] {dagbag.py:538} INFO - Filling up the DagBag from /home/airflow/.local/lib/python3.8/site-packages/airflow/example_dags/example_external_task_marker_dag.py
[2025-07-18T13:06:48.437+0000] {processor.py:840} INFO - DAG(s) 'example_external_task_marker_parent', 'example_external_task_marker_child' retrieved from /home/airflow/.local/lib/python3.8/site-packages/airflow/example_dags/example_external_task_marker_dag.py
[2025-07-18T13:06:48.447+0000] {logging_mixin.py:188} INFO - [2025-07-18T13:06:48.447+0000] {dag.py:3036} INFO - Sync 2 DAGs
[2025-07-18T13:06:48.452+0000] {logging_mixin.py:188} INFO - [2025-07-18T13:06:48.452+0000] {dag.py:3823} INFO - Setting next_dagrun for example_external_task_marker_child to None, run_after=None
[2025-07-18T13:06:48.454+0000] {logging_mixin.py:188} INFO - [2025-07-18T13:06:48.454+0000] {dag.py:3823} INFO - Setting next_dagrun for example_external_task_marker_parent to None, run_after=None
[2025-07-18T13:06:48.462+0000] {processor.py:183} INFO - Processing /home/airflow/.local/lib/python3.8/site-packages/airflow/example_dags/example_external_task_marker_dag.py took 0.030 seconds
[2025-07-18T13:07:19.360+0000] {processor.py:161} INFO - Started process (PID=1165) to work on /home/airflow/.local/lib/python3.8/site-packages/airflow/example_dags/example_external_task_marker_dag.py
[2025-07-18T13:07:19.360+0000] {processor.py:830} INFO - Processing file /home/airflow/.local/lib/python3.8/site-packages/airflow/example_dags/example_external_task_marker_dag.py for tasks to queue
[2025-07-18T13:07:19.361+0000] {logging_mixin.py:188} INFO - [2025-07-18T13:07:19.361+0000] {dagbag.py:538} INFO - Filling up the DagBag from /home/airflow/.local/lib/python3.8/site-packages/airflow/example_dags/example_external_task_marker_dag.py
[2025-07-18T13:07:19.363+0000] {processor.py:840} INFO - DAG(s) 'example_external_task_marker_parent', 'example_external_task_marker_child' retrieved from /home/airflow/.local/lib/python3.8/site-packages/airflow/example_dags/example_external_task_marker_dag.py
[2025-07-18T13:07:19.373+0000] {logging_mixin.py:188} INFO - [2025-07-18T13:07:19.373+0000] {dag.py:3036} INFO - Sync 2 DAGs
[2025-07-18T13:07:19.377+0000] {logging_mixin.py:188} INFO - [2025-07-18T13:07:19.377+0000] {dag.py:3823} INFO - Setting next_dagrun for example_external_task_marker_child to None, run_after=None
[2025-07-18T13:07:19.379+0000] {logging_mixin.py:188} INFO - [2025-07-18T13:07:19.379+0000] {dag.py:3823} INFO - Setting next_dagrun for example_external_task_marker_parent to None, run_after=None
[2025-07-18T13:07:19.387+0000] {processor.py:183} INFO - Processing /home/airflow/.local/lib/python3.8/site-packages/airflow/example_dags/example_external_task_marker_dag.py took 0.029 seconds
[2025-07-18T13:07:50.231+0000] {processor.py:161} INFO - Started process (PID=1238) to work on /home/airflow/.local/lib/python3.8/site-packages/airflow/example_dags/example_external_task_marker_dag.py
[2025-07-18T13:07:50.232+0000] {processor.py:830} INFO - Processing file /home/airflow/.local/lib/python3.8/site-packages/airflow/example_dags/example_external_task_marker_dag.py for tasks to queue
[2025-07-18T13:07:50.232+0000] {logging_mixin.py:188} INFO - [2025-07-18T13:07:50.232+0000] {dagbag.py:538} INFO - Filling up the DagBag from /home/airflow/.local/lib/python3.8/site-packages/airflow/example_dags/example_external_task_marker_dag.py
[2025-07-18T13:07:50.234+0000] {processor.py:840} INFO - DAG(s) 'example_external_task_marker_parent', 'example_external_task_marker_child' retrieved from /home/airflow/.local/lib/python3.8/site-packages/airflow/example_dags/example_external_task_marker_dag.py
[2025-07-18T13:07:50.248+0000] {logging_mixin.py:188} INFO - [2025-07-18T13:07:50.247+0000] {dag.py:3036} INFO - Sync 2 DAGs
[2025-07-18T13:07:50.252+0000] {logging_mixin.py:188} INFO - [2025-07-18T13:07:50.252+0000] {dag.py:3823} INFO - Setting next_dagrun for example_external_task_marker_child to None, run_after=None
[2025-07-18T13:07:50.255+0000] {logging_mixin.py:188} INFO - [2025-07-18T13:07:50.255+0000] {dag.py:3823} INFO - Setting next_dagrun for example_external_task_marker_parent to None, run_after=None
[2025-07-18T13:07:50.261+0000] {processor.py:183} INFO - Processing /home/airflow/.local/lib/python3.8/site-packages/airflow/example_dags/example_external_task_marker_dag.py took 0.031 seconds
[2025-07-18T13:08:20.893+0000] {processor.py:161} INFO - Started process (PID=1311) to work on /home/airflow/.local/lib/python3.8/site-packages/airflow/example_dags/example_external_task_marker_dag.py
[2025-07-18T13:08:20.893+0000] {processor.py:830} INFO - Processing file /home/airflow/.local/lib/python3.8/site-packages/airflow/example_dags/example_external_task_marker_dag.py for tasks to queue
[2025-07-18T13:08:20.894+0000] {logging_mixin.py:188} INFO - [2025-07-18T13:08:20.894+0000] {dagbag.py:538} INFO - Filling up the DagBag from /home/airflow/.local/lib/python3.8/site-packages/airflow/example_dags/example_external_task_marker_dag.py
[2025-07-18T13:08:20.896+0000] {processor.py:840} INFO - DAG(s) 'example_external_task_marker_parent', 'example_external_task_marker_child' retrieved from /home/airflow/.local/lib/python3.8/site-packages/airflow/example_dags/example_external_task_marker_dag.py
[2025-07-18T13:08:20.905+0000] {logging_mixin.py:188} INFO - [2025-07-18T13:08:20.905+0000] {dag.py:3036} INFO - Sync 2 DAGs
[2025-07-18T13:08:20.909+0000] {logging_mixin.py:188} INFO - [2025-07-18T13:08:20.909+0000] {dag.py:3823} INFO - Setting next_dagrun for example_external_task_marker_child to None, run_after=None
[2025-07-18T13:08:20.912+0000] {logging_mixin.py:188} INFO - [2025-07-18T13:08:20.912+0000] {dag.py:3823} INFO - Setting next_dagrun for example_external_task_marker_parent to None, run_after=None
[2025-07-18T13:08:20.921+0000] {processor.py:183} INFO - Processing /home/airflow/.local/lib/python3.8/site-packages/airflow/example_dags/example_external_task_marker_dag.py took 0.030 seconds
[2025-07-18T13:08:51.550+0000] {processor.py:161} INFO - Started process (PID=1384) to work on /home/airflow/.local/lib/python3.8/site-packages/airflow/example_dags/example_external_task_marker_dag.py
[2025-07-18T13:08:51.551+0000] {processor.py:830} INFO - Processing file /home/airflow/.local/lib/python3.8/site-packages/airflow/example_dags/example_external_task_marker_dag.py for tasks to queue
[2025-07-18T13:08:51.552+0000] {logging_mixin.py:188} INFO - [2025-07-18T13:08:51.551+0000] {dagbag.py:538} INFO - Filling up the DagBag from /home/airflow/.local/lib/python3.8/site-packages/airflow/example_dags/example_external_task_marker_dag.py
[2025-07-18T13:08:51.554+0000] {processor.py:840} INFO - DAG(s) 'example_external_task_marker_parent', 'example_external_task_marker_child' retrieved from /home/airflow/.local/lib/python3.8/site-packages/airflow/example_dags/example_external_task_marker_dag.py
[2025-07-18T13:08:51.565+0000] {logging_mixin.py:188} INFO - [2025-07-18T13:08:51.565+0000] {dag.py:3036} INFO - Sync 2 DAGs
[2025-07-18T13:08:51.570+0000] {logging_mixin.py:188} INFO - [2025-07-18T13:08:51.570+0000] {dag.py:3823} INFO - Setting next_dagrun for example_external_task_marker_child to None, run_after=None
[2025-07-18T13:08:51.572+0000] {logging_mixin.py:188} INFO - [2025-07-18T13:08:51.572+0000] {dag.py:3823} INFO - Setting next_dagrun for example_external_task_marker_parent to None, run_after=None
[2025-07-18T13:08:51.578+0000] {processor.py:183} INFO - Processing /home/airflow/.local/lib/python3.8/site-packages/airflow/example_dags/example_external_task_marker_dag.py took 0.029 seconds
[2025-07-18T13:09:22.145+0000] {processor.py:161} INFO - Started process (PID=1457) to work on /home/airflow/.local/lib/python3.8/site-packages/airflow/example_dags/example_external_task_marker_dag.py
[2025-07-18T13:09:22.146+0000] {processor.py:830} INFO - Processing file /home/airflow/.local/lib/python3.8/site-packages/airflow/example_dags/example_external_task_marker_dag.py for tasks to queue
[2025-07-18T13:09:22.149+0000] {logging_mixin.py:188} INFO - [2025-07-18T13:09:22.149+0000] {dagbag.py:538} INFO - Filling up the DagBag from /home/airflow/.local/lib/python3.8/site-packages/airflow/example_dags/example_external_task_marker_dag.py
[2025-07-18T13:09:22.152+0000] {processor.py:840} INFO - DAG(s) 'example_external_task_marker_parent', 'example_external_task_marker_child' retrieved from /home/airflow/.local/lib/python3.8/site-packages/airflow/example_dags/example_external_task_marker_dag.py
[2025-07-18T13:09:22.162+0000] {logging_mixin.py:188} INFO - [2025-07-18T13:09:22.161+0000] {dag.py:3036} INFO - Sync 2 DAGs
[2025-07-18T13:09:22.166+0000] {logging_mixin.py:188} INFO - [2025-07-18T13:09:22.166+0000] {dag.py:3823} INFO - Setting next_dagrun for example_external_task_marker_child to None, run_after=None
[2025-07-18T13:09:22.167+0000] {logging_mixin.py:188} INFO - [2025-07-18T13:09:22.167+0000] {dag.py:3823} INFO - Setting next_dagrun for example_external_task_marker_parent to None, run_after=None
[2025-07-18T13:09:22.173+0000] {processor.py:183} INFO - Processing /home/airflow/.local/lib/python3.8/site-packages/airflow/example_dags/example_external_task_marker_dag.py took 0.029 seconds
[2025-07-18T13:09:52.788+0000] {processor.py:161} INFO - Started process (PID=1530) to work on /home/airflow/.local/lib/python3.8/site-packages/airflow/example_dags/example_external_task_marker_dag.py
[2025-07-18T13:09:52.789+0000] {processor.py:830} INFO - Processing file /home/airflow/.local/lib/python3.8/site-packages/airflow/example_dags/example_external_task_marker_dag.py for tasks to queue
[2025-07-18T13:09:52.790+0000] {logging_mixin.py:188} INFO - [2025-07-18T13:09:52.790+0000] {dagbag.py:538} INFO - Filling up the DagBag from /home/airflow/.local/lib/python3.8/site-packages/airflow/example_dags/example_external_task_marker_dag.py
[2025-07-18T13:09:52.794+0000] {processor.py:840} INFO - DAG(s) 'example_external_task_marker_child', 'example_external_task_marker_parent' retrieved from /home/airflow/.local/lib/python3.8/site-packages/airflow/example_dags/example_external_task_marker_dag.py
[2025-07-18T13:09:52.803+0000] {logging_mixin.py:188} INFO - [2025-07-18T13:09:52.803+0000] {dag.py:3036} INFO - Sync 2 DAGs
[2025-07-18T13:09:52.809+0000] {logging_mixin.py:188} INFO - [2025-07-18T13:09:52.808+0000] {dag.py:3823} INFO - Setting next_dagrun for example_external_task_marker_child to None, run_after=None
[2025-07-18T13:09:52.810+0000] {logging_mixin.py:188} INFO - [2025-07-18T13:09:52.810+0000] {dag.py:3823} INFO - Setting next_dagrun for example_external_task_marker_parent to None, run_after=None
[2025-07-18T13:09:52.816+0000] {processor.py:183} INFO - Processing /home/airflow/.local/lib/python3.8/site-packages/airflow/example_dags/example_external_task_marker_dag.py took 0.030 seconds
[2025-07-18T13:10:23.522+0000] {processor.py:161} INFO - Started process (PID=1603) to work on /home/airflow/.local/lib/python3.8/site-packages/airflow/example_dags/example_external_task_marker_dag.py
[2025-07-18T13:10:23.522+0000] {processor.py:830} INFO - Processing file /home/airflow/.local/lib/python3.8/site-packages/airflow/example_dags/example_external_task_marker_dag.py for tasks to queue
[2025-07-18T13:10:23.523+0000] {logging_mixin.py:188} INFO - [2025-07-18T13:10:23.523+0000] {dagbag.py:538} INFO - Filling up the DagBag from /home/airflow/.local/lib/python3.8/site-packages/airflow/example_dags/example_external_task_marker_dag.py
[2025-07-18T13:10:23.525+0000] {processor.py:840} INFO - DAG(s) 'example_external_task_marker_parent', 'example_external_task_marker_child' retrieved from /home/airflow/.local/lib/python3.8/site-packages/airflow/example_dags/example_external_task_marker_dag.py
[2025-07-18T13:10:23.533+0000] {logging_mixin.py:188} INFO - [2025-07-18T13:10:23.533+0000] {dag.py:3036} INFO - Sync 2 DAGs
[2025-07-18T13:10:23.538+0000] {logging_mixin.py:188} INFO - [2025-07-18T13:10:23.538+0000] {dag.py:3823} INFO - Setting next_dagrun for example_external_task_marker_child to None, run_after=None
[2025-07-18T13:10:23.539+0000] {logging_mixin.py:188} INFO - [2025-07-18T13:10:23.539+0000] {dag.py:3823} INFO - Setting next_dagrun for example_external_task_marker_parent to None, run_after=None
[2025-07-18T13:10:23.544+0000] {processor.py:183} INFO - Processing /home/airflow/.local/lib/python3.8/site-packages/airflow/example_dags/example_external_task_marker_dag.py took 0.024 seconds
[2025-07-18T13:10:54.430+0000] {processor.py:161} INFO - Started process (PID=1676) to work on /home/airflow/.local/lib/python3.8/site-packages/airflow/example_dags/example_external_task_marker_dag.py
[2025-07-18T13:10:54.431+0000] {processor.py:830} INFO - Processing file /home/airflow/.local/lib/python3.8/site-packages/airflow/example_dags/example_external_task_marker_dag.py for tasks to queue
[2025-07-18T13:10:54.431+0000] {logging_mixin.py:188} INFO - [2025-07-18T13:10:54.431+0000] {dagbag.py:538} INFO - Filling up the DagBag from /home/airflow/.local/lib/python3.8/site-packages/airflow/example_dags/example_external_task_marker_dag.py
[2025-07-18T13:10:54.434+0000] {processor.py:840} INFO - DAG(s) 'example_external_task_marker_parent', 'example_external_task_marker_child' retrieved from /home/airflow/.local/lib/python3.8/site-packages/airflow/example_dags/example_external_task_marker_dag.py
[2025-07-18T13:10:54.443+0000] {logging_mixin.py:188} INFO - [2025-07-18T13:10:54.443+0000] {dag.py:3036} INFO - Sync 2 DAGs
[2025-07-18T13:10:54.449+0000] {logging_mixin.py:188} INFO - [2025-07-18T13:10:54.449+0000] {dag.py:3823} INFO - Setting next_dagrun for example_external_task_marker_child to None, run_after=None
[2025-07-18T13:10:54.450+0000] {logging_mixin.py:188} INFO - [2025-07-18T13:10:54.450+0000] {dag.py:3823} INFO - Setting next_dagrun for example_external_task_marker_parent to None, run_after=None
[2025-07-18T13:10:54.458+0000] {processor.py:183} INFO - Processing /home/airflow/.local/lib/python3.8/site-packages/airflow/example_dags/example_external_task_marker_dag.py took 0.030 seconds
[2025-07-18T13:11:25.014+0000] {processor.py:161} INFO - Started process (PID=1749) to work on /home/airflow/.local/lib/python3.8/site-packages/airflow/example_dags/example_external_task_marker_dag.py
[2025-07-18T13:11:25.015+0000] {processor.py:830} INFO - Processing file /home/airflow/.local/lib/python3.8/site-packages/airflow/example_dags/example_external_task_marker_dag.py for tasks to queue
[2025-07-18T13:11:25.016+0000] {logging_mixin.py:188} INFO - [2025-07-18T13:11:25.015+0000] {dagbag.py:538} INFO - Filling up the DagBag from /home/airflow/.local/lib/python3.8/site-packages/airflow/example_dags/example_external_task_marker_dag.py
[2025-07-18T13:11:25.018+0000] {processor.py:840} INFO - DAG(s) 'example_external_task_marker_child', 'example_external_task_marker_parent' retrieved from /home/airflow/.local/lib/python3.8/site-packages/airflow/example_dags/example_external_task_marker_dag.py
[2025-07-18T13:11:25.028+0000] {logging_mixin.py:188} INFO - [2025-07-18T13:11:25.028+0000] {dag.py:3036} INFO - Sync 2 DAGs
[2025-07-18T13:11:25.033+0000] {logging_mixin.py:188} INFO - [2025-07-18T13:11:25.033+0000] {dag.py:3823} INFO - Setting next_dagrun for example_external_task_marker_child to None, run_after=None
[2025-07-18T13:11:25.034+0000] {logging_mixin.py:188} INFO - [2025-07-18T13:11:25.034+0000] {dag.py:3823} INFO - Setting next_dagrun for example_external_task_marker_parent to None, run_after=None
[2025-07-18T13:11:25.040+0000] {processor.py:183} INFO - Processing /home/airflow/.local/lib/python3.8/site-packages/airflow/example_dags/example_external_task_marker_dag.py took 0.027 seconds
[2025-07-18T13:11:55.958+0000] {processor.py:161} INFO - Started process (PID=1822) to work on /home/airflow/.local/lib/python3.8/site-packages/airflow/example_dags/example_external_task_marker_dag.py
[2025-07-18T13:11:55.959+0000] {processor.py:830} INFO - Processing file /home/airflow/.local/lib/python3.8/site-packages/airflow/example_dags/example_external_task_marker_dag.py for tasks to queue
[2025-07-18T13:11:55.959+0000] {logging_mixin.py:188} INFO - [2025-07-18T13:11:55.959+0000] {dagbag.py:538} INFO - Filling up the DagBag from /home/airflow/.local/lib/python3.8/site-packages/airflow/example_dags/example_external_task_marker_dag.py
[2025-07-18T13:11:55.962+0000] {processor.py:840} INFO - DAG(s) 'example_external_task_marker_parent', 'example_external_task_marker_child' retrieved from /home/airflow/.local/lib/python3.8/site-packages/airflow/example_dags/example_external_task_marker_dag.py
[2025-07-18T13:11:55.972+0000] {logging_mixin.py:188} INFO - [2025-07-18T13:11:55.972+0000] {dag.py:3036} INFO - Sync 2 DAGs
[2025-07-18T13:11:55.976+0000] {logging_mixin.py:188} INFO - [2025-07-18T13:11:55.976+0000] {dag.py:3823} INFO - Setting next_dagrun for example_external_task_marker_child to None, run_after=None
[2025-07-18T13:11:55.979+0000] {logging_mixin.py:188} INFO - [2025-07-18T13:11:55.979+0000] {dag.py:3823} INFO - Setting next_dagrun for example_external_task_marker_parent to None, run_after=None
[2025-07-18T13:11:55.989+0000] {processor.py:183} INFO - Processing /home/airflow/.local/lib/python3.8/site-packages/airflow/example_dags/example_external_task_marker_dag.py took 0.033 seconds
[2025-07-18T13:12:27.197+0000] {processor.py:161} INFO - Started process (PID=1894) to work on /home/airflow/.local/lib/python3.8/site-packages/airflow/example_dags/example_external_task_marker_dag.py
[2025-07-18T13:12:27.197+0000] {processor.py:830} INFO - Processing file /home/airflow/.local/lib/python3.8/site-packages/airflow/example_dags/example_external_task_marker_dag.py for tasks to queue
[2025-07-18T13:12:27.198+0000] {logging_mixin.py:188} INFO - [2025-07-18T13:12:27.198+0000] {dagbag.py:538} INFO - Filling up the DagBag from /home/airflow/.local/lib/python3.8/site-packages/airflow/example_dags/example_external_task_marker_dag.py
[2025-07-18T13:12:27.200+0000] {processor.py:840} INFO - DAG(s) 'example_external_task_marker_parent', 'example_external_task_marker_child' retrieved from /home/airflow/.local/lib/python3.8/site-packages/airflow/example_dags/example_external_task_marker_dag.py
[2025-07-18T13:12:27.208+0000] {logging_mixin.py:188} INFO - [2025-07-18T13:12:27.208+0000] {dag.py:3036} INFO - Sync 2 DAGs
[2025-07-18T13:12:27.212+0000] {logging_mixin.py:188} INFO - [2025-07-18T13:12:27.212+0000] {dag.py:3823} INFO - Setting next_dagrun for example_external_task_marker_child to None, run_after=None
[2025-07-18T13:12:27.213+0000] {logging_mixin.py:188} INFO - [2025-07-18T13:12:27.213+0000] {dag.py:3823} INFO - Setting next_dagrun for example_external_task_marker_parent to None, run_after=None
[2025-07-18T13:12:27.217+0000] {processor.py:183} INFO - Processing /home/airflow/.local/lib/python3.8/site-packages/airflow/example_dags/example_external_task_marker_dag.py took 0.022 seconds
[2025-07-18T13:12:57.742+0000] {processor.py:161} INFO - Started process (PID=1967) to work on /home/airflow/.local/lib/python3.8/site-packages/airflow/example_dags/example_external_task_marker_dag.py
[2025-07-18T13:12:57.743+0000] {processor.py:830} INFO - Processing file /home/airflow/.local/lib/python3.8/site-packages/airflow/example_dags/example_external_task_marker_dag.py for tasks to queue
[2025-07-18T13:12:57.743+0000] {logging_mixin.py:188} INFO - [2025-07-18T13:12:57.743+0000] {dagbag.py:538} INFO - Filling up the DagBag from /home/airflow/.local/lib/python3.8/site-packages/airflow/example_dags/example_external_task_marker_dag.py
[2025-07-18T13:12:57.746+0000] {processor.py:840} INFO - DAG(s) 'example_external_task_marker_parent', 'example_external_task_marker_child' retrieved from /home/airflow/.local/lib/python3.8/site-packages/airflow/example_dags/example_external_task_marker_dag.py
[2025-07-18T13:12:57.757+0000] {logging_mixin.py:188} INFO - [2025-07-18T13:12:57.757+0000] {dag.py:3036} INFO - Sync 2 DAGs
[2025-07-18T13:12:57.761+0000] {logging_mixin.py:188} INFO - [2025-07-18T13:12:57.761+0000] {dag.py:3823} INFO - Setting next_dagrun for example_external_task_marker_child to None, run_after=None
[2025-07-18T13:12:57.766+0000] {logging_mixin.py:188} INFO - [2025-07-18T13:12:57.766+0000] {dag.py:3823} INFO - Setting next_dagrun for example_external_task_marker_parent to None, run_after=None
[2025-07-18T13:12:57.776+0000] {processor.py:183} INFO - Processing /home/airflow/.local/lib/python3.8/site-packages/airflow/example_dags/example_external_task_marker_dag.py took 0.035 seconds
[2025-07-18T13:13:28.296+0000] {processor.py:161} INFO - Started process (PID=2040) to work on /home/airflow/.local/lib/python3.8/site-packages/airflow/example_dags/example_external_task_marker_dag.py
[2025-07-18T13:13:28.296+0000] {processor.py:830} INFO - Processing file /home/airflow/.local/lib/python3.8/site-packages/airflow/example_dags/example_external_task_marker_dag.py for tasks to queue
[2025-07-18T13:13:28.297+0000] {logging_mixin.py:188} INFO - [2025-07-18T13:13:28.297+0000] {dagbag.py:538} INFO - Filling up the DagBag from /home/airflow/.local/lib/python3.8/site-packages/airflow/example_dags/example_external_task_marker_dag.py
[2025-07-18T13:13:28.299+0000] {processor.py:840} INFO - DAG(s) 'example_external_task_marker_parent', 'example_external_task_marker_child' retrieved from /home/airflow/.local/lib/python3.8/site-packages/airflow/example_dags/example_external_task_marker_dag.py
[2025-07-18T13:13:28.309+0000] {logging_mixin.py:188} INFO - [2025-07-18T13:13:28.308+0000] {dag.py:3036} INFO - Sync 2 DAGs
[2025-07-18T13:13:28.313+0000] {logging_mixin.py:188} INFO - [2025-07-18T13:13:28.313+0000] {dag.py:3823} INFO - Setting next_dagrun for example_external_task_marker_child to None, run_after=None
[2025-07-18T13:13:28.314+0000] {logging_mixin.py:188} INFO - [2025-07-18T13:13:28.314+0000] {dag.py:3823} INFO - Setting next_dagrun for example_external_task_marker_parent to None, run_after=None
[2025-07-18T13:13:28.320+0000] {processor.py:183} INFO - Processing /home/airflow/.local/lib/python3.8/site-packages/airflow/example_dags/example_external_task_marker_dag.py took 0.025 seconds
[2025-07-18T13:13:58.928+0000] {processor.py:161} INFO - Started process (PID=2113) to work on /home/airflow/.local/lib/python3.8/site-packages/airflow/example_dags/example_external_task_marker_dag.py
[2025-07-18T13:13:58.930+0000] {processor.py:830} INFO - Processing file /home/airflow/.local/lib/python3.8/site-packages/airflow/example_dags/example_external_task_marker_dag.py for tasks to queue
[2025-07-18T13:13:58.931+0000] {logging_mixin.py:188} INFO - [2025-07-18T13:13:58.931+0000] {dagbag.py:538} INFO - Filling up the DagBag from /home/airflow/.local/lib/python3.8/site-packages/airflow/example_dags/example_external_task_marker_dag.py
[2025-07-18T13:13:58.934+0000] {processor.py:840} INFO - DAG(s) 'example_external_task_marker_parent', 'example_external_task_marker_child' retrieved from /home/airflow/.local/lib/python3.8/site-packages/airflow/example_dags/example_external_task_marker_dag.py
[2025-07-18T13:13:58.946+0000] {logging_mixin.py:188} INFO - [2025-07-18T13:13:58.946+0000] {dag.py:3036} INFO - Sync 2 DAGs
[2025-07-18T13:13:58.952+0000] {logging_mixin.py:188} INFO - [2025-07-18T13:13:58.952+0000] {dag.py:3823} INFO - Setting next_dagrun for example_external_task_marker_child to None, run_after=None
[2025-07-18T13:13:58.955+0000] {logging_mixin.py:188} INFO - [2025-07-18T13:13:58.955+0000] {dag.py:3823} INFO - Setting next_dagrun for example_external_task_marker_parent to None, run_after=None
[2025-07-18T13:13:58.963+0000] {processor.py:183} INFO - Processing /home/airflow/.local/lib/python3.8/site-packages/airflow/example_dags/example_external_task_marker_dag.py took 0.037 seconds
[2025-07-18T13:14:29.503+0000] {processor.py:161} INFO - Started process (PID=2186) to work on /home/airflow/.local/lib/python3.8/site-packages/airflow/example_dags/example_external_task_marker_dag.py
[2025-07-18T13:14:29.504+0000] {processor.py:830} INFO - Processing file /home/airflow/.local/lib/python3.8/site-packages/airflow/example_dags/example_external_task_marker_dag.py for tasks to queue
[2025-07-18T13:14:29.505+0000] {logging_mixin.py:188} INFO - [2025-07-18T13:14:29.504+0000] {dagbag.py:538} INFO - Filling up the DagBag from /home/airflow/.local/lib/python3.8/site-packages/airflow/example_dags/example_external_task_marker_dag.py
[2025-07-18T13:14:29.507+0000] {processor.py:840} INFO - DAG(s) 'example_external_task_marker_parent', 'example_external_task_marker_child' retrieved from /home/airflow/.local/lib/python3.8/site-packages/airflow/example_dags/example_external_task_marker_dag.py
[2025-07-18T13:14:29.519+0000] {logging_mixin.py:188} INFO - [2025-07-18T13:14:29.519+0000] {dag.py:3036} INFO - Sync 2 DAGs
[2025-07-18T13:14:29.524+0000] {logging_mixin.py:188} INFO - [2025-07-18T13:14:29.524+0000] {dag.py:3823} INFO - Setting next_dagrun for example_external_task_marker_child to None, run_after=None
[2025-07-18T13:14:29.525+0000] {logging_mixin.py:188} INFO - [2025-07-18T13:14:29.525+0000] {dag.py:3823} INFO - Setting next_dagrun for example_external_task_marker_parent to None, run_after=None
[2025-07-18T13:14:29.532+0000] {processor.py:183} INFO - Processing /home/airflow/.local/lib/python3.8/site-packages/airflow/example_dags/example_external_task_marker_dag.py took 0.030 seconds
[2025-07-18T13:15:00.119+0000] {processor.py:161} INFO - Started process (PID=2259) to work on /home/airflow/.local/lib/python3.8/site-packages/airflow/example_dags/example_external_task_marker_dag.py
[2025-07-18T13:15:00.120+0000] {processor.py:830} INFO - Processing file /home/airflow/.local/lib/python3.8/site-packages/airflow/example_dags/example_external_task_marker_dag.py for tasks to queue
[2025-07-18T13:15:00.120+0000] {logging_mixin.py:188} INFO - [2025-07-18T13:15:00.120+0000] {dagbag.py:538} INFO - Filling up the DagBag from /home/airflow/.local/lib/python3.8/site-packages/airflow/example_dags/example_external_task_marker_dag.py
[2025-07-18T13:15:00.122+0000] {processor.py:840} INFO - DAG(s) 'example_external_task_marker_child', 'example_external_task_marker_parent' retrieved from /home/airflow/.local/lib/python3.8/site-packages/airflow/example_dags/example_external_task_marker_dag.py
[2025-07-18T13:15:00.131+0000] {logging_mixin.py:188} INFO - [2025-07-18T13:15:00.130+0000] {dag.py:3036} INFO - Sync 2 DAGs
[2025-07-18T13:15:00.135+0000] {logging_mixin.py:188} INFO - [2025-07-18T13:15:00.135+0000] {dag.py:3823} INFO - Setting next_dagrun for example_external_task_marker_child to None, run_after=None
[2025-07-18T13:15:00.137+0000] {logging_mixin.py:188} INFO - [2025-07-18T13:15:00.137+0000] {dag.py:3823} INFO - Setting next_dagrun for example_external_task_marker_parent to None, run_after=None
[2025-07-18T13:15:00.148+0000] {processor.py:183} INFO - Processing /home/airflow/.local/lib/python3.8/site-packages/airflow/example_dags/example_external_task_marker_dag.py took 0.030 seconds
[2025-07-18T13:15:30.713+0000] {processor.py:161} INFO - Started process (PID=2332) to work on /home/airflow/.local/lib/python3.8/site-packages/airflow/example_dags/example_external_task_marker_dag.py
[2025-07-18T13:15:30.713+0000] {processor.py:830} INFO - Processing file /home/airflow/.local/lib/python3.8/site-packages/airflow/example_dags/example_external_task_marker_dag.py for tasks to queue
[2025-07-18T13:15:30.715+0000] {logging_mixin.py:188} INFO - [2025-07-18T13:15:30.715+0000] {dagbag.py:538} INFO - Filling up the DagBag from /home/airflow/.local/lib/python3.8/site-packages/airflow/example_dags/example_external_task_marker_dag.py
[2025-07-18T13:15:30.717+0000] {processor.py:840} INFO - DAG(s) 'example_external_task_marker_parent', 'example_external_task_marker_child' retrieved from /home/airflow/.local/lib/python3.8/site-packages/airflow/example_dags/example_external_task_marker_dag.py
[2025-07-18T13:15:30.726+0000] {logging_mixin.py:188} INFO - [2025-07-18T13:15:30.726+0000] {dag.py:3036} INFO - Sync 2 DAGs
[2025-07-18T13:15:30.730+0000] {logging_mixin.py:188} INFO - [2025-07-18T13:15:30.730+0000] {dag.py:3823} INFO - Setting next_dagrun for example_external_task_marker_child to None, run_after=None
[2025-07-18T13:15:30.731+0000] {logging_mixin.py:188} INFO - [2025-07-18T13:15:30.731+0000] {dag.py:3823} INFO - Setting next_dagrun for example_external_task_marker_parent to None, run_after=None
[2025-07-18T13:15:30.737+0000] {processor.py:183} INFO - Processing /home/airflow/.local/lib/python3.8/site-packages/airflow/example_dags/example_external_task_marker_dag.py took 0.025 seconds
[2025-07-18T13:16:01.308+0000] {processor.py:161} INFO - Started process (PID=2405) to work on /home/airflow/.local/lib/python3.8/site-packages/airflow/example_dags/example_external_task_marker_dag.py
[2025-07-18T13:16:01.309+0000] {processor.py:830} INFO - Processing file /home/airflow/.local/lib/python3.8/site-packages/airflow/example_dags/example_external_task_marker_dag.py for tasks to queue
[2025-07-18T13:16:01.310+0000] {logging_mixin.py:188} INFO - [2025-07-18T13:16:01.310+0000] {dagbag.py:538} INFO - Filling up the DagBag from /home/airflow/.local/lib/python3.8/site-packages/airflow/example_dags/example_external_task_marker_dag.py
[2025-07-18T13:16:01.312+0000] {processor.py:840} INFO - DAG(s) 'example_external_task_marker_child', 'example_external_task_marker_parent' retrieved from /home/airflow/.local/lib/python3.8/site-packages/airflow/example_dags/example_external_task_marker_dag.py
[2025-07-18T13:16:01.320+0000] {logging_mixin.py:188} INFO - [2025-07-18T13:16:01.320+0000] {dag.py:3036} INFO - Sync 2 DAGs
[2025-07-18T13:16:01.324+0000] {logging_mixin.py:188} INFO - [2025-07-18T13:16:01.324+0000] {dag.py:3823} INFO - Setting next_dagrun for example_external_task_marker_child to None, run_after=None
[2025-07-18T13:16:01.327+0000] {logging_mixin.py:188} INFO - [2025-07-18T13:16:01.327+0000] {dag.py:3823} INFO - Setting next_dagrun for example_external_task_marker_parent to None, run_after=None
[2025-07-18T13:16:01.335+0000] {processor.py:183} INFO - Processing /home/airflow/.local/lib/python3.8/site-packages/airflow/example_dags/example_external_task_marker_dag.py took 0.028 seconds
[2025-07-18T13:16:32.000+0000] {processor.py:161} INFO - Started process (PID=2478) to work on /home/airflow/.local/lib/python3.8/site-packages/airflow/example_dags/example_external_task_marker_dag.py
[2025-07-18T13:16:32.001+0000] {processor.py:830} INFO - Processing file /home/airflow/.local/lib/python3.8/site-packages/airflow/example_dags/example_external_task_marker_dag.py for tasks to queue
[2025-07-18T13:16:32.001+0000] {logging_mixin.py:188} INFO - [2025-07-18T13:16:32.001+0000] {dagbag.py:538} INFO - Filling up the DagBag from /home/airflow/.local/lib/python3.8/site-packages/airflow/example_dags/example_external_task_marker_dag.py
[2025-07-18T13:16:32.004+0000] {processor.py:840} INFO - DAG(s) 'example_external_task_marker_parent', 'example_external_task_marker_child' retrieved from /home/airflow/.local/lib/python3.8/site-packages/airflow/example_dags/example_external_task_marker_dag.py
[2025-07-18T13:16:32.014+0000] {logging_mixin.py:188} INFO - [2025-07-18T13:16:32.014+0000] {dag.py:3036} INFO - Sync 2 DAGs
[2025-07-18T13:16:32.019+0000] {logging_mixin.py:188} INFO - [2025-07-18T13:16:32.019+0000] {dag.py:3823} INFO - Setting next_dagrun for example_external_task_marker_child to None, run_after=None
[2025-07-18T13:16:32.021+0000] {logging_mixin.py:188} INFO - [2025-07-18T13:16:32.021+0000] {dag.py:3823} INFO - Setting next_dagrun for example_external_task_marker_parent to None, run_after=None
[2025-07-18T13:16:32.030+0000] {processor.py:183} INFO - Processing /home/airflow/.local/lib/python3.8/site-packages/airflow/example_dags/example_external_task_marker_dag.py took 0.031 seconds
[2025-07-18T13:17:02.554+0000] {processor.py:161} INFO - Started process (PID=2551) to work on /home/airflow/.local/lib/python3.8/site-packages/airflow/example_dags/example_external_task_marker_dag.py
[2025-07-18T13:17:02.555+0000] {processor.py:830} INFO - Processing file /home/airflow/.local/lib/python3.8/site-packages/airflow/example_dags/example_external_task_marker_dag.py for tasks to queue
[2025-07-18T13:17:02.555+0000] {logging_mixin.py:188} INFO - [2025-07-18T13:17:02.555+0000] {dagbag.py:538} INFO - Filling up the DagBag from /home/airflow/.local/lib/python3.8/site-packages/airflow/example_dags/example_external_task_marker_dag.py
[2025-07-18T13:17:02.557+0000] {processor.py:840} INFO - DAG(s) 'example_external_task_marker_child', 'example_external_task_marker_parent' retrieved from /home/airflow/.local/lib/python3.8/site-packages/airflow/example_dags/example_external_task_marker_dag.py
[2025-07-18T13:17:02.565+0000] {logging_mixin.py:188} INFO - [2025-07-18T13:17:02.565+0000] {dag.py:3036} INFO - Sync 2 DAGs
[2025-07-18T13:17:02.569+0000] {logging_mixin.py:188} INFO - [2025-07-18T13:17:02.569+0000] {dag.py:3823} INFO - Setting next_dagrun for example_external_task_marker_child to None, run_after=None
[2025-07-18T13:17:02.570+0000] {logging_mixin.py:188} INFO - [2025-07-18T13:17:02.570+0000] {dag.py:3823} INFO - Setting next_dagrun for example_external_task_marker_parent to None, run_after=None
[2025-07-18T13:17:02.575+0000] {processor.py:183} INFO - Processing /home/airflow/.local/lib/python3.8/site-packages/airflow/example_dags/example_external_task_marker_dag.py took 0.022 seconds
[2025-07-18T13:17:33.147+0000] {processor.py:161} INFO - Started process (PID=2624) to work on /home/airflow/.local/lib/python3.8/site-packages/airflow/example_dags/example_external_task_marker_dag.py
[2025-07-18T13:17:33.147+0000] {processor.py:830} INFO - Processing file /home/airflow/.local/lib/python3.8/site-packages/airflow/example_dags/example_external_task_marker_dag.py for tasks to queue
[2025-07-18T13:17:33.148+0000] {logging_mixin.py:188} INFO - [2025-07-18T13:17:33.148+0000] {dagbag.py:538} INFO - Filling up the DagBag from /home/airflow/.local/lib/python3.8/site-packages/airflow/example_dags/example_external_task_marker_dag.py
[2025-07-18T13:17:33.150+0000] {processor.py:840} INFO - DAG(s) 'example_external_task_marker_child', 'example_external_task_marker_parent' retrieved from /home/airflow/.local/lib/python3.8/site-packages/airflow/example_dags/example_external_task_marker_dag.py
[2025-07-18T13:17:33.159+0000] {logging_mixin.py:188} INFO - [2025-07-18T13:17:33.159+0000] {dag.py:3036} INFO - Sync 2 DAGs
[2025-07-18T13:17:33.163+0000] {logging_mixin.py:188} INFO - [2025-07-18T13:17:33.163+0000] {dag.py:3823} INFO - Setting next_dagrun for example_external_task_marker_child to None, run_after=None
[2025-07-18T13:17:33.165+0000] {logging_mixin.py:188} INFO - [2025-07-18T13:17:33.165+0000] {dag.py:3823} INFO - Setting next_dagrun for example_external_task_marker_parent to None, run_after=None
[2025-07-18T13:17:33.170+0000] {processor.py:183} INFO - Processing /home/airflow/.local/lib/python3.8/site-packages/airflow/example_dags/example_external_task_marker_dag.py took 0.025 seconds
[2025-07-18T13:19:06.074+0000] {processor.py:161} INFO - Started process (PID=2831) to work on /home/airflow/.local/lib/python3.8/site-packages/airflow/example_dags/example_external_task_marker_dag.py
[2025-07-18T13:19:06.076+0000] {processor.py:830} INFO - Processing file /home/airflow/.local/lib/python3.8/site-packages/airflow/example_dags/example_external_task_marker_dag.py for tasks to queue
[2025-07-18T13:19:06.078+0000] {logging_mixin.py:188} INFO - [2025-07-18T13:19:06.078+0000] {dagbag.py:538} INFO - Filling up the DagBag from /home/airflow/.local/lib/python3.8/site-packages/airflow/example_dags/example_external_task_marker_dag.py
[2025-07-18T13:19:06.082+0000] {processor.py:840} INFO - DAG(s) 'example_external_task_marker_child', 'example_external_task_marker_parent' retrieved from /home/airflow/.local/lib/python3.8/site-packages/airflow/example_dags/example_external_task_marker_dag.py
[2025-07-18T13:19:06.092+0000] {logging_mixin.py:188} INFO - [2025-07-18T13:19:06.092+0000] {dag.py:3036} INFO - Sync 2 DAGs
