[2025-07-18T12:59:39.190+0000] {processor.py:161} INFO - Started process (PID=94) to work on /home/airflow/.local/lib/python3.8/site-packages/airflow/example_dags/example_branch_labels.py
[2025-07-18T12:59:39.190+0000] {processor.py:830} INFO - Processing file /home/airflow/.local/lib/python3.8/site-packages/airflow/example_dags/example_branch_labels.py for tasks to queue
[2025-07-18T12:59:39.191+0000] {logging_mixin.py:188} INFO - [2025-07-18T12:59:39.191+0000] {dagbag.py:538} INFO - Filling up the DagBag from /home/airflow/.local/lib/python3.8/site-packages/airflow/example_dags/example_branch_labels.py
[2025-07-18T12:59:39.196+0000] {processor.py:840} INFO - DAG(s) 'example_branch_labels' retrieved from /home/airflow/.local/lib/python3.8/site-packages/airflow/example_dags/example_branch_labels.py
[2025-07-18T12:59:39.207+0000] {logging_mixin.py:188} INFO - [2025-07-18T12:59:39.207+0000] {dag.py:3036} INFO - Sync 1 DAGs
[2025-07-18T12:59:39.217+0000] {logging_mixin.py:188} INFO - [2025-07-18T12:59:39.217+0000] {dag.py:3823} INFO - Setting next_dagrun for example_branch_labels to 2025-07-17 00:00:00+00:00, run_after=2025-07-18 00:00:00+00:00
[2025-07-18T12:59:39.232+0000] {processor.py:183} INFO - Processing /home/airflow/.local/lib/python3.8/site-packages/airflow/example_dags/example_branch_labels.py took 0.044 seconds
[2025-07-18T13:00:10.338+0000] {processor.py:161} INFO - Started process (PID=166) to work on /home/airflow/.local/lib/python3.8/site-packages/airflow/example_dags/example_branch_labels.py
[2025-07-18T13:00:10.338+0000] {processor.py:830} INFO - Processing file /home/airflow/.local/lib/python3.8/site-packages/airflow/example_dags/example_branch_labels.py for tasks to queue
[2025-07-18T13:00:10.339+0000] {logging_mixin.py:188} INFO - [2025-07-18T13:00:10.339+0000] {dagbag.py:538} INFO - Filling up the DagBag from /home/airflow/.local/lib/python3.8/site-packages/airflow/example_dags/example_branch_labels.py
[2025-07-18T13:00:10.343+0000] {processor.py:840} INFO - DAG(s) 'example_branch_labels' retrieved from /home/airflow/.local/lib/python3.8/site-packages/airflow/example_dags/example_branch_labels.py
[2025-07-18T13:00:10.352+0000] {logging_mixin.py:188} INFO - [2025-07-18T13:00:10.351+0000] {dag.py:3036} INFO - Sync 1 DAGs
[2025-07-18T13:00:10.359+0000] {logging_mixin.py:188} INFO - [2025-07-18T13:00:10.359+0000] {dag.py:3823} INFO - Setting next_dagrun for example_branch_labels to 2025-07-17 00:00:00+00:00, run_after=2025-07-18 00:00:00+00:00
[2025-07-18T13:00:10.364+0000] {processor.py:183} INFO - Processing /home/airflow/.local/lib/python3.8/site-packages/airflow/example_dags/example_branch_labels.py took 0.028 seconds
[2025-07-18T13:00:41.359+0000] {processor.py:161} INFO - Started process (PID=236) to work on /home/airflow/.local/lib/python3.8/site-packages/airflow/example_dags/example_branch_labels.py
[2025-07-18T13:00:41.359+0000] {processor.py:830} INFO - Processing file /home/airflow/.local/lib/python3.8/site-packages/airflow/example_dags/example_branch_labels.py for tasks to queue
[2025-07-18T13:00:41.360+0000] {logging_mixin.py:188} INFO - [2025-07-18T13:00:41.360+0000] {dagbag.py:538} INFO - Filling up the DagBag from /home/airflow/.local/lib/python3.8/site-packages/airflow/example_dags/example_branch_labels.py
[2025-07-18T13:00:41.363+0000] {processor.py:840} INFO - DAG(s) 'example_branch_labels' retrieved from /home/airflow/.local/lib/python3.8/site-packages/airflow/example_dags/example_branch_labels.py
[2025-07-18T13:00:41.371+0000] {logging_mixin.py:188} INFO - [2025-07-18T13:00:41.371+0000] {dag.py:3036} INFO - Sync 1 DAGs
[2025-07-18T13:00:41.379+0000] {logging_mixin.py:188} INFO - [2025-07-18T13:00:41.379+0000] {dag.py:3823} INFO - Setting next_dagrun for example_branch_labels to 2025-07-17 00:00:00+00:00, run_after=2025-07-18 00:00:00+00:00
[2025-07-18T13:00:41.384+0000] {processor.py:183} INFO - Processing /home/airflow/.local/lib/python3.8/site-packages/airflow/example_dags/example_branch_labels.py took 0.026 seconds
[2025-07-18T13:01:11.484+0000] {processor.py:161} INFO - Started process (PID=307) to work on /home/airflow/.local/lib/python3.8/site-packages/airflow/example_dags/example_branch_labels.py
[2025-07-18T13:01:11.485+0000] {processor.py:830} INFO - Processing file /home/airflow/.local/lib/python3.8/site-packages/airflow/example_dags/example_branch_labels.py for tasks to queue
[2025-07-18T13:01:11.486+0000] {logging_mixin.py:188} INFO - [2025-07-18T13:01:11.486+0000] {dagbag.py:538} INFO - Filling up the DagBag from /home/airflow/.local/lib/python3.8/site-packages/airflow/example_dags/example_branch_labels.py
[2025-07-18T13:01:11.489+0000] {processor.py:840} INFO - DAG(s) 'example_branch_labels' retrieved from /home/airflow/.local/lib/python3.8/site-packages/airflow/example_dags/example_branch_labels.py
[2025-07-18T13:01:11.499+0000] {logging_mixin.py:188} INFO - [2025-07-18T13:01:11.499+0000] {dag.py:3036} INFO - Sync 1 DAGs
[2025-07-18T13:01:11.507+0000] {logging_mixin.py:188} INFO - [2025-07-18T13:01:11.507+0000] {dag.py:3823} INFO - Setting next_dagrun for example_branch_labels to 2025-07-17 00:00:00+00:00, run_after=2025-07-18 00:00:00+00:00
[2025-07-18T13:01:11.516+0000] {processor.py:183} INFO - Processing /home/airflow/.local/lib/python3.8/site-packages/airflow/example_dags/example_branch_labels.py took 0.033 seconds
[2025-07-18T13:01:42.082+0000] {processor.py:161} INFO - Started process (PID=380) to work on /home/airflow/.local/lib/python3.8/site-packages/airflow/example_dags/example_branch_labels.py
[2025-07-18T13:01:42.084+0000] {processor.py:830} INFO - Processing file /home/airflow/.local/lib/python3.8/site-packages/airflow/example_dags/example_branch_labels.py for tasks to queue
[2025-07-18T13:01:42.086+0000] {logging_mixin.py:188} INFO - [2025-07-18T13:01:42.086+0000] {dagbag.py:538} INFO - Filling up the DagBag from /home/airflow/.local/lib/python3.8/site-packages/airflow/example_dags/example_branch_labels.py
[2025-07-18T13:01:42.089+0000] {processor.py:840} INFO - DAG(s) 'example_branch_labels' retrieved from /home/airflow/.local/lib/python3.8/site-packages/airflow/example_dags/example_branch_labels.py
[2025-07-18T13:01:42.104+0000] {logging_mixin.py:188} INFO - [2025-07-18T13:01:42.104+0000] {dag.py:3036} INFO - Sync 1 DAGs
[2025-07-18T13:01:42.114+0000] {logging_mixin.py:188} INFO - [2025-07-18T13:01:42.113+0000] {dag.py:3823} INFO - Setting next_dagrun for example_branch_labels to 2025-07-17 00:00:00+00:00, run_after=2025-07-18 00:00:00+00:00
[2025-07-18T13:01:42.123+0000] {processor.py:183} INFO - Processing /home/airflow/.local/lib/python3.8/site-packages/airflow/example_dags/example_branch_labels.py took 0.041 seconds
[2025-07-18T13:02:12.905+0000] {processor.py:161} INFO - Started process (PID=447) to work on /home/airflow/.local/lib/python3.8/site-packages/airflow/example_dags/example_branch_labels.py
[2025-07-18T13:02:12.905+0000] {processor.py:830} INFO - Processing file /home/airflow/.local/lib/python3.8/site-packages/airflow/example_dags/example_branch_labels.py for tasks to queue
[2025-07-18T13:02:12.906+0000] {logging_mixin.py:188} INFO - [2025-07-18T13:02:12.906+0000] {dagbag.py:538} INFO - Filling up the DagBag from /home/airflow/.local/lib/python3.8/site-packages/airflow/example_dags/example_branch_labels.py
[2025-07-18T13:02:12.909+0000] {processor.py:840} INFO - DAG(s) 'example_branch_labels' retrieved from /home/airflow/.local/lib/python3.8/site-packages/airflow/example_dags/example_branch_labels.py
[2025-07-18T13:02:12.917+0000] {logging_mixin.py:188} INFO - [2025-07-18T13:02:12.917+0000] {dag.py:3036} INFO - Sync 1 DAGs
[2025-07-18T13:02:12.927+0000] {logging_mixin.py:188} INFO - [2025-07-18T13:02:12.926+0000] {dag.py:3823} INFO - Setting next_dagrun for example_branch_labels to 2025-07-17 00:00:00+00:00, run_after=2025-07-18 00:00:00+00:00
[2025-07-18T13:02:12.936+0000] {processor.py:183} INFO - Processing /home/airflow/.local/lib/python3.8/site-packages/airflow/example_dags/example_branch_labels.py took 0.032 seconds
[2025-07-18T13:02:43.077+0000] {processor.py:161} INFO - Started process (PID=520) to work on /home/airflow/.local/lib/python3.8/site-packages/airflow/example_dags/example_branch_labels.py
[2025-07-18T13:02:43.078+0000] {processor.py:830} INFO - Processing file /home/airflow/.local/lib/python3.8/site-packages/airflow/example_dags/example_branch_labels.py for tasks to queue
[2025-07-18T13:02:43.079+0000] {logging_mixin.py:188} INFO - [2025-07-18T13:02:43.079+0000] {dagbag.py:538} INFO - Filling up the DagBag from /home/airflow/.local/lib/python3.8/site-packages/airflow/example_dags/example_branch_labels.py
[2025-07-18T13:02:43.085+0000] {processor.py:840} INFO - DAG(s) 'example_branch_labels' retrieved from /home/airflow/.local/lib/python3.8/site-packages/airflow/example_dags/example_branch_labels.py
[2025-07-18T13:02:43.093+0000] {logging_mixin.py:188} INFO - [2025-07-18T13:02:43.093+0000] {dag.py:3036} INFO - Sync 1 DAGs
[2025-07-18T13:02:43.100+0000] {logging_mixin.py:188} INFO - [2025-07-18T13:02:43.100+0000] {dag.py:3823} INFO - Setting next_dagrun for example_branch_labels to 2025-07-17 00:00:00+00:00, run_after=2025-07-18 00:00:00+00:00
[2025-07-18T13:02:43.108+0000] {processor.py:183} INFO - Processing /home/airflow/.local/lib/python3.8/site-packages/airflow/example_dags/example_branch_labels.py took 0.032 seconds
[2025-07-18T13:03:13.995+0000] {processor.py:161} INFO - Started process (PID=593) to work on /home/airflow/.local/lib/python3.8/site-packages/airflow/example_dags/example_branch_labels.py
[2025-07-18T13:03:13.996+0000] {processor.py:830} INFO - Processing file /home/airflow/.local/lib/python3.8/site-packages/airflow/example_dags/example_branch_labels.py for tasks to queue
[2025-07-18T13:03:13.996+0000] {logging_mixin.py:188} INFO - [2025-07-18T13:03:13.996+0000] {dagbag.py:538} INFO - Filling up the DagBag from /home/airflow/.local/lib/python3.8/site-packages/airflow/example_dags/example_branch_labels.py
[2025-07-18T13:03:14.002+0000] {processor.py:840} INFO - DAG(s) 'example_branch_labels' retrieved from /home/airflow/.local/lib/python3.8/site-packages/airflow/example_dags/example_branch_labels.py
[2025-07-18T13:03:14.010+0000] {logging_mixin.py:188} INFO - [2025-07-18T13:03:14.010+0000] {dag.py:3036} INFO - Sync 1 DAGs
[2025-07-18T13:03:14.020+0000] {logging_mixin.py:188} INFO - [2025-07-18T13:03:14.019+0000] {dag.py:3823} INFO - Setting next_dagrun for example_branch_labels to 2025-07-17 00:00:00+00:00, run_after=2025-07-18 00:00:00+00:00
[2025-07-18T13:03:14.027+0000] {processor.py:183} INFO - Processing /home/airflow/.local/lib/python3.8/site-packages/airflow/example_dags/example_branch_labels.py took 0.034 seconds
[2025-07-18T13:03:44.730+0000] {processor.py:161} INFO - Started process (PID=671) to work on /home/airflow/.local/lib/python3.8/site-packages/airflow/example_dags/example_branch_labels.py
[2025-07-18T13:03:44.731+0000] {processor.py:830} INFO - Processing file /home/airflow/.local/lib/python3.8/site-packages/airflow/example_dags/example_branch_labels.py for tasks to queue
[2025-07-18T13:03:44.731+0000] {logging_mixin.py:188} INFO - [2025-07-18T13:03:44.731+0000] {dagbag.py:538} INFO - Filling up the DagBag from /home/airflow/.local/lib/python3.8/site-packages/airflow/example_dags/example_branch_labels.py
[2025-07-18T13:03:44.734+0000] {processor.py:840} INFO - DAG(s) 'example_branch_labels' retrieved from /home/airflow/.local/lib/python3.8/site-packages/airflow/example_dags/example_branch_labels.py
[2025-07-18T13:03:44.745+0000] {logging_mixin.py:188} INFO - [2025-07-18T13:03:44.745+0000] {dag.py:3036} INFO - Sync 1 DAGs
[2025-07-18T13:03:44.756+0000] {logging_mixin.py:188} INFO - [2025-07-18T13:03:44.756+0000] {dag.py:3823} INFO - Setting next_dagrun for example_branch_labels to 2025-07-17 00:00:00+00:00, run_after=2025-07-18 00:00:00+00:00
[2025-07-18T13:03:44.763+0000] {processor.py:183} INFO - Processing /home/airflow/.local/lib/python3.8/site-packages/airflow/example_dags/example_branch_labels.py took 0.035 seconds
[2025-07-18T13:04:15.528+0000] {processor.py:161} INFO - Started process (PID=744) to work on /home/airflow/.local/lib/python3.8/site-packages/airflow/example_dags/example_branch_labels.py
[2025-07-18T13:04:15.528+0000] {processor.py:830} INFO - Processing file /home/airflow/.local/lib/python3.8/site-packages/airflow/example_dags/example_branch_labels.py for tasks to queue
[2025-07-18T13:04:15.529+0000] {logging_mixin.py:188} INFO - [2025-07-18T13:04:15.529+0000] {dagbag.py:538} INFO - Filling up the DagBag from /home/airflow/.local/lib/python3.8/site-packages/airflow/example_dags/example_branch_labels.py
[2025-07-18T13:04:15.533+0000] {processor.py:840} INFO - DAG(s) 'example_branch_labels' retrieved from /home/airflow/.local/lib/python3.8/site-packages/airflow/example_dags/example_branch_labels.py
[2025-07-18T13:04:15.541+0000] {logging_mixin.py:188} INFO - [2025-07-18T13:04:15.541+0000] {dag.py:3036} INFO - Sync 1 DAGs
[2025-07-18T13:04:15.550+0000] {logging_mixin.py:188} INFO - [2025-07-18T13:04:15.550+0000] {dag.py:3823} INFO - Setting next_dagrun for example_branch_labels to 2025-07-17 00:00:00+00:00, run_after=2025-07-18 00:00:00+00:00
[2025-07-18T13:04:15.556+0000] {processor.py:183} INFO - Processing /home/airflow/.local/lib/python3.8/site-packages/airflow/example_dags/example_branch_labels.py took 0.030 seconds
[2025-07-18T13:04:46.258+0000] {processor.py:161} INFO - Started process (PID=817) to work on /home/airflow/.local/lib/python3.8/site-packages/airflow/example_dags/example_branch_labels.py
[2025-07-18T13:04:46.258+0000] {processor.py:830} INFO - Processing file /home/airflow/.local/lib/python3.8/site-packages/airflow/example_dags/example_branch_labels.py for tasks to queue
[2025-07-18T13:04:46.259+0000] {logging_mixin.py:188} INFO - [2025-07-18T13:04:46.259+0000] {dagbag.py:538} INFO - Filling up the DagBag from /home/airflow/.local/lib/python3.8/site-packages/airflow/example_dags/example_branch_labels.py
[2025-07-18T13:04:46.263+0000] {processor.py:840} INFO - DAG(s) 'example_branch_labels' retrieved from /home/airflow/.local/lib/python3.8/site-packages/airflow/example_dags/example_branch_labels.py
[2025-07-18T13:04:46.272+0000] {logging_mixin.py:188} INFO - [2025-07-18T13:04:46.272+0000] {dag.py:3036} INFO - Sync 1 DAGs
[2025-07-18T13:04:46.280+0000] {logging_mixin.py:188} INFO - [2025-07-18T13:04:46.280+0000] {dag.py:3823} INFO - Setting next_dagrun for example_branch_labels to 2025-07-17 00:00:00+00:00, run_after=2025-07-18 00:00:00+00:00
[2025-07-18T13:04:46.288+0000] {processor.py:183} INFO - Processing /home/airflow/.local/lib/python3.8/site-packages/airflow/example_dags/example_branch_labels.py took 0.032 seconds
[2025-07-18T13:05:16.966+0000] {processor.py:161} INFO - Started process (PID=890) to work on /home/airflow/.local/lib/python3.8/site-packages/airflow/example_dags/example_branch_labels.py
[2025-07-18T13:05:16.967+0000] {processor.py:830} INFO - Processing file /home/airflow/.local/lib/python3.8/site-packages/airflow/example_dags/example_branch_labels.py for tasks to queue
[2025-07-18T13:05:16.968+0000] {logging_mixin.py:188} INFO - [2025-07-18T13:05:16.967+0000] {dagbag.py:538} INFO - Filling up the DagBag from /home/airflow/.local/lib/python3.8/site-packages/airflow/example_dags/example_branch_labels.py
[2025-07-18T13:05:16.971+0000] {processor.py:840} INFO - DAG(s) 'example_branch_labels' retrieved from /home/airflow/.local/lib/python3.8/site-packages/airflow/example_dags/example_branch_labels.py
[2025-07-18T13:05:16.979+0000] {logging_mixin.py:188} INFO - [2025-07-18T13:05:16.979+0000] {dag.py:3036} INFO - Sync 1 DAGs
[2025-07-18T13:05:16.988+0000] {logging_mixin.py:188} INFO - [2025-07-18T13:05:16.988+0000] {dag.py:3823} INFO - Setting next_dagrun for example_branch_labels to 2025-07-17 00:00:00+00:00, run_after=2025-07-18 00:00:00+00:00
[2025-07-18T13:05:16.998+0000] {processor.py:183} INFO - Processing /home/airflow/.local/lib/python3.8/site-packages/airflow/example_dags/example_branch_labels.py took 0.033 seconds
[2025-07-18T13:05:47.720+0000] {processor.py:161} INFO - Started process (PID=963) to work on /home/airflow/.local/lib/python3.8/site-packages/airflow/example_dags/example_branch_labels.py
[2025-07-18T13:05:47.722+0000] {processor.py:830} INFO - Processing file /home/airflow/.local/lib/python3.8/site-packages/airflow/example_dags/example_branch_labels.py for tasks to queue
[2025-07-18T13:05:47.723+0000] {logging_mixin.py:188} INFO - [2025-07-18T13:05:47.722+0000] {dagbag.py:538} INFO - Filling up the DagBag from /home/airflow/.local/lib/python3.8/site-packages/airflow/example_dags/example_branch_labels.py
[2025-07-18T13:05:47.726+0000] {processor.py:840} INFO - DAG(s) 'example_branch_labels' retrieved from /home/airflow/.local/lib/python3.8/site-packages/airflow/example_dags/example_branch_labels.py
[2025-07-18T13:05:47.735+0000] {logging_mixin.py:188} INFO - [2025-07-18T13:05:47.735+0000] {dag.py:3036} INFO - Sync 1 DAGs
[2025-07-18T13:05:47.744+0000] {logging_mixin.py:188} INFO - [2025-07-18T13:05:47.744+0000] {dag.py:3823} INFO - Setting next_dagrun for example_branch_labels to 2025-07-17 00:00:00+00:00, run_after=2025-07-18 00:00:00+00:00
[2025-07-18T13:05:47.752+0000] {processor.py:183} INFO - Processing /home/airflow/.local/lib/python3.8/site-packages/airflow/example_dags/example_branch_labels.py took 0.034 seconds
[2025-07-18T13:06:18.647+0000] {processor.py:161} INFO - Started process (PID=1036) to work on /home/airflow/.local/lib/python3.8/site-packages/airflow/example_dags/example_branch_labels.py
[2025-07-18T13:06:18.648+0000] {processor.py:830} INFO - Processing file /home/airflow/.local/lib/python3.8/site-packages/airflow/example_dags/example_branch_labels.py for tasks to queue
[2025-07-18T13:06:18.649+0000] {logging_mixin.py:188} INFO - [2025-07-18T13:06:18.649+0000] {dagbag.py:538} INFO - Filling up the DagBag from /home/airflow/.local/lib/python3.8/site-packages/airflow/example_dags/example_branch_labels.py
[2025-07-18T13:06:18.652+0000] {processor.py:840} INFO - DAG(s) 'example_branch_labels' retrieved from /home/airflow/.local/lib/python3.8/site-packages/airflow/example_dags/example_branch_labels.py
[2025-07-18T13:06:18.661+0000] {logging_mixin.py:188} INFO - [2025-07-18T13:06:18.660+0000] {dag.py:3036} INFO - Sync 1 DAGs
[2025-07-18T13:06:18.669+0000] {logging_mixin.py:188} INFO - [2025-07-18T13:06:18.669+0000] {dag.py:3823} INFO - Setting next_dagrun for example_branch_labels to 2025-07-17 00:00:00+00:00, run_after=2025-07-18 00:00:00+00:00
[2025-07-18T13:06:18.678+0000] {processor.py:183} INFO - Processing /home/airflow/.local/lib/python3.8/site-packages/airflow/example_dags/example_branch_labels.py took 0.033 seconds
[2025-07-18T13:06:48.877+0000] {processor.py:161} INFO - Started process (PID=1108) to work on /home/airflow/.local/lib/python3.8/site-packages/airflow/example_dags/example_branch_labels.py
[2025-07-18T13:06:48.877+0000] {processor.py:830} INFO - Processing file /home/airflow/.local/lib/python3.8/site-packages/airflow/example_dags/example_branch_labels.py for tasks to queue
[2025-07-18T13:06:48.878+0000] {logging_mixin.py:188} INFO - [2025-07-18T13:06:48.878+0000] {dagbag.py:538} INFO - Filling up the DagBag from /home/airflow/.local/lib/python3.8/site-packages/airflow/example_dags/example_branch_labels.py
[2025-07-18T13:06:48.881+0000] {processor.py:840} INFO - DAG(s) 'example_branch_labels' retrieved from /home/airflow/.local/lib/python3.8/site-packages/airflow/example_dags/example_branch_labels.py
[2025-07-18T13:06:48.894+0000] {logging_mixin.py:188} INFO - [2025-07-18T13:06:48.894+0000] {dag.py:3036} INFO - Sync 1 DAGs
[2025-07-18T13:06:48.903+0000] {logging_mixin.py:188} INFO - [2025-07-18T13:06:48.903+0000] {dag.py:3823} INFO - Setting next_dagrun for example_branch_labels to 2025-07-17 00:00:00+00:00, run_after=2025-07-18 00:00:00+00:00
[2025-07-18T13:06:48.915+0000] {processor.py:183} INFO - Processing /home/airflow/.local/lib/python3.8/site-packages/airflow/example_dags/example_branch_labels.py took 0.039 seconds
[2025-07-18T13:07:19.693+0000] {processor.py:161} INFO - Started process (PID=1181) to work on /home/airflow/.local/lib/python3.8/site-packages/airflow/example_dags/example_branch_labels.py
[2025-07-18T13:07:19.694+0000] {processor.py:830} INFO - Processing file /home/airflow/.local/lib/python3.8/site-packages/airflow/example_dags/example_branch_labels.py for tasks to queue
[2025-07-18T13:07:19.694+0000] {logging_mixin.py:188} INFO - [2025-07-18T13:07:19.694+0000] {dagbag.py:538} INFO - Filling up the DagBag from /home/airflow/.local/lib/python3.8/site-packages/airflow/example_dags/example_branch_labels.py
[2025-07-18T13:07:19.697+0000] {processor.py:840} INFO - DAG(s) 'example_branch_labels' retrieved from /home/airflow/.local/lib/python3.8/site-packages/airflow/example_dags/example_branch_labels.py
[2025-07-18T13:07:19.712+0000] {logging_mixin.py:188} INFO - [2025-07-18T13:07:19.712+0000] {dag.py:3036} INFO - Sync 1 DAGs
[2025-07-18T13:07:19.720+0000] {logging_mixin.py:188} INFO - [2025-07-18T13:07:19.719+0000] {dag.py:3823} INFO - Setting next_dagrun for example_branch_labels to 2025-07-17 00:00:00+00:00, run_after=2025-07-18 00:00:00+00:00
[2025-07-18T13:07:19.725+0000] {processor.py:183} INFO - Processing /home/airflow/.local/lib/python3.8/site-packages/airflow/example_dags/example_branch_labels.py took 0.034 seconds
[2025-07-18T13:07:50.585+0000] {processor.py:161} INFO - Started process (PID=1254) to work on /home/airflow/.local/lib/python3.8/site-packages/airflow/example_dags/example_branch_labels.py
[2025-07-18T13:07:50.586+0000] {processor.py:830} INFO - Processing file /home/airflow/.local/lib/python3.8/site-packages/airflow/example_dags/example_branch_labels.py for tasks to queue
[2025-07-18T13:07:50.587+0000] {logging_mixin.py:188} INFO - [2025-07-18T13:07:50.586+0000] {dagbag.py:538} INFO - Filling up the DagBag from /home/airflow/.local/lib/python3.8/site-packages/airflow/example_dags/example_branch_labels.py
[2025-07-18T13:07:50.590+0000] {processor.py:840} INFO - DAG(s) 'example_branch_labels' retrieved from /home/airflow/.local/lib/python3.8/site-packages/airflow/example_dags/example_branch_labels.py
[2025-07-18T13:07:50.600+0000] {logging_mixin.py:188} INFO - [2025-07-18T13:07:50.600+0000] {dag.py:3036} INFO - Sync 1 DAGs
[2025-07-18T13:07:50.609+0000] {logging_mixin.py:188} INFO - [2025-07-18T13:07:50.609+0000] {dag.py:3823} INFO - Setting next_dagrun for example_branch_labels to 2025-07-17 00:00:00+00:00, run_after=2025-07-18 00:00:00+00:00
[2025-07-18T13:07:50.616+0000] {processor.py:183} INFO - Processing /home/airflow/.local/lib/python3.8/site-packages/airflow/example_dags/example_branch_labels.py took 0.033 seconds
[2025-07-18T13:08:21.273+0000] {processor.py:161} INFO - Started process (PID=1327) to work on /home/airflow/.local/lib/python3.8/site-packages/airflow/example_dags/example_branch_labels.py
[2025-07-18T13:08:21.274+0000] {processor.py:830} INFO - Processing file /home/airflow/.local/lib/python3.8/site-packages/airflow/example_dags/example_branch_labels.py for tasks to queue
[2025-07-18T13:08:21.274+0000] {logging_mixin.py:188} INFO - [2025-07-18T13:08:21.274+0000] {dagbag.py:538} INFO - Filling up the DagBag from /home/airflow/.local/lib/python3.8/site-packages/airflow/example_dags/example_branch_labels.py
[2025-07-18T13:08:21.277+0000] {processor.py:840} INFO - DAG(s) 'example_branch_labels' retrieved from /home/airflow/.local/lib/python3.8/site-packages/airflow/example_dags/example_branch_labels.py
[2025-07-18T13:08:21.286+0000] {logging_mixin.py:188} INFO - [2025-07-18T13:08:21.286+0000] {dag.py:3036} INFO - Sync 1 DAGs
[2025-07-18T13:08:21.294+0000] {logging_mixin.py:188} INFO - [2025-07-18T13:08:21.294+0000] {dag.py:3823} INFO - Setting next_dagrun for example_branch_labels to 2025-07-17 00:00:00+00:00, run_after=2025-07-18 00:00:00+00:00
[2025-07-18T13:08:21.302+0000] {processor.py:183} INFO - Processing /home/airflow/.local/lib/python3.8/site-packages/airflow/example_dags/example_branch_labels.py took 0.030 seconds
[2025-07-18T13:08:51.932+0000] {processor.py:161} INFO - Started process (PID=1400) to work on /home/airflow/.local/lib/python3.8/site-packages/airflow/example_dags/example_branch_labels.py
[2025-07-18T13:08:51.933+0000] {processor.py:830} INFO - Processing file /home/airflow/.local/lib/python3.8/site-packages/airflow/example_dags/example_branch_labels.py for tasks to queue
[2025-07-18T13:08:51.934+0000] {logging_mixin.py:188} INFO - [2025-07-18T13:08:51.933+0000] {dagbag.py:538} INFO - Filling up the DagBag from /home/airflow/.local/lib/python3.8/site-packages/airflow/example_dags/example_branch_labels.py
[2025-07-18T13:08:51.937+0000] {processor.py:840} INFO - DAG(s) 'example_branch_labels' retrieved from /home/airflow/.local/lib/python3.8/site-packages/airflow/example_dags/example_branch_labels.py
[2025-07-18T13:08:51.944+0000] {logging_mixin.py:188} INFO - [2025-07-18T13:08:51.944+0000] {dag.py:3036} INFO - Sync 1 DAGs
[2025-07-18T13:08:51.953+0000] {logging_mixin.py:188} INFO - [2025-07-18T13:08:51.952+0000] {dag.py:3823} INFO - Setting next_dagrun for example_branch_labels to 2025-07-17 00:00:00+00:00, run_after=2025-07-18 00:00:00+00:00
[2025-07-18T13:08:51.961+0000] {processor.py:183} INFO - Processing /home/airflow/.local/lib/python3.8/site-packages/airflow/example_dags/example_branch_labels.py took 0.031 seconds
[2025-07-18T13:09:22.501+0000] {processor.py:161} INFO - Started process (PID=1473) to work on /home/airflow/.local/lib/python3.8/site-packages/airflow/example_dags/example_branch_labels.py
[2025-07-18T13:09:22.501+0000] {processor.py:830} INFO - Processing file /home/airflow/.local/lib/python3.8/site-packages/airflow/example_dags/example_branch_labels.py for tasks to queue
[2025-07-18T13:09:22.502+0000] {logging_mixin.py:188} INFO - [2025-07-18T13:09:22.502+0000] {dagbag.py:538} INFO - Filling up the DagBag from /home/airflow/.local/lib/python3.8/site-packages/airflow/example_dags/example_branch_labels.py
[2025-07-18T13:09:22.505+0000] {processor.py:840} INFO - DAG(s) 'example_branch_labels' retrieved from /home/airflow/.local/lib/python3.8/site-packages/airflow/example_dags/example_branch_labels.py
[2025-07-18T13:09:22.513+0000] {logging_mixin.py:188} INFO - [2025-07-18T13:09:22.513+0000] {dag.py:3036} INFO - Sync 1 DAGs
[2025-07-18T13:09:22.522+0000] {logging_mixin.py:188} INFO - [2025-07-18T13:09:22.522+0000] {dag.py:3823} INFO - Setting next_dagrun for example_branch_labels to 2025-07-17 00:00:00+00:00, run_after=2025-07-18 00:00:00+00:00
[2025-07-18T13:09:22.532+0000] {processor.py:183} INFO - Processing /home/airflow/.local/lib/python3.8/site-packages/airflow/example_dags/example_branch_labels.py took 0.033 seconds
[2025-07-18T13:09:53.142+0000] {processor.py:161} INFO - Started process (PID=1546) to work on /home/airflow/.local/lib/python3.8/site-packages/airflow/example_dags/example_branch_labels.py
[2025-07-18T13:09:53.143+0000] {processor.py:830} INFO - Processing file /home/airflow/.local/lib/python3.8/site-packages/airflow/example_dags/example_branch_labels.py for tasks to queue
[2025-07-18T13:09:53.144+0000] {logging_mixin.py:188} INFO - [2025-07-18T13:09:53.144+0000] {dagbag.py:538} INFO - Filling up the DagBag from /home/airflow/.local/lib/python3.8/site-packages/airflow/example_dags/example_branch_labels.py
[2025-07-18T13:09:53.147+0000] {processor.py:840} INFO - DAG(s) 'example_branch_labels' retrieved from /home/airflow/.local/lib/python3.8/site-packages/airflow/example_dags/example_branch_labels.py
[2025-07-18T13:09:53.156+0000] {logging_mixin.py:188} INFO - [2025-07-18T13:09:53.156+0000] {dag.py:3036} INFO - Sync 1 DAGs
[2025-07-18T13:09:53.167+0000] {logging_mixin.py:188} INFO - [2025-07-18T13:09:53.167+0000] {dag.py:3823} INFO - Setting next_dagrun for example_branch_labels to 2025-07-17 00:00:00+00:00, run_after=2025-07-18 00:00:00+00:00
[2025-07-18T13:09:53.176+0000] {processor.py:183} INFO - Processing /home/airflow/.local/lib/python3.8/site-packages/airflow/example_dags/example_branch_labels.py took 0.037 seconds
[2025-07-18T13:10:23.905+0000] {processor.py:161} INFO - Started process (PID=1619) to work on /home/airflow/.local/lib/python3.8/site-packages/airflow/example_dags/example_branch_labels.py
[2025-07-18T13:10:23.905+0000] {processor.py:830} INFO - Processing file /home/airflow/.local/lib/python3.8/site-packages/airflow/example_dags/example_branch_labels.py for tasks to queue
[2025-07-18T13:10:23.906+0000] {logging_mixin.py:188} INFO - [2025-07-18T13:10:23.905+0000] {dagbag.py:538} INFO - Filling up the DagBag from /home/airflow/.local/lib/python3.8/site-packages/airflow/example_dags/example_branch_labels.py
[2025-07-18T13:10:23.908+0000] {processor.py:840} INFO - DAG(s) 'example_branch_labels' retrieved from /home/airflow/.local/lib/python3.8/site-packages/airflow/example_dags/example_branch_labels.py
[2025-07-18T13:10:23.918+0000] {logging_mixin.py:188} INFO - [2025-07-18T13:10:23.918+0000] {dag.py:3036} INFO - Sync 1 DAGs
[2025-07-18T13:10:23.928+0000] {logging_mixin.py:188} INFO - [2025-07-18T13:10:23.928+0000] {dag.py:3823} INFO - Setting next_dagrun for example_branch_labels to 2025-07-17 00:00:00+00:00, run_after=2025-07-18 00:00:00+00:00
[2025-07-18T13:10:23.935+0000] {processor.py:183} INFO - Processing /home/airflow/.local/lib/python3.8/site-packages/airflow/example_dags/example_branch_labels.py took 0.032 seconds
[2025-07-18T13:10:54.814+0000] {processor.py:161} INFO - Started process (PID=1692) to work on /home/airflow/.local/lib/python3.8/site-packages/airflow/example_dags/example_branch_labels.py
[2025-07-18T13:10:54.814+0000] {processor.py:830} INFO - Processing file /home/airflow/.local/lib/python3.8/site-packages/airflow/example_dags/example_branch_labels.py for tasks to queue
[2025-07-18T13:10:54.815+0000] {logging_mixin.py:188} INFO - [2025-07-18T13:10:54.815+0000] {dagbag.py:538} INFO - Filling up the DagBag from /home/airflow/.local/lib/python3.8/site-packages/airflow/example_dags/example_branch_labels.py
[2025-07-18T13:10:54.818+0000] {processor.py:840} INFO - DAG(s) 'example_branch_labels' retrieved from /home/airflow/.local/lib/python3.8/site-packages/airflow/example_dags/example_branch_labels.py
[2025-07-18T13:10:54.829+0000] {logging_mixin.py:188} INFO - [2025-07-18T13:10:54.829+0000] {dag.py:3036} INFO - Sync 1 DAGs
[2025-07-18T13:10:54.838+0000] {logging_mixin.py:188} INFO - [2025-07-18T13:10:54.838+0000] {dag.py:3823} INFO - Setting next_dagrun for example_branch_labels to 2025-07-17 00:00:00+00:00, run_after=2025-07-18 00:00:00+00:00
[2025-07-18T13:10:54.845+0000] {processor.py:183} INFO - Processing /home/airflow/.local/lib/python3.8/site-packages/airflow/example_dags/example_branch_labels.py took 0.033 seconds
[2025-07-18T13:11:25.639+0000] {processor.py:161} INFO - Started process (PID=1765) to work on /home/airflow/.local/lib/python3.8/site-packages/airflow/example_dags/example_branch_labels.py
[2025-07-18T13:11:25.642+0000] {processor.py:830} INFO - Processing file /home/airflow/.local/lib/python3.8/site-packages/airflow/example_dags/example_branch_labels.py for tasks to queue
[2025-07-18T13:11:25.643+0000] {logging_mixin.py:188} INFO - [2025-07-18T13:11:25.643+0000] {dagbag.py:538} INFO - Filling up the DagBag from /home/airflow/.local/lib/python3.8/site-packages/airflow/example_dags/example_branch_labels.py
[2025-07-18T13:11:25.646+0000] {processor.py:840} INFO - DAG(s) 'example_branch_labels' retrieved from /home/airflow/.local/lib/python3.8/site-packages/airflow/example_dags/example_branch_labels.py
[2025-07-18T13:11:25.660+0000] {logging_mixin.py:188} INFO - [2025-07-18T13:11:25.660+0000] {dag.py:3036} INFO - Sync 1 DAGs
[2025-07-18T13:11:25.668+0000] {logging_mixin.py:188} INFO - [2025-07-18T13:11:25.668+0000] {dag.py:3823} INFO - Setting next_dagrun for example_branch_labels to 2025-07-17 00:00:00+00:00, run_after=2025-07-18 00:00:00+00:00
[2025-07-18T13:11:25.675+0000] {processor.py:183} INFO - Processing /home/airflow/.local/lib/python3.8/site-packages/airflow/example_dags/example_branch_labels.py took 0.038 seconds
[2025-07-18T13:11:56.675+0000] {processor.py:161} INFO - Started process (PID=1838) to work on /home/airflow/.local/lib/python3.8/site-packages/airflow/example_dags/example_branch_labels.py
[2025-07-18T13:11:56.676+0000] {processor.py:830} INFO - Processing file /home/airflow/.local/lib/python3.8/site-packages/airflow/example_dags/example_branch_labels.py for tasks to queue
[2025-07-18T13:11:56.677+0000] {logging_mixin.py:188} INFO - [2025-07-18T13:11:56.677+0000] {dagbag.py:538} INFO - Filling up the DagBag from /home/airflow/.local/lib/python3.8/site-packages/airflow/example_dags/example_branch_labels.py
[2025-07-18T13:11:56.680+0000] {processor.py:840} INFO - DAG(s) 'example_branch_labels' retrieved from /home/airflow/.local/lib/python3.8/site-packages/airflow/example_dags/example_branch_labels.py
[2025-07-18T13:11:56.689+0000] {logging_mixin.py:188} INFO - [2025-07-18T13:11:56.689+0000] {dag.py:3036} INFO - Sync 1 DAGs
[2025-07-18T13:11:56.765+0000] {logging_mixin.py:188} INFO - [2025-07-18T13:11:56.765+0000] {dag.py:3823} INFO - Setting next_dagrun for example_branch_labels to 2025-07-17 00:00:00+00:00, run_after=2025-07-18 00:00:00+00:00
[2025-07-18T13:11:56.774+0000] {processor.py:183} INFO - Processing /home/airflow/.local/lib/python3.8/site-packages/airflow/example_dags/example_branch_labels.py took 0.100 seconds
[2025-07-18T13:12:27.951+0000] {processor.py:161} INFO - Started process (PID=1910) to work on /home/airflow/.local/lib/python3.8/site-packages/airflow/example_dags/example_branch_labels.py
[2025-07-18T13:12:27.951+0000] {processor.py:830} INFO - Processing file /home/airflow/.local/lib/python3.8/site-packages/airflow/example_dags/example_branch_labels.py for tasks to queue
[2025-07-18T13:12:27.952+0000] {logging_mixin.py:188} INFO - [2025-07-18T13:12:27.952+0000] {dagbag.py:538} INFO - Filling up the DagBag from /home/airflow/.local/lib/python3.8/site-packages/airflow/example_dags/example_branch_labels.py
[2025-07-18T13:12:27.955+0000] {processor.py:840} INFO - DAG(s) 'example_branch_labels' retrieved from /home/airflow/.local/lib/python3.8/site-packages/airflow/example_dags/example_branch_labels.py
[2025-07-18T13:12:27.964+0000] {logging_mixin.py:188} INFO - [2025-07-18T13:12:27.963+0000] {dag.py:3036} INFO - Sync 1 DAGs
[2025-07-18T13:12:28.036+0000] {logging_mixin.py:188} INFO - [2025-07-18T13:12:28.036+0000] {dag.py:3823} INFO - Setting next_dagrun for example_branch_labels to 2025-07-17 00:00:00+00:00, run_after=2025-07-18 00:00:00+00:00
[2025-07-18T13:12:28.048+0000] {processor.py:183} INFO - Processing /home/airflow/.local/lib/python3.8/site-packages/airflow/example_dags/example_branch_labels.py took 0.098 seconds
[2025-07-18T13:12:58.485+0000] {processor.py:161} INFO - Started process (PID=1983) to work on /home/airflow/.local/lib/python3.8/site-packages/airflow/example_dags/example_branch_labels.py
[2025-07-18T13:12:58.486+0000] {processor.py:830} INFO - Processing file /home/airflow/.local/lib/python3.8/site-packages/airflow/example_dags/example_branch_labels.py for tasks to queue
[2025-07-18T13:12:58.486+0000] {logging_mixin.py:188} INFO - [2025-07-18T13:12:58.486+0000] {dagbag.py:538} INFO - Filling up the DagBag from /home/airflow/.local/lib/python3.8/site-packages/airflow/example_dags/example_branch_labels.py
[2025-07-18T13:12:58.489+0000] {processor.py:840} INFO - DAG(s) 'example_branch_labels' retrieved from /home/airflow/.local/lib/python3.8/site-packages/airflow/example_dags/example_branch_labels.py
[2025-07-18T13:12:58.497+0000] {logging_mixin.py:188} INFO - [2025-07-18T13:12:58.497+0000] {dag.py:3036} INFO - Sync 1 DAGs
[2025-07-18T13:12:58.575+0000] {logging_mixin.py:188} INFO - [2025-07-18T13:12:58.575+0000] {dag.py:3823} INFO - Setting next_dagrun for example_branch_labels to 2025-07-17 00:00:00+00:00, run_after=2025-07-18 00:00:00+00:00
[2025-07-18T13:12:58.584+0000] {processor.py:183} INFO - Processing /home/airflow/.local/lib/python3.8/site-packages/airflow/example_dags/example_branch_labels.py took 0.100 seconds
[2025-07-18T13:13:29.167+0000] {processor.py:161} INFO - Started process (PID=2056) to work on /home/airflow/.local/lib/python3.8/site-packages/airflow/example_dags/example_branch_labels.py
[2025-07-18T13:13:29.168+0000] {processor.py:830} INFO - Processing file /home/airflow/.local/lib/python3.8/site-packages/airflow/example_dags/example_branch_labels.py for tasks to queue
[2025-07-18T13:13:29.168+0000] {logging_mixin.py:188} INFO - [2025-07-18T13:13:29.168+0000] {dagbag.py:538} INFO - Filling up the DagBag from /home/airflow/.local/lib/python3.8/site-packages/airflow/example_dags/example_branch_labels.py
[2025-07-18T13:13:29.171+0000] {processor.py:840} INFO - DAG(s) 'example_branch_labels' retrieved from /home/airflow/.local/lib/python3.8/site-packages/airflow/example_dags/example_branch_labels.py
[2025-07-18T13:13:29.179+0000] {logging_mixin.py:188} INFO - [2025-07-18T13:13:29.178+0000] {dag.py:3036} INFO - Sync 1 DAGs
[2025-07-18T13:13:29.241+0000] {logging_mixin.py:188} INFO - [2025-07-18T13:13:29.241+0000] {dag.py:3823} INFO - Setting next_dagrun for example_branch_labels to 2025-07-17 00:00:00+00:00, run_after=2025-07-18 00:00:00+00:00
[2025-07-18T13:13:29.246+0000] {processor.py:183} INFO - Processing /home/airflow/.local/lib/python3.8/site-packages/airflow/example_dags/example_branch_labels.py took 0.081 seconds
[2025-07-18T13:13:59.680+0000] {processor.py:161} INFO - Started process (PID=2129) to work on /home/airflow/.local/lib/python3.8/site-packages/airflow/example_dags/example_branch_labels.py
[2025-07-18T13:13:59.681+0000] {processor.py:830} INFO - Processing file /home/airflow/.local/lib/python3.8/site-packages/airflow/example_dags/example_branch_labels.py for tasks to queue
[2025-07-18T13:13:59.682+0000] {logging_mixin.py:188} INFO - [2025-07-18T13:13:59.681+0000] {dagbag.py:538} INFO - Filling up the DagBag from /home/airflow/.local/lib/python3.8/site-packages/airflow/example_dags/example_branch_labels.py
[2025-07-18T13:13:59.685+0000] {processor.py:840} INFO - DAG(s) 'example_branch_labels' retrieved from /home/airflow/.local/lib/python3.8/site-packages/airflow/example_dags/example_branch_labels.py
[2025-07-18T13:13:59.693+0000] {logging_mixin.py:188} INFO - [2025-07-18T13:13:59.693+0000] {dag.py:3036} INFO - Sync 1 DAGs
[2025-07-18T13:13:59.765+0000] {logging_mixin.py:188} INFO - [2025-07-18T13:13:59.765+0000] {dag.py:3823} INFO - Setting next_dagrun for example_branch_labels to 2025-07-17 00:00:00+00:00, run_after=2025-07-18 00:00:00+00:00
[2025-07-18T13:13:59.772+0000] {processor.py:183} INFO - Processing /home/airflow/.local/lib/python3.8/site-packages/airflow/example_dags/example_branch_labels.py took 0.093 seconds
[2025-07-18T13:14:29.858+0000] {processor.py:161} INFO - Started process (PID=2202) to work on /home/airflow/.local/lib/python3.8/site-packages/airflow/example_dags/example_branch_labels.py
[2025-07-18T13:14:29.858+0000] {processor.py:830} INFO - Processing file /home/airflow/.local/lib/python3.8/site-packages/airflow/example_dags/example_branch_labels.py for tasks to queue
[2025-07-18T13:14:29.859+0000] {logging_mixin.py:188} INFO - [2025-07-18T13:14:29.859+0000] {dagbag.py:538} INFO - Filling up the DagBag from /home/airflow/.local/lib/python3.8/site-packages/airflow/example_dags/example_branch_labels.py
[2025-07-18T13:14:29.861+0000] {processor.py:840} INFO - DAG(s) 'example_branch_labels' retrieved from /home/airflow/.local/lib/python3.8/site-packages/airflow/example_dags/example_branch_labels.py
[2025-07-18T13:14:29.869+0000] {logging_mixin.py:188} INFO - [2025-07-18T13:14:29.869+0000] {dag.py:3036} INFO - Sync 1 DAGs
[2025-07-18T13:14:29.876+0000] {logging_mixin.py:188} INFO - [2025-07-18T13:14:29.876+0000] {dag.py:3823} INFO - Setting next_dagrun for example_branch_labels to 2025-07-17 00:00:00+00:00, run_after=2025-07-18 00:00:00+00:00
[2025-07-18T13:14:29.881+0000] {processor.py:183} INFO - Processing /home/airflow/.local/lib/python3.8/site-packages/airflow/example_dags/example_branch_labels.py took 0.024 seconds
[2025-07-18T13:15:00.501+0000] {processor.py:161} INFO - Started process (PID=2275) to work on /home/airflow/.local/lib/python3.8/site-packages/airflow/example_dags/example_branch_labels.py
[2025-07-18T13:15:00.502+0000] {processor.py:830} INFO - Processing file /home/airflow/.local/lib/python3.8/site-packages/airflow/example_dags/example_branch_labels.py for tasks to queue
[2025-07-18T13:15:00.503+0000] {logging_mixin.py:188} INFO - [2025-07-18T13:15:00.503+0000] {dagbag.py:538} INFO - Filling up the DagBag from /home/airflow/.local/lib/python3.8/site-packages/airflow/example_dags/example_branch_labels.py
[2025-07-18T13:15:00.506+0000] {processor.py:840} INFO - DAG(s) 'example_branch_labels' retrieved from /home/airflow/.local/lib/python3.8/site-packages/airflow/example_dags/example_branch_labels.py
[2025-07-18T13:15:00.517+0000] {logging_mixin.py:188} INFO - [2025-07-18T13:15:00.517+0000] {dag.py:3036} INFO - Sync 1 DAGs
[2025-07-18T13:15:00.525+0000] {logging_mixin.py:188} INFO - [2025-07-18T13:15:00.525+0000] {dag.py:3823} INFO - Setting next_dagrun for example_branch_labels to 2025-07-17 00:00:00+00:00, run_after=2025-07-18 00:00:00+00:00
[2025-07-18T13:15:00.533+0000] {processor.py:183} INFO - Processing /home/airflow/.local/lib/python3.8/site-packages/airflow/example_dags/example_branch_labels.py took 0.033 seconds
[2025-07-18T13:15:31.042+0000] {processor.py:161} INFO - Started process (PID=2348) to work on /home/airflow/.local/lib/python3.8/site-packages/airflow/example_dags/example_branch_labels.py
[2025-07-18T13:15:31.042+0000] {processor.py:830} INFO - Processing file /home/airflow/.local/lib/python3.8/site-packages/airflow/example_dags/example_branch_labels.py for tasks to queue
[2025-07-18T13:15:31.044+0000] {logging_mixin.py:188} INFO - [2025-07-18T13:15:31.044+0000] {dagbag.py:538} INFO - Filling up the DagBag from /home/airflow/.local/lib/python3.8/site-packages/airflow/example_dags/example_branch_labels.py
[2025-07-18T13:15:31.048+0000] {processor.py:840} INFO - DAG(s) 'example_branch_labels' retrieved from /home/airflow/.local/lib/python3.8/site-packages/airflow/example_dags/example_branch_labels.py
[2025-07-18T13:15:31.058+0000] {logging_mixin.py:188} INFO - [2025-07-18T13:15:31.058+0000] {dag.py:3036} INFO - Sync 1 DAGs
[2025-07-18T13:15:31.066+0000] {logging_mixin.py:188} INFO - [2025-07-18T13:15:31.065+0000] {dag.py:3823} INFO - Setting next_dagrun for example_branch_labels to 2025-07-17 00:00:00+00:00, run_after=2025-07-18 00:00:00+00:00
[2025-07-18T13:15:31.071+0000] {processor.py:183} INFO - Processing /home/airflow/.local/lib/python3.8/site-packages/airflow/example_dags/example_branch_labels.py took 0.031 seconds
[2025-07-18T13:16:01.676+0000] {processor.py:161} INFO - Started process (PID=2421) to work on /home/airflow/.local/lib/python3.8/site-packages/airflow/example_dags/example_branch_labels.py
[2025-07-18T13:16:01.677+0000] {processor.py:830} INFO - Processing file /home/airflow/.local/lib/python3.8/site-packages/airflow/example_dags/example_branch_labels.py for tasks to queue
[2025-07-18T13:16:01.677+0000] {logging_mixin.py:188} INFO - [2025-07-18T13:16:01.677+0000] {dagbag.py:538} INFO - Filling up the DagBag from /home/airflow/.local/lib/python3.8/site-packages/airflow/example_dags/example_branch_labels.py
[2025-07-18T13:16:01.681+0000] {processor.py:840} INFO - DAG(s) 'example_branch_labels' retrieved from /home/airflow/.local/lib/python3.8/site-packages/airflow/example_dags/example_branch_labels.py
[2025-07-18T13:16:01.691+0000] {logging_mixin.py:188} INFO - [2025-07-18T13:16:01.691+0000] {dag.py:3036} INFO - Sync 1 DAGs
[2025-07-18T13:16:01.700+0000] {logging_mixin.py:188} INFO - [2025-07-18T13:16:01.699+0000] {dag.py:3823} INFO - Setting next_dagrun for example_branch_labels to 2025-07-17 00:00:00+00:00, run_after=2025-07-18 00:00:00+00:00
[2025-07-18T13:16:01.706+0000] {processor.py:183} INFO - Processing /home/airflow/.local/lib/python3.8/site-packages/airflow/example_dags/example_branch_labels.py took 0.032 seconds
[2025-07-18T13:16:32.310+0000] {processor.py:161} INFO - Started process (PID=2494) to work on /home/airflow/.local/lib/python3.8/site-packages/airflow/example_dags/example_branch_labels.py
[2025-07-18T13:16:32.310+0000] {processor.py:830} INFO - Processing file /home/airflow/.local/lib/python3.8/site-packages/airflow/example_dags/example_branch_labels.py for tasks to queue
[2025-07-18T13:16:32.311+0000] {logging_mixin.py:188} INFO - [2025-07-18T13:16:32.311+0000] {dagbag.py:538} INFO - Filling up the DagBag from /home/airflow/.local/lib/python3.8/site-packages/airflow/example_dags/example_branch_labels.py
[2025-07-18T13:16:32.315+0000] {processor.py:840} INFO - DAG(s) 'example_branch_labels' retrieved from /home/airflow/.local/lib/python3.8/site-packages/airflow/example_dags/example_branch_labels.py
[2025-07-18T13:16:32.324+0000] {logging_mixin.py:188} INFO - [2025-07-18T13:16:32.324+0000] {dag.py:3036} INFO - Sync 1 DAGs
[2025-07-18T13:16:32.332+0000] {logging_mixin.py:188} INFO - [2025-07-18T13:16:32.332+0000] {dag.py:3823} INFO - Setting next_dagrun for example_branch_labels to 2025-07-17 00:00:00+00:00, run_after=2025-07-18 00:00:00+00:00
[2025-07-18T13:16:32.339+0000] {processor.py:183} INFO - Processing /home/airflow/.local/lib/python3.8/site-packages/airflow/example_dags/example_branch_labels.py took 0.030 seconds
[2025-07-18T13:17:02.905+0000] {processor.py:161} INFO - Started process (PID=2567) to work on /home/airflow/.local/lib/python3.8/site-packages/airflow/example_dags/example_branch_labels.py
[2025-07-18T13:17:02.907+0000] {processor.py:830} INFO - Processing file /home/airflow/.local/lib/python3.8/site-packages/airflow/example_dags/example_branch_labels.py for tasks to queue
[2025-07-18T13:17:02.909+0000] {logging_mixin.py:188} INFO - [2025-07-18T13:17:02.908+0000] {dagbag.py:538} INFO - Filling up the DagBag from /home/airflow/.local/lib/python3.8/site-packages/airflow/example_dags/example_branch_labels.py
[2025-07-18T13:17:02.914+0000] {processor.py:840} INFO - DAG(s) 'example_branch_labels' retrieved from /home/airflow/.local/lib/python3.8/site-packages/airflow/example_dags/example_branch_labels.py
[2025-07-18T13:17:02.922+0000] {logging_mixin.py:188} INFO - [2025-07-18T13:17:02.922+0000] {dag.py:3036} INFO - Sync 1 DAGs
[2025-07-18T13:17:02.930+0000] {logging_mixin.py:188} INFO - [2025-07-18T13:17:02.930+0000] {dag.py:3823} INFO - Setting next_dagrun for example_branch_labels to 2025-07-17 00:00:00+00:00, run_after=2025-07-18 00:00:00+00:00
[2025-07-18T13:17:02.938+0000] {processor.py:183} INFO - Processing /home/airflow/.local/lib/python3.8/site-packages/airflow/example_dags/example_branch_labels.py took 0.034 seconds
[2025-07-18T13:17:33.526+0000] {processor.py:161} INFO - Started process (PID=2640) to work on /home/airflow/.local/lib/python3.8/site-packages/airflow/example_dags/example_branch_labels.py
[2025-07-18T13:17:33.526+0000] {processor.py:830} INFO - Processing file /home/airflow/.local/lib/python3.8/site-packages/airflow/example_dags/example_branch_labels.py for tasks to queue
[2025-07-18T13:17:33.527+0000] {logging_mixin.py:188} INFO - [2025-07-18T13:17:33.527+0000] {dagbag.py:538} INFO - Filling up the DagBag from /home/airflow/.local/lib/python3.8/site-packages/airflow/example_dags/example_branch_labels.py
[2025-07-18T13:17:33.530+0000] {processor.py:840} INFO - DAG(s) 'example_branch_labels' retrieved from /home/airflow/.local/lib/python3.8/site-packages/airflow/example_dags/example_branch_labels.py
[2025-07-18T13:17:33.540+0000] {logging_mixin.py:188} INFO - [2025-07-18T13:17:33.540+0000] {dag.py:3036} INFO - Sync 1 DAGs
[2025-07-18T13:17:33.548+0000] {logging_mixin.py:188} INFO - [2025-07-18T13:17:33.548+0000] {dag.py:3823} INFO - Setting next_dagrun for example_branch_labels to 2025-07-17 00:00:00+00:00, run_after=2025-07-18 00:00:00+00:00
[2025-07-18T13:17:33.557+0000] {processor.py:183} INFO - Processing /home/airflow/.local/lib/python3.8/site-packages/airflow/example_dags/example_branch_labels.py took 0.032 seconds
[2025-07-18T13:18:35.720+0000] {processor.py:161} INFO - Started process (PID=2785) to work on /home/airflow/.local/lib/python3.8/site-packages/airflow/example_dags/example_branch_labels.py
[2025-07-18T13:18:35.722+0000] {processor.py:830} INFO - Processing file /home/airflow/.local/lib/python3.8/site-packages/airflow/example_dags/example_branch_labels.py for tasks to queue
[2025-07-18T13:18:35.726+0000] {logging_mixin.py:188} INFO - [2025-07-18T13:18:35.726+0000] {dagbag.py:538} INFO - Filling up the DagBag from /home/airflow/.local/lib/python3.8/site-packages/airflow/example_dags/example_branch_labels.py
[2025-07-18T13:18:35.740+0000] {processor.py:840} INFO - DAG(s) 'example_branch_labels' retrieved from /home/airflow/.local/lib/python3.8/site-packages/airflow/example_dags/example_branch_labels.py
[2025-07-18T13:18:35.761+0000] {logging_mixin.py:188} INFO - [2025-07-18T13:18:35.760+0000] {dag.py:3036} INFO - Sync 1 DAGs
[2025-07-18T13:18:35.768+0000] {logging_mixin.py:188} INFO - [2025-07-18T13:18:35.768+0000] {dag.py:3823} INFO - Setting next_dagrun for example_branch_labels to 2025-07-17 00:00:00+00:00, run_after=2025-07-18 00:00:00+00:00
[2025-07-18T13:18:35.775+0000] {processor.py:183} INFO - Processing /home/airflow/.local/lib/python3.8/site-packages/airflow/example_dags/example_branch_labels.py took 0.059 seconds
