[2025-07-18T12:59:38.629+0000] {processor.py:161} INFO - Started process (PID=76) to work on /home/airflow/.local/lib/python3.8/site-packages/airflow/example_dags/example_python_decorator.py
[2025-07-18T12:59:38.629+0000] {processor.py:830} INFO - Processing file /home/airflow/.local/lib/python3.8/site-packages/airflow/example_dags/example_python_decorator.py for tasks to queue
[2025-07-18T12:59:38.630+0000] {logging_mixin.py:188} INFO - [2025-07-18T12:59:38.630+0000] {dagbag.py:538} INFO - Filling up the DagBag from /home/airflow/.local/lib/python3.8/site-packages/airflow/example_dags/example_python_decorator.py
[2025-07-18T12:59:38.635+0000] {processor.py:840} INFO - DAG(s) 'example_python_decorator' retrieved from /home/airflow/.local/lib/python3.8/site-packages/airflow/example_dags/example_python_decorator.py
[2025-07-18T12:59:38.676+0000] {logging_mixin.py:188} INFO - [2025-07-18T12:59:38.676+0000] {dag.py:3036} INFO - Sync 1 DAGs
[2025-07-18T12:59:38.680+0000] {logging_mixin.py:188} INFO - [2025-07-18T12:59:38.680+0000] {dag.py:3823} INFO - Setting next_dagrun for example_python_decorator to None, run_after=None
[2025-07-18T12:59:38.688+0000] {processor.py:183} INFO - Processing /home/airflow/.local/lib/python3.8/site-packages/airflow/example_dags/example_python_decorator.py took 0.061 seconds
[2025-07-18T13:00:09.643+0000] {processor.py:161} INFO - Started process (PID=140) to work on /home/airflow/.local/lib/python3.8/site-packages/airflow/example_dags/example_python_decorator.py
[2025-07-18T13:00:09.643+0000] {processor.py:830} INFO - Processing file /home/airflow/.local/lib/python3.8/site-packages/airflow/example_dags/example_python_decorator.py for tasks to queue
[2025-07-18T13:00:09.644+0000] {logging_mixin.py:188} INFO - [2025-07-18T13:00:09.644+0000] {dagbag.py:538} INFO - Filling up the DagBag from /home/airflow/.local/lib/python3.8/site-packages/airflow/example_dags/example_python_decorator.py
[2025-07-18T13:00:09.650+0000] {processor.py:840} INFO - DAG(s) 'example_python_decorator' retrieved from /home/airflow/.local/lib/python3.8/site-packages/airflow/example_dags/example_python_decorator.py
[2025-07-18T13:00:09.659+0000] {logging_mixin.py:188} INFO - [2025-07-18T13:00:09.659+0000] {dag.py:3036} INFO - Sync 1 DAGs
[2025-07-18T13:00:09.664+0000] {logging_mixin.py:188} INFO - [2025-07-18T13:00:09.664+0000] {dag.py:3823} INFO - Setting next_dagrun for example_python_decorator to None, run_after=None
[2025-07-18T13:00:09.670+0000] {processor.py:183} INFO - Processing /home/airflow/.local/lib/python3.8/site-packages/airflow/example_dags/example_python_decorator.py took 0.029 seconds
[2025-07-18T13:00:39.915+0000] {processor.py:161} INFO - Started process (PID=211) to work on /home/airflow/.local/lib/python3.8/site-packages/airflow/example_dags/example_python_decorator.py
[2025-07-18T13:00:39.915+0000] {processor.py:830} INFO - Processing file /home/airflow/.local/lib/python3.8/site-packages/airflow/example_dags/example_python_decorator.py for tasks to queue
[2025-07-18T13:00:39.916+0000] {logging_mixin.py:188} INFO - [2025-07-18T13:00:39.916+0000] {dagbag.py:538} INFO - Filling up the DagBag from /home/airflow/.local/lib/python3.8/site-packages/airflow/example_dags/example_python_decorator.py
[2025-07-18T13:00:39.921+0000] {processor.py:840} INFO - DAG(s) 'example_python_decorator' retrieved from /home/airflow/.local/lib/python3.8/site-packages/airflow/example_dags/example_python_decorator.py
[2025-07-18T13:00:39.930+0000] {logging_mixin.py:188} INFO - [2025-07-18T13:00:39.930+0000] {dag.py:3036} INFO - Sync 1 DAGs
[2025-07-18T13:00:39.934+0000] {logging_mixin.py:188} INFO - [2025-07-18T13:00:39.934+0000] {dag.py:3823} INFO - Setting next_dagrun for example_python_decorator to None, run_after=None
[2025-07-18T13:00:39.945+0000] {processor.py:183} INFO - Processing /home/airflow/.local/lib/python3.8/site-packages/airflow/example_dags/example_python_decorator.py took 0.031 seconds
[2025-07-18T13:01:10.104+0000] {processor.py:161} INFO - Started process (PID=284) to work on /home/airflow/.local/lib/python3.8/site-packages/airflow/example_dags/example_python_decorator.py
[2025-07-18T13:01:10.104+0000] {processor.py:830} INFO - Processing file /home/airflow/.local/lib/python3.8/site-packages/airflow/example_dags/example_python_decorator.py for tasks to queue
[2025-07-18T13:01:10.105+0000] {logging_mixin.py:188} INFO - [2025-07-18T13:01:10.105+0000] {dagbag.py:538} INFO - Filling up the DagBag from /home/airflow/.local/lib/python3.8/site-packages/airflow/example_dags/example_python_decorator.py
[2025-07-18T13:01:10.110+0000] {processor.py:840} INFO - DAG(s) 'example_python_decorator' retrieved from /home/airflow/.local/lib/python3.8/site-packages/airflow/example_dags/example_python_decorator.py
[2025-07-18T13:01:10.120+0000] {logging_mixin.py:188} INFO - [2025-07-18T13:01:10.120+0000] {dag.py:3036} INFO - Sync 1 DAGs
[2025-07-18T13:01:10.128+0000] {logging_mixin.py:188} INFO - [2025-07-18T13:01:10.128+0000] {dag.py:3823} INFO - Setting next_dagrun for example_python_decorator to None, run_after=None
[2025-07-18T13:01:10.137+0000] {processor.py:183} INFO - Processing /home/airflow/.local/lib/python3.8/site-packages/airflow/example_dags/example_python_decorator.py took 0.035 seconds
[2025-07-18T13:01:40.701+0000] {processor.py:161} INFO - Started process (PID=357) to work on /home/airflow/.local/lib/python3.8/site-packages/airflow/example_dags/example_python_decorator.py
[2025-07-18T13:01:40.702+0000] {processor.py:830} INFO - Processing file /home/airflow/.local/lib/python3.8/site-packages/airflow/example_dags/example_python_decorator.py for tasks to queue
[2025-07-18T13:01:40.704+0000] {logging_mixin.py:188} INFO - [2025-07-18T13:01:40.704+0000] {dagbag.py:538} INFO - Filling up the DagBag from /home/airflow/.local/lib/python3.8/site-packages/airflow/example_dags/example_python_decorator.py
[2025-07-18T13:01:40.711+0000] {processor.py:840} INFO - DAG(s) 'example_python_decorator' retrieved from /home/airflow/.local/lib/python3.8/site-packages/airflow/example_dags/example_python_decorator.py
[2025-07-18T13:01:40.720+0000] {logging_mixin.py:188} INFO - [2025-07-18T13:01:40.720+0000] {dag.py:3036} INFO - Sync 1 DAGs
[2025-07-18T13:01:40.724+0000] {logging_mixin.py:188} INFO - [2025-07-18T13:01:40.724+0000] {dag.py:3823} INFO - Setting next_dagrun for example_python_decorator to None, run_after=None
[2025-07-18T13:01:40.734+0000] {processor.py:183} INFO - Processing /home/airflow/.local/lib/python3.8/site-packages/airflow/example_dags/example_python_decorator.py took 0.034 seconds
[2025-07-18T13:02:11.527+0000] {processor.py:161} INFO - Started process (PID=430) to work on /home/airflow/.local/lib/python3.8/site-packages/airflow/example_dags/example_python_decorator.py
[2025-07-18T13:02:11.527+0000] {processor.py:830} INFO - Processing file /home/airflow/.local/lib/python3.8/site-packages/airflow/example_dags/example_python_decorator.py for tasks to queue
[2025-07-18T13:02:11.529+0000] {logging_mixin.py:188} INFO - [2025-07-18T13:02:11.529+0000] {dagbag.py:538} INFO - Filling up the DagBag from /home/airflow/.local/lib/python3.8/site-packages/airflow/example_dags/example_python_decorator.py
[2025-07-18T13:02:11.534+0000] {processor.py:840} INFO - DAG(s) 'example_python_decorator' retrieved from /home/airflow/.local/lib/python3.8/site-packages/airflow/example_dags/example_python_decorator.py
[2025-07-18T13:02:11.542+0000] {logging_mixin.py:188} INFO - [2025-07-18T13:02:11.542+0000] {dag.py:3036} INFO - Sync 1 DAGs
[2025-07-18T13:02:11.546+0000] {logging_mixin.py:188} INFO - [2025-07-18T13:02:11.546+0000] {dag.py:3823} INFO - Setting next_dagrun for example_python_decorator to None, run_after=None
[2025-07-18T13:02:11.557+0000] {processor.py:183} INFO - Processing /home/airflow/.local/lib/python3.8/site-packages/airflow/example_dags/example_python_decorator.py took 0.031 seconds
[2025-07-18T13:02:41.703+0000] {processor.py:161} INFO - Started process (PID=503) to work on /home/airflow/.local/lib/python3.8/site-packages/airflow/example_dags/example_python_decorator.py
[2025-07-18T13:02:41.703+0000] {processor.py:830} INFO - Processing file /home/airflow/.local/lib/python3.8/site-packages/airflow/example_dags/example_python_decorator.py for tasks to queue
[2025-07-18T13:02:41.704+0000] {logging_mixin.py:188} INFO - [2025-07-18T13:02:41.704+0000] {dagbag.py:538} INFO - Filling up the DagBag from /home/airflow/.local/lib/python3.8/site-packages/airflow/example_dags/example_python_decorator.py
[2025-07-18T13:02:41.708+0000] {processor.py:840} INFO - DAG(s) 'example_python_decorator' retrieved from /home/airflow/.local/lib/python3.8/site-packages/airflow/example_dags/example_python_decorator.py
[2025-07-18T13:02:41.716+0000] {logging_mixin.py:188} INFO - [2025-07-18T13:02:41.716+0000] {dag.py:3036} INFO - Sync 1 DAGs
[2025-07-18T13:02:41.720+0000] {logging_mixin.py:188} INFO - [2025-07-18T13:02:41.719+0000] {dag.py:3823} INFO - Setting next_dagrun for example_python_decorator to None, run_after=None
[2025-07-18T13:02:41.725+0000] {processor.py:183} INFO - Processing /home/airflow/.local/lib/python3.8/site-packages/airflow/example_dags/example_python_decorator.py took 0.023 seconds
[2025-07-18T13:03:12.526+0000] {processor.py:161} INFO - Started process (PID=576) to work on /home/airflow/.local/lib/python3.8/site-packages/airflow/example_dags/example_python_decorator.py
[2025-07-18T13:03:12.527+0000] {processor.py:830} INFO - Processing file /home/airflow/.local/lib/python3.8/site-packages/airflow/example_dags/example_python_decorator.py for tasks to queue
[2025-07-18T13:03:12.529+0000] {logging_mixin.py:188} INFO - [2025-07-18T13:03:12.528+0000] {dagbag.py:538} INFO - Filling up the DagBag from /home/airflow/.local/lib/python3.8/site-packages/airflow/example_dags/example_python_decorator.py
[2025-07-18T13:03:12.542+0000] {processor.py:840} INFO - DAG(s) 'example_python_decorator' retrieved from /home/airflow/.local/lib/python3.8/site-packages/airflow/example_dags/example_python_decorator.py
[2025-07-18T13:03:12.572+0000] {logging_mixin.py:188} INFO - [2025-07-18T13:03:12.572+0000] {dag.py:3036} INFO - Sync 1 DAGs
[2025-07-18T13:03:12.586+0000] {logging_mixin.py:188} INFO - [2025-07-18T13:03:12.586+0000] {dag.py:3823} INFO - Setting next_dagrun for example_python_decorator to None, run_after=None
[2025-07-18T13:03:12.604+0000] {processor.py:183} INFO - Processing /home/airflow/.local/lib/python3.8/site-packages/airflow/example_dags/example_python_decorator.py took 0.080 seconds
[2025-07-18T13:03:43.358+0000] {processor.py:161} INFO - Started process (PID=649) to work on /home/airflow/.local/lib/python3.8/site-packages/airflow/example_dags/example_python_decorator.py
[2025-07-18T13:03:43.358+0000] {processor.py:830} INFO - Processing file /home/airflow/.local/lib/python3.8/site-packages/airflow/example_dags/example_python_decorator.py for tasks to queue
[2025-07-18T13:03:43.359+0000] {logging_mixin.py:188} INFO - [2025-07-18T13:03:43.359+0000] {dagbag.py:538} INFO - Filling up the DagBag from /home/airflow/.local/lib/python3.8/site-packages/airflow/example_dags/example_python_decorator.py
[2025-07-18T13:03:43.363+0000] {processor.py:840} INFO - DAG(s) 'example_python_decorator' retrieved from /home/airflow/.local/lib/python3.8/site-packages/airflow/example_dags/example_python_decorator.py
[2025-07-18T13:03:43.370+0000] {logging_mixin.py:188} INFO - [2025-07-18T13:03:43.370+0000] {dag.py:3036} INFO - Sync 1 DAGs
[2025-07-18T13:03:43.374+0000] {logging_mixin.py:188} INFO - [2025-07-18T13:03:43.374+0000] {dag.py:3823} INFO - Setting next_dagrun for example_python_decorator to None, run_after=None
[2025-07-18T13:03:43.379+0000] {processor.py:183} INFO - Processing /home/airflow/.local/lib/python3.8/site-packages/airflow/example_dags/example_python_decorator.py took 0.023 seconds
[2025-07-18T13:04:14.118+0000] {processor.py:161} INFO - Started process (PID=721) to work on /home/airflow/.local/lib/python3.8/site-packages/airflow/example_dags/example_python_decorator.py
[2025-07-18T13:04:14.118+0000] {processor.py:830} INFO - Processing file /home/airflow/.local/lib/python3.8/site-packages/airflow/example_dags/example_python_decorator.py for tasks to queue
[2025-07-18T13:04:14.119+0000] {logging_mixin.py:188} INFO - [2025-07-18T13:04:14.119+0000] {dagbag.py:538} INFO - Filling up the DagBag from /home/airflow/.local/lib/python3.8/site-packages/airflow/example_dags/example_python_decorator.py
[2025-07-18T13:04:14.124+0000] {processor.py:840} INFO - DAG(s) 'example_python_decorator' retrieved from /home/airflow/.local/lib/python3.8/site-packages/airflow/example_dags/example_python_decorator.py
[2025-07-18T13:04:14.133+0000] {logging_mixin.py:188} INFO - [2025-07-18T13:04:14.133+0000] {dag.py:3036} INFO - Sync 1 DAGs
[2025-07-18T13:04:14.137+0000] {logging_mixin.py:188} INFO - [2025-07-18T13:04:14.137+0000] {dag.py:3823} INFO - Setting next_dagrun for example_python_decorator to None, run_after=None
[2025-07-18T13:04:14.143+0000] {processor.py:183} INFO - Processing /home/airflow/.local/lib/python3.8/site-packages/airflow/example_dags/example_python_decorator.py took 0.027 seconds
[2025-07-18T13:04:44.810+0000] {processor.py:161} INFO - Started process (PID=794) to work on /home/airflow/.local/lib/python3.8/site-packages/airflow/example_dags/example_python_decorator.py
[2025-07-18T13:04:44.811+0000] {processor.py:830} INFO - Processing file /home/airflow/.local/lib/python3.8/site-packages/airflow/example_dags/example_python_decorator.py for tasks to queue
[2025-07-18T13:04:44.812+0000] {logging_mixin.py:188} INFO - [2025-07-18T13:04:44.811+0000] {dagbag.py:538} INFO - Filling up the DagBag from /home/airflow/.local/lib/python3.8/site-packages/airflow/example_dags/example_python_decorator.py
[2025-07-18T13:04:44.822+0000] {processor.py:840} INFO - DAG(s) 'example_python_decorator' retrieved from /home/airflow/.local/lib/python3.8/site-packages/airflow/example_dags/example_python_decorator.py
[2025-07-18T13:04:44.834+0000] {logging_mixin.py:188} INFO - [2025-07-18T13:04:44.834+0000] {dag.py:3036} INFO - Sync 1 DAGs
[2025-07-18T13:04:44.839+0000] {logging_mixin.py:188} INFO - [2025-07-18T13:04:44.839+0000] {dag.py:3823} INFO - Setting next_dagrun for example_python_decorator to None, run_after=None
[2025-07-18T13:04:44.848+0000] {processor.py:183} INFO - Processing /home/airflow/.local/lib/python3.8/site-packages/airflow/example_dags/example_python_decorator.py took 0.039 seconds
[2025-07-18T13:05:15.467+0000] {processor.py:161} INFO - Started process (PID=872) to work on /home/airflow/.local/lib/python3.8/site-packages/airflow/example_dags/example_python_decorator.py
[2025-07-18T13:05:15.468+0000] {processor.py:830} INFO - Processing file /home/airflow/.local/lib/python3.8/site-packages/airflow/example_dags/example_python_decorator.py for tasks to queue
[2025-07-18T13:05:15.469+0000] {logging_mixin.py:188} INFO - [2025-07-18T13:05:15.468+0000] {dagbag.py:538} INFO - Filling up the DagBag from /home/airflow/.local/lib/python3.8/site-packages/airflow/example_dags/example_python_decorator.py
[2025-07-18T13:05:15.474+0000] {processor.py:840} INFO - DAG(s) 'example_python_decorator' retrieved from /home/airflow/.local/lib/python3.8/site-packages/airflow/example_dags/example_python_decorator.py
[2025-07-18T13:05:15.485+0000] {logging_mixin.py:188} INFO - [2025-07-18T13:05:15.484+0000] {dag.py:3036} INFO - Sync 1 DAGs
[2025-07-18T13:05:15.489+0000] {logging_mixin.py:188} INFO - [2025-07-18T13:05:15.489+0000] {dag.py:3823} INFO - Setting next_dagrun for example_python_decorator to None, run_after=None
[2025-07-18T13:05:15.500+0000] {processor.py:183} INFO - Processing /home/airflow/.local/lib/python3.8/site-packages/airflow/example_dags/example_python_decorator.py took 0.034 seconds
[2025-07-18T13:05:46.260+0000] {processor.py:161} INFO - Started process (PID=945) to work on /home/airflow/.local/lib/python3.8/site-packages/airflow/example_dags/example_python_decorator.py
[2025-07-18T13:05:46.261+0000] {processor.py:830} INFO - Processing file /home/airflow/.local/lib/python3.8/site-packages/airflow/example_dags/example_python_decorator.py for tasks to queue
[2025-07-18T13:05:46.262+0000] {logging_mixin.py:188} INFO - [2025-07-18T13:05:46.262+0000] {dagbag.py:538} INFO - Filling up the DagBag from /home/airflow/.local/lib/python3.8/site-packages/airflow/example_dags/example_python_decorator.py
[2025-07-18T13:05:46.267+0000] {processor.py:840} INFO - DAG(s) 'example_python_decorator' retrieved from /home/airflow/.local/lib/python3.8/site-packages/airflow/example_dags/example_python_decorator.py
[2025-07-18T13:05:46.275+0000] {logging_mixin.py:188} INFO - [2025-07-18T13:05:46.275+0000] {dag.py:3036} INFO - Sync 1 DAGs
[2025-07-18T13:05:46.280+0000] {logging_mixin.py:188} INFO - [2025-07-18T13:05:46.280+0000] {dag.py:3823} INFO - Setting next_dagrun for example_python_decorator to None, run_after=None
[2025-07-18T13:05:46.289+0000] {processor.py:183} INFO - Processing /home/airflow/.local/lib/python3.8/site-packages/airflow/example_dags/example_python_decorator.py took 0.030 seconds
[2025-07-18T13:06:17.131+0000] {processor.py:161} INFO - Started process (PID=1018) to work on /home/airflow/.local/lib/python3.8/site-packages/airflow/example_dags/example_python_decorator.py
[2025-07-18T13:06:17.132+0000] {processor.py:830} INFO - Processing file /home/airflow/.local/lib/python3.8/site-packages/airflow/example_dags/example_python_decorator.py for tasks to queue
[2025-07-18T13:06:17.133+0000] {logging_mixin.py:188} INFO - [2025-07-18T13:06:17.133+0000] {dagbag.py:538} INFO - Filling up the DagBag from /home/airflow/.local/lib/python3.8/site-packages/airflow/example_dags/example_python_decorator.py
[2025-07-18T13:06:17.139+0000] {processor.py:840} INFO - DAG(s) 'example_python_decorator' retrieved from /home/airflow/.local/lib/python3.8/site-packages/airflow/example_dags/example_python_decorator.py
[2025-07-18T13:06:17.149+0000] {logging_mixin.py:188} INFO - [2025-07-18T13:06:17.149+0000] {dag.py:3036} INFO - Sync 1 DAGs
[2025-07-18T13:06:17.154+0000] {logging_mixin.py:188} INFO - [2025-07-18T13:06:17.154+0000] {dag.py:3823} INFO - Setting next_dagrun for example_python_decorator to None, run_after=None
[2025-07-18T13:06:17.160+0000] {processor.py:183} INFO - Processing /home/airflow/.local/lib/python3.8/site-packages/airflow/example_dags/example_python_decorator.py took 0.031 seconds
[2025-07-18T13:06:48.397+0000] {processor.py:161} INFO - Started process (PID=1091) to work on /home/airflow/.local/lib/python3.8/site-packages/airflow/example_dags/example_python_decorator.py
[2025-07-18T13:06:48.397+0000] {processor.py:830} INFO - Processing file /home/airflow/.local/lib/python3.8/site-packages/airflow/example_dags/example_python_decorator.py for tasks to queue
[2025-07-18T13:06:48.398+0000] {logging_mixin.py:188} INFO - [2025-07-18T13:06:48.398+0000] {dagbag.py:538} INFO - Filling up the DagBag from /home/airflow/.local/lib/python3.8/site-packages/airflow/example_dags/example_python_decorator.py
[2025-07-18T13:06:48.404+0000] {processor.py:840} INFO - DAG(s) 'example_python_decorator' retrieved from /home/airflow/.local/lib/python3.8/site-packages/airflow/example_dags/example_python_decorator.py
[2025-07-18T13:06:48.413+0000] {logging_mixin.py:188} INFO - [2025-07-18T13:06:48.413+0000] {dag.py:3036} INFO - Sync 1 DAGs
[2025-07-18T13:06:48.418+0000] {logging_mixin.py:188} INFO - [2025-07-18T13:06:48.418+0000] {dag.py:3823} INFO - Setting next_dagrun for example_python_decorator to None, run_after=None
[2025-07-18T13:06:48.424+0000] {processor.py:183} INFO - Processing /home/airflow/.local/lib/python3.8/site-packages/airflow/example_dags/example_python_decorator.py took 0.029 seconds
[2025-07-18T13:07:19.326+0000] {processor.py:161} INFO - Started process (PID=1164) to work on /home/airflow/.local/lib/python3.8/site-packages/airflow/example_dags/example_python_decorator.py
[2025-07-18T13:07:19.326+0000] {processor.py:830} INFO - Processing file /home/airflow/.local/lib/python3.8/site-packages/airflow/example_dags/example_python_decorator.py for tasks to queue
[2025-07-18T13:07:19.327+0000] {logging_mixin.py:188} INFO - [2025-07-18T13:07:19.327+0000] {dagbag.py:538} INFO - Filling up the DagBag from /home/airflow/.local/lib/python3.8/site-packages/airflow/example_dags/example_python_decorator.py
[2025-07-18T13:07:19.332+0000] {processor.py:840} INFO - DAG(s) 'example_python_decorator' retrieved from /home/airflow/.local/lib/python3.8/site-packages/airflow/example_dags/example_python_decorator.py
[2025-07-18T13:07:19.341+0000] {logging_mixin.py:188} INFO - [2025-07-18T13:07:19.341+0000] {dag.py:3036} INFO - Sync 1 DAGs
[2025-07-18T13:07:19.345+0000] {logging_mixin.py:188} INFO - [2025-07-18T13:07:19.345+0000] {dag.py:3823} INFO - Setting next_dagrun for example_python_decorator to None, run_after=None
[2025-07-18T13:07:19.352+0000] {processor.py:183} INFO - Processing /home/airflow/.local/lib/python3.8/site-packages/airflow/example_dags/example_python_decorator.py took 0.027 seconds
[2025-07-18T13:07:50.223+0000] {processor.py:161} INFO - Started process (PID=1237) to work on /home/airflow/.local/lib/python3.8/site-packages/airflow/example_dags/example_python_decorator.py
[2025-07-18T13:07:50.224+0000] {processor.py:830} INFO - Processing file /home/airflow/.local/lib/python3.8/site-packages/airflow/example_dags/example_python_decorator.py for tasks to queue
[2025-07-18T13:07:50.225+0000] {logging_mixin.py:188} INFO - [2025-07-18T13:07:50.225+0000] {dagbag.py:538} INFO - Filling up the DagBag from /home/airflow/.local/lib/python3.8/site-packages/airflow/example_dags/example_python_decorator.py
[2025-07-18T13:07:50.229+0000] {processor.py:840} INFO - DAG(s) 'example_python_decorator' retrieved from /home/airflow/.local/lib/python3.8/site-packages/airflow/example_dags/example_python_decorator.py
[2025-07-18T13:07:50.241+0000] {logging_mixin.py:188} INFO - [2025-07-18T13:07:50.241+0000] {dag.py:3036} INFO - Sync 1 DAGs
[2025-07-18T13:07:50.245+0000] {logging_mixin.py:188} INFO - [2025-07-18T13:07:50.245+0000] {dag.py:3823} INFO - Setting next_dagrun for example_python_decorator to None, run_after=None
[2025-07-18T13:07:50.255+0000] {processor.py:183} INFO - Processing /home/airflow/.local/lib/python3.8/site-packages/airflow/example_dags/example_python_decorator.py took 0.033 seconds
[2025-07-18T13:08:20.858+0000] {processor.py:161} INFO - Started process (PID=1310) to work on /home/airflow/.local/lib/python3.8/site-packages/airflow/example_dags/example_python_decorator.py
[2025-07-18T13:08:20.859+0000] {processor.py:830} INFO - Processing file /home/airflow/.local/lib/python3.8/site-packages/airflow/example_dags/example_python_decorator.py for tasks to queue
[2025-07-18T13:08:20.860+0000] {logging_mixin.py:188} INFO - [2025-07-18T13:08:20.860+0000] {dagbag.py:538} INFO - Filling up the DagBag from /home/airflow/.local/lib/python3.8/site-packages/airflow/example_dags/example_python_decorator.py
[2025-07-18T13:08:20.865+0000] {processor.py:840} INFO - DAG(s) 'example_python_decorator' retrieved from /home/airflow/.local/lib/python3.8/site-packages/airflow/example_dags/example_python_decorator.py
[2025-07-18T13:08:20.874+0000] {logging_mixin.py:188} INFO - [2025-07-18T13:08:20.874+0000] {dag.py:3036} INFO - Sync 1 DAGs
[2025-07-18T13:08:20.878+0000] {logging_mixin.py:188} INFO - [2025-07-18T13:08:20.878+0000] {dag.py:3823} INFO - Setting next_dagrun for example_python_decorator to None, run_after=None
[2025-07-18T13:08:20.884+0000] {processor.py:183} INFO - Processing /home/airflow/.local/lib/python3.8/site-packages/airflow/example_dags/example_python_decorator.py took 0.027 seconds
[2025-07-18T13:08:51.511+0000] {processor.py:161} INFO - Started process (PID=1382) to work on /home/airflow/.local/lib/python3.8/site-packages/airflow/example_dags/example_python_decorator.py
[2025-07-18T13:08:51.513+0000] {processor.py:830} INFO - Processing file /home/airflow/.local/lib/python3.8/site-packages/airflow/example_dags/example_python_decorator.py for tasks to queue
[2025-07-18T13:08:51.513+0000] {logging_mixin.py:188} INFO - [2025-07-18T13:08:51.513+0000] {dagbag.py:538} INFO - Filling up the DagBag from /home/airflow/.local/lib/python3.8/site-packages/airflow/example_dags/example_python_decorator.py
[2025-07-18T13:08:51.519+0000] {processor.py:840} INFO - DAG(s) 'example_python_decorator' retrieved from /home/airflow/.local/lib/python3.8/site-packages/airflow/example_dags/example_python_decorator.py
[2025-07-18T13:08:51.527+0000] {logging_mixin.py:188} INFO - [2025-07-18T13:08:51.526+0000] {dag.py:3036} INFO - Sync 1 DAGs
[2025-07-18T13:08:51.533+0000] {logging_mixin.py:188} INFO - [2025-07-18T13:08:51.533+0000] {dag.py:3823} INFO - Setting next_dagrun for example_python_decorator to None, run_after=None
[2025-07-18T13:08:51.542+0000] {processor.py:183} INFO - Processing /home/airflow/.local/lib/python3.8/site-packages/airflow/example_dags/example_python_decorator.py took 0.032 seconds
[2025-07-18T13:09:22.106+0000] {processor.py:161} INFO - Started process (PID=1456) to work on /home/airflow/.local/lib/python3.8/site-packages/airflow/example_dags/example_python_decorator.py
[2025-07-18T13:09:22.107+0000] {processor.py:830} INFO - Processing file /home/airflow/.local/lib/python3.8/site-packages/airflow/example_dags/example_python_decorator.py for tasks to queue
[2025-07-18T13:09:22.108+0000] {logging_mixin.py:188} INFO - [2025-07-18T13:09:22.108+0000] {dagbag.py:538} INFO - Filling up the DagBag from /home/airflow/.local/lib/python3.8/site-packages/airflow/example_dags/example_python_decorator.py
[2025-07-18T13:09:22.114+0000] {processor.py:840} INFO - DAG(s) 'example_python_decorator' retrieved from /home/airflow/.local/lib/python3.8/site-packages/airflow/example_dags/example_python_decorator.py
[2025-07-18T13:09:22.124+0000] {logging_mixin.py:188} INFO - [2025-07-18T13:09:22.124+0000] {dag.py:3036} INFO - Sync 1 DAGs
[2025-07-18T13:09:22.131+0000] {logging_mixin.py:188} INFO - [2025-07-18T13:09:22.131+0000] {dag.py:3823} INFO - Setting next_dagrun for example_python_decorator to None, run_after=None
[2025-07-18T13:09:22.137+0000] {processor.py:183} INFO - Processing /home/airflow/.local/lib/python3.8/site-packages/airflow/example_dags/example_python_decorator.py took 0.032 seconds
[2025-07-18T13:09:52.744+0000] {processor.py:161} INFO - Started process (PID=1529) to work on /home/airflow/.local/lib/python3.8/site-packages/airflow/example_dags/example_python_decorator.py
[2025-07-18T13:09:52.745+0000] {processor.py:830} INFO - Processing file /home/airflow/.local/lib/python3.8/site-packages/airflow/example_dags/example_python_decorator.py for tasks to queue
[2025-07-18T13:09:52.746+0000] {logging_mixin.py:188} INFO - [2025-07-18T13:09:52.746+0000] {dagbag.py:538} INFO - Filling up the DagBag from /home/airflow/.local/lib/python3.8/site-packages/airflow/example_dags/example_python_decorator.py
[2025-07-18T13:09:52.753+0000] {processor.py:840} INFO - DAG(s) 'example_python_decorator' retrieved from /home/airflow/.local/lib/python3.8/site-packages/airflow/example_dags/example_python_decorator.py
[2025-07-18T13:09:52.763+0000] {logging_mixin.py:188} INFO - [2025-07-18T13:09:52.763+0000] {dag.py:3036} INFO - Sync 1 DAGs
[2025-07-18T13:09:52.769+0000] {logging_mixin.py:188} INFO - [2025-07-18T13:09:52.769+0000] {dag.py:3823} INFO - Setting next_dagrun for example_python_decorator to None, run_after=None
[2025-07-18T13:09:52.778+0000] {processor.py:183} INFO - Processing /home/airflow/.local/lib/python3.8/site-packages/airflow/example_dags/example_python_decorator.py took 0.036 seconds
[2025-07-18T13:10:23.482+0000] {processor.py:161} INFO - Started process (PID=1601) to work on /home/airflow/.local/lib/python3.8/site-packages/airflow/example_dags/example_python_decorator.py
[2025-07-18T13:10:23.483+0000] {processor.py:830} INFO - Processing file /home/airflow/.local/lib/python3.8/site-packages/airflow/example_dags/example_python_decorator.py for tasks to queue
[2025-07-18T13:10:23.483+0000] {logging_mixin.py:188} INFO - [2025-07-18T13:10:23.483+0000] {dagbag.py:538} INFO - Filling up the DagBag from /home/airflow/.local/lib/python3.8/site-packages/airflow/example_dags/example_python_decorator.py
[2025-07-18T13:10:23.488+0000] {processor.py:840} INFO - DAG(s) 'example_python_decorator' retrieved from /home/airflow/.local/lib/python3.8/site-packages/airflow/example_dags/example_python_decorator.py
[2025-07-18T13:10:23.497+0000] {logging_mixin.py:188} INFO - [2025-07-18T13:10:23.497+0000] {dag.py:3036} INFO - Sync 1 DAGs
[2025-07-18T13:10:23.506+0000] {logging_mixin.py:188} INFO - [2025-07-18T13:10:23.506+0000] {dag.py:3823} INFO - Setting next_dagrun for example_python_decorator to None, run_after=None
[2025-07-18T13:10:23.513+0000] {processor.py:183} INFO - Processing /home/airflow/.local/lib/python3.8/site-packages/airflow/example_dags/example_python_decorator.py took 0.032 seconds
[2025-07-18T13:10:54.327+0000] {processor.py:161} INFO - Started process (PID=1675) to work on /home/airflow/.local/lib/python3.8/site-packages/airflow/example_dags/example_python_decorator.py
[2025-07-18T13:10:54.327+0000] {processor.py:830} INFO - Processing file /home/airflow/.local/lib/python3.8/site-packages/airflow/example_dags/example_python_decorator.py for tasks to queue
[2025-07-18T13:10:54.328+0000] {logging_mixin.py:188} INFO - [2025-07-18T13:10:54.328+0000] {dagbag.py:538} INFO - Filling up the DagBag from /home/airflow/.local/lib/python3.8/site-packages/airflow/example_dags/example_python_decorator.py
[2025-07-18T13:10:54.333+0000] {processor.py:840} INFO - DAG(s) 'example_python_decorator' retrieved from /home/airflow/.local/lib/python3.8/site-packages/airflow/example_dags/example_python_decorator.py
[2025-07-18T13:10:54.342+0000] {logging_mixin.py:188} INFO - [2025-07-18T13:10:54.342+0000] {dag.py:3036} INFO - Sync 1 DAGs
[2025-07-18T13:10:54.347+0000] {logging_mixin.py:188} INFO - [2025-07-18T13:10:54.347+0000] {dag.py:3823} INFO - Setting next_dagrun for example_python_decorator to None, run_after=None
[2025-07-18T13:10:54.421+0000] {processor.py:183} INFO - Processing /home/airflow/.local/lib/python3.8/site-packages/airflow/example_dags/example_python_decorator.py took 0.096 seconds
[2025-07-18T13:11:24.978+0000] {processor.py:161} INFO - Started process (PID=1748) to work on /home/airflow/.local/lib/python3.8/site-packages/airflow/example_dags/example_python_decorator.py
[2025-07-18T13:11:24.979+0000] {processor.py:830} INFO - Processing file /home/airflow/.local/lib/python3.8/site-packages/airflow/example_dags/example_python_decorator.py for tasks to queue
[2025-07-18T13:11:24.983+0000] {logging_mixin.py:188} INFO - [2025-07-18T13:11:24.983+0000] {dagbag.py:538} INFO - Filling up the DagBag from /home/airflow/.local/lib/python3.8/site-packages/airflow/example_dags/example_python_decorator.py
[2025-07-18T13:11:24.987+0000] {processor.py:840} INFO - DAG(s) 'example_python_decorator' retrieved from /home/airflow/.local/lib/python3.8/site-packages/airflow/example_dags/example_python_decorator.py
[2025-07-18T13:11:24.995+0000] {logging_mixin.py:188} INFO - [2025-07-18T13:11:24.995+0000] {dag.py:3036} INFO - Sync 1 DAGs
[2025-07-18T13:11:25.000+0000] {logging_mixin.py:188} INFO - [2025-07-18T13:11:25.000+0000] {dag.py:3823} INFO - Setting next_dagrun for example_python_decorator to None, run_after=None
[2025-07-18T13:11:25.006+0000] {processor.py:183} INFO - Processing /home/airflow/.local/lib/python3.8/site-packages/airflow/example_dags/example_python_decorator.py took 0.030 seconds
[2025-07-18T13:11:55.926+0000] {processor.py:161} INFO - Started process (PID=1821) to work on /home/airflow/.local/lib/python3.8/site-packages/airflow/example_dags/example_python_decorator.py
[2025-07-18T13:11:55.927+0000] {processor.py:830} INFO - Processing file /home/airflow/.local/lib/python3.8/site-packages/airflow/example_dags/example_python_decorator.py for tasks to queue
[2025-07-18T13:11:55.928+0000] {logging_mixin.py:188} INFO - [2025-07-18T13:11:55.928+0000] {dagbag.py:538} INFO - Filling up the DagBag from /home/airflow/.local/lib/python3.8/site-packages/airflow/example_dags/example_python_decorator.py
[2025-07-18T13:11:55.933+0000] {processor.py:840} INFO - DAG(s) 'example_python_decorator' retrieved from /home/airflow/.local/lib/python3.8/site-packages/airflow/example_dags/example_python_decorator.py
[2025-07-18T13:11:55.940+0000] {logging_mixin.py:188} INFO - [2025-07-18T13:11:55.940+0000] {dag.py:3036} INFO - Sync 1 DAGs
[2025-07-18T13:11:55.944+0000] {logging_mixin.py:188} INFO - [2025-07-18T13:11:55.944+0000] {dag.py:3823} INFO - Setting next_dagrun for example_python_decorator to None, run_after=None
[2025-07-18T13:11:55.950+0000] {processor.py:183} INFO - Processing /home/airflow/.local/lib/python3.8/site-packages/airflow/example_dags/example_python_decorator.py took 0.025 seconds
[2025-07-18T13:12:27.159+0000] {processor.py:161} INFO - Started process (PID=1893) to work on /home/airflow/.local/lib/python3.8/site-packages/airflow/example_dags/example_python_decorator.py
[2025-07-18T13:12:27.160+0000] {processor.py:830} INFO - Processing file /home/airflow/.local/lib/python3.8/site-packages/airflow/example_dags/example_python_decorator.py for tasks to queue
[2025-07-18T13:12:27.161+0000] {logging_mixin.py:188} INFO - [2025-07-18T13:12:27.161+0000] {dagbag.py:538} INFO - Filling up the DagBag from /home/airflow/.local/lib/python3.8/site-packages/airflow/example_dags/example_python_decorator.py
[2025-07-18T13:12:27.167+0000] {processor.py:840} INFO - DAG(s) 'example_python_decorator' retrieved from /home/airflow/.local/lib/python3.8/site-packages/airflow/example_dags/example_python_decorator.py
[2025-07-18T13:12:27.175+0000] {logging_mixin.py:188} INFO - [2025-07-18T13:12:27.175+0000] {dag.py:3036} INFO - Sync 1 DAGs
[2025-07-18T13:12:27.180+0000] {logging_mixin.py:188} INFO - [2025-07-18T13:12:27.180+0000] {dag.py:3823} INFO - Setting next_dagrun for example_python_decorator to None, run_after=None
[2025-07-18T13:12:27.189+0000] {processor.py:183} INFO - Processing /home/airflow/.local/lib/python3.8/site-packages/airflow/example_dags/example_python_decorator.py took 0.031 seconds
[2025-07-18T13:12:57.700+0000] {processor.py:161} INFO - Started process (PID=1966) to work on /home/airflow/.local/lib/python3.8/site-packages/airflow/example_dags/example_python_decorator.py
[2025-07-18T13:12:57.700+0000] {processor.py:830} INFO - Processing file /home/airflow/.local/lib/python3.8/site-packages/airflow/example_dags/example_python_decorator.py for tasks to queue
[2025-07-18T13:12:57.701+0000] {logging_mixin.py:188} INFO - [2025-07-18T13:12:57.701+0000] {dagbag.py:538} INFO - Filling up the DagBag from /home/airflow/.local/lib/python3.8/site-packages/airflow/example_dags/example_python_decorator.py
[2025-07-18T13:12:57.706+0000] {processor.py:840} INFO - DAG(s) 'example_python_decorator' retrieved from /home/airflow/.local/lib/python3.8/site-packages/airflow/example_dags/example_python_decorator.py
[2025-07-18T13:12:57.715+0000] {logging_mixin.py:188} INFO - [2025-07-18T13:12:57.715+0000] {dag.py:3036} INFO - Sync 1 DAGs
[2025-07-18T13:12:57.719+0000] {logging_mixin.py:188} INFO - [2025-07-18T13:12:57.719+0000] {dag.py:3823} INFO - Setting next_dagrun for example_python_decorator to None, run_after=None
[2025-07-18T13:12:57.731+0000] {processor.py:183} INFO - Processing /home/airflow/.local/lib/python3.8/site-packages/airflow/example_dags/example_python_decorator.py took 0.033 seconds
[2025-07-18T13:13:28.257+0000] {processor.py:161} INFO - Started process (PID=2039) to work on /home/airflow/.local/lib/python3.8/site-packages/airflow/example_dags/example_python_decorator.py
[2025-07-18T13:13:28.257+0000] {processor.py:830} INFO - Processing file /home/airflow/.local/lib/python3.8/site-packages/airflow/example_dags/example_python_decorator.py for tasks to queue
[2025-07-18T13:13:28.258+0000] {logging_mixin.py:188} INFO - [2025-07-18T13:13:28.258+0000] {dagbag.py:538} INFO - Filling up the DagBag from /home/airflow/.local/lib/python3.8/site-packages/airflow/example_dags/example_python_decorator.py
[2025-07-18T13:13:28.263+0000] {processor.py:840} INFO - DAG(s) 'example_python_decorator' retrieved from /home/airflow/.local/lib/python3.8/site-packages/airflow/example_dags/example_python_decorator.py
[2025-07-18T13:13:28.272+0000] {logging_mixin.py:188} INFO - [2025-07-18T13:13:28.272+0000] {dag.py:3036} INFO - Sync 1 DAGs
[2025-07-18T13:13:28.277+0000] {logging_mixin.py:188} INFO - [2025-07-18T13:13:28.276+0000] {dag.py:3823} INFO - Setting next_dagrun for example_python_decorator to None, run_after=None
[2025-07-18T13:13:28.287+0000] {processor.py:183} INFO - Processing /home/airflow/.local/lib/python3.8/site-packages/airflow/example_dags/example_python_decorator.py took 0.032 seconds
[2025-07-18T13:13:58.884+0000] {processor.py:161} INFO - Started process (PID=2112) to work on /home/airflow/.local/lib/python3.8/site-packages/airflow/example_dags/example_python_decorator.py
[2025-07-18T13:13:58.884+0000] {processor.py:830} INFO - Processing file /home/airflow/.local/lib/python3.8/site-packages/airflow/example_dags/example_python_decorator.py for tasks to queue
[2025-07-18T13:13:58.885+0000] {logging_mixin.py:188} INFO - [2025-07-18T13:13:58.885+0000] {dagbag.py:538} INFO - Filling up the DagBag from /home/airflow/.local/lib/python3.8/site-packages/airflow/example_dags/example_python_decorator.py
[2025-07-18T13:13:58.892+0000] {processor.py:840} INFO - DAG(s) 'example_python_decorator' retrieved from /home/airflow/.local/lib/python3.8/site-packages/airflow/example_dags/example_python_decorator.py
[2025-07-18T13:13:58.902+0000] {logging_mixin.py:188} INFO - [2025-07-18T13:13:58.902+0000] {dag.py:3036} INFO - Sync 1 DAGs
[2025-07-18T13:13:58.907+0000] {logging_mixin.py:188} INFO - [2025-07-18T13:13:58.907+0000] {dag.py:3823} INFO - Setting next_dagrun for example_python_decorator to None, run_after=None
[2025-07-18T13:13:58.915+0000] {processor.py:183} INFO - Processing /home/airflow/.local/lib/python3.8/site-packages/airflow/example_dags/example_python_decorator.py took 0.033 seconds
[2025-07-18T13:14:29.482+0000] {processor.py:161} INFO - Started process (PID=2185) to work on /home/airflow/.local/lib/python3.8/site-packages/airflow/example_dags/example_python_decorator.py
[2025-07-18T13:14:29.483+0000] {processor.py:830} INFO - Processing file /home/airflow/.local/lib/python3.8/site-packages/airflow/example_dags/example_python_decorator.py for tasks to queue
[2025-07-18T13:14:29.484+0000] {logging_mixin.py:188} INFO - [2025-07-18T13:14:29.484+0000] {dagbag.py:538} INFO - Filling up the DagBag from /home/airflow/.local/lib/python3.8/site-packages/airflow/example_dags/example_python_decorator.py
[2025-07-18T13:14:29.490+0000] {processor.py:840} INFO - DAG(s) 'example_python_decorator' retrieved from /home/airflow/.local/lib/python3.8/site-packages/airflow/example_dags/example_python_decorator.py
[2025-07-18T13:14:29.501+0000] {logging_mixin.py:188} INFO - [2025-07-18T13:14:29.501+0000] {dag.py:3036} INFO - Sync 1 DAGs
[2025-07-18T13:14:29.505+0000] {logging_mixin.py:188} INFO - [2025-07-18T13:14:29.505+0000] {dag.py:3823} INFO - Setting next_dagrun for example_python_decorator to None, run_after=None
[2025-07-18T13:14:29.516+0000] {processor.py:183} INFO - Processing /home/airflow/.local/lib/python3.8/site-packages/airflow/example_dags/example_python_decorator.py took 0.035 seconds
[2025-07-18T13:15:00.079+0000] {processor.py:161} INFO - Started process (PID=2258) to work on /home/airflow/.local/lib/python3.8/site-packages/airflow/example_dags/example_python_decorator.py
[2025-07-18T13:15:00.080+0000] {processor.py:830} INFO - Processing file /home/airflow/.local/lib/python3.8/site-packages/airflow/example_dags/example_python_decorator.py for tasks to queue
[2025-07-18T13:15:00.081+0000] {logging_mixin.py:188} INFO - [2025-07-18T13:15:00.081+0000] {dagbag.py:538} INFO - Filling up the DagBag from /home/airflow/.local/lib/python3.8/site-packages/airflow/example_dags/example_python_decorator.py
[2025-07-18T13:15:00.086+0000] {processor.py:840} INFO - DAG(s) 'example_python_decorator' retrieved from /home/airflow/.local/lib/python3.8/site-packages/airflow/example_dags/example_python_decorator.py
[2025-07-18T13:15:00.094+0000] {logging_mixin.py:188} INFO - [2025-07-18T13:15:00.094+0000] {dag.py:3036} INFO - Sync 1 DAGs
[2025-07-18T13:15:00.101+0000] {logging_mixin.py:188} INFO - [2025-07-18T13:15:00.101+0000] {dag.py:3823} INFO - Setting next_dagrun for example_python_decorator to None, run_after=None
[2025-07-18T13:15:00.110+0000] {processor.py:183} INFO - Processing /home/airflow/.local/lib/python3.8/site-packages/airflow/example_dags/example_python_decorator.py took 0.033 seconds
[2025-07-18T13:15:30.674+0000] {processor.py:161} INFO - Started process (PID=2330) to work on /home/airflow/.local/lib/python3.8/site-packages/airflow/example_dags/example_python_decorator.py
[2025-07-18T13:15:30.674+0000] {processor.py:830} INFO - Processing file /home/airflow/.local/lib/python3.8/site-packages/airflow/example_dags/example_python_decorator.py for tasks to queue
[2025-07-18T13:15:30.675+0000] {logging_mixin.py:188} INFO - [2025-07-18T13:15:30.675+0000] {dagbag.py:538} INFO - Filling up the DagBag from /home/airflow/.local/lib/python3.8/site-packages/airflow/example_dags/example_python_decorator.py
[2025-07-18T13:15:30.680+0000] {processor.py:840} INFO - DAG(s) 'example_python_decorator' retrieved from /home/airflow/.local/lib/python3.8/site-packages/airflow/example_dags/example_python_decorator.py
[2025-07-18T13:15:30.690+0000] {logging_mixin.py:188} INFO - [2025-07-18T13:15:30.690+0000] {dag.py:3036} INFO - Sync 1 DAGs
[2025-07-18T13:15:30.697+0000] {logging_mixin.py:188} INFO - [2025-07-18T13:15:30.697+0000] {dag.py:3823} INFO - Setting next_dagrun for example_python_decorator to None, run_after=None
[2025-07-18T13:15:30.704+0000] {processor.py:183} INFO - Processing /home/airflow/.local/lib/python3.8/site-packages/airflow/example_dags/example_python_decorator.py took 0.031 seconds
[2025-07-18T13:16:01.267+0000] {processor.py:161} INFO - Started process (PID=2403) to work on /home/airflow/.local/lib/python3.8/site-packages/airflow/example_dags/example_python_decorator.py
[2025-07-18T13:16:01.268+0000] {processor.py:830} INFO - Processing file /home/airflow/.local/lib/python3.8/site-packages/airflow/example_dags/example_python_decorator.py for tasks to queue
[2025-07-18T13:16:01.268+0000] {logging_mixin.py:188} INFO - [2025-07-18T13:16:01.268+0000] {dagbag.py:538} INFO - Filling up the DagBag from /home/airflow/.local/lib/python3.8/site-packages/airflow/example_dags/example_python_decorator.py
[2025-07-18T13:16:01.273+0000] {processor.py:840} INFO - DAG(s) 'example_python_decorator' retrieved from /home/airflow/.local/lib/python3.8/site-packages/airflow/example_dags/example_python_decorator.py
[2025-07-18T13:16:01.283+0000] {logging_mixin.py:188} INFO - [2025-07-18T13:16:01.283+0000] {dag.py:3036} INFO - Sync 1 DAGs
[2025-07-18T13:16:01.290+0000] {logging_mixin.py:188} INFO - [2025-07-18T13:16:01.290+0000] {dag.py:3823} INFO - Setting next_dagrun for example_python_decorator to None, run_after=None
[2025-07-18T13:16:01.299+0000] {processor.py:183} INFO - Processing /home/airflow/.local/lib/python3.8/site-packages/airflow/example_dags/example_python_decorator.py took 0.033 seconds
[2025-07-18T13:16:31.970+0000] {processor.py:161} INFO - Started process (PID=2477) to work on /home/airflow/.local/lib/python3.8/site-packages/airflow/example_dags/example_python_decorator.py
[2025-07-18T13:16:31.970+0000] {processor.py:830} INFO - Processing file /home/airflow/.local/lib/python3.8/site-packages/airflow/example_dags/example_python_decorator.py for tasks to queue
[2025-07-18T13:16:31.971+0000] {logging_mixin.py:188} INFO - [2025-07-18T13:16:31.971+0000] {dagbag.py:538} INFO - Filling up the DagBag from /home/airflow/.local/lib/python3.8/site-packages/airflow/example_dags/example_python_decorator.py
[2025-07-18T13:16:31.976+0000] {processor.py:840} INFO - DAG(s) 'example_python_decorator' retrieved from /home/airflow/.local/lib/python3.8/site-packages/airflow/example_dags/example_python_decorator.py
[2025-07-18T13:16:31.984+0000] {logging_mixin.py:188} INFO - [2025-07-18T13:16:31.984+0000] {dag.py:3036} INFO - Sync 1 DAGs
[2025-07-18T13:16:31.987+0000] {logging_mixin.py:188} INFO - [2025-07-18T13:16:31.987+0000] {dag.py:3823} INFO - Setting next_dagrun for example_python_decorator to None, run_after=None
[2025-07-18T13:16:31.993+0000] {processor.py:183} INFO - Processing /home/airflow/.local/lib/python3.8/site-packages/airflow/example_dags/example_python_decorator.py took 0.025 seconds
[2025-07-18T13:17:02.518+0000] {processor.py:161} INFO - Started process (PID=2550) to work on /home/airflow/.local/lib/python3.8/site-packages/airflow/example_dags/example_python_decorator.py
[2025-07-18T13:17:02.520+0000] {processor.py:830} INFO - Processing file /home/airflow/.local/lib/python3.8/site-packages/airflow/example_dags/example_python_decorator.py for tasks to queue
[2025-07-18T13:17:02.521+0000] {logging_mixin.py:188} INFO - [2025-07-18T13:17:02.521+0000] {dagbag.py:538} INFO - Filling up the DagBag from /home/airflow/.local/lib/python3.8/site-packages/airflow/example_dags/example_python_decorator.py
[2025-07-18T13:17:02.527+0000] {processor.py:840} INFO - DAG(s) 'example_python_decorator' retrieved from /home/airflow/.local/lib/python3.8/site-packages/airflow/example_dags/example_python_decorator.py
[2025-07-18T13:17:02.535+0000] {logging_mixin.py:188} INFO - [2025-07-18T13:17:02.535+0000] {dag.py:3036} INFO - Sync 1 DAGs
[2025-07-18T13:17:02.540+0000] {logging_mixin.py:188} INFO - [2025-07-18T13:17:02.539+0000] {dag.py:3823} INFO - Setting next_dagrun for example_python_decorator to None, run_after=None
[2025-07-18T13:17:02.548+0000] {processor.py:183} INFO - Processing /home/airflow/.local/lib/python3.8/site-packages/airflow/example_dags/example_python_decorator.py took 0.031 seconds
[2025-07-18T13:17:33.113+0000] {processor.py:161} INFO - Started process (PID=2623) to work on /home/airflow/.local/lib/python3.8/site-packages/airflow/example_dags/example_python_decorator.py
[2025-07-18T13:17:33.114+0000] {processor.py:830} INFO - Processing file /home/airflow/.local/lib/python3.8/site-packages/airflow/example_dags/example_python_decorator.py for tasks to queue
[2025-07-18T13:17:33.114+0000] {logging_mixin.py:188} INFO - [2025-07-18T13:17:33.114+0000] {dagbag.py:538} INFO - Filling up the DagBag from /home/airflow/.local/lib/python3.8/site-packages/airflow/example_dags/example_python_decorator.py
[2025-07-18T13:17:33.119+0000] {processor.py:840} INFO - DAG(s) 'example_python_decorator' retrieved from /home/airflow/.local/lib/python3.8/site-packages/airflow/example_dags/example_python_decorator.py
[2025-07-18T13:17:33.127+0000] {logging_mixin.py:188} INFO - [2025-07-18T13:17:33.127+0000] {dag.py:3036} INFO - Sync 1 DAGs
[2025-07-18T13:17:33.132+0000] {logging_mixin.py:188} INFO - [2025-07-18T13:17:33.132+0000] {dag.py:3823} INFO - Setting next_dagrun for example_python_decorator to None, run_after=None
[2025-07-18T13:17:33.137+0000] {processor.py:183} INFO - Processing /home/airflow/.local/lib/python3.8/site-packages/airflow/example_dags/example_python_decorator.py took 0.026 seconds
[2025-07-18T13:19:05.037+0000] {processor.py:161} INFO - Started process (PID=2829) to work on /home/airflow/.local/lib/python3.8/site-packages/airflow/example_dags/example_python_decorator.py
[2025-07-18T13:19:05.038+0000] {processor.py:830} INFO - Processing file /home/airflow/.local/lib/python3.8/site-packages/airflow/example_dags/example_python_decorator.py for tasks to queue
[2025-07-18T13:19:05.039+0000] {logging_mixin.py:188} INFO - [2025-07-18T13:19:05.039+0000] {dagbag.py:538} INFO - Filling up the DagBag from /home/airflow/.local/lib/python3.8/site-packages/airflow/example_dags/example_python_decorator.py
[2025-07-18T13:19:05.045+0000] {processor.py:840} INFO - DAG(s) 'example_python_decorator' retrieved from /home/airflow/.local/lib/python3.8/site-packages/airflow/example_dags/example_python_decorator.py
[2025-07-18T13:19:05.053+0000] {logging_mixin.py:188} INFO - [2025-07-18T13:19:05.053+0000] {dag.py:3036} INFO - Sync 1 DAGs
[2025-07-18T13:19:05.057+0000] {logging_mixin.py:188} INFO - [2025-07-18T13:19:05.057+0000] {dag.py:3823} INFO - Setting next_dagrun for example_python_decorator to None, run_after=None
[2025-07-18T13:19:05.063+0000] {processor.py:183} INFO - Processing /home/airflow/.local/lib/python3.8/site-packages/airflow/example_dags/example_python_decorator.py took 0.027 seconds
