[2025-07-18T12:59:39.013+0000] {processor.py:161} INFO - Started process (PID=88) to work on /home/airflow/.local/lib/python3.8/site-packages/airflow/example_dags/example_task_group_decorator.py
[2025-07-18T12:59:39.016+0000] {processor.py:830} INFO - Processing file /home/airflow/.local/lib/python3.8/site-packages/airflow/example_dags/example_task_group_decorator.py for tasks to queue
[2025-07-18T12:59:39.016+0000] {logging_mixin.py:188} INFO - [2025-07-18T12:59:39.016+0000] {dagbag.py:538} INFO - Filling up the DagBag from /home/airflow/.local/lib/python3.8/site-packages/airflow/example_dags/example_task_group_decorator.py
[2025-07-18T12:59:39.022+0000] {processor.py:840} INFO - DAG(s) 'example_task_group_decorator' retrieved from /home/airflow/.local/lib/python3.8/site-packages/airflow/example_dags/example_task_group_decorator.py
[2025-07-18T12:59:39.033+0000] {logging_mixin.py:188} INFO - [2025-07-18T12:59:39.033+0000] {dag.py:3036} INFO - Sync 1 DAGs
[2025-07-18T12:59:39.041+0000] {logging_mixin.py:188} INFO - [2025-07-18T12:59:39.041+0000] {dag.py:3823} INFO - Setting next_dagrun for example_task_group_decorator to 2025-07-17 00:00:00+00:00, run_after=2025-07-18 00:00:00+00:00
[2025-07-18T12:59:39.050+0000] {processor.py:183} INFO - Processing /home/airflow/.local/lib/python3.8/site-packages/airflow/example_dags/example_task_group_decorator.py took 0.038 seconds
[2025-07-18T13:00:10.050+0000] {processor.py:161} INFO - Started process (PID=151) to work on /home/airflow/.local/lib/python3.8/site-packages/airflow/example_dags/example_task_group_decorator.py
[2025-07-18T13:00:10.050+0000] {processor.py:830} INFO - Processing file /home/airflow/.local/lib/python3.8/site-packages/airflow/example_dags/example_task_group_decorator.py for tasks to queue
[2025-07-18T13:00:10.051+0000] {logging_mixin.py:188} INFO - [2025-07-18T13:00:10.051+0000] {dagbag.py:538} INFO - Filling up the DagBag from /home/airflow/.local/lib/python3.8/site-packages/airflow/example_dags/example_task_group_decorator.py
[2025-07-18T13:00:10.056+0000] {processor.py:840} INFO - DAG(s) 'example_task_group_decorator' retrieved from /home/airflow/.local/lib/python3.8/site-packages/airflow/example_dags/example_task_group_decorator.py
[2025-07-18T13:00:10.066+0000] {logging_mixin.py:188} INFO - [2025-07-18T13:00:10.065+0000] {dag.py:3036} INFO - Sync 1 DAGs
[2025-07-18T13:00:10.073+0000] {logging_mixin.py:188} INFO - [2025-07-18T13:00:10.073+0000] {dag.py:3823} INFO - Setting next_dagrun for example_task_group_decorator to 2025-07-17 00:00:00+00:00, run_after=2025-07-18 00:00:00+00:00
[2025-07-18T13:00:10.079+0000] {processor.py:183} INFO - Processing /home/airflow/.local/lib/python3.8/site-packages/airflow/example_dags/example_task_group_decorator.py took 0.031 seconds
[2025-07-18T13:00:40.150+0000] {processor.py:161} INFO - Started process (PID=222) to work on /home/airflow/.local/lib/python3.8/site-packages/airflow/example_dags/example_task_group_decorator.py
[2025-07-18T13:00:40.150+0000] {processor.py:830} INFO - Processing file /home/airflow/.local/lib/python3.8/site-packages/airflow/example_dags/example_task_group_decorator.py for tasks to queue
[2025-07-18T13:00:40.151+0000] {logging_mixin.py:188} INFO - [2025-07-18T13:00:40.151+0000] {dagbag.py:538} INFO - Filling up the DagBag from /home/airflow/.local/lib/python3.8/site-packages/airflow/example_dags/example_task_group_decorator.py
[2025-07-18T13:00:40.155+0000] {processor.py:840} INFO - DAG(s) 'example_task_group_decorator' retrieved from /home/airflow/.local/lib/python3.8/site-packages/airflow/example_dags/example_task_group_decorator.py
[2025-07-18T13:00:40.163+0000] {logging_mixin.py:188} INFO - [2025-07-18T13:00:40.163+0000] {dag.py:3036} INFO - Sync 1 DAGs
[2025-07-18T13:00:40.170+0000] {logging_mixin.py:188} INFO - [2025-07-18T13:00:40.170+0000] {dag.py:3823} INFO - Setting next_dagrun for example_task_group_decorator to 2025-07-17 00:00:00+00:00, run_after=2025-07-18 00:00:00+00:00
[2025-07-18T13:00:40.175+0000] {processor.py:183} INFO - Processing /home/airflow/.local/lib/python3.8/site-packages/airflow/example_dags/example_task_group_decorator.py took 0.026 seconds
[2025-07-18T13:01:10.346+0000] {processor.py:161} INFO - Started process (PID=295) to work on /home/airflow/.local/lib/python3.8/site-packages/airflow/example_dags/example_task_group_decorator.py
[2025-07-18T13:01:10.346+0000] {processor.py:830} INFO - Processing file /home/airflow/.local/lib/python3.8/site-packages/airflow/example_dags/example_task_group_decorator.py for tasks to queue
[2025-07-18T13:01:10.347+0000] {logging_mixin.py:188} INFO - [2025-07-18T13:01:10.347+0000] {dagbag.py:538} INFO - Filling up the DagBag from /home/airflow/.local/lib/python3.8/site-packages/airflow/example_dags/example_task_group_decorator.py
[2025-07-18T13:01:10.355+0000] {processor.py:840} INFO - DAG(s) 'example_task_group_decorator' retrieved from /home/airflow/.local/lib/python3.8/site-packages/airflow/example_dags/example_task_group_decorator.py
[2025-07-18T13:01:10.366+0000] {logging_mixin.py:188} INFO - [2025-07-18T13:01:10.366+0000] {dag.py:3036} INFO - Sync 1 DAGs
[2025-07-18T13:01:10.375+0000] {logging_mixin.py:188} INFO - [2025-07-18T13:01:10.375+0000] {dag.py:3823} INFO - Setting next_dagrun for example_task_group_decorator to 2025-07-17 00:00:00+00:00, run_after=2025-07-18 00:00:00+00:00
[2025-07-18T13:01:10.383+0000] {processor.py:183} INFO - Processing /home/airflow/.local/lib/python3.8/site-packages/airflow/example_dags/example_task_group_decorator.py took 0.039 seconds
[2025-07-18T13:01:40.950+0000] {processor.py:161} INFO - Started process (PID=368) to work on /home/airflow/.local/lib/python3.8/site-packages/airflow/example_dags/example_task_group_decorator.py
[2025-07-18T13:01:40.951+0000] {processor.py:830} INFO - Processing file /home/airflow/.local/lib/python3.8/site-packages/airflow/example_dags/example_task_group_decorator.py for tasks to queue
[2025-07-18T13:01:40.951+0000] {logging_mixin.py:188} INFO - [2025-07-18T13:01:40.951+0000] {dagbag.py:538} INFO - Filling up the DagBag from /home/airflow/.local/lib/python3.8/site-packages/airflow/example_dags/example_task_group_decorator.py
[2025-07-18T13:01:40.956+0000] {processor.py:840} INFO - DAG(s) 'example_task_group_decorator' retrieved from /home/airflow/.local/lib/python3.8/site-packages/airflow/example_dags/example_task_group_decorator.py
[2025-07-18T13:01:40.968+0000] {logging_mixin.py:188} INFO - [2025-07-18T13:01:40.967+0000] {dag.py:3036} INFO - Sync 1 DAGs
[2025-07-18T13:01:40.977+0000] {logging_mixin.py:188} INFO - [2025-07-18T13:01:40.977+0000] {dag.py:3823} INFO - Setting next_dagrun for example_task_group_decorator to 2025-07-17 00:00:00+00:00, run_after=2025-07-18 00:00:00+00:00
[2025-07-18T13:01:40.984+0000] {processor.py:183} INFO - Processing /home/airflow/.local/lib/python3.8/site-packages/airflow/example_dags/example_task_group_decorator.py took 0.035 seconds
[2025-07-18T13:02:11.756+0000] {processor.py:161} INFO - Started process (PID=441) to work on /home/airflow/.local/lib/python3.8/site-packages/airflow/example_dags/example_task_group_decorator.py
[2025-07-18T13:02:11.756+0000] {processor.py:830} INFO - Processing file /home/airflow/.local/lib/python3.8/site-packages/airflow/example_dags/example_task_group_decorator.py for tasks to queue
[2025-07-18T13:02:11.757+0000] {logging_mixin.py:188} INFO - [2025-07-18T13:02:11.757+0000] {dagbag.py:538} INFO - Filling up the DagBag from /home/airflow/.local/lib/python3.8/site-packages/airflow/example_dags/example_task_group_decorator.py
[2025-07-18T13:02:11.761+0000] {processor.py:840} INFO - DAG(s) 'example_task_group_decorator' retrieved from /home/airflow/.local/lib/python3.8/site-packages/airflow/example_dags/example_task_group_decorator.py
[2025-07-18T13:02:11.769+0000] {logging_mixin.py:188} INFO - [2025-07-18T13:02:11.769+0000] {dag.py:3036} INFO - Sync 1 DAGs
[2025-07-18T13:02:11.775+0000] {logging_mixin.py:188} INFO - [2025-07-18T13:02:11.775+0000] {dag.py:3823} INFO - Setting next_dagrun for example_task_group_decorator to 2025-07-17 00:00:00+00:00, run_after=2025-07-18 00:00:00+00:00
[2025-07-18T13:02:11.780+0000] {processor.py:183} INFO - Processing /home/airflow/.local/lib/python3.8/site-packages/airflow/example_dags/example_task_group_decorator.py took 0.026 seconds
[2025-07-18T13:02:41.927+0000] {processor.py:161} INFO - Started process (PID=514) to work on /home/airflow/.local/lib/python3.8/site-packages/airflow/example_dags/example_task_group_decorator.py
[2025-07-18T13:02:41.928+0000] {processor.py:830} INFO - Processing file /home/airflow/.local/lib/python3.8/site-packages/airflow/example_dags/example_task_group_decorator.py for tasks to queue
[2025-07-18T13:02:41.928+0000] {logging_mixin.py:188} INFO - [2025-07-18T13:02:41.928+0000] {dagbag.py:538} INFO - Filling up the DagBag from /home/airflow/.local/lib/python3.8/site-packages/airflow/example_dags/example_task_group_decorator.py
[2025-07-18T13:02:41.933+0000] {processor.py:840} INFO - DAG(s) 'example_task_group_decorator' retrieved from /home/airflow/.local/lib/python3.8/site-packages/airflow/example_dags/example_task_group_decorator.py
[2025-07-18T13:02:41.944+0000] {logging_mixin.py:188} INFO - [2025-07-18T13:02:41.944+0000] {dag.py:3036} INFO - Sync 1 DAGs
[2025-07-18T13:02:41.953+0000] {logging_mixin.py:188} INFO - [2025-07-18T13:02:41.952+0000] {dag.py:3823} INFO - Setting next_dagrun for example_task_group_decorator to 2025-07-17 00:00:00+00:00, run_after=2025-07-18 00:00:00+00:00
[2025-07-18T13:02:41.958+0000] {processor.py:183} INFO - Processing /home/airflow/.local/lib/python3.8/site-packages/airflow/example_dags/example_task_group_decorator.py took 0.033 seconds
[2025-07-18T13:03:12.847+0000] {processor.py:161} INFO - Started process (PID=587) to work on /home/airflow/.local/lib/python3.8/site-packages/airflow/example_dags/example_task_group_decorator.py
[2025-07-18T13:03:12.849+0000] {processor.py:830} INFO - Processing file /home/airflow/.local/lib/python3.8/site-packages/airflow/example_dags/example_task_group_decorator.py for tasks to queue
[2025-07-18T13:03:12.850+0000] {logging_mixin.py:188} INFO - [2025-07-18T13:03:12.850+0000] {dagbag.py:538} INFO - Filling up the DagBag from /home/airflow/.local/lib/python3.8/site-packages/airflow/example_dags/example_task_group_decorator.py
[2025-07-18T13:03:12.855+0000] {processor.py:840} INFO - DAG(s) 'example_task_group_decorator' retrieved from /home/airflow/.local/lib/python3.8/site-packages/airflow/example_dags/example_task_group_decorator.py
[2025-07-18T13:03:12.864+0000] {logging_mixin.py:188} INFO - [2025-07-18T13:03:12.864+0000] {dag.py:3036} INFO - Sync 1 DAGs
[2025-07-18T13:03:12.873+0000] {logging_mixin.py:188} INFO - [2025-07-18T13:03:12.873+0000] {dag.py:3823} INFO - Setting next_dagrun for example_task_group_decorator to 2025-07-17 00:00:00+00:00, run_after=2025-07-18 00:00:00+00:00
[2025-07-18T13:03:12.880+0000] {processor.py:183} INFO - Processing /home/airflow/.local/lib/python3.8/site-packages/airflow/example_dags/example_task_group_decorator.py took 0.034 seconds
[2025-07-18T13:03:43.603+0000] {processor.py:161} INFO - Started process (PID=660) to work on /home/airflow/.local/lib/python3.8/site-packages/airflow/example_dags/example_task_group_decorator.py
[2025-07-18T13:03:43.604+0000] {processor.py:830} INFO - Processing file /home/airflow/.local/lib/python3.8/site-packages/airflow/example_dags/example_task_group_decorator.py for tasks to queue
[2025-07-18T13:03:43.605+0000] {logging_mixin.py:188} INFO - [2025-07-18T13:03:43.605+0000] {dagbag.py:538} INFO - Filling up the DagBag from /home/airflow/.local/lib/python3.8/site-packages/airflow/example_dags/example_task_group_decorator.py
[2025-07-18T13:03:43.610+0000] {processor.py:840} INFO - DAG(s) 'example_task_group_decorator' retrieved from /home/airflow/.local/lib/python3.8/site-packages/airflow/example_dags/example_task_group_decorator.py
[2025-07-18T13:03:43.620+0000] {logging_mixin.py:188} INFO - [2025-07-18T13:03:43.620+0000] {dag.py:3036} INFO - Sync 1 DAGs
[2025-07-18T13:03:43.630+0000] {logging_mixin.py:188} INFO - [2025-07-18T13:03:43.630+0000] {dag.py:3823} INFO - Setting next_dagrun for example_task_group_decorator to 2025-07-17 00:00:00+00:00, run_after=2025-07-18 00:00:00+00:00
[2025-07-18T13:03:43.637+0000] {processor.py:183} INFO - Processing /home/airflow/.local/lib/python3.8/site-packages/airflow/example_dags/example_task_group_decorator.py took 0.035 seconds
[2025-07-18T13:04:14.372+0000] {processor.py:161} INFO - Started process (PID=732) to work on /home/airflow/.local/lib/python3.8/site-packages/airflow/example_dags/example_task_group_decorator.py
[2025-07-18T13:04:14.372+0000] {processor.py:830} INFO - Processing file /home/airflow/.local/lib/python3.8/site-packages/airflow/example_dags/example_task_group_decorator.py for tasks to queue
[2025-07-18T13:04:14.373+0000] {logging_mixin.py:188} INFO - [2025-07-18T13:04:14.373+0000] {dagbag.py:538} INFO - Filling up the DagBag from /home/airflow/.local/lib/python3.8/site-packages/airflow/example_dags/example_task_group_decorator.py
[2025-07-18T13:04:14.378+0000] {processor.py:840} INFO - DAG(s) 'example_task_group_decorator' retrieved from /home/airflow/.local/lib/python3.8/site-packages/airflow/example_dags/example_task_group_decorator.py
[2025-07-18T13:04:14.389+0000] {logging_mixin.py:188} INFO - [2025-07-18T13:04:14.389+0000] {dag.py:3036} INFO - Sync 1 DAGs
[2025-07-18T13:04:14.396+0000] {logging_mixin.py:188} INFO - [2025-07-18T13:04:14.396+0000] {dag.py:3823} INFO - Setting next_dagrun for example_task_group_decorator to 2025-07-17 00:00:00+00:00, run_after=2025-07-18 00:00:00+00:00
[2025-07-18T13:04:14.403+0000] {processor.py:183} INFO - Processing /home/airflow/.local/lib/python3.8/site-packages/airflow/example_dags/example_task_group_decorator.py took 0.033 seconds
[2025-07-18T13:04:45.102+0000] {processor.py:161} INFO - Started process (PID=811) to work on /home/airflow/.local/lib/python3.8/site-packages/airflow/example_dags/example_task_group_decorator.py
[2025-07-18T13:04:45.102+0000] {processor.py:830} INFO - Processing file /home/airflow/.local/lib/python3.8/site-packages/airflow/example_dags/example_task_group_decorator.py for tasks to queue
[2025-07-18T13:04:45.103+0000] {logging_mixin.py:188} INFO - [2025-07-18T13:04:45.103+0000] {dagbag.py:538} INFO - Filling up the DagBag from /home/airflow/.local/lib/python3.8/site-packages/airflow/example_dags/example_task_group_decorator.py
[2025-07-18T13:04:45.108+0000] {processor.py:840} INFO - DAG(s) 'example_task_group_decorator' retrieved from /home/airflow/.local/lib/python3.8/site-packages/airflow/example_dags/example_task_group_decorator.py
[2025-07-18T13:04:45.118+0000] {logging_mixin.py:188} INFO - [2025-07-18T13:04:45.118+0000] {dag.py:3036} INFO - Sync 1 DAGs
[2025-07-18T13:04:45.128+0000] {logging_mixin.py:188} INFO - [2025-07-18T13:04:45.127+0000] {dag.py:3823} INFO - Setting next_dagrun for example_task_group_decorator to 2025-07-17 00:00:00+00:00, run_after=2025-07-18 00:00:00+00:00
[2025-07-18T13:04:45.135+0000] {processor.py:183} INFO - Processing /home/airflow/.local/lib/python3.8/site-packages/airflow/example_dags/example_task_group_decorator.py took 0.034 seconds
[2025-07-18T13:05:15.794+0000] {processor.py:161} INFO - Started process (PID=884) to work on /home/airflow/.local/lib/python3.8/site-packages/airflow/example_dags/example_task_group_decorator.py
[2025-07-18T13:05:15.794+0000] {processor.py:830} INFO - Processing file /home/airflow/.local/lib/python3.8/site-packages/airflow/example_dags/example_task_group_decorator.py for tasks to queue
[2025-07-18T13:05:15.795+0000] {logging_mixin.py:188} INFO - [2025-07-18T13:05:15.795+0000] {dagbag.py:538} INFO - Filling up the DagBag from /home/airflow/.local/lib/python3.8/site-packages/airflow/example_dags/example_task_group_decorator.py
[2025-07-18T13:05:15.800+0000] {processor.py:840} INFO - DAG(s) 'example_task_group_decorator' retrieved from /home/airflow/.local/lib/python3.8/site-packages/airflow/example_dags/example_task_group_decorator.py
[2025-07-18T13:05:15.812+0000] {logging_mixin.py:188} INFO - [2025-07-18T13:05:15.812+0000] {dag.py:3036} INFO - Sync 1 DAGs
[2025-07-18T13:05:15.820+0000] {logging_mixin.py:188} INFO - [2025-07-18T13:05:15.820+0000] {dag.py:3823} INFO - Setting next_dagrun for example_task_group_decorator to 2025-07-17 00:00:00+00:00, run_after=2025-07-18 00:00:00+00:00
[2025-07-18T13:05:15.830+0000] {processor.py:183} INFO - Processing /home/airflow/.local/lib/python3.8/site-packages/airflow/example_dags/example_task_group_decorator.py took 0.037 seconds
[2025-07-18T13:05:46.555+0000] {processor.py:161} INFO - Started process (PID=957) to work on /home/airflow/.local/lib/python3.8/site-packages/airflow/example_dags/example_task_group_decorator.py
[2025-07-18T13:05:46.556+0000] {processor.py:830} INFO - Processing file /home/airflow/.local/lib/python3.8/site-packages/airflow/example_dags/example_task_group_decorator.py for tasks to queue
[2025-07-18T13:05:46.556+0000] {logging_mixin.py:188} INFO - [2025-07-18T13:05:46.556+0000] {dagbag.py:538} INFO - Filling up the DagBag from /home/airflow/.local/lib/python3.8/site-packages/airflow/example_dags/example_task_group_decorator.py
[2025-07-18T13:05:46.562+0000] {processor.py:840} INFO - DAG(s) 'example_task_group_decorator' retrieved from /home/airflow/.local/lib/python3.8/site-packages/airflow/example_dags/example_task_group_decorator.py
[2025-07-18T13:05:46.571+0000] {logging_mixin.py:188} INFO - [2025-07-18T13:05:46.571+0000] {dag.py:3036} INFO - Sync 1 DAGs
[2025-07-18T13:05:46.579+0000] {logging_mixin.py:188} INFO - [2025-07-18T13:05:46.579+0000] {dag.py:3823} INFO - Setting next_dagrun for example_task_group_decorator to 2025-07-17 00:00:00+00:00, run_after=2025-07-18 00:00:00+00:00
[2025-07-18T13:05:46.589+0000] {processor.py:183} INFO - Processing /home/airflow/.local/lib/python3.8/site-packages/airflow/example_dags/example_task_group_decorator.py took 0.036 seconds
[2025-07-18T13:06:17.492+0000] {processor.py:161} INFO - Started process (PID=1030) to work on /home/airflow/.local/lib/python3.8/site-packages/airflow/example_dags/example_task_group_decorator.py
[2025-07-18T13:06:17.493+0000] {processor.py:830} INFO - Processing file /home/airflow/.local/lib/python3.8/site-packages/airflow/example_dags/example_task_group_decorator.py for tasks to queue
[2025-07-18T13:06:17.495+0000] {logging_mixin.py:188} INFO - [2025-07-18T13:06:17.495+0000] {dagbag.py:538} INFO - Filling up the DagBag from /home/airflow/.local/lib/python3.8/site-packages/airflow/example_dags/example_task_group_decorator.py
[2025-07-18T13:06:17.501+0000] {processor.py:840} INFO - DAG(s) 'example_task_group_decorator' retrieved from /home/airflow/.local/lib/python3.8/site-packages/airflow/example_dags/example_task_group_decorator.py
[2025-07-18T13:06:17.513+0000] {logging_mixin.py:188} INFO - [2025-07-18T13:06:17.513+0000] {dag.py:3036} INFO - Sync 1 DAGs
[2025-07-18T13:06:17.521+0000] {logging_mixin.py:188} INFO - [2025-07-18T13:06:17.521+0000] {dag.py:3823} INFO - Setting next_dagrun for example_task_group_decorator to 2025-07-17 00:00:00+00:00, run_after=2025-07-18 00:00:00+00:00
[2025-07-18T13:06:17.529+0000] {processor.py:183} INFO - Processing /home/airflow/.local/lib/python3.8/site-packages/airflow/example_dags/example_task_group_decorator.py took 0.039 seconds
[2025-07-18T13:06:48.720+0000] {processor.py:161} INFO - Started process (PID=1102) to work on /home/airflow/.local/lib/python3.8/site-packages/airflow/example_dags/example_task_group_decorator.py
[2025-07-18T13:06:48.721+0000] {processor.py:830} INFO - Processing file /home/airflow/.local/lib/python3.8/site-packages/airflow/example_dags/example_task_group_decorator.py for tasks to queue
[2025-07-18T13:06:48.722+0000] {logging_mixin.py:188} INFO - [2025-07-18T13:06:48.721+0000] {dagbag.py:538} INFO - Filling up the DagBag from /home/airflow/.local/lib/python3.8/site-packages/airflow/example_dags/example_task_group_decorator.py
[2025-07-18T13:06:48.727+0000] {processor.py:840} INFO - DAG(s) 'example_task_group_decorator' retrieved from /home/airflow/.local/lib/python3.8/site-packages/airflow/example_dags/example_task_group_decorator.py
[2025-07-18T13:06:48.736+0000] {logging_mixin.py:188} INFO - [2025-07-18T13:06:48.735+0000] {dag.py:3036} INFO - Sync 1 DAGs
[2025-07-18T13:06:48.743+0000] {logging_mixin.py:188} INFO - [2025-07-18T13:06:48.743+0000] {dag.py:3823} INFO - Setting next_dagrun for example_task_group_decorator to 2025-07-17 00:00:00+00:00, run_after=2025-07-18 00:00:00+00:00
[2025-07-18T13:06:48.749+0000] {processor.py:183} INFO - Processing /home/airflow/.local/lib/python3.8/site-packages/airflow/example_dags/example_task_group_decorator.py took 0.030 seconds
[2025-07-18T13:07:19.578+0000] {processor.py:161} INFO - Started process (PID=1175) to work on /home/airflow/.local/lib/python3.8/site-packages/airflow/example_dags/example_task_group_decorator.py
[2025-07-18T13:07:19.579+0000] {processor.py:830} INFO - Processing file /home/airflow/.local/lib/python3.8/site-packages/airflow/example_dags/example_task_group_decorator.py for tasks to queue
[2025-07-18T13:07:19.579+0000] {logging_mixin.py:188} INFO - [2025-07-18T13:07:19.579+0000] {dagbag.py:538} INFO - Filling up the DagBag from /home/airflow/.local/lib/python3.8/site-packages/airflow/example_dags/example_task_group_decorator.py
[2025-07-18T13:07:19.584+0000] {processor.py:840} INFO - DAG(s) 'example_task_group_decorator' retrieved from /home/airflow/.local/lib/python3.8/site-packages/airflow/example_dags/example_task_group_decorator.py
[2025-07-18T13:07:19.598+0000] {logging_mixin.py:188} INFO - [2025-07-18T13:07:19.598+0000] {dag.py:3036} INFO - Sync 1 DAGs
[2025-07-18T13:07:19.607+0000] {logging_mixin.py:188} INFO - [2025-07-18T13:07:19.607+0000] {dag.py:3823} INFO - Setting next_dagrun for example_task_group_decorator to 2025-07-17 00:00:00+00:00, run_after=2025-07-18 00:00:00+00:00
[2025-07-18T13:07:19.616+0000] {processor.py:183} INFO - Processing /home/airflow/.local/lib/python3.8/site-packages/airflow/example_dags/example_task_group_decorator.py took 0.039 seconds
[2025-07-18T13:07:50.465+0000] {processor.py:161} INFO - Started process (PID=1248) to work on /home/airflow/.local/lib/python3.8/site-packages/airflow/example_dags/example_task_group_decorator.py
[2025-07-18T13:07:50.466+0000] {processor.py:830} INFO - Processing file /home/airflow/.local/lib/python3.8/site-packages/airflow/example_dags/example_task_group_decorator.py for tasks to queue
[2025-07-18T13:07:50.467+0000] {logging_mixin.py:188} INFO - [2025-07-18T13:07:50.466+0000] {dagbag.py:538} INFO - Filling up the DagBag from /home/airflow/.local/lib/python3.8/site-packages/airflow/example_dags/example_task_group_decorator.py
[2025-07-18T13:07:50.471+0000] {processor.py:840} INFO - DAG(s) 'example_task_group_decorator' retrieved from /home/airflow/.local/lib/python3.8/site-packages/airflow/example_dags/example_task_group_decorator.py
[2025-07-18T13:07:50.485+0000] {logging_mixin.py:188} INFO - [2025-07-18T13:07:50.485+0000] {dag.py:3036} INFO - Sync 1 DAGs
[2025-07-18T13:07:50.493+0000] {logging_mixin.py:188} INFO - [2025-07-18T13:07:50.493+0000] {dag.py:3823} INFO - Setting next_dagrun for example_task_group_decorator to 2025-07-17 00:00:00+00:00, run_after=2025-07-18 00:00:00+00:00
[2025-07-18T13:07:50.502+0000] {processor.py:183} INFO - Processing /home/airflow/.local/lib/python3.8/site-packages/airflow/example_dags/example_task_group_decorator.py took 0.038 seconds
[2025-07-18T13:08:21.132+0000] {processor.py:161} INFO - Started process (PID=1321) to work on /home/airflow/.local/lib/python3.8/site-packages/airflow/example_dags/example_task_group_decorator.py
[2025-07-18T13:08:21.132+0000] {processor.py:830} INFO - Processing file /home/airflow/.local/lib/python3.8/site-packages/airflow/example_dags/example_task_group_decorator.py for tasks to queue
[2025-07-18T13:08:21.133+0000] {logging_mixin.py:188} INFO - [2025-07-18T13:08:21.133+0000] {dagbag.py:538} INFO - Filling up the DagBag from /home/airflow/.local/lib/python3.8/site-packages/airflow/example_dags/example_task_group_decorator.py
[2025-07-18T13:08:21.137+0000] {processor.py:840} INFO - DAG(s) 'example_task_group_decorator' retrieved from /home/airflow/.local/lib/python3.8/site-packages/airflow/example_dags/example_task_group_decorator.py
[2025-07-18T13:08:21.146+0000] {logging_mixin.py:188} INFO - [2025-07-18T13:08:21.145+0000] {dag.py:3036} INFO - Sync 1 DAGs
[2025-07-18T13:08:21.153+0000] {logging_mixin.py:188} INFO - [2025-07-18T13:08:21.153+0000] {dag.py:3823} INFO - Setting next_dagrun for example_task_group_decorator to 2025-07-17 00:00:00+00:00, run_after=2025-07-18 00:00:00+00:00
[2025-07-18T13:08:21.159+0000] {processor.py:183} INFO - Processing /home/airflow/.local/lib/python3.8/site-packages/airflow/example_dags/example_task_group_decorator.py took 0.028 seconds
[2025-07-18T13:08:51.824+0000] {processor.py:161} INFO - Started process (PID=1394) to work on /home/airflow/.local/lib/python3.8/site-packages/airflow/example_dags/example_task_group_decorator.py
[2025-07-18T13:08:51.824+0000] {processor.py:830} INFO - Processing file /home/airflow/.local/lib/python3.8/site-packages/airflow/example_dags/example_task_group_decorator.py for tasks to queue
[2025-07-18T13:08:51.825+0000] {logging_mixin.py:188} INFO - [2025-07-18T13:08:51.825+0000] {dagbag.py:538} INFO - Filling up the DagBag from /home/airflow/.local/lib/python3.8/site-packages/airflow/example_dags/example_task_group_decorator.py
[2025-07-18T13:08:51.832+0000] {processor.py:840} INFO - DAG(s) 'example_task_group_decorator' retrieved from /home/airflow/.local/lib/python3.8/site-packages/airflow/example_dags/example_task_group_decorator.py
[2025-07-18T13:08:51.842+0000] {logging_mixin.py:188} INFO - [2025-07-18T13:08:51.842+0000] {dag.py:3036} INFO - Sync 1 DAGs
[2025-07-18T13:08:51.852+0000] {logging_mixin.py:188} INFO - [2025-07-18T13:08:51.852+0000] {dag.py:3823} INFO - Setting next_dagrun for example_task_group_decorator to 2025-07-17 00:00:00+00:00, run_after=2025-07-18 00:00:00+00:00
[2025-07-18T13:08:51.858+0000] {processor.py:183} INFO - Processing /home/airflow/.local/lib/python3.8/site-packages/airflow/example_dags/example_task_group_decorator.py took 0.036 seconds
[2025-07-18T13:09:22.398+0000] {processor.py:161} INFO - Started process (PID=1467) to work on /home/airflow/.local/lib/python3.8/site-packages/airflow/example_dags/example_task_group_decorator.py
[2025-07-18T13:09:22.398+0000] {processor.py:830} INFO - Processing file /home/airflow/.local/lib/python3.8/site-packages/airflow/example_dags/example_task_group_decorator.py for tasks to queue
[2025-07-18T13:09:22.399+0000] {logging_mixin.py:188} INFO - [2025-07-18T13:09:22.399+0000] {dagbag.py:538} INFO - Filling up the DagBag from /home/airflow/.local/lib/python3.8/site-packages/airflow/example_dags/example_task_group_decorator.py
[2025-07-18T13:09:22.404+0000] {processor.py:840} INFO - DAG(s) 'example_task_group_decorator' retrieved from /home/airflow/.local/lib/python3.8/site-packages/airflow/example_dags/example_task_group_decorator.py
[2025-07-18T13:09:22.413+0000] {logging_mixin.py:188} INFO - [2025-07-18T13:09:22.413+0000] {dag.py:3036} INFO - Sync 1 DAGs
[2025-07-18T13:09:22.420+0000] {logging_mixin.py:188} INFO - [2025-07-18T13:09:22.420+0000] {dag.py:3823} INFO - Setting next_dagrun for example_task_group_decorator to 2025-07-17 00:00:00+00:00, run_after=2025-07-18 00:00:00+00:00
[2025-07-18T13:09:22.427+0000] {processor.py:183} INFO - Processing /home/airflow/.local/lib/python3.8/site-packages/airflow/example_dags/example_task_group_decorator.py took 0.030 seconds
[2025-07-18T13:09:53.019+0000] {processor.py:161} INFO - Started process (PID=1540) to work on /home/airflow/.local/lib/python3.8/site-packages/airflow/example_dags/example_task_group_decorator.py
[2025-07-18T13:09:53.019+0000] {processor.py:830} INFO - Processing file /home/airflow/.local/lib/python3.8/site-packages/airflow/example_dags/example_task_group_decorator.py for tasks to queue
[2025-07-18T13:09:53.020+0000] {logging_mixin.py:188} INFO - [2025-07-18T13:09:53.020+0000] {dagbag.py:538} INFO - Filling up the DagBag from /home/airflow/.local/lib/python3.8/site-packages/airflow/example_dags/example_task_group_decorator.py
[2025-07-18T13:09:53.025+0000] {processor.py:840} INFO - DAG(s) 'example_task_group_decorator' retrieved from /home/airflow/.local/lib/python3.8/site-packages/airflow/example_dags/example_task_group_decorator.py
[2025-07-18T13:09:53.037+0000] {logging_mixin.py:188} INFO - [2025-07-18T13:09:53.037+0000] {dag.py:3036} INFO - Sync 1 DAGs
[2025-07-18T13:09:53.045+0000] {logging_mixin.py:188} INFO - [2025-07-18T13:09:53.045+0000] {dag.py:3823} INFO - Setting next_dagrun for example_task_group_decorator to 2025-07-17 00:00:00+00:00, run_after=2025-07-18 00:00:00+00:00
[2025-07-18T13:09:53.053+0000] {processor.py:183} INFO - Processing /home/airflow/.local/lib/python3.8/site-packages/airflow/example_dags/example_task_group_decorator.py took 0.036 seconds
[2025-07-18T13:10:23.756+0000] {processor.py:161} INFO - Started process (PID=1613) to work on /home/airflow/.local/lib/python3.8/site-packages/airflow/example_dags/example_task_group_decorator.py
[2025-07-18T13:10:23.756+0000] {processor.py:830} INFO - Processing file /home/airflow/.local/lib/python3.8/site-packages/airflow/example_dags/example_task_group_decorator.py for tasks to queue
[2025-07-18T13:10:23.757+0000] {logging_mixin.py:188} INFO - [2025-07-18T13:10:23.757+0000] {dagbag.py:538} INFO - Filling up the DagBag from /home/airflow/.local/lib/python3.8/site-packages/airflow/example_dags/example_task_group_decorator.py
[2025-07-18T13:10:23.762+0000] {processor.py:840} INFO - DAG(s) 'example_task_group_decorator' retrieved from /home/airflow/.local/lib/python3.8/site-packages/airflow/example_dags/example_task_group_decorator.py
[2025-07-18T13:10:23.771+0000] {logging_mixin.py:188} INFO - [2025-07-18T13:10:23.771+0000] {dag.py:3036} INFO - Sync 1 DAGs
[2025-07-18T13:10:23.779+0000] {logging_mixin.py:188} INFO - [2025-07-18T13:10:23.779+0000] {dag.py:3823} INFO - Setting next_dagrun for example_task_group_decorator to 2025-07-17 00:00:00+00:00, run_after=2025-07-18 00:00:00+00:00
[2025-07-18T13:10:23.786+0000] {processor.py:183} INFO - Processing /home/airflow/.local/lib/python3.8/site-packages/airflow/example_dags/example_task_group_decorator.py took 0.032 seconds
[2025-07-18T13:10:54.666+0000] {processor.py:161} INFO - Started process (PID=1686) to work on /home/airflow/.local/lib/python3.8/site-packages/airflow/example_dags/example_task_group_decorator.py
[2025-07-18T13:10:54.666+0000] {processor.py:830} INFO - Processing file /home/airflow/.local/lib/python3.8/site-packages/airflow/example_dags/example_task_group_decorator.py for tasks to queue
[2025-07-18T13:10:54.667+0000] {logging_mixin.py:188} INFO - [2025-07-18T13:10:54.667+0000] {dagbag.py:538} INFO - Filling up the DagBag from /home/airflow/.local/lib/python3.8/site-packages/airflow/example_dags/example_task_group_decorator.py
[2025-07-18T13:10:54.672+0000] {processor.py:840} INFO - DAG(s) 'example_task_group_decorator' retrieved from /home/airflow/.local/lib/python3.8/site-packages/airflow/example_dags/example_task_group_decorator.py
[2025-07-18T13:10:54.683+0000] {logging_mixin.py:188} INFO - [2025-07-18T13:10:54.683+0000] {dag.py:3036} INFO - Sync 1 DAGs
[2025-07-18T13:10:54.691+0000] {logging_mixin.py:188} INFO - [2025-07-18T13:10:54.691+0000] {dag.py:3823} INFO - Setting next_dagrun for example_task_group_decorator to 2025-07-17 00:00:00+00:00, run_after=2025-07-18 00:00:00+00:00
[2025-07-18T13:10:54.699+0000] {processor.py:183} INFO - Processing /home/airflow/.local/lib/python3.8/site-packages/airflow/example_dags/example_task_group_decorator.py took 0.034 seconds
[2025-07-18T13:11:25.424+0000] {processor.py:161} INFO - Started process (PID=1759) to work on /home/airflow/.local/lib/python3.8/site-packages/airflow/example_dags/example_task_group_decorator.py
[2025-07-18T13:11:25.424+0000] {processor.py:830} INFO - Processing file /home/airflow/.local/lib/python3.8/site-packages/airflow/example_dags/example_task_group_decorator.py for tasks to queue
[2025-07-18T13:11:25.425+0000] {logging_mixin.py:188} INFO - [2025-07-18T13:11:25.425+0000] {dagbag.py:538} INFO - Filling up the DagBag from /home/airflow/.local/lib/python3.8/site-packages/airflow/example_dags/example_task_group_decorator.py
[2025-07-18T13:11:25.430+0000] {processor.py:840} INFO - DAG(s) 'example_task_group_decorator' retrieved from /home/airflow/.local/lib/python3.8/site-packages/airflow/example_dags/example_task_group_decorator.py
[2025-07-18T13:11:25.439+0000] {logging_mixin.py:188} INFO - [2025-07-18T13:11:25.439+0000] {dag.py:3036} INFO - Sync 1 DAGs
[2025-07-18T13:11:25.447+0000] {logging_mixin.py:188} INFO - [2025-07-18T13:11:25.447+0000] {dag.py:3823} INFO - Setting next_dagrun for example_task_group_decorator to 2025-07-17 00:00:00+00:00, run_after=2025-07-18 00:00:00+00:00
[2025-07-18T13:11:25.454+0000] {processor.py:183} INFO - Processing /home/airflow/.local/lib/python3.8/site-packages/airflow/example_dags/example_task_group_decorator.py took 0.031 seconds
[2025-07-18T13:11:56.368+0000] {processor.py:161} INFO - Started process (PID=1832) to work on /home/airflow/.local/lib/python3.8/site-packages/airflow/example_dags/example_task_group_decorator.py
[2025-07-18T13:11:56.369+0000] {processor.py:830} INFO - Processing file /home/airflow/.local/lib/python3.8/site-packages/airflow/example_dags/example_task_group_decorator.py for tasks to queue
[2025-07-18T13:11:56.370+0000] {logging_mixin.py:188} INFO - [2025-07-18T13:11:56.369+0000] {dagbag.py:538} INFO - Filling up the DagBag from /home/airflow/.local/lib/python3.8/site-packages/airflow/example_dags/example_task_group_decorator.py
[2025-07-18T13:11:56.375+0000] {processor.py:840} INFO - DAG(s) 'example_task_group_decorator' retrieved from /home/airflow/.local/lib/python3.8/site-packages/airflow/example_dags/example_task_group_decorator.py
[2025-07-18T13:11:56.384+0000] {logging_mixin.py:188} INFO - [2025-07-18T13:11:56.384+0000] {dag.py:3036} INFO - Sync 1 DAGs
[2025-07-18T13:11:56.461+0000] {logging_mixin.py:188} INFO - [2025-07-18T13:11:56.461+0000] {dag.py:3823} INFO - Setting next_dagrun for example_task_group_decorator to 2025-07-17 00:00:00+00:00, run_after=2025-07-18 00:00:00+00:00
[2025-07-18T13:11:56.473+0000] {processor.py:183} INFO - Processing /home/airflow/.local/lib/python3.8/site-packages/airflow/example_dags/example_task_group_decorator.py took 0.106 seconds
[2025-07-18T13:12:27.604+0000] {processor.py:161} INFO - Started process (PID=1904) to work on /home/airflow/.local/lib/python3.8/site-packages/airflow/example_dags/example_task_group_decorator.py
[2025-07-18T13:12:27.606+0000] {processor.py:830} INFO - Processing file /home/airflow/.local/lib/python3.8/site-packages/airflow/example_dags/example_task_group_decorator.py for tasks to queue
[2025-07-18T13:12:27.607+0000] {logging_mixin.py:188} INFO - [2025-07-18T13:12:27.607+0000] {dagbag.py:538} INFO - Filling up the DagBag from /home/airflow/.local/lib/python3.8/site-packages/airflow/example_dags/example_task_group_decorator.py
[2025-07-18T13:12:27.613+0000] {processor.py:840} INFO - DAG(s) 'example_task_group_decorator' retrieved from /home/airflow/.local/lib/python3.8/site-packages/airflow/example_dags/example_task_group_decorator.py
[2025-07-18T13:12:27.630+0000] {logging_mixin.py:188} INFO - [2025-07-18T13:12:27.630+0000] {dag.py:3036} INFO - Sync 1 DAGs
[2025-07-18T13:12:27.708+0000] {logging_mixin.py:188} INFO - [2025-07-18T13:12:27.708+0000] {dag.py:3823} INFO - Setting next_dagrun for example_task_group_decorator to 2025-07-17 00:00:00+00:00, run_after=2025-07-18 00:00:00+00:00
[2025-07-18T13:12:27.722+0000] {processor.py:183} INFO - Processing /home/airflow/.local/lib/python3.8/site-packages/airflow/example_dags/example_task_group_decorator.py took 0.120 seconds
[2025-07-18T13:12:58.160+0000] {processor.py:161} INFO - Started process (PID=1977) to work on /home/airflow/.local/lib/python3.8/site-packages/airflow/example_dags/example_task_group_decorator.py
[2025-07-18T13:12:58.161+0000] {processor.py:830} INFO - Processing file /home/airflow/.local/lib/python3.8/site-packages/airflow/example_dags/example_task_group_decorator.py for tasks to queue
[2025-07-18T13:12:58.161+0000] {logging_mixin.py:188} INFO - [2025-07-18T13:12:58.161+0000] {dagbag.py:538} INFO - Filling up the DagBag from /home/airflow/.local/lib/python3.8/site-packages/airflow/example_dags/example_task_group_decorator.py
[2025-07-18T13:12:58.170+0000] {processor.py:840} INFO - DAG(s) 'example_task_group_decorator' retrieved from /home/airflow/.local/lib/python3.8/site-packages/airflow/example_dags/example_task_group_decorator.py
[2025-07-18T13:12:58.187+0000] {logging_mixin.py:188} INFO - [2025-07-18T13:12:58.186+0000] {dag.py:3036} INFO - Sync 1 DAGs
[2025-07-18T13:12:58.255+0000] {logging_mixin.py:188} INFO - [2025-07-18T13:12:58.255+0000] {dag.py:3823} INFO - Setting next_dagrun for example_task_group_decorator to 2025-07-17 00:00:00+00:00, run_after=2025-07-18 00:00:00+00:00
[2025-07-18T13:12:58.262+0000] {processor.py:183} INFO - Processing /home/airflow/.local/lib/python3.8/site-packages/airflow/example_dags/example_task_group_decorator.py took 0.103 seconds
[2025-07-18T13:13:28.783+0000] {processor.py:161} INFO - Started process (PID=2050) to work on /home/airflow/.local/lib/python3.8/site-packages/airflow/example_dags/example_task_group_decorator.py
[2025-07-18T13:13:28.783+0000] {processor.py:830} INFO - Processing file /home/airflow/.local/lib/python3.8/site-packages/airflow/example_dags/example_task_group_decorator.py for tasks to queue
[2025-07-18T13:13:28.784+0000] {logging_mixin.py:188} INFO - [2025-07-18T13:13:28.784+0000] {dagbag.py:538} INFO - Filling up the DagBag from /home/airflow/.local/lib/python3.8/site-packages/airflow/example_dags/example_task_group_decorator.py
[2025-07-18T13:13:28.789+0000] {processor.py:840} INFO - DAG(s) 'example_task_group_decorator' retrieved from /home/airflow/.local/lib/python3.8/site-packages/airflow/example_dags/example_task_group_decorator.py
[2025-07-18T13:13:28.799+0000] {logging_mixin.py:188} INFO - [2025-07-18T13:13:28.799+0000] {dag.py:3036} INFO - Sync 1 DAGs
[2025-07-18T13:13:28.869+0000] {logging_mixin.py:188} INFO - [2025-07-18T13:13:28.869+0000] {dag.py:3823} INFO - Setting next_dagrun for example_task_group_decorator to 2025-07-17 00:00:00+00:00, run_after=2025-07-18 00:00:00+00:00
[2025-07-18T13:13:28.878+0000] {processor.py:183} INFO - Processing /home/airflow/.local/lib/python3.8/site-packages/airflow/example_dags/example_task_group_decorator.py took 0.096 seconds
[2025-07-18T13:13:59.355+0000] {processor.py:161} INFO - Started process (PID=2123) to work on /home/airflow/.local/lib/python3.8/site-packages/airflow/example_dags/example_task_group_decorator.py
[2025-07-18T13:13:59.355+0000] {processor.py:830} INFO - Processing file /home/airflow/.local/lib/python3.8/site-packages/airflow/example_dags/example_task_group_decorator.py for tasks to queue
[2025-07-18T13:13:59.357+0000] {logging_mixin.py:188} INFO - [2025-07-18T13:13:59.357+0000] {dagbag.py:538} INFO - Filling up the DagBag from /home/airflow/.local/lib/python3.8/site-packages/airflow/example_dags/example_task_group_decorator.py
[2025-07-18T13:13:59.362+0000] {processor.py:840} INFO - DAG(s) 'example_task_group_decorator' retrieved from /home/airflow/.local/lib/python3.8/site-packages/airflow/example_dags/example_task_group_decorator.py
[2025-07-18T13:13:59.372+0000] {logging_mixin.py:188} INFO - [2025-07-18T13:13:59.372+0000] {dag.py:3036} INFO - Sync 1 DAGs
[2025-07-18T13:13:59.451+0000] {logging_mixin.py:188} INFO - [2025-07-18T13:13:59.451+0000] {dag.py:3823} INFO - Setting next_dagrun for example_task_group_decorator to 2025-07-17 00:00:00+00:00, run_after=2025-07-18 00:00:00+00:00
[2025-07-18T13:13:59.458+0000] {processor.py:183} INFO - Processing /home/airflow/.local/lib/python3.8/site-packages/airflow/example_dags/example_task_group_decorator.py took 0.105 seconds
[2025-07-18T13:14:29.715+0000] {processor.py:161} INFO - Started process (PID=2196) to work on /home/airflow/.local/lib/python3.8/site-packages/airflow/example_dags/example_task_group_decorator.py
[2025-07-18T13:14:29.716+0000] {processor.py:830} INFO - Processing file /home/airflow/.local/lib/python3.8/site-packages/airflow/example_dags/example_task_group_decorator.py for tasks to queue
[2025-07-18T13:14:29.717+0000] {logging_mixin.py:188} INFO - [2025-07-18T13:14:29.716+0000] {dagbag.py:538} INFO - Filling up the DagBag from /home/airflow/.local/lib/python3.8/site-packages/airflow/example_dags/example_task_group_decorator.py
[2025-07-18T13:14:29.722+0000] {processor.py:840} INFO - DAG(s) 'example_task_group_decorator' retrieved from /home/airflow/.local/lib/python3.8/site-packages/airflow/example_dags/example_task_group_decorator.py
[2025-07-18T13:14:29.733+0000] {logging_mixin.py:188} INFO - [2025-07-18T13:14:29.733+0000] {dag.py:3036} INFO - Sync 1 DAGs
[2025-07-18T13:14:29.741+0000] {logging_mixin.py:188} INFO - [2025-07-18T13:14:29.741+0000] {dag.py:3823} INFO - Setting next_dagrun for example_task_group_decorator to 2025-07-17 00:00:00+00:00, run_after=2025-07-18 00:00:00+00:00
[2025-07-18T13:14:29.749+0000] {processor.py:183} INFO - Processing /home/airflow/.local/lib/python3.8/site-packages/airflow/example_dags/example_task_group_decorator.py took 0.035 seconds
[2025-07-18T13:15:00.350+0000] {processor.py:161} INFO - Started process (PID=2269) to work on /home/airflow/.local/lib/python3.8/site-packages/airflow/example_dags/example_task_group_decorator.py
[2025-07-18T13:15:00.351+0000] {processor.py:830} INFO - Processing file /home/airflow/.local/lib/python3.8/site-packages/airflow/example_dags/example_task_group_decorator.py for tasks to queue
[2025-07-18T13:15:00.351+0000] {logging_mixin.py:188} INFO - [2025-07-18T13:15:00.351+0000] {dagbag.py:538} INFO - Filling up the DagBag from /home/airflow/.local/lib/python3.8/site-packages/airflow/example_dags/example_task_group_decorator.py
[2025-07-18T13:15:00.356+0000] {processor.py:840} INFO - DAG(s) 'example_task_group_decorator' retrieved from /home/airflow/.local/lib/python3.8/site-packages/airflow/example_dags/example_task_group_decorator.py
[2025-07-18T13:15:00.364+0000] {logging_mixin.py:188} INFO - [2025-07-18T13:15:00.364+0000] {dag.py:3036} INFO - Sync 1 DAGs
[2025-07-18T13:15:00.371+0000] {logging_mixin.py:188} INFO - [2025-07-18T13:15:00.371+0000] {dag.py:3823} INFO - Setting next_dagrun for example_task_group_decorator to 2025-07-17 00:00:00+00:00, run_after=2025-07-18 00:00:00+00:00
[2025-07-18T13:15:00.377+0000] {processor.py:183} INFO - Processing /home/airflow/.local/lib/python3.8/site-packages/airflow/example_dags/example_task_group_decorator.py took 0.028 seconds
[2025-07-18T13:15:30.921+0000] {processor.py:161} INFO - Started process (PID=2342) to work on /home/airflow/.local/lib/python3.8/site-packages/airflow/example_dags/example_task_group_decorator.py
[2025-07-18T13:15:30.921+0000] {processor.py:830} INFO - Processing file /home/airflow/.local/lib/python3.8/site-packages/airflow/example_dags/example_task_group_decorator.py for tasks to queue
[2025-07-18T13:15:30.922+0000] {logging_mixin.py:188} INFO - [2025-07-18T13:15:30.922+0000] {dagbag.py:538} INFO - Filling up the DagBag from /home/airflow/.local/lib/python3.8/site-packages/airflow/example_dags/example_task_group_decorator.py
[2025-07-18T13:15:30.927+0000] {processor.py:840} INFO - DAG(s) 'example_task_group_decorator' retrieved from /home/airflow/.local/lib/python3.8/site-packages/airflow/example_dags/example_task_group_decorator.py
[2025-07-18T13:15:30.938+0000] {logging_mixin.py:188} INFO - [2025-07-18T13:15:30.937+0000] {dag.py:3036} INFO - Sync 1 DAGs
[2025-07-18T13:15:30.945+0000] {logging_mixin.py:188} INFO - [2025-07-18T13:15:30.945+0000] {dag.py:3823} INFO - Setting next_dagrun for example_task_group_decorator to 2025-07-17 00:00:00+00:00, run_after=2025-07-18 00:00:00+00:00
[2025-07-18T13:15:30.954+0000] {processor.py:183} INFO - Processing /home/airflow/.local/lib/python3.8/site-packages/airflow/example_dags/example_task_group_decorator.py took 0.035 seconds
[2025-07-18T13:16:01.518+0000] {processor.py:161} INFO - Started process (PID=2415) to work on /home/airflow/.local/lib/python3.8/site-packages/airflow/example_dags/example_task_group_decorator.py
[2025-07-18T13:16:01.518+0000] {processor.py:830} INFO - Processing file /home/airflow/.local/lib/python3.8/site-packages/airflow/example_dags/example_task_group_decorator.py for tasks to queue
[2025-07-18T13:16:01.519+0000] {logging_mixin.py:188} INFO - [2025-07-18T13:16:01.519+0000] {dagbag.py:538} INFO - Filling up the DagBag from /home/airflow/.local/lib/python3.8/site-packages/airflow/example_dags/example_task_group_decorator.py
[2025-07-18T13:16:01.524+0000] {processor.py:840} INFO - DAG(s) 'example_task_group_decorator' retrieved from /home/airflow/.local/lib/python3.8/site-packages/airflow/example_dags/example_task_group_decorator.py
[2025-07-18T13:16:01.533+0000] {logging_mixin.py:188} INFO - [2025-07-18T13:16:01.533+0000] {dag.py:3036} INFO - Sync 1 DAGs
[2025-07-18T13:16:01.542+0000] {logging_mixin.py:188} INFO - [2025-07-18T13:16:01.542+0000] {dag.py:3823} INFO - Setting next_dagrun for example_task_group_decorator to 2025-07-17 00:00:00+00:00, run_after=2025-07-18 00:00:00+00:00
[2025-07-18T13:16:01.554+0000] {processor.py:183} INFO - Processing /home/airflow/.local/lib/python3.8/site-packages/airflow/example_dags/example_task_group_decorator.py took 0.037 seconds
[2025-07-18T13:16:32.190+0000] {processor.py:161} INFO - Started process (PID=2488) to work on /home/airflow/.local/lib/python3.8/site-packages/airflow/example_dags/example_task_group_decorator.py
[2025-07-18T13:16:32.191+0000] {processor.py:830} INFO - Processing file /home/airflow/.local/lib/python3.8/site-packages/airflow/example_dags/example_task_group_decorator.py for tasks to queue
[2025-07-18T13:16:32.192+0000] {logging_mixin.py:188} INFO - [2025-07-18T13:16:32.191+0000] {dagbag.py:538} INFO - Filling up the DagBag from /home/airflow/.local/lib/python3.8/site-packages/airflow/example_dags/example_task_group_decorator.py
[2025-07-18T13:16:32.197+0000] {processor.py:840} INFO - DAG(s) 'example_task_group_decorator' retrieved from /home/airflow/.local/lib/python3.8/site-packages/airflow/example_dags/example_task_group_decorator.py
[2025-07-18T13:16:32.210+0000] {logging_mixin.py:188} INFO - [2025-07-18T13:16:32.209+0000] {dag.py:3036} INFO - Sync 1 DAGs
[2025-07-18T13:16:32.218+0000] {logging_mixin.py:188} INFO - [2025-07-18T13:16:32.218+0000] {dag.py:3823} INFO - Setting next_dagrun for example_task_group_decorator to 2025-07-17 00:00:00+00:00, run_after=2025-07-18 00:00:00+00:00
[2025-07-18T13:16:32.224+0000] {processor.py:183} INFO - Processing /home/airflow/.local/lib/python3.8/site-packages/airflow/example_dags/example_task_group_decorator.py took 0.035 seconds
[2025-07-18T13:17:02.768+0000] {processor.py:161} INFO - Started process (PID=2561) to work on /home/airflow/.local/lib/python3.8/site-packages/airflow/example_dags/example_task_group_decorator.py
[2025-07-18T13:17:02.769+0000] {processor.py:830} INFO - Processing file /home/airflow/.local/lib/python3.8/site-packages/airflow/example_dags/example_task_group_decorator.py for tasks to queue
[2025-07-18T13:17:02.769+0000] {logging_mixin.py:188} INFO - [2025-07-18T13:17:02.769+0000] {dagbag.py:538} INFO - Filling up the DagBag from /home/airflow/.local/lib/python3.8/site-packages/airflow/example_dags/example_task_group_decorator.py
[2025-07-18T13:17:02.774+0000] {processor.py:840} INFO - DAG(s) 'example_task_group_decorator' retrieved from /home/airflow/.local/lib/python3.8/site-packages/airflow/example_dags/example_task_group_decorator.py
[2025-07-18T13:17:02.785+0000] {logging_mixin.py:188} INFO - [2025-07-18T13:17:02.785+0000] {dag.py:3036} INFO - Sync 1 DAGs
[2025-07-18T13:17:02.793+0000] {logging_mixin.py:188} INFO - [2025-07-18T13:17:02.793+0000] {dag.py:3823} INFO - Setting next_dagrun for example_task_group_decorator to 2025-07-17 00:00:00+00:00, run_after=2025-07-18 00:00:00+00:00
[2025-07-18T13:17:02.800+0000] {processor.py:183} INFO - Processing /home/airflow/.local/lib/python3.8/site-packages/airflow/example_dags/example_task_group_decorator.py took 0.033 seconds
[2025-07-18T13:17:33.384+0000] {processor.py:161} INFO - Started process (PID=2634) to work on /home/airflow/.local/lib/python3.8/site-packages/airflow/example_dags/example_task_group_decorator.py
[2025-07-18T13:17:33.385+0000] {processor.py:830} INFO - Processing file /home/airflow/.local/lib/python3.8/site-packages/airflow/example_dags/example_task_group_decorator.py for tasks to queue
[2025-07-18T13:17:33.385+0000] {logging_mixin.py:188} INFO - [2025-07-18T13:17:33.385+0000] {dagbag.py:538} INFO - Filling up the DagBag from /home/airflow/.local/lib/python3.8/site-packages/airflow/example_dags/example_task_group_decorator.py
[2025-07-18T13:17:33.390+0000] {processor.py:840} INFO - DAG(s) 'example_task_group_decorator' retrieved from /home/airflow/.local/lib/python3.8/site-packages/airflow/example_dags/example_task_group_decorator.py
[2025-07-18T13:17:33.399+0000] {logging_mixin.py:188} INFO - [2025-07-18T13:17:33.399+0000] {dag.py:3036} INFO - Sync 1 DAGs
[2025-07-18T13:17:33.405+0000] {logging_mixin.py:188} INFO - [2025-07-18T13:17:33.405+0000] {dag.py:3823} INFO - Setting next_dagrun for example_task_group_decorator to 2025-07-17 00:00:00+00:00, run_after=2025-07-18 00:00:00+00:00
[2025-07-18T13:17:33.411+0000] {processor.py:183} INFO - Processing /home/airflow/.local/lib/python3.8/site-packages/airflow/example_dags/example_task_group_decorator.py took 0.028 seconds
[2025-07-18T13:18:35.485+0000] {processor.py:161} INFO - Started process (PID=2770) to work on /home/airflow/.local/lib/python3.8/site-packages/airflow/example_dags/example_task_group_decorator.py
[2025-07-18T13:18:35.486+0000] {processor.py:830} INFO - Processing file /home/airflow/.local/lib/python3.8/site-packages/airflow/example_dags/example_task_group_decorator.py for tasks to queue
[2025-07-18T13:18:35.486+0000] {logging_mixin.py:188} INFO - [2025-07-18T13:18:35.486+0000] {dagbag.py:538} INFO - Filling up the DagBag from /home/airflow/.local/lib/python3.8/site-packages/airflow/example_dags/example_task_group_decorator.py
[2025-07-18T13:18:35.491+0000] {processor.py:840} INFO - DAG(s) 'example_task_group_decorator' retrieved from /home/airflow/.local/lib/python3.8/site-packages/airflow/example_dags/example_task_group_decorator.py
[2025-07-18T13:18:35.501+0000] {logging_mixin.py:188} INFO - [2025-07-18T13:18:35.501+0000] {dag.py:3036} INFO - Sync 1 DAGs
[2025-07-18T13:18:35.508+0000] {logging_mixin.py:188} INFO - [2025-07-18T13:18:35.508+0000] {dag.py:3823} INFO - Setting next_dagrun for example_task_group_decorator to 2025-07-17 00:00:00+00:00, run_after=2025-07-18 00:00:00+00:00
[2025-07-18T13:18:35.515+0000] {processor.py:183} INFO - Processing /home/airflow/.local/lib/python3.8/site-packages/airflow/example_dags/example_task_group_decorator.py took 0.031 seconds
