[2025-07-18T12:59:38.966+0000] {processor.py:161} INFO - Started process (PID=86) to work on /home/airflow/.local/lib/python3.8/site-packages/airflow/example_dags/example_setup_teardown.py
[2025-07-18T12:59:38.967+0000] {processor.py:830} INFO - Processing file /home/airflow/.local/lib/python3.8/site-packages/airflow/example_dags/example_setup_teardown.py for tasks to queue
[2025-07-18T12:59:38.968+0000] {logging_mixin.py:188} INFO - [2025-07-18T12:59:38.968+0000] {dagbag.py:538} INFO - Filling up the DagBag from /home/airflow/.local/lib/python3.8/site-packages/airflow/example_dags/example_setup_teardown.py
[2025-07-18T12:59:38.971+0000] {processor.py:840} INFO - DAG(s) 'example_setup_teardown' retrieved from /home/airflow/.local/lib/python3.8/site-packages/airflow/example_dags/example_setup_teardown.py
[2025-07-18T12:59:38.986+0000] {logging_mixin.py:188} INFO - [2025-07-18T12:59:38.986+0000] {dag.py:3036} INFO - Sync 1 DAGs
[2025-07-18T12:59:38.994+0000] {logging_mixin.py:188} INFO - [2025-07-18T12:59:38.994+0000] {dag.py:3823} INFO - Setting next_dagrun for example_setup_teardown to 2025-07-17 00:00:00+00:00, run_after=2025-07-18 00:00:00+00:00
[2025-07-18T12:59:39.003+0000] {processor.py:183} INFO - Processing /home/airflow/.local/lib/python3.8/site-packages/airflow/example_dags/example_setup_teardown.py took 0.038 seconds
[2025-07-18T13:00:09.982+0000] {processor.py:161} INFO - Started process (PID=149) to work on /home/airflow/.local/lib/python3.8/site-packages/airflow/example_dags/example_setup_teardown.py
[2025-07-18T13:00:09.983+0000] {processor.py:830} INFO - Processing file /home/airflow/.local/lib/python3.8/site-packages/airflow/example_dags/example_setup_teardown.py for tasks to queue
[2025-07-18T13:00:09.984+0000] {logging_mixin.py:188} INFO - [2025-07-18T13:00:09.983+0000] {dagbag.py:538} INFO - Filling up the DagBag from /home/airflow/.local/lib/python3.8/site-packages/airflow/example_dags/example_setup_teardown.py
[2025-07-18T13:00:09.986+0000] {processor.py:840} INFO - DAG(s) 'example_setup_teardown' retrieved from /home/airflow/.local/lib/python3.8/site-packages/airflow/example_dags/example_setup_teardown.py
[2025-07-18T13:00:09.995+0000] {logging_mixin.py:188} INFO - [2025-07-18T13:00:09.994+0000] {dag.py:3036} INFO - Sync 1 DAGs
[2025-07-18T13:00:10.003+0000] {logging_mixin.py:188} INFO - [2025-07-18T13:00:10.002+0000] {dag.py:3823} INFO - Setting next_dagrun for example_setup_teardown to 2025-07-17 00:00:00+00:00, run_after=2025-07-18 00:00:00+00:00
[2025-07-18T13:00:10.009+0000] {processor.py:183} INFO - Processing /home/airflow/.local/lib/python3.8/site-packages/airflow/example_dags/example_setup_teardown.py took 0.028 seconds
[2025-07-18T13:00:40.112+0000] {processor.py:161} INFO - Started process (PID=220) to work on /home/airflow/.local/lib/python3.8/site-packages/airflow/example_dags/example_setup_teardown.py
[2025-07-18T13:00:40.113+0000] {processor.py:830} INFO - Processing file /home/airflow/.local/lib/python3.8/site-packages/airflow/example_dags/example_setup_teardown.py for tasks to queue
[2025-07-18T13:00:40.114+0000] {logging_mixin.py:188} INFO - [2025-07-18T13:00:40.113+0000] {dagbag.py:538} INFO - Filling up the DagBag from /home/airflow/.local/lib/python3.8/site-packages/airflow/example_dags/example_setup_teardown.py
[2025-07-18T13:00:40.116+0000] {processor.py:840} INFO - DAG(s) 'example_setup_teardown' retrieved from /home/airflow/.local/lib/python3.8/site-packages/airflow/example_dags/example_setup_teardown.py
[2025-07-18T13:00:40.125+0000] {logging_mixin.py:188} INFO - [2025-07-18T13:00:40.125+0000] {dag.py:3036} INFO - Sync 1 DAGs
[2025-07-18T13:00:40.134+0000] {logging_mixin.py:188} INFO - [2025-07-18T13:00:40.133+0000] {dag.py:3823} INFO - Setting next_dagrun for example_setup_teardown to 2025-07-17 00:00:00+00:00, run_after=2025-07-18 00:00:00+00:00
[2025-07-18T13:00:40.143+0000] {processor.py:183} INFO - Processing /home/airflow/.local/lib/python3.8/site-packages/airflow/example_dags/example_setup_teardown.py took 0.032 seconds
[2025-07-18T13:01:10.305+0000] {processor.py:161} INFO - Started process (PID=293) to work on /home/airflow/.local/lib/python3.8/site-packages/airflow/example_dags/example_setup_teardown.py
[2025-07-18T13:01:10.306+0000] {processor.py:830} INFO - Processing file /home/airflow/.local/lib/python3.8/site-packages/airflow/example_dags/example_setup_teardown.py for tasks to queue
[2025-07-18T13:01:10.307+0000] {logging_mixin.py:188} INFO - [2025-07-18T13:01:10.307+0000] {dagbag.py:538} INFO - Filling up the DagBag from /home/airflow/.local/lib/python3.8/site-packages/airflow/example_dags/example_setup_teardown.py
[2025-07-18T13:01:10.310+0000] {processor.py:840} INFO - DAG(s) 'example_setup_teardown' retrieved from /home/airflow/.local/lib/python3.8/site-packages/airflow/example_dags/example_setup_teardown.py
[2025-07-18T13:01:10.318+0000] {logging_mixin.py:188} INFO - [2025-07-18T13:01:10.318+0000] {dag.py:3036} INFO - Sync 1 DAGs
[2025-07-18T13:01:10.327+0000] {logging_mixin.py:188} INFO - [2025-07-18T13:01:10.327+0000] {dag.py:3823} INFO - Setting next_dagrun for example_setup_teardown to 2025-07-17 00:00:00+00:00, run_after=2025-07-18 00:00:00+00:00
[2025-07-18T13:01:10.335+0000] {processor.py:183} INFO - Processing /home/airflow/.local/lib/python3.8/site-packages/airflow/example_dags/example_setup_teardown.py took 0.032 seconds
[2025-07-18T13:01:40.913+0000] {processor.py:161} INFO - Started process (PID=366) to work on /home/airflow/.local/lib/python3.8/site-packages/airflow/example_dags/example_setup_teardown.py
[2025-07-18T13:01:40.914+0000] {processor.py:830} INFO - Processing file /home/airflow/.local/lib/python3.8/site-packages/airflow/example_dags/example_setup_teardown.py for tasks to queue
[2025-07-18T13:01:40.916+0000] {logging_mixin.py:188} INFO - [2025-07-18T13:01:40.916+0000] {dagbag.py:538} INFO - Filling up the DagBag from /home/airflow/.local/lib/python3.8/site-packages/airflow/example_dags/example_setup_teardown.py
[2025-07-18T13:01:40.921+0000] {processor.py:840} INFO - DAG(s) 'example_setup_teardown' retrieved from /home/airflow/.local/lib/python3.8/site-packages/airflow/example_dags/example_setup_teardown.py
[2025-07-18T13:01:40.929+0000] {logging_mixin.py:188} INFO - [2025-07-18T13:01:40.929+0000] {dag.py:3036} INFO - Sync 1 DAGs
[2025-07-18T13:01:40.940+0000] {logging_mixin.py:188} INFO - [2025-07-18T13:01:40.940+0000] {dag.py:3823} INFO - Setting next_dagrun for example_setup_teardown to 2025-07-17 00:00:00+00:00, run_after=2025-07-18 00:00:00+00:00
[2025-07-18T13:01:40.948+0000] {processor.py:183} INFO - Processing /home/airflow/.local/lib/python3.8/site-packages/airflow/example_dags/example_setup_teardown.py took 0.037 seconds
[2025-07-18T13:02:11.721+0000] {processor.py:161} INFO - Started process (PID=439) to work on /home/airflow/.local/lib/python3.8/site-packages/airflow/example_dags/example_setup_teardown.py
[2025-07-18T13:02:11.721+0000] {processor.py:830} INFO - Processing file /home/airflow/.local/lib/python3.8/site-packages/airflow/example_dags/example_setup_teardown.py for tasks to queue
[2025-07-18T13:02:11.722+0000] {logging_mixin.py:188} INFO - [2025-07-18T13:02:11.722+0000] {dagbag.py:538} INFO - Filling up the DagBag from /home/airflow/.local/lib/python3.8/site-packages/airflow/example_dags/example_setup_teardown.py
[2025-07-18T13:02:11.724+0000] {processor.py:840} INFO - DAG(s) 'example_setup_teardown' retrieved from /home/airflow/.local/lib/python3.8/site-packages/airflow/example_dags/example_setup_teardown.py
[2025-07-18T13:02:11.733+0000] {logging_mixin.py:188} INFO - [2025-07-18T13:02:11.733+0000] {dag.py:3036} INFO - Sync 1 DAGs
[2025-07-18T13:02:11.740+0000] {logging_mixin.py:188} INFO - [2025-07-18T13:02:11.740+0000] {dag.py:3823} INFO - Setting next_dagrun for example_setup_teardown to 2025-07-17 00:00:00+00:00, run_after=2025-07-18 00:00:00+00:00
[2025-07-18T13:02:11.749+0000] {processor.py:183} INFO - Processing /home/airflow/.local/lib/python3.8/site-packages/airflow/example_dags/example_setup_teardown.py took 0.029 seconds
[2025-07-18T13:02:41.883+0000] {processor.py:161} INFO - Started process (PID=512) to work on /home/airflow/.local/lib/python3.8/site-packages/airflow/example_dags/example_setup_teardown.py
[2025-07-18T13:02:41.884+0000] {processor.py:830} INFO - Processing file /home/airflow/.local/lib/python3.8/site-packages/airflow/example_dags/example_setup_teardown.py for tasks to queue
[2025-07-18T13:02:41.886+0000] {logging_mixin.py:188} INFO - [2025-07-18T13:02:41.886+0000] {dagbag.py:538} INFO - Filling up the DagBag from /home/airflow/.local/lib/python3.8/site-packages/airflow/example_dags/example_setup_teardown.py
[2025-07-18T13:02:41.889+0000] {processor.py:840} INFO - DAG(s) 'example_setup_teardown' retrieved from /home/airflow/.local/lib/python3.8/site-packages/airflow/example_dags/example_setup_teardown.py
[2025-07-18T13:02:41.900+0000] {logging_mixin.py:188} INFO - [2025-07-18T13:02:41.899+0000] {dag.py:3036} INFO - Sync 1 DAGs
[2025-07-18T13:02:41.907+0000] {logging_mixin.py:188} INFO - [2025-07-18T13:02:41.907+0000] {dag.py:3823} INFO - Setting next_dagrun for example_setup_teardown to 2025-07-17 00:00:00+00:00, run_after=2025-07-18 00:00:00+00:00
[2025-07-18T13:02:41.913+0000] {processor.py:183} INFO - Processing /home/airflow/.local/lib/python3.8/site-packages/airflow/example_dags/example_setup_teardown.py took 0.031 seconds
[2025-07-18T13:03:12.811+0000] {processor.py:161} INFO - Started process (PID=585) to work on /home/airflow/.local/lib/python3.8/site-packages/airflow/example_dags/example_setup_teardown.py
[2025-07-18T13:03:12.812+0000] {processor.py:830} INFO - Processing file /home/airflow/.local/lib/python3.8/site-packages/airflow/example_dags/example_setup_teardown.py for tasks to queue
[2025-07-18T13:03:12.813+0000] {logging_mixin.py:188} INFO - [2025-07-18T13:03:12.812+0000] {dagbag.py:538} INFO - Filling up the DagBag from /home/airflow/.local/lib/python3.8/site-packages/airflow/example_dags/example_setup_teardown.py
[2025-07-18T13:03:12.815+0000] {processor.py:840} INFO - DAG(s) 'example_setup_teardown' retrieved from /home/airflow/.local/lib/python3.8/site-packages/airflow/example_dags/example_setup_teardown.py
[2025-07-18T13:03:12.823+0000] {logging_mixin.py:188} INFO - [2025-07-18T13:03:12.823+0000] {dag.py:3036} INFO - Sync 1 DAGs
[2025-07-18T13:03:12.831+0000] {logging_mixin.py:188} INFO - [2025-07-18T13:03:12.831+0000] {dag.py:3823} INFO - Setting next_dagrun for example_setup_teardown to 2025-07-17 00:00:00+00:00, run_after=2025-07-18 00:00:00+00:00
[2025-07-18T13:03:12.838+0000] {processor.py:183} INFO - Processing /home/airflow/.local/lib/python3.8/site-packages/airflow/example_dags/example_setup_teardown.py took 0.028 seconds
[2025-07-18T13:03:43.573+0000] {processor.py:161} INFO - Started process (PID=658) to work on /home/airflow/.local/lib/python3.8/site-packages/airflow/example_dags/example_setup_teardown.py
[2025-07-18T13:03:43.574+0000] {processor.py:830} INFO - Processing file /home/airflow/.local/lib/python3.8/site-packages/airflow/example_dags/example_setup_teardown.py for tasks to queue
[2025-07-18T13:03:43.574+0000] {logging_mixin.py:188} INFO - [2025-07-18T13:03:43.574+0000] {dagbag.py:538} INFO - Filling up the DagBag from /home/airflow/.local/lib/python3.8/site-packages/airflow/example_dags/example_setup_teardown.py
[2025-07-18T13:03:43.576+0000] {processor.py:840} INFO - DAG(s) 'example_setup_teardown' retrieved from /home/airflow/.local/lib/python3.8/site-packages/airflow/example_dags/example_setup_teardown.py
[2025-07-18T13:03:43.583+0000] {logging_mixin.py:188} INFO - [2025-07-18T13:03:43.583+0000] {dag.py:3036} INFO - Sync 1 DAGs
[2025-07-18T13:03:43.590+0000] {logging_mixin.py:188} INFO - [2025-07-18T13:03:43.590+0000] {dag.py:3823} INFO - Setting next_dagrun for example_setup_teardown to 2025-07-17 00:00:00+00:00, run_after=2025-07-18 00:00:00+00:00
[2025-07-18T13:03:43.595+0000] {processor.py:183} INFO - Processing /home/airflow/.local/lib/python3.8/site-packages/airflow/example_dags/example_setup_teardown.py took 0.023 seconds
[2025-07-18T13:04:14.337+0000] {processor.py:161} INFO - Started process (PID=730) to work on /home/airflow/.local/lib/python3.8/site-packages/airflow/example_dags/example_setup_teardown.py
[2025-07-18T13:04:14.338+0000] {processor.py:830} INFO - Processing file /home/airflow/.local/lib/python3.8/site-packages/airflow/example_dags/example_setup_teardown.py for tasks to queue
[2025-07-18T13:04:14.338+0000] {logging_mixin.py:188} INFO - [2025-07-18T13:04:14.338+0000] {dagbag.py:538} INFO - Filling up the DagBag from /home/airflow/.local/lib/python3.8/site-packages/airflow/example_dags/example_setup_teardown.py
[2025-07-18T13:04:14.341+0000] {processor.py:840} INFO - DAG(s) 'example_setup_teardown' retrieved from /home/airflow/.local/lib/python3.8/site-packages/airflow/example_dags/example_setup_teardown.py
[2025-07-18T13:04:14.349+0000] {logging_mixin.py:188} INFO - [2025-07-18T13:04:14.349+0000] {dag.py:3036} INFO - Sync 1 DAGs
[2025-07-18T13:04:14.357+0000] {logging_mixin.py:188} INFO - [2025-07-18T13:04:14.357+0000] {dag.py:3823} INFO - Setting next_dagrun for example_setup_teardown to 2025-07-17 00:00:00+00:00, run_after=2025-07-18 00:00:00+00:00
[2025-07-18T13:04:14.363+0000] {processor.py:183} INFO - Processing /home/airflow/.local/lib/python3.8/site-packages/airflow/example_dags/example_setup_teardown.py took 0.028 seconds
[2025-07-18T13:04:45.066+0000] {processor.py:161} INFO - Started process (PID=809) to work on /home/airflow/.local/lib/python3.8/site-packages/airflow/example_dags/example_setup_teardown.py
[2025-07-18T13:04:45.067+0000] {processor.py:830} INFO - Processing file /home/airflow/.local/lib/python3.8/site-packages/airflow/example_dags/example_setup_teardown.py for tasks to queue
[2025-07-18T13:04:45.069+0000] {logging_mixin.py:188} INFO - [2025-07-18T13:04:45.069+0000] {dagbag.py:538} INFO - Filling up the DagBag from /home/airflow/.local/lib/python3.8/site-packages/airflow/example_dags/example_setup_teardown.py
[2025-07-18T13:04:45.074+0000] {processor.py:840} INFO - DAG(s) 'example_setup_teardown' retrieved from /home/airflow/.local/lib/python3.8/site-packages/airflow/example_dags/example_setup_teardown.py
[2025-07-18T13:04:45.082+0000] {logging_mixin.py:188} INFO - [2025-07-18T13:04:45.082+0000] {dag.py:3036} INFO - Sync 1 DAGs
[2025-07-18T13:04:45.091+0000] {logging_mixin.py:188} INFO - [2025-07-18T13:04:45.091+0000] {dag.py:3823} INFO - Setting next_dagrun for example_setup_teardown to 2025-07-17 00:00:00+00:00, run_after=2025-07-18 00:00:00+00:00
[2025-07-18T13:04:45.098+0000] {processor.py:183} INFO - Processing /home/airflow/.local/lib/python3.8/site-packages/airflow/example_dags/example_setup_teardown.py took 0.033 seconds
[2025-07-18T13:05:15.751+0000] {processor.py:161} INFO - Started process (PID=882) to work on /home/airflow/.local/lib/python3.8/site-packages/airflow/example_dags/example_setup_teardown.py
[2025-07-18T13:05:15.751+0000] {processor.py:830} INFO - Processing file /home/airflow/.local/lib/python3.8/site-packages/airflow/example_dags/example_setup_teardown.py for tasks to queue
[2025-07-18T13:05:15.752+0000] {logging_mixin.py:188} INFO - [2025-07-18T13:05:15.752+0000] {dagbag.py:538} INFO - Filling up the DagBag from /home/airflow/.local/lib/python3.8/site-packages/airflow/example_dags/example_setup_teardown.py
[2025-07-18T13:05:15.754+0000] {processor.py:840} INFO - DAG(s) 'example_setup_teardown' retrieved from /home/airflow/.local/lib/python3.8/site-packages/airflow/example_dags/example_setup_teardown.py
[2025-07-18T13:05:15.765+0000] {logging_mixin.py:188} INFO - [2025-07-18T13:05:15.765+0000] {dag.py:3036} INFO - Sync 1 DAGs
[2025-07-18T13:05:15.774+0000] {logging_mixin.py:188} INFO - [2025-07-18T13:05:15.774+0000] {dag.py:3823} INFO - Setting next_dagrun for example_setup_teardown to 2025-07-17 00:00:00+00:00, run_after=2025-07-18 00:00:00+00:00
[2025-07-18T13:05:15.786+0000] {processor.py:183} INFO - Processing /home/airflow/.local/lib/python3.8/site-packages/airflow/example_dags/example_setup_teardown.py took 0.036 seconds
[2025-07-18T13:05:46.516+0000] {processor.py:161} INFO - Started process (PID=955) to work on /home/airflow/.local/lib/python3.8/site-packages/airflow/example_dags/example_setup_teardown.py
[2025-07-18T13:05:46.516+0000] {processor.py:830} INFO - Processing file /home/airflow/.local/lib/python3.8/site-packages/airflow/example_dags/example_setup_teardown.py for tasks to queue
[2025-07-18T13:05:46.518+0000] {logging_mixin.py:188} INFO - [2025-07-18T13:05:46.517+0000] {dagbag.py:538} INFO - Filling up the DagBag from /home/airflow/.local/lib/python3.8/site-packages/airflow/example_dags/example_setup_teardown.py
[2025-07-18T13:05:46.520+0000] {processor.py:840} INFO - DAG(s) 'example_setup_teardown' retrieved from /home/airflow/.local/lib/python3.8/site-packages/airflow/example_dags/example_setup_teardown.py
[2025-07-18T13:05:46.531+0000] {logging_mixin.py:188} INFO - [2025-07-18T13:05:46.530+0000] {dag.py:3036} INFO - Sync 1 DAGs
[2025-07-18T13:05:46.539+0000] {logging_mixin.py:188} INFO - [2025-07-18T13:05:46.538+0000] {dag.py:3823} INFO - Setting next_dagrun for example_setup_teardown to 2025-07-17 00:00:00+00:00, run_after=2025-07-18 00:00:00+00:00
[2025-07-18T13:05:46.547+0000] {processor.py:183} INFO - Processing /home/airflow/.local/lib/python3.8/site-packages/airflow/example_dags/example_setup_teardown.py took 0.033 seconds
[2025-07-18T13:06:17.420+0000] {processor.py:161} INFO - Started process (PID=1028) to work on /home/airflow/.local/lib/python3.8/site-packages/airflow/example_dags/example_setup_teardown.py
[2025-07-18T13:06:17.424+0000] {processor.py:830} INFO - Processing file /home/airflow/.local/lib/python3.8/site-packages/airflow/example_dags/example_setup_teardown.py for tasks to queue
[2025-07-18T13:06:17.425+0000] {logging_mixin.py:188} INFO - [2025-07-18T13:06:17.425+0000] {dagbag.py:538} INFO - Filling up the DagBag from /home/airflow/.local/lib/python3.8/site-packages/airflow/example_dags/example_setup_teardown.py
[2025-07-18T13:06:17.428+0000] {processor.py:840} INFO - DAG(s) 'example_setup_teardown' retrieved from /home/airflow/.local/lib/python3.8/site-packages/airflow/example_dags/example_setup_teardown.py
[2025-07-18T13:06:17.440+0000] {logging_mixin.py:188} INFO - [2025-07-18T13:06:17.440+0000] {dag.py:3036} INFO - Sync 1 DAGs
[2025-07-18T13:06:17.448+0000] {logging_mixin.py:188} INFO - [2025-07-18T13:06:17.448+0000] {dag.py:3823} INFO - Setting next_dagrun for example_setup_teardown to 2025-07-17 00:00:00+00:00, run_after=2025-07-18 00:00:00+00:00
[2025-07-18T13:06:17.458+0000] {processor.py:183} INFO - Processing /home/airflow/.local/lib/python3.8/site-packages/airflow/example_dags/example_setup_teardown.py took 0.039 seconds
[2025-07-18T13:06:48.675+0000] {processor.py:161} INFO - Started process (PID=1100) to work on /home/airflow/.local/lib/python3.8/site-packages/airflow/example_dags/example_setup_teardown.py
[2025-07-18T13:06:48.676+0000] {processor.py:830} INFO - Processing file /home/airflow/.local/lib/python3.8/site-packages/airflow/example_dags/example_setup_teardown.py for tasks to queue
[2025-07-18T13:06:48.676+0000] {logging_mixin.py:188} INFO - [2025-07-18T13:06:48.676+0000] {dagbag.py:538} INFO - Filling up the DagBag from /home/airflow/.local/lib/python3.8/site-packages/airflow/example_dags/example_setup_teardown.py
[2025-07-18T13:06:48.679+0000] {processor.py:840} INFO - DAG(s) 'example_setup_teardown' retrieved from /home/airflow/.local/lib/python3.8/site-packages/airflow/example_dags/example_setup_teardown.py
[2025-07-18T13:06:48.692+0000] {logging_mixin.py:188} INFO - [2025-07-18T13:06:48.692+0000] {dag.py:3036} INFO - Sync 1 DAGs
[2025-07-18T13:06:48.703+0000] {logging_mixin.py:188} INFO - [2025-07-18T13:06:48.703+0000] {dag.py:3823} INFO - Setting next_dagrun for example_setup_teardown to 2025-07-17 00:00:00+00:00, run_after=2025-07-18 00:00:00+00:00
[2025-07-18T13:06:48.712+0000] {processor.py:183} INFO - Processing /home/airflow/.local/lib/python3.8/site-packages/airflow/example_dags/example_setup_teardown.py took 0.040 seconds
[2025-07-18T13:07:19.539+0000] {processor.py:161} INFO - Started process (PID=1173) to work on /home/airflow/.local/lib/python3.8/site-packages/airflow/example_dags/example_setup_teardown.py
[2025-07-18T13:07:19.541+0000] {processor.py:830} INFO - Processing file /home/airflow/.local/lib/python3.8/site-packages/airflow/example_dags/example_setup_teardown.py for tasks to queue
[2025-07-18T13:07:19.542+0000] {logging_mixin.py:188} INFO - [2025-07-18T13:07:19.542+0000] {dagbag.py:538} INFO - Filling up the DagBag from /home/airflow/.local/lib/python3.8/site-packages/airflow/example_dags/example_setup_teardown.py
[2025-07-18T13:07:19.545+0000] {processor.py:840} INFO - DAG(s) 'example_setup_teardown' retrieved from /home/airflow/.local/lib/python3.8/site-packages/airflow/example_dags/example_setup_teardown.py
[2025-07-18T13:07:19.554+0000] {logging_mixin.py:188} INFO - [2025-07-18T13:07:19.554+0000] {dag.py:3036} INFO - Sync 1 DAGs
[2025-07-18T13:07:19.564+0000] {logging_mixin.py:188} INFO - [2025-07-18T13:07:19.564+0000] {dag.py:3823} INFO - Setting next_dagrun for example_setup_teardown to 2025-07-17 00:00:00+00:00, run_after=2025-07-18 00:00:00+00:00
[2025-07-18T13:07:19.570+0000] {processor.py:183} INFO - Processing /home/airflow/.local/lib/python3.8/site-packages/airflow/example_dags/example_setup_teardown.py took 0.032 seconds
[2025-07-18T13:07:50.428+0000] {processor.py:161} INFO - Started process (PID=1246) to work on /home/airflow/.local/lib/python3.8/site-packages/airflow/example_dags/example_setup_teardown.py
[2025-07-18T13:07:50.428+0000] {processor.py:830} INFO - Processing file /home/airflow/.local/lib/python3.8/site-packages/airflow/example_dags/example_setup_teardown.py for tasks to queue
[2025-07-18T13:07:50.429+0000] {logging_mixin.py:188} INFO - [2025-07-18T13:07:50.429+0000] {dagbag.py:538} INFO - Filling up the DagBag from /home/airflow/.local/lib/python3.8/site-packages/airflow/example_dags/example_setup_teardown.py
[2025-07-18T13:07:50.432+0000] {processor.py:840} INFO - DAG(s) 'example_setup_teardown' retrieved from /home/airflow/.local/lib/python3.8/site-packages/airflow/example_dags/example_setup_teardown.py
[2025-07-18T13:07:50.439+0000] {logging_mixin.py:188} INFO - [2025-07-18T13:07:50.439+0000] {dag.py:3036} INFO - Sync 1 DAGs
[2025-07-18T13:07:50.448+0000] {logging_mixin.py:188} INFO - [2025-07-18T13:07:50.448+0000] {dag.py:3823} INFO - Setting next_dagrun for example_setup_teardown to 2025-07-17 00:00:00+00:00, run_after=2025-07-18 00:00:00+00:00
[2025-07-18T13:07:50.457+0000] {processor.py:183} INFO - Processing /home/airflow/.local/lib/python3.8/site-packages/airflow/example_dags/example_setup_teardown.py took 0.031 seconds
[2025-07-18T13:08:21.091+0000] {processor.py:161} INFO - Started process (PID=1319) to work on /home/airflow/.local/lib/python3.8/site-packages/airflow/example_dags/example_setup_teardown.py
[2025-07-18T13:08:21.091+0000] {processor.py:830} INFO - Processing file /home/airflow/.local/lib/python3.8/site-packages/airflow/example_dags/example_setup_teardown.py for tasks to queue
[2025-07-18T13:08:21.092+0000] {logging_mixin.py:188} INFO - [2025-07-18T13:08:21.092+0000] {dagbag.py:538} INFO - Filling up the DagBag from /home/airflow/.local/lib/python3.8/site-packages/airflow/example_dags/example_setup_teardown.py
[2025-07-18T13:08:21.095+0000] {processor.py:840} INFO - DAG(s) 'example_setup_teardown' retrieved from /home/airflow/.local/lib/python3.8/site-packages/airflow/example_dags/example_setup_teardown.py
[2025-07-18T13:08:21.105+0000] {logging_mixin.py:188} INFO - [2025-07-18T13:08:21.105+0000] {dag.py:3036} INFO - Sync 1 DAGs
[2025-07-18T13:08:21.114+0000] {logging_mixin.py:188} INFO - [2025-07-18T13:08:21.114+0000] {dag.py:3823} INFO - Setting next_dagrun for example_setup_teardown to 2025-07-17 00:00:00+00:00, run_after=2025-07-18 00:00:00+00:00
[2025-07-18T13:08:21.124+0000] {processor.py:183} INFO - Processing /home/airflow/.local/lib/python3.8/site-packages/airflow/example_dags/example_setup_teardown.py took 0.034 seconds
[2025-07-18T13:08:51.762+0000] {processor.py:161} INFO - Started process (PID=1392) to work on /home/airflow/.local/lib/python3.8/site-packages/airflow/example_dags/example_setup_teardown.py
[2025-07-18T13:08:51.762+0000] {processor.py:830} INFO - Processing file /home/airflow/.local/lib/python3.8/site-packages/airflow/example_dags/example_setup_teardown.py for tasks to queue
[2025-07-18T13:08:51.763+0000] {logging_mixin.py:188} INFO - [2025-07-18T13:08:51.763+0000] {dagbag.py:538} INFO - Filling up the DagBag from /home/airflow/.local/lib/python3.8/site-packages/airflow/example_dags/example_setup_teardown.py
[2025-07-18T13:08:51.766+0000] {processor.py:840} INFO - DAG(s) 'example_setup_teardown' retrieved from /home/airflow/.local/lib/python3.8/site-packages/airflow/example_dags/example_setup_teardown.py
[2025-07-18T13:08:51.774+0000] {logging_mixin.py:188} INFO - [2025-07-18T13:08:51.774+0000] {dag.py:3036} INFO - Sync 1 DAGs
[2025-07-18T13:08:51.781+0000] {logging_mixin.py:188} INFO - [2025-07-18T13:08:51.781+0000] {dag.py:3823} INFO - Setting next_dagrun for example_setup_teardown to 2025-07-17 00:00:00+00:00, run_after=2025-07-18 00:00:00+00:00
[2025-07-18T13:08:51.789+0000] {processor.py:183} INFO - Processing /home/airflow/.local/lib/python3.8/site-packages/airflow/example_dags/example_setup_teardown.py took 0.028 seconds
[2025-07-18T13:09:22.360+0000] {processor.py:161} INFO - Started process (PID=1465) to work on /home/airflow/.local/lib/python3.8/site-packages/airflow/example_dags/example_setup_teardown.py
[2025-07-18T13:09:22.361+0000] {processor.py:830} INFO - Processing file /home/airflow/.local/lib/python3.8/site-packages/airflow/example_dags/example_setup_teardown.py for tasks to queue
[2025-07-18T13:09:22.362+0000] {logging_mixin.py:188} INFO - [2025-07-18T13:09:22.361+0000] {dagbag.py:538} INFO - Filling up the DagBag from /home/airflow/.local/lib/python3.8/site-packages/airflow/example_dags/example_setup_teardown.py
[2025-07-18T13:09:22.364+0000] {processor.py:840} INFO - DAG(s) 'example_setup_teardown' retrieved from /home/airflow/.local/lib/python3.8/site-packages/airflow/example_dags/example_setup_teardown.py
[2025-07-18T13:09:22.372+0000] {logging_mixin.py:188} INFO - [2025-07-18T13:09:22.372+0000] {dag.py:3036} INFO - Sync 1 DAGs
[2025-07-18T13:09:22.381+0000] {logging_mixin.py:188} INFO - [2025-07-18T13:09:22.381+0000] {dag.py:3823} INFO - Setting next_dagrun for example_setup_teardown to 2025-07-17 00:00:00+00:00, run_after=2025-07-18 00:00:00+00:00
[2025-07-18T13:09:22.388+0000] {processor.py:183} INFO - Processing /home/airflow/.local/lib/python3.8/site-packages/airflow/example_dags/example_setup_teardown.py took 0.030 seconds
[2025-07-18T13:09:52.981+0000] {processor.py:161} INFO - Started process (PID=1538) to work on /home/airflow/.local/lib/python3.8/site-packages/airflow/example_dags/example_setup_teardown.py
[2025-07-18T13:09:52.983+0000] {processor.py:830} INFO - Processing file /home/airflow/.local/lib/python3.8/site-packages/airflow/example_dags/example_setup_teardown.py for tasks to queue
[2025-07-18T13:09:52.983+0000] {logging_mixin.py:188} INFO - [2025-07-18T13:09:52.983+0000] {dagbag.py:538} INFO - Filling up the DagBag from /home/airflow/.local/lib/python3.8/site-packages/airflow/example_dags/example_setup_teardown.py
[2025-07-18T13:09:52.986+0000] {processor.py:840} INFO - DAG(s) 'example_setup_teardown' retrieved from /home/airflow/.local/lib/python3.8/site-packages/airflow/example_dags/example_setup_teardown.py
[2025-07-18T13:09:52.995+0000] {logging_mixin.py:188} INFO - [2025-07-18T13:09:52.994+0000] {dag.py:3036} INFO - Sync 1 DAGs
[2025-07-18T13:09:53.003+0000] {logging_mixin.py:188} INFO - [2025-07-18T13:09:53.003+0000] {dag.py:3823} INFO - Setting next_dagrun for example_setup_teardown to 2025-07-17 00:00:00+00:00, run_after=2025-07-18 00:00:00+00:00
[2025-07-18T13:09:53.009+0000] {processor.py:183} INFO - Processing /home/airflow/.local/lib/python3.8/site-packages/airflow/example_dags/example_setup_teardown.py took 0.030 seconds
[2025-07-18T13:10:23.720+0000] {processor.py:161} INFO - Started process (PID=1611) to work on /home/airflow/.local/lib/python3.8/site-packages/airflow/example_dags/example_setup_teardown.py
[2025-07-18T13:10:23.720+0000] {processor.py:830} INFO - Processing file /home/airflow/.local/lib/python3.8/site-packages/airflow/example_dags/example_setup_teardown.py for tasks to queue
[2025-07-18T13:10:23.721+0000] {logging_mixin.py:188} INFO - [2025-07-18T13:10:23.721+0000] {dagbag.py:538} INFO - Filling up the DagBag from /home/airflow/.local/lib/python3.8/site-packages/airflow/example_dags/example_setup_teardown.py
[2025-07-18T13:10:23.724+0000] {processor.py:840} INFO - DAG(s) 'example_setup_teardown' retrieved from /home/airflow/.local/lib/python3.8/site-packages/airflow/example_dags/example_setup_teardown.py
[2025-07-18T13:10:23.731+0000] {logging_mixin.py:188} INFO - [2025-07-18T13:10:23.731+0000] {dag.py:3036} INFO - Sync 1 DAGs
[2025-07-18T13:10:23.739+0000] {logging_mixin.py:188} INFO - [2025-07-18T13:10:23.739+0000] {dag.py:3823} INFO - Setting next_dagrun for example_setup_teardown to 2025-07-17 00:00:00+00:00, run_after=2025-07-18 00:00:00+00:00
[2025-07-18T13:10:23.747+0000] {processor.py:183} INFO - Processing /home/airflow/.local/lib/python3.8/site-packages/airflow/example_dags/example_setup_teardown.py took 0.028 seconds
[2025-07-18T13:10:54.626+0000] {processor.py:161} INFO - Started process (PID=1684) to work on /home/airflow/.local/lib/python3.8/site-packages/airflow/example_dags/example_setup_teardown.py
[2025-07-18T13:10:54.627+0000] {processor.py:830} INFO - Processing file /home/airflow/.local/lib/python3.8/site-packages/airflow/example_dags/example_setup_teardown.py for tasks to queue
[2025-07-18T13:10:54.627+0000] {logging_mixin.py:188} INFO - [2025-07-18T13:10:54.627+0000] {dagbag.py:538} INFO - Filling up the DagBag from /home/airflow/.local/lib/python3.8/site-packages/airflow/example_dags/example_setup_teardown.py
[2025-07-18T13:10:54.630+0000] {processor.py:840} INFO - DAG(s) 'example_setup_teardown' retrieved from /home/airflow/.local/lib/python3.8/site-packages/airflow/example_dags/example_setup_teardown.py
[2025-07-18T13:10:54.637+0000] {logging_mixin.py:188} INFO - [2025-07-18T13:10:54.636+0000] {dag.py:3036} INFO - Sync 1 DAGs
[2025-07-18T13:10:54.647+0000] {logging_mixin.py:188} INFO - [2025-07-18T13:10:54.647+0000] {dag.py:3823} INFO - Setting next_dagrun for example_setup_teardown to 2025-07-17 00:00:00+00:00, run_after=2025-07-18 00:00:00+00:00
[2025-07-18T13:10:54.655+0000] {processor.py:183} INFO - Processing /home/airflow/.local/lib/python3.8/site-packages/airflow/example_dags/example_setup_teardown.py took 0.030 seconds
[2025-07-18T13:11:25.310+0000] {processor.py:161} INFO - Started process (PID=1757) to work on /home/airflow/.local/lib/python3.8/site-packages/airflow/example_dags/example_setup_teardown.py
[2025-07-18T13:11:25.312+0000] {processor.py:830} INFO - Processing file /home/airflow/.local/lib/python3.8/site-packages/airflow/example_dags/example_setup_teardown.py for tasks to queue
[2025-07-18T13:11:25.314+0000] {logging_mixin.py:188} INFO - [2025-07-18T13:11:25.314+0000] {dagbag.py:538} INFO - Filling up the DagBag from /home/airflow/.local/lib/python3.8/site-packages/airflow/example_dags/example_setup_teardown.py
[2025-07-18T13:11:25.316+0000] {processor.py:840} INFO - DAG(s) 'example_setup_teardown' retrieved from /home/airflow/.local/lib/python3.8/site-packages/airflow/example_dags/example_setup_teardown.py
[2025-07-18T13:11:25.328+0000] {logging_mixin.py:188} INFO - [2025-07-18T13:11:25.328+0000] {dag.py:3036} INFO - Sync 1 DAGs
[2025-07-18T13:11:25.403+0000] {logging_mixin.py:188} INFO - [2025-07-18T13:11:25.403+0000] {dag.py:3823} INFO - Setting next_dagrun for example_setup_teardown to 2025-07-17 00:00:00+00:00, run_after=2025-07-18 00:00:00+00:00
[2025-07-18T13:11:25.414+0000] {processor.py:183} INFO - Processing /home/airflow/.local/lib/python3.8/site-packages/airflow/example_dags/example_setup_teardown.py took 0.106 seconds
[2025-07-18T13:11:56.263+0000] {processor.py:161} INFO - Started process (PID=1830) to work on /home/airflow/.local/lib/python3.8/site-packages/airflow/example_dags/example_setup_teardown.py
[2025-07-18T13:11:56.264+0000] {processor.py:830} INFO - Processing file /home/airflow/.local/lib/python3.8/site-packages/airflow/example_dags/example_setup_teardown.py for tasks to queue
[2025-07-18T13:11:56.265+0000] {logging_mixin.py:188} INFO - [2025-07-18T13:11:56.265+0000] {dagbag.py:538} INFO - Filling up the DagBag from /home/airflow/.local/lib/python3.8/site-packages/airflow/example_dags/example_setup_teardown.py
[2025-07-18T13:11:56.267+0000] {processor.py:840} INFO - DAG(s) 'example_setup_teardown' retrieved from /home/airflow/.local/lib/python3.8/site-packages/airflow/example_dags/example_setup_teardown.py
[2025-07-18T13:11:56.276+0000] {logging_mixin.py:188} INFO - [2025-07-18T13:11:56.275+0000] {dag.py:3036} INFO - Sync 1 DAGs
[2025-07-18T13:11:56.350+0000] {logging_mixin.py:188} INFO - [2025-07-18T13:11:56.350+0000] {dag.py:3823} INFO - Setting next_dagrun for example_setup_teardown to 2025-07-17 00:00:00+00:00, run_after=2025-07-18 00:00:00+00:00
[2025-07-18T13:11:56.359+0000] {processor.py:183} INFO - Processing /home/airflow/.local/lib/python3.8/site-packages/airflow/example_dags/example_setup_teardown.py took 0.097 seconds
[2025-07-18T13:12:27.500+0000] {processor.py:161} INFO - Started process (PID=1902) to work on /home/airflow/.local/lib/python3.8/site-packages/airflow/example_dags/example_setup_teardown.py
[2025-07-18T13:12:27.501+0000] {processor.py:830} INFO - Processing file /home/airflow/.local/lib/python3.8/site-packages/airflow/example_dags/example_setup_teardown.py for tasks to queue
[2025-07-18T13:12:27.502+0000] {logging_mixin.py:188} INFO - [2025-07-18T13:12:27.502+0000] {dagbag.py:538} INFO - Filling up the DagBag from /home/airflow/.local/lib/python3.8/site-packages/airflow/example_dags/example_setup_teardown.py
[2025-07-18T13:12:27.505+0000] {processor.py:840} INFO - DAG(s) 'example_setup_teardown' retrieved from /home/airflow/.local/lib/python3.8/site-packages/airflow/example_dags/example_setup_teardown.py
[2025-07-18T13:12:27.513+0000] {logging_mixin.py:188} INFO - [2025-07-18T13:12:27.513+0000] {dag.py:3036} INFO - Sync 1 DAGs
[2025-07-18T13:12:27.588+0000] {logging_mixin.py:188} INFO - [2025-07-18T13:12:27.588+0000] {dag.py:3823} INFO - Setting next_dagrun for example_setup_teardown to 2025-07-17 00:00:00+00:00, run_after=2025-07-18 00:00:00+00:00
[2025-07-18T13:12:27.594+0000] {processor.py:183} INFO - Processing /home/airflow/.local/lib/python3.8/site-packages/airflow/example_dags/example_setup_teardown.py took 0.096 seconds
[2025-07-18T13:12:58.053+0000] {processor.py:161} INFO - Started process (PID=1975) to work on /home/airflow/.local/lib/python3.8/site-packages/airflow/example_dags/example_setup_teardown.py
[2025-07-18T13:12:58.056+0000] {processor.py:830} INFO - Processing file /home/airflow/.local/lib/python3.8/site-packages/airflow/example_dags/example_setup_teardown.py for tasks to queue
[2025-07-18T13:12:58.058+0000] {logging_mixin.py:188} INFO - [2025-07-18T13:12:58.058+0000] {dagbag.py:538} INFO - Filling up the DagBag from /home/airflow/.local/lib/python3.8/site-packages/airflow/example_dags/example_setup_teardown.py
[2025-07-18T13:12:58.061+0000] {processor.py:840} INFO - DAG(s) 'example_setup_teardown' retrieved from /home/airflow/.local/lib/python3.8/site-packages/airflow/example_dags/example_setup_teardown.py
[2025-07-18T13:12:58.072+0000] {logging_mixin.py:188} INFO - [2025-07-18T13:12:58.071+0000] {dag.py:3036} INFO - Sync 1 DAGs
[2025-07-18T13:12:58.139+0000] {logging_mixin.py:188} INFO - [2025-07-18T13:12:58.139+0000] {dag.py:3823} INFO - Setting next_dagrun for example_setup_teardown to 2025-07-17 00:00:00+00:00, run_after=2025-07-18 00:00:00+00:00
[2025-07-18T13:12:58.148+0000] {processor.py:183} INFO - Processing /home/airflow/.local/lib/python3.8/site-packages/airflow/example_dags/example_setup_teardown.py took 0.097 seconds
[2025-07-18T13:13:28.595+0000] {processor.py:161} INFO - Started process (PID=2048) to work on /home/airflow/.local/lib/python3.8/site-packages/airflow/example_dags/example_setup_teardown.py
[2025-07-18T13:13:28.598+0000] {processor.py:830} INFO - Processing file /home/airflow/.local/lib/python3.8/site-packages/airflow/example_dags/example_setup_teardown.py for tasks to queue
[2025-07-18T13:13:28.599+0000] {logging_mixin.py:188} INFO - [2025-07-18T13:13:28.599+0000] {dagbag.py:538} INFO - Filling up the DagBag from /home/airflow/.local/lib/python3.8/site-packages/airflow/example_dags/example_setup_teardown.py
[2025-07-18T13:13:28.602+0000] {processor.py:840} INFO - DAG(s) 'example_setup_teardown' retrieved from /home/airflow/.local/lib/python3.8/site-packages/airflow/example_dags/example_setup_teardown.py
[2025-07-18T13:13:28.614+0000] {logging_mixin.py:188} INFO - [2025-07-18T13:13:28.614+0000] {dag.py:3036} INFO - Sync 1 DAGs
[2025-07-18T13:13:28.684+0000] {logging_mixin.py:188} INFO - [2025-07-18T13:13:28.684+0000] {dag.py:3823} INFO - Setting next_dagrun for example_setup_teardown to 2025-07-17 00:00:00+00:00, run_after=2025-07-18 00:00:00+00:00
[2025-07-18T13:13:28.693+0000] {processor.py:183} INFO - Processing /home/airflow/.local/lib/python3.8/site-packages/airflow/example_dags/example_setup_teardown.py took 0.100 seconds
[2025-07-18T13:13:59.251+0000] {processor.py:161} INFO - Started process (PID=2121) to work on /home/airflow/.local/lib/python3.8/site-packages/airflow/example_dags/example_setup_teardown.py
[2025-07-18T13:13:59.251+0000] {processor.py:830} INFO - Processing file /home/airflow/.local/lib/python3.8/site-packages/airflow/example_dags/example_setup_teardown.py for tasks to queue
[2025-07-18T13:13:59.252+0000] {logging_mixin.py:188} INFO - [2025-07-18T13:13:59.252+0000] {dagbag.py:538} INFO - Filling up the DagBag from /home/airflow/.local/lib/python3.8/site-packages/airflow/example_dags/example_setup_teardown.py
[2025-07-18T13:13:59.254+0000] {processor.py:840} INFO - DAG(s) 'example_setup_teardown' retrieved from /home/airflow/.local/lib/python3.8/site-packages/airflow/example_dags/example_setup_teardown.py
[2025-07-18T13:13:59.263+0000] {logging_mixin.py:188} INFO - [2025-07-18T13:13:59.263+0000] {dag.py:3036} INFO - Sync 1 DAGs
[2025-07-18T13:13:59.336+0000] {logging_mixin.py:188} INFO - [2025-07-18T13:13:59.336+0000] {dag.py:3823} INFO - Setting next_dagrun for example_setup_teardown to 2025-07-17 00:00:00+00:00, run_after=2025-07-18 00:00:00+00:00
[2025-07-18T13:13:59.343+0000] {processor.py:183} INFO - Processing /home/airflow/.local/lib/python3.8/site-packages/airflow/example_dags/example_setup_teardown.py took 0.094 seconds
[2025-07-18T13:14:29.684+0000] {processor.py:161} INFO - Started process (PID=2194) to work on /home/airflow/.local/lib/python3.8/site-packages/airflow/example_dags/example_setup_teardown.py
[2025-07-18T13:14:29.684+0000] {processor.py:830} INFO - Processing file /home/airflow/.local/lib/python3.8/site-packages/airflow/example_dags/example_setup_teardown.py for tasks to queue
[2025-07-18T13:14:29.685+0000] {logging_mixin.py:188} INFO - [2025-07-18T13:14:29.685+0000] {dagbag.py:538} INFO - Filling up the DagBag from /home/airflow/.local/lib/python3.8/site-packages/airflow/example_dags/example_setup_teardown.py
[2025-07-18T13:14:29.687+0000] {processor.py:840} INFO - DAG(s) 'example_setup_teardown' retrieved from /home/airflow/.local/lib/python3.8/site-packages/airflow/example_dags/example_setup_teardown.py
[2025-07-18T13:14:29.694+0000] {logging_mixin.py:188} INFO - [2025-07-18T13:14:29.694+0000] {dag.py:3036} INFO - Sync 1 DAGs
[2025-07-18T13:14:29.701+0000] {logging_mixin.py:188} INFO - [2025-07-18T13:14:29.701+0000] {dag.py:3823} INFO - Setting next_dagrun for example_setup_teardown to 2025-07-17 00:00:00+00:00, run_after=2025-07-18 00:00:00+00:00
[2025-07-18T13:14:29.706+0000] {processor.py:183} INFO - Processing /home/airflow/.local/lib/python3.8/site-packages/airflow/example_dags/example_setup_teardown.py took 0.024 seconds
[2025-07-18T13:15:00.311+0000] {processor.py:161} INFO - Started process (PID=2267) to work on /home/airflow/.local/lib/python3.8/site-packages/airflow/example_dags/example_setup_teardown.py
[2025-07-18T13:15:00.311+0000] {processor.py:830} INFO - Processing file /home/airflow/.local/lib/python3.8/site-packages/airflow/example_dags/example_setup_teardown.py for tasks to queue
[2025-07-18T13:15:00.312+0000] {logging_mixin.py:188} INFO - [2025-07-18T13:15:00.312+0000] {dagbag.py:538} INFO - Filling up the DagBag from /home/airflow/.local/lib/python3.8/site-packages/airflow/example_dags/example_setup_teardown.py
[2025-07-18T13:15:00.314+0000] {processor.py:840} INFO - DAG(s) 'example_setup_teardown' retrieved from /home/airflow/.local/lib/python3.8/site-packages/airflow/example_dags/example_setup_teardown.py
[2025-07-18T13:15:00.323+0000] {logging_mixin.py:188} INFO - [2025-07-18T13:15:00.323+0000] {dag.py:3036} INFO - Sync 1 DAGs
[2025-07-18T13:15:00.332+0000] {logging_mixin.py:188} INFO - [2025-07-18T13:15:00.332+0000] {dag.py:3823} INFO - Setting next_dagrun for example_setup_teardown to 2025-07-17 00:00:00+00:00, run_after=2025-07-18 00:00:00+00:00
[2025-07-18T13:15:00.342+0000] {processor.py:183} INFO - Processing /home/airflow/.local/lib/python3.8/site-packages/airflow/example_dags/example_setup_teardown.py took 0.033 seconds
[2025-07-18T13:15:30.880+0000] {processor.py:161} INFO - Started process (PID=2340) to work on /home/airflow/.local/lib/python3.8/site-packages/airflow/example_dags/example_setup_teardown.py
[2025-07-18T13:15:30.881+0000] {processor.py:830} INFO - Processing file /home/airflow/.local/lib/python3.8/site-packages/airflow/example_dags/example_setup_teardown.py for tasks to queue
[2025-07-18T13:15:30.881+0000] {logging_mixin.py:188} INFO - [2025-07-18T13:15:30.881+0000] {dagbag.py:538} INFO - Filling up the DagBag from /home/airflow/.local/lib/python3.8/site-packages/airflow/example_dags/example_setup_teardown.py
[2025-07-18T13:15:30.887+0000] {processor.py:840} INFO - DAG(s) 'example_setup_teardown' retrieved from /home/airflow/.local/lib/python3.8/site-packages/airflow/example_dags/example_setup_teardown.py
[2025-07-18T13:15:30.896+0000] {logging_mixin.py:188} INFO - [2025-07-18T13:15:30.896+0000] {dag.py:3036} INFO - Sync 1 DAGs
[2025-07-18T13:15:30.904+0000] {logging_mixin.py:188} INFO - [2025-07-18T13:15:30.904+0000] {dag.py:3823} INFO - Setting next_dagrun for example_setup_teardown to 2025-07-17 00:00:00+00:00, run_after=2025-07-18 00:00:00+00:00
[2025-07-18T13:15:30.911+0000] {processor.py:183} INFO - Processing /home/airflow/.local/lib/python3.8/site-packages/airflow/example_dags/example_setup_teardown.py took 0.032 seconds
[2025-07-18T13:16:01.480+0000] {processor.py:161} INFO - Started process (PID=2413) to work on /home/airflow/.local/lib/python3.8/site-packages/airflow/example_dags/example_setup_teardown.py
[2025-07-18T13:16:01.481+0000] {processor.py:830} INFO - Processing file /home/airflow/.local/lib/python3.8/site-packages/airflow/example_dags/example_setup_teardown.py for tasks to queue
[2025-07-18T13:16:01.482+0000] {logging_mixin.py:188} INFO - [2025-07-18T13:16:01.482+0000] {dagbag.py:538} INFO - Filling up the DagBag from /home/airflow/.local/lib/python3.8/site-packages/airflow/example_dags/example_setup_teardown.py
[2025-07-18T13:16:01.484+0000] {processor.py:840} INFO - DAG(s) 'example_setup_teardown' retrieved from /home/airflow/.local/lib/python3.8/site-packages/airflow/example_dags/example_setup_teardown.py
[2025-07-18T13:16:01.491+0000] {logging_mixin.py:188} INFO - [2025-07-18T13:16:01.491+0000] {dag.py:3036} INFO - Sync 1 DAGs
[2025-07-18T13:16:01.499+0000] {logging_mixin.py:188} INFO - [2025-07-18T13:16:01.499+0000] {dag.py:3823} INFO - Setting next_dagrun for example_setup_teardown to 2025-07-17 00:00:00+00:00, run_after=2025-07-18 00:00:00+00:00
[2025-07-18T13:16:01.507+0000] {processor.py:183} INFO - Processing /home/airflow/.local/lib/python3.8/site-packages/airflow/example_dags/example_setup_teardown.py took 0.028 seconds
[2025-07-18T13:16:32.153+0000] {processor.py:161} INFO - Started process (PID=2486) to work on /home/airflow/.local/lib/python3.8/site-packages/airflow/example_dags/example_setup_teardown.py
[2025-07-18T13:16:32.154+0000] {processor.py:830} INFO - Processing file /home/airflow/.local/lib/python3.8/site-packages/airflow/example_dags/example_setup_teardown.py for tasks to queue
[2025-07-18T13:16:32.154+0000] {logging_mixin.py:188} INFO - [2025-07-18T13:16:32.154+0000] {dagbag.py:538} INFO - Filling up the DagBag from /home/airflow/.local/lib/python3.8/site-packages/airflow/example_dags/example_setup_teardown.py
[2025-07-18T13:16:32.157+0000] {processor.py:840} INFO - DAG(s) 'example_setup_teardown' retrieved from /home/airflow/.local/lib/python3.8/site-packages/airflow/example_dags/example_setup_teardown.py
[2025-07-18T13:16:32.164+0000] {logging_mixin.py:188} INFO - [2025-07-18T13:16:32.164+0000] {dag.py:3036} INFO - Sync 1 DAGs
[2025-07-18T13:16:32.172+0000] {logging_mixin.py:188} INFO - [2025-07-18T13:16:32.172+0000] {dag.py:3823} INFO - Setting next_dagrun for example_setup_teardown to 2025-07-17 00:00:00+00:00, run_after=2025-07-18 00:00:00+00:00
[2025-07-18T13:16:32.179+0000] {processor.py:183} INFO - Processing /home/airflow/.local/lib/python3.8/site-packages/airflow/example_dags/example_setup_teardown.py took 0.028 seconds
[2025-07-18T13:17:02.730+0000] {processor.py:161} INFO - Started process (PID=2559) to work on /home/airflow/.local/lib/python3.8/site-packages/airflow/example_dags/example_setup_teardown.py
[2025-07-18T13:17:02.732+0000] {processor.py:830} INFO - Processing file /home/airflow/.local/lib/python3.8/site-packages/airflow/example_dags/example_setup_teardown.py for tasks to queue
[2025-07-18T13:17:02.732+0000] {logging_mixin.py:188} INFO - [2025-07-18T13:17:02.732+0000] {dagbag.py:538} INFO - Filling up the DagBag from /home/airflow/.local/lib/python3.8/site-packages/airflow/example_dags/example_setup_teardown.py
[2025-07-18T13:17:02.735+0000] {processor.py:840} INFO - DAG(s) 'example_setup_teardown' retrieved from /home/airflow/.local/lib/python3.8/site-packages/airflow/example_dags/example_setup_teardown.py
[2025-07-18T13:17:02.743+0000] {logging_mixin.py:188} INFO - [2025-07-18T13:17:02.743+0000] {dag.py:3036} INFO - Sync 1 DAGs
[2025-07-18T13:17:02.751+0000] {logging_mixin.py:188} INFO - [2025-07-18T13:17:02.751+0000] {dag.py:3823} INFO - Setting next_dagrun for example_setup_teardown to 2025-07-17 00:00:00+00:00, run_after=2025-07-18 00:00:00+00:00
[2025-07-18T13:17:02.760+0000] {processor.py:183} INFO - Processing /home/airflow/.local/lib/python3.8/site-packages/airflow/example_dags/example_setup_teardown.py took 0.031 seconds
[2025-07-18T13:17:33.344+0000] {processor.py:161} INFO - Started process (PID=2632) to work on /home/airflow/.local/lib/python3.8/site-packages/airflow/example_dags/example_setup_teardown.py
[2025-07-18T13:17:33.344+0000] {processor.py:830} INFO - Processing file /home/airflow/.local/lib/python3.8/site-packages/airflow/example_dags/example_setup_teardown.py for tasks to queue
[2025-07-18T13:17:33.345+0000] {logging_mixin.py:188} INFO - [2025-07-18T13:17:33.345+0000] {dagbag.py:538} INFO - Filling up the DagBag from /home/airflow/.local/lib/python3.8/site-packages/airflow/example_dags/example_setup_teardown.py
[2025-07-18T13:17:33.347+0000] {processor.py:840} INFO - DAG(s) 'example_setup_teardown' retrieved from /home/airflow/.local/lib/python3.8/site-packages/airflow/example_dags/example_setup_teardown.py
[2025-07-18T13:17:33.356+0000] {logging_mixin.py:188} INFO - [2025-07-18T13:17:33.356+0000] {dag.py:3036} INFO - Sync 1 DAGs
[2025-07-18T13:17:33.367+0000] {logging_mixin.py:188} INFO - [2025-07-18T13:17:33.367+0000] {dag.py:3823} INFO - Setting next_dagrun for example_setup_teardown to 2025-07-17 00:00:00+00:00, run_after=2025-07-18 00:00:00+00:00
[2025-07-18T13:17:33.375+0000] {processor.py:183} INFO - Processing /home/airflow/.local/lib/python3.8/site-packages/airflow/example_dags/example_setup_teardown.py took 0.033 seconds
[2025-07-18T13:18:35.413+0000] {processor.py:161} INFO - Started process (PID=2768) to work on /home/airflow/.local/lib/python3.8/site-packages/airflow/example_dags/example_setup_teardown.py
[2025-07-18T13:18:35.414+0000] {processor.py:830} INFO - Processing file /home/airflow/.local/lib/python3.8/site-packages/airflow/example_dags/example_setup_teardown.py for tasks to queue
[2025-07-18T13:18:35.415+0000] {logging_mixin.py:188} INFO - [2025-07-18T13:18:35.415+0000] {dagbag.py:538} INFO - Filling up the DagBag from /home/airflow/.local/lib/python3.8/site-packages/airflow/example_dags/example_setup_teardown.py
[2025-07-18T13:18:35.420+0000] {processor.py:840} INFO - DAG(s) 'example_setup_teardown' retrieved from /home/airflow/.local/lib/python3.8/site-packages/airflow/example_dags/example_setup_teardown.py
[2025-07-18T13:18:35.430+0000] {logging_mixin.py:188} INFO - [2025-07-18T13:18:35.430+0000] {dag.py:3036} INFO - Sync 1 DAGs
[2025-07-18T13:18:35.438+0000] {logging_mixin.py:188} INFO - [2025-07-18T13:18:35.438+0000] {dag.py:3823} INFO - Setting next_dagrun for example_setup_teardown to 2025-07-17 00:00:00+00:00, run_after=2025-07-18 00:00:00+00:00
[2025-07-18T13:18:35.446+0000] {processor.py:183} INFO - Processing /home/airflow/.local/lib/python3.8/site-packages/airflow/example_dags/example_setup_teardown.py took 0.034 seconds
