[2025-07-18T12:59:39.507+0000] {processor.py:161} INFO - Started process (PID=104) to work on /home/airflow/.local/lib/python3.8/site-packages/airflow/example_dags/example_short_circuit_operator.py
[2025-07-18T12:59:39.508+0000] {processor.py:830} INFO - Processing file /home/airflow/.local/lib/python3.8/site-packages/airflow/example_dags/example_short_circuit_operator.py for tasks to queue
[2025-07-18T12:59:39.509+0000] {logging_mixin.py:188} INFO - [2025-07-18T12:59:39.509+0000] {dagbag.py:538} INFO - Filling up the DagBag from /home/airflow/.local/lib/python3.8/site-packages/airflow/example_dags/example_short_circuit_operator.py
[2025-07-18T12:59:39.513+0000] {processor.py:840} INFO - DAG(s) 'example_short_circuit_operator' retrieved from /home/airflow/.local/lib/python3.8/site-packages/airflow/example_dags/example_short_circuit_operator.py
[2025-07-18T12:59:39.525+0000] {logging_mixin.py:188} INFO - [2025-07-18T12:59:39.525+0000] {dag.py:3036} INFO - Sync 1 DAGs
[2025-07-18T12:59:39.535+0000] {logging_mixin.py:188} INFO - [2025-07-18T12:59:39.535+0000] {dag.py:3823} INFO - Setting next_dagrun for example_short_circuit_operator to 2025-07-17 00:00:00+00:00, run_after=2025-07-18 00:00:00+00:00
[2025-07-18T12:59:39.545+0000] {processor.py:183} INFO - Processing /home/airflow/.local/lib/python3.8/site-packages/airflow/example_dags/example_short_circuit_operator.py took 0.039 seconds
[2025-07-18T13:00:10.630+0000] {processor.py:161} INFO - Started process (PID=177) to work on /home/airflow/.local/lib/python3.8/site-packages/airflow/example_dags/example_short_circuit_operator.py
[2025-07-18T13:00:10.632+0000] {processor.py:830} INFO - Processing file /home/airflow/.local/lib/python3.8/site-packages/airflow/example_dags/example_short_circuit_operator.py for tasks to queue
[2025-07-18T13:00:10.633+0000] {logging_mixin.py:188} INFO - [2025-07-18T13:00:10.633+0000] {dagbag.py:538} INFO - Filling up the DagBag from /home/airflow/.local/lib/python3.8/site-packages/airflow/example_dags/example_short_circuit_operator.py
[2025-07-18T13:00:10.636+0000] {processor.py:840} INFO - DAG(s) 'example_short_circuit_operator' retrieved from /home/airflow/.local/lib/python3.8/site-packages/airflow/example_dags/example_short_circuit_operator.py
[2025-07-18T13:00:10.645+0000] {logging_mixin.py:188} INFO - [2025-07-18T13:00:10.645+0000] {dag.py:3036} INFO - Sync 1 DAGs
[2025-07-18T13:00:10.652+0000] {logging_mixin.py:188} INFO - [2025-07-18T13:00:10.652+0000] {dag.py:3823} INFO - Setting next_dagrun for example_short_circuit_operator to 2025-07-17 00:00:00+00:00, run_after=2025-07-18 00:00:00+00:00
[2025-07-18T13:00:10.661+0000] {processor.py:183} INFO - Processing /home/airflow/.local/lib/python3.8/site-packages/airflow/example_dags/example_short_circuit_operator.py took 0.031 seconds
[2025-07-18T13:00:41.706+0000] {processor.py:161} INFO - Started process (PID=246) to work on /home/airflow/.local/lib/python3.8/site-packages/airflow/example_dags/example_short_circuit_operator.py
[2025-07-18T13:00:41.707+0000] {processor.py:830} INFO - Processing file /home/airflow/.local/lib/python3.8/site-packages/airflow/example_dags/example_short_circuit_operator.py for tasks to queue
[2025-07-18T13:00:41.707+0000] {logging_mixin.py:188} INFO - [2025-07-18T13:00:41.707+0000] {dagbag.py:538} INFO - Filling up the DagBag from /home/airflow/.local/lib/python3.8/site-packages/airflow/example_dags/example_short_circuit_operator.py
[2025-07-18T13:00:41.710+0000] {processor.py:840} INFO - DAG(s) 'example_short_circuit_operator' retrieved from /home/airflow/.local/lib/python3.8/site-packages/airflow/example_dags/example_short_circuit_operator.py
[2025-07-18T13:00:41.718+0000] {logging_mixin.py:188} INFO - [2025-07-18T13:00:41.718+0000] {dag.py:3036} INFO - Sync 1 DAGs
[2025-07-18T13:00:41.725+0000] {logging_mixin.py:188} INFO - [2025-07-18T13:00:41.725+0000] {dag.py:3823} INFO - Setting next_dagrun for example_short_circuit_operator to 2025-07-17 00:00:00+00:00, run_after=2025-07-18 00:00:00+00:00
[2025-07-18T13:00:41.731+0000] {processor.py:183} INFO - Processing /home/airflow/.local/lib/python3.8/site-packages/airflow/example_dags/example_short_circuit_operator.py took 0.026 seconds
[2025-07-18T13:01:12.737+0000] {processor.py:161} INFO - Started process (PID=318) to work on /home/airflow/.local/lib/python3.8/site-packages/airflow/example_dags/example_short_circuit_operator.py
[2025-07-18T13:01:12.738+0000] {processor.py:830} INFO - Processing file /home/airflow/.local/lib/python3.8/site-packages/airflow/example_dags/example_short_circuit_operator.py for tasks to queue
[2025-07-18T13:01:12.739+0000] {logging_mixin.py:188} INFO - [2025-07-18T13:01:12.739+0000] {dagbag.py:538} INFO - Filling up the DagBag from /home/airflow/.local/lib/python3.8/site-packages/airflow/example_dags/example_short_circuit_operator.py
[2025-07-18T13:01:12.745+0000] {processor.py:840} INFO - DAG(s) 'example_short_circuit_operator' retrieved from /home/airflow/.local/lib/python3.8/site-packages/airflow/example_dags/example_short_circuit_operator.py
[2025-07-18T13:01:12.760+0000] {logging_mixin.py:188} INFO - [2025-07-18T13:01:12.760+0000] {dag.py:3036} INFO - Sync 1 DAGs
[2025-07-18T13:01:12.771+0000] {logging_mixin.py:188} INFO - [2025-07-18T13:01:12.771+0000] {dag.py:3823} INFO - Setting next_dagrun for example_short_circuit_operator to 2025-07-17 00:00:00+00:00, run_after=2025-07-18 00:00:00+00:00
[2025-07-18T13:01:12.777+0000] {processor.py:183} INFO - Processing /home/airflow/.local/lib/python3.8/site-packages/airflow/example_dags/example_short_circuit_operator.py took 0.044 seconds
[2025-07-18T13:01:43.337+0000] {processor.py:161} INFO - Started process (PID=390) to work on /home/airflow/.local/lib/python3.8/site-packages/airflow/example_dags/example_short_circuit_operator.py
[2025-07-18T13:01:43.342+0000] {processor.py:830} INFO - Processing file /home/airflow/.local/lib/python3.8/site-packages/airflow/example_dags/example_short_circuit_operator.py for tasks to queue
[2025-07-18T13:01:43.344+0000] {logging_mixin.py:188} INFO - [2025-07-18T13:01:43.344+0000] {dagbag.py:538} INFO - Filling up the DagBag from /home/airflow/.local/lib/python3.8/site-packages/airflow/example_dags/example_short_circuit_operator.py
[2025-07-18T13:01:43.352+0000] {processor.py:840} INFO - DAG(s) 'example_short_circuit_operator' retrieved from /home/airflow/.local/lib/python3.8/site-packages/airflow/example_dags/example_short_circuit_operator.py
[2025-07-18T13:01:43.367+0000] {logging_mixin.py:188} INFO - [2025-07-18T13:01:43.367+0000] {dag.py:3036} INFO - Sync 1 DAGs
[2025-07-18T13:01:43.379+0000] {logging_mixin.py:188} INFO - [2025-07-18T13:01:43.379+0000] {dag.py:3823} INFO - Setting next_dagrun for example_short_circuit_operator to 2025-07-17 00:00:00+00:00, run_after=2025-07-18 00:00:00+00:00
[2025-07-18T13:01:43.388+0000] {processor.py:183} INFO - Processing /home/airflow/.local/lib/python3.8/site-packages/airflow/example_dags/example_short_circuit_operator.py took 0.055 seconds
[2025-07-18T13:02:14.142+0000] {processor.py:161} INFO - Started process (PID=457) to work on /home/airflow/.local/lib/python3.8/site-packages/airflow/example_dags/example_short_circuit_operator.py
[2025-07-18T13:02:14.143+0000] {processor.py:830} INFO - Processing file /home/airflow/.local/lib/python3.8/site-packages/airflow/example_dags/example_short_circuit_operator.py for tasks to queue
[2025-07-18T13:02:14.145+0000] {logging_mixin.py:188} INFO - [2025-07-18T13:02:14.145+0000] {dagbag.py:538} INFO - Filling up the DagBag from /home/airflow/.local/lib/python3.8/site-packages/airflow/example_dags/example_short_circuit_operator.py
[2025-07-18T13:02:14.151+0000] {processor.py:840} INFO - DAG(s) 'example_short_circuit_operator' retrieved from /home/airflow/.local/lib/python3.8/site-packages/airflow/example_dags/example_short_circuit_operator.py
[2025-07-18T13:02:14.168+0000] {logging_mixin.py:188} INFO - [2025-07-18T13:02:14.168+0000] {dag.py:3036} INFO - Sync 1 DAGs
[2025-07-18T13:02:14.177+0000] {logging_mixin.py:188} INFO - [2025-07-18T13:02:14.177+0000] {dag.py:3823} INFO - Setting next_dagrun for example_short_circuit_operator to 2025-07-17 00:00:00+00:00, run_after=2025-07-18 00:00:00+00:00
[2025-07-18T13:02:14.188+0000] {processor.py:183} INFO - Processing /home/airflow/.local/lib/python3.8/site-packages/airflow/example_dags/example_short_circuit_operator.py took 0.050 seconds
[2025-07-18T13:02:44.295+0000] {processor.py:161} INFO - Started process (PID=530) to work on /home/airflow/.local/lib/python3.8/site-packages/airflow/example_dags/example_short_circuit_operator.py
[2025-07-18T13:02:44.297+0000] {processor.py:830} INFO - Processing file /home/airflow/.local/lib/python3.8/site-packages/airflow/example_dags/example_short_circuit_operator.py for tasks to queue
[2025-07-18T13:02:44.299+0000] {logging_mixin.py:188} INFO - [2025-07-18T13:02:44.299+0000] {dagbag.py:538} INFO - Filling up the DagBag from /home/airflow/.local/lib/python3.8/site-packages/airflow/example_dags/example_short_circuit_operator.py
[2025-07-18T13:02:44.305+0000] {processor.py:840} INFO - DAG(s) 'example_short_circuit_operator' retrieved from /home/airflow/.local/lib/python3.8/site-packages/airflow/example_dags/example_short_circuit_operator.py
[2025-07-18T13:02:44.321+0000] {logging_mixin.py:188} INFO - [2025-07-18T13:02:44.321+0000] {dag.py:3036} INFO - Sync 1 DAGs
[2025-07-18T13:02:44.331+0000] {logging_mixin.py:188} INFO - [2025-07-18T13:02:44.331+0000] {dag.py:3823} INFO - Setting next_dagrun for example_short_circuit_operator to 2025-07-17 00:00:00+00:00, run_after=2025-07-18 00:00:00+00:00
[2025-07-18T13:02:44.340+0000] {processor.py:183} INFO - Processing /home/airflow/.local/lib/python3.8/site-packages/airflow/example_dags/example_short_circuit_operator.py took 0.049 seconds
[2025-07-18T13:03:15.234+0000] {processor.py:161} INFO - Started process (PID=609) to work on /home/airflow/.local/lib/python3.8/site-packages/airflow/example_dags/example_short_circuit_operator.py
[2025-07-18T13:03:15.235+0000] {processor.py:830} INFO - Processing file /home/airflow/.local/lib/python3.8/site-packages/airflow/example_dags/example_short_circuit_operator.py for tasks to queue
[2025-07-18T13:03:15.237+0000] {logging_mixin.py:188} INFO - [2025-07-18T13:03:15.237+0000] {dagbag.py:538} INFO - Filling up the DagBag from /home/airflow/.local/lib/python3.8/site-packages/airflow/example_dags/example_short_circuit_operator.py
[2025-07-18T13:03:15.243+0000] {processor.py:840} INFO - DAG(s) 'example_short_circuit_operator' retrieved from /home/airflow/.local/lib/python3.8/site-packages/airflow/example_dags/example_short_circuit_operator.py
[2025-07-18T13:03:15.262+0000] {logging_mixin.py:188} INFO - [2025-07-18T13:03:15.261+0000] {dag.py:3036} INFO - Sync 1 DAGs
[2025-07-18T13:03:15.272+0000] {logging_mixin.py:188} INFO - [2025-07-18T13:03:15.272+0000] {dag.py:3823} INFO - Setting next_dagrun for example_short_circuit_operator to 2025-07-17 00:00:00+00:00, run_after=2025-07-18 00:00:00+00:00
[2025-07-18T13:03:15.283+0000] {processor.py:183} INFO - Processing /home/airflow/.local/lib/python3.8/site-packages/airflow/example_dags/example_short_circuit_operator.py took 0.052 seconds
[2025-07-18T13:03:45.992+0000] {processor.py:161} INFO - Started process (PID=681) to work on /home/airflow/.local/lib/python3.8/site-packages/airflow/example_dags/example_short_circuit_operator.py
[2025-07-18T13:03:45.993+0000] {processor.py:830} INFO - Processing file /home/airflow/.local/lib/python3.8/site-packages/airflow/example_dags/example_short_circuit_operator.py for tasks to queue
[2025-07-18T13:03:45.995+0000] {logging_mixin.py:188} INFO - [2025-07-18T13:03:45.995+0000] {dagbag.py:538} INFO - Filling up the DagBag from /home/airflow/.local/lib/python3.8/site-packages/airflow/example_dags/example_short_circuit_operator.py
[2025-07-18T13:03:46.002+0000] {processor.py:840} INFO - DAG(s) 'example_short_circuit_operator' retrieved from /home/airflow/.local/lib/python3.8/site-packages/airflow/example_dags/example_short_circuit_operator.py
[2025-07-18T13:03:46.020+0000] {logging_mixin.py:188} INFO - [2025-07-18T13:03:46.020+0000] {dag.py:3036} INFO - Sync 1 DAGs
[2025-07-18T13:03:46.031+0000] {logging_mixin.py:188} INFO - [2025-07-18T13:03:46.031+0000] {dag.py:3823} INFO - Setting next_dagrun for example_short_circuit_operator to 2025-07-17 00:00:00+00:00, run_after=2025-07-18 00:00:00+00:00
[2025-07-18T13:03:46.039+0000] {processor.py:183} INFO - Processing /home/airflow/.local/lib/python3.8/site-packages/airflow/example_dags/example_short_circuit_operator.py took 0.051 seconds
[2025-07-18T13:04:16.766+0000] {processor.py:161} INFO - Started process (PID=754) to work on /home/airflow/.local/lib/python3.8/site-packages/airflow/example_dags/example_short_circuit_operator.py
[2025-07-18T13:04:16.767+0000] {processor.py:830} INFO - Processing file /home/airflow/.local/lib/python3.8/site-packages/airflow/example_dags/example_short_circuit_operator.py for tasks to queue
[2025-07-18T13:04:16.769+0000] {logging_mixin.py:188} INFO - [2025-07-18T13:04:16.769+0000] {dagbag.py:538} INFO - Filling up the DagBag from /home/airflow/.local/lib/python3.8/site-packages/airflow/example_dags/example_short_circuit_operator.py
[2025-07-18T13:04:16.776+0000] {processor.py:840} INFO - DAG(s) 'example_short_circuit_operator' retrieved from /home/airflow/.local/lib/python3.8/site-packages/airflow/example_dags/example_short_circuit_operator.py
[2025-07-18T13:04:16.792+0000] {logging_mixin.py:188} INFO - [2025-07-18T13:04:16.792+0000] {dag.py:3036} INFO - Sync 1 DAGs
[2025-07-18T13:04:16.802+0000] {logging_mixin.py:188} INFO - [2025-07-18T13:04:16.801+0000] {dag.py:3823} INFO - Setting next_dagrun for example_short_circuit_operator to 2025-07-17 00:00:00+00:00, run_after=2025-07-18 00:00:00+00:00
[2025-07-18T13:04:16.812+0000] {processor.py:183} INFO - Processing /home/airflow/.local/lib/python3.8/site-packages/airflow/example_dags/example_short_circuit_operator.py took 0.051 seconds
[2025-07-18T13:04:47.520+0000] {processor.py:161} INFO - Started process (PID=827) to work on /home/airflow/.local/lib/python3.8/site-packages/airflow/example_dags/example_short_circuit_operator.py
[2025-07-18T13:04:47.522+0000] {processor.py:830} INFO - Processing file /home/airflow/.local/lib/python3.8/site-packages/airflow/example_dags/example_short_circuit_operator.py for tasks to queue
[2025-07-18T13:04:47.524+0000] {logging_mixin.py:188} INFO - [2025-07-18T13:04:47.524+0000] {dagbag.py:538} INFO - Filling up the DagBag from /home/airflow/.local/lib/python3.8/site-packages/airflow/example_dags/example_short_circuit_operator.py
[2025-07-18T13:04:47.531+0000] {processor.py:840} INFO - DAG(s) 'example_short_circuit_operator' retrieved from /home/airflow/.local/lib/python3.8/site-packages/airflow/example_dags/example_short_circuit_operator.py
[2025-07-18T13:04:47.550+0000] {logging_mixin.py:188} INFO - [2025-07-18T13:04:47.550+0000] {dag.py:3036} INFO - Sync 1 DAGs
[2025-07-18T13:04:47.561+0000] {logging_mixin.py:188} INFO - [2025-07-18T13:04:47.561+0000] {dag.py:3823} INFO - Setting next_dagrun for example_short_circuit_operator to 2025-07-17 00:00:00+00:00, run_after=2025-07-18 00:00:00+00:00
[2025-07-18T13:04:47.571+0000] {processor.py:183} INFO - Processing /home/airflow/.local/lib/python3.8/site-packages/airflow/example_dags/example_short_circuit_operator.py took 0.055 seconds
[2025-07-18T13:05:18.198+0000] {processor.py:161} INFO - Started process (PID=900) to work on /home/airflow/.local/lib/python3.8/site-packages/airflow/example_dags/example_short_circuit_operator.py
[2025-07-18T13:05:18.199+0000] {processor.py:830} INFO - Processing file /home/airflow/.local/lib/python3.8/site-packages/airflow/example_dags/example_short_circuit_operator.py for tasks to queue
[2025-07-18T13:05:18.200+0000] {logging_mixin.py:188} INFO - [2025-07-18T13:05:18.200+0000] {dagbag.py:538} INFO - Filling up the DagBag from /home/airflow/.local/lib/python3.8/site-packages/airflow/example_dags/example_short_circuit_operator.py
[2025-07-18T13:05:18.205+0000] {processor.py:840} INFO - DAG(s) 'example_short_circuit_operator' retrieved from /home/airflow/.local/lib/python3.8/site-packages/airflow/example_dags/example_short_circuit_operator.py
[2025-07-18T13:05:18.225+0000] {logging_mixin.py:188} INFO - [2025-07-18T13:05:18.225+0000] {dag.py:3036} INFO - Sync 1 DAGs
[2025-07-18T13:05:18.237+0000] {logging_mixin.py:188} INFO - [2025-07-18T13:05:18.237+0000] {dag.py:3823} INFO - Setting next_dagrun for example_short_circuit_operator to 2025-07-17 00:00:00+00:00, run_after=2025-07-18 00:00:00+00:00
[2025-07-18T13:05:18.246+0000] {processor.py:183} INFO - Processing /home/airflow/.local/lib/python3.8/site-packages/airflow/example_dags/example_short_circuit_operator.py took 0.051 seconds
[2025-07-18T13:05:48.955+0000] {processor.py:161} INFO - Started process (PID=973) to work on /home/airflow/.local/lib/python3.8/site-packages/airflow/example_dags/example_short_circuit_operator.py
[2025-07-18T13:05:48.956+0000] {processor.py:830} INFO - Processing file /home/airflow/.local/lib/python3.8/site-packages/airflow/example_dags/example_short_circuit_operator.py for tasks to queue
[2025-07-18T13:05:48.958+0000] {logging_mixin.py:188} INFO - [2025-07-18T13:05:48.958+0000] {dagbag.py:538} INFO - Filling up the DagBag from /home/airflow/.local/lib/python3.8/site-packages/airflow/example_dags/example_short_circuit_operator.py
[2025-07-18T13:05:48.965+0000] {processor.py:840} INFO - DAG(s) 'example_short_circuit_operator' retrieved from /home/airflow/.local/lib/python3.8/site-packages/airflow/example_dags/example_short_circuit_operator.py
[2025-07-18T13:05:48.982+0000] {logging_mixin.py:188} INFO - [2025-07-18T13:05:48.982+0000] {dag.py:3036} INFO - Sync 1 DAGs
[2025-07-18T13:05:48.993+0000] {logging_mixin.py:188} INFO - [2025-07-18T13:05:48.993+0000] {dag.py:3823} INFO - Setting next_dagrun for example_short_circuit_operator to 2025-07-17 00:00:00+00:00, run_after=2025-07-18 00:00:00+00:00
[2025-07-18T13:05:49.004+0000] {processor.py:183} INFO - Processing /home/airflow/.local/lib/python3.8/site-packages/airflow/example_dags/example_short_circuit_operator.py took 0.053 seconds
[2025-07-18T13:06:19.890+0000] {processor.py:161} INFO - Started process (PID=1046) to work on /home/airflow/.local/lib/python3.8/site-packages/airflow/example_dags/example_short_circuit_operator.py
[2025-07-18T13:06:19.891+0000] {processor.py:830} INFO - Processing file /home/airflow/.local/lib/python3.8/site-packages/airflow/example_dags/example_short_circuit_operator.py for tasks to queue
[2025-07-18T13:06:19.893+0000] {logging_mixin.py:188} INFO - [2025-07-18T13:06:19.892+0000] {dagbag.py:538} INFO - Filling up the DagBag from /home/airflow/.local/lib/python3.8/site-packages/airflow/example_dags/example_short_circuit_operator.py
[2025-07-18T13:06:19.897+0000] {processor.py:840} INFO - DAG(s) 'example_short_circuit_operator' retrieved from /home/airflow/.local/lib/python3.8/site-packages/airflow/example_dags/example_short_circuit_operator.py
[2025-07-18T13:06:19.913+0000] {logging_mixin.py:188} INFO - [2025-07-18T13:06:19.911+0000] {dag.py:3036} INFO - Sync 1 DAGs
[2025-07-18T13:06:19.923+0000] {logging_mixin.py:188} INFO - [2025-07-18T13:06:19.923+0000] {dag.py:3823} INFO - Setting next_dagrun for example_short_circuit_operator to 2025-07-17 00:00:00+00:00, run_after=2025-07-18 00:00:00+00:00
[2025-07-18T13:06:19.933+0000] {processor.py:183} INFO - Processing /home/airflow/.local/lib/python3.8/site-packages/airflow/example_dags/example_short_circuit_operator.py took 0.047 seconds
[2025-07-18T13:06:50.140+0000] {processor.py:161} INFO - Started process (PID=1118) to work on /home/airflow/.local/lib/python3.8/site-packages/airflow/example_dags/example_short_circuit_operator.py
[2025-07-18T13:06:50.142+0000] {processor.py:830} INFO - Processing file /home/airflow/.local/lib/python3.8/site-packages/airflow/example_dags/example_short_circuit_operator.py for tasks to queue
[2025-07-18T13:06:50.143+0000] {logging_mixin.py:188} INFO - [2025-07-18T13:06:50.143+0000] {dagbag.py:538} INFO - Filling up the DagBag from /home/airflow/.local/lib/python3.8/site-packages/airflow/example_dags/example_short_circuit_operator.py
[2025-07-18T13:06:50.148+0000] {processor.py:840} INFO - DAG(s) 'example_short_circuit_operator' retrieved from /home/airflow/.local/lib/python3.8/site-packages/airflow/example_dags/example_short_circuit_operator.py
[2025-07-18T13:06:50.164+0000] {logging_mixin.py:188} INFO - [2025-07-18T13:06:50.164+0000] {dag.py:3036} INFO - Sync 1 DAGs
[2025-07-18T13:06:50.174+0000] {logging_mixin.py:188} INFO - [2025-07-18T13:06:50.174+0000] {dag.py:3823} INFO - Setting next_dagrun for example_short_circuit_operator to 2025-07-17 00:00:00+00:00, run_after=2025-07-18 00:00:00+00:00
[2025-07-18T13:06:50.184+0000] {processor.py:183} INFO - Processing /home/airflow/.local/lib/python3.8/site-packages/airflow/example_dags/example_short_circuit_operator.py took 0.047 seconds
[2025-07-18T13:07:20.925+0000] {processor.py:161} INFO - Started process (PID=1191) to work on /home/airflow/.local/lib/python3.8/site-packages/airflow/example_dags/example_short_circuit_operator.py
[2025-07-18T13:07:20.926+0000] {processor.py:830} INFO - Processing file /home/airflow/.local/lib/python3.8/site-packages/airflow/example_dags/example_short_circuit_operator.py for tasks to queue
[2025-07-18T13:07:20.927+0000] {logging_mixin.py:188} INFO - [2025-07-18T13:07:20.927+0000] {dagbag.py:538} INFO - Filling up the DagBag from /home/airflow/.local/lib/python3.8/site-packages/airflow/example_dags/example_short_circuit_operator.py
[2025-07-18T13:07:20.932+0000] {processor.py:840} INFO - DAG(s) 'example_short_circuit_operator' retrieved from /home/airflow/.local/lib/python3.8/site-packages/airflow/example_dags/example_short_circuit_operator.py
[2025-07-18T13:07:20.943+0000] {logging_mixin.py:188} INFO - [2025-07-18T13:07:20.943+0000] {dag.py:3036} INFO - Sync 1 DAGs
[2025-07-18T13:07:20.955+0000] {logging_mixin.py:188} INFO - [2025-07-18T13:07:20.955+0000] {dag.py:3823} INFO - Setting next_dagrun for example_short_circuit_operator to 2025-07-17 00:00:00+00:00, run_after=2025-07-18 00:00:00+00:00
[2025-07-18T13:07:20.965+0000] {processor.py:183} INFO - Processing /home/airflow/.local/lib/python3.8/site-packages/airflow/example_dags/example_short_circuit_operator.py took 0.044 seconds
[2025-07-18T13:07:51.809+0000] {processor.py:161} INFO - Started process (PID=1264) to work on /home/airflow/.local/lib/python3.8/site-packages/airflow/example_dags/example_short_circuit_operator.py
[2025-07-18T13:07:51.811+0000] {processor.py:830} INFO - Processing file /home/airflow/.local/lib/python3.8/site-packages/airflow/example_dags/example_short_circuit_operator.py for tasks to queue
[2025-07-18T13:07:51.813+0000] {logging_mixin.py:188} INFO - [2025-07-18T13:07:51.813+0000] {dagbag.py:538} INFO - Filling up the DagBag from /home/airflow/.local/lib/python3.8/site-packages/airflow/example_dags/example_short_circuit_operator.py
[2025-07-18T13:07:51.820+0000] {processor.py:840} INFO - DAG(s) 'example_short_circuit_operator' retrieved from /home/airflow/.local/lib/python3.8/site-packages/airflow/example_dags/example_short_circuit_operator.py
[2025-07-18T13:07:51.836+0000] {logging_mixin.py:188} INFO - [2025-07-18T13:07:51.836+0000] {dag.py:3036} INFO - Sync 1 DAGs
[2025-07-18T13:07:51.849+0000] {logging_mixin.py:188} INFO - [2025-07-18T13:07:51.849+0000] {dag.py:3823} INFO - Setting next_dagrun for example_short_circuit_operator to 2025-07-17 00:00:00+00:00, run_after=2025-07-18 00:00:00+00:00
[2025-07-18T13:07:51.857+0000] {processor.py:183} INFO - Processing /home/airflow/.local/lib/python3.8/site-packages/airflow/example_dags/example_short_circuit_operator.py took 0.052 seconds
[2025-07-18T13:08:22.524+0000] {processor.py:161} INFO - Started process (PID=1337) to work on /home/airflow/.local/lib/python3.8/site-packages/airflow/example_dags/example_short_circuit_operator.py
[2025-07-18T13:08:22.525+0000] {processor.py:830} INFO - Processing file /home/airflow/.local/lib/python3.8/site-packages/airflow/example_dags/example_short_circuit_operator.py for tasks to queue
[2025-07-18T13:08:22.527+0000] {logging_mixin.py:188} INFO - [2025-07-18T13:08:22.527+0000] {dagbag.py:538} INFO - Filling up the DagBag from /home/airflow/.local/lib/python3.8/site-packages/airflow/example_dags/example_short_circuit_operator.py
[2025-07-18T13:08:22.531+0000] {processor.py:840} INFO - DAG(s) 'example_short_circuit_operator' retrieved from /home/airflow/.local/lib/python3.8/site-packages/airflow/example_dags/example_short_circuit_operator.py
[2025-07-18T13:08:22.545+0000] {logging_mixin.py:188} INFO - [2025-07-18T13:08:22.544+0000] {dag.py:3036} INFO - Sync 1 DAGs
[2025-07-18T13:08:22.555+0000] {logging_mixin.py:188} INFO - [2025-07-18T13:08:22.555+0000] {dag.py:3823} INFO - Setting next_dagrun for example_short_circuit_operator to 2025-07-17 00:00:00+00:00, run_after=2025-07-18 00:00:00+00:00
[2025-07-18T13:08:22.563+0000] {processor.py:183} INFO - Processing /home/airflow/.local/lib/python3.8/site-packages/airflow/example_dags/example_short_circuit_operator.py took 0.042 seconds
[2025-07-18T13:08:53.157+0000] {processor.py:161} INFO - Started process (PID=1410) to work on /home/airflow/.local/lib/python3.8/site-packages/airflow/example_dags/example_short_circuit_operator.py
[2025-07-18T13:08:53.158+0000] {processor.py:830} INFO - Processing file /home/airflow/.local/lib/python3.8/site-packages/airflow/example_dags/example_short_circuit_operator.py for tasks to queue
[2025-07-18T13:08:53.159+0000] {logging_mixin.py:188} INFO - [2025-07-18T13:08:53.159+0000] {dagbag.py:538} INFO - Filling up the DagBag from /home/airflow/.local/lib/python3.8/site-packages/airflow/example_dags/example_short_circuit_operator.py
[2025-07-18T13:08:53.163+0000] {processor.py:840} INFO - DAG(s) 'example_short_circuit_operator' retrieved from /home/airflow/.local/lib/python3.8/site-packages/airflow/example_dags/example_short_circuit_operator.py
[2025-07-18T13:08:53.177+0000] {logging_mixin.py:188} INFO - [2025-07-18T13:08:53.177+0000] {dag.py:3036} INFO - Sync 1 DAGs
[2025-07-18T13:08:53.187+0000] {logging_mixin.py:188} INFO - [2025-07-18T13:08:53.187+0000] {dag.py:3823} INFO - Setting next_dagrun for example_short_circuit_operator to 2025-07-17 00:00:00+00:00, run_after=2025-07-18 00:00:00+00:00
[2025-07-18T13:08:53.195+0000] {processor.py:183} INFO - Processing /home/airflow/.local/lib/python3.8/site-packages/airflow/example_dags/example_short_circuit_operator.py took 0.041 seconds
[2025-07-18T13:09:23.714+0000] {processor.py:161} INFO - Started process (PID=1483) to work on /home/airflow/.local/lib/python3.8/site-packages/airflow/example_dags/example_short_circuit_operator.py
[2025-07-18T13:09:23.715+0000] {processor.py:830} INFO - Processing file /home/airflow/.local/lib/python3.8/site-packages/airflow/example_dags/example_short_circuit_operator.py for tasks to queue
[2025-07-18T13:09:23.717+0000] {logging_mixin.py:188} INFO - [2025-07-18T13:09:23.717+0000] {dagbag.py:538} INFO - Filling up the DagBag from /home/airflow/.local/lib/python3.8/site-packages/airflow/example_dags/example_short_circuit_operator.py
[2025-07-18T13:09:23.724+0000] {processor.py:840} INFO - DAG(s) 'example_short_circuit_operator' retrieved from /home/airflow/.local/lib/python3.8/site-packages/airflow/example_dags/example_short_circuit_operator.py
[2025-07-18T13:09:23.741+0000] {logging_mixin.py:188} INFO - [2025-07-18T13:09:23.741+0000] {dag.py:3036} INFO - Sync 1 DAGs
[2025-07-18T13:09:23.752+0000] {logging_mixin.py:188} INFO - [2025-07-18T13:09:23.752+0000] {dag.py:3823} INFO - Setting next_dagrun for example_short_circuit_operator to 2025-07-17 00:00:00+00:00, run_after=2025-07-18 00:00:00+00:00
[2025-07-18T13:09:23.760+0000] {processor.py:183} INFO - Processing /home/airflow/.local/lib/python3.8/site-packages/airflow/example_dags/example_short_circuit_operator.py took 0.051 seconds
[2025-07-18T13:09:54.390+0000] {processor.py:161} INFO - Started process (PID=1556) to work on /home/airflow/.local/lib/python3.8/site-packages/airflow/example_dags/example_short_circuit_operator.py
[2025-07-18T13:09:54.391+0000] {processor.py:830} INFO - Processing file /home/airflow/.local/lib/python3.8/site-packages/airflow/example_dags/example_short_circuit_operator.py for tasks to queue
[2025-07-18T13:09:54.393+0000] {logging_mixin.py:188} INFO - [2025-07-18T13:09:54.393+0000] {dagbag.py:538} INFO - Filling up the DagBag from /home/airflow/.local/lib/python3.8/site-packages/airflow/example_dags/example_short_circuit_operator.py
[2025-07-18T13:09:54.401+0000] {processor.py:840} INFO - DAG(s) 'example_short_circuit_operator' retrieved from /home/airflow/.local/lib/python3.8/site-packages/airflow/example_dags/example_short_circuit_operator.py
[2025-07-18T13:09:54.423+0000] {logging_mixin.py:188} INFO - [2025-07-18T13:09:54.423+0000] {dag.py:3036} INFO - Sync 1 DAGs
[2025-07-18T13:09:54.444+0000] {logging_mixin.py:188} INFO - [2025-07-18T13:09:54.443+0000] {dag.py:3823} INFO - Setting next_dagrun for example_short_circuit_operator to 2025-07-17 00:00:00+00:00, run_after=2025-07-18 00:00:00+00:00
[2025-07-18T13:09:54.457+0000] {processor.py:183} INFO - Processing /home/airflow/.local/lib/python3.8/site-packages/airflow/example_dags/example_short_circuit_operator.py took 0.069 seconds
[2025-07-18T13:10:25.100+0000] {processor.py:161} INFO - Started process (PID=1629) to work on /home/airflow/.local/lib/python3.8/site-packages/airflow/example_dags/example_short_circuit_operator.py
[2025-07-18T13:10:25.101+0000] {processor.py:830} INFO - Processing file /home/airflow/.local/lib/python3.8/site-packages/airflow/example_dags/example_short_circuit_operator.py for tasks to queue
[2025-07-18T13:10:25.102+0000] {logging_mixin.py:188} INFO - [2025-07-18T13:10:25.102+0000] {dagbag.py:538} INFO - Filling up the DagBag from /home/airflow/.local/lib/python3.8/site-packages/airflow/example_dags/example_short_circuit_operator.py
[2025-07-18T13:10:25.106+0000] {processor.py:840} INFO - DAG(s) 'example_short_circuit_operator' retrieved from /home/airflow/.local/lib/python3.8/site-packages/airflow/example_dags/example_short_circuit_operator.py
[2025-07-18T13:10:25.119+0000] {logging_mixin.py:188} INFO - [2025-07-18T13:10:25.119+0000] {dag.py:3036} INFO - Sync 1 DAGs
[2025-07-18T13:10:25.129+0000] {logging_mixin.py:188} INFO - [2025-07-18T13:10:25.129+0000] {dag.py:3823} INFO - Setting next_dagrun for example_short_circuit_operator to 2025-07-17 00:00:00+00:00, run_after=2025-07-18 00:00:00+00:00
[2025-07-18T13:10:25.139+0000] {processor.py:183} INFO - Processing /home/airflow/.local/lib/python3.8/site-packages/airflow/example_dags/example_short_circuit_operator.py took 0.041 seconds
[2025-07-18T13:10:56.029+0000] {processor.py:161} INFO - Started process (PID=1702) to work on /home/airflow/.local/lib/python3.8/site-packages/airflow/example_dags/example_short_circuit_operator.py
[2025-07-18T13:10:56.030+0000] {processor.py:830} INFO - Processing file /home/airflow/.local/lib/python3.8/site-packages/airflow/example_dags/example_short_circuit_operator.py for tasks to queue
[2025-07-18T13:10:56.032+0000] {logging_mixin.py:188} INFO - [2025-07-18T13:10:56.031+0000] {dagbag.py:538} INFO - Filling up the DagBag from /home/airflow/.local/lib/python3.8/site-packages/airflow/example_dags/example_short_circuit_operator.py
[2025-07-18T13:10:56.037+0000] {processor.py:840} INFO - DAG(s) 'example_short_circuit_operator' retrieved from /home/airflow/.local/lib/python3.8/site-packages/airflow/example_dags/example_short_circuit_operator.py
[2025-07-18T13:10:56.054+0000] {logging_mixin.py:188} INFO - [2025-07-18T13:10:56.054+0000] {dag.py:3036} INFO - Sync 1 DAGs
[2025-07-18T13:10:56.066+0000] {logging_mixin.py:188} INFO - [2025-07-18T13:10:56.066+0000] {dag.py:3823} INFO - Setting next_dagrun for example_short_circuit_operator to 2025-07-17 00:00:00+00:00, run_after=2025-07-18 00:00:00+00:00
[2025-07-18T13:10:56.077+0000] {processor.py:183} INFO - Processing /home/airflow/.local/lib/python3.8/site-packages/airflow/example_dags/example_short_circuit_operator.py took 0.051 seconds
[2025-07-18T13:11:26.858+0000] {processor.py:161} INFO - Started process (PID=1775) to work on /home/airflow/.local/lib/python3.8/site-packages/airflow/example_dags/example_short_circuit_operator.py
[2025-07-18T13:11:26.859+0000] {processor.py:830} INFO - Processing file /home/airflow/.local/lib/python3.8/site-packages/airflow/example_dags/example_short_circuit_operator.py for tasks to queue
[2025-07-18T13:11:26.861+0000] {logging_mixin.py:188} INFO - [2025-07-18T13:11:26.861+0000] {dagbag.py:538} INFO - Filling up the DagBag from /home/airflow/.local/lib/python3.8/site-packages/airflow/example_dags/example_short_circuit_operator.py
[2025-07-18T13:11:26.868+0000] {processor.py:840} INFO - DAG(s) 'example_short_circuit_operator' retrieved from /home/airflow/.local/lib/python3.8/site-packages/airflow/example_dags/example_short_circuit_operator.py
[2025-07-18T13:11:26.888+0000] {logging_mixin.py:188} INFO - [2025-07-18T13:11:26.888+0000] {dag.py:3036} INFO - Sync 1 DAGs
[2025-07-18T13:11:26.901+0000] {logging_mixin.py:188} INFO - [2025-07-18T13:11:26.901+0000] {dag.py:3823} INFO - Setting next_dagrun for example_short_circuit_operator to 2025-07-17 00:00:00+00:00, run_after=2025-07-18 00:00:00+00:00
[2025-07-18T13:11:26.911+0000] {processor.py:183} INFO - Processing /home/airflow/.local/lib/python3.8/site-packages/airflow/example_dags/example_short_circuit_operator.py took 0.057 seconds
[2025-07-18T13:11:57.026+0000] {processor.py:161} INFO - Started process (PID=1848) to work on /home/airflow/.local/lib/python3.8/site-packages/airflow/example_dags/example_short_circuit_operator.py
[2025-07-18T13:11:57.026+0000] {processor.py:830} INFO - Processing file /home/airflow/.local/lib/python3.8/site-packages/airflow/example_dags/example_short_circuit_operator.py for tasks to queue
[2025-07-18T13:11:57.027+0000] {logging_mixin.py:188} INFO - [2025-07-18T13:11:57.026+0000] {dagbag.py:538} INFO - Filling up the DagBag from /home/airflow/.local/lib/python3.8/site-packages/airflow/example_dags/example_short_circuit_operator.py
[2025-07-18T13:11:57.029+0000] {processor.py:840} INFO - DAG(s) 'example_short_circuit_operator' retrieved from /home/airflow/.local/lib/python3.8/site-packages/airflow/example_dags/example_short_circuit_operator.py
[2025-07-18T13:11:57.041+0000] {logging_mixin.py:188} INFO - [2025-07-18T13:11:57.041+0000] {dag.py:3036} INFO - Sync 1 DAGs
[2025-07-18T13:11:57.049+0000] {logging_mixin.py:188} INFO - [2025-07-18T13:11:57.049+0000] {dag.py:3823} INFO - Setting next_dagrun for example_short_circuit_operator to 2025-07-17 00:00:00+00:00, run_after=2025-07-18 00:00:00+00:00
[2025-07-18T13:11:57.059+0000] {processor.py:183} INFO - Processing /home/airflow/.local/lib/python3.8/site-packages/airflow/example_dags/example_short_circuit_operator.py took 0.035 seconds
[2025-07-18T13:12:28.509+0000] {processor.py:161} INFO - Started process (PID=1920) to work on /home/airflow/.local/lib/python3.8/site-packages/airflow/example_dags/example_short_circuit_operator.py
[2025-07-18T13:12:28.509+0000] {processor.py:830} INFO - Processing file /home/airflow/.local/lib/python3.8/site-packages/airflow/example_dags/example_short_circuit_operator.py for tasks to queue
[2025-07-18T13:12:28.510+0000] {logging_mixin.py:188} INFO - [2025-07-18T13:12:28.510+0000] {dagbag.py:538} INFO - Filling up the DagBag from /home/airflow/.local/lib/python3.8/site-packages/airflow/example_dags/example_short_circuit_operator.py
[2025-07-18T13:12:28.513+0000] {processor.py:840} INFO - DAG(s) 'example_short_circuit_operator' retrieved from /home/airflow/.local/lib/python3.8/site-packages/airflow/example_dags/example_short_circuit_operator.py
[2025-07-18T13:12:28.523+0000] {logging_mixin.py:188} INFO - [2025-07-18T13:12:28.523+0000] {dag.py:3036} INFO - Sync 1 DAGs
[2025-07-18T13:12:28.596+0000] {logging_mixin.py:188} INFO - [2025-07-18T13:12:28.596+0000] {dag.py:3823} INFO - Setting next_dagrun for example_short_circuit_operator to 2025-07-17 00:00:00+00:00, run_after=2025-07-18 00:00:00+00:00
[2025-07-18T13:12:28.607+0000] {processor.py:183} INFO - Processing /home/airflow/.local/lib/python3.8/site-packages/airflow/example_dags/example_short_circuit_operator.py took 0.099 seconds
[2025-07-18T13:12:59.063+0000] {processor.py:161} INFO - Started process (PID=1993) to work on /home/airflow/.local/lib/python3.8/site-packages/airflow/example_dags/example_short_circuit_operator.py
[2025-07-18T13:12:59.063+0000] {processor.py:830} INFO - Processing file /home/airflow/.local/lib/python3.8/site-packages/airflow/example_dags/example_short_circuit_operator.py for tasks to queue
[2025-07-18T13:12:59.064+0000] {logging_mixin.py:188} INFO - [2025-07-18T13:12:59.064+0000] {dagbag.py:538} INFO - Filling up the DagBag from /home/airflow/.local/lib/python3.8/site-packages/airflow/example_dags/example_short_circuit_operator.py
[2025-07-18T13:12:59.069+0000] {processor.py:840} INFO - DAG(s) 'example_short_circuit_operator' retrieved from /home/airflow/.local/lib/python3.8/site-packages/airflow/example_dags/example_short_circuit_operator.py
[2025-07-18T13:12:59.083+0000] {logging_mixin.py:188} INFO - [2025-07-18T13:12:59.083+0000] {dag.py:3036} INFO - Sync 1 DAGs
[2025-07-18T13:12:59.171+0000] {logging_mixin.py:188} INFO - [2025-07-18T13:12:59.171+0000] {dag.py:3823} INFO - Setting next_dagrun for example_short_circuit_operator to 2025-07-17 00:00:00+00:00, run_after=2025-07-18 00:00:00+00:00
[2025-07-18T13:12:59.181+0000] {processor.py:183} INFO - Processing /home/airflow/.local/lib/python3.8/site-packages/airflow/example_dags/example_short_circuit_operator.py took 0.120 seconds
[2025-07-18T13:13:29.755+0000] {processor.py:161} INFO - Started process (PID=2066) to work on /home/airflow/.local/lib/python3.8/site-packages/airflow/example_dags/example_short_circuit_operator.py
[2025-07-18T13:13:29.755+0000] {processor.py:830} INFO - Processing file /home/airflow/.local/lib/python3.8/site-packages/airflow/example_dags/example_short_circuit_operator.py for tasks to queue
[2025-07-18T13:13:29.756+0000] {logging_mixin.py:188} INFO - [2025-07-18T13:13:29.756+0000] {dagbag.py:538} INFO - Filling up the DagBag from /home/airflow/.local/lib/python3.8/site-packages/airflow/example_dags/example_short_circuit_operator.py
[2025-07-18T13:13:29.758+0000] {processor.py:840} INFO - DAG(s) 'example_short_circuit_operator' retrieved from /home/airflow/.local/lib/python3.8/site-packages/airflow/example_dags/example_short_circuit_operator.py
[2025-07-18T13:13:29.766+0000] {logging_mixin.py:188} INFO - [2025-07-18T13:13:29.766+0000] {dag.py:3036} INFO - Sync 1 DAGs
[2025-07-18T13:13:29.826+0000] {logging_mixin.py:188} INFO - [2025-07-18T13:13:29.826+0000] {dag.py:3823} INFO - Setting next_dagrun for example_short_circuit_operator to 2025-07-17 00:00:00+00:00, run_after=2025-07-18 00:00:00+00:00
[2025-07-18T13:13:29.831+0000] {processor.py:183} INFO - Processing /home/airflow/.local/lib/python3.8/site-packages/airflow/example_dags/example_short_circuit_operator.py took 0.077 seconds
[2025-07-18T13:14:00.348+0000] {processor.py:161} INFO - Started process (PID=2139) to work on /home/airflow/.local/lib/python3.8/site-packages/airflow/example_dags/example_short_circuit_operator.py
[2025-07-18T13:14:00.349+0000] {processor.py:830} INFO - Processing file /home/airflow/.local/lib/python3.8/site-packages/airflow/example_dags/example_short_circuit_operator.py for tasks to queue
[2025-07-18T13:14:00.349+0000] {logging_mixin.py:188} INFO - [2025-07-18T13:14:00.349+0000] {dagbag.py:538} INFO - Filling up the DagBag from /home/airflow/.local/lib/python3.8/site-packages/airflow/example_dags/example_short_circuit_operator.py
[2025-07-18T13:14:00.352+0000] {processor.py:840} INFO - DAG(s) 'example_short_circuit_operator' retrieved from /home/airflow/.local/lib/python3.8/site-packages/airflow/example_dags/example_short_circuit_operator.py
[2025-07-18T13:14:00.360+0000] {logging_mixin.py:188} INFO - [2025-07-18T13:14:00.360+0000] {dag.py:3036} INFO - Sync 1 DAGs
[2025-07-18T13:14:00.421+0000] {logging_mixin.py:188} INFO - [2025-07-18T13:14:00.420+0000] {dag.py:3823} INFO - Setting next_dagrun for example_short_circuit_operator to 2025-07-17 00:00:00+00:00, run_after=2025-07-18 00:00:00+00:00
[2025-07-18T13:14:00.426+0000] {processor.py:183} INFO - Processing /home/airflow/.local/lib/python3.8/site-packages/airflow/example_dags/example_short_circuit_operator.py took 0.079 seconds
[2025-07-18T13:14:31.075+0000] {processor.py:161} INFO - Started process (PID=2212) to work on /home/airflow/.local/lib/python3.8/site-packages/airflow/example_dags/example_short_circuit_operator.py
[2025-07-18T13:14:31.076+0000] {processor.py:830} INFO - Processing file /home/airflow/.local/lib/python3.8/site-packages/airflow/example_dags/example_short_circuit_operator.py for tasks to queue
[2025-07-18T13:14:31.076+0000] {logging_mixin.py:188} INFO - [2025-07-18T13:14:31.076+0000] {dagbag.py:538} INFO - Filling up the DagBag from /home/airflow/.local/lib/python3.8/site-packages/airflow/example_dags/example_short_circuit_operator.py
[2025-07-18T13:14:31.079+0000] {processor.py:840} INFO - DAG(s) 'example_short_circuit_operator' retrieved from /home/airflow/.local/lib/python3.8/site-packages/airflow/example_dags/example_short_circuit_operator.py
[2025-07-18T13:14:31.087+0000] {logging_mixin.py:188} INFO - [2025-07-18T13:14:31.087+0000] {dag.py:3036} INFO - Sync 1 DAGs
[2025-07-18T13:14:31.093+0000] {logging_mixin.py:188} INFO - [2025-07-18T13:14:31.093+0000] {dag.py:3823} INFO - Setting next_dagrun for example_short_circuit_operator to 2025-07-17 00:00:00+00:00, run_after=2025-07-18 00:00:00+00:00
[2025-07-18T13:14:31.098+0000] {processor.py:183} INFO - Processing /home/airflow/.local/lib/python3.8/site-packages/airflow/example_dags/example_short_circuit_operator.py took 0.024 seconds
[2025-07-18T13:15:01.739+0000] {processor.py:161} INFO - Started process (PID=2285) to work on /home/airflow/.local/lib/python3.8/site-packages/airflow/example_dags/example_short_circuit_operator.py
[2025-07-18T13:15:01.740+0000] {processor.py:830} INFO - Processing file /home/airflow/.local/lib/python3.8/site-packages/airflow/example_dags/example_short_circuit_operator.py for tasks to queue
[2025-07-18T13:15:01.740+0000] {logging_mixin.py:188} INFO - [2025-07-18T13:15:01.740+0000] {dagbag.py:538} INFO - Filling up the DagBag from /home/airflow/.local/lib/python3.8/site-packages/airflow/example_dags/example_short_circuit_operator.py
[2025-07-18T13:15:01.743+0000] {processor.py:840} INFO - DAG(s) 'example_short_circuit_operator' retrieved from /home/airflow/.local/lib/python3.8/site-packages/airflow/example_dags/example_short_circuit_operator.py
[2025-07-18T13:15:01.753+0000] {logging_mixin.py:188} INFO - [2025-07-18T13:15:01.753+0000] {dag.py:3036} INFO - Sync 1 DAGs
[2025-07-18T13:15:01.761+0000] {logging_mixin.py:188} INFO - [2025-07-18T13:15:01.761+0000] {dag.py:3823} INFO - Setting next_dagrun for example_short_circuit_operator to 2025-07-17 00:00:00+00:00, run_after=2025-07-18 00:00:00+00:00
[2025-07-18T13:15:01.769+0000] {processor.py:183} INFO - Processing /home/airflow/.local/lib/python3.8/site-packages/airflow/example_dags/example_short_circuit_operator.py took 0.031 seconds
[2025-07-18T13:15:32.283+0000] {processor.py:161} INFO - Started process (PID=2358) to work on /home/airflow/.local/lib/python3.8/site-packages/airflow/example_dags/example_short_circuit_operator.py
[2025-07-18T13:15:32.283+0000] {processor.py:830} INFO - Processing file /home/airflow/.local/lib/python3.8/site-packages/airflow/example_dags/example_short_circuit_operator.py for tasks to queue
[2025-07-18T13:15:32.284+0000] {logging_mixin.py:188} INFO - [2025-07-18T13:15:32.284+0000] {dagbag.py:538} INFO - Filling up the DagBag from /home/airflow/.local/lib/python3.8/site-packages/airflow/example_dags/example_short_circuit_operator.py
[2025-07-18T13:15:32.286+0000] {processor.py:840} INFO - DAG(s) 'example_short_circuit_operator' retrieved from /home/airflow/.local/lib/python3.8/site-packages/airflow/example_dags/example_short_circuit_operator.py
[2025-07-18T13:15:32.294+0000] {logging_mixin.py:188} INFO - [2025-07-18T13:15:32.294+0000] {dag.py:3036} INFO - Sync 1 DAGs
[2025-07-18T13:15:32.301+0000] {logging_mixin.py:188} INFO - [2025-07-18T13:15:32.301+0000] {dag.py:3823} INFO - Setting next_dagrun for example_short_circuit_operator to 2025-07-17 00:00:00+00:00, run_after=2025-07-18 00:00:00+00:00
[2025-07-18T13:15:32.306+0000] {processor.py:183} INFO - Processing /home/airflow/.local/lib/python3.8/site-packages/airflow/example_dags/example_short_circuit_operator.py took 0.025 seconds
[2025-07-18T13:16:02.942+0000] {processor.py:161} INFO - Started process (PID=2431) to work on /home/airflow/.local/lib/python3.8/site-packages/airflow/example_dags/example_short_circuit_operator.py
[2025-07-18T13:16:02.943+0000] {processor.py:830} INFO - Processing file /home/airflow/.local/lib/python3.8/site-packages/airflow/example_dags/example_short_circuit_operator.py for tasks to queue
[2025-07-18T13:16:02.943+0000] {logging_mixin.py:188} INFO - [2025-07-18T13:16:02.943+0000] {dagbag.py:538} INFO - Filling up the DagBag from /home/airflow/.local/lib/python3.8/site-packages/airflow/example_dags/example_short_circuit_operator.py
[2025-07-18T13:16:02.946+0000] {processor.py:840} INFO - DAG(s) 'example_short_circuit_operator' retrieved from /home/airflow/.local/lib/python3.8/site-packages/airflow/example_dags/example_short_circuit_operator.py
[2025-07-18T13:16:02.956+0000] {logging_mixin.py:188} INFO - [2025-07-18T13:16:02.956+0000] {dag.py:3036} INFO - Sync 1 DAGs
[2025-07-18T13:16:02.964+0000] {logging_mixin.py:188} INFO - [2025-07-18T13:16:02.964+0000] {dag.py:3823} INFO - Setting next_dagrun for example_short_circuit_operator to 2025-07-17 00:00:00+00:00, run_after=2025-07-18 00:00:00+00:00
[2025-07-18T13:16:02.973+0000] {processor.py:183} INFO - Processing /home/airflow/.local/lib/python3.8/site-packages/airflow/example_dags/example_short_circuit_operator.py took 0.033 seconds
[2025-07-18T13:16:33.561+0000] {processor.py:161} INFO - Started process (PID=2504) to work on /home/airflow/.local/lib/python3.8/site-packages/airflow/example_dags/example_short_circuit_operator.py
[2025-07-18T13:16:33.561+0000] {processor.py:830} INFO - Processing file /home/airflow/.local/lib/python3.8/site-packages/airflow/example_dags/example_short_circuit_operator.py for tasks to queue
[2025-07-18T13:16:33.562+0000] {logging_mixin.py:188} INFO - [2025-07-18T13:16:33.562+0000] {dagbag.py:538} INFO - Filling up the DagBag from /home/airflow/.local/lib/python3.8/site-packages/airflow/example_dags/example_short_circuit_operator.py
[2025-07-18T13:16:33.565+0000] {processor.py:840} INFO - DAG(s) 'example_short_circuit_operator' retrieved from /home/airflow/.local/lib/python3.8/site-packages/airflow/example_dags/example_short_circuit_operator.py
[2025-07-18T13:16:33.573+0000] {logging_mixin.py:188} INFO - [2025-07-18T13:16:33.573+0000] {dag.py:3036} INFO - Sync 1 DAGs
[2025-07-18T13:16:33.580+0000] {logging_mixin.py:188} INFO - [2025-07-18T13:16:33.579+0000] {dag.py:3823} INFO - Setting next_dagrun for example_short_circuit_operator to 2025-07-17 00:00:00+00:00, run_after=2025-07-18 00:00:00+00:00
[2025-07-18T13:16:33.585+0000] {processor.py:183} INFO - Processing /home/airflow/.local/lib/python3.8/site-packages/airflow/example_dags/example_short_circuit_operator.py took 0.025 seconds
[2025-07-18T13:17:04.137+0000] {processor.py:161} INFO - Started process (PID=2577) to work on /home/airflow/.local/lib/python3.8/site-packages/airflow/example_dags/example_short_circuit_operator.py
[2025-07-18T13:17:04.137+0000] {processor.py:830} INFO - Processing file /home/airflow/.local/lib/python3.8/site-packages/airflow/example_dags/example_short_circuit_operator.py for tasks to queue
[2025-07-18T13:17:04.138+0000] {logging_mixin.py:188} INFO - [2025-07-18T13:17:04.138+0000] {dagbag.py:538} INFO - Filling up the DagBag from /home/airflow/.local/lib/python3.8/site-packages/airflow/example_dags/example_short_circuit_operator.py
[2025-07-18T13:17:04.141+0000] {processor.py:840} INFO - DAG(s) 'example_short_circuit_operator' retrieved from /home/airflow/.local/lib/python3.8/site-packages/airflow/example_dags/example_short_circuit_operator.py
[2025-07-18T13:17:04.149+0000] {logging_mixin.py:188} INFO - [2025-07-18T13:17:04.149+0000] {dag.py:3036} INFO - Sync 1 DAGs
[2025-07-18T13:17:04.155+0000] {logging_mixin.py:188} INFO - [2025-07-18T13:17:04.155+0000] {dag.py:3823} INFO - Setting next_dagrun for example_short_circuit_operator to 2025-07-17 00:00:00+00:00, run_after=2025-07-18 00:00:00+00:00
[2025-07-18T13:17:04.161+0000] {processor.py:183} INFO - Processing /home/airflow/.local/lib/python3.8/site-packages/airflow/example_dags/example_short_circuit_operator.py took 0.025 seconds
[2025-07-18T13:17:34.765+0000] {processor.py:161} INFO - Started process (PID=2650) to work on /home/airflow/.local/lib/python3.8/site-packages/airflow/example_dags/example_short_circuit_operator.py
[2025-07-18T13:17:34.766+0000] {processor.py:830} INFO - Processing file /home/airflow/.local/lib/python3.8/site-packages/airflow/example_dags/example_short_circuit_operator.py for tasks to queue
[2025-07-18T13:17:34.766+0000] {logging_mixin.py:188} INFO - [2025-07-18T13:17:34.766+0000] {dagbag.py:538} INFO - Filling up the DagBag from /home/airflow/.local/lib/python3.8/site-packages/airflow/example_dags/example_short_circuit_operator.py
[2025-07-18T13:17:34.769+0000] {processor.py:840} INFO - DAG(s) 'example_short_circuit_operator' retrieved from /home/airflow/.local/lib/python3.8/site-packages/airflow/example_dags/example_short_circuit_operator.py
[2025-07-18T13:17:34.777+0000] {logging_mixin.py:188} INFO - [2025-07-18T13:17:34.777+0000] {dag.py:3036} INFO - Sync 1 DAGs
[2025-07-18T13:17:34.783+0000] {logging_mixin.py:188} INFO - [2025-07-18T13:17:34.783+0000] {dag.py:3823} INFO - Setting next_dagrun for example_short_circuit_operator to 2025-07-17 00:00:00+00:00, run_after=2025-07-18 00:00:00+00:00
[2025-07-18T13:17:34.788+0000] {processor.py:183} INFO - Processing /home/airflow/.local/lib/python3.8/site-packages/airflow/example_dags/example_short_circuit_operator.py took 0.024 seconds
[2025-07-18T13:18:36.085+0000] {processor.py:161} INFO - Started process (PID=2795) to work on /home/airflow/.local/lib/python3.8/site-packages/airflow/example_dags/example_short_circuit_operator.py
[2025-07-18T13:18:36.085+0000] {processor.py:830} INFO - Processing file /home/airflow/.local/lib/python3.8/site-packages/airflow/example_dags/example_short_circuit_operator.py for tasks to queue
[2025-07-18T13:18:36.086+0000] {logging_mixin.py:188} INFO - [2025-07-18T13:18:36.086+0000] {dagbag.py:538} INFO - Filling up the DagBag from /home/airflow/.local/lib/python3.8/site-packages/airflow/example_dags/example_short_circuit_operator.py
[2025-07-18T13:18:36.088+0000] {processor.py:840} INFO - DAG(s) 'example_short_circuit_operator' retrieved from /home/airflow/.local/lib/python3.8/site-packages/airflow/example_dags/example_short_circuit_operator.py
[2025-07-18T13:18:36.097+0000] {logging_mixin.py:188} INFO - [2025-07-18T13:18:36.097+0000] {dag.py:3036} INFO - Sync 1 DAGs
[2025-07-18T13:18:36.105+0000] {logging_mixin.py:188} INFO - [2025-07-18T13:18:36.105+0000] {dag.py:3823} INFO - Setting next_dagrun for example_short_circuit_operator to 2025-07-17 00:00:00+00:00, run_after=2025-07-18 00:00:00+00:00
[2025-07-18T13:18:36.110+0000] {processor.py:183} INFO - Processing /home/airflow/.local/lib/python3.8/site-packages/airflow/example_dags/example_short_circuit_operator.py took 0.027 seconds
