[2025-07-18T12:59:38.551+0000] {processor.py:161} INFO - Started process (PID=74) to work on /home/airflow/.local/lib/python3.8/site-packages/airflow/example_dags/tutorial.py
[2025-07-18T12:59:38.551+0000] {processor.py:830} INFO - Processing file /home/airflow/.local/lib/python3.8/site-packages/airflow/example_dags/tutorial.py for tasks to queue
[2025-07-18T12:59:38.552+0000] {logging_mixin.py:188} INFO - [2025-07-18T12:59:38.551+0000] {dagbag.py:538} INFO - Filling up the DagBag from /home/airflow/.local/lib/python3.8/site-packages/airflow/example_dags/tutorial.py
[2025-07-18T12:59:38.554+0000] {processor.py:840} INFO - DAG(s) 'tutorial' retrieved from /home/airflow/.local/lib/python3.8/site-packages/airflow/example_dags/tutorial.py
[2025-07-18T12:59:38.565+0000] {logging_mixin.py:188} INFO - [2025-07-18T12:59:38.565+0000] {dag.py:3036} INFO - Sync 1 DAGs
[2025-07-18T12:59:38.574+0000] {logging_mixin.py:188} INFO - [2025-07-18T12:59:38.573+0000] {dag.py:3823} INFO - Setting next_dagrun for tutorial to 2025-07-17 00:00:00+00:00, run_after=2025-07-18 00:00:00+00:00
[2025-07-18T12:59:38.581+0000] {processor.py:183} INFO - Processing /home/airflow/.local/lib/python3.8/site-packages/airflow/example_dags/tutorial.py took 0.031 seconds
[2025-07-18T13:00:09.560+0000] {processor.py:161} INFO - Started process (PID=138) to work on /home/airflow/.local/lib/python3.8/site-packages/airflow/example_dags/tutorial.py
[2025-07-18T13:00:09.560+0000] {processor.py:830} INFO - Processing file /home/airflow/.local/lib/python3.8/site-packages/airflow/example_dags/tutorial.py for tasks to queue
[2025-07-18T13:00:09.561+0000] {logging_mixin.py:188} INFO - [2025-07-18T13:00:09.561+0000] {dagbag.py:538} INFO - Filling up the DagBag from /home/airflow/.local/lib/python3.8/site-packages/airflow/example_dags/tutorial.py
[2025-07-18T13:00:09.565+0000] {processor.py:840} INFO - DAG(s) 'tutorial' retrieved from /home/airflow/.local/lib/python3.8/site-packages/airflow/example_dags/tutorial.py
[2025-07-18T13:00:09.575+0000] {logging_mixin.py:188} INFO - [2025-07-18T13:00:09.575+0000] {dag.py:3036} INFO - Sync 1 DAGs
[2025-07-18T13:00:09.585+0000] {logging_mixin.py:188} INFO - [2025-07-18T13:00:09.585+0000] {dag.py:3823} INFO - Setting next_dagrun for tutorial to 2025-07-17 00:00:00+00:00, run_after=2025-07-18 00:00:00+00:00
[2025-07-18T13:00:09.591+0000] {processor.py:183} INFO - Processing /home/airflow/.local/lib/python3.8/site-packages/airflow/example_dags/tutorial.py took 0.033 seconds
[2025-07-18T13:00:39.829+0000] {processor.py:161} INFO - Started process (PID=209) to work on /home/airflow/.local/lib/python3.8/site-packages/airflow/example_dags/tutorial.py
[2025-07-18T13:00:39.831+0000] {processor.py:830} INFO - Processing file /home/airflow/.local/lib/python3.8/site-packages/airflow/example_dags/tutorial.py for tasks to queue
[2025-07-18T13:00:39.834+0000] {logging_mixin.py:188} INFO - [2025-07-18T13:00:39.834+0000] {dagbag.py:538} INFO - Filling up the DagBag from /home/airflow/.local/lib/python3.8/site-packages/airflow/example_dags/tutorial.py
[2025-07-18T13:00:39.840+0000] {processor.py:840} INFO - DAG(s) 'tutorial' retrieved from /home/airflow/.local/lib/python3.8/site-packages/airflow/example_dags/tutorial.py
[2025-07-18T13:00:39.850+0000] {logging_mixin.py:188} INFO - [2025-07-18T13:00:39.850+0000] {dag.py:3036} INFO - Sync 1 DAGs
[2025-07-18T13:00:39.860+0000] {logging_mixin.py:188} INFO - [2025-07-18T13:00:39.860+0000] {dag.py:3823} INFO - Setting next_dagrun for tutorial to 2025-07-17 00:00:00+00:00, run_after=2025-07-18 00:00:00+00:00
[2025-07-18T13:00:39.867+0000] {processor.py:183} INFO - Processing /home/airflow/.local/lib/python3.8/site-packages/airflow/example_dags/tutorial.py took 0.041 seconds
[2025-07-18T13:01:10.008+0000] {processor.py:161} INFO - Started process (PID=282) to work on /home/airflow/.local/lib/python3.8/site-packages/airflow/example_dags/tutorial.py
[2025-07-18T13:01:10.014+0000] {processor.py:830} INFO - Processing file /home/airflow/.local/lib/python3.8/site-packages/airflow/example_dags/tutorial.py for tasks to queue
[2025-07-18T13:01:10.014+0000] {logging_mixin.py:188} INFO - [2025-07-18T13:01:10.014+0000] {dagbag.py:538} INFO - Filling up the DagBag from /home/airflow/.local/lib/python3.8/site-packages/airflow/example_dags/tutorial.py
[2025-07-18T13:01:10.019+0000] {processor.py:840} INFO - DAG(s) 'tutorial' retrieved from /home/airflow/.local/lib/python3.8/site-packages/airflow/example_dags/tutorial.py
[2025-07-18T13:01:10.029+0000] {logging_mixin.py:188} INFO - [2025-07-18T13:01:10.029+0000] {dag.py:3036} INFO - Sync 1 DAGs
[2025-07-18T13:01:10.037+0000] {logging_mixin.py:188} INFO - [2025-07-18T13:01:10.037+0000] {dag.py:3823} INFO - Setting next_dagrun for tutorial to 2025-07-17 00:00:00+00:00, run_after=2025-07-18 00:00:00+00:00
[2025-07-18T13:01:10.046+0000] {processor.py:183} INFO - Processing /home/airflow/.local/lib/python3.8/site-packages/airflow/example_dags/tutorial.py took 0.039 seconds
[2025-07-18T13:01:40.625+0000] {processor.py:161} INFO - Started process (PID=355) to work on /home/airflow/.local/lib/python3.8/site-packages/airflow/example_dags/tutorial.py
[2025-07-18T13:01:40.630+0000] {processor.py:830} INFO - Processing file /home/airflow/.local/lib/python3.8/site-packages/airflow/example_dags/tutorial.py for tasks to queue
[2025-07-18T13:01:40.631+0000] {logging_mixin.py:188} INFO - [2025-07-18T13:01:40.631+0000] {dagbag.py:538} INFO - Filling up the DagBag from /home/airflow/.local/lib/python3.8/site-packages/airflow/example_dags/tutorial.py
[2025-07-18T13:01:40.635+0000] {processor.py:840} INFO - DAG(s) 'tutorial' retrieved from /home/airflow/.local/lib/python3.8/site-packages/airflow/example_dags/tutorial.py
[2025-07-18T13:01:40.645+0000] {logging_mixin.py:188} INFO - [2025-07-18T13:01:40.645+0000] {dag.py:3036} INFO - Sync 1 DAGs
[2025-07-18T13:01:40.653+0000] {logging_mixin.py:188} INFO - [2025-07-18T13:01:40.653+0000] {dag.py:3823} INFO - Setting next_dagrun for tutorial to 2025-07-17 00:00:00+00:00, run_after=2025-07-18 00:00:00+00:00
[2025-07-18T13:01:40.659+0000] {processor.py:183} INFO - Processing /home/airflow/.local/lib/python3.8/site-packages/airflow/example_dags/tutorial.py took 0.035 seconds
[2025-07-18T13:02:11.443+0000] {processor.py:161} INFO - Started process (PID=428) to work on /home/airflow/.local/lib/python3.8/site-packages/airflow/example_dags/tutorial.py
[2025-07-18T13:02:11.448+0000] {processor.py:830} INFO - Processing file /home/airflow/.local/lib/python3.8/site-packages/airflow/example_dags/tutorial.py for tasks to queue
[2025-07-18T13:02:11.451+0000] {logging_mixin.py:188} INFO - [2025-07-18T13:02:11.451+0000] {dagbag.py:538} INFO - Filling up the DagBag from /home/airflow/.local/lib/python3.8/site-packages/airflow/example_dags/tutorial.py
[2025-07-18T13:02:11.455+0000] {processor.py:840} INFO - DAG(s) 'tutorial' retrieved from /home/airflow/.local/lib/python3.8/site-packages/airflow/example_dags/tutorial.py
[2025-07-18T13:02:11.466+0000] {logging_mixin.py:188} INFO - [2025-07-18T13:02:11.466+0000] {dag.py:3036} INFO - Sync 1 DAGs
[2025-07-18T13:02:11.475+0000] {logging_mixin.py:188} INFO - [2025-07-18T13:02:11.475+0000] {dag.py:3823} INFO - Setting next_dagrun for tutorial to 2025-07-17 00:00:00+00:00, run_after=2025-07-18 00:00:00+00:00
[2025-07-18T13:02:11.482+0000] {processor.py:183} INFO - Processing /home/airflow/.local/lib/python3.8/site-packages/airflow/example_dags/tutorial.py took 0.042 seconds
[2025-07-18T13:02:41.627+0000] {processor.py:161} INFO - Started process (PID=501) to work on /home/airflow/.local/lib/python3.8/site-packages/airflow/example_dags/tutorial.py
[2025-07-18T13:02:41.628+0000] {processor.py:830} INFO - Processing file /home/airflow/.local/lib/python3.8/site-packages/airflow/example_dags/tutorial.py for tasks to queue
[2025-07-18T13:02:41.630+0000] {logging_mixin.py:188} INFO - [2025-07-18T13:02:41.630+0000] {dagbag.py:538} INFO - Filling up the DagBag from /home/airflow/.local/lib/python3.8/site-packages/airflow/example_dags/tutorial.py
[2025-07-18T13:02:41.633+0000] {processor.py:840} INFO - DAG(s) 'tutorial' retrieved from /home/airflow/.local/lib/python3.8/site-packages/airflow/example_dags/tutorial.py
[2025-07-18T13:02:41.640+0000] {logging_mixin.py:188} INFO - [2025-07-18T13:02:41.640+0000] {dag.py:3036} INFO - Sync 1 DAGs
[2025-07-18T13:02:41.647+0000] {logging_mixin.py:188} INFO - [2025-07-18T13:02:41.647+0000] {dag.py:3823} INFO - Setting next_dagrun for tutorial to 2025-07-17 00:00:00+00:00, run_after=2025-07-18 00:00:00+00:00
[2025-07-18T13:02:41.658+0000] {processor.py:183} INFO - Processing /home/airflow/.local/lib/python3.8/site-packages/airflow/example_dags/tutorial.py took 0.033 seconds
[2025-07-18T13:03:12.437+0000] {processor.py:161} INFO - Started process (PID=573) to work on /home/airflow/.local/lib/python3.8/site-packages/airflow/example_dags/tutorial.py
[2025-07-18T13:03:12.437+0000] {processor.py:830} INFO - Processing file /home/airflow/.local/lib/python3.8/site-packages/airflow/example_dags/tutorial.py for tasks to queue
[2025-07-18T13:03:12.438+0000] {logging_mixin.py:188} INFO - [2025-07-18T13:03:12.438+0000] {dagbag.py:538} INFO - Filling up the DagBag from /home/airflow/.local/lib/python3.8/site-packages/airflow/example_dags/tutorial.py
[2025-07-18T13:03:12.440+0000] {processor.py:840} INFO - DAG(s) 'tutorial' retrieved from /home/airflow/.local/lib/python3.8/site-packages/airflow/example_dags/tutorial.py
[2025-07-18T13:03:12.449+0000] {logging_mixin.py:188} INFO - [2025-07-18T13:03:12.449+0000] {dag.py:3036} INFO - Sync 1 DAGs
[2025-07-18T13:03:12.458+0000] {logging_mixin.py:188} INFO - [2025-07-18T13:03:12.458+0000] {dag.py:3823} INFO - Setting next_dagrun for tutorial to 2025-07-17 00:00:00+00:00, run_after=2025-07-18 00:00:00+00:00
[2025-07-18T13:03:12.471+0000] {processor.py:183} INFO - Processing /home/airflow/.local/lib/python3.8/site-packages/airflow/example_dags/tutorial.py took 0.036 seconds
[2025-07-18T13:03:43.283+0000] {processor.py:161} INFO - Started process (PID=647) to work on /home/airflow/.local/lib/python3.8/site-packages/airflow/example_dags/tutorial.py
[2025-07-18T13:03:43.284+0000] {processor.py:830} INFO - Processing file /home/airflow/.local/lib/python3.8/site-packages/airflow/example_dags/tutorial.py for tasks to queue
[2025-07-18T13:03:43.284+0000] {logging_mixin.py:188} INFO - [2025-07-18T13:03:43.284+0000] {dagbag.py:538} INFO - Filling up the DagBag from /home/airflow/.local/lib/python3.8/site-packages/airflow/example_dags/tutorial.py
[2025-07-18T13:03:43.287+0000] {processor.py:840} INFO - DAG(s) 'tutorial' retrieved from /home/airflow/.local/lib/python3.8/site-packages/airflow/example_dags/tutorial.py
[2025-07-18T13:03:43.294+0000] {logging_mixin.py:188} INFO - [2025-07-18T13:03:43.294+0000] {dag.py:3036} INFO - Sync 1 DAGs
[2025-07-18T13:03:43.301+0000] {logging_mixin.py:188} INFO - [2025-07-18T13:03:43.301+0000] {dag.py:3823} INFO - Setting next_dagrun for tutorial to 2025-07-17 00:00:00+00:00, run_after=2025-07-18 00:00:00+00:00
[2025-07-18T13:03:43.307+0000] {processor.py:183} INFO - Processing /home/airflow/.local/lib/python3.8/site-packages/airflow/example_dags/tutorial.py took 0.025 seconds
[2025-07-18T13:04:14.042+0000] {processor.py:161} INFO - Started process (PID=719) to work on /home/airflow/.local/lib/python3.8/site-packages/airflow/example_dags/tutorial.py
[2025-07-18T13:04:14.043+0000] {processor.py:830} INFO - Processing file /home/airflow/.local/lib/python3.8/site-packages/airflow/example_dags/tutorial.py for tasks to queue
[2025-07-18T13:04:14.044+0000] {logging_mixin.py:188} INFO - [2025-07-18T13:04:14.044+0000] {dagbag.py:538} INFO - Filling up the DagBag from /home/airflow/.local/lib/python3.8/site-packages/airflow/example_dags/tutorial.py
[2025-07-18T13:04:14.047+0000] {processor.py:840} INFO - DAG(s) 'tutorial' retrieved from /home/airflow/.local/lib/python3.8/site-packages/airflow/example_dags/tutorial.py
[2025-07-18T13:04:14.056+0000] {logging_mixin.py:188} INFO - [2025-07-18T13:04:14.056+0000] {dag.py:3036} INFO - Sync 1 DAGs
[2025-07-18T13:04:14.063+0000] {logging_mixin.py:188} INFO - [2025-07-18T13:04:14.063+0000] {dag.py:3823} INFO - Setting next_dagrun for tutorial to 2025-07-17 00:00:00+00:00, run_after=2025-07-18 00:00:00+00:00
[2025-07-18T13:04:14.072+0000] {processor.py:183} INFO - Processing /home/airflow/.local/lib/python3.8/site-packages/airflow/example_dags/tutorial.py took 0.032 seconds
[2025-07-18T13:04:44.728+0000] {processor.py:161} INFO - Started process (PID=791) to work on /home/airflow/.local/lib/python3.8/site-packages/airflow/example_dags/tutorial.py
[2025-07-18T13:04:44.729+0000] {processor.py:830} INFO - Processing file /home/airflow/.local/lib/python3.8/site-packages/airflow/example_dags/tutorial.py for tasks to queue
[2025-07-18T13:04:44.730+0000] {logging_mixin.py:188} INFO - [2025-07-18T13:04:44.730+0000] {dagbag.py:538} INFO - Filling up the DagBag from /home/airflow/.local/lib/python3.8/site-packages/airflow/example_dags/tutorial.py
[2025-07-18T13:04:44.734+0000] {processor.py:840} INFO - DAG(s) 'tutorial' retrieved from /home/airflow/.local/lib/python3.8/site-packages/airflow/example_dags/tutorial.py
[2025-07-18T13:04:44.743+0000] {logging_mixin.py:188} INFO - [2025-07-18T13:04:44.743+0000] {dag.py:3036} INFO - Sync 1 DAGs
[2025-07-18T13:04:44.751+0000] {logging_mixin.py:188} INFO - [2025-07-18T13:04:44.750+0000] {dag.py:3823} INFO - Setting next_dagrun for tutorial to 2025-07-17 00:00:00+00:00, run_after=2025-07-18 00:00:00+00:00
[2025-07-18T13:04:44.756+0000] {processor.py:183} INFO - Processing /home/airflow/.local/lib/python3.8/site-packages/airflow/example_dags/tutorial.py took 0.030 seconds
[2025-07-18T13:05:15.426+0000] {processor.py:161} INFO - Started process (PID=870) to work on /home/airflow/.local/lib/python3.8/site-packages/airflow/example_dags/tutorial.py
[2025-07-18T13:05:15.427+0000] {processor.py:830} INFO - Processing file /home/airflow/.local/lib/python3.8/site-packages/airflow/example_dags/tutorial.py for tasks to queue
[2025-07-18T13:05:15.427+0000] {logging_mixin.py:188} INFO - [2025-07-18T13:05:15.427+0000] {dagbag.py:538} INFO - Filling up the DagBag from /home/airflow/.local/lib/python3.8/site-packages/airflow/example_dags/tutorial.py
[2025-07-18T13:05:15.430+0000] {processor.py:840} INFO - DAG(s) 'tutorial' retrieved from /home/airflow/.local/lib/python3.8/site-packages/airflow/example_dags/tutorial.py
[2025-07-18T13:05:15.437+0000] {logging_mixin.py:188} INFO - [2025-07-18T13:05:15.437+0000] {dag.py:3036} INFO - Sync 1 DAGs
[2025-07-18T13:05:15.448+0000] {logging_mixin.py:188} INFO - [2025-07-18T13:05:15.448+0000] {dag.py:3823} INFO - Setting next_dagrun for tutorial to 2025-07-17 00:00:00+00:00, run_after=2025-07-18 00:00:00+00:00
[2025-07-18T13:05:15.459+0000] {processor.py:183} INFO - Processing /home/airflow/.local/lib/python3.8/site-packages/airflow/example_dags/tutorial.py took 0.034 seconds
[2025-07-18T13:05:46.217+0000] {processor.py:161} INFO - Started process (PID=943) to work on /home/airflow/.local/lib/python3.8/site-packages/airflow/example_dags/tutorial.py
[2025-07-18T13:05:46.217+0000] {processor.py:830} INFO - Processing file /home/airflow/.local/lib/python3.8/site-packages/airflow/example_dags/tutorial.py for tasks to queue
[2025-07-18T13:05:46.218+0000] {logging_mixin.py:188} INFO - [2025-07-18T13:05:46.218+0000] {dagbag.py:538} INFO - Filling up the DagBag from /home/airflow/.local/lib/python3.8/site-packages/airflow/example_dags/tutorial.py
[2025-07-18T13:05:46.220+0000] {processor.py:840} INFO - DAG(s) 'tutorial' retrieved from /home/airflow/.local/lib/python3.8/site-packages/airflow/example_dags/tutorial.py
[2025-07-18T13:05:46.227+0000] {logging_mixin.py:188} INFO - [2025-07-18T13:05:46.227+0000] {dag.py:3036} INFO - Sync 1 DAGs
[2025-07-18T13:05:46.237+0000] {logging_mixin.py:188} INFO - [2025-07-18T13:05:46.237+0000] {dag.py:3823} INFO - Setting next_dagrun for tutorial to 2025-07-17 00:00:00+00:00, run_after=2025-07-18 00:00:00+00:00
[2025-07-18T13:05:46.250+0000] {processor.py:183} INFO - Processing /home/airflow/.local/lib/python3.8/site-packages/airflow/example_dags/tutorial.py took 0.035 seconds
[2025-07-18T13:06:17.089+0000] {processor.py:161} INFO - Started process (PID=1016) to work on /home/airflow/.local/lib/python3.8/site-packages/airflow/example_dags/tutorial.py
[2025-07-18T13:06:17.090+0000] {processor.py:830} INFO - Processing file /home/airflow/.local/lib/python3.8/site-packages/airflow/example_dags/tutorial.py for tasks to queue
[2025-07-18T13:06:17.092+0000] {logging_mixin.py:188} INFO - [2025-07-18T13:06:17.092+0000] {dagbag.py:538} INFO - Filling up the DagBag from /home/airflow/.local/lib/python3.8/site-packages/airflow/example_dags/tutorial.py
[2025-07-18T13:06:17.095+0000] {processor.py:840} INFO - DAG(s) 'tutorial' retrieved from /home/airflow/.local/lib/python3.8/site-packages/airflow/example_dags/tutorial.py
[2025-07-18T13:06:17.104+0000] {logging_mixin.py:188} INFO - [2025-07-18T13:06:17.104+0000] {dag.py:3036} INFO - Sync 1 DAGs
[2025-07-18T13:06:17.112+0000] {logging_mixin.py:188} INFO - [2025-07-18T13:06:17.112+0000] {dag.py:3823} INFO - Setting next_dagrun for tutorial to 2025-07-17 00:00:00+00:00, run_after=2025-07-18 00:00:00+00:00
[2025-07-18T13:06:17.118+0000] {processor.py:183} INFO - Processing /home/airflow/.local/lib/python3.8/site-packages/airflow/example_dags/tutorial.py took 0.033 seconds
[2025-07-18T13:06:48.315+0000] {processor.py:161} INFO - Started process (PID=1089) to work on /home/airflow/.local/lib/python3.8/site-packages/airflow/example_dags/tutorial.py
[2025-07-18T13:06:48.315+0000] {processor.py:830} INFO - Processing file /home/airflow/.local/lib/python3.8/site-packages/airflow/example_dags/tutorial.py for tasks to queue
[2025-07-18T13:06:48.316+0000] {logging_mixin.py:188} INFO - [2025-07-18T13:06:48.316+0000] {dagbag.py:538} INFO - Filling up the DagBag from /home/airflow/.local/lib/python3.8/site-packages/airflow/example_dags/tutorial.py
[2025-07-18T13:06:48.319+0000] {processor.py:840} INFO - DAG(s) 'tutorial' retrieved from /home/airflow/.local/lib/python3.8/site-packages/airflow/example_dags/tutorial.py
[2025-07-18T13:06:48.328+0000] {logging_mixin.py:188} INFO - [2025-07-18T13:06:48.328+0000] {dag.py:3036} INFO - Sync 1 DAGs
[2025-07-18T13:06:48.336+0000] {logging_mixin.py:188} INFO - [2025-07-18T13:06:48.336+0000] {dag.py:3823} INFO - Setting next_dagrun for tutorial to 2025-07-17 00:00:00+00:00, run_after=2025-07-18 00:00:00+00:00
[2025-07-18T13:06:48.343+0000] {processor.py:183} INFO - Processing /home/airflow/.local/lib/python3.8/site-packages/airflow/example_dags/tutorial.py took 0.029 seconds
[2025-07-18T13:07:19.253+0000] {processor.py:161} INFO - Started process (PID=1162) to work on /home/airflow/.local/lib/python3.8/site-packages/airflow/example_dags/tutorial.py
[2025-07-18T13:07:19.254+0000] {processor.py:830} INFO - Processing file /home/airflow/.local/lib/python3.8/site-packages/airflow/example_dags/tutorial.py for tasks to queue
[2025-07-18T13:07:19.254+0000] {logging_mixin.py:188} INFO - [2025-07-18T13:07:19.254+0000] {dagbag.py:538} INFO - Filling up the DagBag from /home/airflow/.local/lib/python3.8/site-packages/airflow/example_dags/tutorial.py
[2025-07-18T13:07:19.257+0000] {processor.py:840} INFO - DAG(s) 'tutorial' retrieved from /home/airflow/.local/lib/python3.8/site-packages/airflow/example_dags/tutorial.py
[2025-07-18T13:07:19.264+0000] {logging_mixin.py:188} INFO - [2025-07-18T13:07:19.264+0000] {dag.py:3036} INFO - Sync 1 DAGs
[2025-07-18T13:07:19.272+0000] {logging_mixin.py:188} INFO - [2025-07-18T13:07:19.272+0000] {dag.py:3823} INFO - Setting next_dagrun for tutorial to 2025-07-17 00:00:00+00:00, run_after=2025-07-18 00:00:00+00:00
[2025-07-18T13:07:19.284+0000] {processor.py:183} INFO - Processing /home/airflow/.local/lib/python3.8/site-packages/airflow/example_dags/tutorial.py took 0.032 seconds
[2025-07-18T13:07:50.182+0000] {processor.py:161} INFO - Started process (PID=1235) to work on /home/airflow/.local/lib/python3.8/site-packages/airflow/example_dags/tutorial.py
[2025-07-18T13:07:50.183+0000] {processor.py:830} INFO - Processing file /home/airflow/.local/lib/python3.8/site-packages/airflow/example_dags/tutorial.py for tasks to queue
[2025-07-18T13:07:50.184+0000] {logging_mixin.py:188} INFO - [2025-07-18T13:07:50.183+0000] {dagbag.py:538} INFO - Filling up the DagBag from /home/airflow/.local/lib/python3.8/site-packages/airflow/example_dags/tutorial.py
[2025-07-18T13:07:50.186+0000] {processor.py:840} INFO - DAG(s) 'tutorial' retrieved from /home/airflow/.local/lib/python3.8/site-packages/airflow/example_dags/tutorial.py
[2025-07-18T13:07:50.197+0000] {logging_mixin.py:188} INFO - [2025-07-18T13:07:50.197+0000] {dag.py:3036} INFO - Sync 1 DAGs
[2025-07-18T13:07:50.206+0000] {logging_mixin.py:188} INFO - [2025-07-18T13:07:50.206+0000] {dag.py:3823} INFO - Setting next_dagrun for tutorial to 2025-07-17 00:00:00+00:00, run_after=2025-07-18 00:00:00+00:00
[2025-07-18T13:07:50.215+0000] {processor.py:183} INFO - Processing /home/airflow/.local/lib/python3.8/site-packages/airflow/example_dags/tutorial.py took 0.034 seconds
[2025-07-18T13:08:20.778+0000] {processor.py:161} INFO - Started process (PID=1308) to work on /home/airflow/.local/lib/python3.8/site-packages/airflow/example_dags/tutorial.py
[2025-07-18T13:08:20.778+0000] {processor.py:830} INFO - Processing file /home/airflow/.local/lib/python3.8/site-packages/airflow/example_dags/tutorial.py for tasks to queue
[2025-07-18T13:08:20.779+0000] {logging_mixin.py:188} INFO - [2025-07-18T13:08:20.779+0000] {dagbag.py:538} INFO - Filling up the DagBag from /home/airflow/.local/lib/python3.8/site-packages/airflow/example_dags/tutorial.py
[2025-07-18T13:08:20.782+0000] {processor.py:840} INFO - DAG(s) 'tutorial' retrieved from /home/airflow/.local/lib/python3.8/site-packages/airflow/example_dags/tutorial.py
[2025-07-18T13:08:20.793+0000] {logging_mixin.py:188} INFO - [2025-07-18T13:08:20.793+0000] {dag.py:3036} INFO - Sync 1 DAGs
[2025-07-18T13:08:20.803+0000] {logging_mixin.py:188} INFO - [2025-07-18T13:08:20.803+0000] {dag.py:3823} INFO - Setting next_dagrun for tutorial to 2025-07-17 00:00:00+00:00, run_after=2025-07-18 00:00:00+00:00
[2025-07-18T13:08:20.810+0000] {processor.py:183} INFO - Processing /home/airflow/.local/lib/python3.8/site-packages/airflow/example_dags/tutorial.py took 0.034 seconds
[2025-07-18T13:08:51.474+0000] {processor.py:161} INFO - Started process (PID=1380) to work on /home/airflow/.local/lib/python3.8/site-packages/airflow/example_dags/tutorial.py
[2025-07-18T13:08:51.476+0000] {processor.py:830} INFO - Processing file /home/airflow/.local/lib/python3.8/site-packages/airflow/example_dags/tutorial.py for tasks to queue
[2025-07-18T13:08:51.477+0000] {logging_mixin.py:188} INFO - [2025-07-18T13:08:51.476+0000] {dagbag.py:538} INFO - Filling up the DagBag from /home/airflow/.local/lib/python3.8/site-packages/airflow/example_dags/tutorial.py
[2025-07-18T13:08:51.479+0000] {processor.py:840} INFO - DAG(s) 'tutorial' retrieved from /home/airflow/.local/lib/python3.8/site-packages/airflow/example_dags/tutorial.py
[2025-07-18T13:08:51.486+0000] {logging_mixin.py:188} INFO - [2025-07-18T13:08:51.486+0000] {dag.py:3036} INFO - Sync 1 DAGs
[2025-07-18T13:08:51.495+0000] {logging_mixin.py:188} INFO - [2025-07-18T13:08:51.495+0000] {dag.py:3823} INFO - Setting next_dagrun for tutorial to 2025-07-17 00:00:00+00:00, run_after=2025-07-18 00:00:00+00:00
[2025-07-18T13:08:51.501+0000] {processor.py:183} INFO - Processing /home/airflow/.local/lib/python3.8/site-packages/airflow/example_dags/tutorial.py took 0.029 seconds
[2025-07-18T13:09:22.057+0000] {processor.py:161} INFO - Started process (PID=1453) to work on /home/airflow/.local/lib/python3.8/site-packages/airflow/example_dags/tutorial.py
[2025-07-18T13:09:22.058+0000] {processor.py:830} INFO - Processing file /home/airflow/.local/lib/python3.8/site-packages/airflow/example_dags/tutorial.py for tasks to queue
[2025-07-18T13:09:22.059+0000] {logging_mixin.py:188} INFO - [2025-07-18T13:09:22.059+0000] {dagbag.py:538} INFO - Filling up the DagBag from /home/airflow/.local/lib/python3.8/site-packages/airflow/example_dags/tutorial.py
[2025-07-18T13:09:22.062+0000] {processor.py:840} INFO - DAG(s) 'tutorial' retrieved from /home/airflow/.local/lib/python3.8/site-packages/airflow/example_dags/tutorial.py
[2025-07-18T13:09:22.069+0000] {logging_mixin.py:188} INFO - [2025-07-18T13:09:22.068+0000] {dag.py:3036} INFO - Sync 1 DAGs
[2025-07-18T13:09:22.077+0000] {logging_mixin.py:188} INFO - [2025-07-18T13:09:22.077+0000] {dag.py:3823} INFO - Setting next_dagrun for tutorial to 2025-07-17 00:00:00+00:00, run_after=2025-07-18 00:00:00+00:00
[2025-07-18T13:09:22.084+0000] {processor.py:183} INFO - Processing /home/airflow/.local/lib/python3.8/site-packages/airflow/example_dags/tutorial.py took 0.028 seconds
[2025-07-18T13:09:52.654+0000] {processor.py:161} INFO - Started process (PID=1527) to work on /home/airflow/.local/lib/python3.8/site-packages/airflow/example_dags/tutorial.py
[2025-07-18T13:09:52.655+0000] {processor.py:830} INFO - Processing file /home/airflow/.local/lib/python3.8/site-packages/airflow/example_dags/tutorial.py for tasks to queue
[2025-07-18T13:09:52.656+0000] {logging_mixin.py:188} INFO - [2025-07-18T13:09:52.656+0000] {dagbag.py:538} INFO - Filling up the DagBag from /home/airflow/.local/lib/python3.8/site-packages/airflow/example_dags/tutorial.py
[2025-07-18T13:09:52.660+0000] {processor.py:840} INFO - DAG(s) 'tutorial' retrieved from /home/airflow/.local/lib/python3.8/site-packages/airflow/example_dags/tutorial.py
[2025-07-18T13:09:52.668+0000] {logging_mixin.py:188} INFO - [2025-07-18T13:09:52.668+0000] {dag.py:3036} INFO - Sync 1 DAGs
[2025-07-18T13:09:52.677+0000] {logging_mixin.py:188} INFO - [2025-07-18T13:09:52.677+0000] {dag.py:3823} INFO - Setting next_dagrun for tutorial to 2025-07-17 00:00:00+00:00, run_after=2025-07-18 00:00:00+00:00
[2025-07-18T13:09:52.685+0000] {processor.py:183} INFO - Processing /home/airflow/.local/lib/python3.8/site-packages/airflow/example_dags/tutorial.py took 0.033 seconds
[2025-07-18T13:10:23.442+0000] {processor.py:161} INFO - Started process (PID=1599) to work on /home/airflow/.local/lib/python3.8/site-packages/airflow/example_dags/tutorial.py
[2025-07-18T13:10:23.442+0000] {processor.py:830} INFO - Processing file /home/airflow/.local/lib/python3.8/site-packages/airflow/example_dags/tutorial.py for tasks to queue
[2025-07-18T13:10:23.443+0000] {logging_mixin.py:188} INFO - [2025-07-18T13:10:23.443+0000] {dagbag.py:538} INFO - Filling up the DagBag from /home/airflow/.local/lib/python3.8/site-packages/airflow/example_dags/tutorial.py
[2025-07-18T13:10:23.445+0000] {processor.py:840} INFO - DAG(s) 'tutorial' retrieved from /home/airflow/.local/lib/python3.8/site-packages/airflow/example_dags/tutorial.py
[2025-07-18T13:10:23.454+0000] {logging_mixin.py:188} INFO - [2025-07-18T13:10:23.454+0000] {dag.py:3036} INFO - Sync 1 DAGs
[2025-07-18T13:10:23.463+0000] {logging_mixin.py:188} INFO - [2025-07-18T13:10:23.463+0000] {dag.py:3823} INFO - Setting next_dagrun for tutorial to 2025-07-17 00:00:00+00:00, run_after=2025-07-18 00:00:00+00:00
[2025-07-18T13:10:23.471+0000] {processor.py:183} INFO - Processing /home/airflow/.local/lib/python3.8/site-packages/airflow/example_dags/tutorial.py took 0.031 seconds
[2025-07-18T13:10:54.190+0000] {processor.py:161} INFO - Started process (PID=1672) to work on /home/airflow/.local/lib/python3.8/site-packages/airflow/example_dags/tutorial.py
[2025-07-18T13:10:54.191+0000] {processor.py:830} INFO - Processing file /home/airflow/.local/lib/python3.8/site-packages/airflow/example_dags/tutorial.py for tasks to queue
[2025-07-18T13:10:54.191+0000] {logging_mixin.py:188} INFO - [2025-07-18T13:10:54.191+0000] {dagbag.py:538} INFO - Filling up the DagBag from /home/airflow/.local/lib/python3.8/site-packages/airflow/example_dags/tutorial.py
[2025-07-18T13:10:54.194+0000] {processor.py:840} INFO - DAG(s) 'tutorial' retrieved from /home/airflow/.local/lib/python3.8/site-packages/airflow/example_dags/tutorial.py
[2025-07-18T13:10:54.202+0000] {logging_mixin.py:188} INFO - [2025-07-18T13:10:54.202+0000] {dag.py:3036} INFO - Sync 1 DAGs
[2025-07-18T13:10:54.209+0000] {logging_mixin.py:188} INFO - [2025-07-18T13:10:54.209+0000] {dag.py:3823} INFO - Setting next_dagrun for tutorial to 2025-07-17 00:00:00+00:00, run_after=2025-07-18 00:00:00+00:00
[2025-07-18T13:10:54.281+0000] {processor.py:183} INFO - Processing /home/airflow/.local/lib/python3.8/site-packages/airflow/example_dags/tutorial.py took 0.092 seconds
[2025-07-18T13:11:24.927+0000] {processor.py:161} INFO - Started process (PID=1745) to work on /home/airflow/.local/lib/python3.8/site-packages/airflow/example_dags/tutorial.py
[2025-07-18T13:11:24.929+0000] {processor.py:830} INFO - Processing file /home/airflow/.local/lib/python3.8/site-packages/airflow/example_dags/tutorial.py for tasks to queue
[2025-07-18T13:11:24.929+0000] {logging_mixin.py:188} INFO - [2025-07-18T13:11:24.929+0000] {dagbag.py:538} INFO - Filling up the DagBag from /home/airflow/.local/lib/python3.8/site-packages/airflow/example_dags/tutorial.py
[2025-07-18T13:11:24.932+0000] {processor.py:840} INFO - DAG(s) 'tutorial' retrieved from /home/airflow/.local/lib/python3.8/site-packages/airflow/example_dags/tutorial.py
[2025-07-18T13:11:24.939+0000] {logging_mixin.py:188} INFO - [2025-07-18T13:11:24.939+0000] {dag.py:3036} INFO - Sync 1 DAGs
[2025-07-18T13:11:24.950+0000] {logging_mixin.py:188} INFO - [2025-07-18T13:11:24.950+0000] {dag.py:3823} INFO - Setting next_dagrun for tutorial to 2025-07-17 00:00:00+00:00, run_after=2025-07-18 00:00:00+00:00
[2025-07-18T13:11:24.961+0000] {processor.py:183} INFO - Processing /home/airflow/.local/lib/python3.8/site-packages/airflow/example_dags/tutorial.py took 0.035 seconds
[2025-07-18T13:11:55.858+0000] {processor.py:161} INFO - Started process (PID=1819) to work on /home/airflow/.local/lib/python3.8/site-packages/airflow/example_dags/tutorial.py
[2025-07-18T13:11:55.859+0000] {processor.py:830} INFO - Processing file /home/airflow/.local/lib/python3.8/site-packages/airflow/example_dags/tutorial.py for tasks to queue
[2025-07-18T13:11:55.859+0000] {logging_mixin.py:188} INFO - [2025-07-18T13:11:55.859+0000] {dagbag.py:538} INFO - Filling up the DagBag from /home/airflow/.local/lib/python3.8/site-packages/airflow/example_dags/tutorial.py
[2025-07-18T13:11:55.862+0000] {processor.py:840} INFO - DAG(s) 'tutorial' retrieved from /home/airflow/.local/lib/python3.8/site-packages/airflow/example_dags/tutorial.py
[2025-07-18T13:11:55.870+0000] {logging_mixin.py:188} INFO - [2025-07-18T13:11:55.869+0000] {dag.py:3036} INFO - Sync 1 DAGs
[2025-07-18T13:11:55.877+0000] {logging_mixin.py:188} INFO - [2025-07-18T13:11:55.877+0000] {dag.py:3823} INFO - Setting next_dagrun for tutorial to 2025-07-17 00:00:00+00:00, run_after=2025-07-18 00:00:00+00:00
[2025-07-18T13:11:55.883+0000] {processor.py:183} INFO - Processing /home/airflow/.local/lib/python3.8/site-packages/airflow/example_dags/tutorial.py took 0.026 seconds
[2025-07-18T13:12:27.082+0000] {processor.py:161} INFO - Started process (PID=1891) to work on /home/airflow/.local/lib/python3.8/site-packages/airflow/example_dags/tutorial.py
[2025-07-18T13:12:27.083+0000] {processor.py:830} INFO - Processing file /home/airflow/.local/lib/python3.8/site-packages/airflow/example_dags/tutorial.py for tasks to queue
[2025-07-18T13:12:27.083+0000] {logging_mixin.py:188} INFO - [2025-07-18T13:12:27.083+0000] {dagbag.py:538} INFO - Filling up the DagBag from /home/airflow/.local/lib/python3.8/site-packages/airflow/example_dags/tutorial.py
[2025-07-18T13:12:27.086+0000] {processor.py:840} INFO - DAG(s) 'tutorial' retrieved from /home/airflow/.local/lib/python3.8/site-packages/airflow/example_dags/tutorial.py
[2025-07-18T13:12:27.094+0000] {logging_mixin.py:188} INFO - [2025-07-18T13:12:27.094+0000] {dag.py:3036} INFO - Sync 1 DAGs
[2025-07-18T13:12:27.102+0000] {logging_mixin.py:188} INFO - [2025-07-18T13:12:27.102+0000] {dag.py:3823} INFO - Setting next_dagrun for tutorial to 2025-07-17 00:00:00+00:00, run_after=2025-07-18 00:00:00+00:00
[2025-07-18T13:12:27.111+0000] {processor.py:183} INFO - Processing /home/airflow/.local/lib/python3.8/site-packages/airflow/example_dags/tutorial.py took 0.030 seconds
[2025-07-18T13:12:57.629+0000] {processor.py:161} INFO - Started process (PID=1964) to work on /home/airflow/.local/lib/python3.8/site-packages/airflow/example_dags/tutorial.py
[2025-07-18T13:12:57.629+0000] {processor.py:830} INFO - Processing file /home/airflow/.local/lib/python3.8/site-packages/airflow/example_dags/tutorial.py for tasks to queue
[2025-07-18T13:12:57.630+0000] {logging_mixin.py:188} INFO - [2025-07-18T13:12:57.630+0000] {dagbag.py:538} INFO - Filling up the DagBag from /home/airflow/.local/lib/python3.8/site-packages/airflow/example_dags/tutorial.py
[2025-07-18T13:12:57.632+0000] {processor.py:840} INFO - DAG(s) 'tutorial' retrieved from /home/airflow/.local/lib/python3.8/site-packages/airflow/example_dags/tutorial.py
[2025-07-18T13:12:57.640+0000] {logging_mixin.py:188} INFO - [2025-07-18T13:12:57.640+0000] {dag.py:3036} INFO - Sync 1 DAGs
[2025-07-18T13:12:57.648+0000] {logging_mixin.py:188} INFO - [2025-07-18T13:12:57.648+0000] {dag.py:3823} INFO - Setting next_dagrun for tutorial to 2025-07-17 00:00:00+00:00, run_after=2025-07-18 00:00:00+00:00
[2025-07-18T13:12:57.655+0000] {processor.py:183} INFO - Processing /home/airflow/.local/lib/python3.8/site-packages/airflow/example_dags/tutorial.py took 0.028 seconds
[2025-07-18T13:13:28.155+0000] {processor.py:161} INFO - Started process (PID=2037) to work on /home/airflow/.local/lib/python3.8/site-packages/airflow/example_dags/tutorial.py
[2025-07-18T13:13:28.156+0000] {processor.py:830} INFO - Processing file /home/airflow/.local/lib/python3.8/site-packages/airflow/example_dags/tutorial.py for tasks to queue
[2025-07-18T13:13:28.157+0000] {logging_mixin.py:188} INFO - [2025-07-18T13:13:28.157+0000] {dagbag.py:538} INFO - Filling up the DagBag from /home/airflow/.local/lib/python3.8/site-packages/airflow/example_dags/tutorial.py
[2025-07-18T13:13:28.161+0000] {processor.py:840} INFO - DAG(s) 'tutorial' retrieved from /home/airflow/.local/lib/python3.8/site-packages/airflow/example_dags/tutorial.py
[2025-07-18T13:13:28.176+0000] {logging_mixin.py:188} INFO - [2025-07-18T13:13:28.176+0000] {dag.py:3036} INFO - Sync 1 DAGs
[2025-07-18T13:13:28.191+0000] {logging_mixin.py:188} INFO - [2025-07-18T13:13:28.191+0000] {dag.py:3823} INFO - Setting next_dagrun for tutorial to 2025-07-17 00:00:00+00:00, run_after=2025-07-18 00:00:00+00:00
[2025-07-18T13:13:28.201+0000] {processor.py:183} INFO - Processing /home/airflow/.local/lib/python3.8/site-packages/airflow/example_dags/tutorial.py took 0.048 seconds
[2025-07-18T13:13:58.794+0000] {processor.py:161} INFO - Started process (PID=2109) to work on /home/airflow/.local/lib/python3.8/site-packages/airflow/example_dags/tutorial.py
[2025-07-18T13:13:58.794+0000] {processor.py:830} INFO - Processing file /home/airflow/.local/lib/python3.8/site-packages/airflow/example_dags/tutorial.py for tasks to queue
[2025-07-18T13:13:58.795+0000] {logging_mixin.py:188} INFO - [2025-07-18T13:13:58.795+0000] {dagbag.py:538} INFO - Filling up the DagBag from /home/airflow/.local/lib/python3.8/site-packages/airflow/example_dags/tutorial.py
[2025-07-18T13:13:58.797+0000] {processor.py:840} INFO - DAG(s) 'tutorial' retrieved from /home/airflow/.local/lib/python3.8/site-packages/airflow/example_dags/tutorial.py
[2025-07-18T13:13:58.809+0000] {logging_mixin.py:188} INFO - [2025-07-18T13:13:58.809+0000] {dag.py:3036} INFO - Sync 1 DAGs
[2025-07-18T13:13:58.817+0000] {logging_mixin.py:188} INFO - [2025-07-18T13:13:58.816+0000] {dag.py:3823} INFO - Setting next_dagrun for tutorial to 2025-07-17 00:00:00+00:00, run_after=2025-07-18 00:00:00+00:00
[2025-07-18T13:13:58.826+0000] {processor.py:183} INFO - Processing /home/airflow/.local/lib/python3.8/site-packages/airflow/example_dags/tutorial.py took 0.034 seconds
[2025-07-18T13:14:29.410+0000] {processor.py:161} INFO - Started process (PID=2182) to work on /home/airflow/.local/lib/python3.8/site-packages/airflow/example_dags/tutorial.py
[2025-07-18T13:14:29.410+0000] {processor.py:830} INFO - Processing file /home/airflow/.local/lib/python3.8/site-packages/airflow/example_dags/tutorial.py for tasks to queue
[2025-07-18T13:14:29.411+0000] {logging_mixin.py:188} INFO - [2025-07-18T13:14:29.411+0000] {dagbag.py:538} INFO - Filling up the DagBag from /home/airflow/.local/lib/python3.8/site-packages/airflow/example_dags/tutorial.py
[2025-07-18T13:14:29.413+0000] {processor.py:840} INFO - DAG(s) 'tutorial' retrieved from /home/airflow/.local/lib/python3.8/site-packages/airflow/example_dags/tutorial.py
[2025-07-18T13:14:29.422+0000] {logging_mixin.py:188} INFO - [2025-07-18T13:14:29.422+0000] {dag.py:3036} INFO - Sync 1 DAGs
[2025-07-18T13:14:29.430+0000] {logging_mixin.py:188} INFO - [2025-07-18T13:14:29.430+0000] {dag.py:3823} INFO - Setting next_dagrun for tutorial to 2025-07-17 00:00:00+00:00, run_after=2025-07-18 00:00:00+00:00
[2025-07-18T13:14:29.437+0000] {processor.py:183} INFO - Processing /home/airflow/.local/lib/python3.8/site-packages/airflow/example_dags/tutorial.py took 0.029 seconds
[2025-07-18T13:15:00.032+0000] {processor.py:161} INFO - Started process (PID=2255) to work on /home/airflow/.local/lib/python3.8/site-packages/airflow/example_dags/tutorial.py
[2025-07-18T13:15:00.032+0000] {processor.py:830} INFO - Processing file /home/airflow/.local/lib/python3.8/site-packages/airflow/example_dags/tutorial.py for tasks to queue
[2025-07-18T13:15:00.033+0000] {logging_mixin.py:188} INFO - [2025-07-18T13:15:00.033+0000] {dagbag.py:538} INFO - Filling up the DagBag from /home/airflow/.local/lib/python3.8/site-packages/airflow/example_dags/tutorial.py
[2025-07-18T13:15:00.035+0000] {processor.py:840} INFO - DAG(s) 'tutorial' retrieved from /home/airflow/.local/lib/python3.8/site-packages/airflow/example_dags/tutorial.py
[2025-07-18T13:15:00.044+0000] {logging_mixin.py:188} INFO - [2025-07-18T13:15:00.044+0000] {dag.py:3036} INFO - Sync 1 DAGs
[2025-07-18T13:15:00.052+0000] {logging_mixin.py:188} INFO - [2025-07-18T13:15:00.052+0000] {dag.py:3823} INFO - Setting next_dagrun for tutorial to 2025-07-17 00:00:00+00:00, run_after=2025-07-18 00:00:00+00:00
[2025-07-18T13:15:00.061+0000] {processor.py:183} INFO - Processing /home/airflow/.local/lib/python3.8/site-packages/airflow/example_dags/tutorial.py took 0.031 seconds
[2025-07-18T13:15:30.636+0000] {processor.py:161} INFO - Started process (PID=2328) to work on /home/airflow/.local/lib/python3.8/site-packages/airflow/example_dags/tutorial.py
[2025-07-18T13:15:30.637+0000] {processor.py:830} INFO - Processing file /home/airflow/.local/lib/python3.8/site-packages/airflow/example_dags/tutorial.py for tasks to queue
[2025-07-18T13:15:30.638+0000] {logging_mixin.py:188} INFO - [2025-07-18T13:15:30.637+0000] {dagbag.py:538} INFO - Filling up the DagBag from /home/airflow/.local/lib/python3.8/site-packages/airflow/example_dags/tutorial.py
[2025-07-18T13:15:30.640+0000] {processor.py:840} INFO - DAG(s) 'tutorial' retrieved from /home/airflow/.local/lib/python3.8/site-packages/airflow/example_dags/tutorial.py
[2025-07-18T13:15:30.649+0000] {logging_mixin.py:188} INFO - [2025-07-18T13:15:30.649+0000] {dag.py:3036} INFO - Sync 1 DAGs
[2025-07-18T13:15:30.656+0000] {logging_mixin.py:188} INFO - [2025-07-18T13:15:30.656+0000] {dag.py:3823} INFO - Setting next_dagrun for tutorial to 2025-07-17 00:00:00+00:00, run_after=2025-07-18 00:00:00+00:00
[2025-07-18T13:15:30.664+0000] {processor.py:183} INFO - Processing /home/airflow/.local/lib/python3.8/site-packages/airflow/example_dags/tutorial.py took 0.029 seconds
[2025-07-18T13:16:01.228+0000] {processor.py:161} INFO - Started process (PID=2401) to work on /home/airflow/.local/lib/python3.8/site-packages/airflow/example_dags/tutorial.py
[2025-07-18T13:16:01.229+0000] {processor.py:830} INFO - Processing file /home/airflow/.local/lib/python3.8/site-packages/airflow/example_dags/tutorial.py for tasks to queue
[2025-07-18T13:16:01.229+0000] {logging_mixin.py:188} INFO - [2025-07-18T13:16:01.229+0000] {dagbag.py:538} INFO - Filling up the DagBag from /home/airflow/.local/lib/python3.8/site-packages/airflow/example_dags/tutorial.py
[2025-07-18T13:16:01.232+0000] {processor.py:840} INFO - DAG(s) 'tutorial' retrieved from /home/airflow/.local/lib/python3.8/site-packages/airflow/example_dags/tutorial.py
[2025-07-18T13:16:01.239+0000] {logging_mixin.py:188} INFO - [2025-07-18T13:16:01.239+0000] {dag.py:3036} INFO - Sync 1 DAGs
[2025-07-18T13:16:01.248+0000] {logging_mixin.py:188} INFO - [2025-07-18T13:16:01.248+0000] {dag.py:3823} INFO - Setting next_dagrun for tutorial to 2025-07-17 00:00:00+00:00, run_after=2025-07-18 00:00:00+00:00
[2025-07-18T13:16:01.257+0000] {processor.py:183} INFO - Processing /home/airflow/.local/lib/python3.8/site-packages/airflow/example_dags/tutorial.py took 0.031 seconds
[2025-07-18T13:16:31.885+0000] {processor.py:161} INFO - Started process (PID=2475) to work on /home/airflow/.local/lib/python3.8/site-packages/airflow/example_dags/tutorial.py
[2025-07-18T13:16:31.886+0000] {processor.py:830} INFO - Processing file /home/airflow/.local/lib/python3.8/site-packages/airflow/example_dags/tutorial.py for tasks to queue
[2025-07-18T13:16:31.887+0000] {logging_mixin.py:188} INFO - [2025-07-18T13:16:31.887+0000] {dagbag.py:538} INFO - Filling up the DagBag from /home/airflow/.local/lib/python3.8/site-packages/airflow/example_dags/tutorial.py
[2025-07-18T13:16:31.890+0000] {processor.py:840} INFO - DAG(s) 'tutorial' retrieved from /home/airflow/.local/lib/python3.8/site-packages/airflow/example_dags/tutorial.py
[2025-07-18T13:16:31.900+0000] {logging_mixin.py:188} INFO - [2025-07-18T13:16:31.899+0000] {dag.py:3036} INFO - Sync 1 DAGs
[2025-07-18T13:16:31.908+0000] {logging_mixin.py:188} INFO - [2025-07-18T13:16:31.908+0000] {dag.py:3823} INFO - Setting next_dagrun for tutorial to 2025-07-17 00:00:00+00:00, run_after=2025-07-18 00:00:00+00:00
[2025-07-18T13:16:31.917+0000] {processor.py:183} INFO - Processing /home/airflow/.local/lib/python3.8/site-packages/airflow/example_dags/tutorial.py took 0.034 seconds
[2025-07-18T13:17:02.443+0000] {processor.py:161} INFO - Started process (PID=2547) to work on /home/airflow/.local/lib/python3.8/site-packages/airflow/example_dags/tutorial.py
[2025-07-18T13:17:02.444+0000] {processor.py:830} INFO - Processing file /home/airflow/.local/lib/python3.8/site-packages/airflow/example_dags/tutorial.py for tasks to queue
[2025-07-18T13:17:02.444+0000] {logging_mixin.py:188} INFO - [2025-07-18T13:17:02.444+0000] {dagbag.py:538} INFO - Filling up the DagBag from /home/airflow/.local/lib/python3.8/site-packages/airflow/example_dags/tutorial.py
[2025-07-18T13:17:02.447+0000] {processor.py:840} INFO - DAG(s) 'tutorial' retrieved from /home/airflow/.local/lib/python3.8/site-packages/airflow/example_dags/tutorial.py
[2025-07-18T13:17:02.455+0000] {logging_mixin.py:188} INFO - [2025-07-18T13:17:02.455+0000] {dag.py:3036} INFO - Sync 1 DAGs
[2025-07-18T13:17:02.463+0000] {logging_mixin.py:188} INFO - [2025-07-18T13:17:02.463+0000] {dag.py:3823} INFO - Setting next_dagrun for tutorial to 2025-07-17 00:00:00+00:00, run_after=2025-07-18 00:00:00+00:00
[2025-07-18T13:17:02.469+0000] {processor.py:183} INFO - Processing /home/airflow/.local/lib/python3.8/site-packages/airflow/example_dags/tutorial.py took 0.027 seconds
[2025-07-18T13:17:33.044+0000] {processor.py:161} INFO - Started process (PID=2620) to work on /home/airflow/.local/lib/python3.8/site-packages/airflow/example_dags/tutorial.py
[2025-07-18T13:17:33.045+0000] {processor.py:830} INFO - Processing file /home/airflow/.local/lib/python3.8/site-packages/airflow/example_dags/tutorial.py for tasks to queue
[2025-07-18T13:17:33.047+0000] {logging_mixin.py:188} INFO - [2025-07-18T13:17:33.047+0000] {dagbag.py:538} INFO - Filling up the DagBag from /home/airflow/.local/lib/python3.8/site-packages/airflow/example_dags/tutorial.py
[2025-07-18T13:17:33.055+0000] {processor.py:840} INFO - DAG(s) 'tutorial' retrieved from /home/airflow/.local/lib/python3.8/site-packages/airflow/example_dags/tutorial.py
[2025-07-18T13:17:33.076+0000] {logging_mixin.py:188} INFO - [2025-07-18T13:17:33.075+0000] {dag.py:3036} INFO - Sync 1 DAGs
[2025-07-18T13:17:33.084+0000] {logging_mixin.py:188} INFO - [2025-07-18T13:17:33.084+0000] {dag.py:3823} INFO - Setting next_dagrun for tutorial to 2025-07-17 00:00:00+00:00, run_after=2025-07-18 00:00:00+00:00
[2025-07-18T13:17:33.092+0000] {processor.py:183} INFO - Processing /home/airflow/.local/lib/python3.8/site-packages/airflow/example_dags/tutorial.py took 0.057 seconds
[2025-07-18T13:19:05.000+0000] {processor.py:161} INFO - Started process (PID=2827) to work on /home/airflow/.local/lib/python3.8/site-packages/airflow/example_dags/tutorial.py
[2025-07-18T13:19:05.000+0000] {processor.py:830} INFO - Processing file /home/airflow/.local/lib/python3.8/site-packages/airflow/example_dags/tutorial.py for tasks to queue
[2025-07-18T13:19:05.001+0000] {logging_mixin.py:188} INFO - [2025-07-18T13:19:05.001+0000] {dagbag.py:538} INFO - Filling up the DagBag from /home/airflow/.local/lib/python3.8/site-packages/airflow/example_dags/tutorial.py
[2025-07-18T13:19:05.003+0000] {processor.py:840} INFO - DAG(s) 'tutorial' retrieved from /home/airflow/.local/lib/python3.8/site-packages/airflow/example_dags/tutorial.py
[2025-07-18T13:19:05.012+0000] {logging_mixin.py:188} INFO - [2025-07-18T13:19:05.012+0000] {dag.py:3036} INFO - Sync 1 DAGs
[2025-07-18T13:19:05.019+0000] {logging_mixin.py:188} INFO - [2025-07-18T13:19:05.019+0000] {dag.py:3823} INFO - Setting next_dagrun for tutorial to 2025-07-17 00:00:00+00:00, run_after=2025-07-18 00:00:00+00:00
[2025-07-18T13:19:05.028+0000] {processor.py:183} INFO - Processing /home/airflow/.local/lib/python3.8/site-packages/airflow/example_dags/tutorial.py took 0.029 seconds
