[2025-07-16T15:02:23.838+0000] {processor.py:161} INFO - Started process (PID=120) to work on /home/airflow/.local/lib/python3.8/site-packages/airflow/example_dags/example_branch_labels.py
[2025-07-16T15:02:23.839+0000] {processor.py:830} INFO - Processing file /home/airflow/.local/lib/python3.8/site-packages/airflow/example_dags/example_branch_labels.py for tasks to queue
[2025-07-16T15:02:23.843+0000] {logging_mixin.py:188} INFO - [2025-07-16T15:02:23.842+0000] {dagbag.py:538} INFO - Filling up the DagBag from /home/airflow/.local/lib/python3.8/site-packages/airflow/example_dags/example_branch_labels.py
[2025-07-16T15:02:23.872+0000] {processor.py:840} INFO - DAG(s) 'example_branch_labels' retrieved from /home/airflow/.local/lib/python3.8/site-packages/airflow/example_dags/example_branch_labels.py
[2025-07-16T15:02:23.937+0000] {logging_mixin.py:188} INFO - [2025-07-16T15:02:23.936+0000] {dag.py:3036} INFO - Sync 1 DAGs
[2025-07-16T15:02:24.021+0000] {logging_mixin.py:188} INFO - [2025-07-16T15:02:24.021+0000] {dag.py:3823} INFO - Setting next_dagrun for example_branch_labels to 2025-07-15 00:00:00+00:00, run_after=2025-07-16 00:00:00+00:00
[2025-07-16T15:02:24.076+0000] {processor.py:183} INFO - Processing /home/airflow/.local/lib/python3.8/site-packages/airflow/example_dags/example_branch_labels.py took 0.250 seconds
[2025-07-16T15:02:59.283+0000] {processor.py:161} INFO - Started process (PID=186) to work on /home/airflow/.local/lib/python3.8/site-packages/airflow/example_dags/example_branch_labels.py
[2025-07-16T15:02:59.292+0000] {processor.py:830} INFO - Processing file /home/airflow/.local/lib/python3.8/site-packages/airflow/example_dags/example_branch_labels.py for tasks to queue
[2025-07-16T15:02:59.296+0000] {logging_mixin.py:188} INFO - [2025-07-16T15:02:59.295+0000] {dagbag.py:538} INFO - Filling up the DagBag from /home/airflow/.local/lib/python3.8/site-packages/airflow/example_dags/example_branch_labels.py
[2025-07-16T15:02:59.310+0000] {processor.py:840} INFO - DAG(s) 'example_branch_labels' retrieved from /home/airflow/.local/lib/python3.8/site-packages/airflow/example_dags/example_branch_labels.py
[2025-07-16T15:02:59.348+0000] {logging_mixin.py:188} INFO - [2025-07-16T15:02:59.348+0000] {dag.py:3036} INFO - Sync 1 DAGs
[2025-07-16T15:02:59.381+0000] {logging_mixin.py:188} INFO - [2025-07-16T15:02:59.380+0000] {dag.py:3823} INFO - Setting next_dagrun for example_branch_labels to 2025-07-15 00:00:00+00:00, run_after=2025-07-16 00:00:00+00:00
[2025-07-16T15:02:59.407+0000] {processor.py:183} INFO - Processing /home/airflow/.local/lib/python3.8/site-packages/airflow/example_dags/example_branch_labels.py took 0.130 seconds
[2025-07-16T15:03:30.367+0000] {processor.py:161} INFO - Started process (PID=246) to work on /home/airflow/.local/lib/python3.8/site-packages/airflow/example_dags/example_branch_labels.py
[2025-07-16T15:03:30.368+0000] {processor.py:830} INFO - Processing file /home/airflow/.local/lib/python3.8/site-packages/airflow/example_dags/example_branch_labels.py for tasks to queue
[2025-07-16T15:03:30.372+0000] {logging_mixin.py:188} INFO - [2025-07-16T15:03:30.372+0000] {dagbag.py:538} INFO - Filling up the DagBag from /home/airflow/.local/lib/python3.8/site-packages/airflow/example_dags/example_branch_labels.py
[2025-07-16T15:03:30.385+0000] {processor.py:840} INFO - DAG(s) 'example_branch_labels' retrieved from /home/airflow/.local/lib/python3.8/site-packages/airflow/example_dags/example_branch_labels.py
[2025-07-16T15:03:30.424+0000] {logging_mixin.py:188} INFO - [2025-07-16T15:03:30.423+0000] {dag.py:3036} INFO - Sync 1 DAGs
[2025-07-16T15:03:30.484+0000] {logging_mixin.py:188} INFO - [2025-07-16T15:03:30.484+0000] {dag.py:3823} INFO - Setting next_dagrun for example_branch_labels to 2025-07-15 00:00:00+00:00, run_after=2025-07-16 00:00:00+00:00
[2025-07-16T15:03:30.534+0000] {processor.py:183} INFO - Processing /home/airflow/.local/lib/python3.8/site-packages/airflow/example_dags/example_branch_labels.py took 0.172 seconds
[2025-07-16T23:34:19.740+0000] {processor.py:161} INFO - Started process (PID=118) to work on /home/airflow/.local/lib/python3.8/site-packages/airflow/example_dags/example_branch_labels.py
[2025-07-16T23:34:19.743+0000] {processor.py:830} INFO - Processing file /home/airflow/.local/lib/python3.8/site-packages/airflow/example_dags/example_branch_labels.py for tasks to queue
[2025-07-16T23:34:19.751+0000] {logging_mixin.py:188} INFO - [2025-07-16T23:34:19.751+0000] {dagbag.py:538} INFO - Filling up the DagBag from /home/airflow/.local/lib/python3.8/site-packages/airflow/example_dags/example_branch_labels.py
[2025-07-16T23:34:19.773+0000] {processor.py:840} INFO - DAG(s) 'example_branch_labels' retrieved from /home/airflow/.local/lib/python3.8/site-packages/airflow/example_dags/example_branch_labels.py
[2025-07-16T23:34:19.814+0000] {logging_mixin.py:188} INFO - [2025-07-16T23:34:19.813+0000] {dag.py:3036} INFO - Sync 1 DAGs
[2025-07-16T23:34:19.857+0000] {logging_mixin.py:188} INFO - [2025-07-16T23:34:19.857+0000] {dag.py:3823} INFO - Setting next_dagrun for example_branch_labels to 2025-07-15 00:00:00+00:00, run_after=2025-07-16 00:00:00+00:00
[2025-07-16T23:34:19.894+0000] {processor.py:183} INFO - Processing /home/airflow/.local/lib/python3.8/site-packages/airflow/example_dags/example_branch_labels.py took 0.160 seconds
[2025-07-16T23:34:50.640+0000] {processor.py:161} INFO - Started process (PID=180) to work on /home/airflow/.local/lib/python3.8/site-packages/airflow/example_dags/example_branch_labels.py
[2025-07-16T23:34:50.642+0000] {processor.py:830} INFO - Processing file /home/airflow/.local/lib/python3.8/site-packages/airflow/example_dags/example_branch_labels.py for tasks to queue
[2025-07-16T23:34:50.645+0000] {logging_mixin.py:188} INFO - [2025-07-16T23:34:50.645+0000] {dagbag.py:538} INFO - Filling up the DagBag from /home/airflow/.local/lib/python3.8/site-packages/airflow/example_dags/example_branch_labels.py
[2025-07-16T23:34:50.661+0000] {processor.py:840} INFO - DAG(s) 'example_branch_labels' retrieved from /home/airflow/.local/lib/python3.8/site-packages/airflow/example_dags/example_branch_labels.py
[2025-07-16T23:34:50.701+0000] {logging_mixin.py:188} INFO - [2025-07-16T23:34:50.700+0000] {dag.py:3036} INFO - Sync 1 DAGs
[2025-07-16T23:34:50.754+0000] {logging_mixin.py:188} INFO - [2025-07-16T23:34:50.754+0000] {dag.py:3823} INFO - Setting next_dagrun for example_branch_labels to 2025-07-15 00:00:00+00:00, run_after=2025-07-16 00:00:00+00:00
[2025-07-16T23:34:50.798+0000] {processor.py:183} INFO - Processing /home/airflow/.local/lib/python3.8/site-packages/airflow/example_dags/example_branch_labels.py took 0.166 seconds
[2025-07-16T23:35:21.490+0000] {processor.py:161} INFO - Started process (PID=244) to work on /home/airflow/.local/lib/python3.8/site-packages/airflow/example_dags/example_branch_labels.py
[2025-07-16T23:35:21.494+0000] {processor.py:830} INFO - Processing file /home/airflow/.local/lib/python3.8/site-packages/airflow/example_dags/example_branch_labels.py for tasks to queue
[2025-07-16T23:35:21.499+0000] {logging_mixin.py:188} INFO - [2025-07-16T23:35:21.498+0000] {dagbag.py:538} INFO - Filling up the DagBag from /home/airflow/.local/lib/python3.8/site-packages/airflow/example_dags/example_branch_labels.py
[2025-07-16T23:35:21.514+0000] {processor.py:840} INFO - DAG(s) 'example_branch_labels' retrieved from /home/airflow/.local/lib/python3.8/site-packages/airflow/example_dags/example_branch_labels.py
[2025-07-16T23:35:21.564+0000] {logging_mixin.py:188} INFO - [2025-07-16T23:35:21.563+0000] {dag.py:3036} INFO - Sync 1 DAGs
[2025-07-16T23:35:21.613+0000] {logging_mixin.py:188} INFO - [2025-07-16T23:35:21.613+0000] {dag.py:3823} INFO - Setting next_dagrun for example_branch_labels to 2025-07-15 00:00:00+00:00, run_after=2025-07-16 00:00:00+00:00
[2025-07-16T23:35:21.646+0000] {processor.py:183} INFO - Processing /home/airflow/.local/lib/python3.8/site-packages/airflow/example_dags/example_branch_labels.py took 0.162 seconds
[2025-07-16T23:35:52.248+0000] {processor.py:161} INFO - Started process (PID=310) to work on /home/airflow/.local/lib/python3.8/site-packages/airflow/example_dags/example_branch_labels.py
[2025-07-16T23:35:52.252+0000] {processor.py:830} INFO - Processing file /home/airflow/.local/lib/python3.8/site-packages/airflow/example_dags/example_branch_labels.py for tasks to queue
[2025-07-16T23:35:52.256+0000] {logging_mixin.py:188} INFO - [2025-07-16T23:35:52.255+0000] {dagbag.py:538} INFO - Filling up the DagBag from /home/airflow/.local/lib/python3.8/site-packages/airflow/example_dags/example_branch_labels.py
[2025-07-16T23:35:52.273+0000] {processor.py:840} INFO - DAG(s) 'example_branch_labels' retrieved from /home/airflow/.local/lib/python3.8/site-packages/airflow/example_dags/example_branch_labels.py
[2025-07-16T23:35:52.315+0000] {logging_mixin.py:188} INFO - [2025-07-16T23:35:52.315+0000] {dag.py:3036} INFO - Sync 1 DAGs
[2025-07-16T23:35:52.362+0000] {logging_mixin.py:188} INFO - [2025-07-16T23:35:52.361+0000] {dag.py:3823} INFO - Setting next_dagrun for example_branch_labels to 2025-07-15 00:00:00+00:00, run_after=2025-07-16 00:00:00+00:00
[2025-07-16T23:35:52.405+0000] {processor.py:183} INFO - Processing /home/airflow/.local/lib/python3.8/site-packages/airflow/example_dags/example_branch_labels.py took 0.163 seconds
[2025-07-16T23:36:22.554+0000] {processor.py:161} INFO - Started process (PID=376) to work on /home/airflow/.local/lib/python3.8/site-packages/airflow/example_dags/example_branch_labels.py
[2025-07-16T23:36:22.555+0000] {processor.py:830} INFO - Processing file /home/airflow/.local/lib/python3.8/site-packages/airflow/example_dags/example_branch_labels.py for tasks to queue
[2025-07-16T23:36:22.579+0000] {logging_mixin.py:188} INFO - [2025-07-16T23:36:22.578+0000] {dagbag.py:538} INFO - Filling up the DagBag from /home/airflow/.local/lib/python3.8/site-packages/airflow/example_dags/example_branch_labels.py
[2025-07-16T23:36:22.600+0000] {processor.py:840} INFO - DAG(s) 'example_branch_labels' retrieved from /home/airflow/.local/lib/python3.8/site-packages/airflow/example_dags/example_branch_labels.py
[2025-07-16T23:36:22.658+0000] {logging_mixin.py:188} INFO - [2025-07-16T23:36:22.657+0000] {dag.py:3036} INFO - Sync 1 DAGs
[2025-07-16T23:36:22.742+0000] {logging_mixin.py:188} INFO - [2025-07-16T23:36:22.742+0000] {dag.py:3823} INFO - Setting next_dagrun for example_branch_labels to 2025-07-15 00:00:00+00:00, run_after=2025-07-16 00:00:00+00:00
[2025-07-16T23:36:22.794+0000] {processor.py:183} INFO - Processing /home/airflow/.local/lib/python3.8/site-packages/airflow/example_dags/example_branch_labels.py took 0.246 seconds
[2025-07-16T23:36:52.851+0000] {processor.py:161} INFO - Started process (PID=442) to work on /home/airflow/.local/lib/python3.8/site-packages/airflow/example_dags/example_branch_labels.py
[2025-07-16T23:36:52.853+0000] {processor.py:830} INFO - Processing file /home/airflow/.local/lib/python3.8/site-packages/airflow/example_dags/example_branch_labels.py for tasks to queue
[2025-07-16T23:36:52.857+0000] {logging_mixin.py:188} INFO - [2025-07-16T23:36:52.857+0000] {dagbag.py:538} INFO - Filling up the DagBag from /home/airflow/.local/lib/python3.8/site-packages/airflow/example_dags/example_branch_labels.py
[2025-07-16T23:36:52.875+0000] {processor.py:840} INFO - DAG(s) 'example_branch_labels' retrieved from /home/airflow/.local/lib/python3.8/site-packages/airflow/example_dags/example_branch_labels.py
[2025-07-16T23:36:52.927+0000] {logging_mixin.py:188} INFO - [2025-07-16T23:36:52.927+0000] {dag.py:3036} INFO - Sync 1 DAGs
[2025-07-16T23:36:52.986+0000] {logging_mixin.py:188} INFO - [2025-07-16T23:36:52.986+0000] {dag.py:3823} INFO - Setting next_dagrun for example_branch_labels to 2025-07-15 00:00:00+00:00, run_after=2025-07-16 00:00:00+00:00
[2025-07-16T23:36:53.023+0000] {processor.py:183} INFO - Processing /home/airflow/.local/lib/python3.8/site-packages/airflow/example_dags/example_branch_labels.py took 0.178 seconds
[2025-07-16T23:37:23.696+0000] {processor.py:161} INFO - Started process (PID=509) to work on /home/airflow/.local/lib/python3.8/site-packages/airflow/example_dags/example_branch_labels.py
[2025-07-16T23:37:23.698+0000] {processor.py:830} INFO - Processing file /home/airflow/.local/lib/python3.8/site-packages/airflow/example_dags/example_branch_labels.py for tasks to queue
[2025-07-16T23:37:23.703+0000] {logging_mixin.py:188} INFO - [2025-07-16T23:37:23.702+0000] {dagbag.py:538} INFO - Filling up the DagBag from /home/airflow/.local/lib/python3.8/site-packages/airflow/example_dags/example_branch_labels.py
[2025-07-16T23:37:23.723+0000] {processor.py:840} INFO - DAG(s) 'example_branch_labels' retrieved from /home/airflow/.local/lib/python3.8/site-packages/airflow/example_dags/example_branch_labels.py
[2025-07-16T23:37:23.765+0000] {logging_mixin.py:188} INFO - [2025-07-16T23:37:23.765+0000] {dag.py:3036} INFO - Sync 1 DAGs
[2025-07-16T23:37:23.812+0000] {logging_mixin.py:188} INFO - [2025-07-16T23:37:23.811+0000] {dag.py:3823} INFO - Setting next_dagrun for example_branch_labels to 2025-07-15 00:00:00+00:00, run_after=2025-07-16 00:00:00+00:00
[2025-07-16T23:37:23.843+0000] {processor.py:183} INFO - Processing /home/airflow/.local/lib/python3.8/site-packages/airflow/example_dags/example_branch_labels.py took 0.153 seconds
[2025-07-16T23:37:54.053+0000] {processor.py:161} INFO - Started process (PID=571) to work on /home/airflow/.local/lib/python3.8/site-packages/airflow/example_dags/example_branch_labels.py
[2025-07-16T23:37:54.055+0000] {processor.py:830} INFO - Processing file /home/airflow/.local/lib/python3.8/site-packages/airflow/example_dags/example_branch_labels.py for tasks to queue
[2025-07-16T23:37:54.058+0000] {logging_mixin.py:188} INFO - [2025-07-16T23:37:54.057+0000] {dagbag.py:538} INFO - Filling up the DagBag from /home/airflow/.local/lib/python3.8/site-packages/airflow/example_dags/example_branch_labels.py
[2025-07-16T23:37:54.073+0000] {processor.py:840} INFO - DAG(s) 'example_branch_labels' retrieved from /home/airflow/.local/lib/python3.8/site-packages/airflow/example_dags/example_branch_labels.py
[2025-07-16T23:37:54.108+0000] {logging_mixin.py:188} INFO - [2025-07-16T23:37:54.108+0000] {dag.py:3036} INFO - Sync 1 DAGs
[2025-07-16T23:37:54.150+0000] {logging_mixin.py:188} INFO - [2025-07-16T23:37:54.149+0000] {dag.py:3823} INFO - Setting next_dagrun for example_branch_labels to 2025-07-15 00:00:00+00:00, run_after=2025-07-16 00:00:00+00:00
[2025-07-16T23:37:54.179+0000] {processor.py:183} INFO - Processing /home/airflow/.local/lib/python3.8/site-packages/airflow/example_dags/example_branch_labels.py took 0.132 seconds
[2025-07-16T23:38:24.626+0000] {processor.py:161} INFO - Started process (PID=635) to work on /home/airflow/.local/lib/python3.8/site-packages/airflow/example_dags/example_branch_labels.py
[2025-07-16T23:38:24.629+0000] {processor.py:830} INFO - Processing file /home/airflow/.local/lib/python3.8/site-packages/airflow/example_dags/example_branch_labels.py for tasks to queue
[2025-07-16T23:38:24.652+0000] {logging_mixin.py:188} INFO - [2025-07-16T23:38:24.651+0000] {dagbag.py:538} INFO - Filling up the DagBag from /home/airflow/.local/lib/python3.8/site-packages/airflow/example_dags/example_branch_labels.py
[2025-07-16T23:38:24.673+0000] {processor.py:840} INFO - DAG(s) 'example_branch_labels' retrieved from /home/airflow/.local/lib/python3.8/site-packages/airflow/example_dags/example_branch_labels.py
[2025-07-16T23:38:24.754+0000] {logging_mixin.py:188} INFO - [2025-07-16T23:38:24.754+0000] {dag.py:3036} INFO - Sync 1 DAGs
[2025-07-16T23:38:24.800+0000] {logging_mixin.py:188} INFO - [2025-07-16T23:38:24.799+0000] {dag.py:3823} INFO - Setting next_dagrun for example_branch_labels to 2025-07-15 00:00:00+00:00, run_after=2025-07-16 00:00:00+00:00
[2025-07-16T23:38:24.854+0000] {processor.py:183} INFO - Processing /home/airflow/.local/lib/python3.8/site-packages/airflow/example_dags/example_branch_labels.py took 0.234 seconds
[2025-07-16T23:38:55.278+0000] {processor.py:161} INFO - Started process (PID=701) to work on /home/airflow/.local/lib/python3.8/site-packages/airflow/example_dags/example_branch_labels.py
[2025-07-16T23:38:55.281+0000] {processor.py:830} INFO - Processing file /home/airflow/.local/lib/python3.8/site-packages/airflow/example_dags/example_branch_labels.py for tasks to queue
[2025-07-16T23:38:55.287+0000] {logging_mixin.py:188} INFO - [2025-07-16T23:38:55.286+0000] {dagbag.py:538} INFO - Filling up the DagBag from /home/airflow/.local/lib/python3.8/site-packages/airflow/example_dags/example_branch_labels.py
[2025-07-16T23:38:55.310+0000] {processor.py:840} INFO - DAG(s) 'example_branch_labels' retrieved from /home/airflow/.local/lib/python3.8/site-packages/airflow/example_dags/example_branch_labels.py
[2025-07-16T23:38:55.357+0000] {logging_mixin.py:188} INFO - [2025-07-16T23:38:55.356+0000] {dag.py:3036} INFO - Sync 1 DAGs
[2025-07-16T23:38:55.417+0000] {logging_mixin.py:188} INFO - [2025-07-16T23:38:55.417+0000] {dag.py:3823} INFO - Setting next_dagrun for example_branch_labels to 2025-07-15 00:00:00+00:00, run_after=2025-07-16 00:00:00+00:00
[2025-07-16T23:38:55.455+0000] {processor.py:183} INFO - Processing /home/airflow/.local/lib/python3.8/site-packages/airflow/example_dags/example_branch_labels.py took 0.188 seconds
[2025-07-16T23:39:25.567+0000] {processor.py:161} INFO - Started process (PID=767) to work on /home/airflow/.local/lib/python3.8/site-packages/airflow/example_dags/example_branch_labels.py
[2025-07-16T23:39:25.569+0000] {processor.py:830} INFO - Processing file /home/airflow/.local/lib/python3.8/site-packages/airflow/example_dags/example_branch_labels.py for tasks to queue
[2025-07-16T23:39:25.572+0000] {logging_mixin.py:188} INFO - [2025-07-16T23:39:25.572+0000] {dagbag.py:538} INFO - Filling up the DagBag from /home/airflow/.local/lib/python3.8/site-packages/airflow/example_dags/example_branch_labels.py
[2025-07-16T23:39:25.589+0000] {processor.py:840} INFO - DAG(s) 'example_branch_labels' retrieved from /home/airflow/.local/lib/python3.8/site-packages/airflow/example_dags/example_branch_labels.py
[2025-07-16T23:39:25.633+0000] {logging_mixin.py:188} INFO - [2025-07-16T23:39:25.632+0000] {dag.py:3036} INFO - Sync 1 DAGs
[2025-07-16T23:39:25.684+0000] {logging_mixin.py:188} INFO - [2025-07-16T23:39:25.680+0000] {dag.py:3823} INFO - Setting next_dagrun for example_branch_labels to 2025-07-15 00:00:00+00:00, run_after=2025-07-16 00:00:00+00:00
[2025-07-16T23:39:25.733+0000] {processor.py:183} INFO - Processing /home/airflow/.local/lib/python3.8/site-packages/airflow/example_dags/example_branch_labels.py took 0.173 seconds
[2025-07-16T23:39:56.156+0000] {processor.py:161} INFO - Started process (PID=833) to work on /home/airflow/.local/lib/python3.8/site-packages/airflow/example_dags/example_branch_labels.py
[2025-07-16T23:39:56.158+0000] {processor.py:830} INFO - Processing file /home/airflow/.local/lib/python3.8/site-packages/airflow/example_dags/example_branch_labels.py for tasks to queue
[2025-07-16T23:39:56.164+0000] {logging_mixin.py:188} INFO - [2025-07-16T23:39:56.164+0000] {dagbag.py:538} INFO - Filling up the DagBag from /home/airflow/.local/lib/python3.8/site-packages/airflow/example_dags/example_branch_labels.py
[2025-07-16T23:39:56.182+0000] {processor.py:840} INFO - DAG(s) 'example_branch_labels' retrieved from /home/airflow/.local/lib/python3.8/site-packages/airflow/example_dags/example_branch_labels.py
[2025-07-16T23:39:56.225+0000] {logging_mixin.py:188} INFO - [2025-07-16T23:39:56.225+0000] {dag.py:3036} INFO - Sync 1 DAGs
[2025-07-16T23:39:56.276+0000] {logging_mixin.py:188} INFO - [2025-07-16T23:39:56.274+0000] {dag.py:3823} INFO - Setting next_dagrun for example_branch_labels to 2025-07-15 00:00:00+00:00, run_after=2025-07-16 00:00:00+00:00
[2025-07-16T23:39:56.304+0000] {processor.py:183} INFO - Processing /home/airflow/.local/lib/python3.8/site-packages/airflow/example_dags/example_branch_labels.py took 0.153 seconds
[2025-07-16T23:40:26.354+0000] {processor.py:161} INFO - Started process (PID=899) to work on /home/airflow/.local/lib/python3.8/site-packages/airflow/example_dags/example_branch_labels.py
[2025-07-16T23:40:26.356+0000] {processor.py:830} INFO - Processing file /home/airflow/.local/lib/python3.8/site-packages/airflow/example_dags/example_branch_labels.py for tasks to queue
[2025-07-16T23:40:26.360+0000] {logging_mixin.py:188} INFO - [2025-07-16T23:40:26.359+0000] {dagbag.py:538} INFO - Filling up the DagBag from /home/airflow/.local/lib/python3.8/site-packages/airflow/example_dags/example_branch_labels.py
[2025-07-16T23:40:26.376+0000] {processor.py:840} INFO - DAG(s) 'example_branch_labels' retrieved from /home/airflow/.local/lib/python3.8/site-packages/airflow/example_dags/example_branch_labels.py
[2025-07-16T23:40:26.424+0000] {logging_mixin.py:188} INFO - [2025-07-16T23:40:26.424+0000] {dag.py:3036} INFO - Sync 1 DAGs
[2025-07-16T23:40:26.479+0000] {logging_mixin.py:188} INFO - [2025-07-16T23:40:26.479+0000] {dag.py:3823} INFO - Setting next_dagrun for example_branch_labels to 2025-07-15 00:00:00+00:00, run_after=2025-07-16 00:00:00+00:00
[2025-07-16T23:40:26.508+0000] {processor.py:183} INFO - Processing /home/airflow/.local/lib/python3.8/site-packages/airflow/example_dags/example_branch_labels.py took 0.160 seconds
[2025-07-16T23:40:57.292+0000] {processor.py:161} INFO - Started process (PID=964) to work on /home/airflow/.local/lib/python3.8/site-packages/airflow/example_dags/example_branch_labels.py
[2025-07-16T23:40:57.295+0000] {processor.py:830} INFO - Processing file /home/airflow/.local/lib/python3.8/site-packages/airflow/example_dags/example_branch_labels.py for tasks to queue
[2025-07-16T23:40:57.300+0000] {logging_mixin.py:188} INFO - [2025-07-16T23:40:57.299+0000] {dagbag.py:538} INFO - Filling up the DagBag from /home/airflow/.local/lib/python3.8/site-packages/airflow/example_dags/example_branch_labels.py
[2025-07-16T23:40:57.317+0000] {processor.py:840} INFO - DAG(s) 'example_branch_labels' retrieved from /home/airflow/.local/lib/python3.8/site-packages/airflow/example_dags/example_branch_labels.py
[2025-07-16T23:40:57.363+0000] {logging_mixin.py:188} INFO - [2025-07-16T23:40:57.363+0000] {dag.py:3036} INFO - Sync 1 DAGs
[2025-07-16T23:40:57.413+0000] {logging_mixin.py:188} INFO - [2025-07-16T23:40:57.412+0000] {dag.py:3823} INFO - Setting next_dagrun for example_branch_labels to 2025-07-15 00:00:00+00:00, run_after=2025-07-16 00:00:00+00:00
[2025-07-16T23:40:57.458+0000] {processor.py:183} INFO - Processing /home/airflow/.local/lib/python3.8/site-packages/airflow/example_dags/example_branch_labels.py took 0.172 seconds
[2025-07-16T23:41:28.200+0000] {processor.py:161} INFO - Started process (PID=1030) to work on /home/airflow/.local/lib/python3.8/site-packages/airflow/example_dags/example_branch_labels.py
[2025-07-16T23:41:28.201+0000] {processor.py:830} INFO - Processing file /home/airflow/.local/lib/python3.8/site-packages/airflow/example_dags/example_branch_labels.py for tasks to queue
[2025-07-16T23:41:28.204+0000] {logging_mixin.py:188} INFO - [2025-07-16T23:41:28.204+0000] {dagbag.py:538} INFO - Filling up the DagBag from /home/airflow/.local/lib/python3.8/site-packages/airflow/example_dags/example_branch_labels.py
[2025-07-16T23:41:28.217+0000] {processor.py:840} INFO - DAG(s) 'example_branch_labels' retrieved from /home/airflow/.local/lib/python3.8/site-packages/airflow/example_dags/example_branch_labels.py
[2025-07-16T23:41:28.246+0000] {logging_mixin.py:188} INFO - [2025-07-16T23:41:28.246+0000] {dag.py:3036} INFO - Sync 1 DAGs
[2025-07-16T23:41:28.280+0000] {logging_mixin.py:188} INFO - [2025-07-16T23:41:28.280+0000] {dag.py:3823} INFO - Setting next_dagrun for example_branch_labels to 2025-07-15 00:00:00+00:00, run_after=2025-07-16 00:00:00+00:00
[2025-07-16T23:41:28.305+0000] {processor.py:183} INFO - Processing /home/airflow/.local/lib/python3.8/site-packages/airflow/example_dags/example_branch_labels.py took 0.110 seconds
[2025-07-16T23:41:59.835+0000] {processor.py:161} INFO - Started process (PID=1092) to work on /home/airflow/.local/lib/python3.8/site-packages/airflow/example_dags/example_branch_labels.py
[2025-07-16T23:41:59.836+0000] {processor.py:830} INFO - Processing file /home/airflow/.local/lib/python3.8/site-packages/airflow/example_dags/example_branch_labels.py for tasks to queue
[2025-07-16T23:41:59.841+0000] {logging_mixin.py:188} INFO - [2025-07-16T23:41:59.840+0000] {dagbag.py:538} INFO - Filling up the DagBag from /home/airflow/.local/lib/python3.8/site-packages/airflow/example_dags/example_branch_labels.py
[2025-07-16T23:41:59.857+0000] {processor.py:840} INFO - DAG(s) 'example_branch_labels' retrieved from /home/airflow/.local/lib/python3.8/site-packages/airflow/example_dags/example_branch_labels.py
[2025-07-16T23:41:59.899+0000] {logging_mixin.py:188} INFO - [2025-07-16T23:41:59.898+0000] {dag.py:3036} INFO - Sync 1 DAGs
[2025-07-16T23:41:59.971+0000] {logging_mixin.py:188} INFO - [2025-07-16T23:41:59.970+0000] {dag.py:3823} INFO - Setting next_dagrun for example_branch_labels to 2025-07-15 00:00:00+00:00, run_after=2025-07-16 00:00:00+00:00
[2025-07-16T23:42:00.084+0000] {processor.py:183} INFO - Processing /home/airflow/.local/lib/python3.8/site-packages/airflow/example_dags/example_branch_labels.py took 0.257 seconds
[2025-07-16T23:42:31.271+0000] {processor.py:161} INFO - Started process (PID=1156) to work on /home/airflow/.local/lib/python3.8/site-packages/airflow/example_dags/example_branch_labels.py
[2025-07-16T23:42:31.275+0000] {processor.py:830} INFO - Processing file /home/airflow/.local/lib/python3.8/site-packages/airflow/example_dags/example_branch_labels.py for tasks to queue
[2025-07-16T23:42:31.280+0000] {logging_mixin.py:188} INFO - [2025-07-16T23:42:31.279+0000] {dagbag.py:538} INFO - Filling up the DagBag from /home/airflow/.local/lib/python3.8/site-packages/airflow/example_dags/example_branch_labels.py
[2025-07-16T23:42:31.307+0000] {processor.py:840} INFO - DAG(s) 'example_branch_labels' retrieved from /home/airflow/.local/lib/python3.8/site-packages/airflow/example_dags/example_branch_labels.py
[2025-07-16T23:42:31.383+0000] {logging_mixin.py:188} INFO - [2025-07-16T23:42:31.382+0000] {dag.py:3036} INFO - Sync 1 DAGs
[2025-07-16T23:42:31.448+0000] {logging_mixin.py:188} INFO - [2025-07-16T23:42:31.447+0000] {dag.py:3823} INFO - Setting next_dagrun for example_branch_labels to 2025-07-15 00:00:00+00:00, run_after=2025-07-16 00:00:00+00:00
[2025-07-16T23:42:31.503+0000] {processor.py:183} INFO - Processing /home/airflow/.local/lib/python3.8/site-packages/airflow/example_dags/example_branch_labels.py took 0.238 seconds
[2025-07-16T23:43:01.920+0000] {processor.py:161} INFO - Started process (PID=1222) to work on /home/airflow/.local/lib/python3.8/site-packages/airflow/example_dags/example_branch_labels.py
[2025-07-16T23:43:01.924+0000] {processor.py:830} INFO - Processing file /home/airflow/.local/lib/python3.8/site-packages/airflow/example_dags/example_branch_labels.py for tasks to queue
[2025-07-16T23:43:01.928+0000] {logging_mixin.py:188} INFO - [2025-07-16T23:43:01.927+0000] {dagbag.py:538} INFO - Filling up the DagBag from /home/airflow/.local/lib/python3.8/site-packages/airflow/example_dags/example_branch_labels.py
[2025-07-16T23:43:01.946+0000] {processor.py:840} INFO - DAG(s) 'example_branch_labels' retrieved from /home/airflow/.local/lib/python3.8/site-packages/airflow/example_dags/example_branch_labels.py
[2025-07-16T23:43:01.992+0000] {logging_mixin.py:188} INFO - [2025-07-16T23:43:01.992+0000] {dag.py:3036} INFO - Sync 1 DAGs
[2025-07-16T23:43:02.036+0000] {logging_mixin.py:188} INFO - [2025-07-16T23:43:02.035+0000] {dag.py:3823} INFO - Setting next_dagrun for example_branch_labels to 2025-07-15 00:00:00+00:00, run_after=2025-07-16 00:00:00+00:00
[2025-07-16T23:43:02.073+0000] {processor.py:183} INFO - Processing /home/airflow/.local/lib/python3.8/site-packages/airflow/example_dags/example_branch_labels.py took 0.159 seconds
[2025-07-16T23:43:32.188+0000] {processor.py:161} INFO - Started process (PID=1287) to work on /home/airflow/.local/lib/python3.8/site-packages/airflow/example_dags/example_branch_labels.py
[2025-07-16T23:43:32.190+0000] {processor.py:830} INFO - Processing file /home/airflow/.local/lib/python3.8/site-packages/airflow/example_dags/example_branch_labels.py for tasks to queue
[2025-07-16T23:43:32.195+0000] {logging_mixin.py:188} INFO - [2025-07-16T23:43:32.194+0000] {dagbag.py:538} INFO - Filling up the DagBag from /home/airflow/.local/lib/python3.8/site-packages/airflow/example_dags/example_branch_labels.py
[2025-07-16T23:43:32.213+0000] {processor.py:840} INFO - DAG(s) 'example_branch_labels' retrieved from /home/airflow/.local/lib/python3.8/site-packages/airflow/example_dags/example_branch_labels.py
[2025-07-16T23:43:32.252+0000] {logging_mixin.py:188} INFO - [2025-07-16T23:43:32.251+0000] {dag.py:3036} INFO - Sync 1 DAGs
[2025-07-16T23:43:32.294+0000] {logging_mixin.py:188} INFO - [2025-07-16T23:43:32.294+0000] {dag.py:3823} INFO - Setting next_dagrun for example_branch_labels to 2025-07-15 00:00:00+00:00, run_after=2025-07-16 00:00:00+00:00
[2025-07-16T23:43:32.332+0000] {processor.py:183} INFO - Processing /home/airflow/.local/lib/python3.8/site-packages/airflow/example_dags/example_branch_labels.py took 0.149 seconds
[2025-07-16T23:44:02.664+0000] {processor.py:161} INFO - Started process (PID=1352) to work on /home/airflow/.local/lib/python3.8/site-packages/airflow/example_dags/example_branch_labels.py
[2025-07-16T23:44:02.667+0000] {processor.py:830} INFO - Processing file /home/airflow/.local/lib/python3.8/site-packages/airflow/example_dags/example_branch_labels.py for tasks to queue
[2025-07-16T23:44:02.670+0000] {logging_mixin.py:188} INFO - [2025-07-16T23:44:02.669+0000] {dagbag.py:538} INFO - Filling up the DagBag from /home/airflow/.local/lib/python3.8/site-packages/airflow/example_dags/example_branch_labels.py
[2025-07-16T23:44:02.687+0000] {processor.py:840} INFO - DAG(s) 'example_branch_labels' retrieved from /home/airflow/.local/lib/python3.8/site-packages/airflow/example_dags/example_branch_labels.py
[2025-07-16T23:44:02.733+0000] {logging_mixin.py:188} INFO - [2025-07-16T23:44:02.732+0000] {dag.py:3036} INFO - Sync 1 DAGs
[2025-07-16T23:44:02.768+0000] {logging_mixin.py:188} INFO - [2025-07-16T23:44:02.768+0000] {dag.py:3823} INFO - Setting next_dagrun for example_branch_labels to 2025-07-15 00:00:00+00:00, run_after=2025-07-16 00:00:00+00:00
[2025-07-16T23:44:02.809+0000] {processor.py:183} INFO - Processing /home/airflow/.local/lib/python3.8/site-packages/airflow/example_dags/example_branch_labels.py took 0.153 seconds
[2025-07-16T23:44:32.990+0000] {processor.py:161} INFO - Started process (PID=1418) to work on /home/airflow/.local/lib/python3.8/site-packages/airflow/example_dags/example_branch_labels.py
[2025-07-16T23:44:32.991+0000] {processor.py:830} INFO - Processing file /home/airflow/.local/lib/python3.8/site-packages/airflow/example_dags/example_branch_labels.py for tasks to queue
[2025-07-16T23:44:32.995+0000] {logging_mixin.py:188} INFO - [2025-07-16T23:44:32.994+0000] {dagbag.py:538} INFO - Filling up the DagBag from /home/airflow/.local/lib/python3.8/site-packages/airflow/example_dags/example_branch_labels.py
[2025-07-16T23:44:33.012+0000] {processor.py:840} INFO - DAG(s) 'example_branch_labels' retrieved from /home/airflow/.local/lib/python3.8/site-packages/airflow/example_dags/example_branch_labels.py
[2025-07-16T23:44:33.067+0000] {logging_mixin.py:188} INFO - [2025-07-16T23:44:33.067+0000] {dag.py:3036} INFO - Sync 1 DAGs
[2025-07-16T23:44:33.115+0000] {logging_mixin.py:188} INFO - [2025-07-16T23:44:33.114+0000] {dag.py:3823} INFO - Setting next_dagrun for example_branch_labels to 2025-07-15 00:00:00+00:00, run_after=2025-07-16 00:00:00+00:00
[2025-07-16T23:44:33.147+0000] {processor.py:183} INFO - Processing /home/airflow/.local/lib/python3.8/site-packages/airflow/example_dags/example_branch_labels.py took 0.163 seconds
[2025-07-16T23:45:03.475+0000] {processor.py:161} INFO - Started process (PID=1484) to work on /home/airflow/.local/lib/python3.8/site-packages/airflow/example_dags/example_branch_labels.py
[2025-07-16T23:45:03.477+0000] {processor.py:830} INFO - Processing file /home/airflow/.local/lib/python3.8/site-packages/airflow/example_dags/example_branch_labels.py for tasks to queue
[2025-07-16T23:45:03.480+0000] {logging_mixin.py:188} INFO - [2025-07-16T23:45:03.480+0000] {dagbag.py:538} INFO - Filling up the DagBag from /home/airflow/.local/lib/python3.8/site-packages/airflow/example_dags/example_branch_labels.py
[2025-07-16T23:45:03.494+0000] {processor.py:840} INFO - DAG(s) 'example_branch_labels' retrieved from /home/airflow/.local/lib/python3.8/site-packages/airflow/example_dags/example_branch_labels.py
[2025-07-16T23:45:03.535+0000] {logging_mixin.py:188} INFO - [2025-07-16T23:45:03.534+0000] {dag.py:3036} INFO - Sync 1 DAGs
[2025-07-16T23:45:03.580+0000] {logging_mixin.py:188} INFO - [2025-07-16T23:45:03.577+0000] {dag.py:3823} INFO - Setting next_dagrun for example_branch_labels to 2025-07-15 00:00:00+00:00, run_after=2025-07-16 00:00:00+00:00
[2025-07-16T23:45:03.617+0000] {processor.py:183} INFO - Processing /home/airflow/.local/lib/python3.8/site-packages/airflow/example_dags/example_branch_labels.py took 0.148 seconds
[2025-07-16T23:45:34.174+0000] {processor.py:161} INFO - Started process (PID=1546) to work on /home/airflow/.local/lib/python3.8/site-packages/airflow/example_dags/example_branch_labels.py
[2025-07-16T23:45:34.175+0000] {processor.py:830} INFO - Processing file /home/airflow/.local/lib/python3.8/site-packages/airflow/example_dags/example_branch_labels.py for tasks to queue
[2025-07-16T23:45:34.177+0000] {logging_mixin.py:188} INFO - [2025-07-16T23:45:34.177+0000] {dagbag.py:538} INFO - Filling up the DagBag from /home/airflow/.local/lib/python3.8/site-packages/airflow/example_dags/example_branch_labels.py
[2025-07-16T23:45:34.191+0000] {processor.py:840} INFO - DAG(s) 'example_branch_labels' retrieved from /home/airflow/.local/lib/python3.8/site-packages/airflow/example_dags/example_branch_labels.py
[2025-07-16T23:45:34.232+0000] {logging_mixin.py:188} INFO - [2025-07-16T23:45:34.232+0000] {dag.py:3036} INFO - Sync 1 DAGs
[2025-07-16T23:45:34.271+0000] {logging_mixin.py:188} INFO - [2025-07-16T23:45:34.271+0000] {dag.py:3823} INFO - Setting next_dagrun for example_branch_labels to 2025-07-15 00:00:00+00:00, run_after=2025-07-16 00:00:00+00:00
[2025-07-16T23:45:34.303+0000] {processor.py:183} INFO - Processing /home/airflow/.local/lib/python3.8/site-packages/airflow/example_dags/example_branch_labels.py took 0.135 seconds
[2025-07-16T23:46:04.544+0000] {processor.py:161} INFO - Started process (PID=1610) to work on /home/airflow/.local/lib/python3.8/site-packages/airflow/example_dags/example_branch_labels.py
[2025-07-16T23:46:04.547+0000] {processor.py:830} INFO - Processing file /home/airflow/.local/lib/python3.8/site-packages/airflow/example_dags/example_branch_labels.py for tasks to queue
[2025-07-16T23:46:04.550+0000] {logging_mixin.py:188} INFO - [2025-07-16T23:46:04.549+0000] {dagbag.py:538} INFO - Filling up the DagBag from /home/airflow/.local/lib/python3.8/site-packages/airflow/example_dags/example_branch_labels.py
[2025-07-16T23:46:04.569+0000] {processor.py:840} INFO - DAG(s) 'example_branch_labels' retrieved from /home/airflow/.local/lib/python3.8/site-packages/airflow/example_dags/example_branch_labels.py
[2025-07-16T23:46:04.628+0000] {logging_mixin.py:188} INFO - [2025-07-16T23:46:04.628+0000] {dag.py:3036} INFO - Sync 1 DAGs
[2025-07-16T23:46:04.671+0000] {logging_mixin.py:188} INFO - [2025-07-16T23:46:04.671+0000] {dag.py:3823} INFO - Setting next_dagrun for example_branch_labels to 2025-07-15 00:00:00+00:00, run_after=2025-07-16 00:00:00+00:00
[2025-07-16T23:46:04.711+0000] {processor.py:183} INFO - Processing /home/airflow/.local/lib/python3.8/site-packages/airflow/example_dags/example_branch_labels.py took 0.173 seconds
[2025-07-16T23:46:36.428+0000] {processor.py:161} INFO - Started process (PID=1676) to work on /home/airflow/.local/lib/python3.8/site-packages/airflow/example_dags/example_branch_labels.py
[2025-07-16T23:46:36.430+0000] {processor.py:830} INFO - Processing file /home/airflow/.local/lib/python3.8/site-packages/airflow/example_dags/example_branch_labels.py for tasks to queue
[2025-07-16T23:46:36.433+0000] {logging_mixin.py:188} INFO - [2025-07-16T23:46:36.433+0000] {dagbag.py:538} INFO - Filling up the DagBag from /home/airflow/.local/lib/python3.8/site-packages/airflow/example_dags/example_branch_labels.py
[2025-07-16T23:46:36.488+0000] {processor.py:840} INFO - DAG(s) 'example_branch_labels' retrieved from /home/airflow/.local/lib/python3.8/site-packages/airflow/example_dags/example_branch_labels.py
[2025-07-16T23:46:36.523+0000] {logging_mixin.py:188} INFO - [2025-07-16T23:46:36.523+0000] {dag.py:3036} INFO - Sync 1 DAGs
[2025-07-16T23:46:36.571+0000] {logging_mixin.py:188} INFO - [2025-07-16T23:46:36.570+0000] {dag.py:3823} INFO - Setting next_dagrun for example_branch_labels to 2025-07-15 00:00:00+00:00, run_after=2025-07-16 00:00:00+00:00
[2025-07-16T23:46:36.602+0000] {processor.py:183} INFO - Processing /home/airflow/.local/lib/python3.8/site-packages/airflow/example_dags/example_branch_labels.py took 0.184 seconds
[2025-07-16T23:47:06.769+0000] {processor.py:161} INFO - Started process (PID=1741) to work on /home/airflow/.local/lib/python3.8/site-packages/airflow/example_dags/example_branch_labels.py
[2025-07-16T23:47:06.770+0000] {processor.py:830} INFO - Processing file /home/airflow/.local/lib/python3.8/site-packages/airflow/example_dags/example_branch_labels.py for tasks to queue
[2025-07-16T23:47:06.774+0000] {logging_mixin.py:188} INFO - [2025-07-16T23:47:06.773+0000] {dagbag.py:538} INFO - Filling up the DagBag from /home/airflow/.local/lib/python3.8/site-packages/airflow/example_dags/example_branch_labels.py
[2025-07-16T23:47:06.790+0000] {processor.py:840} INFO - DAG(s) 'example_branch_labels' retrieved from /home/airflow/.local/lib/python3.8/site-packages/airflow/example_dags/example_branch_labels.py
[2025-07-16T23:47:06.839+0000] {logging_mixin.py:188} INFO - [2025-07-16T23:47:06.838+0000] {dag.py:3036} INFO - Sync 1 DAGs
[2025-07-16T23:47:06.899+0000] {logging_mixin.py:188} INFO - [2025-07-16T23:47:06.899+0000] {dag.py:3823} INFO - Setting next_dagrun for example_branch_labels to 2025-07-15 00:00:00+00:00, run_after=2025-07-16 00:00:00+00:00
[2025-07-16T23:47:06.961+0000] {processor.py:183} INFO - Processing /home/airflow/.local/lib/python3.8/site-packages/airflow/example_dags/example_branch_labels.py took 0.198 seconds
[2025-07-16T23:47:37.001+0000] {processor.py:161} INFO - Started process (PID=1805) to work on /home/airflow/.local/lib/python3.8/site-packages/airflow/example_dags/example_branch_labels.py
[2025-07-16T23:47:37.003+0000] {processor.py:830} INFO - Processing file /home/airflow/.local/lib/python3.8/site-packages/airflow/example_dags/example_branch_labels.py for tasks to queue
[2025-07-16T23:47:37.005+0000] {logging_mixin.py:188} INFO - [2025-07-16T23:47:37.005+0000] {dagbag.py:538} INFO - Filling up the DagBag from /home/airflow/.local/lib/python3.8/site-packages/airflow/example_dags/example_branch_labels.py
[2025-07-16T23:47:37.026+0000] {processor.py:840} INFO - DAG(s) 'example_branch_labels' retrieved from /home/airflow/.local/lib/python3.8/site-packages/airflow/example_dags/example_branch_labels.py
[2025-07-16T23:47:37.092+0000] {logging_mixin.py:188} INFO - [2025-07-16T23:47:37.092+0000] {dag.py:3036} INFO - Sync 1 DAGs
[2025-07-16T23:47:37.149+0000] {logging_mixin.py:188} INFO - [2025-07-16T23:47:37.149+0000] {dag.py:3823} INFO - Setting next_dagrun for example_branch_labels to 2025-07-15 00:00:00+00:00, run_after=2025-07-16 00:00:00+00:00
[2025-07-16T23:47:37.195+0000] {processor.py:183} INFO - Processing /home/airflow/.local/lib/python3.8/site-packages/airflow/example_dags/example_branch_labels.py took 0.200 seconds
[2025-07-16T23:48:08.233+0000] {processor.py:161} INFO - Started process (PID=1870) to work on /home/airflow/.local/lib/python3.8/site-packages/airflow/example_dags/example_branch_labels.py
[2025-07-16T23:48:08.236+0000] {processor.py:830} INFO - Processing file /home/airflow/.local/lib/python3.8/site-packages/airflow/example_dags/example_branch_labels.py for tasks to queue
[2025-07-16T23:48:08.238+0000] {logging_mixin.py:188} INFO - [2025-07-16T23:48:08.238+0000] {dagbag.py:538} INFO - Filling up the DagBag from /home/airflow/.local/lib/python3.8/site-packages/airflow/example_dags/example_branch_labels.py
[2025-07-16T23:48:08.256+0000] {processor.py:840} INFO - DAG(s) 'example_branch_labels' retrieved from /home/airflow/.local/lib/python3.8/site-packages/airflow/example_dags/example_branch_labels.py
[2025-07-16T23:48:08.294+0000] {logging_mixin.py:188} INFO - [2025-07-16T23:48:08.294+0000] {dag.py:3036} INFO - Sync 1 DAGs
[2025-07-16T23:48:08.366+0000] {logging_mixin.py:188} INFO - [2025-07-16T23:48:08.366+0000] {dag.py:3823} INFO - Setting next_dagrun for example_branch_labels to 2025-07-15 00:00:00+00:00, run_after=2025-07-16 00:00:00+00:00
[2025-07-16T23:48:08.398+0000] {processor.py:183} INFO - Processing /home/airflow/.local/lib/python3.8/site-packages/airflow/example_dags/example_branch_labels.py took 0.171 seconds
[2025-07-16T23:48:39.743+0000] {processor.py:161} INFO - Started process (PID=1935) to work on /home/airflow/.local/lib/python3.8/site-packages/airflow/example_dags/example_branch_labels.py
[2025-07-16T23:48:39.745+0000] {processor.py:830} INFO - Processing file /home/airflow/.local/lib/python3.8/site-packages/airflow/example_dags/example_branch_labels.py for tasks to queue
[2025-07-16T23:48:39.749+0000] {logging_mixin.py:188} INFO - [2025-07-16T23:48:39.748+0000] {dagbag.py:538} INFO - Filling up the DagBag from /home/airflow/.local/lib/python3.8/site-packages/airflow/example_dags/example_branch_labels.py
[2025-07-16T23:48:39.761+0000] {processor.py:840} INFO - DAG(s) 'example_branch_labels' retrieved from /home/airflow/.local/lib/python3.8/site-packages/airflow/example_dags/example_branch_labels.py
[2025-07-16T23:48:39.800+0000] {logging_mixin.py:188} INFO - [2025-07-16T23:48:39.800+0000] {dag.py:3036} INFO - Sync 1 DAGs
[2025-07-16T23:48:39.843+0000] {logging_mixin.py:188} INFO - [2025-07-16T23:48:39.841+0000] {dag.py:3823} INFO - Setting next_dagrun for example_branch_labels to 2025-07-15 00:00:00+00:00, run_after=2025-07-16 00:00:00+00:00
[2025-07-16T23:48:39.880+0000] {processor.py:183} INFO - Processing /home/airflow/.local/lib/python3.8/site-packages/airflow/example_dags/example_branch_labels.py took 0.142 seconds
[2025-07-16T23:49:10.199+0000] {processor.py:161} INFO - Started process (PID=2001) to work on /home/airflow/.local/lib/python3.8/site-packages/airflow/example_dags/example_branch_labels.py
[2025-07-16T23:49:10.201+0000] {processor.py:830} INFO - Processing file /home/airflow/.local/lib/python3.8/site-packages/airflow/example_dags/example_branch_labels.py for tasks to queue
[2025-07-16T23:49:10.204+0000] {logging_mixin.py:188} INFO - [2025-07-16T23:49:10.203+0000] {dagbag.py:538} INFO - Filling up the DagBag from /home/airflow/.local/lib/python3.8/site-packages/airflow/example_dags/example_branch_labels.py
[2025-07-16T23:49:10.217+0000] {processor.py:840} INFO - DAG(s) 'example_branch_labels' retrieved from /home/airflow/.local/lib/python3.8/site-packages/airflow/example_dags/example_branch_labels.py
[2025-07-16T23:49:10.253+0000] {logging_mixin.py:188} INFO - [2025-07-16T23:49:10.253+0000] {dag.py:3036} INFO - Sync 1 DAGs
[2025-07-16T23:49:10.291+0000] {logging_mixin.py:188} INFO - [2025-07-16T23:49:10.291+0000] {dag.py:3823} INFO - Setting next_dagrun for example_branch_labels to 2025-07-15 00:00:00+00:00, run_after=2025-07-16 00:00:00+00:00
[2025-07-16T23:49:10.324+0000] {processor.py:183} INFO - Processing /home/airflow/.local/lib/python3.8/site-packages/airflow/example_dags/example_branch_labels.py took 0.130 seconds
[2025-07-16T23:49:41.685+0000] {processor.py:161} INFO - Started process (PID=2064) to work on /home/airflow/.local/lib/python3.8/site-packages/airflow/example_dags/example_branch_labels.py
[2025-07-16T23:49:41.689+0000] {processor.py:830} INFO - Processing file /home/airflow/.local/lib/python3.8/site-packages/airflow/example_dags/example_branch_labels.py for tasks to queue
[2025-07-16T23:49:41.693+0000] {logging_mixin.py:188} INFO - [2025-07-16T23:49:41.692+0000] {dagbag.py:538} INFO - Filling up the DagBag from /home/airflow/.local/lib/python3.8/site-packages/airflow/example_dags/example_branch_labels.py
[2025-07-16T23:49:41.709+0000] {processor.py:840} INFO - DAG(s) 'example_branch_labels' retrieved from /home/airflow/.local/lib/python3.8/site-packages/airflow/example_dags/example_branch_labels.py
[2025-07-16T23:49:41.748+0000] {logging_mixin.py:188} INFO - [2025-07-16T23:49:41.748+0000] {dag.py:3036} INFO - Sync 1 DAGs
[2025-07-16T23:49:41.790+0000] {logging_mixin.py:188} INFO - [2025-07-16T23:49:41.790+0000] {dag.py:3823} INFO - Setting next_dagrun for example_branch_labels to 2025-07-15 00:00:00+00:00, run_after=2025-07-16 00:00:00+00:00
[2025-07-16T23:49:41.831+0000] {processor.py:183} INFO - Processing /home/airflow/.local/lib/python3.8/site-packages/airflow/example_dags/example_branch_labels.py took 0.152 seconds
[2025-07-16T23:50:12.103+0000] {processor.py:161} INFO - Started process (PID=2127) to work on /home/airflow/.local/lib/python3.8/site-packages/airflow/example_dags/example_branch_labels.py
[2025-07-16T23:50:12.105+0000] {processor.py:830} INFO - Processing file /home/airflow/.local/lib/python3.8/site-packages/airflow/example_dags/example_branch_labels.py for tasks to queue
[2025-07-16T23:50:12.107+0000] {logging_mixin.py:188} INFO - [2025-07-16T23:50:12.107+0000] {dagbag.py:538} INFO - Filling up the DagBag from /home/airflow/.local/lib/python3.8/site-packages/airflow/example_dags/example_branch_labels.py
[2025-07-16T23:50:12.117+0000] {processor.py:840} INFO - DAG(s) 'example_branch_labels' retrieved from /home/airflow/.local/lib/python3.8/site-packages/airflow/example_dags/example_branch_labels.py
[2025-07-16T23:50:12.145+0000] {logging_mixin.py:188} INFO - [2025-07-16T23:50:12.145+0000] {dag.py:3036} INFO - Sync 1 DAGs
[2025-07-16T23:50:12.174+0000] {logging_mixin.py:188} INFO - [2025-07-16T23:50:12.173+0000] {dag.py:3823} INFO - Setting next_dagrun for example_branch_labels to 2025-07-15 00:00:00+00:00, run_after=2025-07-16 00:00:00+00:00
[2025-07-16T23:50:12.198+0000] {processor.py:183} INFO - Processing /home/airflow/.local/lib/python3.8/site-packages/airflow/example_dags/example_branch_labels.py took 0.099 seconds
[2025-07-16T23:50:42.982+0000] {processor.py:161} INFO - Started process (PID=2192) to work on /home/airflow/.local/lib/python3.8/site-packages/airflow/example_dags/example_branch_labels.py
[2025-07-16T23:50:42.983+0000] {processor.py:830} INFO - Processing file /home/airflow/.local/lib/python3.8/site-packages/airflow/example_dags/example_branch_labels.py for tasks to queue
[2025-07-16T23:50:42.987+0000] {logging_mixin.py:188} INFO - [2025-07-16T23:50:42.986+0000] {dagbag.py:538} INFO - Filling up the DagBag from /home/airflow/.local/lib/python3.8/site-packages/airflow/example_dags/example_branch_labels.py
[2025-07-16T23:50:43.002+0000] {processor.py:840} INFO - DAG(s) 'example_branch_labels' retrieved from /home/airflow/.local/lib/python3.8/site-packages/airflow/example_dags/example_branch_labels.py
[2025-07-16T23:50:43.043+0000] {logging_mixin.py:188} INFO - [2025-07-16T23:50:43.042+0000] {dag.py:3036} INFO - Sync 1 DAGs
[2025-07-16T23:50:43.109+0000] {logging_mixin.py:188} INFO - [2025-07-16T23:50:43.108+0000] {dag.py:3823} INFO - Setting next_dagrun for example_branch_labels to 2025-07-15 00:00:00+00:00, run_after=2025-07-16 00:00:00+00:00
[2025-07-16T23:50:43.223+0000] {processor.py:183} INFO - Processing /home/airflow/.local/lib/python3.8/site-packages/airflow/example_dags/example_branch_labels.py took 0.247 seconds
[2025-07-16T23:51:13.498+0000] {processor.py:161} INFO - Started process (PID=2257) to work on /home/airflow/.local/lib/python3.8/site-packages/airflow/example_dags/example_branch_labels.py
[2025-07-16T23:51:13.500+0000] {processor.py:830} INFO - Processing file /home/airflow/.local/lib/python3.8/site-packages/airflow/example_dags/example_branch_labels.py for tasks to queue
[2025-07-16T23:51:13.503+0000] {logging_mixin.py:188} INFO - [2025-07-16T23:51:13.502+0000] {dagbag.py:538} INFO - Filling up the DagBag from /home/airflow/.local/lib/python3.8/site-packages/airflow/example_dags/example_branch_labels.py
[2025-07-16T23:51:13.515+0000] {processor.py:840} INFO - DAG(s) 'example_branch_labels' retrieved from /home/airflow/.local/lib/python3.8/site-packages/airflow/example_dags/example_branch_labels.py
[2025-07-16T23:51:13.547+0000] {logging_mixin.py:188} INFO - [2025-07-16T23:51:13.547+0000] {dag.py:3036} INFO - Sync 1 DAGs
[2025-07-16T23:51:13.579+0000] {logging_mixin.py:188} INFO - [2025-07-16T23:51:13.579+0000] {dag.py:3823} INFO - Setting next_dagrun for example_branch_labels to 2025-07-15 00:00:00+00:00, run_after=2025-07-16 00:00:00+00:00
[2025-07-16T23:51:13.607+0000] {processor.py:183} INFO - Processing /home/airflow/.local/lib/python3.8/site-packages/airflow/example_dags/example_branch_labels.py took 0.116 seconds
[2025-07-16T23:51:44.258+0000] {processor.py:161} INFO - Started process (PID=2323) to work on /home/airflow/.local/lib/python3.8/site-packages/airflow/example_dags/example_branch_labels.py
[2025-07-16T23:51:44.261+0000] {processor.py:830} INFO - Processing file /home/airflow/.local/lib/python3.8/site-packages/airflow/example_dags/example_branch_labels.py for tasks to queue
[2025-07-16T23:51:44.284+0000] {logging_mixin.py:188} INFO - [2025-07-16T23:51:44.283+0000] {dagbag.py:538} INFO - Filling up the DagBag from /home/airflow/.local/lib/python3.8/site-packages/airflow/example_dags/example_branch_labels.py
[2025-07-16T23:51:44.299+0000] {processor.py:840} INFO - DAG(s) 'example_branch_labels' retrieved from /home/airflow/.local/lib/python3.8/site-packages/airflow/example_dags/example_branch_labels.py
[2025-07-16T23:51:44.330+0000] {logging_mixin.py:188} INFO - [2025-07-16T23:51:44.329+0000] {dag.py:3036} INFO - Sync 1 DAGs
[2025-07-16T23:51:44.541+0000] {logging_mixin.py:188} INFO - [2025-07-16T23:51:44.541+0000] {dag.py:3823} INFO - Setting next_dagrun for example_branch_labels to 2025-07-15 00:00:00+00:00, run_after=2025-07-16 00:00:00+00:00
[2025-07-16T23:51:44.568+0000] {processor.py:183} INFO - Processing /home/airflow/.local/lib/python3.8/site-packages/airflow/example_dags/example_branch_labels.py took 0.318 seconds
[2025-07-16T23:52:14.782+0000] {processor.py:161} INFO - Started process (PID=2389) to work on /home/airflow/.local/lib/python3.8/site-packages/airflow/example_dags/example_branch_labels.py
[2025-07-16T23:52:14.785+0000] {processor.py:830} INFO - Processing file /home/airflow/.local/lib/python3.8/site-packages/airflow/example_dags/example_branch_labels.py for tasks to queue
[2025-07-16T23:52:14.790+0000] {logging_mixin.py:188} INFO - [2025-07-16T23:52:14.789+0000] {dagbag.py:538} INFO - Filling up the DagBag from /home/airflow/.local/lib/python3.8/site-packages/airflow/example_dags/example_branch_labels.py
[2025-07-16T23:52:14.806+0000] {processor.py:840} INFO - DAG(s) 'example_branch_labels' retrieved from /home/airflow/.local/lib/python3.8/site-packages/airflow/example_dags/example_branch_labels.py
[2025-07-16T23:52:14.844+0000] {logging_mixin.py:188} INFO - [2025-07-16T23:52:14.844+0000] {dag.py:3036} INFO - Sync 1 DAGs
[2025-07-16T23:52:15.087+0000] {logging_mixin.py:188} INFO - [2025-07-16T23:52:15.087+0000] {dag.py:3823} INFO - Setting next_dagrun for example_branch_labels to 2025-07-15 00:00:00+00:00, run_after=2025-07-16 00:00:00+00:00
[2025-07-16T23:52:15.120+0000] {processor.py:183} INFO - Processing /home/airflow/.local/lib/python3.8/site-packages/airflow/example_dags/example_branch_labels.py took 0.344 seconds
[2025-07-16T23:52:45.817+0000] {processor.py:161} INFO - Started process (PID=2461) to work on /home/airflow/.local/lib/python3.8/site-packages/airflow/example_dags/example_branch_labels.py
[2025-07-16T23:52:45.818+0000] {processor.py:830} INFO - Processing file /home/airflow/.local/lib/python3.8/site-packages/airflow/example_dags/example_branch_labels.py for tasks to queue
[2025-07-16T23:52:45.822+0000] {logging_mixin.py:188} INFO - [2025-07-16T23:52:45.821+0000] {dagbag.py:538} INFO - Filling up the DagBag from /home/airflow/.local/lib/python3.8/site-packages/airflow/example_dags/example_branch_labels.py
[2025-07-16T23:52:45.842+0000] {processor.py:840} INFO - DAG(s) 'example_branch_labels' retrieved from /home/airflow/.local/lib/python3.8/site-packages/airflow/example_dags/example_branch_labels.py
[2025-07-16T23:52:45.880+0000] {logging_mixin.py:188} INFO - [2025-07-16T23:52:45.879+0000] {dag.py:3036} INFO - Sync 1 DAGs
[2025-07-16T23:52:45.952+0000] {logging_mixin.py:188} INFO - [2025-07-16T23:52:45.952+0000] {dag.py:3823} INFO - Setting next_dagrun for example_branch_labels to 2025-07-15 00:00:00+00:00, run_after=2025-07-16 00:00:00+00:00
[2025-07-16T23:52:45.988+0000] {processor.py:183} INFO - Processing /home/airflow/.local/lib/python3.8/site-packages/airflow/example_dags/example_branch_labels.py took 0.177 seconds
[2025-07-16T23:53:16.718+0000] {processor.py:161} INFO - Started process (PID=2526) to work on /home/airflow/.local/lib/python3.8/site-packages/airflow/example_dags/example_branch_labels.py
[2025-07-16T23:53:16.720+0000] {processor.py:830} INFO - Processing file /home/airflow/.local/lib/python3.8/site-packages/airflow/example_dags/example_branch_labels.py for tasks to queue
[2025-07-16T23:53:16.722+0000] {logging_mixin.py:188} INFO - [2025-07-16T23:53:16.722+0000] {dagbag.py:538} INFO - Filling up the DagBag from /home/airflow/.local/lib/python3.8/site-packages/airflow/example_dags/example_branch_labels.py
[2025-07-16T23:53:16.741+0000] {processor.py:840} INFO - DAG(s) 'example_branch_labels' retrieved from /home/airflow/.local/lib/python3.8/site-packages/airflow/example_dags/example_branch_labels.py
[2025-07-16T23:53:16.778+0000] {logging_mixin.py:188} INFO - [2025-07-16T23:53:16.778+0000] {dag.py:3036} INFO - Sync 1 DAGs
[2025-07-16T23:53:16.818+0000] {logging_mixin.py:188} INFO - [2025-07-16T23:53:16.818+0000] {dag.py:3823} INFO - Setting next_dagrun for example_branch_labels to 2025-07-15 00:00:00+00:00, run_after=2025-07-16 00:00:00+00:00
[2025-07-16T23:53:16.858+0000] {processor.py:183} INFO - Processing /home/airflow/.local/lib/python3.8/site-packages/airflow/example_dags/example_branch_labels.py took 0.147 seconds
[2025-07-16T23:53:47.738+0000] {processor.py:161} INFO - Started process (PID=2588) to work on /home/airflow/.local/lib/python3.8/site-packages/airflow/example_dags/example_branch_labels.py
[2025-07-16T23:53:47.740+0000] {processor.py:830} INFO - Processing file /home/airflow/.local/lib/python3.8/site-packages/airflow/example_dags/example_branch_labels.py for tasks to queue
[2025-07-16T23:53:47.743+0000] {logging_mixin.py:188} INFO - [2025-07-16T23:53:47.743+0000] {dagbag.py:538} INFO - Filling up the DagBag from /home/airflow/.local/lib/python3.8/site-packages/airflow/example_dags/example_branch_labels.py
[2025-07-16T23:53:47.759+0000] {processor.py:840} INFO - DAG(s) 'example_branch_labels' retrieved from /home/airflow/.local/lib/python3.8/site-packages/airflow/example_dags/example_branch_labels.py
[2025-07-16T23:53:47.797+0000] {logging_mixin.py:188} INFO - [2025-07-16T23:53:47.796+0000] {dag.py:3036} INFO - Sync 1 DAGs
[2025-07-16T23:53:47.889+0000] {logging_mixin.py:188} INFO - [2025-07-16T23:53:47.889+0000] {dag.py:3823} INFO - Setting next_dagrun for example_branch_labels to 2025-07-15 00:00:00+00:00, run_after=2025-07-16 00:00:00+00:00
[2025-07-16T23:53:47.922+0000] {processor.py:183} INFO - Processing /home/airflow/.local/lib/python3.8/site-packages/airflow/example_dags/example_branch_labels.py took 0.189 seconds
[2025-07-16T23:54:18.223+0000] {processor.py:161} INFO - Started process (PID=2653) to work on /home/airflow/.local/lib/python3.8/site-packages/airflow/example_dags/example_branch_labels.py
[2025-07-16T23:54:18.224+0000] {processor.py:830} INFO - Processing file /home/airflow/.local/lib/python3.8/site-packages/airflow/example_dags/example_branch_labels.py for tasks to queue
[2025-07-16T23:54:18.228+0000] {logging_mixin.py:188} INFO - [2025-07-16T23:54:18.227+0000] {dagbag.py:538} INFO - Filling up the DagBag from /home/airflow/.local/lib/python3.8/site-packages/airflow/example_dags/example_branch_labels.py
[2025-07-16T23:54:18.246+0000] {processor.py:840} INFO - DAG(s) 'example_branch_labels' retrieved from /home/airflow/.local/lib/python3.8/site-packages/airflow/example_dags/example_branch_labels.py
[2025-07-16T23:54:18.290+0000] {logging_mixin.py:188} INFO - [2025-07-16T23:54:18.289+0000] {dag.py:3036} INFO - Sync 1 DAGs
[2025-07-16T23:54:18.337+0000] {logging_mixin.py:188} INFO - [2025-07-16T23:54:18.336+0000] {dag.py:3823} INFO - Setting next_dagrun for example_branch_labels to 2025-07-15 00:00:00+00:00, run_after=2025-07-16 00:00:00+00:00
[2025-07-16T23:54:18.373+0000] {processor.py:183} INFO - Processing /home/airflow/.local/lib/python3.8/site-packages/airflow/example_dags/example_branch_labels.py took 0.157 seconds
[2025-07-16T23:54:48.622+0000] {processor.py:161} INFO - Started process (PID=2719) to work on /home/airflow/.local/lib/python3.8/site-packages/airflow/example_dags/example_branch_labels.py
[2025-07-16T23:54:48.625+0000] {processor.py:830} INFO - Processing file /home/airflow/.local/lib/python3.8/site-packages/airflow/example_dags/example_branch_labels.py for tasks to queue
[2025-07-16T23:54:48.629+0000] {logging_mixin.py:188} INFO - [2025-07-16T23:54:48.628+0000] {dagbag.py:538} INFO - Filling up the DagBag from /home/airflow/.local/lib/python3.8/site-packages/airflow/example_dags/example_branch_labels.py
[2025-07-16T23:54:48.646+0000] {processor.py:840} INFO - DAG(s) 'example_branch_labels' retrieved from /home/airflow/.local/lib/python3.8/site-packages/airflow/example_dags/example_branch_labels.py
[2025-07-16T23:54:48.690+0000] {logging_mixin.py:188} INFO - [2025-07-16T23:54:48.690+0000] {dag.py:3036} INFO - Sync 1 DAGs
[2025-07-16T23:54:48.738+0000] {logging_mixin.py:188} INFO - [2025-07-16T23:54:48.735+0000] {dag.py:3823} INFO - Setting next_dagrun for example_branch_labels to 2025-07-15 00:00:00+00:00, run_after=2025-07-16 00:00:00+00:00
[2025-07-16T23:54:48.768+0000] {processor.py:183} INFO - Processing /home/airflow/.local/lib/python3.8/site-packages/airflow/example_dags/example_branch_labels.py took 0.152 seconds
[2025-07-16T23:55:18.977+0000] {processor.py:161} INFO - Started process (PID=2785) to work on /home/airflow/.local/lib/python3.8/site-packages/airflow/example_dags/example_branch_labels.py
[2025-07-16T23:55:18.979+0000] {processor.py:830} INFO - Processing file /home/airflow/.local/lib/python3.8/site-packages/airflow/example_dags/example_branch_labels.py for tasks to queue
[2025-07-16T23:55:18.984+0000] {logging_mixin.py:188} INFO - [2025-07-16T23:55:18.983+0000] {dagbag.py:538} INFO - Filling up the DagBag from /home/airflow/.local/lib/python3.8/site-packages/airflow/example_dags/example_branch_labels.py
[2025-07-16T23:55:19.001+0000] {processor.py:840} INFO - DAG(s) 'example_branch_labels' retrieved from /home/airflow/.local/lib/python3.8/site-packages/airflow/example_dags/example_branch_labels.py
[2025-07-16T23:55:19.042+0000] {logging_mixin.py:188} INFO - [2025-07-16T23:55:19.041+0000] {dag.py:3036} INFO - Sync 1 DAGs
[2025-07-16T23:55:19.082+0000] {logging_mixin.py:188} INFO - [2025-07-16T23:55:19.081+0000] {dag.py:3823} INFO - Setting next_dagrun for example_branch_labels to 2025-07-15 00:00:00+00:00, run_after=2025-07-16 00:00:00+00:00
[2025-07-16T23:55:19.118+0000] {processor.py:183} INFO - Processing /home/airflow/.local/lib/python3.8/site-packages/airflow/example_dags/example_branch_labels.py took 0.148 seconds
[2025-07-16T23:55:49.279+0000] {processor.py:161} INFO - Started process (PID=2851) to work on /home/airflow/.local/lib/python3.8/site-packages/airflow/example_dags/example_branch_labels.py
[2025-07-16T23:55:49.284+0000] {processor.py:830} INFO - Processing file /home/airflow/.local/lib/python3.8/site-packages/airflow/example_dags/example_branch_labels.py for tasks to queue
[2025-07-16T23:55:49.289+0000] {logging_mixin.py:188} INFO - [2025-07-16T23:55:49.289+0000] {dagbag.py:538} INFO - Filling up the DagBag from /home/airflow/.local/lib/python3.8/site-packages/airflow/example_dags/example_branch_labels.py
[2025-07-16T23:55:49.312+0000] {processor.py:840} INFO - DAG(s) 'example_branch_labels' retrieved from /home/airflow/.local/lib/python3.8/site-packages/airflow/example_dags/example_branch_labels.py
[2025-07-16T23:55:49.482+0000] {logging_mixin.py:188} INFO - [2025-07-16T23:55:49.481+0000] {dag.py:3036} INFO - Sync 1 DAGs
[2025-07-16T23:55:49.556+0000] {logging_mixin.py:188} INFO - [2025-07-16T23:55:49.555+0000] {dag.py:3823} INFO - Setting next_dagrun for example_branch_labels to 2025-07-15 00:00:00+00:00, run_after=2025-07-16 00:00:00+00:00
[2025-07-16T23:55:49.587+0000] {processor.py:183} INFO - Processing /home/airflow/.local/lib/python3.8/site-packages/airflow/example_dags/example_branch_labels.py took 0.319 seconds
[2025-07-16T23:56:19.819+0000] {processor.py:161} INFO - Started process (PID=2916) to work on /home/airflow/.local/lib/python3.8/site-packages/airflow/example_dags/example_branch_labels.py
[2025-07-16T23:56:19.821+0000] {processor.py:830} INFO - Processing file /home/airflow/.local/lib/python3.8/site-packages/airflow/example_dags/example_branch_labels.py for tasks to queue
[2025-07-16T23:56:19.824+0000] {logging_mixin.py:188} INFO - [2025-07-16T23:56:19.824+0000] {dagbag.py:538} INFO - Filling up the DagBag from /home/airflow/.local/lib/python3.8/site-packages/airflow/example_dags/example_branch_labels.py
[2025-07-16T23:56:19.840+0000] {processor.py:840} INFO - DAG(s) 'example_branch_labels' retrieved from /home/airflow/.local/lib/python3.8/site-packages/airflow/example_dags/example_branch_labels.py
[2025-07-16T23:56:19.890+0000] {logging_mixin.py:188} INFO - [2025-07-16T23:56:19.890+0000] {dag.py:3036} INFO - Sync 1 DAGs
[2025-07-16T23:56:19.935+0000] {logging_mixin.py:188} INFO - [2025-07-16T23:56:19.935+0000] {dag.py:3823} INFO - Setting next_dagrun for example_branch_labels to 2025-07-15 00:00:00+00:00, run_after=2025-07-16 00:00:00+00:00
[2025-07-16T23:56:19.965+0000] {processor.py:183} INFO - Processing /home/airflow/.local/lib/python3.8/site-packages/airflow/example_dags/example_branch_labels.py took 0.152 seconds
[2025-07-16T23:56:50.489+0000] {processor.py:161} INFO - Started process (PID=2978) to work on /home/airflow/.local/lib/python3.8/site-packages/airflow/example_dags/example_branch_labels.py
[2025-07-16T23:56:50.491+0000] {processor.py:830} INFO - Processing file /home/airflow/.local/lib/python3.8/site-packages/airflow/example_dags/example_branch_labels.py for tasks to queue
[2025-07-16T23:56:50.494+0000] {logging_mixin.py:188} INFO - [2025-07-16T23:56:50.494+0000] {dagbag.py:538} INFO - Filling up the DagBag from /home/airflow/.local/lib/python3.8/site-packages/airflow/example_dags/example_branch_labels.py
[2025-07-16T23:56:50.506+0000] {processor.py:840} INFO - DAG(s) 'example_branch_labels' retrieved from /home/airflow/.local/lib/python3.8/site-packages/airflow/example_dags/example_branch_labels.py
[2025-07-16T23:56:50.564+0000] {logging_mixin.py:188} INFO - [2025-07-16T23:56:50.563+0000] {dag.py:3036} INFO - Sync 1 DAGs
[2025-07-16T23:56:50.612+0000] {logging_mixin.py:188} INFO - [2025-07-16T23:56:50.612+0000] {dag.py:3823} INFO - Setting next_dagrun for example_branch_labels to 2025-07-15 00:00:00+00:00, run_after=2025-07-16 00:00:00+00:00
[2025-07-16T23:56:50.651+0000] {processor.py:183} INFO - Processing /home/airflow/.local/lib/python3.8/site-packages/airflow/example_dags/example_branch_labels.py took 0.167 seconds
[2025-07-16T23:57:20.757+0000] {processor.py:161} INFO - Started process (PID=3042) to work on /home/airflow/.local/lib/python3.8/site-packages/airflow/example_dags/example_branch_labels.py
[2025-07-16T23:57:20.758+0000] {processor.py:830} INFO - Processing file /home/airflow/.local/lib/python3.8/site-packages/airflow/example_dags/example_branch_labels.py for tasks to queue
[2025-07-16T23:57:20.762+0000] {logging_mixin.py:188} INFO - [2025-07-16T23:57:20.761+0000] {dagbag.py:538} INFO - Filling up the DagBag from /home/airflow/.local/lib/python3.8/site-packages/airflow/example_dags/example_branch_labels.py
[2025-07-16T23:57:20.781+0000] {processor.py:840} INFO - DAG(s) 'example_branch_labels' retrieved from /home/airflow/.local/lib/python3.8/site-packages/airflow/example_dags/example_branch_labels.py
[2025-07-16T23:57:20.832+0000] {logging_mixin.py:188} INFO - [2025-07-16T23:57:20.831+0000] {dag.py:3036} INFO - Sync 1 DAGs
[2025-07-16T23:57:20.887+0000] {logging_mixin.py:188} INFO - [2025-07-16T23:57:20.886+0000] {dag.py:3823} INFO - Setting next_dagrun for example_branch_labels to 2025-07-15 00:00:00+00:00, run_after=2025-07-16 00:00:00+00:00
[2025-07-16T23:57:20.923+0000] {processor.py:183} INFO - Processing /home/airflow/.local/lib/python3.8/site-packages/airflow/example_dags/example_branch_labels.py took 0.171 seconds
[2025-07-16T23:57:51.045+0000] {processor.py:161} INFO - Started process (PID=3109) to work on /home/airflow/.local/lib/python3.8/site-packages/airflow/example_dags/example_branch_labels.py
[2025-07-16T23:57:51.047+0000] {processor.py:830} INFO - Processing file /home/airflow/.local/lib/python3.8/site-packages/airflow/example_dags/example_branch_labels.py for tasks to queue
[2025-07-16T23:57:51.050+0000] {logging_mixin.py:188} INFO - [2025-07-16T23:57:51.050+0000] {dagbag.py:538} INFO - Filling up the DagBag from /home/airflow/.local/lib/python3.8/site-packages/airflow/example_dags/example_branch_labels.py
[2025-07-16T23:57:51.066+0000] {processor.py:840} INFO - DAG(s) 'example_branch_labels' retrieved from /home/airflow/.local/lib/python3.8/site-packages/airflow/example_dags/example_branch_labels.py
[2025-07-16T23:57:51.108+0000] {logging_mixin.py:188} INFO - [2025-07-16T23:57:51.108+0000] {dag.py:3036} INFO - Sync 1 DAGs
[2025-07-16T23:57:51.161+0000] {logging_mixin.py:188} INFO - [2025-07-16T23:57:51.161+0000] {dag.py:3823} INFO - Setting next_dagrun for example_branch_labels to 2025-07-15 00:00:00+00:00, run_after=2025-07-16 00:00:00+00:00
[2025-07-16T23:57:51.196+0000] {processor.py:183} INFO - Processing /home/airflow/.local/lib/python3.8/site-packages/airflow/example_dags/example_branch_labels.py took 0.156 seconds
[2025-07-16T23:58:21.774+0000] {processor.py:161} INFO - Started process (PID=3175) to work on /home/airflow/.local/lib/python3.8/site-packages/airflow/example_dags/example_branch_labels.py
[2025-07-16T23:58:21.776+0000] {processor.py:830} INFO - Processing file /home/airflow/.local/lib/python3.8/site-packages/airflow/example_dags/example_branch_labels.py for tasks to queue
[2025-07-16T23:58:21.783+0000] {logging_mixin.py:188} INFO - [2025-07-16T23:58:21.780+0000] {dagbag.py:538} INFO - Filling up the DagBag from /home/airflow/.local/lib/python3.8/site-packages/airflow/example_dags/example_branch_labels.py
[2025-07-16T23:58:21.800+0000] {processor.py:840} INFO - DAG(s) 'example_branch_labels' retrieved from /home/airflow/.local/lib/python3.8/site-packages/airflow/example_dags/example_branch_labels.py
[2025-07-16T23:58:21.845+0000] {logging_mixin.py:188} INFO - [2025-07-16T23:58:21.844+0000] {dag.py:3036} INFO - Sync 1 DAGs
[2025-07-16T23:58:21.890+0000] {logging_mixin.py:188} INFO - [2025-07-16T23:58:21.889+0000] {dag.py:3823} INFO - Setting next_dagrun for example_branch_labels to 2025-07-15 00:00:00+00:00, run_after=2025-07-16 00:00:00+00:00
[2025-07-16T23:58:21.922+0000] {processor.py:183} INFO - Processing /home/airflow/.local/lib/python3.8/site-packages/airflow/example_dags/example_branch_labels.py took 0.153 seconds
[2025-07-16T23:58:52.078+0000] {processor.py:161} INFO - Started process (PID=3240) to work on /home/airflow/.local/lib/python3.8/site-packages/airflow/example_dags/example_branch_labels.py
[2025-07-16T23:58:52.079+0000] {processor.py:830} INFO - Processing file /home/airflow/.local/lib/python3.8/site-packages/airflow/example_dags/example_branch_labels.py for tasks to queue
[2025-07-16T23:58:52.083+0000] {logging_mixin.py:188} INFO - [2025-07-16T23:58:52.082+0000] {dagbag.py:538} INFO - Filling up the DagBag from /home/airflow/.local/lib/python3.8/site-packages/airflow/example_dags/example_branch_labels.py
[2025-07-16T23:58:52.096+0000] {processor.py:840} INFO - DAG(s) 'example_branch_labels' retrieved from /home/airflow/.local/lib/python3.8/site-packages/airflow/example_dags/example_branch_labels.py
[2025-07-16T23:58:52.138+0000] {logging_mixin.py:188} INFO - [2025-07-16T23:58:52.138+0000] {dag.py:3036} INFO - Sync 1 DAGs
[2025-07-16T23:58:52.186+0000] {logging_mixin.py:188} INFO - [2025-07-16T23:58:52.185+0000] {dag.py:3823} INFO - Setting next_dagrun for example_branch_labels to 2025-07-15 00:00:00+00:00, run_after=2025-07-16 00:00:00+00:00
[2025-07-16T23:58:52.216+0000] {processor.py:183} INFO - Processing /home/airflow/.local/lib/python3.8/site-packages/airflow/example_dags/example_branch_labels.py took 0.144 seconds
[2025-07-16T23:59:22.446+0000] {processor.py:161} INFO - Started process (PID=3306) to work on /home/airflow/.local/lib/python3.8/site-packages/airflow/example_dags/example_branch_labels.py
[2025-07-16T23:59:22.447+0000] {processor.py:830} INFO - Processing file /home/airflow/.local/lib/python3.8/site-packages/airflow/example_dags/example_branch_labels.py for tasks to queue
[2025-07-16T23:59:22.451+0000] {logging_mixin.py:188} INFO - [2025-07-16T23:59:22.451+0000] {dagbag.py:538} INFO - Filling up the DagBag from /home/airflow/.local/lib/python3.8/site-packages/airflow/example_dags/example_branch_labels.py
[2025-07-16T23:59:22.470+0000] {processor.py:840} INFO - DAG(s) 'example_branch_labels' retrieved from /home/airflow/.local/lib/python3.8/site-packages/airflow/example_dags/example_branch_labels.py
[2025-07-16T23:59:22.508+0000] {logging_mixin.py:188} INFO - [2025-07-16T23:59:22.507+0000] {dag.py:3036} INFO - Sync 1 DAGs
[2025-07-16T23:59:22.544+0000] {logging_mixin.py:188} INFO - [2025-07-16T23:59:22.544+0000] {dag.py:3823} INFO - Setting next_dagrun for example_branch_labels to 2025-07-15 00:00:00+00:00, run_after=2025-07-16 00:00:00+00:00
[2025-07-16T23:59:22.571+0000] {processor.py:183} INFO - Processing /home/airflow/.local/lib/python3.8/site-packages/airflow/example_dags/example_branch_labels.py took 0.132 seconds
[2025-07-16T23:59:52.954+0000] {processor.py:161} INFO - Started process (PID=3368) to work on /home/airflow/.local/lib/python3.8/site-packages/airflow/example_dags/example_branch_labels.py
[2025-07-16T23:59:52.955+0000] {processor.py:830} INFO - Processing file /home/airflow/.local/lib/python3.8/site-packages/airflow/example_dags/example_branch_labels.py for tasks to queue
[2025-07-16T23:59:52.958+0000] {logging_mixin.py:188} INFO - [2025-07-16T23:59:52.957+0000] {dagbag.py:538} INFO - Filling up the DagBag from /home/airflow/.local/lib/python3.8/site-packages/airflow/example_dags/example_branch_labels.py
[2025-07-16T23:59:52.972+0000] {processor.py:840} INFO - DAG(s) 'example_branch_labels' retrieved from /home/airflow/.local/lib/python3.8/site-packages/airflow/example_dags/example_branch_labels.py
[2025-07-16T23:59:53.011+0000] {logging_mixin.py:188} INFO - [2025-07-16T23:59:53.010+0000] {dag.py:3036} INFO - Sync 1 DAGs
[2025-07-16T23:59:53.054+0000] {logging_mixin.py:188} INFO - [2025-07-16T23:59:53.053+0000] {dag.py:3823} INFO - Setting next_dagrun for example_branch_labels to 2025-07-15 00:00:00+00:00, run_after=2025-07-16 00:00:00+00:00
[2025-07-16T23:59:53.084+0000] {processor.py:183} INFO - Processing /home/airflow/.local/lib/python3.8/site-packages/airflow/example_dags/example_branch_labels.py took 0.135 seconds
