[2025-07-16T15:02:07.675+0000] {processor.py:161} INFO - Started process (PID=89) to work on /home/airflow/.local/lib/python3.8/site-packages/airflow/example_dags/example_branch_python_dop_operator_3.py
[2025-07-16T15:02:07.681+0000] {processor.py:830} INFO - Processing file /home/airflow/.local/lib/python3.8/site-packages/airflow/example_dags/example_branch_python_dop_operator_3.py for tasks to queue
[2025-07-16T15:02:07.684+0000] {logging_mixin.py:188} INFO - [2025-07-16T15:02:07.683+0000] {dagbag.py:538} INFO - Filling up the DagBag from /home/airflow/.local/lib/python3.8/site-packages/airflow/example_dags/example_branch_python_dop_operator_3.py
[2025-07-16T15:02:07.759+0000] {processor.py:840} INFO - DAG(s) 'example_branch_dop_operator_v3' retrieved from /home/airflow/.local/lib/python3.8/site-packages/airflow/example_dags/example_branch_python_dop_operator_3.py
[2025-07-16T15:02:07.880+0000] {logging_mixin.py:188} INFO - [2025-07-16T15:02:07.880+0000] {dag.py:3036} INFO - Sync 1 DAGs
[2025-07-16T15:02:08.104+0000] {logging_mixin.py:188} INFO - [2025-07-16T15:02:08.104+0000] {dag.py:3823} INFO - Setting next_dagrun for example_branch_dop_operator_v3 to 2025-07-16 15:01:00+00:00, run_after=2025-07-16 15:02:00+00:00
[2025-07-16T15:02:08.255+0000] {processor.py:183} INFO - Processing /home/airflow/.local/lib/python3.8/site-packages/airflow/example_dags/example_branch_python_dop_operator_3.py took 0.590 seconds
[2025-07-16T15:02:39.218+0000] {processor.py:161} INFO - Started process (PID=153) to work on /home/airflow/.local/lib/python3.8/site-packages/airflow/example_dags/example_branch_python_dop_operator_3.py
[2025-07-16T15:02:39.219+0000] {processor.py:830} INFO - Processing file /home/airflow/.local/lib/python3.8/site-packages/airflow/example_dags/example_branch_python_dop_operator_3.py for tasks to queue
[2025-07-16T15:02:39.222+0000] {logging_mixin.py:188} INFO - [2025-07-16T15:02:39.222+0000] {dagbag.py:538} INFO - Filling up the DagBag from /home/airflow/.local/lib/python3.8/site-packages/airflow/example_dags/example_branch_python_dop_operator_3.py
[2025-07-16T15:02:39.236+0000] {processor.py:840} INFO - DAG(s) 'example_branch_dop_operator_v3' retrieved from /home/airflow/.local/lib/python3.8/site-packages/airflow/example_dags/example_branch_python_dop_operator_3.py
[2025-07-16T15:02:39.265+0000] {logging_mixin.py:188} INFO - [2025-07-16T15:02:39.265+0000] {dag.py:3036} INFO - Sync 1 DAGs
[2025-07-16T15:02:39.304+0000] {logging_mixin.py:188} INFO - [2025-07-16T15:02:39.303+0000] {dag.py:3823} INFO - Setting next_dagrun for example_branch_dop_operator_v3 to 2025-07-16 15:01:00+00:00, run_after=2025-07-16 15:02:00+00:00
[2025-07-16T15:02:39.329+0000] {processor.py:183} INFO - Processing /home/airflow/.local/lib/python3.8/site-packages/airflow/example_dags/example_branch_python_dop_operator_3.py took 0.116 seconds
[2025-07-16T15:03:09.937+0000] {processor.py:161} INFO - Started process (PID=217) to work on /home/airflow/.local/lib/python3.8/site-packages/airflow/example_dags/example_branch_python_dop_operator_3.py
[2025-07-16T15:03:09.939+0000] {processor.py:830} INFO - Processing file /home/airflow/.local/lib/python3.8/site-packages/airflow/example_dags/example_branch_python_dop_operator_3.py for tasks to queue
[2025-07-16T15:03:09.941+0000] {logging_mixin.py:188} INFO - [2025-07-16T15:03:09.941+0000] {dagbag.py:538} INFO - Filling up the DagBag from /home/airflow/.local/lib/python3.8/site-packages/airflow/example_dags/example_branch_python_dop_operator_3.py
[2025-07-16T15:03:09.953+0000] {processor.py:840} INFO - DAG(s) 'example_branch_dop_operator_v3' retrieved from /home/airflow/.local/lib/python3.8/site-packages/airflow/example_dags/example_branch_python_dop_operator_3.py
[2025-07-16T15:03:09.983+0000] {logging_mixin.py:188} INFO - [2025-07-16T15:03:09.982+0000] {dag.py:3036} INFO - Sync 1 DAGs
[2025-07-16T15:03:10.020+0000] {logging_mixin.py:188} INFO - [2025-07-16T15:03:10.020+0000] {dag.py:3823} INFO - Setting next_dagrun for example_branch_dop_operator_v3 to 2025-07-16 15:02:00+00:00, run_after=2025-07-16 15:03:00+00:00
[2025-07-16T15:03:10.050+0000] {processor.py:183} INFO - Processing /home/airflow/.local/lib/python3.8/site-packages/airflow/example_dags/example_branch_python_dop_operator_3.py took 0.117 seconds
[2025-07-16T15:03:40.457+0000] {processor.py:161} INFO - Started process (PID=281) to work on /home/airflow/.local/lib/python3.8/site-packages/airflow/example_dags/example_branch_python_dop_operator_3.py
[2025-07-16T15:03:40.458+0000] {processor.py:830} INFO - Processing file /home/airflow/.local/lib/python3.8/site-packages/airflow/example_dags/example_branch_python_dop_operator_3.py for tasks to queue
[2025-07-16T15:03:40.461+0000] {logging_mixin.py:188} INFO - [2025-07-16T15:03:40.460+0000] {dagbag.py:538} INFO - Filling up the DagBag from /home/airflow/.local/lib/python3.8/site-packages/airflow/example_dags/example_branch_python_dop_operator_3.py
[2025-07-16T15:03:40.474+0000] {processor.py:840} INFO - DAG(s) 'example_branch_dop_operator_v3' retrieved from /home/airflow/.local/lib/python3.8/site-packages/airflow/example_dags/example_branch_python_dop_operator_3.py
[2025-07-16T15:03:40.503+0000] {logging_mixin.py:188} INFO - [2025-07-16T15:03:40.503+0000] {dag.py:3036} INFO - Sync 1 DAGs
[2025-07-16T15:03:40.542+0000] {logging_mixin.py:188} INFO - [2025-07-16T15:03:40.541+0000] {dag.py:3823} INFO - Setting next_dagrun for example_branch_dop_operator_v3 to 2025-07-16 15:02:00+00:00, run_after=2025-07-16 15:03:00+00:00
[2025-07-16T15:03:40.582+0000] {processor.py:183} INFO - Processing /home/airflow/.local/lib/python3.8/site-packages/airflow/example_dags/example_branch_python_dop_operator_3.py took 0.130 seconds
[2025-07-16T23:34:07.076+0000] {processor.py:161} INFO - Started process (PID=81) to work on /home/airflow/.local/lib/python3.8/site-packages/airflow/example_dags/example_branch_python_dop_operator_3.py
[2025-07-16T23:34:07.080+0000] {processor.py:830} INFO - Processing file /home/airflow/.local/lib/python3.8/site-packages/airflow/example_dags/example_branch_python_dop_operator_3.py for tasks to queue
[2025-07-16T23:34:07.087+0000] {logging_mixin.py:188} INFO - [2025-07-16T23:34:07.086+0000] {dagbag.py:538} INFO - Filling up the DagBag from /home/airflow/.local/lib/python3.8/site-packages/airflow/example_dags/example_branch_python_dop_operator_3.py
[2025-07-16T23:34:07.116+0000] {processor.py:840} INFO - DAG(s) 'example_branch_dop_operator_v3' retrieved from /home/airflow/.local/lib/python3.8/site-packages/airflow/example_dags/example_branch_python_dop_operator_3.py
[2025-07-16T23:34:07.165+0000] {logging_mixin.py:188} INFO - [2025-07-16T23:34:07.164+0000] {dag.py:3036} INFO - Sync 1 DAGs
[2025-07-16T23:34:07.258+0000] {logging_mixin.py:188} INFO - [2025-07-16T23:34:07.258+0000] {dag.py:3823} INFO - Setting next_dagrun for example_branch_dop_operator_v3 to 2025-07-16 23:33:00+00:00, run_after=2025-07-16 23:34:00+00:00
[2025-07-16T23:34:07.311+0000] {processor.py:183} INFO - Processing /home/airflow/.local/lib/python3.8/site-packages/airflow/example_dags/example_branch_python_dop_operator_3.py took 0.241 seconds
[2025-07-16T23:34:37.851+0000] {processor.py:161} INFO - Started process (PID=145) to work on /home/airflow/.local/lib/python3.8/site-packages/airflow/example_dags/example_branch_python_dop_operator_3.py
[2025-07-16T23:34:37.857+0000] {processor.py:830} INFO - Processing file /home/airflow/.local/lib/python3.8/site-packages/airflow/example_dags/example_branch_python_dop_operator_3.py for tasks to queue
[2025-07-16T23:34:37.863+0000] {logging_mixin.py:188} INFO - [2025-07-16T23:34:37.863+0000] {dagbag.py:538} INFO - Filling up the DagBag from /home/airflow/.local/lib/python3.8/site-packages/airflow/example_dags/example_branch_python_dop_operator_3.py
[2025-07-16T23:34:37.882+0000] {processor.py:840} INFO - DAG(s) 'example_branch_dop_operator_v3' retrieved from /home/airflow/.local/lib/python3.8/site-packages/airflow/example_dags/example_branch_python_dop_operator_3.py
[2025-07-16T23:34:37.932+0000] {logging_mixin.py:188} INFO - [2025-07-16T23:34:37.931+0000] {dag.py:3036} INFO - Sync 1 DAGs
[2025-07-16T23:34:37.986+0000] {logging_mixin.py:188} INFO - [2025-07-16T23:34:37.986+0000] {dag.py:3823} INFO - Setting next_dagrun for example_branch_dop_operator_v3 to 2025-07-16 23:33:00+00:00, run_after=2025-07-16 23:34:00+00:00
[2025-07-16T23:34:38.022+0000] {processor.py:183} INFO - Processing /home/airflow/.local/lib/python3.8/site-packages/airflow/example_dags/example_branch_python_dop_operator_3.py took 0.178 seconds
[2025-07-16T23:35:08.803+0000] {processor.py:161} INFO - Started process (PID=211) to work on /home/airflow/.local/lib/python3.8/site-packages/airflow/example_dags/example_branch_python_dop_operator_3.py
[2025-07-16T23:35:08.806+0000] {processor.py:830} INFO - Processing file /home/airflow/.local/lib/python3.8/site-packages/airflow/example_dags/example_branch_python_dop_operator_3.py for tasks to queue
[2025-07-16T23:35:08.810+0000] {logging_mixin.py:188} INFO - [2025-07-16T23:35:08.809+0000] {dagbag.py:538} INFO - Filling up the DagBag from /home/airflow/.local/lib/python3.8/site-packages/airflow/example_dags/example_branch_python_dop_operator_3.py
[2025-07-16T23:35:08.834+0000] {processor.py:840} INFO - DAG(s) 'example_branch_dop_operator_v3' retrieved from /home/airflow/.local/lib/python3.8/site-packages/airflow/example_dags/example_branch_python_dop_operator_3.py
[2025-07-16T23:35:08.897+0000] {logging_mixin.py:188} INFO - [2025-07-16T23:35:08.896+0000] {dag.py:3036} INFO - Sync 1 DAGs
[2025-07-16T23:35:08.941+0000] {logging_mixin.py:188} INFO - [2025-07-16T23:35:08.941+0000] {dag.py:3823} INFO - Setting next_dagrun for example_branch_dop_operator_v3 to 2025-07-16 23:34:00+00:00, run_after=2025-07-16 23:35:00+00:00
[2025-07-16T23:35:08.975+0000] {processor.py:183} INFO - Processing /home/airflow/.local/lib/python3.8/site-packages/airflow/example_dags/example_branch_python_dop_operator_3.py took 0.178 seconds
[2025-07-16T23:35:39.424+0000] {processor.py:161} INFO - Started process (PID=277) to work on /home/airflow/.local/lib/python3.8/site-packages/airflow/example_dags/example_branch_python_dop_operator_3.py
[2025-07-16T23:35:39.427+0000] {processor.py:830} INFO - Processing file /home/airflow/.local/lib/python3.8/site-packages/airflow/example_dags/example_branch_python_dop_operator_3.py for tasks to queue
[2025-07-16T23:35:39.431+0000] {logging_mixin.py:188} INFO - [2025-07-16T23:35:39.430+0000] {dagbag.py:538} INFO - Filling up the DagBag from /home/airflow/.local/lib/python3.8/site-packages/airflow/example_dags/example_branch_python_dop_operator_3.py
[2025-07-16T23:35:39.446+0000] {processor.py:840} INFO - DAG(s) 'example_branch_dop_operator_v3' retrieved from /home/airflow/.local/lib/python3.8/site-packages/airflow/example_dags/example_branch_python_dop_operator_3.py
[2025-07-16T23:35:39.487+0000] {logging_mixin.py:188} INFO - [2025-07-16T23:35:39.486+0000] {dag.py:3036} INFO - Sync 1 DAGs
[2025-07-16T23:35:39.535+0000] {logging_mixin.py:188} INFO - [2025-07-16T23:35:39.534+0000] {dag.py:3823} INFO - Setting next_dagrun for example_branch_dop_operator_v3 to 2025-07-16 23:34:00+00:00, run_after=2025-07-16 23:35:00+00:00
[2025-07-16T23:35:39.575+0000] {processor.py:183} INFO - Processing /home/airflow/.local/lib/python3.8/site-packages/airflow/example_dags/example_branch_python_dop_operator_3.py took 0.156 seconds
[2025-07-16T23:36:10.509+0000] {processor.py:161} INFO - Started process (PID=342) to work on /home/airflow/.local/lib/python3.8/site-packages/airflow/example_dags/example_branch_python_dop_operator_3.py
[2025-07-16T23:36:10.510+0000] {processor.py:830} INFO - Processing file /home/airflow/.local/lib/python3.8/site-packages/airflow/example_dags/example_branch_python_dop_operator_3.py for tasks to queue
[2025-07-16T23:36:10.513+0000] {logging_mixin.py:188} INFO - [2025-07-16T23:36:10.513+0000] {dagbag.py:538} INFO - Filling up the DagBag from /home/airflow/.local/lib/python3.8/site-packages/airflow/example_dags/example_branch_python_dop_operator_3.py
[2025-07-16T23:36:10.532+0000] {processor.py:840} INFO - DAG(s) 'example_branch_dop_operator_v3' retrieved from /home/airflow/.local/lib/python3.8/site-packages/airflow/example_dags/example_branch_python_dop_operator_3.py
[2025-07-16T23:36:10.570+0000] {logging_mixin.py:188} INFO - [2025-07-16T23:36:10.569+0000] {dag.py:3036} INFO - Sync 1 DAGs
[2025-07-16T23:36:10.608+0000] {logging_mixin.py:188} INFO - [2025-07-16T23:36:10.608+0000] {dag.py:3823} INFO - Setting next_dagrun for example_branch_dop_operator_v3 to 2025-07-16 23:35:00+00:00, run_after=2025-07-16 23:36:00+00:00
[2025-07-16T23:36:10.647+0000] {processor.py:183} INFO - Processing /home/airflow/.local/lib/python3.8/site-packages/airflow/example_dags/example_branch_python_dop_operator_3.py took 0.145 seconds
[2025-07-16T23:36:41.219+0000] {processor.py:161} INFO - Started process (PID=403) to work on /home/airflow/.local/lib/python3.8/site-packages/airflow/example_dags/example_branch_python_dop_operator_3.py
[2025-07-16T23:36:41.223+0000] {processor.py:830} INFO - Processing file /home/airflow/.local/lib/python3.8/site-packages/airflow/example_dags/example_branch_python_dop_operator_3.py for tasks to queue
[2025-07-16T23:36:41.233+0000] {logging_mixin.py:188} INFO - [2025-07-16T23:36:41.233+0000] {dagbag.py:538} INFO - Filling up the DagBag from /home/airflow/.local/lib/python3.8/site-packages/airflow/example_dags/example_branch_python_dop_operator_3.py
[2025-07-16T23:36:41.270+0000] {processor.py:840} INFO - DAG(s) 'example_branch_dop_operator_v3' retrieved from /home/airflow/.local/lib/python3.8/site-packages/airflow/example_dags/example_branch_python_dop_operator_3.py
[2025-07-16T23:36:41.356+0000] {logging_mixin.py:188} INFO - [2025-07-16T23:36:41.355+0000] {dag.py:3036} INFO - Sync 1 DAGs
[2025-07-16T23:36:41.452+0000] {logging_mixin.py:188} INFO - [2025-07-16T23:36:41.452+0000] {dag.py:3823} INFO - Setting next_dagrun for example_branch_dop_operator_v3 to 2025-07-16 23:35:00+00:00, run_after=2025-07-16 23:36:00+00:00
[2025-07-16T23:36:41.489+0000] {processor.py:183} INFO - Processing /home/airflow/.local/lib/python3.8/site-packages/airflow/example_dags/example_branch_python_dop_operator_3.py took 0.284 seconds
[2025-07-16T23:37:12.249+0000] {processor.py:161} INFO - Started process (PID=468) to work on /home/airflow/.local/lib/python3.8/site-packages/airflow/example_dags/example_branch_python_dop_operator_3.py
[2025-07-16T23:37:12.252+0000] {processor.py:830} INFO - Processing file /home/airflow/.local/lib/python3.8/site-packages/airflow/example_dags/example_branch_python_dop_operator_3.py for tasks to queue
[2025-07-16T23:37:12.257+0000] {logging_mixin.py:188} INFO - [2025-07-16T23:37:12.256+0000] {dagbag.py:538} INFO - Filling up the DagBag from /home/airflow/.local/lib/python3.8/site-packages/airflow/example_dags/example_branch_python_dop_operator_3.py
[2025-07-16T23:37:12.277+0000] {processor.py:840} INFO - DAG(s) 'example_branch_dop_operator_v3' retrieved from /home/airflow/.local/lib/python3.8/site-packages/airflow/example_dags/example_branch_python_dop_operator_3.py
[2025-07-16T23:37:12.319+0000] {logging_mixin.py:188} INFO - [2025-07-16T23:37:12.319+0000] {dag.py:3036} INFO - Sync 1 DAGs
[2025-07-16T23:37:12.374+0000] {logging_mixin.py:188} INFO - [2025-07-16T23:37:12.373+0000] {dag.py:3823} INFO - Setting next_dagrun for example_branch_dop_operator_v3 to 2025-07-16 23:36:00+00:00, run_after=2025-07-16 23:37:00+00:00
[2025-07-16T23:37:12.410+0000] {processor.py:183} INFO - Processing /home/airflow/.local/lib/python3.8/site-packages/airflow/example_dags/example_branch_python_dop_operator_3.py took 0.167 seconds
[2025-07-16T23:37:43.021+0000] {processor.py:161} INFO - Started process (PID=534) to work on /home/airflow/.local/lib/python3.8/site-packages/airflow/example_dags/example_branch_python_dop_operator_3.py
[2025-07-16T23:37:43.023+0000] {processor.py:830} INFO - Processing file /home/airflow/.local/lib/python3.8/site-packages/airflow/example_dags/example_branch_python_dop_operator_3.py for tasks to queue
[2025-07-16T23:37:43.026+0000] {logging_mixin.py:188} INFO - [2025-07-16T23:37:43.025+0000] {dagbag.py:538} INFO - Filling up the DagBag from /home/airflow/.local/lib/python3.8/site-packages/airflow/example_dags/example_branch_python_dop_operator_3.py
[2025-07-16T23:37:43.040+0000] {processor.py:840} INFO - DAG(s) 'example_branch_dop_operator_v3' retrieved from /home/airflow/.local/lib/python3.8/site-packages/airflow/example_dags/example_branch_python_dop_operator_3.py
[2025-07-16T23:37:43.070+0000] {logging_mixin.py:188} INFO - [2025-07-16T23:37:43.070+0000] {dag.py:3036} INFO - Sync 1 DAGs
[2025-07-16T23:37:43.117+0000] {logging_mixin.py:188} INFO - [2025-07-16T23:37:43.117+0000] {dag.py:3823} INFO - Setting next_dagrun for example_branch_dop_operator_v3 to 2025-07-16 23:36:00+00:00, run_after=2025-07-16 23:37:00+00:00
[2025-07-16T23:37:43.156+0000] {processor.py:183} INFO - Processing /home/airflow/.local/lib/python3.8/site-packages/airflow/example_dags/example_branch_python_dop_operator_3.py took 0.139 seconds
[2025-07-16T23:38:13.522+0000] {processor.py:161} INFO - Started process (PID=600) to work on /home/airflow/.local/lib/python3.8/site-packages/airflow/example_dags/example_branch_python_dop_operator_3.py
[2025-07-16T23:38:13.523+0000] {processor.py:830} INFO - Processing file /home/airflow/.local/lib/python3.8/site-packages/airflow/example_dags/example_branch_python_dop_operator_3.py for tasks to queue
[2025-07-16T23:38:13.526+0000] {logging_mixin.py:188} INFO - [2025-07-16T23:38:13.525+0000] {dagbag.py:538} INFO - Filling up the DagBag from /home/airflow/.local/lib/python3.8/site-packages/airflow/example_dags/example_branch_python_dop_operator_3.py
[2025-07-16T23:38:13.543+0000] {processor.py:840} INFO - DAG(s) 'example_branch_dop_operator_v3' retrieved from /home/airflow/.local/lib/python3.8/site-packages/airflow/example_dags/example_branch_python_dop_operator_3.py
[2025-07-16T23:38:13.579+0000] {logging_mixin.py:188} INFO - [2025-07-16T23:38:13.578+0000] {dag.py:3036} INFO - Sync 1 DAGs
[2025-07-16T23:38:13.628+0000] {logging_mixin.py:188} INFO - [2025-07-16T23:38:13.628+0000] {dag.py:3823} INFO - Setting next_dagrun for example_branch_dop_operator_v3 to 2025-07-16 23:37:00+00:00, run_after=2025-07-16 23:38:00+00:00
[2025-07-16T23:38:13.661+0000] {processor.py:183} INFO - Processing /home/airflow/.local/lib/python3.8/site-packages/airflow/example_dags/example_branch_python_dop_operator_3.py took 0.145 seconds
[2025-07-16T23:38:43.970+0000] {processor.py:161} INFO - Started process (PID=672) to work on /home/airflow/.local/lib/python3.8/site-packages/airflow/example_dags/example_branch_python_dop_operator_3.py
[2025-07-16T23:38:43.972+0000] {processor.py:830} INFO - Processing file /home/airflow/.local/lib/python3.8/site-packages/airflow/example_dags/example_branch_python_dop_operator_3.py for tasks to queue
[2025-07-16T23:38:43.974+0000] {logging_mixin.py:188} INFO - [2025-07-16T23:38:43.974+0000] {dagbag.py:538} INFO - Filling up the DagBag from /home/airflow/.local/lib/python3.8/site-packages/airflow/example_dags/example_branch_python_dop_operator_3.py
[2025-07-16T23:38:43.987+0000] {processor.py:840} INFO - DAG(s) 'example_branch_dop_operator_v3' retrieved from /home/airflow/.local/lib/python3.8/site-packages/airflow/example_dags/example_branch_python_dop_operator_3.py
[2025-07-16T23:38:44.013+0000] {logging_mixin.py:188} INFO - [2025-07-16T23:38:44.013+0000] {dag.py:3036} INFO - Sync 1 DAGs
[2025-07-16T23:38:44.048+0000] {logging_mixin.py:188} INFO - [2025-07-16T23:38:44.047+0000] {dag.py:3823} INFO - Setting next_dagrun for example_branch_dop_operator_v3 to 2025-07-16 23:37:00+00:00, run_after=2025-07-16 23:38:00+00:00
[2025-07-16T23:38:44.073+0000] {processor.py:183} INFO - Processing /home/airflow/.local/lib/python3.8/site-packages/airflow/example_dags/example_branch_python_dop_operator_3.py took 0.107 seconds
[2025-07-16T23:39:14.547+0000] {processor.py:161} INFO - Started process (PID=736) to work on /home/airflow/.local/lib/python3.8/site-packages/airflow/example_dags/example_branch_python_dop_operator_3.py
[2025-07-16T23:39:14.549+0000] {processor.py:830} INFO - Processing file /home/airflow/.local/lib/python3.8/site-packages/airflow/example_dags/example_branch_python_dop_operator_3.py for tasks to queue
[2025-07-16T23:39:14.553+0000] {logging_mixin.py:188} INFO - [2025-07-16T23:39:14.552+0000] {dagbag.py:538} INFO - Filling up the DagBag from /home/airflow/.local/lib/python3.8/site-packages/airflow/example_dags/example_branch_python_dop_operator_3.py
[2025-07-16T23:39:14.568+0000] {processor.py:840} INFO - DAG(s) 'example_branch_dop_operator_v3' retrieved from /home/airflow/.local/lib/python3.8/site-packages/airflow/example_dags/example_branch_python_dop_operator_3.py
[2025-07-16T23:39:14.606+0000] {logging_mixin.py:188} INFO - [2025-07-16T23:39:14.605+0000] {dag.py:3036} INFO - Sync 1 DAGs
[2025-07-16T23:39:14.656+0000] {logging_mixin.py:188} INFO - [2025-07-16T23:39:14.655+0000] {dag.py:3823} INFO - Setting next_dagrun for example_branch_dop_operator_v3 to 2025-07-16 23:38:00+00:00, run_after=2025-07-16 23:39:00+00:00
[2025-07-16T23:39:14.688+0000] {processor.py:183} INFO - Processing /home/airflow/.local/lib/python3.8/site-packages/airflow/example_dags/example_branch_python_dop_operator_3.py took 0.147 seconds
[2025-07-16T23:39:44.728+0000] {processor.py:161} INFO - Started process (PID=801) to work on /home/airflow/.local/lib/python3.8/site-packages/airflow/example_dags/example_branch_python_dop_operator_3.py
[2025-07-16T23:39:44.730+0000] {processor.py:830} INFO - Processing file /home/airflow/.local/lib/python3.8/site-packages/airflow/example_dags/example_branch_python_dop_operator_3.py for tasks to queue
[2025-07-16T23:39:44.732+0000] {logging_mixin.py:188} INFO - [2025-07-16T23:39:44.732+0000] {dagbag.py:538} INFO - Filling up the DagBag from /home/airflow/.local/lib/python3.8/site-packages/airflow/example_dags/example_branch_python_dop_operator_3.py
[2025-07-16T23:39:44.745+0000] {processor.py:840} INFO - DAG(s) 'example_branch_dop_operator_v3' retrieved from /home/airflow/.local/lib/python3.8/site-packages/airflow/example_dags/example_branch_python_dop_operator_3.py
[2025-07-16T23:39:44.775+0000] {logging_mixin.py:188} INFO - [2025-07-16T23:39:44.775+0000] {dag.py:3036} INFO - Sync 1 DAGs
[2025-07-16T23:39:44.816+0000] {logging_mixin.py:188} INFO - [2025-07-16T23:39:44.816+0000] {dag.py:3823} INFO - Setting next_dagrun for example_branch_dop_operator_v3 to 2025-07-16 23:38:00+00:00, run_after=2025-07-16 23:39:00+00:00
[2025-07-16T23:39:44.844+0000] {processor.py:183} INFO - Processing /home/airflow/.local/lib/python3.8/site-packages/airflow/example_dags/example_branch_python_dop_operator_3.py took 0.120 seconds
[2025-07-16T23:40:15.193+0000] {processor.py:161} INFO - Started process (PID=866) to work on /home/airflow/.local/lib/python3.8/site-packages/airflow/example_dags/example_branch_python_dop_operator_3.py
[2025-07-16T23:40:15.195+0000] {processor.py:830} INFO - Processing file /home/airflow/.local/lib/python3.8/site-packages/airflow/example_dags/example_branch_python_dop_operator_3.py for tasks to queue
[2025-07-16T23:40:15.200+0000] {logging_mixin.py:188} INFO - [2025-07-16T23:40:15.199+0000] {dagbag.py:538} INFO - Filling up the DagBag from /home/airflow/.local/lib/python3.8/site-packages/airflow/example_dags/example_branch_python_dop_operator_3.py
[2025-07-16T23:40:15.220+0000] {processor.py:840} INFO - DAG(s) 'example_branch_dop_operator_v3' retrieved from /home/airflow/.local/lib/python3.8/site-packages/airflow/example_dags/example_branch_python_dop_operator_3.py
[2025-07-16T23:40:15.257+0000] {logging_mixin.py:188} INFO - [2025-07-16T23:40:15.257+0000] {dag.py:3036} INFO - Sync 1 DAGs
[2025-07-16T23:40:15.302+0000] {logging_mixin.py:188} INFO - [2025-07-16T23:40:15.301+0000] {dag.py:3823} INFO - Setting next_dagrun for example_branch_dop_operator_v3 to 2025-07-16 23:39:00+00:00, run_after=2025-07-16 23:40:00+00:00
[2025-07-16T23:40:15.336+0000] {processor.py:183} INFO - Processing /home/airflow/.local/lib/python3.8/site-packages/airflow/example_dags/example_branch_python_dop_operator_3.py took 0.156 seconds
[2025-07-16T23:40:45.972+0000] {processor.py:161} INFO - Started process (PID=926) to work on /home/airflow/.local/lib/python3.8/site-packages/airflow/example_dags/example_branch_python_dop_operator_3.py
[2025-07-16T23:40:45.975+0000] {processor.py:830} INFO - Processing file /home/airflow/.local/lib/python3.8/site-packages/airflow/example_dags/example_branch_python_dop_operator_3.py for tasks to queue
[2025-07-16T23:40:45.983+0000] {logging_mixin.py:188} INFO - [2025-07-16T23:40:45.982+0000] {dagbag.py:538} INFO - Filling up the DagBag from /home/airflow/.local/lib/python3.8/site-packages/airflow/example_dags/example_branch_python_dop_operator_3.py
[2025-07-16T23:40:46.005+0000] {processor.py:840} INFO - DAG(s) 'example_branch_dop_operator_v3' retrieved from /home/airflow/.local/lib/python3.8/site-packages/airflow/example_dags/example_branch_python_dop_operator_3.py
[2025-07-16T23:40:46.063+0000] {logging_mixin.py:188} INFO - [2025-07-16T23:40:46.061+0000] {dag.py:3036} INFO - Sync 1 DAGs
[2025-07-16T23:40:46.134+0000] {logging_mixin.py:188} INFO - [2025-07-16T23:40:46.133+0000] {dag.py:3823} INFO - Setting next_dagrun for example_branch_dop_operator_v3 to 2025-07-16 23:39:00+00:00, run_after=2025-07-16 23:40:00+00:00
[2025-07-16T23:40:46.172+0000] {processor.py:183} INFO - Processing /home/airflow/.local/lib/python3.8/site-packages/airflow/example_dags/example_branch_python_dop_operator_3.py took 0.207 seconds
[2025-07-16T23:41:16.793+0000] {processor.py:161} INFO - Started process (PID=992) to work on /home/airflow/.local/lib/python3.8/site-packages/airflow/example_dags/example_branch_python_dop_operator_3.py
[2025-07-16T23:41:16.800+0000] {processor.py:830} INFO - Processing file /home/airflow/.local/lib/python3.8/site-packages/airflow/example_dags/example_branch_python_dop_operator_3.py for tasks to queue
[2025-07-16T23:41:16.821+0000] {logging_mixin.py:188} INFO - [2025-07-16T23:41:16.820+0000] {dagbag.py:538} INFO - Filling up the DagBag from /home/airflow/.local/lib/python3.8/site-packages/airflow/example_dags/example_branch_python_dop_operator_3.py
[2025-07-16T23:41:16.874+0000] {processor.py:840} INFO - DAG(s) 'example_branch_dop_operator_v3' retrieved from /home/airflow/.local/lib/python3.8/site-packages/airflow/example_dags/example_branch_python_dop_operator_3.py
[2025-07-16T23:41:16.912+0000] {logging_mixin.py:188} INFO - [2025-07-16T23:41:16.911+0000] {dag.py:3036} INFO - Sync 1 DAGs
[2025-07-16T23:41:16.969+0000] {logging_mixin.py:188} INFO - [2025-07-16T23:41:16.969+0000] {dag.py:3823} INFO - Setting next_dagrun for example_branch_dop_operator_v3 to 2025-07-16 23:40:00+00:00, run_after=2025-07-16 23:41:00+00:00
[2025-07-16T23:41:17.017+0000] {processor.py:183} INFO - Processing /home/airflow/.local/lib/python3.8/site-packages/airflow/example_dags/example_branch_python_dop_operator_3.py took 0.231 seconds
[2025-07-16T23:41:47.693+0000] {processor.py:161} INFO - Started process (PID=1058) to work on /home/airflow/.local/lib/python3.8/site-packages/airflow/example_dags/example_branch_python_dop_operator_3.py
[2025-07-16T23:41:47.695+0000] {processor.py:830} INFO - Processing file /home/airflow/.local/lib/python3.8/site-packages/airflow/example_dags/example_branch_python_dop_operator_3.py for tasks to queue
[2025-07-16T23:41:47.700+0000] {logging_mixin.py:188} INFO - [2025-07-16T23:41:47.699+0000] {dagbag.py:538} INFO - Filling up the DagBag from /home/airflow/.local/lib/python3.8/site-packages/airflow/example_dags/example_branch_python_dop_operator_3.py
[2025-07-16T23:41:47.721+0000] {processor.py:840} INFO - DAG(s) 'example_branch_dop_operator_v3' retrieved from /home/airflow/.local/lib/python3.8/site-packages/airflow/example_dags/example_branch_python_dop_operator_3.py
[2025-07-16T23:41:47.755+0000] {logging_mixin.py:188} INFO - [2025-07-16T23:41:47.754+0000] {dag.py:3036} INFO - Sync 1 DAGs
[2025-07-16T23:41:47.804+0000] {logging_mixin.py:188} INFO - [2025-07-16T23:41:47.804+0000] {dag.py:3823} INFO - Setting next_dagrun for example_branch_dop_operator_v3 to 2025-07-16 23:40:00+00:00, run_after=2025-07-16 23:41:00+00:00
[2025-07-16T23:41:47.841+0000] {processor.py:183} INFO - Processing /home/airflow/.local/lib/python3.8/site-packages/airflow/example_dags/example_branch_python_dop_operator_3.py took 0.155 seconds
[2025-07-16T23:42:18.154+0000] {processor.py:161} INFO - Started process (PID=1124) to work on /home/airflow/.local/lib/python3.8/site-packages/airflow/example_dags/example_branch_python_dop_operator_3.py
[2025-07-16T23:42:18.159+0000] {processor.py:830} INFO - Processing file /home/airflow/.local/lib/python3.8/site-packages/airflow/example_dags/example_branch_python_dop_operator_3.py for tasks to queue
[2025-07-16T23:42:18.166+0000] {logging_mixin.py:188} INFO - [2025-07-16T23:42:18.165+0000] {dagbag.py:538} INFO - Filling up the DagBag from /home/airflow/.local/lib/python3.8/site-packages/airflow/example_dags/example_branch_python_dop_operator_3.py
[2025-07-16T23:42:18.193+0000] {processor.py:840} INFO - DAG(s) 'example_branch_dop_operator_v3' retrieved from /home/airflow/.local/lib/python3.8/site-packages/airflow/example_dags/example_branch_python_dop_operator_3.py
[2025-07-16T23:42:18.281+0000] {logging_mixin.py:188} INFO - [2025-07-16T23:42:18.280+0000] {dag.py:3036} INFO - Sync 1 DAGs
[2025-07-16T23:42:18.600+0000] {logging_mixin.py:188} INFO - [2025-07-16T23:42:18.599+0000] {dag.py:3823} INFO - Setting next_dagrun for example_branch_dop_operator_v3 to 2025-07-16 23:41:00+00:00, run_after=2025-07-16 23:42:00+00:00
[2025-07-16T23:42:18.638+0000] {processor.py:183} INFO - Processing /home/airflow/.local/lib/python3.8/site-packages/airflow/example_dags/example_branch_python_dop_operator_3.py took 0.491 seconds
[2025-07-16T23:42:49.171+0000] {processor.py:161} INFO - Started process (PID=1190) to work on /home/airflow/.local/lib/python3.8/site-packages/airflow/example_dags/example_branch_python_dop_operator_3.py
[2025-07-16T23:42:49.176+0000] {processor.py:830} INFO - Processing file /home/airflow/.local/lib/python3.8/site-packages/airflow/example_dags/example_branch_python_dop_operator_3.py for tasks to queue
[2025-07-16T23:42:49.181+0000] {logging_mixin.py:188} INFO - [2025-07-16T23:42:49.181+0000] {dagbag.py:538} INFO - Filling up the DagBag from /home/airflow/.local/lib/python3.8/site-packages/airflow/example_dags/example_branch_python_dop_operator_3.py
[2025-07-16T23:42:49.201+0000] {processor.py:840} INFO - DAG(s) 'example_branch_dop_operator_v3' retrieved from /home/airflow/.local/lib/python3.8/site-packages/airflow/example_dags/example_branch_python_dop_operator_3.py
[2025-07-16T23:42:49.236+0000] {logging_mixin.py:188} INFO - [2025-07-16T23:42:49.236+0000] {dag.py:3036} INFO - Sync 1 DAGs
[2025-07-16T23:42:49.275+0000] {logging_mixin.py:188} INFO - [2025-07-16T23:42:49.275+0000] {dag.py:3823} INFO - Setting next_dagrun for example_branch_dop_operator_v3 to 2025-07-16 23:41:00+00:00, run_after=2025-07-16 23:42:00+00:00
[2025-07-16T23:42:49.310+0000] {processor.py:183} INFO - Processing /home/airflow/.local/lib/python3.8/site-packages/airflow/example_dags/example_branch_python_dop_operator_3.py took 0.144 seconds
[2025-07-16T23:43:19.431+0000] {processor.py:161} INFO - Started process (PID=1256) to work on /home/airflow/.local/lib/python3.8/site-packages/airflow/example_dags/example_branch_python_dop_operator_3.py
[2025-07-16T23:43:19.433+0000] {processor.py:830} INFO - Processing file /home/airflow/.local/lib/python3.8/site-packages/airflow/example_dags/example_branch_python_dop_operator_3.py for tasks to queue
[2025-07-16T23:43:19.436+0000] {logging_mixin.py:188} INFO - [2025-07-16T23:43:19.435+0000] {dagbag.py:538} INFO - Filling up the DagBag from /home/airflow/.local/lib/python3.8/site-packages/airflow/example_dags/example_branch_python_dop_operator_3.py
[2025-07-16T23:43:19.449+0000] {processor.py:840} INFO - DAG(s) 'example_branch_dop_operator_v3' retrieved from /home/airflow/.local/lib/python3.8/site-packages/airflow/example_dags/example_branch_python_dop_operator_3.py
[2025-07-16T23:43:19.474+0000] {logging_mixin.py:188} INFO - [2025-07-16T23:43:19.474+0000] {dag.py:3036} INFO - Sync 1 DAGs
[2025-07-16T23:43:19.514+0000] {logging_mixin.py:188} INFO - [2025-07-16T23:43:19.514+0000] {dag.py:3823} INFO - Setting next_dagrun for example_branch_dop_operator_v3 to 2025-07-16 23:42:00+00:00, run_after=2025-07-16 23:43:00+00:00
[2025-07-16T23:43:19.544+0000] {processor.py:183} INFO - Processing /home/airflow/.local/lib/python3.8/site-packages/airflow/example_dags/example_branch_python_dop_operator_3.py took 0.119 seconds
[2025-07-16T23:43:50.456+0000] {processor.py:161} INFO - Started process (PID=1318) to work on /home/airflow/.local/lib/python3.8/site-packages/airflow/example_dags/example_branch_python_dop_operator_3.py
[2025-07-16T23:43:50.458+0000] {processor.py:830} INFO - Processing file /home/airflow/.local/lib/python3.8/site-packages/airflow/example_dags/example_branch_python_dop_operator_3.py for tasks to queue
[2025-07-16T23:43:50.461+0000] {logging_mixin.py:188} INFO - [2025-07-16T23:43:50.460+0000] {dagbag.py:538} INFO - Filling up the DagBag from /home/airflow/.local/lib/python3.8/site-packages/airflow/example_dags/example_branch_python_dop_operator_3.py
[2025-07-16T23:43:50.474+0000] {processor.py:840} INFO - DAG(s) 'example_branch_dop_operator_v3' retrieved from /home/airflow/.local/lib/python3.8/site-packages/airflow/example_dags/example_branch_python_dop_operator_3.py
[2025-07-16T23:43:50.504+0000] {logging_mixin.py:188} INFO - [2025-07-16T23:43:50.504+0000] {dag.py:3036} INFO - Sync 1 DAGs
[2025-07-16T23:43:50.553+0000] {logging_mixin.py:188} INFO - [2025-07-16T23:43:50.552+0000] {dag.py:3823} INFO - Setting next_dagrun for example_branch_dop_operator_v3 to 2025-07-16 23:42:00+00:00, run_after=2025-07-16 23:43:00+00:00
[2025-07-16T23:43:50.585+0000] {processor.py:183} INFO - Processing /home/airflow/.local/lib/python3.8/site-packages/airflow/example_dags/example_branch_python_dop_operator_3.py took 0.133 seconds
[2025-07-16T23:44:20.751+0000] {processor.py:161} INFO - Started process (PID=1382) to work on /home/airflow/.local/lib/python3.8/site-packages/airflow/example_dags/example_branch_python_dop_operator_3.py
[2025-07-16T23:44:20.752+0000] {processor.py:830} INFO - Processing file /home/airflow/.local/lib/python3.8/site-packages/airflow/example_dags/example_branch_python_dop_operator_3.py for tasks to queue
[2025-07-16T23:44:20.756+0000] {logging_mixin.py:188} INFO - [2025-07-16T23:44:20.755+0000] {dagbag.py:538} INFO - Filling up the DagBag from /home/airflow/.local/lib/python3.8/site-packages/airflow/example_dags/example_branch_python_dop_operator_3.py
[2025-07-16T23:44:20.769+0000] {processor.py:840} INFO - DAG(s) 'example_branch_dop_operator_v3' retrieved from /home/airflow/.local/lib/python3.8/site-packages/airflow/example_dags/example_branch_python_dop_operator_3.py
[2025-07-16T23:44:20.795+0000] {logging_mixin.py:188} INFO - [2025-07-16T23:44:20.795+0000] {dag.py:3036} INFO - Sync 1 DAGs
[2025-07-16T23:44:20.831+0000] {logging_mixin.py:188} INFO - [2025-07-16T23:44:20.831+0000] {dag.py:3823} INFO - Setting next_dagrun for example_branch_dop_operator_v3 to 2025-07-16 23:43:00+00:00, run_after=2025-07-16 23:44:00+00:00
[2025-07-16T23:44:20.857+0000] {processor.py:183} INFO - Processing /home/airflow/.local/lib/python3.8/site-packages/airflow/example_dags/example_branch_python_dop_operator_3.py took 0.112 seconds
[2025-07-16T23:44:51.177+0000] {processor.py:161} INFO - Started process (PID=1448) to work on /home/airflow/.local/lib/python3.8/site-packages/airflow/example_dags/example_branch_python_dop_operator_3.py
[2025-07-16T23:44:51.180+0000] {processor.py:830} INFO - Processing file /home/airflow/.local/lib/python3.8/site-packages/airflow/example_dags/example_branch_python_dop_operator_3.py for tasks to queue
[2025-07-16T23:44:51.188+0000] {logging_mixin.py:188} INFO - [2025-07-16T23:44:51.188+0000] {dagbag.py:538} INFO - Filling up the DagBag from /home/airflow/.local/lib/python3.8/site-packages/airflow/example_dags/example_branch_python_dop_operator_3.py
[2025-07-16T23:44:51.223+0000] {processor.py:840} INFO - DAG(s) 'example_branch_dop_operator_v3' retrieved from /home/airflow/.local/lib/python3.8/site-packages/airflow/example_dags/example_branch_python_dop_operator_3.py
[2025-07-16T23:44:51.316+0000] {logging_mixin.py:188} INFO - [2025-07-16T23:44:51.315+0000] {dag.py:3036} INFO - Sync 1 DAGs
[2025-07-16T23:44:51.404+0000] {logging_mixin.py:188} INFO - [2025-07-16T23:44:51.403+0000] {dag.py:3823} INFO - Setting next_dagrun for example_branch_dop_operator_v3 to 2025-07-16 23:43:00+00:00, run_after=2025-07-16 23:44:00+00:00
[2025-07-16T23:44:51.446+0000] {processor.py:183} INFO - Processing /home/airflow/.local/lib/python3.8/site-packages/airflow/example_dags/example_branch_python_dop_operator_3.py took 0.275 seconds
[2025-07-16T23:45:21.600+0000] {processor.py:161} INFO - Started process (PID=1514) to work on /home/airflow/.local/lib/python3.8/site-packages/airflow/example_dags/example_branch_python_dop_operator_3.py
[2025-07-16T23:45:21.603+0000] {processor.py:830} INFO - Processing file /home/airflow/.local/lib/python3.8/site-packages/airflow/example_dags/example_branch_python_dop_operator_3.py for tasks to queue
[2025-07-16T23:45:21.606+0000] {logging_mixin.py:188} INFO - [2025-07-16T23:45:21.605+0000] {dagbag.py:538} INFO - Filling up the DagBag from /home/airflow/.local/lib/python3.8/site-packages/airflow/example_dags/example_branch_python_dop_operator_3.py
[2025-07-16T23:45:21.620+0000] {processor.py:840} INFO - DAG(s) 'example_branch_dop_operator_v3' retrieved from /home/airflow/.local/lib/python3.8/site-packages/airflow/example_dags/example_branch_python_dop_operator_3.py
[2025-07-16T23:45:21.647+0000] {logging_mixin.py:188} INFO - [2025-07-16T23:45:21.646+0000] {dag.py:3036} INFO - Sync 1 DAGs
[2025-07-16T23:45:21.682+0000] {logging_mixin.py:188} INFO - [2025-07-16T23:45:21.682+0000] {dag.py:3823} INFO - Setting next_dagrun for example_branch_dop_operator_v3 to 2025-07-16 23:44:00+00:00, run_after=2025-07-16 23:45:00+00:00
[2025-07-16T23:45:21.708+0000] {processor.py:183} INFO - Processing /home/airflow/.local/lib/python3.8/site-packages/airflow/example_dags/example_branch_python_dop_operator_3.py took 0.113 seconds
[2025-07-16T23:45:52.223+0000] {processor.py:161} INFO - Started process (PID=1580) to work on /home/airflow/.local/lib/python3.8/site-packages/airflow/example_dags/example_branch_python_dop_operator_3.py
[2025-07-16T23:45:52.225+0000] {processor.py:830} INFO - Processing file /home/airflow/.local/lib/python3.8/site-packages/airflow/example_dags/example_branch_python_dop_operator_3.py for tasks to queue
[2025-07-16T23:45:52.229+0000] {logging_mixin.py:188} INFO - [2025-07-16T23:45:52.228+0000] {dagbag.py:538} INFO - Filling up the DagBag from /home/airflow/.local/lib/python3.8/site-packages/airflow/example_dags/example_branch_python_dop_operator_3.py
[2025-07-16T23:45:52.252+0000] {processor.py:840} INFO - DAG(s) 'example_branch_dop_operator_v3' retrieved from /home/airflow/.local/lib/python3.8/site-packages/airflow/example_dags/example_branch_python_dop_operator_3.py
[2025-07-16T23:45:52.288+0000] {logging_mixin.py:188} INFO - [2025-07-16T23:45:52.288+0000] {dag.py:3036} INFO - Sync 1 DAGs
[2025-07-16T23:45:52.335+0000] {logging_mixin.py:188} INFO - [2025-07-16T23:45:52.334+0000] {dag.py:3823} INFO - Setting next_dagrun for example_branch_dop_operator_v3 to 2025-07-16 23:44:00+00:00, run_after=2025-07-16 23:45:00+00:00
[2025-07-16T23:45:52.370+0000] {processor.py:183} INFO - Processing /home/airflow/.local/lib/python3.8/site-packages/airflow/example_dags/example_branch_python_dop_operator_3.py took 0.154 seconds
[2025-07-16T23:46:22.616+0000] {processor.py:161} INFO - Started process (PID=1646) to work on /home/airflow/.local/lib/python3.8/site-packages/airflow/example_dags/example_branch_python_dop_operator_3.py
[2025-07-16T23:46:22.617+0000] {processor.py:830} INFO - Processing file /home/airflow/.local/lib/python3.8/site-packages/airflow/example_dags/example_branch_python_dop_operator_3.py for tasks to queue
[2025-07-16T23:46:22.622+0000] {logging_mixin.py:188} INFO - [2025-07-16T23:46:22.621+0000] {dagbag.py:538} INFO - Filling up the DagBag from /home/airflow/.local/lib/python3.8/site-packages/airflow/example_dags/example_branch_python_dop_operator_3.py
[2025-07-16T23:46:22.638+0000] {processor.py:840} INFO - DAG(s) 'example_branch_dop_operator_v3' retrieved from /home/airflow/.local/lib/python3.8/site-packages/airflow/example_dags/example_branch_python_dop_operator_3.py
[2025-07-16T23:46:22.670+0000] {logging_mixin.py:188} INFO - [2025-07-16T23:46:22.669+0000] {dag.py:3036} INFO - Sync 1 DAGs
[2025-07-16T23:46:22.712+0000] {logging_mixin.py:188} INFO - [2025-07-16T23:46:22.712+0000] {dag.py:3823} INFO - Setting next_dagrun for example_branch_dop_operator_v3 to 2025-07-16 23:45:00+00:00, run_after=2025-07-16 23:46:00+00:00
[2025-07-16T23:46:22.742+0000] {processor.py:183} INFO - Processing /home/airflow/.local/lib/python3.8/site-packages/airflow/example_dags/example_branch_python_dop_operator_3.py took 0.132 seconds
[2025-07-16T23:46:52.932+0000] {processor.py:161} INFO - Started process (PID=1712) to work on /home/airflow/.local/lib/python3.8/site-packages/airflow/example_dags/example_branch_python_dop_operator_3.py
[2025-07-16T23:46:52.934+0000] {processor.py:830} INFO - Processing file /home/airflow/.local/lib/python3.8/site-packages/airflow/example_dags/example_branch_python_dop_operator_3.py for tasks to queue
[2025-07-16T23:46:52.938+0000] {logging_mixin.py:188} INFO - [2025-07-16T23:46:52.937+0000] {dagbag.py:538} INFO - Filling up the DagBag from /home/airflow/.local/lib/python3.8/site-packages/airflow/example_dags/example_branch_python_dop_operator_3.py
[2025-07-16T23:46:52.955+0000] {processor.py:840} INFO - DAG(s) 'example_branch_dop_operator_v3' retrieved from /home/airflow/.local/lib/python3.8/site-packages/airflow/example_dags/example_branch_python_dop_operator_3.py
[2025-07-16T23:46:52.997+0000] {logging_mixin.py:188} INFO - [2025-07-16T23:46:52.997+0000] {dag.py:3036} INFO - Sync 1 DAGs
[2025-07-16T23:46:53.037+0000] {logging_mixin.py:188} INFO - [2025-07-16T23:46:53.037+0000] {dag.py:3823} INFO - Setting next_dagrun for example_branch_dop_operator_v3 to 2025-07-16 23:45:00+00:00, run_after=2025-07-16 23:46:00+00:00
[2025-07-16T23:46:53.070+0000] {processor.py:183} INFO - Processing /home/airflow/.local/lib/python3.8/site-packages/airflow/example_dags/example_branch_python_dop_operator_3.py took 0.144 seconds
[2025-07-16T23:47:23.244+0000] {processor.py:161} INFO - Started process (PID=1778) to work on /home/airflow/.local/lib/python3.8/site-packages/airflow/example_dags/example_branch_python_dop_operator_3.py
[2025-07-16T23:47:23.245+0000] {processor.py:830} INFO - Processing file /home/airflow/.local/lib/python3.8/site-packages/airflow/example_dags/example_branch_python_dop_operator_3.py for tasks to queue
[2025-07-16T23:47:23.247+0000] {logging_mixin.py:188} INFO - [2025-07-16T23:47:23.247+0000] {dagbag.py:538} INFO - Filling up the DagBag from /home/airflow/.local/lib/python3.8/site-packages/airflow/example_dags/example_branch_python_dop_operator_3.py
[2025-07-16T23:47:23.263+0000] {processor.py:840} INFO - DAG(s) 'example_branch_dop_operator_v3' retrieved from /home/airflow/.local/lib/python3.8/site-packages/airflow/example_dags/example_branch_python_dop_operator_3.py
[2025-07-16T23:47:23.291+0000] {logging_mixin.py:188} INFO - [2025-07-16T23:47:23.290+0000] {dag.py:3036} INFO - Sync 1 DAGs
[2025-07-16T23:47:23.325+0000] {logging_mixin.py:188} INFO - [2025-07-16T23:47:23.325+0000] {dag.py:3823} INFO - Setting next_dagrun for example_branch_dop_operator_v3 to 2025-07-16 23:46:00+00:00, run_after=2025-07-16 23:47:00+00:00
[2025-07-16T23:47:23.351+0000] {processor.py:183} INFO - Processing /home/airflow/.local/lib/python3.8/site-packages/airflow/example_dags/example_branch_python_dop_operator_3.py took 0.112 seconds
[2025-07-16T23:47:53.587+0000] {processor.py:161} INFO - Started process (PID=1839) to work on /home/airflow/.local/lib/python3.8/site-packages/airflow/example_dags/example_branch_python_dop_operator_3.py
[2025-07-16T23:47:53.589+0000] {processor.py:830} INFO - Processing file /home/airflow/.local/lib/python3.8/site-packages/airflow/example_dags/example_branch_python_dop_operator_3.py for tasks to queue
[2025-07-16T23:47:53.594+0000] {logging_mixin.py:188} INFO - [2025-07-16T23:47:53.593+0000] {dagbag.py:538} INFO - Filling up the DagBag from /home/airflow/.local/lib/python3.8/site-packages/airflow/example_dags/example_branch_python_dop_operator_3.py
[2025-07-16T23:47:53.611+0000] {processor.py:840} INFO - DAG(s) 'example_branch_dop_operator_v3' retrieved from /home/airflow/.local/lib/python3.8/site-packages/airflow/example_dags/example_branch_python_dop_operator_3.py
[2025-07-16T23:47:53.650+0000] {logging_mixin.py:188} INFO - [2025-07-16T23:47:53.650+0000] {dag.py:3036} INFO - Sync 1 DAGs
[2025-07-16T23:47:53.711+0000] {logging_mixin.py:188} INFO - [2025-07-16T23:47:53.710+0000] {dag.py:3823} INFO - Setting next_dagrun for example_branch_dop_operator_v3 to 2025-07-16 23:46:00+00:00, run_after=2025-07-16 23:47:00+00:00
[2025-07-16T23:47:53.745+0000] {processor.py:183} INFO - Processing /home/airflow/.local/lib/python3.8/site-packages/airflow/example_dags/example_branch_python_dop_operator_3.py took 0.163 seconds
[2025-07-16T23:48:24.166+0000] {processor.py:161} INFO - Started process (PID=1900) to work on /home/airflow/.local/lib/python3.8/site-packages/airflow/example_dags/example_branch_python_dop_operator_3.py
[2025-07-16T23:48:24.167+0000] {processor.py:830} INFO - Processing file /home/airflow/.local/lib/python3.8/site-packages/airflow/example_dags/example_branch_python_dop_operator_3.py for tasks to queue
[2025-07-16T23:48:24.171+0000] {logging_mixin.py:188} INFO - [2025-07-16T23:48:24.170+0000] {dagbag.py:538} INFO - Filling up the DagBag from /home/airflow/.local/lib/python3.8/site-packages/airflow/example_dags/example_branch_python_dop_operator_3.py
[2025-07-16T23:48:24.186+0000] {processor.py:840} INFO - DAG(s) 'example_branch_dop_operator_v3' retrieved from /home/airflow/.local/lib/python3.8/site-packages/airflow/example_dags/example_branch_python_dop_operator_3.py
[2025-07-16T23:48:24.221+0000] {logging_mixin.py:188} INFO - [2025-07-16T23:48:24.221+0000] {dag.py:3036} INFO - Sync 1 DAGs
[2025-07-16T23:48:24.269+0000] {logging_mixin.py:188} INFO - [2025-07-16T23:48:24.269+0000] {dag.py:3823} INFO - Setting next_dagrun for example_branch_dop_operator_v3 to 2025-07-16 23:47:00+00:00, run_after=2025-07-16 23:48:00+00:00
[2025-07-16T23:48:24.304+0000] {processor.py:183} INFO - Processing /home/airflow/.local/lib/python3.8/site-packages/airflow/example_dags/example_branch_python_dop_operator_3.py took 0.144 seconds
[2025-07-16T23:48:54.545+0000] {processor.py:161} INFO - Started process (PID=1966) to work on /home/airflow/.local/lib/python3.8/site-packages/airflow/example_dags/example_branch_python_dop_operator_3.py
[2025-07-16T23:48:54.547+0000] {processor.py:830} INFO - Processing file /home/airflow/.local/lib/python3.8/site-packages/airflow/example_dags/example_branch_python_dop_operator_3.py for tasks to queue
[2025-07-16T23:48:54.550+0000] {logging_mixin.py:188} INFO - [2025-07-16T23:48:54.549+0000] {dagbag.py:538} INFO - Filling up the DagBag from /home/airflow/.local/lib/python3.8/site-packages/airflow/example_dags/example_branch_python_dop_operator_3.py
[2025-07-16T23:48:54.569+0000] {processor.py:840} INFO - DAG(s) 'example_branch_dop_operator_v3' retrieved from /home/airflow/.local/lib/python3.8/site-packages/airflow/example_dags/example_branch_python_dop_operator_3.py
[2025-07-16T23:48:54.605+0000] {logging_mixin.py:188} INFO - [2025-07-16T23:48:54.605+0000] {dag.py:3036} INFO - Sync 1 DAGs
[2025-07-16T23:48:54.658+0000] {logging_mixin.py:188} INFO - [2025-07-16T23:48:54.658+0000] {dag.py:3823} INFO - Setting next_dagrun for example_branch_dop_operator_v3 to 2025-07-16 23:47:00+00:00, run_after=2025-07-16 23:48:00+00:00
[2025-07-16T23:48:54.688+0000] {processor.py:183} INFO - Processing /home/airflow/.local/lib/python3.8/site-packages/airflow/example_dags/example_branch_python_dop_operator_3.py took 0.149 seconds
[2025-07-16T23:49:24.840+0000] {processor.py:161} INFO - Started process (PID=2033) to work on /home/airflow/.local/lib/python3.8/site-packages/airflow/example_dags/example_branch_python_dop_operator_3.py
[2025-07-16T23:49:24.844+0000] {processor.py:830} INFO - Processing file /home/airflow/.local/lib/python3.8/site-packages/airflow/example_dags/example_branch_python_dop_operator_3.py for tasks to queue
[2025-07-16T23:49:24.848+0000] {logging_mixin.py:188} INFO - [2025-07-16T23:49:24.847+0000] {dagbag.py:538} INFO - Filling up the DagBag from /home/airflow/.local/lib/python3.8/site-packages/airflow/example_dags/example_branch_python_dop_operator_3.py
[2025-07-16T23:49:24.864+0000] {processor.py:840} INFO - DAG(s) 'example_branch_dop_operator_v3' retrieved from /home/airflow/.local/lib/python3.8/site-packages/airflow/example_dags/example_branch_python_dop_operator_3.py
[2025-07-16T23:49:24.898+0000] {logging_mixin.py:188} INFO - [2025-07-16T23:49:24.897+0000] {dag.py:3036} INFO - Sync 1 DAGs
[2025-07-16T23:49:24.941+0000] {logging_mixin.py:188} INFO - [2025-07-16T23:49:24.941+0000] {dag.py:3823} INFO - Setting next_dagrun for example_branch_dop_operator_v3 to 2025-07-16 23:48:00+00:00, run_after=2025-07-16 23:49:00+00:00
[2025-07-16T23:49:24.969+0000] {processor.py:183} INFO - Processing /home/airflow/.local/lib/python3.8/site-packages/airflow/example_dags/example_branch_python_dop_operator_3.py took 0.135 seconds
[2025-07-16T23:49:55.247+0000] {processor.py:161} INFO - Started process (PID=2098) to work on /home/airflow/.local/lib/python3.8/site-packages/airflow/example_dags/example_branch_python_dop_operator_3.py
[2025-07-16T23:49:55.249+0000] {processor.py:830} INFO - Processing file /home/airflow/.local/lib/python3.8/site-packages/airflow/example_dags/example_branch_python_dop_operator_3.py for tasks to queue
[2025-07-16T23:49:55.253+0000] {logging_mixin.py:188} INFO - [2025-07-16T23:49:55.253+0000] {dagbag.py:538} INFO - Filling up the DagBag from /home/airflow/.local/lib/python3.8/site-packages/airflow/example_dags/example_branch_python_dop_operator_3.py
[2025-07-16T23:49:55.266+0000] {processor.py:840} INFO - DAG(s) 'example_branch_dop_operator_v3' retrieved from /home/airflow/.local/lib/python3.8/site-packages/airflow/example_dags/example_branch_python_dop_operator_3.py
[2025-07-16T23:49:55.292+0000] {logging_mixin.py:188} INFO - [2025-07-16T23:49:55.292+0000] {dag.py:3036} INFO - Sync 1 DAGs
[2025-07-16T23:49:55.329+0000] {logging_mixin.py:188} INFO - [2025-07-16T23:49:55.329+0000] {dag.py:3823} INFO - Setting next_dagrun for example_branch_dop_operator_v3 to 2025-07-16 23:48:00+00:00, run_after=2025-07-16 23:49:00+00:00
[2025-07-16T23:49:55.353+0000] {processor.py:183} INFO - Processing /home/airflow/.local/lib/python3.8/site-packages/airflow/example_dags/example_branch_python_dop_operator_3.py took 0.110 seconds
[2025-07-16T23:50:25.813+0000] {processor.py:161} INFO - Started process (PID=2163) to work on /home/airflow/.local/lib/python3.8/site-packages/airflow/example_dags/example_branch_python_dop_operator_3.py
[2025-07-16T23:50:25.814+0000] {processor.py:830} INFO - Processing file /home/airflow/.local/lib/python3.8/site-packages/airflow/example_dags/example_branch_python_dop_operator_3.py for tasks to queue
[2025-07-16T23:50:25.820+0000] {logging_mixin.py:188} INFO - [2025-07-16T23:50:25.820+0000] {dagbag.py:538} INFO - Filling up the DagBag from /home/airflow/.local/lib/python3.8/site-packages/airflow/example_dags/example_branch_python_dop_operator_3.py
[2025-07-16T23:50:25.838+0000] {processor.py:840} INFO - DAG(s) 'example_branch_dop_operator_v3' retrieved from /home/airflow/.local/lib/python3.8/site-packages/airflow/example_dags/example_branch_python_dop_operator_3.py
[2025-07-16T23:50:25.869+0000] {logging_mixin.py:188} INFO - [2025-07-16T23:50:25.868+0000] {dag.py:3036} INFO - Sync 1 DAGs
[2025-07-16T23:50:26.062+0000] {logging_mixin.py:188} INFO - [2025-07-16T23:50:26.061+0000] {dag.py:3823} INFO - Setting next_dagrun for example_branch_dop_operator_v3 to 2025-07-16 23:49:00+00:00, run_after=2025-07-16 23:50:00+00:00
[2025-07-16T23:50:26.121+0000] {processor.py:183} INFO - Processing /home/airflow/.local/lib/python3.8/site-packages/airflow/example_dags/example_branch_python_dop_operator_3.py took 0.314 seconds
[2025-07-16T23:50:56.460+0000] {processor.py:161} INFO - Started process (PID=2229) to work on /home/airflow/.local/lib/python3.8/site-packages/airflow/example_dags/example_branch_python_dop_operator_3.py
[2025-07-16T23:50:56.464+0000] {processor.py:830} INFO - Processing file /home/airflow/.local/lib/python3.8/site-packages/airflow/example_dags/example_branch_python_dop_operator_3.py for tasks to queue
[2025-07-16T23:50:56.470+0000] {logging_mixin.py:188} INFO - [2025-07-16T23:50:56.469+0000] {dagbag.py:538} INFO - Filling up the DagBag from /home/airflow/.local/lib/python3.8/site-packages/airflow/example_dags/example_branch_python_dop_operator_3.py
[2025-07-16T23:50:56.501+0000] {processor.py:840} INFO - DAG(s) 'example_branch_dop_operator_v3' retrieved from /home/airflow/.local/lib/python3.8/site-packages/airflow/example_dags/example_branch_python_dop_operator_3.py
[2025-07-16T23:50:56.571+0000] {logging_mixin.py:188} INFO - [2025-07-16T23:50:56.571+0000] {dag.py:3036} INFO - Sync 1 DAGs
[2025-07-16T23:50:56.611+0000] {logging_mixin.py:188} INFO - [2025-07-16T23:50:56.610+0000] {dag.py:3823} INFO - Setting next_dagrun for example_branch_dop_operator_v3 to 2025-07-16 23:49:00+00:00, run_after=2025-07-16 23:50:00+00:00
[2025-07-16T23:50:56.798+0000] {processor.py:183} INFO - Processing /home/airflow/.local/lib/python3.8/site-packages/airflow/example_dags/example_branch_python_dop_operator_3.py took 0.351 seconds
[2025-07-16T23:51:26.986+0000] {processor.py:161} INFO - Started process (PID=2291) to work on /home/airflow/.local/lib/python3.8/site-packages/airflow/example_dags/example_branch_python_dop_operator_3.py
[2025-07-16T23:51:26.987+0000] {processor.py:830} INFO - Processing file /home/airflow/.local/lib/python3.8/site-packages/airflow/example_dags/example_branch_python_dop_operator_3.py for tasks to queue
[2025-07-16T23:51:26.991+0000] {logging_mixin.py:188} INFO - [2025-07-16T23:51:26.990+0000] {dagbag.py:538} INFO - Filling up the DagBag from /home/airflow/.local/lib/python3.8/site-packages/airflow/example_dags/example_branch_python_dop_operator_3.py
[2025-07-16T23:51:27.007+0000] {processor.py:840} INFO - DAG(s) 'example_branch_dop_operator_v3' retrieved from /home/airflow/.local/lib/python3.8/site-packages/airflow/example_dags/example_branch_python_dop_operator_3.py
[2025-07-16T23:51:27.044+0000] {logging_mixin.py:188} INFO - [2025-07-16T23:51:27.044+0000] {dag.py:3036} INFO - Sync 1 DAGs
[2025-07-16T23:51:27.098+0000] {logging_mixin.py:188} INFO - [2025-07-16T23:51:27.098+0000] {dag.py:3823} INFO - Setting next_dagrun for example_branch_dop_operator_v3 to 2025-07-16 23:50:00+00:00, run_after=2025-07-16 23:51:00+00:00
[2025-07-16T23:51:27.134+0000] {processor.py:183} INFO - Processing /home/airflow/.local/lib/python3.8/site-packages/airflow/example_dags/example_branch_python_dop_operator_3.py took 0.154 seconds
[2025-07-16T23:51:57.724+0000] {processor.py:161} INFO - Started process (PID=2355) to work on /home/airflow/.local/lib/python3.8/site-packages/airflow/example_dags/example_branch_python_dop_operator_3.py
[2025-07-16T23:51:57.725+0000] {processor.py:830} INFO - Processing file /home/airflow/.local/lib/python3.8/site-packages/airflow/example_dags/example_branch_python_dop_operator_3.py for tasks to queue
[2025-07-16T23:51:57.727+0000] {logging_mixin.py:188} INFO - [2025-07-16T23:51:57.727+0000] {dagbag.py:538} INFO - Filling up the DagBag from /home/airflow/.local/lib/python3.8/site-packages/airflow/example_dags/example_branch_python_dop_operator_3.py
[2025-07-16T23:51:57.744+0000] {processor.py:840} INFO - DAG(s) 'example_branch_dop_operator_v3' retrieved from /home/airflow/.local/lib/python3.8/site-packages/airflow/example_dags/example_branch_python_dop_operator_3.py
[2025-07-16T23:51:57.774+0000] {logging_mixin.py:188} INFO - [2025-07-16T23:51:57.774+0000] {dag.py:3036} INFO - Sync 1 DAGs
[2025-07-16T23:51:57.816+0000] {logging_mixin.py:188} INFO - [2025-07-16T23:51:57.815+0000] {dag.py:3823} INFO - Setting next_dagrun for example_branch_dop_operator_v3 to 2025-07-16 23:50:00+00:00, run_after=2025-07-16 23:51:00+00:00
[2025-07-16T23:51:57.840+0000] {processor.py:183} INFO - Processing /home/airflow/.local/lib/python3.8/site-packages/airflow/example_dags/example_branch_python_dop_operator_3.py took 0.120 seconds
[2025-07-16T23:52:28.603+0000] {processor.py:161} INFO - Started process (PID=2421) to work on /home/airflow/.local/lib/python3.8/site-packages/airflow/example_dags/example_branch_python_dop_operator_3.py
[2025-07-16T23:52:28.606+0000] {processor.py:830} INFO - Processing file /home/airflow/.local/lib/python3.8/site-packages/airflow/example_dags/example_branch_python_dop_operator_3.py for tasks to queue
[2025-07-16T23:52:28.609+0000] {logging_mixin.py:188} INFO - [2025-07-16T23:52:28.608+0000] {dagbag.py:538} INFO - Filling up the DagBag from /home/airflow/.local/lib/python3.8/site-packages/airflow/example_dags/example_branch_python_dop_operator_3.py
[2025-07-16T23:52:28.626+0000] {processor.py:840} INFO - DAG(s) 'example_branch_dop_operator_v3' retrieved from /home/airflow/.local/lib/python3.8/site-packages/airflow/example_dags/example_branch_python_dop_operator_3.py
[2025-07-16T23:52:28.657+0000] {logging_mixin.py:188} INFO - [2025-07-16T23:52:28.657+0000] {dag.py:3036} INFO - Sync 1 DAGs
[2025-07-16T23:52:28.711+0000] {logging_mixin.py:188} INFO - [2025-07-16T23:52:28.711+0000] {dag.py:3823} INFO - Setting next_dagrun for example_branch_dop_operator_v3 to 2025-07-16 23:51:00+00:00, run_after=2025-07-16 23:52:00+00:00
[2025-07-16T23:52:28.751+0000] {processor.py:183} INFO - Processing /home/airflow/.local/lib/python3.8/site-packages/airflow/example_dags/example_branch_python_dop_operator_3.py took 0.153 seconds
[2025-07-16T23:52:59.693+0000] {processor.py:161} INFO - Started process (PID=2486) to work on /home/airflow/.local/lib/python3.8/site-packages/airflow/example_dags/example_branch_python_dop_operator_3.py
[2025-07-16T23:52:59.695+0000] {processor.py:830} INFO - Processing file /home/airflow/.local/lib/python3.8/site-packages/airflow/example_dags/example_branch_python_dop_operator_3.py for tasks to queue
[2025-07-16T23:52:59.698+0000] {logging_mixin.py:188} INFO - [2025-07-16T23:52:59.698+0000] {dagbag.py:538} INFO - Filling up the DagBag from /home/airflow/.local/lib/python3.8/site-packages/airflow/example_dags/example_branch_python_dop_operator_3.py
[2025-07-16T23:52:59.714+0000] {processor.py:840} INFO - DAG(s) 'example_branch_dop_operator_v3' retrieved from /home/airflow/.local/lib/python3.8/site-packages/airflow/example_dags/example_branch_python_dop_operator_3.py
[2025-07-16T23:52:59.750+0000] {logging_mixin.py:188} INFO - [2025-07-16T23:52:59.750+0000] {dag.py:3036} INFO - Sync 1 DAGs
[2025-07-16T23:52:59.965+0000] {logging_mixin.py:188} INFO - [2025-07-16T23:52:59.965+0000] {dag.py:3823} INFO - Setting next_dagrun for example_branch_dop_operator_v3 to 2025-07-16 23:51:00+00:00, run_after=2025-07-16 23:52:00+00:00
[2025-07-16T23:53:00.023+0000] {processor.py:183} INFO - Processing /home/airflow/.local/lib/python3.8/site-packages/airflow/example_dags/example_branch_python_dop_operator_3.py took 0.335 seconds
[2025-07-16T23:53:30.682+0000] {processor.py:161} INFO - Started process (PID=2551) to work on /home/airflow/.local/lib/python3.8/site-packages/airflow/example_dags/example_branch_python_dop_operator_3.py
[2025-07-16T23:53:30.684+0000] {processor.py:830} INFO - Processing file /home/airflow/.local/lib/python3.8/site-packages/airflow/example_dags/example_branch_python_dop_operator_3.py for tasks to queue
[2025-07-16T23:53:30.687+0000] {logging_mixin.py:188} INFO - [2025-07-16T23:53:30.687+0000] {dagbag.py:538} INFO - Filling up the DagBag from /home/airflow/.local/lib/python3.8/site-packages/airflow/example_dags/example_branch_python_dop_operator_3.py
[2025-07-16T23:53:30.705+0000] {processor.py:840} INFO - DAG(s) 'example_branch_dop_operator_v3' retrieved from /home/airflow/.local/lib/python3.8/site-packages/airflow/example_dags/example_branch_python_dop_operator_3.py
[2025-07-16T23:53:30.740+0000] {logging_mixin.py:188} INFO - [2025-07-16T23:53:30.739+0000] {dag.py:3036} INFO - Sync 1 DAGs
[2025-07-16T23:53:30.785+0000] {logging_mixin.py:188} INFO - [2025-07-16T23:53:30.785+0000] {dag.py:3823} INFO - Setting next_dagrun for example_branch_dop_operator_v3 to 2025-07-16 23:52:00+00:00, run_after=2025-07-16 23:53:00+00:00
[2025-07-16T23:53:30.817+0000] {processor.py:183} INFO - Processing /home/airflow/.local/lib/python3.8/site-packages/airflow/example_dags/example_branch_python_dop_operator_3.py took 0.140 seconds
[2025-07-16T23:54:00.997+0000] {processor.py:161} INFO - Started process (PID=2616) to work on /home/airflow/.local/lib/python3.8/site-packages/airflow/example_dags/example_branch_python_dop_operator_3.py
[2025-07-16T23:54:00.998+0000] {processor.py:830} INFO - Processing file /home/airflow/.local/lib/python3.8/site-packages/airflow/example_dags/example_branch_python_dop_operator_3.py for tasks to queue
[2025-07-16T23:54:01.001+0000] {logging_mixin.py:188} INFO - [2025-07-16T23:54:01.001+0000] {dagbag.py:538} INFO - Filling up the DagBag from /home/airflow/.local/lib/python3.8/site-packages/airflow/example_dags/example_branch_python_dop_operator_3.py
[2025-07-16T23:54:01.013+0000] {processor.py:840} INFO - DAG(s) 'example_branch_dop_operator_v3' retrieved from /home/airflow/.local/lib/python3.8/site-packages/airflow/example_dags/example_branch_python_dop_operator_3.py
[2025-07-16T23:54:01.049+0000] {logging_mixin.py:188} INFO - [2025-07-16T23:54:01.048+0000] {dag.py:3036} INFO - Sync 1 DAGs
[2025-07-16T23:54:01.099+0000] {logging_mixin.py:188} INFO - [2025-07-16T23:54:01.099+0000] {dag.py:3823} INFO - Setting next_dagrun for example_branch_dop_operator_v3 to 2025-07-16 23:53:00+00:00, run_after=2025-07-16 23:54:00+00:00
[2025-07-16T23:54:01.133+0000] {processor.py:183} INFO - Processing /home/airflow/.local/lib/python3.8/site-packages/airflow/example_dags/example_branch_python_dop_operator_3.py took 0.143 seconds
[2025-07-16T23:54:31.252+0000] {processor.py:161} INFO - Started process (PID=2682) to work on /home/airflow/.local/lib/python3.8/site-packages/airflow/example_dags/example_branch_python_dop_operator_3.py
[2025-07-16T23:54:31.254+0000] {processor.py:830} INFO - Processing file /home/airflow/.local/lib/python3.8/site-packages/airflow/example_dags/example_branch_python_dop_operator_3.py for tasks to queue
[2025-07-16T23:54:31.260+0000] {logging_mixin.py:188} INFO - [2025-07-16T23:54:31.260+0000] {dagbag.py:538} INFO - Filling up the DagBag from /home/airflow/.local/lib/python3.8/site-packages/airflow/example_dags/example_branch_python_dop_operator_3.py
[2025-07-16T23:54:31.281+0000] {processor.py:840} INFO - DAG(s) 'example_branch_dop_operator_v3' retrieved from /home/airflow/.local/lib/python3.8/site-packages/airflow/example_dags/example_branch_python_dop_operator_3.py
[2025-07-16T23:54:31.324+0000] {logging_mixin.py:188} INFO - [2025-07-16T23:54:31.324+0000] {dag.py:3036} INFO - Sync 1 DAGs
[2025-07-16T23:54:31.370+0000] {logging_mixin.py:188} INFO - [2025-07-16T23:54:31.370+0000] {dag.py:3823} INFO - Setting next_dagrun for example_branch_dop_operator_v3 to 2025-07-16 23:53:00+00:00, run_after=2025-07-16 23:54:00+00:00
[2025-07-16T23:54:31.405+0000] {processor.py:183} INFO - Processing /home/airflow/.local/lib/python3.8/site-packages/airflow/example_dags/example_branch_python_dop_operator_3.py took 0.159 seconds
[2025-07-16T23:55:01.725+0000] {processor.py:161} INFO - Started process (PID=2744) to work on /home/airflow/.local/lib/python3.8/site-packages/airflow/example_dags/example_branch_python_dop_operator_3.py
[2025-07-16T23:55:01.727+0000] {processor.py:830} INFO - Processing file /home/airflow/.local/lib/python3.8/site-packages/airflow/example_dags/example_branch_python_dop_operator_3.py for tasks to queue
[2025-07-16T23:55:01.730+0000] {logging_mixin.py:188} INFO - [2025-07-16T23:55:01.729+0000] {dagbag.py:538} INFO - Filling up the DagBag from /home/airflow/.local/lib/python3.8/site-packages/airflow/example_dags/example_branch_python_dop_operator_3.py
[2025-07-16T23:55:01.749+0000] {processor.py:840} INFO - DAG(s) 'example_branch_dop_operator_v3' retrieved from /home/airflow/.local/lib/python3.8/site-packages/airflow/example_dags/example_branch_python_dop_operator_3.py
[2025-07-16T23:55:01.792+0000] {logging_mixin.py:188} INFO - [2025-07-16T23:55:01.792+0000] {dag.py:3036} INFO - Sync 1 DAGs
[2025-07-16T23:55:01.848+0000] {logging_mixin.py:188} INFO - [2025-07-16T23:55:01.847+0000] {dag.py:3823} INFO - Setting next_dagrun for example_branch_dop_operator_v3 to 2025-07-16 23:54:00+00:00, run_after=2025-07-16 23:55:00+00:00
[2025-07-16T23:55:01.902+0000] {processor.py:183} INFO - Processing /home/airflow/.local/lib/python3.8/site-packages/airflow/example_dags/example_branch_python_dop_operator_3.py took 0.183 seconds
[2025-07-16T23:55:31.945+0000] {processor.py:161} INFO - Started process (PID=2808) to work on /home/airflow/.local/lib/python3.8/site-packages/airflow/example_dags/example_branch_python_dop_operator_3.py
[2025-07-16T23:55:31.947+0000] {processor.py:830} INFO - Processing file /home/airflow/.local/lib/python3.8/site-packages/airflow/example_dags/example_branch_python_dop_operator_3.py for tasks to queue
[2025-07-16T23:55:31.950+0000] {logging_mixin.py:188} INFO - [2025-07-16T23:55:31.950+0000] {dagbag.py:538} INFO - Filling up the DagBag from /home/airflow/.local/lib/python3.8/site-packages/airflow/example_dags/example_branch_python_dop_operator_3.py
[2025-07-16T23:55:31.968+0000] {processor.py:840} INFO - DAG(s) 'example_branch_dop_operator_v3' retrieved from /home/airflow/.local/lib/python3.8/site-packages/airflow/example_dags/example_branch_python_dop_operator_3.py
[2025-07-16T23:55:32.002+0000] {logging_mixin.py:188} INFO - [2025-07-16T23:55:32.002+0000] {dag.py:3036} INFO - Sync 1 DAGs
[2025-07-16T23:55:32.055+0000] {logging_mixin.py:188} INFO - [2025-07-16T23:55:32.055+0000] {dag.py:3823} INFO - Setting next_dagrun for example_branch_dop_operator_v3 to 2025-07-16 23:54:00+00:00, run_after=2025-07-16 23:55:00+00:00
[2025-07-16T23:55:32.092+0000] {processor.py:183} INFO - Processing /home/airflow/.local/lib/python3.8/site-packages/airflow/example_dags/example_branch_python_dop_operator_3.py took 0.153 seconds
[2025-07-16T23:56:02.235+0000] {processor.py:161} INFO - Started process (PID=2874) to work on /home/airflow/.local/lib/python3.8/site-packages/airflow/example_dags/example_branch_python_dop_operator_3.py
[2025-07-16T23:56:02.237+0000] {processor.py:830} INFO - Processing file /home/airflow/.local/lib/python3.8/site-packages/airflow/example_dags/example_branch_python_dop_operator_3.py for tasks to queue
[2025-07-16T23:56:02.241+0000] {logging_mixin.py:188} INFO - [2025-07-16T23:56:02.241+0000] {dagbag.py:538} INFO - Filling up the DagBag from /home/airflow/.local/lib/python3.8/site-packages/airflow/example_dags/example_branch_python_dop_operator_3.py
[2025-07-16T23:56:02.266+0000] {processor.py:840} INFO - DAG(s) 'example_branch_dop_operator_v3' retrieved from /home/airflow/.local/lib/python3.8/site-packages/airflow/example_dags/example_branch_python_dop_operator_3.py
[2025-07-16T23:56:02.320+0000] {logging_mixin.py:188} INFO - [2025-07-16T23:56:02.319+0000] {dag.py:3036} INFO - Sync 1 DAGs
[2025-07-16T23:56:02.371+0000] {logging_mixin.py:188} INFO - [2025-07-16T23:56:02.371+0000] {dag.py:3823} INFO - Setting next_dagrun for example_branch_dop_operator_v3 to 2025-07-16 23:55:00+00:00, run_after=2025-07-16 23:56:00+00:00
[2025-07-16T23:56:02.406+0000] {processor.py:183} INFO - Processing /home/airflow/.local/lib/python3.8/site-packages/airflow/example_dags/example_branch_python_dop_operator_3.py took 0.178 seconds
[2025-07-16T23:56:32.451+0000] {processor.py:161} INFO - Started process (PID=2936) to work on /home/airflow/.local/lib/python3.8/site-packages/airflow/example_dags/example_branch_python_dop_operator_3.py
[2025-07-16T23:56:32.453+0000] {processor.py:830} INFO - Processing file /home/airflow/.local/lib/python3.8/site-packages/airflow/example_dags/example_branch_python_dop_operator_3.py for tasks to queue
[2025-07-16T23:56:32.459+0000] {logging_mixin.py:188} INFO - [2025-07-16T23:56:32.458+0000] {dagbag.py:538} INFO - Filling up the DagBag from /home/airflow/.local/lib/python3.8/site-packages/airflow/example_dags/example_branch_python_dop_operator_3.py
[2025-07-16T23:56:32.479+0000] {processor.py:840} INFO - DAG(s) 'example_branch_dop_operator_v3' retrieved from /home/airflow/.local/lib/python3.8/site-packages/airflow/example_dags/example_branch_python_dop_operator_3.py
[2025-07-16T23:56:32.521+0000] {logging_mixin.py:188} INFO - [2025-07-16T23:56:32.521+0000] {dag.py:3036} INFO - Sync 1 DAGs
[2025-07-16T23:56:32.583+0000] {logging_mixin.py:188} INFO - [2025-07-16T23:56:32.579+0000] {dag.py:3823} INFO - Setting next_dagrun for example_branch_dop_operator_v3 to 2025-07-16 23:55:00+00:00, run_after=2025-07-16 23:56:00+00:00
[2025-07-16T23:56:32.759+0000] {processor.py:183} INFO - Processing /home/airflow/.local/lib/python3.8/site-packages/airflow/example_dags/example_branch_python_dop_operator_3.py took 0.319 seconds
[2025-07-16T23:57:02.889+0000] {processor.py:161} INFO - Started process (PID=3001) to work on /home/airflow/.local/lib/python3.8/site-packages/airflow/example_dags/example_branch_python_dop_operator_3.py
[2025-07-16T23:57:02.890+0000] {processor.py:830} INFO - Processing file /home/airflow/.local/lib/python3.8/site-packages/airflow/example_dags/example_branch_python_dop_operator_3.py for tasks to queue
[2025-07-16T23:57:02.893+0000] {logging_mixin.py:188} INFO - [2025-07-16T23:57:02.893+0000] {dagbag.py:538} INFO - Filling up the DagBag from /home/airflow/.local/lib/python3.8/site-packages/airflow/example_dags/example_branch_python_dop_operator_3.py
[2025-07-16T23:57:02.905+0000] {processor.py:840} INFO - DAG(s) 'example_branch_dop_operator_v3' retrieved from /home/airflow/.local/lib/python3.8/site-packages/airflow/example_dags/example_branch_python_dop_operator_3.py
[2025-07-16T23:57:02.936+0000] {logging_mixin.py:188} INFO - [2025-07-16T23:57:02.935+0000] {dag.py:3036} INFO - Sync 1 DAGs
[2025-07-16T23:57:02.986+0000] {logging_mixin.py:188} INFO - [2025-07-16T23:57:02.986+0000] {dag.py:3823} INFO - Setting next_dagrun for example_branch_dop_operator_v3 to 2025-07-16 23:56:00+00:00, run_after=2025-07-16 23:57:00+00:00
[2025-07-16T23:57:03.032+0000] {processor.py:183} INFO - Processing /home/airflow/.local/lib/python3.8/site-packages/airflow/example_dags/example_branch_python_dop_operator_3.py took 0.147 seconds
[2025-07-16T23:57:33.302+0000] {processor.py:161} INFO - Started process (PID=3067) to work on /home/airflow/.local/lib/python3.8/site-packages/airflow/example_dags/example_branch_python_dop_operator_3.py
[2025-07-16T23:57:33.304+0000] {processor.py:830} INFO - Processing file /home/airflow/.local/lib/python3.8/site-packages/airflow/example_dags/example_branch_python_dop_operator_3.py for tasks to queue
[2025-07-16T23:57:33.306+0000] {logging_mixin.py:188} INFO - [2025-07-16T23:57:33.306+0000] {dagbag.py:538} INFO - Filling up the DagBag from /home/airflow/.local/lib/python3.8/site-packages/airflow/example_dags/example_branch_python_dop_operator_3.py
[2025-07-16T23:57:33.318+0000] {processor.py:840} INFO - DAG(s) 'example_branch_dop_operator_v3' retrieved from /home/airflow/.local/lib/python3.8/site-packages/airflow/example_dags/example_branch_python_dop_operator_3.py
[2025-07-16T23:57:33.353+0000] {logging_mixin.py:188} INFO - [2025-07-16T23:57:33.353+0000] {dag.py:3036} INFO - Sync 1 DAGs
[2025-07-16T23:57:33.411+0000] {logging_mixin.py:188} INFO - [2025-07-16T23:57:33.410+0000] {dag.py:3823} INFO - Setting next_dagrun for example_branch_dop_operator_v3 to 2025-07-16 23:56:00+00:00, run_after=2025-07-16 23:57:00+00:00
[2025-07-16T23:57:33.457+0000] {processor.py:183} INFO - Processing /home/airflow/.local/lib/python3.8/site-packages/airflow/example_dags/example_branch_python_dop_operator_3.py took 0.160 seconds
[2025-07-16T23:58:04.266+0000] {processor.py:161} INFO - Started process (PID=3130) to work on /home/airflow/.local/lib/python3.8/site-packages/airflow/example_dags/example_branch_python_dop_operator_3.py
[2025-07-16T23:58:04.268+0000] {processor.py:830} INFO - Processing file /home/airflow/.local/lib/python3.8/site-packages/airflow/example_dags/example_branch_python_dop_operator_3.py for tasks to queue
[2025-07-16T23:58:04.272+0000] {logging_mixin.py:188} INFO - [2025-07-16T23:58:04.272+0000] {dagbag.py:538} INFO - Filling up the DagBag from /home/airflow/.local/lib/python3.8/site-packages/airflow/example_dags/example_branch_python_dop_operator_3.py
[2025-07-16T23:58:04.292+0000] {processor.py:840} INFO - DAG(s) 'example_branch_dop_operator_v3' retrieved from /home/airflow/.local/lib/python3.8/site-packages/airflow/example_dags/example_branch_python_dop_operator_3.py
[2025-07-16T23:58:04.336+0000] {logging_mixin.py:188} INFO - [2025-07-16T23:58:04.336+0000] {dag.py:3036} INFO - Sync 1 DAGs
[2025-07-16T23:58:04.398+0000] {logging_mixin.py:188} INFO - [2025-07-16T23:58:04.398+0000] {dag.py:3823} INFO - Setting next_dagrun for example_branch_dop_operator_v3 to 2025-07-16 23:57:00+00:00, run_after=2025-07-16 23:58:00+00:00
[2025-07-16T23:58:04.433+0000] {processor.py:183} INFO - Processing /home/airflow/.local/lib/python3.8/site-packages/airflow/example_dags/example_branch_python_dop_operator_3.py took 0.173 seconds
[2025-07-16T23:58:34.524+0000] {processor.py:161} INFO - Started process (PID=3194) to work on /home/airflow/.local/lib/python3.8/site-packages/airflow/example_dags/example_branch_python_dop_operator_3.py
[2025-07-16T23:58:34.525+0000] {processor.py:830} INFO - Processing file /home/airflow/.local/lib/python3.8/site-packages/airflow/example_dags/example_branch_python_dop_operator_3.py for tasks to queue
[2025-07-16T23:58:34.528+0000] {logging_mixin.py:188} INFO - [2025-07-16T23:58:34.527+0000] {dagbag.py:538} INFO - Filling up the DagBag from /home/airflow/.local/lib/python3.8/site-packages/airflow/example_dags/example_branch_python_dop_operator_3.py
[2025-07-16T23:58:34.543+0000] {processor.py:840} INFO - DAG(s) 'example_branch_dop_operator_v3' retrieved from /home/airflow/.local/lib/python3.8/site-packages/airflow/example_dags/example_branch_python_dop_operator_3.py
[2025-07-16T23:58:34.575+0000] {logging_mixin.py:188} INFO - [2025-07-16T23:58:34.575+0000] {dag.py:3036} INFO - Sync 1 DAGs
[2025-07-16T23:58:34.613+0000] {logging_mixin.py:188} INFO - [2025-07-16T23:58:34.613+0000] {dag.py:3823} INFO - Setting next_dagrun for example_branch_dop_operator_v3 to 2025-07-16 23:57:00+00:00, run_after=2025-07-16 23:58:00+00:00
[2025-07-16T23:58:34.642+0000] {processor.py:183} INFO - Processing /home/airflow/.local/lib/python3.8/site-packages/airflow/example_dags/example_branch_python_dop_operator_3.py took 0.123 seconds
[2025-07-16T23:59:05.050+0000] {processor.py:161} INFO - Started process (PID=3259) to work on /home/airflow/.local/lib/python3.8/site-packages/airflow/example_dags/example_branch_python_dop_operator_3.py
[2025-07-16T23:59:05.052+0000] {processor.py:830} INFO - Processing file /home/airflow/.local/lib/python3.8/site-packages/airflow/example_dags/example_branch_python_dop_operator_3.py for tasks to queue
[2025-07-16T23:59:05.054+0000] {logging_mixin.py:188} INFO - [2025-07-16T23:59:05.054+0000] {dagbag.py:538} INFO - Filling up the DagBag from /home/airflow/.local/lib/python3.8/site-packages/airflow/example_dags/example_branch_python_dop_operator_3.py
[2025-07-16T23:59:05.066+0000] {processor.py:840} INFO - DAG(s) 'example_branch_dop_operator_v3' retrieved from /home/airflow/.local/lib/python3.8/site-packages/airflow/example_dags/example_branch_python_dop_operator_3.py
[2025-07-16T23:59:05.096+0000] {logging_mixin.py:188} INFO - [2025-07-16T23:59:05.096+0000] {dag.py:3036} INFO - Sync 1 DAGs
[2025-07-16T23:59:05.133+0000] {logging_mixin.py:188} INFO - [2025-07-16T23:59:05.133+0000] {dag.py:3823} INFO - Setting next_dagrun for example_branch_dop_operator_v3 to 2025-07-16 23:58:00+00:00, run_after=2025-07-16 23:59:00+00:00
[2025-07-16T23:59:05.164+0000] {processor.py:183} INFO - Processing /home/airflow/.local/lib/python3.8/site-packages/airflow/example_dags/example_branch_python_dop_operator_3.py took 0.118 seconds
[2025-07-16T23:59:35.272+0000] {processor.py:161} INFO - Started process (PID=3325) to work on /home/airflow/.local/lib/python3.8/site-packages/airflow/example_dags/example_branch_python_dop_operator_3.py
[2025-07-16T23:59:35.273+0000] {processor.py:830} INFO - Processing file /home/airflow/.local/lib/python3.8/site-packages/airflow/example_dags/example_branch_python_dop_operator_3.py for tasks to queue
[2025-07-16T23:59:35.276+0000] {logging_mixin.py:188} INFO - [2025-07-16T23:59:35.276+0000] {dagbag.py:538} INFO - Filling up the DagBag from /home/airflow/.local/lib/python3.8/site-packages/airflow/example_dags/example_branch_python_dop_operator_3.py
[2025-07-16T23:59:35.293+0000] {processor.py:840} INFO - DAG(s) 'example_branch_dop_operator_v3' retrieved from /home/airflow/.local/lib/python3.8/site-packages/airflow/example_dags/example_branch_python_dop_operator_3.py
[2025-07-16T23:59:35.326+0000] {logging_mixin.py:188} INFO - [2025-07-16T23:59:35.326+0000] {dag.py:3036} INFO - Sync 1 DAGs
[2025-07-16T23:59:35.367+0000] {logging_mixin.py:188} INFO - [2025-07-16T23:59:35.366+0000] {dag.py:3823} INFO - Setting next_dagrun for example_branch_dop_operator_v3 to 2025-07-16 23:58:00+00:00, run_after=2025-07-16 23:59:00+00:00
[2025-07-16T23:59:35.401+0000] {processor.py:183} INFO - Processing /home/airflow/.local/lib/python3.8/site-packages/airflow/example_dags/example_branch_python_dop_operator_3.py took 0.134 seconds
