[2025-07-16T15:02:15.183+0000] {processor.py:161} INFO - Started process (PID=101) to work on /home/airflow/.local/lib/python3.8/site-packages/airflow/example_dags/example_kubernetes_executor.py
[2025-07-16T15:02:15.185+0000] {processor.py:830} INFO - Processing file /home/airflow/.local/lib/python3.8/site-packages/airflow/example_dags/example_kubernetes_executor.py for tasks to queue
[2025-07-16T15:02:15.191+0000] {logging_mixin.py:188} INFO - [2025-07-16T15:02:15.189+0000] {dagbag.py:538} INFO - Filling up the DagBag from /home/airflow/.local/lib/python3.8/site-packages/airflow/example_dags/example_kubernetes_executor.py
[2025-07-16T15:02:15.256+0000] {processor.py:840} INFO - DAG(s) 'example_kubernetes_executor' retrieved from /home/airflow/.local/lib/python3.8/site-packages/airflow/example_dags/example_kubernetes_executor.py
[2025-07-16T15:02:15.503+0000] {logging_mixin.py:188} INFO - [2025-07-16T15:02:15.502+0000] {dag.py:3036} INFO - Sync 1 DAGs
[2025-07-16T15:02:15.562+0000] {logging_mixin.py:188} INFO - [2025-07-16T15:02:15.561+0000] {dag.py:3823} INFO - Setting next_dagrun for example_kubernetes_executor to None, run_after=None
[2025-07-16T15:02:15.672+0000] {processor.py:183} INFO - Processing /home/airflow/.local/lib/python3.8/site-packages/airflow/example_dags/example_kubernetes_executor.py took 0.516 seconds
[2025-07-16T15:02:46.339+0000] {processor.py:161} INFO - Started process (PID=162) to work on /home/airflow/.local/lib/python3.8/site-packages/airflow/example_dags/example_kubernetes_executor.py
[2025-07-16T15:02:46.341+0000] {processor.py:830} INFO - Processing file /home/airflow/.local/lib/python3.8/site-packages/airflow/example_dags/example_kubernetes_executor.py for tasks to queue
[2025-07-16T15:02:46.346+0000] {logging_mixin.py:188} INFO - [2025-07-16T15:02:46.345+0000] {dagbag.py:538} INFO - Filling up the DagBag from /home/airflow/.local/lib/python3.8/site-packages/airflow/example_dags/example_kubernetes_executor.py
[2025-07-16T15:02:46.377+0000] {processor.py:840} INFO - DAG(s) 'example_kubernetes_executor' retrieved from /home/airflow/.local/lib/python3.8/site-packages/airflow/example_dags/example_kubernetes_executor.py
[2025-07-16T15:02:46.502+0000] {logging_mixin.py:188} INFO - [2025-07-16T15:02:46.502+0000] {dag.py:3036} INFO - Sync 1 DAGs
[2025-07-16T15:02:46.523+0000] {logging_mixin.py:188} INFO - [2025-07-16T15:02:46.523+0000] {dag.py:3823} INFO - Setting next_dagrun for example_kubernetes_executor to None, run_after=None
[2025-07-16T15:02:46.554+0000] {processor.py:183} INFO - Processing /home/airflow/.local/lib/python3.8/site-packages/airflow/example_dags/example_kubernetes_executor.py took 0.221 seconds
[2025-07-16T15:03:16.732+0000] {processor.py:161} INFO - Started process (PID=226) to work on /home/airflow/.local/lib/python3.8/site-packages/airflow/example_dags/example_kubernetes_executor.py
[2025-07-16T15:03:16.733+0000] {processor.py:830} INFO - Processing file /home/airflow/.local/lib/python3.8/site-packages/airflow/example_dags/example_kubernetes_executor.py for tasks to queue
[2025-07-16T15:03:16.737+0000] {logging_mixin.py:188} INFO - [2025-07-16T15:03:16.736+0000] {dagbag.py:538} INFO - Filling up the DagBag from /home/airflow/.local/lib/python3.8/site-packages/airflow/example_dags/example_kubernetes_executor.py
[2025-07-16T15:03:16.758+0000] {processor.py:840} INFO - DAG(s) 'example_kubernetes_executor' retrieved from /home/airflow/.local/lib/python3.8/site-packages/airflow/example_dags/example_kubernetes_executor.py
[2025-07-16T15:03:16.819+0000] {logging_mixin.py:188} INFO - [2025-07-16T15:03:16.818+0000] {dag.py:3036} INFO - Sync 1 DAGs
[2025-07-16T15:03:16.843+0000] {logging_mixin.py:188} INFO - [2025-07-16T15:03:16.843+0000] {dag.py:3823} INFO - Setting next_dagrun for example_kubernetes_executor to None, run_after=None
[2025-07-16T15:03:16.876+0000] {processor.py:183} INFO - Processing /home/airflow/.local/lib/python3.8/site-packages/airflow/example_dags/example_kubernetes_executor.py took 0.149 seconds
[2025-07-16T15:03:47.264+0000] {processor.py:161} INFO - Started process (PID=290) to work on /home/airflow/.local/lib/python3.8/site-packages/airflow/example_dags/example_kubernetes_executor.py
[2025-07-16T15:03:47.266+0000] {processor.py:830} INFO - Processing file /home/airflow/.local/lib/python3.8/site-packages/airflow/example_dags/example_kubernetes_executor.py for tasks to queue
[2025-07-16T15:03:47.270+0000] {logging_mixin.py:188} INFO - [2025-07-16T15:03:47.269+0000] {dagbag.py:538} INFO - Filling up the DagBag from /home/airflow/.local/lib/python3.8/site-packages/airflow/example_dags/example_kubernetes_executor.py
[2025-07-16T15:03:47.300+0000] {processor.py:840} INFO - DAG(s) 'example_kubernetes_executor' retrieved from /home/airflow/.local/lib/python3.8/site-packages/airflow/example_dags/example_kubernetes_executor.py
[2025-07-16T15:03:47.368+0000] {logging_mixin.py:188} INFO - [2025-07-16T15:03:47.368+0000] {dag.py:3036} INFO - Sync 1 DAGs
[2025-07-16T15:03:47.392+0000] {logging_mixin.py:188} INFO - [2025-07-16T15:03:47.392+0000] {dag.py:3823} INFO - Setting next_dagrun for example_kubernetes_executor to None, run_after=None
[2025-07-16T15:03:47.427+0000] {processor.py:183} INFO - Processing /home/airflow/.local/lib/python3.8/site-packages/airflow/example_dags/example_kubernetes_executor.py took 0.169 seconds
[2025-07-16T23:34:11.433+0000] {processor.py:161} INFO - Started process (PID=93) to work on /home/airflow/.local/lib/python3.8/site-packages/airflow/example_dags/example_kubernetes_executor.py
[2025-07-16T23:34:11.436+0000] {processor.py:830} INFO - Processing file /home/airflow/.local/lib/python3.8/site-packages/airflow/example_dags/example_kubernetes_executor.py for tasks to queue
[2025-07-16T23:34:11.445+0000] {logging_mixin.py:188} INFO - [2025-07-16T23:34:11.444+0000] {dagbag.py:538} INFO - Filling up the DagBag from /home/airflow/.local/lib/python3.8/site-packages/airflow/example_dags/example_kubernetes_executor.py
[2025-07-16T23:34:11.498+0000] {processor.py:840} INFO - DAG(s) 'example_kubernetes_executor' retrieved from /home/airflow/.local/lib/python3.8/site-packages/airflow/example_dags/example_kubernetes_executor.py
[2025-07-16T23:34:11.608+0000] {logging_mixin.py:188} INFO - [2025-07-16T23:34:11.607+0000] {dag.py:3036} INFO - Sync 1 DAGs
[2025-07-16T23:34:11.643+0000] {logging_mixin.py:188} INFO - [2025-07-16T23:34:11.642+0000] {dag.py:3823} INFO - Setting next_dagrun for example_kubernetes_executor to None, run_after=None
[2025-07-16T23:34:11.702+0000] {processor.py:183} INFO - Processing /home/airflow/.local/lib/python3.8/site-packages/airflow/example_dags/example_kubernetes_executor.py took 0.298 seconds
[2025-07-16T23:34:41.769+0000] {processor.py:161} INFO - Started process (PID=154) to work on /home/airflow/.local/lib/python3.8/site-packages/airflow/example_dags/example_kubernetes_executor.py
[2025-07-16T23:34:41.771+0000] {processor.py:830} INFO - Processing file /home/airflow/.local/lib/python3.8/site-packages/airflow/example_dags/example_kubernetes_executor.py for tasks to queue
[2025-07-16T23:34:41.773+0000] {logging_mixin.py:188} INFO - [2025-07-16T23:34:41.773+0000] {dagbag.py:538} INFO - Filling up the DagBag from /home/airflow/.local/lib/python3.8/site-packages/airflow/example_dags/example_kubernetes_executor.py
[2025-07-16T23:34:41.795+0000] {processor.py:840} INFO - DAG(s) 'example_kubernetes_executor' retrieved from /home/airflow/.local/lib/python3.8/site-packages/airflow/example_dags/example_kubernetes_executor.py
[2025-07-16T23:34:41.842+0000] {logging_mixin.py:188} INFO - [2025-07-16T23:34:41.842+0000] {dag.py:3036} INFO - Sync 1 DAGs
[2025-07-16T23:34:41.859+0000] {logging_mixin.py:188} INFO - [2025-07-16T23:34:41.858+0000] {dag.py:3823} INFO - Setting next_dagrun for example_kubernetes_executor to None, run_after=None
[2025-07-16T23:34:41.883+0000] {processor.py:183} INFO - Processing /home/airflow/.local/lib/python3.8/site-packages/airflow/example_dags/example_kubernetes_executor.py took 0.119 seconds
[2025-07-16T23:35:12.011+0000] {processor.py:161} INFO - Started process (PID=220) to work on /home/airflow/.local/lib/python3.8/site-packages/airflow/example_dags/example_kubernetes_executor.py
[2025-07-16T23:35:12.012+0000] {processor.py:830} INFO - Processing file /home/airflow/.local/lib/python3.8/site-packages/airflow/example_dags/example_kubernetes_executor.py for tasks to queue
[2025-07-16T23:35:12.015+0000] {logging_mixin.py:188} INFO - [2025-07-16T23:35:12.015+0000] {dagbag.py:538} INFO - Filling up the DagBag from /home/airflow/.local/lib/python3.8/site-packages/airflow/example_dags/example_kubernetes_executor.py
[2025-07-16T23:35:12.037+0000] {processor.py:840} INFO - DAG(s) 'example_kubernetes_executor' retrieved from /home/airflow/.local/lib/python3.8/site-packages/airflow/example_dags/example_kubernetes_executor.py
[2025-07-16T23:35:12.089+0000] {logging_mixin.py:188} INFO - [2025-07-16T23:35:12.089+0000] {dag.py:3036} INFO - Sync 1 DAGs
[2025-07-16T23:35:12.108+0000] {logging_mixin.py:188} INFO - [2025-07-16T23:35:12.108+0000] {dag.py:3823} INFO - Setting next_dagrun for example_kubernetes_executor to None, run_after=None
[2025-07-16T23:35:12.135+0000] {processor.py:183} INFO - Processing /home/airflow/.local/lib/python3.8/site-packages/airflow/example_dags/example_kubernetes_executor.py took 0.131 seconds
[2025-07-16T23:35:42.780+0000] {processor.py:161} INFO - Started process (PID=286) to work on /home/airflow/.local/lib/python3.8/site-packages/airflow/example_dags/example_kubernetes_executor.py
[2025-07-16T23:35:42.782+0000] {processor.py:830} INFO - Processing file /home/airflow/.local/lib/python3.8/site-packages/airflow/example_dags/example_kubernetes_executor.py for tasks to queue
[2025-07-16T23:35:42.785+0000] {logging_mixin.py:188} INFO - [2025-07-16T23:35:42.785+0000] {dagbag.py:538} INFO - Filling up the DagBag from /home/airflow/.local/lib/python3.8/site-packages/airflow/example_dags/example_kubernetes_executor.py
[2025-07-16T23:35:42.812+0000] {processor.py:840} INFO - DAG(s) 'example_kubernetes_executor' retrieved from /home/airflow/.local/lib/python3.8/site-packages/airflow/example_dags/example_kubernetes_executor.py
[2025-07-16T23:35:42.879+0000] {logging_mixin.py:188} INFO - [2025-07-16T23:35:42.879+0000] {dag.py:3036} INFO - Sync 1 DAGs
[2025-07-16T23:35:42.895+0000] {logging_mixin.py:188} INFO - [2025-07-16T23:35:42.895+0000] {dag.py:3823} INFO - Setting next_dagrun for example_kubernetes_executor to None, run_after=None
[2025-07-16T23:35:42.921+0000] {processor.py:183} INFO - Processing /home/airflow/.local/lib/python3.8/site-packages/airflow/example_dags/example_kubernetes_executor.py took 0.147 seconds
[2025-07-16T23:36:13.918+0000] {processor.py:161} INFO - Started process (PID=358) to work on /home/airflow/.local/lib/python3.8/site-packages/airflow/example_dags/example_kubernetes_executor.py
[2025-07-16T23:36:13.920+0000] {processor.py:830} INFO - Processing file /home/airflow/.local/lib/python3.8/site-packages/airflow/example_dags/example_kubernetes_executor.py for tasks to queue
[2025-07-16T23:36:13.923+0000] {logging_mixin.py:188} INFO - [2025-07-16T23:36:13.923+0000] {dagbag.py:538} INFO - Filling up the DagBag from /home/airflow/.local/lib/python3.8/site-packages/airflow/example_dags/example_kubernetes_executor.py
[2025-07-16T23:36:13.944+0000] {processor.py:840} INFO - DAG(s) 'example_kubernetes_executor' retrieved from /home/airflow/.local/lib/python3.8/site-packages/airflow/example_dags/example_kubernetes_executor.py
[2025-07-16T23:36:13.996+0000] {logging_mixin.py:188} INFO - [2025-07-16T23:36:13.996+0000] {dag.py:3036} INFO - Sync 1 DAGs
[2025-07-16T23:36:14.011+0000] {logging_mixin.py:188} INFO - [2025-07-16T23:36:14.011+0000] {dag.py:3823} INFO - Setting next_dagrun for example_kubernetes_executor to None, run_after=None
[2025-07-16T23:36:14.036+0000] {processor.py:183} INFO - Processing /home/airflow/.local/lib/python3.8/site-packages/airflow/example_dags/example_kubernetes_executor.py took 0.123 seconds
[2025-07-16T23:36:44.814+0000] {processor.py:161} INFO - Started process (PID=423) to work on /home/airflow/.local/lib/python3.8/site-packages/airflow/example_dags/example_kubernetes_executor.py
[2025-07-16T23:36:44.815+0000] {processor.py:830} INFO - Processing file /home/airflow/.local/lib/python3.8/site-packages/airflow/example_dags/example_kubernetes_executor.py for tasks to queue
[2025-07-16T23:36:44.819+0000] {logging_mixin.py:188} INFO - [2025-07-16T23:36:44.818+0000] {dagbag.py:538} INFO - Filling up the DagBag from /home/airflow/.local/lib/python3.8/site-packages/airflow/example_dags/example_kubernetes_executor.py
[2025-07-16T23:36:44.846+0000] {processor.py:840} INFO - DAG(s) 'example_kubernetes_executor' retrieved from /home/airflow/.local/lib/python3.8/site-packages/airflow/example_dags/example_kubernetes_executor.py
[2025-07-16T23:36:44.911+0000] {logging_mixin.py:188} INFO - [2025-07-16T23:36:44.910+0000] {dag.py:3036} INFO - Sync 1 DAGs
[2025-07-16T23:36:44.933+0000] {logging_mixin.py:188} INFO - [2025-07-16T23:36:44.932+0000] {dag.py:3823} INFO - Setting next_dagrun for example_kubernetes_executor to None, run_after=None
[2025-07-16T23:36:44.964+0000] {processor.py:183} INFO - Processing /home/airflow/.local/lib/python3.8/site-packages/airflow/example_dags/example_kubernetes_executor.py took 0.155 seconds
[2025-07-16T23:37:15.078+0000] {processor.py:161} INFO - Started process (PID=485) to work on /home/airflow/.local/lib/python3.8/site-packages/airflow/example_dags/example_kubernetes_executor.py
[2025-07-16T23:37:15.080+0000] {processor.py:830} INFO - Processing file /home/airflow/.local/lib/python3.8/site-packages/airflow/example_dags/example_kubernetes_executor.py for tasks to queue
[2025-07-16T23:37:15.084+0000] {logging_mixin.py:188} INFO - [2025-07-16T23:37:15.084+0000] {dagbag.py:538} INFO - Filling up the DagBag from /home/airflow/.local/lib/python3.8/site-packages/airflow/example_dags/example_kubernetes_executor.py
[2025-07-16T23:37:15.124+0000] {processor.py:840} INFO - DAG(s) 'example_kubernetes_executor' retrieved from /home/airflow/.local/lib/python3.8/site-packages/airflow/example_dags/example_kubernetes_executor.py
[2025-07-16T23:37:15.236+0000] {logging_mixin.py:188} INFO - [2025-07-16T23:37:15.236+0000] {dag.py:3036} INFO - Sync 1 DAGs
[2025-07-16T23:37:15.270+0000] {logging_mixin.py:188} INFO - [2025-07-16T23:37:15.269+0000] {dag.py:3823} INFO - Setting next_dagrun for example_kubernetes_executor to None, run_after=None
[2025-07-16T23:37:15.317+0000] {processor.py:183} INFO - Processing /home/airflow/.local/lib/python3.8/site-packages/airflow/example_dags/example_kubernetes_executor.py took 0.248 seconds
[2025-07-16T23:37:45.685+0000] {processor.py:161} INFO - Started process (PID=551) to work on /home/airflow/.local/lib/python3.8/site-packages/airflow/example_dags/example_kubernetes_executor.py
[2025-07-16T23:37:45.689+0000] {processor.py:830} INFO - Processing file /home/airflow/.local/lib/python3.8/site-packages/airflow/example_dags/example_kubernetes_executor.py for tasks to queue
[2025-07-16T23:37:45.694+0000] {logging_mixin.py:188} INFO - [2025-07-16T23:37:45.694+0000] {dagbag.py:538} INFO - Filling up the DagBag from /home/airflow/.local/lib/python3.8/site-packages/airflow/example_dags/example_kubernetes_executor.py
[2025-07-16T23:37:45.779+0000] {processor.py:840} INFO - DAG(s) 'example_kubernetes_executor' retrieved from /home/airflow/.local/lib/python3.8/site-packages/airflow/example_dags/example_kubernetes_executor.py
[2025-07-16T23:37:45.893+0000] {logging_mixin.py:188} INFO - [2025-07-16T23:37:45.893+0000] {dag.py:3036} INFO - Sync 1 DAGs
[2025-07-16T23:37:45.941+0000] {logging_mixin.py:188} INFO - [2025-07-16T23:37:45.940+0000] {dag.py:3823} INFO - Setting next_dagrun for example_kubernetes_executor to None, run_after=None
[2025-07-16T23:37:46.001+0000] {processor.py:183} INFO - Processing /home/airflow/.local/lib/python3.8/site-packages/airflow/example_dags/example_kubernetes_executor.py took 0.323 seconds
[2025-07-16T23:38:17.037+0000] {processor.py:161} INFO - Started process (PID=617) to work on /home/airflow/.local/lib/python3.8/site-packages/airflow/example_dags/example_kubernetes_executor.py
[2025-07-16T23:38:17.038+0000] {processor.py:830} INFO - Processing file /home/airflow/.local/lib/python3.8/site-packages/airflow/example_dags/example_kubernetes_executor.py for tasks to queue
[2025-07-16T23:38:17.042+0000] {logging_mixin.py:188} INFO - [2025-07-16T23:38:17.041+0000] {dagbag.py:538} INFO - Filling up the DagBag from /home/airflow/.local/lib/python3.8/site-packages/airflow/example_dags/example_kubernetes_executor.py
[2025-07-16T23:38:17.065+0000] {processor.py:840} INFO - DAG(s) 'example_kubernetes_executor' retrieved from /home/airflow/.local/lib/python3.8/site-packages/airflow/example_dags/example_kubernetes_executor.py
[2025-07-16T23:38:17.146+0000] {logging_mixin.py:188} INFO - [2025-07-16T23:38:17.145+0000] {dag.py:3036} INFO - Sync 1 DAGs
[2025-07-16T23:38:17.170+0000] {logging_mixin.py:188} INFO - [2025-07-16T23:38:17.170+0000] {dag.py:3823} INFO - Setting next_dagrun for example_kubernetes_executor to None, run_after=None
[2025-07-16T23:38:17.211+0000] {processor.py:183} INFO - Processing /home/airflow/.local/lib/python3.8/site-packages/airflow/example_dags/example_kubernetes_executor.py took 0.181 seconds
[2025-07-16T23:38:48.297+0000] {processor.py:161} INFO - Started process (PID=683) to work on /home/airflow/.local/lib/python3.8/site-packages/airflow/example_dags/example_kubernetes_executor.py
[2025-07-16T23:38:48.298+0000] {processor.py:830} INFO - Processing file /home/airflow/.local/lib/python3.8/site-packages/airflow/example_dags/example_kubernetes_executor.py for tasks to queue
[2025-07-16T23:38:48.302+0000] {logging_mixin.py:188} INFO - [2025-07-16T23:38:48.301+0000] {dagbag.py:538} INFO - Filling up the DagBag from /home/airflow/.local/lib/python3.8/site-packages/airflow/example_dags/example_kubernetes_executor.py
[2025-07-16T23:38:48.328+0000] {processor.py:840} INFO - DAG(s) 'example_kubernetes_executor' retrieved from /home/airflow/.local/lib/python3.8/site-packages/airflow/example_dags/example_kubernetes_executor.py
[2025-07-16T23:38:48.392+0000] {logging_mixin.py:188} INFO - [2025-07-16T23:38:48.392+0000] {dag.py:3036} INFO - Sync 1 DAGs
[2025-07-16T23:38:48.420+0000] {logging_mixin.py:188} INFO - [2025-07-16T23:38:48.419+0000] {dag.py:3823} INFO - Setting next_dagrun for example_kubernetes_executor to None, run_after=None
[2025-07-16T23:38:48.456+0000] {processor.py:183} INFO - Processing /home/airflow/.local/lib/python3.8/site-packages/airflow/example_dags/example_kubernetes_executor.py took 0.165 seconds
[2025-07-16T23:39:18.540+0000] {processor.py:161} INFO - Started process (PID=748) to work on /home/airflow/.local/lib/python3.8/site-packages/airflow/example_dags/example_kubernetes_executor.py
[2025-07-16T23:39:18.542+0000] {processor.py:830} INFO - Processing file /home/airflow/.local/lib/python3.8/site-packages/airflow/example_dags/example_kubernetes_executor.py for tasks to queue
[2025-07-16T23:39:18.546+0000] {logging_mixin.py:188} INFO - [2025-07-16T23:39:18.545+0000] {dagbag.py:538} INFO - Filling up the DagBag from /home/airflow/.local/lib/python3.8/site-packages/airflow/example_dags/example_kubernetes_executor.py
[2025-07-16T23:39:18.574+0000] {processor.py:840} INFO - DAG(s) 'example_kubernetes_executor' retrieved from /home/airflow/.local/lib/python3.8/site-packages/airflow/example_dags/example_kubernetes_executor.py
[2025-07-16T23:39:18.642+0000] {logging_mixin.py:188} INFO - [2025-07-16T23:39:18.641+0000] {dag.py:3036} INFO - Sync 1 DAGs
[2025-07-16T23:39:18.671+0000] {logging_mixin.py:188} INFO - [2025-07-16T23:39:18.670+0000] {dag.py:3823} INFO - Setting next_dagrun for example_kubernetes_executor to None, run_after=None
[2025-07-16T23:39:18.715+0000] {processor.py:183} INFO - Processing /home/airflow/.local/lib/python3.8/site-packages/airflow/example_dags/example_kubernetes_executor.py took 0.182 seconds
[2025-07-16T23:39:49.240+0000] {processor.py:161} INFO - Started process (PID=813) to work on /home/airflow/.local/lib/python3.8/site-packages/airflow/example_dags/example_kubernetes_executor.py
[2025-07-16T23:39:49.241+0000] {processor.py:830} INFO - Processing file /home/airflow/.local/lib/python3.8/site-packages/airflow/example_dags/example_kubernetes_executor.py for tasks to queue
[2025-07-16T23:39:49.253+0000] {logging_mixin.py:188} INFO - [2025-07-16T23:39:49.250+0000] {dagbag.py:538} INFO - Filling up the DagBag from /home/airflow/.local/lib/python3.8/site-packages/airflow/example_dags/example_kubernetes_executor.py
[2025-07-16T23:39:49.294+0000] {processor.py:840} INFO - DAG(s) 'example_kubernetes_executor' retrieved from /home/airflow/.local/lib/python3.8/site-packages/airflow/example_dags/example_kubernetes_executor.py
[2025-07-16T23:39:49.368+0000] {logging_mixin.py:188} INFO - [2025-07-16T23:39:49.367+0000] {dag.py:3036} INFO - Sync 1 DAGs
[2025-07-16T23:39:49.388+0000] {logging_mixin.py:188} INFO - [2025-07-16T23:39:49.387+0000] {dag.py:3823} INFO - Setting next_dagrun for example_kubernetes_executor to None, run_after=None
[2025-07-16T23:39:49.416+0000] {processor.py:183} INFO - Processing /home/airflow/.local/lib/python3.8/site-packages/airflow/example_dags/example_kubernetes_executor.py took 0.183 seconds
[2025-07-16T23:40:20.292+0000] {processor.py:161} INFO - Started process (PID=879) to work on /home/airflow/.local/lib/python3.8/site-packages/airflow/example_dags/example_kubernetes_executor.py
[2025-07-16T23:40:20.294+0000] {processor.py:830} INFO - Processing file /home/airflow/.local/lib/python3.8/site-packages/airflow/example_dags/example_kubernetes_executor.py for tasks to queue
[2025-07-16T23:40:20.298+0000] {logging_mixin.py:188} INFO - [2025-07-16T23:40:20.297+0000] {dagbag.py:538} INFO - Filling up the DagBag from /home/airflow/.local/lib/python3.8/site-packages/airflow/example_dags/example_kubernetes_executor.py
[2025-07-16T23:40:20.327+0000] {processor.py:840} INFO - DAG(s) 'example_kubernetes_executor' retrieved from /home/airflow/.local/lib/python3.8/site-packages/airflow/example_dags/example_kubernetes_executor.py
[2025-07-16T23:40:20.390+0000] {logging_mixin.py:188} INFO - [2025-07-16T23:40:20.390+0000] {dag.py:3036} INFO - Sync 1 DAGs
[2025-07-16T23:40:20.417+0000] {logging_mixin.py:188} INFO - [2025-07-16T23:40:20.417+0000] {dag.py:3823} INFO - Setting next_dagrun for example_kubernetes_executor to None, run_after=None
[2025-07-16T23:40:20.452+0000] {processor.py:183} INFO - Processing /home/airflow/.local/lib/python3.8/site-packages/airflow/example_dags/example_kubernetes_executor.py took 0.167 seconds
[2025-07-16T23:40:50.881+0000] {processor.py:161} INFO - Started process (PID=942) to work on /home/airflow/.local/lib/python3.8/site-packages/airflow/example_dags/example_kubernetes_executor.py
[2025-07-16T23:40:50.883+0000] {processor.py:830} INFO - Processing file /home/airflow/.local/lib/python3.8/site-packages/airflow/example_dags/example_kubernetes_executor.py for tasks to queue
[2025-07-16T23:40:50.886+0000] {logging_mixin.py:188} INFO - [2025-07-16T23:40:50.886+0000] {dagbag.py:538} INFO - Filling up the DagBag from /home/airflow/.local/lib/python3.8/site-packages/airflow/example_dags/example_kubernetes_executor.py
[2025-07-16T23:40:50.911+0000] {processor.py:840} INFO - DAG(s) 'example_kubernetes_executor' retrieved from /home/airflow/.local/lib/python3.8/site-packages/airflow/example_dags/example_kubernetes_executor.py
[2025-07-16T23:40:50.972+0000] {logging_mixin.py:188} INFO - [2025-07-16T23:40:50.972+0000] {dag.py:3036} INFO - Sync 1 DAGs
[2025-07-16T23:40:50.991+0000] {logging_mixin.py:188} INFO - [2025-07-16T23:40:50.991+0000] {dag.py:3823} INFO - Setting next_dagrun for example_kubernetes_executor to None, run_after=None
[2025-07-16T23:40:51.037+0000] {processor.py:183} INFO - Processing /home/airflow/.local/lib/python3.8/site-packages/airflow/example_dags/example_kubernetes_executor.py took 0.163 seconds
[2025-07-16T23:41:21.248+0000] {processor.py:161} INFO - Started process (PID=1003) to work on /home/airflow/.local/lib/python3.8/site-packages/airflow/example_dags/example_kubernetes_executor.py
[2025-07-16T23:41:21.250+0000] {processor.py:830} INFO - Processing file /home/airflow/.local/lib/python3.8/site-packages/airflow/example_dags/example_kubernetes_executor.py for tasks to queue
[2025-07-16T23:41:21.254+0000] {logging_mixin.py:188} INFO - [2025-07-16T23:41:21.253+0000] {dagbag.py:538} INFO - Filling up the DagBag from /home/airflow/.local/lib/python3.8/site-packages/airflow/example_dags/example_kubernetes_executor.py
[2025-07-16T23:41:21.277+0000] {processor.py:840} INFO - DAG(s) 'example_kubernetes_executor' retrieved from /home/airflow/.local/lib/python3.8/site-packages/airflow/example_dags/example_kubernetes_executor.py
[2025-07-16T23:41:21.340+0000] {logging_mixin.py:188} INFO - [2025-07-16T23:41:21.340+0000] {dag.py:3036} INFO - Sync 1 DAGs
[2025-07-16T23:41:21.361+0000] {logging_mixin.py:188} INFO - [2025-07-16T23:41:21.360+0000] {dag.py:3823} INFO - Setting next_dagrun for example_kubernetes_executor to None, run_after=None
[2025-07-16T23:41:21.388+0000] {processor.py:183} INFO - Processing /home/airflow/.local/lib/python3.8/site-packages/airflow/example_dags/example_kubernetes_executor.py took 0.146 seconds
[2025-07-16T23:41:53.189+0000] {processor.py:161} INFO - Started process (PID=1069) to work on /home/airflow/.local/lib/python3.8/site-packages/airflow/example_dags/example_kubernetes_executor.py
[2025-07-16T23:41:53.190+0000] {processor.py:830} INFO - Processing file /home/airflow/.local/lib/python3.8/site-packages/airflow/example_dags/example_kubernetes_executor.py for tasks to queue
[2025-07-16T23:41:53.194+0000] {logging_mixin.py:188} INFO - [2025-07-16T23:41:53.193+0000] {dagbag.py:538} INFO - Filling up the DagBag from /home/airflow/.local/lib/python3.8/site-packages/airflow/example_dags/example_kubernetes_executor.py
[2025-07-16T23:41:53.237+0000] {processor.py:840} INFO - DAG(s) 'example_kubernetes_executor' retrieved from /home/airflow/.local/lib/python3.8/site-packages/airflow/example_dags/example_kubernetes_executor.py
[2025-07-16T23:41:53.378+0000] {logging_mixin.py:188} INFO - [2025-07-16T23:41:53.378+0000] {dag.py:3036} INFO - Sync 1 DAGs
[2025-07-16T23:41:53.436+0000] {logging_mixin.py:188} INFO - [2025-07-16T23:41:53.435+0000] {dag.py:3823} INFO - Setting next_dagrun for example_kubernetes_executor to None, run_after=None
[2025-07-16T23:41:53.523+0000] {processor.py:183} INFO - Processing /home/airflow/.local/lib/python3.8/site-packages/airflow/example_dags/example_kubernetes_executor.py took 0.341 seconds
[2025-07-16T23:42:24.056+0000] {processor.py:161} INFO - Started process (PID=1134) to work on /home/airflow/.local/lib/python3.8/site-packages/airflow/example_dags/example_kubernetes_executor.py
[2025-07-16T23:42:24.057+0000] {processor.py:830} INFO - Processing file /home/airflow/.local/lib/python3.8/site-packages/airflow/example_dags/example_kubernetes_executor.py for tasks to queue
[2025-07-16T23:42:24.060+0000] {logging_mixin.py:188} INFO - [2025-07-16T23:42:24.059+0000] {dagbag.py:538} INFO - Filling up the DagBag from /home/airflow/.local/lib/python3.8/site-packages/airflow/example_dags/example_kubernetes_executor.py
[2025-07-16T23:42:24.083+0000] {processor.py:840} INFO - DAG(s) 'example_kubernetes_executor' retrieved from /home/airflow/.local/lib/python3.8/site-packages/airflow/example_dags/example_kubernetes_executor.py
[2025-07-16T23:42:24.151+0000] {logging_mixin.py:188} INFO - [2025-07-16T23:42:24.151+0000] {dag.py:3036} INFO - Sync 1 DAGs
[2025-07-16T23:42:24.176+0000] {logging_mixin.py:188} INFO - [2025-07-16T23:42:24.176+0000] {dag.py:3823} INFO - Setting next_dagrun for example_kubernetes_executor to None, run_after=None
[2025-07-16T23:42:24.214+0000] {processor.py:183} INFO - Processing /home/airflow/.local/lib/python3.8/site-packages/airflow/example_dags/example_kubernetes_executor.py took 0.164 seconds
[2025-07-16T23:42:54.980+0000] {processor.py:161} INFO - Started process (PID=1200) to work on /home/airflow/.local/lib/python3.8/site-packages/airflow/example_dags/example_kubernetes_executor.py
[2025-07-16T23:42:54.982+0000] {processor.py:830} INFO - Processing file /home/airflow/.local/lib/python3.8/site-packages/airflow/example_dags/example_kubernetes_executor.py for tasks to queue
[2025-07-16T23:42:54.987+0000] {logging_mixin.py:188} INFO - [2025-07-16T23:42:54.987+0000] {dagbag.py:538} INFO - Filling up the DagBag from /home/airflow/.local/lib/python3.8/site-packages/airflow/example_dags/example_kubernetes_executor.py
[2025-07-16T23:42:55.017+0000] {processor.py:840} INFO - DAG(s) 'example_kubernetes_executor' retrieved from /home/airflow/.local/lib/python3.8/site-packages/airflow/example_dags/example_kubernetes_executor.py
[2025-07-16T23:42:55.080+0000] {logging_mixin.py:188} INFO - [2025-07-16T23:42:55.079+0000] {dag.py:3036} INFO - Sync 1 DAGs
[2025-07-16T23:42:55.102+0000] {logging_mixin.py:188} INFO - [2025-07-16T23:42:55.102+0000] {dag.py:3823} INFO - Setting next_dagrun for example_kubernetes_executor to None, run_after=None
[2025-07-16T23:42:55.134+0000] {processor.py:183} INFO - Processing /home/airflow/.local/lib/python3.8/site-packages/airflow/example_dags/example_kubernetes_executor.py took 0.160 seconds
[2025-07-16T23:43:25.186+0000] {processor.py:161} INFO - Started process (PID=1264) to work on /home/airflow/.local/lib/python3.8/site-packages/airflow/example_dags/example_kubernetes_executor.py
[2025-07-16T23:43:25.188+0000] {processor.py:830} INFO - Processing file /home/airflow/.local/lib/python3.8/site-packages/airflow/example_dags/example_kubernetes_executor.py for tasks to queue
[2025-07-16T23:43:25.192+0000] {logging_mixin.py:188} INFO - [2025-07-16T23:43:25.191+0000] {dagbag.py:538} INFO - Filling up the DagBag from /home/airflow/.local/lib/python3.8/site-packages/airflow/example_dags/example_kubernetes_executor.py
[2025-07-16T23:43:25.224+0000] {processor.py:840} INFO - DAG(s) 'example_kubernetes_executor' retrieved from /home/airflow/.local/lib/python3.8/site-packages/airflow/example_dags/example_kubernetes_executor.py
[2025-07-16T23:43:25.278+0000] {logging_mixin.py:188} INFO - [2025-07-16T23:43:25.278+0000] {dag.py:3036} INFO - Sync 1 DAGs
[2025-07-16T23:43:25.295+0000] {logging_mixin.py:188} INFO - [2025-07-16T23:43:25.294+0000] {dag.py:3823} INFO - Setting next_dagrun for example_kubernetes_executor to None, run_after=None
[2025-07-16T23:43:25.324+0000] {processor.py:183} INFO - Processing /home/airflow/.local/lib/python3.8/site-packages/airflow/example_dags/example_kubernetes_executor.py took 0.145 seconds
[2025-07-16T23:43:56.074+0000] {processor.py:161} INFO - Started process (PID=1330) to work on /home/airflow/.local/lib/python3.8/site-packages/airflow/example_dags/example_kubernetes_executor.py
[2025-07-16T23:43:56.076+0000] {processor.py:830} INFO - Processing file /home/airflow/.local/lib/python3.8/site-packages/airflow/example_dags/example_kubernetes_executor.py for tasks to queue
[2025-07-16T23:43:56.080+0000] {logging_mixin.py:188} INFO - [2025-07-16T23:43:56.079+0000] {dagbag.py:538} INFO - Filling up the DagBag from /home/airflow/.local/lib/python3.8/site-packages/airflow/example_dags/example_kubernetes_executor.py
[2025-07-16T23:43:56.117+0000] {processor.py:840} INFO - DAG(s) 'example_kubernetes_executor' retrieved from /home/airflow/.local/lib/python3.8/site-packages/airflow/example_dags/example_kubernetes_executor.py
[2025-07-16T23:43:56.257+0000] {logging_mixin.py:188} INFO - [2025-07-16T23:43:56.257+0000] {dag.py:3036} INFO - Sync 1 DAGs
[2025-07-16T23:43:56.315+0000] {logging_mixin.py:188} INFO - [2025-07-16T23:43:56.315+0000] {dag.py:3823} INFO - Setting next_dagrun for example_kubernetes_executor to None, run_after=None
[2025-07-16T23:43:56.363+0000] {processor.py:183} INFO - Processing /home/airflow/.local/lib/python3.8/site-packages/airflow/example_dags/example_kubernetes_executor.py took 0.296 seconds
[2025-07-16T23:44:27.444+0000] {processor.py:161} INFO - Started process (PID=1396) to work on /home/airflow/.local/lib/python3.8/site-packages/airflow/example_dags/example_kubernetes_executor.py
[2025-07-16T23:44:27.447+0000] {processor.py:830} INFO - Processing file /home/airflow/.local/lib/python3.8/site-packages/airflow/example_dags/example_kubernetes_executor.py for tasks to queue
[2025-07-16T23:44:27.450+0000] {logging_mixin.py:188} INFO - [2025-07-16T23:44:27.449+0000] {dagbag.py:538} INFO - Filling up the DagBag from /home/airflow/.local/lib/python3.8/site-packages/airflow/example_dags/example_kubernetes_executor.py
[2025-07-16T23:44:27.482+0000] {processor.py:840} INFO - DAG(s) 'example_kubernetes_executor' retrieved from /home/airflow/.local/lib/python3.8/site-packages/airflow/example_dags/example_kubernetes_executor.py
[2025-07-16T23:44:27.586+0000] {logging_mixin.py:188} INFO - [2025-07-16T23:44:27.586+0000] {dag.py:3036} INFO - Sync 1 DAGs
[2025-07-16T23:44:27.615+0000] {logging_mixin.py:188} INFO - [2025-07-16T23:44:27.611+0000] {dag.py:3823} INFO - Setting next_dagrun for example_kubernetes_executor to None, run_after=None
[2025-07-16T23:44:27.655+0000] {processor.py:183} INFO - Processing /home/airflow/.local/lib/python3.8/site-packages/airflow/example_dags/example_kubernetes_executor.py took 0.217 seconds
[2025-07-16T23:44:58.192+0000] {processor.py:161} INFO - Started process (PID=1458) to work on /home/airflow/.local/lib/python3.8/site-packages/airflow/example_dags/example_kubernetes_executor.py
[2025-07-16T23:44:58.194+0000] {processor.py:830} INFO - Processing file /home/airflow/.local/lib/python3.8/site-packages/airflow/example_dags/example_kubernetes_executor.py for tasks to queue
[2025-07-16T23:44:58.197+0000] {logging_mixin.py:188} INFO - [2025-07-16T23:44:58.196+0000] {dagbag.py:538} INFO - Filling up the DagBag from /home/airflow/.local/lib/python3.8/site-packages/airflow/example_dags/example_kubernetes_executor.py
[2025-07-16T23:44:58.221+0000] {processor.py:840} INFO - DAG(s) 'example_kubernetes_executor' retrieved from /home/airflow/.local/lib/python3.8/site-packages/airflow/example_dags/example_kubernetes_executor.py
[2025-07-16T23:44:58.292+0000] {logging_mixin.py:188} INFO - [2025-07-16T23:44:58.291+0000] {dag.py:3036} INFO - Sync 1 DAGs
[2025-07-16T23:44:58.316+0000] {logging_mixin.py:188} INFO - [2025-07-16T23:44:58.316+0000] {dag.py:3823} INFO - Setting next_dagrun for example_kubernetes_executor to None, run_after=None
[2025-07-16T23:44:58.371+0000] {processor.py:183} INFO - Processing /home/airflow/.local/lib/python3.8/site-packages/airflow/example_dags/example_kubernetes_executor.py took 0.184 seconds
[2025-07-16T23:45:28.482+0000] {processor.py:161} INFO - Started process (PID=1522) to work on /home/airflow/.local/lib/python3.8/site-packages/airflow/example_dags/example_kubernetes_executor.py
[2025-07-16T23:45:28.483+0000] {processor.py:830} INFO - Processing file /home/airflow/.local/lib/python3.8/site-packages/airflow/example_dags/example_kubernetes_executor.py for tasks to queue
[2025-07-16T23:45:28.486+0000] {logging_mixin.py:188} INFO - [2025-07-16T23:45:28.485+0000] {dagbag.py:538} INFO - Filling up the DagBag from /home/airflow/.local/lib/python3.8/site-packages/airflow/example_dags/example_kubernetes_executor.py
[2025-07-16T23:45:28.505+0000] {processor.py:840} INFO - DAG(s) 'example_kubernetes_executor' retrieved from /home/airflow/.local/lib/python3.8/site-packages/airflow/example_dags/example_kubernetes_executor.py
[2025-07-16T23:45:28.561+0000] {logging_mixin.py:188} INFO - [2025-07-16T23:45:28.561+0000] {dag.py:3036} INFO - Sync 1 DAGs
[2025-07-16T23:45:28.579+0000] {logging_mixin.py:188} INFO - [2025-07-16T23:45:28.578+0000] {dag.py:3823} INFO - Setting next_dagrun for example_kubernetes_executor to None, run_after=None
[2025-07-16T23:45:28.608+0000] {processor.py:183} INFO - Processing /home/airflow/.local/lib/python3.8/site-packages/airflow/example_dags/example_kubernetes_executor.py took 0.130 seconds
[2025-07-16T23:45:58.739+0000] {processor.py:161} INFO - Started process (PID=1588) to work on /home/airflow/.local/lib/python3.8/site-packages/airflow/example_dags/example_kubernetes_executor.py
[2025-07-16T23:45:58.744+0000] {processor.py:830} INFO - Processing file /home/airflow/.local/lib/python3.8/site-packages/airflow/example_dags/example_kubernetes_executor.py for tasks to queue
[2025-07-16T23:45:58.747+0000] {logging_mixin.py:188} INFO - [2025-07-16T23:45:58.746+0000] {dagbag.py:538} INFO - Filling up the DagBag from /home/airflow/.local/lib/python3.8/site-packages/airflow/example_dags/example_kubernetes_executor.py
[2025-07-16T23:45:58.783+0000] {processor.py:840} INFO - DAG(s) 'example_kubernetes_executor' retrieved from /home/airflow/.local/lib/python3.8/site-packages/airflow/example_dags/example_kubernetes_executor.py
[2025-07-16T23:45:58.861+0000] {logging_mixin.py:188} INFO - [2025-07-16T23:45:58.861+0000] {dag.py:3036} INFO - Sync 1 DAGs
[2025-07-16T23:45:59.037+0000] {logging_mixin.py:188} INFO - [2025-07-16T23:45:58.954+0000] {dag.py:3823} INFO - Setting next_dagrun for example_kubernetes_executor to None, run_after=None
[2025-07-16T23:45:59.119+0000] {processor.py:183} INFO - Processing /home/airflow/.local/lib/python3.8/site-packages/airflow/example_dags/example_kubernetes_executor.py took 0.386 seconds
[2025-07-16T23:46:29.249+0000] {processor.py:161} INFO - Started process (PID=1653) to work on /home/airflow/.local/lib/python3.8/site-packages/airflow/example_dags/example_kubernetes_executor.py
[2025-07-16T23:46:29.251+0000] {processor.py:830} INFO - Processing file /home/airflow/.local/lib/python3.8/site-packages/airflow/example_dags/example_kubernetes_executor.py for tasks to queue
[2025-07-16T23:46:29.254+0000] {logging_mixin.py:188} INFO - [2025-07-16T23:46:29.254+0000] {dagbag.py:538} INFO - Filling up the DagBag from /home/airflow/.local/lib/python3.8/site-packages/airflow/example_dags/example_kubernetes_executor.py
[2025-07-16T23:46:29.277+0000] {processor.py:840} INFO - DAG(s) 'example_kubernetes_executor' retrieved from /home/airflow/.local/lib/python3.8/site-packages/airflow/example_dags/example_kubernetes_executor.py
[2025-07-16T23:46:29.331+0000] {logging_mixin.py:188} INFO - [2025-07-16T23:46:29.330+0000] {dag.py:3036} INFO - Sync 1 DAGs
[2025-07-16T23:46:29.347+0000] {logging_mixin.py:188} INFO - [2025-07-16T23:46:29.347+0000] {dag.py:3823} INFO - Setting next_dagrun for example_kubernetes_executor to None, run_after=None
[2025-07-16T23:46:29.379+0000] {processor.py:183} INFO - Processing /home/airflow/.local/lib/python3.8/site-packages/airflow/example_dags/example_kubernetes_executor.py took 0.135 seconds
[2025-07-16T23:46:59.455+0000] {processor.py:161} INFO - Started process (PID=1719) to work on /home/airflow/.local/lib/python3.8/site-packages/airflow/example_dags/example_kubernetes_executor.py
[2025-07-16T23:46:59.457+0000] {processor.py:830} INFO - Processing file /home/airflow/.local/lib/python3.8/site-packages/airflow/example_dags/example_kubernetes_executor.py for tasks to queue
[2025-07-16T23:46:59.461+0000] {logging_mixin.py:188} INFO - [2025-07-16T23:46:59.460+0000] {dagbag.py:538} INFO - Filling up the DagBag from /home/airflow/.local/lib/python3.8/site-packages/airflow/example_dags/example_kubernetes_executor.py
[2025-07-16T23:46:59.484+0000] {processor.py:840} INFO - DAG(s) 'example_kubernetes_executor' retrieved from /home/airflow/.local/lib/python3.8/site-packages/airflow/example_dags/example_kubernetes_executor.py
[2025-07-16T23:46:59.538+0000] {logging_mixin.py:188} INFO - [2025-07-16T23:46:59.537+0000] {dag.py:3036} INFO - Sync 1 DAGs
[2025-07-16T23:46:59.558+0000] {logging_mixin.py:188} INFO - [2025-07-16T23:46:59.558+0000] {dag.py:3823} INFO - Setting next_dagrun for example_kubernetes_executor to None, run_after=None
[2025-07-16T23:46:59.595+0000] {processor.py:183} INFO - Processing /home/airflow/.local/lib/python3.8/site-packages/airflow/example_dags/example_kubernetes_executor.py took 0.145 seconds
[2025-07-16T23:47:29.673+0000] {processor.py:161} INFO - Started process (PID=1785) to work on /home/airflow/.local/lib/python3.8/site-packages/airflow/example_dags/example_kubernetes_executor.py
[2025-07-16T23:47:29.674+0000] {processor.py:830} INFO - Processing file /home/airflow/.local/lib/python3.8/site-packages/airflow/example_dags/example_kubernetes_executor.py for tasks to queue
[2025-07-16T23:47:29.677+0000] {logging_mixin.py:188} INFO - [2025-07-16T23:47:29.677+0000] {dagbag.py:538} INFO - Filling up the DagBag from /home/airflow/.local/lib/python3.8/site-packages/airflow/example_dags/example_kubernetes_executor.py
[2025-07-16T23:47:29.702+0000] {processor.py:840} INFO - DAG(s) 'example_kubernetes_executor' retrieved from /home/airflow/.local/lib/python3.8/site-packages/airflow/example_dags/example_kubernetes_executor.py
[2025-07-16T23:47:29.760+0000] {logging_mixin.py:188} INFO - [2025-07-16T23:47:29.760+0000] {dag.py:3036} INFO - Sync 1 DAGs
[2025-07-16T23:47:29.780+0000] {logging_mixin.py:188} INFO - [2025-07-16T23:47:29.779+0000] {dag.py:3823} INFO - Setting next_dagrun for example_kubernetes_executor to None, run_after=None
[2025-07-16T23:47:29.822+0000] {processor.py:183} INFO - Processing /home/airflow/.local/lib/python3.8/site-packages/airflow/example_dags/example_kubernetes_executor.py took 0.154 seconds
[2025-07-16T23:47:59.934+0000] {processor.py:161} INFO - Started process (PID=1850) to work on /home/airflow/.local/lib/python3.8/site-packages/airflow/example_dags/example_kubernetes_executor.py
[2025-07-16T23:47:59.935+0000] {processor.py:830} INFO - Processing file /home/airflow/.local/lib/python3.8/site-packages/airflow/example_dags/example_kubernetes_executor.py for tasks to queue
[2025-07-16T23:47:59.938+0000] {logging_mixin.py:188} INFO - [2025-07-16T23:47:59.937+0000] {dagbag.py:538} INFO - Filling up the DagBag from /home/airflow/.local/lib/python3.8/site-packages/airflow/example_dags/example_kubernetes_executor.py
[2025-07-16T23:47:59.961+0000] {processor.py:840} INFO - DAG(s) 'example_kubernetes_executor' retrieved from /home/airflow/.local/lib/python3.8/site-packages/airflow/example_dags/example_kubernetes_executor.py
[2025-07-16T23:48:00.016+0000] {logging_mixin.py:188} INFO - [2025-07-16T23:48:00.016+0000] {dag.py:3036} INFO - Sync 1 DAGs
[2025-07-16T23:48:00.038+0000] {logging_mixin.py:188} INFO - [2025-07-16T23:48:00.037+0000] {dag.py:3823} INFO - Setting next_dagrun for example_kubernetes_executor to None, run_after=None
[2025-07-16T23:48:00.078+0000] {processor.py:183} INFO - Processing /home/airflow/.local/lib/python3.8/site-packages/airflow/example_dags/example_kubernetes_executor.py took 0.149 seconds
[2025-07-16T23:48:30.684+0000] {processor.py:161} INFO - Started process (PID=1912) to work on /home/airflow/.local/lib/python3.8/site-packages/airflow/example_dags/example_kubernetes_executor.py
[2025-07-16T23:48:30.686+0000] {processor.py:830} INFO - Processing file /home/airflow/.local/lib/python3.8/site-packages/airflow/example_dags/example_kubernetes_executor.py for tasks to queue
[2025-07-16T23:48:30.689+0000] {logging_mixin.py:188} INFO - [2025-07-16T23:48:30.688+0000] {dagbag.py:538} INFO - Filling up the DagBag from /home/airflow/.local/lib/python3.8/site-packages/airflow/example_dags/example_kubernetes_executor.py
[2025-07-16T23:48:30.709+0000] {processor.py:840} INFO - DAG(s) 'example_kubernetes_executor' retrieved from /home/airflow/.local/lib/python3.8/site-packages/airflow/example_dags/example_kubernetes_executor.py
[2025-07-16T23:48:30.784+0000] {logging_mixin.py:188} INFO - [2025-07-16T23:48:30.783+0000] {dag.py:3036} INFO - Sync 1 DAGs
[2025-07-16T23:48:30.804+0000] {logging_mixin.py:188} INFO - [2025-07-16T23:48:30.804+0000] {dag.py:3823} INFO - Setting next_dagrun for example_kubernetes_executor to None, run_after=None
[2025-07-16T23:48:30.839+0000] {processor.py:183} INFO - Processing /home/airflow/.local/lib/python3.8/site-packages/airflow/example_dags/example_kubernetes_executor.py took 0.160 seconds
[2025-07-16T23:49:00.879+0000] {processor.py:161} INFO - Started process (PID=1976) to work on /home/airflow/.local/lib/python3.8/site-packages/airflow/example_dags/example_kubernetes_executor.py
[2025-07-16T23:49:00.880+0000] {processor.py:830} INFO - Processing file /home/airflow/.local/lib/python3.8/site-packages/airflow/example_dags/example_kubernetes_executor.py for tasks to queue
[2025-07-16T23:49:00.883+0000] {logging_mixin.py:188} INFO - [2025-07-16T23:49:00.882+0000] {dagbag.py:538} INFO - Filling up the DagBag from /home/airflow/.local/lib/python3.8/site-packages/airflow/example_dags/example_kubernetes_executor.py
[2025-07-16T23:49:00.912+0000] {processor.py:840} INFO - DAG(s) 'example_kubernetes_executor' retrieved from /home/airflow/.local/lib/python3.8/site-packages/airflow/example_dags/example_kubernetes_executor.py
[2025-07-16T23:49:00.992+0000] {logging_mixin.py:188} INFO - [2025-07-16T23:49:00.991+0000] {dag.py:3036} INFO - Sync 1 DAGs
[2025-07-16T23:49:01.016+0000] {logging_mixin.py:188} INFO - [2025-07-16T23:49:01.016+0000] {dag.py:3823} INFO - Setting next_dagrun for example_kubernetes_executor to None, run_after=None
[2025-07-16T23:49:01.247+0000] {processor.py:183} INFO - Processing /home/airflow/.local/lib/python3.8/site-packages/airflow/example_dags/example_kubernetes_executor.py took 0.374 seconds
[2025-07-16T23:49:31.504+0000] {processor.py:161} INFO - Started process (PID=2043) to work on /home/airflow/.local/lib/python3.8/site-packages/airflow/example_dags/example_kubernetes_executor.py
[2025-07-16T23:49:31.505+0000] {processor.py:830} INFO - Processing file /home/airflow/.local/lib/python3.8/site-packages/airflow/example_dags/example_kubernetes_executor.py for tasks to queue
[2025-07-16T23:49:31.509+0000] {logging_mixin.py:188} INFO - [2025-07-16T23:49:31.509+0000] {dagbag.py:538} INFO - Filling up the DagBag from /home/airflow/.local/lib/python3.8/site-packages/airflow/example_dags/example_kubernetes_executor.py
[2025-07-16T23:49:31.546+0000] {processor.py:840} INFO - DAG(s) 'example_kubernetes_executor' retrieved from /home/airflow/.local/lib/python3.8/site-packages/airflow/example_dags/example_kubernetes_executor.py
[2025-07-16T23:49:31.621+0000] {logging_mixin.py:188} INFO - [2025-07-16T23:49:31.621+0000] {dag.py:3036} INFO - Sync 1 DAGs
[2025-07-16T23:49:31.650+0000] {logging_mixin.py:188} INFO - [2025-07-16T23:49:31.649+0000] {dag.py:3823} INFO - Setting next_dagrun for example_kubernetes_executor to None, run_after=None
[2025-07-16T23:49:31.684+0000] {processor.py:183} INFO - Processing /home/airflow/.local/lib/python3.8/site-packages/airflow/example_dags/example_kubernetes_executor.py took 0.184 seconds
[2025-07-16T23:50:01.819+0000] {processor.py:161} INFO - Started process (PID=2108) to work on /home/airflow/.local/lib/python3.8/site-packages/airflow/example_dags/example_kubernetes_executor.py
[2025-07-16T23:50:01.820+0000] {processor.py:830} INFO - Processing file /home/airflow/.local/lib/python3.8/site-packages/airflow/example_dags/example_kubernetes_executor.py for tasks to queue
[2025-07-16T23:50:01.823+0000] {logging_mixin.py:188} INFO - [2025-07-16T23:50:01.823+0000] {dagbag.py:538} INFO - Filling up the DagBag from /home/airflow/.local/lib/python3.8/site-packages/airflow/example_dags/example_kubernetes_executor.py
[2025-07-16T23:50:01.857+0000] {processor.py:840} INFO - DAG(s) 'example_kubernetes_executor' retrieved from /home/airflow/.local/lib/python3.8/site-packages/airflow/example_dags/example_kubernetes_executor.py
[2025-07-16T23:50:01.938+0000] {logging_mixin.py:188} INFO - [2025-07-16T23:50:01.938+0000] {dag.py:3036} INFO - Sync 1 DAGs
[2025-07-16T23:50:01.973+0000] {logging_mixin.py:188} INFO - [2025-07-16T23:50:01.973+0000] {dag.py:3823} INFO - Setting next_dagrun for example_kubernetes_executor to None, run_after=None
[2025-07-16T23:50:02.017+0000] {processor.py:183} INFO - Processing /home/airflow/.local/lib/python3.8/site-packages/airflow/example_dags/example_kubernetes_executor.py took 0.204 seconds
[2025-07-16T23:50:32.279+0000] {processor.py:161} INFO - Started process (PID=2173) to work on /home/airflow/.local/lib/python3.8/site-packages/airflow/example_dags/example_kubernetes_executor.py
[2025-07-16T23:50:32.285+0000] {processor.py:830} INFO - Processing file /home/airflow/.local/lib/python3.8/site-packages/airflow/example_dags/example_kubernetes_executor.py for tasks to queue
[2025-07-16T23:50:32.291+0000] {logging_mixin.py:188} INFO - [2025-07-16T23:50:32.290+0000] {dagbag.py:538} INFO - Filling up the DagBag from /home/airflow/.local/lib/python3.8/site-packages/airflow/example_dags/example_kubernetes_executor.py
[2025-07-16T23:50:32.325+0000] {processor.py:840} INFO - DAG(s) 'example_kubernetes_executor' retrieved from /home/airflow/.local/lib/python3.8/site-packages/airflow/example_dags/example_kubernetes_executor.py
[2025-07-16T23:50:32.392+0000] {logging_mixin.py:188} INFO - [2025-07-16T23:50:32.392+0000] {dag.py:3036} INFO - Sync 1 DAGs
[2025-07-16T23:50:32.415+0000] {logging_mixin.py:188} INFO - [2025-07-16T23:50:32.415+0000] {dag.py:3823} INFO - Setting next_dagrun for example_kubernetes_executor to None, run_after=None
[2025-07-16T23:50:32.454+0000] {processor.py:183} INFO - Processing /home/airflow/.local/lib/python3.8/site-packages/airflow/example_dags/example_kubernetes_executor.py took 0.181 seconds
[2025-07-16T23:51:02.878+0000] {processor.py:161} INFO - Started process (PID=2239) to work on /home/airflow/.local/lib/python3.8/site-packages/airflow/example_dags/example_kubernetes_executor.py
[2025-07-16T23:51:02.881+0000] {processor.py:830} INFO - Processing file /home/airflow/.local/lib/python3.8/site-packages/airflow/example_dags/example_kubernetes_executor.py for tasks to queue
[2025-07-16T23:51:02.885+0000] {logging_mixin.py:188} INFO - [2025-07-16T23:51:02.884+0000] {dagbag.py:538} INFO - Filling up the DagBag from /home/airflow/.local/lib/python3.8/site-packages/airflow/example_dags/example_kubernetes_executor.py
[2025-07-16T23:51:02.917+0000] {processor.py:840} INFO - DAG(s) 'example_kubernetes_executor' retrieved from /home/airflow/.local/lib/python3.8/site-packages/airflow/example_dags/example_kubernetes_executor.py
[2025-07-16T23:51:03.172+0000] {logging_mixin.py:188} INFO - [2025-07-16T23:51:03.171+0000] {dag.py:3036} INFO - Sync 1 DAGs
[2025-07-16T23:51:03.190+0000] {logging_mixin.py:188} INFO - [2025-07-16T23:51:03.189+0000] {dag.py:3823} INFO - Setting next_dagrun for example_kubernetes_executor to None, run_after=None
[2025-07-16T23:51:03.224+0000] {processor.py:183} INFO - Processing /home/airflow/.local/lib/python3.8/site-packages/airflow/example_dags/example_kubernetes_executor.py took 0.352 seconds
[2025-07-16T23:51:33.531+0000] {processor.py:161} INFO - Started process (PID=2305) to work on /home/airflow/.local/lib/python3.8/site-packages/airflow/example_dags/example_kubernetes_executor.py
[2025-07-16T23:51:33.533+0000] {processor.py:830} INFO - Processing file /home/airflow/.local/lib/python3.8/site-packages/airflow/example_dags/example_kubernetes_executor.py for tasks to queue
[2025-07-16T23:51:33.536+0000] {logging_mixin.py:188} INFO - [2025-07-16T23:51:33.535+0000] {dagbag.py:538} INFO - Filling up the DagBag from /home/airflow/.local/lib/python3.8/site-packages/airflow/example_dags/example_kubernetes_executor.py
[2025-07-16T23:51:33.566+0000] {processor.py:840} INFO - DAG(s) 'example_kubernetes_executor' retrieved from /home/airflow/.local/lib/python3.8/site-packages/airflow/example_dags/example_kubernetes_executor.py
[2025-07-16T23:51:33.639+0000] {logging_mixin.py:188} INFO - [2025-07-16T23:51:33.639+0000] {dag.py:3036} INFO - Sync 1 DAGs
[2025-07-16T23:51:33.861+0000] {logging_mixin.py:188} INFO - [2025-07-16T23:51:33.861+0000] {dag.py:3823} INFO - Setting next_dagrun for example_kubernetes_executor to None, run_after=None
[2025-07-16T23:51:33.896+0000] {processor.py:183} INFO - Processing /home/airflow/.local/lib/python3.8/site-packages/airflow/example_dags/example_kubernetes_executor.py took 0.370 seconds
[2025-07-16T23:52:04.791+0000] {processor.py:161} INFO - Started process (PID=2370) to work on /home/airflow/.local/lib/python3.8/site-packages/airflow/example_dags/example_kubernetes_executor.py
[2025-07-16T23:52:04.793+0000] {processor.py:830} INFO - Processing file /home/airflow/.local/lib/python3.8/site-packages/airflow/example_dags/example_kubernetes_executor.py for tasks to queue
[2025-07-16T23:52:04.797+0000] {logging_mixin.py:188} INFO - [2025-07-16T23:52:04.796+0000] {dagbag.py:538} INFO - Filling up the DagBag from /home/airflow/.local/lib/python3.8/site-packages/airflow/example_dags/example_kubernetes_executor.py
[2025-07-16T23:52:04.826+0000] {processor.py:840} INFO - DAG(s) 'example_kubernetes_executor' retrieved from /home/airflow/.local/lib/python3.8/site-packages/airflow/example_dags/example_kubernetes_executor.py
[2025-07-16T23:52:04.890+0000] {logging_mixin.py:188} INFO - [2025-07-16T23:52:04.889+0000] {dag.py:3036} INFO - Sync 1 DAGs
[2025-07-16T23:52:05.073+0000] {logging_mixin.py:188} INFO - [2025-07-16T23:52:05.073+0000] {dag.py:3823} INFO - Setting next_dagrun for example_kubernetes_executor to None, run_after=None
[2025-07-16T23:52:05.107+0000] {processor.py:183} INFO - Processing /home/airflow/.local/lib/python3.8/site-packages/airflow/example_dags/example_kubernetes_executor.py took 0.321 seconds
[2025-07-16T23:52:35.895+0000] {processor.py:161} INFO - Started process (PID=2431) to work on /home/airflow/.local/lib/python3.8/site-packages/airflow/example_dags/example_kubernetes_executor.py
[2025-07-16T23:52:35.897+0000] {processor.py:830} INFO - Processing file /home/airflow/.local/lib/python3.8/site-packages/airflow/example_dags/example_kubernetes_executor.py for tasks to queue
[2025-07-16T23:52:35.901+0000] {logging_mixin.py:188} INFO - [2025-07-16T23:52:35.901+0000] {dagbag.py:538} INFO - Filling up the DagBag from /home/airflow/.local/lib/python3.8/site-packages/airflow/example_dags/example_kubernetes_executor.py
[2025-07-16T23:52:35.931+0000] {processor.py:840} INFO - DAG(s) 'example_kubernetes_executor' retrieved from /home/airflow/.local/lib/python3.8/site-packages/airflow/example_dags/example_kubernetes_executor.py
[2025-07-16T23:52:36.013+0000] {logging_mixin.py:188} INFO - [2025-07-16T23:52:36.011+0000] {dag.py:3036} INFO - Sync 1 DAGs
[2025-07-16T23:52:36.043+0000] {logging_mixin.py:188} INFO - [2025-07-16T23:52:36.042+0000] {dag.py:3823} INFO - Setting next_dagrun for example_kubernetes_executor to None, run_after=None
[2025-07-16T23:52:36.085+0000] {processor.py:183} INFO - Processing /home/airflow/.local/lib/python3.8/site-packages/airflow/example_dags/example_kubernetes_executor.py took 0.195 seconds
[2025-07-16T23:53:06.741+0000] {processor.py:161} INFO - Started process (PID=2497) to work on /home/airflow/.local/lib/python3.8/site-packages/airflow/example_dags/example_kubernetes_executor.py
[2025-07-16T23:53:06.743+0000] {processor.py:830} INFO - Processing file /home/airflow/.local/lib/python3.8/site-packages/airflow/example_dags/example_kubernetes_executor.py for tasks to queue
[2025-07-16T23:53:06.745+0000] {logging_mixin.py:188} INFO - [2025-07-16T23:53:06.745+0000] {dagbag.py:538} INFO - Filling up the DagBag from /home/airflow/.local/lib/python3.8/site-packages/airflow/example_dags/example_kubernetes_executor.py
[2025-07-16T23:53:06.773+0000] {processor.py:840} INFO - DAG(s) 'example_kubernetes_executor' retrieved from /home/airflow/.local/lib/python3.8/site-packages/airflow/example_dags/example_kubernetes_executor.py
[2025-07-16T23:53:06.846+0000] {logging_mixin.py:188} INFO - [2025-07-16T23:53:06.846+0000] {dag.py:3036} INFO - Sync 1 DAGs
[2025-07-16T23:53:06.874+0000] {logging_mixin.py:188} INFO - [2025-07-16T23:53:06.871+0000] {dag.py:3823} INFO - Setting next_dagrun for example_kubernetes_executor to None, run_after=None
[2025-07-16T23:53:06.915+0000] {processor.py:183} INFO - Processing /home/airflow/.local/lib/python3.8/site-packages/airflow/example_dags/example_kubernetes_executor.py took 0.179 seconds
[2025-07-16T23:53:37.108+0000] {processor.py:161} INFO - Started process (PID=2563) to work on /home/airflow/.local/lib/python3.8/site-packages/airflow/example_dags/example_kubernetes_executor.py
[2025-07-16T23:53:37.109+0000] {processor.py:830} INFO - Processing file /home/airflow/.local/lib/python3.8/site-packages/airflow/example_dags/example_kubernetes_executor.py for tasks to queue
[2025-07-16T23:53:37.113+0000] {logging_mixin.py:188} INFO - [2025-07-16T23:53:37.112+0000] {dagbag.py:538} INFO - Filling up the DagBag from /home/airflow/.local/lib/python3.8/site-packages/airflow/example_dags/example_kubernetes_executor.py
[2025-07-16T23:53:37.144+0000] {processor.py:840} INFO - DAG(s) 'example_kubernetes_executor' retrieved from /home/airflow/.local/lib/python3.8/site-packages/airflow/example_dags/example_kubernetes_executor.py
[2025-07-16T23:53:37.226+0000] {logging_mixin.py:188} INFO - [2025-07-16T23:53:37.226+0000] {dag.py:3036} INFO - Sync 1 DAGs
[2025-07-16T23:53:37.253+0000] {logging_mixin.py:188} INFO - [2025-07-16T23:53:37.253+0000] {dag.py:3823} INFO - Setting next_dagrun for example_kubernetes_executor to None, run_after=None
[2025-07-16T23:53:37.294+0000] {processor.py:183} INFO - Processing /home/airflow/.local/lib/python3.8/site-packages/airflow/example_dags/example_kubernetes_executor.py took 0.193 seconds
[2025-07-16T23:54:07.883+0000] {processor.py:161} INFO - Started process (PID=2629) to work on /home/airflow/.local/lib/python3.8/site-packages/airflow/example_dags/example_kubernetes_executor.py
[2025-07-16T23:54:07.885+0000] {processor.py:830} INFO - Processing file /home/airflow/.local/lib/python3.8/site-packages/airflow/example_dags/example_kubernetes_executor.py for tasks to queue
[2025-07-16T23:54:07.888+0000] {logging_mixin.py:188} INFO - [2025-07-16T23:54:07.887+0000] {dagbag.py:538} INFO - Filling up the DagBag from /home/airflow/.local/lib/python3.8/site-packages/airflow/example_dags/example_kubernetes_executor.py
[2025-07-16T23:54:07.918+0000] {processor.py:840} INFO - DAG(s) 'example_kubernetes_executor' retrieved from /home/airflow/.local/lib/python3.8/site-packages/airflow/example_dags/example_kubernetes_executor.py
[2025-07-16T23:54:07.992+0000] {logging_mixin.py:188} INFO - [2025-07-16T23:54:07.992+0000] {dag.py:3036} INFO - Sync 1 DAGs
[2025-07-16T23:54:08.019+0000] {logging_mixin.py:188} INFO - [2025-07-16T23:54:08.018+0000] {dag.py:3823} INFO - Setting next_dagrun for example_kubernetes_executor to None, run_after=None
[2025-07-16T23:54:08.057+0000] {processor.py:183} INFO - Processing /home/airflow/.local/lib/python3.8/site-packages/airflow/example_dags/example_kubernetes_executor.py took 0.180 seconds
[2025-07-16T23:54:38.223+0000] {processor.py:161} INFO - Started process (PID=2695) to work on /home/airflow/.local/lib/python3.8/site-packages/airflow/example_dags/example_kubernetes_executor.py
[2025-07-16T23:54:38.224+0000] {processor.py:830} INFO - Processing file /home/airflow/.local/lib/python3.8/site-packages/airflow/example_dags/example_kubernetes_executor.py for tasks to queue
[2025-07-16T23:54:38.227+0000] {logging_mixin.py:188} INFO - [2025-07-16T23:54:38.227+0000] {dagbag.py:538} INFO - Filling up the DagBag from /home/airflow/.local/lib/python3.8/site-packages/airflow/example_dags/example_kubernetes_executor.py
[2025-07-16T23:54:38.252+0000] {processor.py:840} INFO - DAG(s) 'example_kubernetes_executor' retrieved from /home/airflow/.local/lib/python3.8/site-packages/airflow/example_dags/example_kubernetes_executor.py
[2025-07-16T23:54:38.316+0000] {logging_mixin.py:188} INFO - [2025-07-16T23:54:38.315+0000] {dag.py:3036} INFO - Sync 1 DAGs
[2025-07-16T23:54:38.337+0000] {logging_mixin.py:188} INFO - [2025-07-16T23:54:38.337+0000] {dag.py:3823} INFO - Setting next_dagrun for example_kubernetes_executor to None, run_after=None
[2025-07-16T23:54:38.369+0000] {processor.py:183} INFO - Processing /home/airflow/.local/lib/python3.8/site-packages/airflow/example_dags/example_kubernetes_executor.py took 0.151 seconds
[2025-07-16T23:55:08.643+0000] {processor.py:161} INFO - Started process (PID=2759) to work on /home/airflow/.local/lib/python3.8/site-packages/airflow/example_dags/example_kubernetes_executor.py
[2025-07-16T23:55:08.645+0000] {processor.py:830} INFO - Processing file /home/airflow/.local/lib/python3.8/site-packages/airflow/example_dags/example_kubernetes_executor.py for tasks to queue
[2025-07-16T23:55:08.648+0000] {logging_mixin.py:188} INFO - [2025-07-16T23:55:08.647+0000] {dagbag.py:538} INFO - Filling up the DagBag from /home/airflow/.local/lib/python3.8/site-packages/airflow/example_dags/example_kubernetes_executor.py
[2025-07-16T23:55:08.675+0000] {processor.py:840} INFO - DAG(s) 'example_kubernetes_executor' retrieved from /home/airflow/.local/lib/python3.8/site-packages/airflow/example_dags/example_kubernetes_executor.py
[2025-07-16T23:55:08.756+0000] {logging_mixin.py:188} INFO - [2025-07-16T23:55:08.756+0000] {dag.py:3036} INFO - Sync 1 DAGs
[2025-07-16T23:55:08.781+0000] {logging_mixin.py:188} INFO - [2025-07-16T23:55:08.780+0000] {dag.py:3823} INFO - Setting next_dagrun for example_kubernetes_executor to None, run_after=None
[2025-07-16T23:55:08.819+0000] {processor.py:183} INFO - Processing /home/airflow/.local/lib/python3.8/site-packages/airflow/example_dags/example_kubernetes_executor.py took 0.181 seconds
[2025-07-16T23:55:39.609+0000] {processor.py:161} INFO - Started process (PID=2824) to work on /home/airflow/.local/lib/python3.8/site-packages/airflow/example_dags/example_kubernetes_executor.py
[2025-07-16T23:55:39.611+0000] {processor.py:830} INFO - Processing file /home/airflow/.local/lib/python3.8/site-packages/airflow/example_dags/example_kubernetes_executor.py for tasks to queue
[2025-07-16T23:55:39.630+0000] {logging_mixin.py:188} INFO - [2025-07-16T23:55:39.630+0000] {dagbag.py:538} INFO - Filling up the DagBag from /home/airflow/.local/lib/python3.8/site-packages/airflow/example_dags/example_kubernetes_executor.py
[2025-07-16T23:55:39.673+0000] {processor.py:840} INFO - DAG(s) 'example_kubernetes_executor' retrieved from /home/airflow/.local/lib/python3.8/site-packages/airflow/example_dags/example_kubernetes_executor.py
[2025-07-16T23:55:39.756+0000] {logging_mixin.py:188} INFO - [2025-07-16T23:55:39.755+0000] {dag.py:3036} INFO - Sync 1 DAGs
[2025-07-16T23:55:39.780+0000] {logging_mixin.py:188} INFO - [2025-07-16T23:55:39.780+0000] {dag.py:3823} INFO - Setting next_dagrun for example_kubernetes_executor to None, run_after=None
[2025-07-16T23:55:39.817+0000] {processor.py:183} INFO - Processing /home/airflow/.local/lib/python3.8/site-packages/airflow/example_dags/example_kubernetes_executor.py took 0.272 seconds
[2025-07-16T23:56:09.879+0000] {processor.py:161} INFO - Started process (PID=2885) to work on /home/airflow/.local/lib/python3.8/site-packages/airflow/example_dags/example_kubernetes_executor.py
[2025-07-16T23:56:09.881+0000] {processor.py:830} INFO - Processing file /home/airflow/.local/lib/python3.8/site-packages/airflow/example_dags/example_kubernetes_executor.py for tasks to queue
[2025-07-16T23:56:09.884+0000] {logging_mixin.py:188} INFO - [2025-07-16T23:56:09.883+0000] {dagbag.py:538} INFO - Filling up the DagBag from /home/airflow/.local/lib/python3.8/site-packages/airflow/example_dags/example_kubernetes_executor.py
[2025-07-16T23:56:09.905+0000] {processor.py:840} INFO - DAG(s) 'example_kubernetes_executor' retrieved from /home/airflow/.local/lib/python3.8/site-packages/airflow/example_dags/example_kubernetes_executor.py
[2025-07-16T23:56:09.969+0000] {logging_mixin.py:188} INFO - [2025-07-16T23:56:09.969+0000] {dag.py:3036} INFO - Sync 1 DAGs
[2025-07-16T23:56:09.986+0000] {logging_mixin.py:188} INFO - [2025-07-16T23:56:09.986+0000] {dag.py:3823} INFO - Setting next_dagrun for example_kubernetes_executor to None, run_after=None
[2025-07-16T23:56:10.018+0000] {processor.py:183} INFO - Processing /home/airflow/.local/lib/python3.8/site-packages/airflow/example_dags/example_kubernetes_executor.py took 0.145 seconds
[2025-07-16T23:56:40.388+0000] {processor.py:161} INFO - Started process (PID=2950) to work on /home/airflow/.local/lib/python3.8/site-packages/airflow/example_dags/example_kubernetes_executor.py
[2025-07-16T23:56:40.390+0000] {processor.py:830} INFO - Processing file /home/airflow/.local/lib/python3.8/site-packages/airflow/example_dags/example_kubernetes_executor.py for tasks to queue
[2025-07-16T23:56:40.394+0000] {logging_mixin.py:188} INFO - [2025-07-16T23:56:40.394+0000] {dagbag.py:538} INFO - Filling up the DagBag from /home/airflow/.local/lib/python3.8/site-packages/airflow/example_dags/example_kubernetes_executor.py
[2025-07-16T23:56:40.425+0000] {processor.py:840} INFO - DAG(s) 'example_kubernetes_executor' retrieved from /home/airflow/.local/lib/python3.8/site-packages/airflow/example_dags/example_kubernetes_executor.py
[2025-07-16T23:56:40.503+0000] {logging_mixin.py:188} INFO - [2025-07-16T23:56:40.502+0000] {dag.py:3036} INFO - Sync 1 DAGs
[2025-07-16T23:56:40.529+0000] {logging_mixin.py:188} INFO - [2025-07-16T23:56:40.528+0000] {dag.py:3823} INFO - Setting next_dagrun for example_kubernetes_executor to None, run_after=None
[2025-07-16T23:56:40.570+0000] {processor.py:183} INFO - Processing /home/airflow/.local/lib/python3.8/site-packages/airflow/example_dags/example_kubernetes_executor.py took 0.187 seconds
[2025-07-16T23:57:10.808+0000] {processor.py:161} INFO - Started process (PID=3016) to work on /home/airflow/.local/lib/python3.8/site-packages/airflow/example_dags/example_kubernetes_executor.py
[2025-07-16T23:57:10.810+0000] {processor.py:830} INFO - Processing file /home/airflow/.local/lib/python3.8/site-packages/airflow/example_dags/example_kubernetes_executor.py for tasks to queue
[2025-07-16T23:57:10.813+0000] {logging_mixin.py:188} INFO - [2025-07-16T23:57:10.813+0000] {dagbag.py:538} INFO - Filling up the DagBag from /home/airflow/.local/lib/python3.8/site-packages/airflow/example_dags/example_kubernetes_executor.py
[2025-07-16T23:57:10.846+0000] {processor.py:840} INFO - DAG(s) 'example_kubernetes_executor' retrieved from /home/airflow/.local/lib/python3.8/site-packages/airflow/example_dags/example_kubernetes_executor.py
[2025-07-16T23:57:10.920+0000] {logging_mixin.py:188} INFO - [2025-07-16T23:57:10.920+0000] {dag.py:3036} INFO - Sync 1 DAGs
[2025-07-16T23:57:10.947+0000] {logging_mixin.py:188} INFO - [2025-07-16T23:57:10.947+0000] {dag.py:3823} INFO - Setting next_dagrun for example_kubernetes_executor to None, run_after=None
[2025-07-16T23:57:10.990+0000] {processor.py:183} INFO - Processing /home/airflow/.local/lib/python3.8/site-packages/airflow/example_dags/example_kubernetes_executor.py took 0.187 seconds
[2025-07-16T23:57:41.611+0000] {processor.py:161} INFO - Started process (PID=3082) to work on /home/airflow/.local/lib/python3.8/site-packages/airflow/example_dags/example_kubernetes_executor.py
[2025-07-16T23:57:41.613+0000] {processor.py:830} INFO - Processing file /home/airflow/.local/lib/python3.8/site-packages/airflow/example_dags/example_kubernetes_executor.py for tasks to queue
[2025-07-16T23:57:41.618+0000] {logging_mixin.py:188} INFO - [2025-07-16T23:57:41.617+0000] {dagbag.py:538} INFO - Filling up the DagBag from /home/airflow/.local/lib/python3.8/site-packages/airflow/example_dags/example_kubernetes_executor.py
[2025-07-16T23:57:41.656+0000] {processor.py:840} INFO - DAG(s) 'example_kubernetes_executor' retrieved from /home/airflow/.local/lib/python3.8/site-packages/airflow/example_dags/example_kubernetes_executor.py
[2025-07-16T23:57:41.732+0000] {logging_mixin.py:188} INFO - [2025-07-16T23:57:41.732+0000] {dag.py:3036} INFO - Sync 1 DAGs
[2025-07-16T23:57:41.765+0000] {logging_mixin.py:188} INFO - [2025-07-16T23:57:41.764+0000] {dag.py:3823} INFO - Setting next_dagrun for example_kubernetes_executor to None, run_after=None
[2025-07-16T23:57:41.806+0000] {processor.py:183} INFO - Processing /home/airflow/.local/lib/python3.8/site-packages/airflow/example_dags/example_kubernetes_executor.py took 0.200 seconds
[2025-07-16T23:58:11.906+0000] {processor.py:161} INFO - Started process (PID=3149) to work on /home/airflow/.local/lib/python3.8/site-packages/airflow/example_dags/example_kubernetes_executor.py
[2025-07-16T23:58:11.908+0000] {processor.py:830} INFO - Processing file /home/airflow/.local/lib/python3.8/site-packages/airflow/example_dags/example_kubernetes_executor.py for tasks to queue
[2025-07-16T23:58:11.911+0000] {logging_mixin.py:188} INFO - [2025-07-16T23:58:11.911+0000] {dagbag.py:538} INFO - Filling up the DagBag from /home/airflow/.local/lib/python3.8/site-packages/airflow/example_dags/example_kubernetes_executor.py
[2025-07-16T23:58:11.940+0000] {processor.py:840} INFO - DAG(s) 'example_kubernetes_executor' retrieved from /home/airflow/.local/lib/python3.8/site-packages/airflow/example_dags/example_kubernetes_executor.py
[2025-07-16T23:58:12.008+0000] {logging_mixin.py:188} INFO - [2025-07-16T23:58:12.008+0000] {dag.py:3036} INFO - Sync 1 DAGs
[2025-07-16T23:58:12.031+0000] {logging_mixin.py:188} INFO - [2025-07-16T23:58:12.031+0000] {dag.py:3823} INFO - Setting next_dagrun for example_kubernetes_executor to None, run_after=None
[2025-07-16T23:58:12.065+0000] {processor.py:183} INFO - Processing /home/airflow/.local/lib/python3.8/site-packages/airflow/example_dags/example_kubernetes_executor.py took 0.165 seconds
[2025-07-16T23:58:43.706+0000] {processor.py:161} INFO - Started process (PID=3214) to work on /home/airflow/.local/lib/python3.8/site-packages/airflow/example_dags/example_kubernetes_executor.py
[2025-07-16T23:58:43.707+0000] {processor.py:830} INFO - Processing file /home/airflow/.local/lib/python3.8/site-packages/airflow/example_dags/example_kubernetes_executor.py for tasks to queue
[2025-07-16T23:58:43.710+0000] {logging_mixin.py:188} INFO - [2025-07-16T23:58:43.710+0000] {dagbag.py:538} INFO - Filling up the DagBag from /home/airflow/.local/lib/python3.8/site-packages/airflow/example_dags/example_kubernetes_executor.py
[2025-07-16T23:58:43.741+0000] {processor.py:840} INFO - DAG(s) 'example_kubernetes_executor' retrieved from /home/airflow/.local/lib/python3.8/site-packages/airflow/example_dags/example_kubernetes_executor.py
[2025-07-16T23:58:43.806+0000] {logging_mixin.py:188} INFO - [2025-07-16T23:58:43.806+0000] {dag.py:3036} INFO - Sync 1 DAGs
[2025-07-16T23:58:43.830+0000] {logging_mixin.py:188} INFO - [2025-07-16T23:58:43.830+0000] {dag.py:3823} INFO - Setting next_dagrun for example_kubernetes_executor to None, run_after=None
[2025-07-16T23:58:43.862+0000] {processor.py:183} INFO - Processing /home/airflow/.local/lib/python3.8/site-packages/airflow/example_dags/example_kubernetes_executor.py took 0.162 seconds
[2025-07-16T23:59:14.154+0000] {processor.py:161} INFO - Started process (PID=3273) to work on /home/airflow/.local/lib/python3.8/site-packages/airflow/example_dags/example_kubernetes_executor.py
[2025-07-16T23:59:14.157+0000] {processor.py:830} INFO - Processing file /home/airflow/.local/lib/python3.8/site-packages/airflow/example_dags/example_kubernetes_executor.py for tasks to queue
[2025-07-16T23:59:14.163+0000] {logging_mixin.py:188} INFO - [2025-07-16T23:59:14.162+0000] {dagbag.py:538} INFO - Filling up the DagBag from /home/airflow/.local/lib/python3.8/site-packages/airflow/example_dags/example_kubernetes_executor.py
[2025-07-16T23:59:14.201+0000] {processor.py:840} INFO - DAG(s) 'example_kubernetes_executor' retrieved from /home/airflow/.local/lib/python3.8/site-packages/airflow/example_dags/example_kubernetes_executor.py
[2025-07-16T23:59:14.266+0000] {logging_mixin.py:188} INFO - [2025-07-16T23:59:14.265+0000] {dag.py:3036} INFO - Sync 1 DAGs
[2025-07-16T23:59:14.289+0000] {logging_mixin.py:188} INFO - [2025-07-16T23:59:14.288+0000] {dag.py:3823} INFO - Setting next_dagrun for example_kubernetes_executor to None, run_after=None
[2025-07-16T23:59:14.338+0000] {processor.py:183} INFO - Processing /home/airflow/.local/lib/python3.8/site-packages/airflow/example_dags/example_kubernetes_executor.py took 0.191 seconds
[2025-07-16T23:59:44.694+0000] {processor.py:161} INFO - Started process (PID=3338) to work on /home/airflow/.local/lib/python3.8/site-packages/airflow/example_dags/example_kubernetes_executor.py
[2025-07-16T23:59:44.697+0000] {processor.py:830} INFO - Processing file /home/airflow/.local/lib/python3.8/site-packages/airflow/example_dags/example_kubernetes_executor.py for tasks to queue
[2025-07-16T23:59:44.702+0000] {logging_mixin.py:188} INFO - [2025-07-16T23:59:44.701+0000] {dagbag.py:538} INFO - Filling up the DagBag from /home/airflow/.local/lib/python3.8/site-packages/airflow/example_dags/example_kubernetes_executor.py
[2025-07-16T23:59:44.734+0000] {processor.py:840} INFO - DAG(s) 'example_kubernetes_executor' retrieved from /home/airflow/.local/lib/python3.8/site-packages/airflow/example_dags/example_kubernetes_executor.py
[2025-07-16T23:59:44.807+0000] {logging_mixin.py:188} INFO - [2025-07-16T23:59:44.807+0000] {dag.py:3036} INFO - Sync 1 DAGs
[2025-07-16T23:59:44.830+0000] {logging_mixin.py:188} INFO - [2025-07-16T23:59:44.830+0000] {dag.py:3823} INFO - Setting next_dagrun for example_kubernetes_executor to None, run_after=None
[2025-07-16T23:59:44.868+0000] {processor.py:183} INFO - Processing /home/airflow/.local/lib/python3.8/site-packages/airflow/example_dags/example_kubernetes_executor.py took 0.180 seconds
