[2025-07-16T15:02:05.207+0000] {processor.py:161} INFO - Started process (PID=87) to work on /home/airflow/.local/lib/python3.8/site-packages/airflow/example_dags/example_branch_operator.py
[2025-07-16T15:02:05.210+0000] {processor.py:830} INFO - Processing file /home/airflow/.local/lib/python3.8/site-packages/airflow/example_dags/example_branch_operator.py for tasks to queue
[2025-07-16T15:02:05.214+0000] {logging_mixin.py:188} INFO - [2025-07-16T15:02:05.213+0000] {dagbag.py:538} INFO - Filling up the DagBag from /home/airflow/.local/lib/python3.8/site-packages/airflow/example_dags/example_branch_operator.py
[2025-07-16T15:02:05.325+0000] {processor.py:840} INFO - DAG(s) 'example_branch_operator' retrieved from /home/airflow/.local/lib/python3.8/site-packages/airflow/example_dags/example_branch_operator.py
[2025-07-16T15:02:07.112+0000] {logging_mixin.py:188} INFO - [2025-07-16T15:02:07.112+0000] {dag.py:3036} INFO - Sync 1 DAGs
[2025-07-16T15:02:07.176+0000] {logging_mixin.py:188} INFO - [2025-07-16T15:02:07.176+0000] {dag.py:3823} INFO - Setting next_dagrun for example_branch_operator to 2025-07-15 00:00:00+00:00, run_after=2025-07-16 00:00:00+00:00
[2025-07-16T15:02:07.227+0000] {processor.py:183} INFO - Processing /home/airflow/.local/lib/python3.8/site-packages/airflow/example_dags/example_branch_operator.py took 2.027 seconds
[2025-07-16T15:02:37.915+0000] {processor.py:161} INFO - Started process (PID=151) to work on /home/airflow/.local/lib/python3.8/site-packages/airflow/example_dags/example_branch_operator.py
[2025-07-16T15:02:37.917+0000] {processor.py:830} INFO - Processing file /home/airflow/.local/lib/python3.8/site-packages/airflow/example_dags/example_branch_operator.py for tasks to queue
[2025-07-16T15:02:37.921+0000] {logging_mixin.py:188} INFO - [2025-07-16T15:02:37.921+0000] {dagbag.py:538} INFO - Filling up the DagBag from /home/airflow/.local/lib/python3.8/site-packages/airflow/example_dags/example_branch_operator.py
[2025-07-16T15:02:37.957+0000] {processor.py:840} INFO - DAG(s) 'example_branch_operator' retrieved from /home/airflow/.local/lib/python3.8/site-packages/airflow/example_dags/example_branch_operator.py
[2025-07-16T15:02:38.013+0000] {logging_mixin.py:188} INFO - [2025-07-16T15:02:38.012+0000] {dag.py:3036} INFO - Sync 1 DAGs
[2025-07-16T15:02:38.052+0000] {logging_mixin.py:188} INFO - [2025-07-16T15:02:38.051+0000] {dag.py:3823} INFO - Setting next_dagrun for example_branch_operator to 2025-07-15 00:00:00+00:00, run_after=2025-07-16 00:00:00+00:00
[2025-07-16T15:02:38.077+0000] {processor.py:183} INFO - Processing /home/airflow/.local/lib/python3.8/site-packages/airflow/example_dags/example_branch_operator.py took 0.168 seconds
[2025-07-16T15:03:08.762+0000] {processor.py:161} INFO - Started process (PID=215) to work on /home/airflow/.local/lib/python3.8/site-packages/airflow/example_dags/example_branch_operator.py
[2025-07-16T15:03:08.764+0000] {processor.py:830} INFO - Processing file /home/airflow/.local/lib/python3.8/site-packages/airflow/example_dags/example_branch_operator.py for tasks to queue
[2025-07-16T15:03:08.769+0000] {logging_mixin.py:188} INFO - [2025-07-16T15:03:08.768+0000] {dagbag.py:538} INFO - Filling up the DagBag from /home/airflow/.local/lib/python3.8/site-packages/airflow/example_dags/example_branch_operator.py
[2025-07-16T15:03:08.794+0000] {processor.py:840} INFO - DAG(s) 'example_branch_operator' retrieved from /home/airflow/.local/lib/python3.8/site-packages/airflow/example_dags/example_branch_operator.py
[2025-07-16T15:03:08.834+0000] {logging_mixin.py:188} INFO - [2025-07-16T15:03:08.834+0000] {dag.py:3036} INFO - Sync 1 DAGs
[2025-07-16T15:03:08.865+0000] {logging_mixin.py:188} INFO - [2025-07-16T15:03:08.865+0000] {dag.py:3823} INFO - Setting next_dagrun for example_branch_operator to 2025-07-15 00:00:00+00:00, run_after=2025-07-16 00:00:00+00:00
[2025-07-16T15:03:08.900+0000] {processor.py:183} INFO - Processing /home/airflow/.local/lib/python3.8/site-packages/airflow/example_dags/example_branch_operator.py took 0.141 seconds
[2025-07-16T15:03:39.188+0000] {processor.py:161} INFO - Started process (PID=279) to work on /home/airflow/.local/lib/python3.8/site-packages/airflow/example_dags/example_branch_operator.py
[2025-07-16T15:03:39.190+0000] {processor.py:830} INFO - Processing file /home/airflow/.local/lib/python3.8/site-packages/airflow/example_dags/example_branch_operator.py for tasks to queue
[2025-07-16T15:03:39.194+0000] {logging_mixin.py:188} INFO - [2025-07-16T15:03:39.193+0000] {dagbag.py:538} INFO - Filling up the DagBag from /home/airflow/.local/lib/python3.8/site-packages/airflow/example_dags/example_branch_operator.py
[2025-07-16T15:03:39.288+0000] {processor.py:840} INFO - DAG(s) 'example_branch_operator' retrieved from /home/airflow/.local/lib/python3.8/site-packages/airflow/example_dags/example_branch_operator.py
[2025-07-16T15:03:39.354+0000] {logging_mixin.py:188} INFO - [2025-07-16T15:03:39.353+0000] {dag.py:3036} INFO - Sync 1 DAGs
[2025-07-16T15:03:39.387+0000] {logging_mixin.py:188} INFO - [2025-07-16T15:03:39.387+0000] {dag.py:3823} INFO - Setting next_dagrun for example_branch_operator to 2025-07-15 00:00:00+00:00, run_after=2025-07-16 00:00:00+00:00
[2025-07-16T15:03:39.418+0000] {processor.py:183} INFO - Processing /home/airflow/.local/lib/python3.8/site-packages/airflow/example_dags/example_branch_operator.py took 0.236 seconds
[2025-07-16T23:34:05.078+0000] {processor.py:161} INFO - Started process (PID=79) to work on /home/airflow/.local/lib/python3.8/site-packages/airflow/example_dags/example_branch_operator.py
[2025-07-16T23:34:05.115+0000] {processor.py:830} INFO - Processing file /home/airflow/.local/lib/python3.8/site-packages/airflow/example_dags/example_branch_operator.py for tasks to queue
[2025-07-16T23:34:05.119+0000] {logging_mixin.py:188} INFO - [2025-07-16T23:34:05.119+0000] {dagbag.py:538} INFO - Filling up the DagBag from /home/airflow/.local/lib/python3.8/site-packages/airflow/example_dags/example_branch_operator.py
[2025-07-16T23:34:05.208+0000] {processor.py:840} INFO - DAG(s) 'example_branch_operator' retrieved from /home/airflow/.local/lib/python3.8/site-packages/airflow/example_dags/example_branch_operator.py
[2025-07-16T23:34:06.151+0000] {logging_mixin.py:188} INFO - [2025-07-16T23:34:06.151+0000] {dag.py:3036} INFO - Sync 1 DAGs
[2025-07-16T23:34:06.278+0000] {logging_mixin.py:188} INFO - [2025-07-16T23:34:06.278+0000] {dag.py:3823} INFO - Setting next_dagrun for example_branch_operator to 2025-07-15 00:00:00+00:00, run_after=2025-07-16 00:00:00+00:00
[2025-07-16T23:34:06.381+0000] {processor.py:183} INFO - Processing /home/airflow/.local/lib/python3.8/site-packages/airflow/example_dags/example_branch_operator.py took 1.316 seconds
[2025-07-16T23:34:36.821+0000] {processor.py:161} INFO - Started process (PID=143) to work on /home/airflow/.local/lib/python3.8/site-packages/airflow/example_dags/example_branch_operator.py
[2025-07-16T23:34:36.823+0000] {processor.py:830} INFO - Processing file /home/airflow/.local/lib/python3.8/site-packages/airflow/example_dags/example_branch_operator.py for tasks to queue
[2025-07-16T23:34:36.828+0000] {logging_mixin.py:188} INFO - [2025-07-16T23:34:36.827+0000] {dagbag.py:538} INFO - Filling up the DagBag from /home/airflow/.local/lib/python3.8/site-packages/airflow/example_dags/example_branch_operator.py
[2025-07-16T23:34:36.853+0000] {processor.py:840} INFO - DAG(s) 'example_branch_operator' retrieved from /home/airflow/.local/lib/python3.8/site-packages/airflow/example_dags/example_branch_operator.py
[2025-07-16T23:34:36.898+0000] {logging_mixin.py:188} INFO - [2025-07-16T23:34:36.898+0000] {dag.py:3036} INFO - Sync 1 DAGs
[2025-07-16T23:34:36.936+0000] {logging_mixin.py:188} INFO - [2025-07-16T23:34:36.935+0000] {dag.py:3823} INFO - Setting next_dagrun for example_branch_operator to 2025-07-15 00:00:00+00:00, run_after=2025-07-16 00:00:00+00:00
[2025-07-16T23:34:36.965+0000] {processor.py:183} INFO - Processing /home/airflow/.local/lib/python3.8/site-packages/airflow/example_dags/example_branch_operator.py took 0.150 seconds
[2025-07-16T23:35:07.632+0000] {processor.py:161} INFO - Started process (PID=209) to work on /home/airflow/.local/lib/python3.8/site-packages/airflow/example_dags/example_branch_operator.py
[2025-07-16T23:35:07.634+0000] {processor.py:830} INFO - Processing file /home/airflow/.local/lib/python3.8/site-packages/airflow/example_dags/example_branch_operator.py for tasks to queue
[2025-07-16T23:35:07.637+0000] {logging_mixin.py:188} INFO - [2025-07-16T23:35:07.636+0000] {dagbag.py:538} INFO - Filling up the DagBag from /home/airflow/.local/lib/python3.8/site-packages/airflow/example_dags/example_branch_operator.py
[2025-07-16T23:35:07.664+0000] {processor.py:840} INFO - DAG(s) 'example_branch_operator' retrieved from /home/airflow/.local/lib/python3.8/site-packages/airflow/example_dags/example_branch_operator.py
[2025-07-16T23:35:07.706+0000] {logging_mixin.py:188} INFO - [2025-07-16T23:35:07.706+0000] {dag.py:3036} INFO - Sync 1 DAGs
[2025-07-16T23:35:07.751+0000] {logging_mixin.py:188} INFO - [2025-07-16T23:35:07.751+0000] {dag.py:3823} INFO - Setting next_dagrun for example_branch_operator to 2025-07-15 00:00:00+00:00, run_after=2025-07-16 00:00:00+00:00
[2025-07-16T23:35:07.789+0000] {processor.py:183} INFO - Processing /home/airflow/.local/lib/python3.8/site-packages/airflow/example_dags/example_branch_operator.py took 0.162 seconds
[2025-07-16T23:35:38.228+0000] {processor.py:161} INFO - Started process (PID=275) to work on /home/airflow/.local/lib/python3.8/site-packages/airflow/example_dags/example_branch_operator.py
[2025-07-16T23:35:38.230+0000] {processor.py:830} INFO - Processing file /home/airflow/.local/lib/python3.8/site-packages/airflow/example_dags/example_branch_operator.py for tasks to queue
[2025-07-16T23:35:38.233+0000] {logging_mixin.py:188} INFO - [2025-07-16T23:35:38.232+0000] {dagbag.py:538} INFO - Filling up the DagBag from /home/airflow/.local/lib/python3.8/site-packages/airflow/example_dags/example_branch_operator.py
[2025-07-16T23:35:38.269+0000] {processor.py:840} INFO - DAG(s) 'example_branch_operator' retrieved from /home/airflow/.local/lib/python3.8/site-packages/airflow/example_dags/example_branch_operator.py
[2025-07-16T23:35:38.315+0000] {logging_mixin.py:188} INFO - [2025-07-16T23:35:38.314+0000] {dag.py:3036} INFO - Sync 1 DAGs
[2025-07-16T23:35:38.367+0000] {logging_mixin.py:188} INFO - [2025-07-16T23:35:38.367+0000] {dag.py:3823} INFO - Setting next_dagrun for example_branch_operator to 2025-07-15 00:00:00+00:00, run_after=2025-07-16 00:00:00+00:00
[2025-07-16T23:35:38.399+0000] {processor.py:183} INFO - Processing /home/airflow/.local/lib/python3.8/site-packages/airflow/example_dags/example_branch_operator.py took 0.177 seconds
[2025-07-16T23:36:10.063+0000] {processor.py:161} INFO - Started process (PID=340) to work on /home/airflow/.local/lib/python3.8/site-packages/airflow/example_dags/example_branch_operator.py
[2025-07-16T23:36:10.064+0000] {processor.py:830} INFO - Processing file /home/airflow/.local/lib/python3.8/site-packages/airflow/example_dags/example_branch_operator.py for tasks to queue
[2025-07-16T23:36:10.067+0000] {logging_mixin.py:188} INFO - [2025-07-16T23:36:10.066+0000] {dagbag.py:538} INFO - Filling up the DagBag from /home/airflow/.local/lib/python3.8/site-packages/airflow/example_dags/example_branch_operator.py
[2025-07-16T23:36:10.108+0000] {processor.py:840} INFO - DAG(s) 'example_branch_operator' retrieved from /home/airflow/.local/lib/python3.8/site-packages/airflow/example_dags/example_branch_operator.py
[2025-07-16T23:36:10.162+0000] {logging_mixin.py:188} INFO - [2025-07-16T23:36:10.162+0000] {dag.py:3036} INFO - Sync 1 DAGs
[2025-07-16T23:36:10.214+0000] {logging_mixin.py:188} INFO - [2025-07-16T23:36:10.214+0000] {dag.py:3823} INFO - Setting next_dagrun for example_branch_operator to 2025-07-15 00:00:00+00:00, run_after=2025-07-16 00:00:00+00:00
[2025-07-16T23:36:10.250+0000] {processor.py:183} INFO - Processing /home/airflow/.local/lib/python3.8/site-packages/airflow/example_dags/example_branch_operator.py took 0.192 seconds
[2025-07-16T23:36:40.495+0000] {processor.py:161} INFO - Started process (PID=400) to work on /home/airflow/.local/lib/python3.8/site-packages/airflow/example_dags/example_branch_operator.py
[2025-07-16T23:36:40.497+0000] {processor.py:830} INFO - Processing file /home/airflow/.local/lib/python3.8/site-packages/airflow/example_dags/example_branch_operator.py for tasks to queue
[2025-07-16T23:36:40.505+0000] {logging_mixin.py:188} INFO - [2025-07-16T23:36:40.504+0000] {dagbag.py:538} INFO - Filling up the DagBag from /home/airflow/.local/lib/python3.8/site-packages/airflow/example_dags/example_branch_operator.py
[2025-07-16T23:36:40.581+0000] {processor.py:840} INFO - DAG(s) 'example_branch_operator' retrieved from /home/airflow/.local/lib/python3.8/site-packages/airflow/example_dags/example_branch_operator.py
[2025-07-16T23:36:40.674+0000] {logging_mixin.py:188} INFO - [2025-07-16T23:36:40.673+0000] {dag.py:3036} INFO - Sync 1 DAGs
[2025-07-16T23:36:40.755+0000] {logging_mixin.py:188} INFO - [2025-07-16T23:36:40.755+0000] {dag.py:3823} INFO - Setting next_dagrun for example_branch_operator to 2025-07-15 00:00:00+00:00, run_after=2025-07-16 00:00:00+00:00
[2025-07-16T23:36:40.790+0000] {processor.py:183} INFO - Processing /home/airflow/.local/lib/python3.8/site-packages/airflow/example_dags/example_branch_operator.py took 0.301 seconds
[2025-07-16T23:37:11.049+0000] {processor.py:161} INFO - Started process (PID=465) to work on /home/airflow/.local/lib/python3.8/site-packages/airflow/example_dags/example_branch_operator.py
[2025-07-16T23:37:11.051+0000] {processor.py:830} INFO - Processing file /home/airflow/.local/lib/python3.8/site-packages/airflow/example_dags/example_branch_operator.py for tasks to queue
[2025-07-16T23:37:11.054+0000] {logging_mixin.py:188} INFO - [2025-07-16T23:37:11.053+0000] {dagbag.py:538} INFO - Filling up the DagBag from /home/airflow/.local/lib/python3.8/site-packages/airflow/example_dags/example_branch_operator.py
[2025-07-16T23:37:11.079+0000] {processor.py:840} INFO - DAG(s) 'example_branch_operator' retrieved from /home/airflow/.local/lib/python3.8/site-packages/airflow/example_dags/example_branch_operator.py
[2025-07-16T23:37:11.123+0000] {logging_mixin.py:188} INFO - [2025-07-16T23:37:11.123+0000] {dag.py:3036} INFO - Sync 1 DAGs
[2025-07-16T23:37:11.159+0000] {logging_mixin.py:188} INFO - [2025-07-16T23:37:11.159+0000] {dag.py:3823} INFO - Setting next_dagrun for example_branch_operator to 2025-07-15 00:00:00+00:00, run_after=2025-07-16 00:00:00+00:00
[2025-07-16T23:37:11.191+0000] {processor.py:183} INFO - Processing /home/airflow/.local/lib/python3.8/site-packages/airflow/example_dags/example_branch_operator.py took 0.148 seconds
[2025-07-16T23:37:41.801+0000] {processor.py:161} INFO - Started process (PID=532) to work on /home/airflow/.local/lib/python3.8/site-packages/airflow/example_dags/example_branch_operator.py
[2025-07-16T23:37:41.806+0000] {processor.py:830} INFO - Processing file /home/airflow/.local/lib/python3.8/site-packages/airflow/example_dags/example_branch_operator.py for tasks to queue
[2025-07-16T23:37:41.810+0000] {logging_mixin.py:188} INFO - [2025-07-16T23:37:41.809+0000] {dagbag.py:538} INFO - Filling up the DagBag from /home/airflow/.local/lib/python3.8/site-packages/airflow/example_dags/example_branch_operator.py
[2025-07-16T23:37:41.848+0000] {processor.py:840} INFO - DAG(s) 'example_branch_operator' retrieved from /home/airflow/.local/lib/python3.8/site-packages/airflow/example_dags/example_branch_operator.py
[2025-07-16T23:37:41.900+0000] {logging_mixin.py:188} INFO - [2025-07-16T23:37:41.900+0000] {dag.py:3036} INFO - Sync 1 DAGs
[2025-07-16T23:37:41.942+0000] {logging_mixin.py:188} INFO - [2025-07-16T23:37:41.941+0000] {dag.py:3823} INFO - Setting next_dagrun for example_branch_operator to 2025-07-15 00:00:00+00:00, run_after=2025-07-16 00:00:00+00:00
[2025-07-16T23:37:41.979+0000] {processor.py:183} INFO - Processing /home/airflow/.local/lib/python3.8/site-packages/airflow/example_dags/example_branch_operator.py took 0.185 seconds
[2025-07-16T23:38:12.308+0000] {processor.py:161} INFO - Started process (PID=598) to work on /home/airflow/.local/lib/python3.8/site-packages/airflow/example_dags/example_branch_operator.py
[2025-07-16T23:38:12.311+0000] {processor.py:830} INFO - Processing file /home/airflow/.local/lib/python3.8/site-packages/airflow/example_dags/example_branch_operator.py for tasks to queue
[2025-07-16T23:38:12.315+0000] {logging_mixin.py:188} INFO - [2025-07-16T23:38:12.314+0000] {dagbag.py:538} INFO - Filling up the DagBag from /home/airflow/.local/lib/python3.8/site-packages/airflow/example_dags/example_branch_operator.py
[2025-07-16T23:38:12.349+0000] {processor.py:840} INFO - DAG(s) 'example_branch_operator' retrieved from /home/airflow/.local/lib/python3.8/site-packages/airflow/example_dags/example_branch_operator.py
[2025-07-16T23:38:12.402+0000] {logging_mixin.py:188} INFO - [2025-07-16T23:38:12.401+0000] {dag.py:3036} INFO - Sync 1 DAGs
[2025-07-16T23:38:12.446+0000] {logging_mixin.py:188} INFO - [2025-07-16T23:38:12.446+0000] {dag.py:3823} INFO - Setting next_dagrun for example_branch_operator to 2025-07-15 00:00:00+00:00, run_after=2025-07-16 00:00:00+00:00
[2025-07-16T23:38:12.481+0000] {processor.py:183} INFO - Processing /home/airflow/.local/lib/python3.8/site-packages/airflow/example_dags/example_branch_operator.py took 0.179 seconds
[2025-07-16T23:38:43.092+0000] {processor.py:161} INFO - Started process (PID=662) to work on /home/airflow/.local/lib/python3.8/site-packages/airflow/example_dags/example_branch_operator.py
[2025-07-16T23:38:43.095+0000] {processor.py:830} INFO - Processing file /home/airflow/.local/lib/python3.8/site-packages/airflow/example_dags/example_branch_operator.py for tasks to queue
[2025-07-16T23:38:43.100+0000] {logging_mixin.py:188} INFO - [2025-07-16T23:38:43.099+0000] {dagbag.py:538} INFO - Filling up the DagBag from /home/airflow/.local/lib/python3.8/site-packages/airflow/example_dags/example_branch_operator.py
[2025-07-16T23:38:43.133+0000] {processor.py:840} INFO - DAG(s) 'example_branch_operator' retrieved from /home/airflow/.local/lib/python3.8/site-packages/airflow/example_dags/example_branch_operator.py
[2025-07-16T23:38:43.191+0000] {logging_mixin.py:188} INFO - [2025-07-16T23:38:43.190+0000] {dag.py:3036} INFO - Sync 1 DAGs
[2025-07-16T23:38:43.233+0000] {logging_mixin.py:188} INFO - [2025-07-16T23:38:43.233+0000] {dag.py:3823} INFO - Setting next_dagrun for example_branch_operator to 2025-07-15 00:00:00+00:00, run_after=2025-07-16 00:00:00+00:00
[2025-07-16T23:38:43.268+0000] {processor.py:183} INFO - Processing /home/airflow/.local/lib/python3.8/site-packages/airflow/example_dags/example_branch_operator.py took 0.182 seconds
[2025-07-16T23:39:13.360+0000] {processor.py:161} INFO - Started process (PID=727) to work on /home/airflow/.local/lib/python3.8/site-packages/airflow/example_dags/example_branch_operator.py
[2025-07-16T23:39:13.361+0000] {processor.py:830} INFO - Processing file /home/airflow/.local/lib/python3.8/site-packages/airflow/example_dags/example_branch_operator.py for tasks to queue
[2025-07-16T23:39:13.364+0000] {logging_mixin.py:188} INFO - [2025-07-16T23:39:13.364+0000] {dagbag.py:538} INFO - Filling up the DagBag from /home/airflow/.local/lib/python3.8/site-packages/airflow/example_dags/example_branch_operator.py
[2025-07-16T23:39:13.387+0000] {processor.py:840} INFO - DAG(s) 'example_branch_operator' retrieved from /home/airflow/.local/lib/python3.8/site-packages/airflow/example_dags/example_branch_operator.py
[2025-07-16T23:39:13.434+0000] {logging_mixin.py:188} INFO - [2025-07-16T23:39:13.433+0000] {dag.py:3036} INFO - Sync 1 DAGs
[2025-07-16T23:39:13.464+0000] {logging_mixin.py:188} INFO - [2025-07-16T23:39:13.464+0000] {dag.py:3823} INFO - Setting next_dagrun for example_branch_operator to 2025-07-15 00:00:00+00:00, run_after=2025-07-16 00:00:00+00:00
[2025-07-16T23:39:13.494+0000] {processor.py:183} INFO - Processing /home/airflow/.local/lib/python3.8/site-packages/airflow/example_dags/example_branch_operator.py took 0.138 seconds
[2025-07-16T23:39:44.455+0000] {processor.py:161} INFO - Started process (PID=799) to work on /home/airflow/.local/lib/python3.8/site-packages/airflow/example_dags/example_branch_operator.py
[2025-07-16T23:39:44.457+0000] {processor.py:830} INFO - Processing file /home/airflow/.local/lib/python3.8/site-packages/airflow/example_dags/example_branch_operator.py for tasks to queue
[2025-07-16T23:39:44.460+0000] {logging_mixin.py:188} INFO - [2025-07-16T23:39:44.459+0000] {dagbag.py:538} INFO - Filling up the DagBag from /home/airflow/.local/lib/python3.8/site-packages/airflow/example_dags/example_branch_operator.py
[2025-07-16T23:39:44.512+0000] {processor.py:840} INFO - DAG(s) 'example_branch_operator' retrieved from /home/airflow/.local/lib/python3.8/site-packages/airflow/example_dags/example_branch_operator.py
[2025-07-16T23:39:44.578+0000] {logging_mixin.py:188} INFO - [2025-07-16T23:39:44.577+0000] {dag.py:3036} INFO - Sync 1 DAGs
[2025-07-16T23:39:44.630+0000] {logging_mixin.py:188} INFO - [2025-07-16T23:39:44.629+0000] {dag.py:3823} INFO - Setting next_dagrun for example_branch_operator to 2025-07-15 00:00:00+00:00, run_after=2025-07-16 00:00:00+00:00
[2025-07-16T23:39:44.666+0000] {processor.py:183} INFO - Processing /home/airflow/.local/lib/python3.8/site-packages/airflow/example_dags/example_branch_operator.py took 0.217 seconds
[2025-07-16T23:40:14.781+0000] {processor.py:161} INFO - Started process (PID=861) to work on /home/airflow/.local/lib/python3.8/site-packages/airflow/example_dags/example_branch_operator.py
[2025-07-16T23:40:14.784+0000] {processor.py:830} INFO - Processing file /home/airflow/.local/lib/python3.8/site-packages/airflow/example_dags/example_branch_operator.py for tasks to queue
[2025-07-16T23:40:14.787+0000] {logging_mixin.py:188} INFO - [2025-07-16T23:40:14.787+0000] {dagbag.py:538} INFO - Filling up the DagBag from /home/airflow/.local/lib/python3.8/site-packages/airflow/example_dags/example_branch_operator.py
[2025-07-16T23:40:14.820+0000] {processor.py:840} INFO - DAG(s) 'example_branch_operator' retrieved from /home/airflow/.local/lib/python3.8/site-packages/airflow/example_dags/example_branch_operator.py
[2025-07-16T23:40:14.869+0000] {logging_mixin.py:188} INFO - [2025-07-16T23:40:14.869+0000] {dag.py:3036} INFO - Sync 1 DAGs
[2025-07-16T23:40:14.905+0000] {logging_mixin.py:188} INFO - [2025-07-16T23:40:14.905+0000] {dag.py:3823} INFO - Setting next_dagrun for example_branch_operator to 2025-07-15 00:00:00+00:00, run_after=2025-07-16 00:00:00+00:00
[2025-07-16T23:40:14.936+0000] {processor.py:183} INFO - Processing /home/airflow/.local/lib/python3.8/site-packages/airflow/example_dags/example_branch_operator.py took 0.160 seconds
[2025-07-16T23:40:45.706+0000] {processor.py:161} INFO - Started process (PID=924) to work on /home/airflow/.local/lib/python3.8/site-packages/airflow/example_dags/example_branch_operator.py
[2025-07-16T23:40:45.708+0000] {processor.py:830} INFO - Processing file /home/airflow/.local/lib/python3.8/site-packages/airflow/example_dags/example_branch_operator.py for tasks to queue
[2025-07-16T23:40:45.711+0000] {logging_mixin.py:188} INFO - [2025-07-16T23:40:45.711+0000] {dagbag.py:538} INFO - Filling up the DagBag from /home/airflow/.local/lib/python3.8/site-packages/airflow/example_dags/example_branch_operator.py
[2025-07-16T23:40:45.745+0000] {processor.py:840} INFO - DAG(s) 'example_branch_operator' retrieved from /home/airflow/.local/lib/python3.8/site-packages/airflow/example_dags/example_branch_operator.py
[2025-07-16T23:40:45.835+0000] {logging_mixin.py:188} INFO - [2025-07-16T23:40:45.834+0000] {dag.py:3036} INFO - Sync 1 DAGs
[2025-07-16T23:40:45.892+0000] {logging_mixin.py:188} INFO - [2025-07-16T23:40:45.891+0000] {dag.py:3823} INFO - Setting next_dagrun for example_branch_operator to 2025-07-15 00:00:00+00:00, run_after=2025-07-16 00:00:00+00:00
[2025-07-16T23:40:45.932+0000] {processor.py:183} INFO - Processing /home/airflow/.local/lib/python3.8/site-packages/airflow/example_dags/example_branch_operator.py took 0.233 seconds
[2025-07-16T23:41:16.498+0000] {processor.py:161} INFO - Started process (PID=990) to work on /home/airflow/.local/lib/python3.8/site-packages/airflow/example_dags/example_branch_operator.py
[2025-07-16T23:41:16.501+0000] {processor.py:830} INFO - Processing file /home/airflow/.local/lib/python3.8/site-packages/airflow/example_dags/example_branch_operator.py for tasks to queue
[2025-07-16T23:41:16.505+0000] {logging_mixin.py:188} INFO - [2025-07-16T23:41:16.504+0000] {dagbag.py:538} INFO - Filling up the DagBag from /home/airflow/.local/lib/python3.8/site-packages/airflow/example_dags/example_branch_operator.py
[2025-07-16T23:41:16.544+0000] {processor.py:840} INFO - DAG(s) 'example_branch_operator' retrieved from /home/airflow/.local/lib/python3.8/site-packages/airflow/example_dags/example_branch_operator.py
[2025-07-16T23:41:16.619+0000] {logging_mixin.py:188} INFO - [2025-07-16T23:41:16.619+0000] {dag.py:3036} INFO - Sync 1 DAGs
[2025-07-16T23:41:16.671+0000] {logging_mixin.py:188} INFO - [2025-07-16T23:41:16.670+0000] {dag.py:3823} INFO - Setting next_dagrun for example_branch_operator to 2025-07-15 00:00:00+00:00, run_after=2025-07-16 00:00:00+00:00
[2025-07-16T23:41:16.738+0000] {processor.py:183} INFO - Processing /home/airflow/.local/lib/python3.8/site-packages/airflow/example_dags/example_branch_operator.py took 0.246 seconds
[2025-07-16T23:41:47.385+0000] {processor.py:161} INFO - Started process (PID=1056) to work on /home/airflow/.local/lib/python3.8/site-packages/airflow/example_dags/example_branch_operator.py
[2025-07-16T23:41:47.390+0000] {processor.py:830} INFO - Processing file /home/airflow/.local/lib/python3.8/site-packages/airflow/example_dags/example_branch_operator.py for tasks to queue
[2025-07-16T23:41:47.394+0000] {logging_mixin.py:188} INFO - [2025-07-16T23:41:47.393+0000] {dagbag.py:538} INFO - Filling up the DagBag from /home/airflow/.local/lib/python3.8/site-packages/airflow/example_dags/example_branch_operator.py
[2025-07-16T23:41:47.449+0000] {processor.py:840} INFO - DAG(s) 'example_branch_operator' retrieved from /home/airflow/.local/lib/python3.8/site-packages/airflow/example_dags/example_branch_operator.py
[2025-07-16T23:41:47.548+0000] {logging_mixin.py:188} INFO - [2025-07-16T23:41:47.546+0000] {dag.py:3036} INFO - Sync 1 DAGs
[2025-07-16T23:41:47.616+0000] {logging_mixin.py:188} INFO - [2025-07-16T23:41:47.616+0000] {dag.py:3823} INFO - Setting next_dagrun for example_branch_operator to 2025-07-15 00:00:00+00:00, run_after=2025-07-16 00:00:00+00:00
[2025-07-16T23:41:47.657+0000] {processor.py:183} INFO - Processing /home/airflow/.local/lib/python3.8/site-packages/airflow/example_dags/example_branch_operator.py took 0.278 seconds
[2025-07-16T23:42:17.831+0000] {processor.py:161} INFO - Started process (PID=1122) to work on /home/airflow/.local/lib/python3.8/site-packages/airflow/example_dags/example_branch_operator.py
[2025-07-16T23:42:17.835+0000] {processor.py:830} INFO - Processing file /home/airflow/.local/lib/python3.8/site-packages/airflow/example_dags/example_branch_operator.py for tasks to queue
[2025-07-16T23:42:17.838+0000] {logging_mixin.py:188} INFO - [2025-07-16T23:42:17.838+0000] {dagbag.py:538} INFO - Filling up the DagBag from /home/airflow/.local/lib/python3.8/site-packages/airflow/example_dags/example_branch_operator.py
[2025-07-16T23:42:17.881+0000] {processor.py:840} INFO - DAG(s) 'example_branch_operator' retrieved from /home/airflow/.local/lib/python3.8/site-packages/airflow/example_dags/example_branch_operator.py
[2025-07-16T23:42:17.955+0000] {logging_mixin.py:188} INFO - [2025-07-16T23:42:17.955+0000] {dag.py:3036} INFO - Sync 1 DAGs
[2025-07-16T23:42:18.067+0000] {logging_mixin.py:188} INFO - [2025-07-16T23:42:18.067+0000] {dag.py:3823} INFO - Setting next_dagrun for example_branch_operator to 2025-07-15 00:00:00+00:00, run_after=2025-07-16 00:00:00+00:00
[2025-07-16T23:42:18.111+0000] {processor.py:183} INFO - Processing /home/airflow/.local/lib/python3.8/site-packages/airflow/example_dags/example_branch_operator.py took 0.286 seconds
[2025-07-16T23:42:48.805+0000] {processor.py:161} INFO - Started process (PID=1188) to work on /home/airflow/.local/lib/python3.8/site-packages/airflow/example_dags/example_branch_operator.py
[2025-07-16T23:42:48.852+0000] {processor.py:830} INFO - Processing file /home/airflow/.local/lib/python3.8/site-packages/airflow/example_dags/example_branch_operator.py for tasks to queue
[2025-07-16T23:42:48.909+0000] {logging_mixin.py:188} INFO - [2025-07-16T23:42:48.908+0000] {dagbag.py:538} INFO - Filling up the DagBag from /home/airflow/.local/lib/python3.8/site-packages/airflow/example_dags/example_branch_operator.py
[2025-07-16T23:42:48.996+0000] {processor.py:840} INFO - DAG(s) 'example_branch_operator' retrieved from /home/airflow/.local/lib/python3.8/site-packages/airflow/example_dags/example_branch_operator.py
[2025-07-16T23:42:49.053+0000] {logging_mixin.py:188} INFO - [2025-07-16T23:42:49.053+0000] {dag.py:3036} INFO - Sync 1 DAGs
[2025-07-16T23:42:49.098+0000] {logging_mixin.py:188} INFO - [2025-07-16T23:42:49.097+0000] {dag.py:3823} INFO - Setting next_dagrun for example_branch_operator to 2025-07-15 00:00:00+00:00, run_after=2025-07-16 00:00:00+00:00
[2025-07-16T23:42:49.135+0000] {processor.py:183} INFO - Processing /home/airflow/.local/lib/python3.8/site-packages/airflow/example_dags/example_branch_operator.py took 0.337 seconds
[2025-07-16T23:43:19.215+0000] {processor.py:161} INFO - Started process (PID=1254) to work on /home/airflow/.local/lib/python3.8/site-packages/airflow/example_dags/example_branch_operator.py
[2025-07-16T23:43:19.217+0000] {processor.py:830} INFO - Processing file /home/airflow/.local/lib/python3.8/site-packages/airflow/example_dags/example_branch_operator.py for tasks to queue
[2025-07-16T23:43:19.220+0000] {logging_mixin.py:188} INFO - [2025-07-16T23:43:19.219+0000] {dagbag.py:538} INFO - Filling up the DagBag from /home/airflow/.local/lib/python3.8/site-packages/airflow/example_dags/example_branch_operator.py
[2025-07-16T23:43:19.250+0000] {processor.py:840} INFO - DAG(s) 'example_branch_operator' retrieved from /home/airflow/.local/lib/python3.8/site-packages/airflow/example_dags/example_branch_operator.py
[2025-07-16T23:43:19.306+0000] {logging_mixin.py:188} INFO - [2025-07-16T23:43:19.306+0000] {dag.py:3036} INFO - Sync 1 DAGs
[2025-07-16T23:43:19.352+0000] {logging_mixin.py:188} INFO - [2025-07-16T23:43:19.352+0000] {dag.py:3823} INFO - Setting next_dagrun for example_branch_operator to 2025-07-15 00:00:00+00:00, run_after=2025-07-16 00:00:00+00:00
[2025-07-16T23:43:19.387+0000] {processor.py:183} INFO - Processing /home/airflow/.local/lib/python3.8/site-packages/airflow/example_dags/example_branch_operator.py took 0.178 seconds
[2025-07-16T23:43:50.086+0000] {processor.py:161} INFO - Started process (PID=1316) to work on /home/airflow/.local/lib/python3.8/site-packages/airflow/example_dags/example_branch_operator.py
[2025-07-16T23:43:50.088+0000] {processor.py:830} INFO - Processing file /home/airflow/.local/lib/python3.8/site-packages/airflow/example_dags/example_branch_operator.py for tasks to queue
[2025-07-16T23:43:50.093+0000] {logging_mixin.py:188} INFO - [2025-07-16T23:43:50.092+0000] {dagbag.py:538} INFO - Filling up the DagBag from /home/airflow/.local/lib/python3.8/site-packages/airflow/example_dags/example_branch_operator.py
[2025-07-16T23:43:50.122+0000] {processor.py:840} INFO - DAG(s) 'example_branch_operator' retrieved from /home/airflow/.local/lib/python3.8/site-packages/airflow/example_dags/example_branch_operator.py
[2025-07-16T23:43:50.166+0000] {logging_mixin.py:188} INFO - [2025-07-16T23:43:50.166+0000] {dag.py:3036} INFO - Sync 1 DAGs
[2025-07-16T23:43:50.203+0000] {logging_mixin.py:188} INFO - [2025-07-16T23:43:50.202+0000] {dag.py:3823} INFO - Setting next_dagrun for example_branch_operator to 2025-07-15 00:00:00+00:00, run_after=2025-07-16 00:00:00+00:00
[2025-07-16T23:43:50.233+0000] {processor.py:183} INFO - Processing /home/airflow/.local/lib/python3.8/site-packages/airflow/example_dags/example_branch_operator.py took 0.153 seconds
[2025-07-16T23:44:20.542+0000] {processor.py:161} INFO - Started process (PID=1380) to work on /home/airflow/.local/lib/python3.8/site-packages/airflow/example_dags/example_branch_operator.py
[2025-07-16T23:44:20.544+0000] {processor.py:830} INFO - Processing file /home/airflow/.local/lib/python3.8/site-packages/airflow/example_dags/example_branch_operator.py for tasks to queue
[2025-07-16T23:44:20.548+0000] {logging_mixin.py:188} INFO - [2025-07-16T23:44:20.547+0000] {dagbag.py:538} INFO - Filling up the DagBag from /home/airflow/.local/lib/python3.8/site-packages/airflow/example_dags/example_branch_operator.py
[2025-07-16T23:44:20.586+0000] {processor.py:840} INFO - DAG(s) 'example_branch_operator' retrieved from /home/airflow/.local/lib/python3.8/site-packages/airflow/example_dags/example_branch_operator.py
[2025-07-16T23:44:20.638+0000] {logging_mixin.py:188} INFO - [2025-07-16T23:44:20.638+0000] {dag.py:3036} INFO - Sync 1 DAGs
[2025-07-16T23:44:20.675+0000] {logging_mixin.py:188} INFO - [2025-07-16T23:44:20.675+0000] {dag.py:3823} INFO - Setting next_dagrun for example_branch_operator to 2025-07-15 00:00:00+00:00, run_after=2025-07-16 00:00:00+00:00
[2025-07-16T23:44:20.715+0000] {processor.py:183} INFO - Processing /home/airflow/.local/lib/python3.8/site-packages/airflow/example_dags/example_branch_operator.py took 0.180 seconds
[2025-07-16T23:44:50.935+0000] {processor.py:161} INFO - Started process (PID=1446) to work on /home/airflow/.local/lib/python3.8/site-packages/airflow/example_dags/example_branch_operator.py
[2025-07-16T23:44:50.937+0000] {processor.py:830} INFO - Processing file /home/airflow/.local/lib/python3.8/site-packages/airflow/example_dags/example_branch_operator.py for tasks to queue
[2025-07-16T23:44:50.941+0000] {logging_mixin.py:188} INFO - [2025-07-16T23:44:50.940+0000] {dagbag.py:538} INFO - Filling up the DagBag from /home/airflow/.local/lib/python3.8/site-packages/airflow/example_dags/example_branch_operator.py
[2025-07-16T23:44:50.973+0000] {processor.py:840} INFO - DAG(s) 'example_branch_operator' retrieved from /home/airflow/.local/lib/python3.8/site-packages/airflow/example_dags/example_branch_operator.py
[2025-07-16T23:44:51.036+0000] {logging_mixin.py:188} INFO - [2025-07-16T23:44:51.036+0000] {dag.py:3036} INFO - Sync 1 DAGs
[2025-07-16T23:44:51.096+0000] {logging_mixin.py:188} INFO - [2025-07-16T23:44:51.095+0000] {dag.py:3823} INFO - Setting next_dagrun for example_branch_operator to 2025-07-15 00:00:00+00:00, run_after=2025-07-16 00:00:00+00:00
[2025-07-16T23:44:51.135+0000] {processor.py:183} INFO - Processing /home/airflow/.local/lib/python3.8/site-packages/airflow/example_dags/example_branch_operator.py took 0.205 seconds
[2025-07-16T23:45:21.370+0000] {processor.py:161} INFO - Started process (PID=1512) to work on /home/airflow/.local/lib/python3.8/site-packages/airflow/example_dags/example_branch_operator.py
[2025-07-16T23:45:21.371+0000] {processor.py:830} INFO - Processing file /home/airflow/.local/lib/python3.8/site-packages/airflow/example_dags/example_branch_operator.py for tasks to queue
[2025-07-16T23:45:21.374+0000] {logging_mixin.py:188} INFO - [2025-07-16T23:45:21.373+0000] {dagbag.py:538} INFO - Filling up the DagBag from /home/airflow/.local/lib/python3.8/site-packages/airflow/example_dags/example_branch_operator.py
[2025-07-16T23:45:21.411+0000] {processor.py:840} INFO - DAG(s) 'example_branch_operator' retrieved from /home/airflow/.local/lib/python3.8/site-packages/airflow/example_dags/example_branch_operator.py
[2025-07-16T23:45:21.471+0000] {logging_mixin.py:188} INFO - [2025-07-16T23:45:21.470+0000] {dag.py:3036} INFO - Sync 1 DAGs
[2025-07-16T23:45:21.525+0000] {logging_mixin.py:188} INFO - [2025-07-16T23:45:21.525+0000] {dag.py:3823} INFO - Setting next_dagrun for example_branch_operator to 2025-07-15 00:00:00+00:00, run_after=2025-07-16 00:00:00+00:00
[2025-07-16T23:45:21.564+0000] {processor.py:183} INFO - Processing /home/airflow/.local/lib/python3.8/site-packages/airflow/example_dags/example_branch_operator.py took 0.201 seconds
[2025-07-16T23:45:51.993+0000] {processor.py:161} INFO - Started process (PID=1578) to work on /home/airflow/.local/lib/python3.8/site-packages/airflow/example_dags/example_branch_operator.py
[2025-07-16T23:45:51.994+0000] {processor.py:830} INFO - Processing file /home/airflow/.local/lib/python3.8/site-packages/airflow/example_dags/example_branch_operator.py for tasks to queue
[2025-07-16T23:45:51.998+0000] {logging_mixin.py:188} INFO - [2025-07-16T23:45:51.998+0000] {dagbag.py:538} INFO - Filling up the DagBag from /home/airflow/.local/lib/python3.8/site-packages/airflow/example_dags/example_branch_operator.py
[2025-07-16T23:45:52.032+0000] {processor.py:840} INFO - DAG(s) 'example_branch_operator' retrieved from /home/airflow/.local/lib/python3.8/site-packages/airflow/example_dags/example_branch_operator.py
[2025-07-16T23:45:52.099+0000] {logging_mixin.py:188} INFO - [2025-07-16T23:45:52.098+0000] {dag.py:3036} INFO - Sync 1 DAGs
[2025-07-16T23:45:52.145+0000] {logging_mixin.py:188} INFO - [2025-07-16T23:45:52.145+0000] {dag.py:3823} INFO - Setting next_dagrun for example_branch_operator to 2025-07-15 00:00:00+00:00, run_after=2025-07-16 00:00:00+00:00
[2025-07-16T23:45:52.183+0000] {processor.py:183} INFO - Processing /home/airflow/.local/lib/python3.8/site-packages/airflow/example_dags/example_branch_operator.py took 0.195 seconds
[2025-07-16T23:46:22.401+0000] {processor.py:161} INFO - Started process (PID=1644) to work on /home/airflow/.local/lib/python3.8/site-packages/airflow/example_dags/example_branch_operator.py
[2025-07-16T23:46:22.404+0000] {processor.py:830} INFO - Processing file /home/airflow/.local/lib/python3.8/site-packages/airflow/example_dags/example_branch_operator.py for tasks to queue
[2025-07-16T23:46:22.407+0000] {logging_mixin.py:188} INFO - [2025-07-16T23:46:22.406+0000] {dagbag.py:538} INFO - Filling up the DagBag from /home/airflow/.local/lib/python3.8/site-packages/airflow/example_dags/example_branch_operator.py
[2025-07-16T23:46:22.450+0000] {processor.py:840} INFO - DAG(s) 'example_branch_operator' retrieved from /home/airflow/.local/lib/python3.8/site-packages/airflow/example_dags/example_branch_operator.py
[2025-07-16T23:46:22.506+0000] {logging_mixin.py:188} INFO - [2025-07-16T23:46:22.506+0000] {dag.py:3036} INFO - Sync 1 DAGs
[2025-07-16T23:46:22.544+0000] {logging_mixin.py:188} INFO - [2025-07-16T23:46:22.544+0000] {dag.py:3823} INFO - Setting next_dagrun for example_branch_operator to 2025-07-15 00:00:00+00:00, run_after=2025-07-16 00:00:00+00:00
[2025-07-16T23:46:22.578+0000] {processor.py:183} INFO - Processing /home/airflow/.local/lib/python3.8/site-packages/airflow/example_dags/example_branch_operator.py took 0.293 seconds
[2025-07-16T23:46:52.709+0000] {processor.py:161} INFO - Started process (PID=1710) to work on /home/airflow/.local/lib/python3.8/site-packages/airflow/example_dags/example_branch_operator.py
[2025-07-16T23:46:52.711+0000] {processor.py:830} INFO - Processing file /home/airflow/.local/lib/python3.8/site-packages/airflow/example_dags/example_branch_operator.py for tasks to queue
[2025-07-16T23:46:52.714+0000] {logging_mixin.py:188} INFO - [2025-07-16T23:46:52.714+0000] {dagbag.py:538} INFO - Filling up the DagBag from /home/airflow/.local/lib/python3.8/site-packages/airflow/example_dags/example_branch_operator.py
[2025-07-16T23:46:52.750+0000] {processor.py:840} INFO - DAG(s) 'example_branch_operator' retrieved from /home/airflow/.local/lib/python3.8/site-packages/airflow/example_dags/example_branch_operator.py
[2025-07-16T23:46:52.813+0000] {logging_mixin.py:188} INFO - [2025-07-16T23:46:52.813+0000] {dag.py:3036} INFO - Sync 1 DAGs
[2025-07-16T23:46:52.859+0000] {logging_mixin.py:188} INFO - [2025-07-16T23:46:52.858+0000] {dag.py:3823} INFO - Setting next_dagrun for example_branch_operator to 2025-07-15 00:00:00+00:00, run_after=2025-07-16 00:00:00+00:00
[2025-07-16T23:46:52.897+0000] {processor.py:183} INFO - Processing /home/airflow/.local/lib/python3.8/site-packages/airflow/example_dags/example_branch_operator.py took 0.193 seconds
[2025-07-16T23:47:22.931+0000] {processor.py:161} INFO - Started process (PID=1776) to work on /home/airflow/.local/lib/python3.8/site-packages/airflow/example_dags/example_branch_operator.py
[2025-07-16T23:47:22.932+0000] {processor.py:830} INFO - Processing file /home/airflow/.local/lib/python3.8/site-packages/airflow/example_dags/example_branch_operator.py for tasks to queue
[2025-07-16T23:47:22.934+0000] {logging_mixin.py:188} INFO - [2025-07-16T23:47:22.934+0000] {dagbag.py:538} INFO - Filling up the DagBag from /home/airflow/.local/lib/python3.8/site-packages/airflow/example_dags/example_branch_operator.py
[2025-07-16T23:47:22.963+0000] {processor.py:840} INFO - DAG(s) 'example_branch_operator' retrieved from /home/airflow/.local/lib/python3.8/site-packages/airflow/example_dags/example_branch_operator.py
[2025-07-16T23:47:23.002+0000] {logging_mixin.py:188} INFO - [2025-07-16T23:47:23.002+0000] {dag.py:3036} INFO - Sync 1 DAGs
[2025-07-16T23:47:23.031+0000] {logging_mixin.py:188} INFO - [2025-07-16T23:47:23.030+0000] {dag.py:3823} INFO - Setting next_dagrun for example_branch_operator to 2025-07-15 00:00:00+00:00, run_after=2025-07-16 00:00:00+00:00
[2025-07-16T23:47:23.057+0000] {processor.py:183} INFO - Processing /home/airflow/.local/lib/python3.8/site-packages/airflow/example_dags/example_branch_operator.py took 0.130 seconds
[2025-07-16T23:47:53.149+0000] {processor.py:161} INFO - Started process (PID=1836) to work on /home/airflow/.local/lib/python3.8/site-packages/airflow/example_dags/example_branch_operator.py
[2025-07-16T23:47:53.152+0000] {processor.py:830} INFO - Processing file /home/airflow/.local/lib/python3.8/site-packages/airflow/example_dags/example_branch_operator.py for tasks to queue
[2025-07-16T23:47:53.157+0000] {logging_mixin.py:188} INFO - [2025-07-16T23:47:53.157+0000] {dagbag.py:538} INFO - Filling up the DagBag from /home/airflow/.local/lib/python3.8/site-packages/airflow/example_dags/example_branch_operator.py
[2025-07-16T23:47:53.180+0000] {processor.py:840} INFO - DAG(s) 'example_branch_operator' retrieved from /home/airflow/.local/lib/python3.8/site-packages/airflow/example_dags/example_branch_operator.py
[2025-07-16T23:47:53.231+0000] {logging_mixin.py:188} INFO - [2025-07-16T23:47:53.231+0000] {dag.py:3036} INFO - Sync 1 DAGs
[2025-07-16T23:47:53.270+0000] {logging_mixin.py:188} INFO - [2025-07-16T23:47:53.270+0000] {dag.py:3823} INFO - Setting next_dagrun for example_branch_operator to 2025-07-15 00:00:00+00:00, run_after=2025-07-16 00:00:00+00:00
[2025-07-16T23:47:53.311+0000] {processor.py:183} INFO - Processing /home/airflow/.local/lib/python3.8/site-packages/airflow/example_dags/example_branch_operator.py took 0.172 seconds
[2025-07-16T23:48:23.921+0000] {processor.py:161} INFO - Started process (PID=1898) to work on /home/airflow/.local/lib/python3.8/site-packages/airflow/example_dags/example_branch_operator.py
[2025-07-16T23:48:23.923+0000] {processor.py:830} INFO - Processing file /home/airflow/.local/lib/python3.8/site-packages/airflow/example_dags/example_branch_operator.py for tasks to queue
[2025-07-16T23:48:23.926+0000] {logging_mixin.py:188} INFO - [2025-07-16T23:48:23.925+0000] {dagbag.py:538} INFO - Filling up the DagBag from /home/airflow/.local/lib/python3.8/site-packages/airflow/example_dags/example_branch_operator.py
[2025-07-16T23:48:23.955+0000] {processor.py:840} INFO - DAG(s) 'example_branch_operator' retrieved from /home/airflow/.local/lib/python3.8/site-packages/airflow/example_dags/example_branch_operator.py
[2025-07-16T23:48:24.011+0000] {logging_mixin.py:188} INFO - [2025-07-16T23:48:24.010+0000] {dag.py:3036} INFO - Sync 1 DAGs
[2025-07-16T23:48:24.057+0000] {logging_mixin.py:188} INFO - [2025-07-16T23:48:24.057+0000] {dag.py:3823} INFO - Setting next_dagrun for example_branch_operator to 2025-07-15 00:00:00+00:00, run_after=2025-07-16 00:00:00+00:00
[2025-07-16T23:48:24.261+0000] {processor.py:183} INFO - Processing /home/airflow/.local/lib/python3.8/site-packages/airflow/example_dags/example_branch_operator.py took 0.346 seconds
[2025-07-16T23:48:54.313+0000] {processor.py:161} INFO - Started process (PID=1964) to work on /home/airflow/.local/lib/python3.8/site-packages/airflow/example_dags/example_branch_operator.py
[2025-07-16T23:48:54.316+0000] {processor.py:830} INFO - Processing file /home/airflow/.local/lib/python3.8/site-packages/airflow/example_dags/example_branch_operator.py for tasks to queue
[2025-07-16T23:48:54.319+0000] {logging_mixin.py:188} INFO - [2025-07-16T23:48:54.319+0000] {dagbag.py:538} INFO - Filling up the DagBag from /home/airflow/.local/lib/python3.8/site-packages/airflow/example_dags/example_branch_operator.py
[2025-07-16T23:48:54.352+0000] {processor.py:840} INFO - DAG(s) 'example_branch_operator' retrieved from /home/airflow/.local/lib/python3.8/site-packages/airflow/example_dags/example_branch_operator.py
[2025-07-16T23:48:54.412+0000] {logging_mixin.py:188} INFO - [2025-07-16T23:48:54.411+0000] {dag.py:3036} INFO - Sync 1 DAGs
[2025-07-16T23:48:54.458+0000] {logging_mixin.py:188} INFO - [2025-07-16T23:48:54.457+0000] {dag.py:3823} INFO - Setting next_dagrun for example_branch_operator to 2025-07-15 00:00:00+00:00, run_after=2025-07-16 00:00:00+00:00
[2025-07-16T23:48:54.501+0000] {processor.py:183} INFO - Processing /home/airflow/.local/lib/python3.8/site-packages/airflow/example_dags/example_branch_operator.py took 0.194 seconds
[2025-07-16T23:49:24.607+0000] {processor.py:161} INFO - Started process (PID=2031) to work on /home/airflow/.local/lib/python3.8/site-packages/airflow/example_dags/example_branch_operator.py
[2025-07-16T23:49:24.608+0000] {processor.py:830} INFO - Processing file /home/airflow/.local/lib/python3.8/site-packages/airflow/example_dags/example_branch_operator.py for tasks to queue
[2025-07-16T23:49:24.615+0000] {logging_mixin.py:188} INFO - [2025-07-16T23:49:24.615+0000] {dagbag.py:538} INFO - Filling up the DagBag from /home/airflow/.local/lib/python3.8/site-packages/airflow/example_dags/example_branch_operator.py
[2025-07-16T23:49:24.650+0000] {processor.py:840} INFO - DAG(s) 'example_branch_operator' retrieved from /home/airflow/.local/lib/python3.8/site-packages/airflow/example_dags/example_branch_operator.py
[2025-07-16T23:49:24.712+0000] {logging_mixin.py:188} INFO - [2025-07-16T23:49:24.711+0000] {dag.py:3036} INFO - Sync 1 DAGs
[2025-07-16T23:49:24.760+0000] {logging_mixin.py:188} INFO - [2025-07-16T23:49:24.760+0000] {dag.py:3823} INFO - Setting next_dagrun for example_branch_operator to 2025-07-15 00:00:00+00:00, run_after=2025-07-16 00:00:00+00:00
[2025-07-16T23:49:24.804+0000] {processor.py:183} INFO - Processing /home/airflow/.local/lib/python3.8/site-packages/airflow/example_dags/example_branch_operator.py took 0.206 seconds
[2025-07-16T23:49:55.025+0000] {processor.py:161} INFO - Started process (PID=2096) to work on /home/airflow/.local/lib/python3.8/site-packages/airflow/example_dags/example_branch_operator.py
[2025-07-16T23:49:55.026+0000] {processor.py:830} INFO - Processing file /home/airflow/.local/lib/python3.8/site-packages/airflow/example_dags/example_branch_operator.py for tasks to queue
[2025-07-16T23:49:55.030+0000] {logging_mixin.py:188} INFO - [2025-07-16T23:49:55.029+0000] {dagbag.py:538} INFO - Filling up the DagBag from /home/airflow/.local/lib/python3.8/site-packages/airflow/example_dags/example_branch_operator.py
[2025-07-16T23:49:55.062+0000] {processor.py:840} INFO - DAG(s) 'example_branch_operator' retrieved from /home/airflow/.local/lib/python3.8/site-packages/airflow/example_dags/example_branch_operator.py
[2025-07-16T23:49:55.125+0000] {logging_mixin.py:188} INFO - [2025-07-16T23:49:55.124+0000] {dag.py:3036} INFO - Sync 1 DAGs
[2025-07-16T23:49:55.166+0000] {logging_mixin.py:188} INFO - [2025-07-16T23:49:55.165+0000] {dag.py:3823} INFO - Setting next_dagrun for example_branch_operator to 2025-07-15 00:00:00+00:00, run_after=2025-07-16 00:00:00+00:00
[2025-07-16T23:49:55.208+0000] {processor.py:183} INFO - Processing /home/airflow/.local/lib/python3.8/site-packages/airflow/example_dags/example_branch_operator.py took 0.188 seconds
[2025-07-16T23:50:25.442+0000] {processor.py:161} INFO - Started process (PID=2161) to work on /home/airflow/.local/lib/python3.8/site-packages/airflow/example_dags/example_branch_operator.py
[2025-07-16T23:50:25.444+0000] {processor.py:830} INFO - Processing file /home/airflow/.local/lib/python3.8/site-packages/airflow/example_dags/example_branch_operator.py for tasks to queue
[2025-07-16T23:50:25.447+0000] {logging_mixin.py:188} INFO - [2025-07-16T23:50:25.446+0000] {dagbag.py:538} INFO - Filling up the DagBag from /home/airflow/.local/lib/python3.8/site-packages/airflow/example_dags/example_branch_operator.py
[2025-07-16T23:50:25.477+0000] {processor.py:840} INFO - DAG(s) 'example_branch_operator' retrieved from /home/airflow/.local/lib/python3.8/site-packages/airflow/example_dags/example_branch_operator.py
[2025-07-16T23:50:25.529+0000] {logging_mixin.py:188} INFO - [2025-07-16T23:50:25.529+0000] {dag.py:3036} INFO - Sync 1 DAGs
[2025-07-16T23:50:25.745+0000] {logging_mixin.py:188} INFO - [2025-07-16T23:50:25.744+0000] {dag.py:3823} INFO - Setting next_dagrun for example_branch_operator to 2025-07-15 00:00:00+00:00, run_after=2025-07-16 00:00:00+00:00
[2025-07-16T23:50:25.774+0000] {processor.py:183} INFO - Processing /home/airflow/.local/lib/python3.8/site-packages/airflow/example_dags/example_branch_operator.py took 0.337 seconds
[2025-07-16T23:50:55.948+0000] {processor.py:161} INFO - Started process (PID=2227) to work on /home/airflow/.local/lib/python3.8/site-packages/airflow/example_dags/example_branch_operator.py
[2025-07-16T23:50:55.951+0000] {processor.py:830} INFO - Processing file /home/airflow/.local/lib/python3.8/site-packages/airflow/example_dags/example_branch_operator.py for tasks to queue
[2025-07-16T23:50:55.954+0000] {logging_mixin.py:188} INFO - [2025-07-16T23:50:55.953+0000] {dagbag.py:538} INFO - Filling up the DagBag from /home/airflow/.local/lib/python3.8/site-packages/airflow/example_dags/example_branch_operator.py
[2025-07-16T23:50:55.987+0000] {processor.py:840} INFO - DAG(s) 'example_branch_operator' retrieved from /home/airflow/.local/lib/python3.8/site-packages/airflow/example_dags/example_branch_operator.py
[2025-07-16T23:50:56.044+0000] {logging_mixin.py:188} INFO - [2025-07-16T23:50:56.044+0000] {dag.py:3036} INFO - Sync 1 DAGs
[2025-07-16T23:50:56.361+0000] {logging_mixin.py:188} INFO - [2025-07-16T23:50:56.361+0000] {dag.py:3823} INFO - Setting next_dagrun for example_branch_operator to 2025-07-15 00:00:00+00:00, run_after=2025-07-16 00:00:00+00:00
[2025-07-16T23:50:56.400+0000] {processor.py:183} INFO - Processing /home/airflow/.local/lib/python3.8/site-packages/airflow/example_dags/example_branch_operator.py took 0.457 seconds
[2025-07-16T23:51:26.597+0000] {processor.py:161} INFO - Started process (PID=2289) to work on /home/airflow/.local/lib/python3.8/site-packages/airflow/example_dags/example_branch_operator.py
[2025-07-16T23:51:26.598+0000] {processor.py:830} INFO - Processing file /home/airflow/.local/lib/python3.8/site-packages/airflow/example_dags/example_branch_operator.py for tasks to queue
[2025-07-16T23:51:26.601+0000] {logging_mixin.py:188} INFO - [2025-07-16T23:51:26.600+0000] {dagbag.py:538} INFO - Filling up the DagBag from /home/airflow/.local/lib/python3.8/site-packages/airflow/example_dags/example_branch_operator.py
[2025-07-16T23:51:26.631+0000] {processor.py:840} INFO - DAG(s) 'example_branch_operator' retrieved from /home/airflow/.local/lib/python3.8/site-packages/airflow/example_dags/example_branch_operator.py
[2025-07-16T23:51:26.688+0000] {logging_mixin.py:188} INFO - [2025-07-16T23:51:26.687+0000] {dag.py:3036} INFO - Sync 1 DAGs
[2025-07-16T23:51:26.731+0000] {logging_mixin.py:188} INFO - [2025-07-16T23:51:26.731+0000] {dag.py:3823} INFO - Setting next_dagrun for example_branch_operator to 2025-07-15 00:00:00+00:00, run_after=2025-07-16 00:00:00+00:00
[2025-07-16T23:51:26.765+0000] {processor.py:183} INFO - Processing /home/airflow/.local/lib/python3.8/site-packages/airflow/example_dags/example_branch_operator.py took 0.173 seconds
[2025-07-16T23:51:57.358+0000] {processor.py:161} INFO - Started process (PID=2353) to work on /home/airflow/.local/lib/python3.8/site-packages/airflow/example_dags/example_branch_operator.py
[2025-07-16T23:51:57.360+0000] {processor.py:830} INFO - Processing file /home/airflow/.local/lib/python3.8/site-packages/airflow/example_dags/example_branch_operator.py for tasks to queue
[2025-07-16T23:51:57.364+0000] {logging_mixin.py:188} INFO - [2025-07-16T23:51:57.363+0000] {dagbag.py:538} INFO - Filling up the DagBag from /home/airflow/.local/lib/python3.8/site-packages/airflow/example_dags/example_branch_operator.py
[2025-07-16T23:51:57.396+0000] {processor.py:840} INFO - DAG(s) 'example_branch_operator' retrieved from /home/airflow/.local/lib/python3.8/site-packages/airflow/example_dags/example_branch_operator.py
[2025-07-16T23:51:57.454+0000] {logging_mixin.py:188} INFO - [2025-07-16T23:51:57.453+0000] {dag.py:3036} INFO - Sync 1 DAGs
[2025-07-16T23:51:57.492+0000] {logging_mixin.py:188} INFO - [2025-07-16T23:51:57.491+0000] {dag.py:3823} INFO - Setting next_dagrun for example_branch_operator to 2025-07-15 00:00:00+00:00, run_after=2025-07-16 00:00:00+00:00
[2025-07-16T23:51:57.527+0000] {processor.py:183} INFO - Processing /home/airflow/.local/lib/python3.8/site-packages/airflow/example_dags/example_branch_operator.py took 0.174 seconds
[2025-07-16T23:52:28.376+0000] {processor.py:161} INFO - Started process (PID=2419) to work on /home/airflow/.local/lib/python3.8/site-packages/airflow/example_dags/example_branch_operator.py
[2025-07-16T23:52:28.377+0000] {processor.py:830} INFO - Processing file /home/airflow/.local/lib/python3.8/site-packages/airflow/example_dags/example_branch_operator.py for tasks to queue
[2025-07-16T23:52:28.381+0000] {logging_mixin.py:188} INFO - [2025-07-16T23:52:28.380+0000] {dagbag.py:538} INFO - Filling up the DagBag from /home/airflow/.local/lib/python3.8/site-packages/airflow/example_dags/example_branch_operator.py
[2025-07-16T23:52:28.417+0000] {processor.py:840} INFO - DAG(s) 'example_branch_operator' retrieved from /home/airflow/.local/lib/python3.8/site-packages/airflow/example_dags/example_branch_operator.py
[2025-07-16T23:52:28.471+0000] {logging_mixin.py:188} INFO - [2025-07-16T23:52:28.471+0000] {dag.py:3036} INFO - Sync 1 DAGs
[2025-07-16T23:52:28.537+0000] {logging_mixin.py:188} INFO - [2025-07-16T23:52:28.536+0000] {dag.py:3823} INFO - Setting next_dagrun for example_branch_operator to 2025-07-15 00:00:00+00:00, run_after=2025-07-16 00:00:00+00:00
[2025-07-16T23:52:28.568+0000] {processor.py:183} INFO - Processing /home/airflow/.local/lib/python3.8/site-packages/airflow/example_dags/example_branch_operator.py took 0.198 seconds
[2025-07-16T23:52:59.332+0000] {processor.py:161} INFO - Started process (PID=2484) to work on /home/airflow/.local/lib/python3.8/site-packages/airflow/example_dags/example_branch_operator.py
[2025-07-16T23:52:59.333+0000] {processor.py:830} INFO - Processing file /home/airflow/.local/lib/python3.8/site-packages/airflow/example_dags/example_branch_operator.py for tasks to queue
[2025-07-16T23:52:59.336+0000] {logging_mixin.py:188} INFO - [2025-07-16T23:52:59.336+0000] {dagbag.py:538} INFO - Filling up the DagBag from /home/airflow/.local/lib/python3.8/site-packages/airflow/example_dags/example_branch_operator.py
[2025-07-16T23:52:59.365+0000] {processor.py:840} INFO - DAG(s) 'example_branch_operator' retrieved from /home/airflow/.local/lib/python3.8/site-packages/airflow/example_dags/example_branch_operator.py
[2025-07-16T23:52:59.588+0000] {logging_mixin.py:188} INFO - [2025-07-16T23:52:59.588+0000] {dag.py:3036} INFO - Sync 1 DAGs
[2025-07-16T23:52:59.629+0000] {logging_mixin.py:188} INFO - [2025-07-16T23:52:59.628+0000] {dag.py:3823} INFO - Setting next_dagrun for example_branch_operator to 2025-07-15 00:00:00+00:00, run_after=2025-07-16 00:00:00+00:00
[2025-07-16T23:52:59.660+0000] {processor.py:183} INFO - Processing /home/airflow/.local/lib/python3.8/site-packages/airflow/example_dags/example_branch_operator.py took 0.334 seconds
[2025-07-16T23:53:30.451+0000] {processor.py:161} INFO - Started process (PID=2550) to work on /home/airflow/.local/lib/python3.8/site-packages/airflow/example_dags/example_branch_operator.py
[2025-07-16T23:53:30.454+0000] {processor.py:830} INFO - Processing file /home/airflow/.local/lib/python3.8/site-packages/airflow/example_dags/example_branch_operator.py for tasks to queue
[2025-07-16T23:53:30.458+0000] {logging_mixin.py:188} INFO - [2025-07-16T23:53:30.457+0000] {dagbag.py:538} INFO - Filling up the DagBag from /home/airflow/.local/lib/python3.8/site-packages/airflow/example_dags/example_branch_operator.py
[2025-07-16T23:53:30.503+0000] {processor.py:840} INFO - DAG(s) 'example_branch_operator' retrieved from /home/airflow/.local/lib/python3.8/site-packages/airflow/example_dags/example_branch_operator.py
[2025-07-16T23:53:30.569+0000] {logging_mixin.py:188} INFO - [2025-07-16T23:53:30.569+0000] {dag.py:3036} INFO - Sync 1 DAGs
[2025-07-16T23:53:30.611+0000] {logging_mixin.py:188} INFO - [2025-07-16T23:53:30.611+0000] {dag.py:3823} INFO - Setting next_dagrun for example_branch_operator to 2025-07-15 00:00:00+00:00, run_after=2025-07-16 00:00:00+00:00
[2025-07-16T23:53:30.649+0000] {processor.py:183} INFO - Processing /home/airflow/.local/lib/python3.8/site-packages/airflow/example_dags/example_branch_operator.py took 0.206 seconds
[2025-07-16T23:54:00.758+0000] {processor.py:161} INFO - Started process (PID=2615) to work on /home/airflow/.local/lib/python3.8/site-packages/airflow/example_dags/example_branch_operator.py
[2025-07-16T23:54:00.759+0000] {processor.py:830} INFO - Processing file /home/airflow/.local/lib/python3.8/site-packages/airflow/example_dags/example_branch_operator.py for tasks to queue
[2025-07-16T23:54:00.762+0000] {logging_mixin.py:188} INFO - [2025-07-16T23:54:00.761+0000] {dagbag.py:538} INFO - Filling up the DagBag from /home/airflow/.local/lib/python3.8/site-packages/airflow/example_dags/example_branch_operator.py
[2025-07-16T23:54:00.804+0000] {processor.py:840} INFO - DAG(s) 'example_branch_operator' retrieved from /home/airflow/.local/lib/python3.8/site-packages/airflow/example_dags/example_branch_operator.py
[2025-07-16T23:54:00.870+0000] {logging_mixin.py:188} INFO - [2025-07-16T23:54:00.870+0000] {dag.py:3036} INFO - Sync 1 DAGs
[2025-07-16T23:54:00.915+0000] {logging_mixin.py:188} INFO - [2025-07-16T23:54:00.915+0000] {dag.py:3823} INFO - Setting next_dagrun for example_branch_operator to 2025-07-15 00:00:00+00:00, run_after=2025-07-16 00:00:00+00:00
[2025-07-16T23:54:00.959+0000] {processor.py:183} INFO - Processing /home/airflow/.local/lib/python3.8/site-packages/airflow/example_dags/example_branch_operator.py took 0.206 seconds
[2025-07-16T23:54:31.049+0000] {processor.py:161} INFO - Started process (PID=2681) to work on /home/airflow/.local/lib/python3.8/site-packages/airflow/example_dags/example_branch_operator.py
[2025-07-16T23:54:31.051+0000] {processor.py:830} INFO - Processing file /home/airflow/.local/lib/python3.8/site-packages/airflow/example_dags/example_branch_operator.py for tasks to queue
[2025-07-16T23:54:31.054+0000] {logging_mixin.py:188} INFO - [2025-07-16T23:54:31.053+0000] {dagbag.py:538} INFO - Filling up the DagBag from /home/airflow/.local/lib/python3.8/site-packages/airflow/example_dags/example_branch_operator.py
[2025-07-16T23:54:31.082+0000] {processor.py:840} INFO - DAG(s) 'example_branch_operator' retrieved from /home/airflow/.local/lib/python3.8/site-packages/airflow/example_dags/example_branch_operator.py
[2025-07-16T23:54:31.140+0000] {logging_mixin.py:188} INFO - [2025-07-16T23:54:31.140+0000] {dag.py:3036} INFO - Sync 1 DAGs
[2025-07-16T23:54:31.203+0000] {logging_mixin.py:188} INFO - [2025-07-16T23:54:31.202+0000] {dag.py:3823} INFO - Setting next_dagrun for example_branch_operator to 2025-07-15 00:00:00+00:00, run_after=2025-07-16 00:00:00+00:00
[2025-07-16T23:54:31.239+0000] {processor.py:183} INFO - Processing /home/airflow/.local/lib/python3.8/site-packages/airflow/example_dags/example_branch_operator.py took 0.193 seconds
[2025-07-16T23:55:01.431+0000] {processor.py:161} INFO - Started process (PID=2743) to work on /home/airflow/.local/lib/python3.8/site-packages/airflow/example_dags/example_branch_operator.py
[2025-07-16T23:55:01.432+0000] {processor.py:830} INFO - Processing file /home/airflow/.local/lib/python3.8/site-packages/airflow/example_dags/example_branch_operator.py for tasks to queue
[2025-07-16T23:55:01.437+0000] {logging_mixin.py:188} INFO - [2025-07-16T23:55:01.436+0000] {dagbag.py:538} INFO - Filling up the DagBag from /home/airflow/.local/lib/python3.8/site-packages/airflow/example_dags/example_branch_operator.py
[2025-07-16T23:55:01.477+0000] {processor.py:840} INFO - DAG(s) 'example_branch_operator' retrieved from /home/airflow/.local/lib/python3.8/site-packages/airflow/example_dags/example_branch_operator.py
[2025-07-16T23:55:01.539+0000] {logging_mixin.py:188} INFO - [2025-07-16T23:55:01.538+0000] {dag.py:3036} INFO - Sync 1 DAGs
[2025-07-16T23:55:01.617+0000] {logging_mixin.py:188} INFO - [2025-07-16T23:55:01.616+0000] {dag.py:3823} INFO - Setting next_dagrun for example_branch_operator to 2025-07-15 00:00:00+00:00, run_after=2025-07-16 00:00:00+00:00
[2025-07-16T23:55:01.666+0000] {processor.py:183} INFO - Processing /home/airflow/.local/lib/python3.8/site-packages/airflow/example_dags/example_branch_operator.py took 0.240 seconds
[2025-07-16T23:55:31.777+0000] {processor.py:161} INFO - Started process (PID=2807) to work on /home/airflow/.local/lib/python3.8/site-packages/airflow/example_dags/example_branch_operator.py
[2025-07-16T23:55:31.778+0000] {processor.py:830} INFO - Processing file /home/airflow/.local/lib/python3.8/site-packages/airflow/example_dags/example_branch_operator.py for tasks to queue
[2025-07-16T23:55:31.781+0000] {logging_mixin.py:188} INFO - [2025-07-16T23:55:31.781+0000] {dagbag.py:538} INFO - Filling up the DagBag from /home/airflow/.local/lib/python3.8/site-packages/airflow/example_dags/example_branch_operator.py
[2025-07-16T23:55:31.816+0000] {processor.py:840} INFO - DAG(s) 'example_branch_operator' retrieved from /home/airflow/.local/lib/python3.8/site-packages/airflow/example_dags/example_branch_operator.py
[2025-07-16T23:55:31.877+0000] {logging_mixin.py:188} INFO - [2025-07-16T23:55:31.877+0000] {dag.py:3036} INFO - Sync 1 DAGs
[2025-07-16T23:55:31.930+0000] {logging_mixin.py:188} INFO - [2025-07-16T23:55:31.930+0000] {dag.py:3823} INFO - Setting next_dagrun for example_branch_operator to 2025-07-15 00:00:00+00:00, run_after=2025-07-16 00:00:00+00:00
[2025-07-16T23:55:31.966+0000] {processor.py:183} INFO - Processing /home/airflow/.local/lib/python3.8/site-packages/airflow/example_dags/example_branch_operator.py took 0.194 seconds
[2025-07-16T23:56:02.223+0000] {processor.py:161} INFO - Started process (PID=2873) to work on /home/airflow/.local/lib/python3.8/site-packages/airflow/example_dags/example_branch_operator.py
[2025-07-16T23:56:02.225+0000] {processor.py:830} INFO - Processing file /home/airflow/.local/lib/python3.8/site-packages/airflow/example_dags/example_branch_operator.py for tasks to queue
[2025-07-16T23:56:02.229+0000] {logging_mixin.py:188} INFO - [2025-07-16T23:56:02.228+0000] {dagbag.py:538} INFO - Filling up the DagBag from /home/airflow/.local/lib/python3.8/site-packages/airflow/example_dags/example_branch_operator.py
[2025-07-16T23:56:02.276+0000] {processor.py:840} INFO - DAG(s) 'example_branch_operator' retrieved from /home/airflow/.local/lib/python3.8/site-packages/airflow/example_dags/example_branch_operator.py
[2025-07-16T23:56:02.344+0000] {logging_mixin.py:188} INFO - [2025-07-16T23:56:02.344+0000] {dag.py:3036} INFO - Sync 1 DAGs
[2025-07-16T23:56:02.382+0000] {logging_mixin.py:188} INFO - [2025-07-16T23:56:02.382+0000] {dag.py:3823} INFO - Setting next_dagrun for example_branch_operator to 2025-07-15 00:00:00+00:00, run_after=2025-07-16 00:00:00+00:00
[2025-07-16T23:56:02.419+0000] {processor.py:183} INFO - Processing /home/airflow/.local/lib/python3.8/site-packages/airflow/example_dags/example_branch_operator.py took 0.202 seconds
[2025-07-16T23:56:32.820+0000] {processor.py:161} INFO - Started process (PID=2938) to work on /home/airflow/.local/lib/python3.8/site-packages/airflow/example_dags/example_branch_operator.py
[2025-07-16T23:56:32.822+0000] {processor.py:830} INFO - Processing file /home/airflow/.local/lib/python3.8/site-packages/airflow/example_dags/example_branch_operator.py for tasks to queue
[2025-07-16T23:56:32.828+0000] {logging_mixin.py:188} INFO - [2025-07-16T23:56:32.827+0000] {dagbag.py:538} INFO - Filling up the DagBag from /home/airflow/.local/lib/python3.8/site-packages/airflow/example_dags/example_branch_operator.py
[2025-07-16T23:56:32.860+0000] {processor.py:840} INFO - DAG(s) 'example_branch_operator' retrieved from /home/airflow/.local/lib/python3.8/site-packages/airflow/example_dags/example_branch_operator.py
[2025-07-16T23:56:32.940+0000] {logging_mixin.py:188} INFO - [2025-07-16T23:56:32.940+0000] {dag.py:3036} INFO - Sync 1 DAGs
[2025-07-16T23:56:32.985+0000] {logging_mixin.py:188} INFO - [2025-07-16T23:56:32.984+0000] {dag.py:3823} INFO - Setting next_dagrun for example_branch_operator to 2025-07-15 00:00:00+00:00, run_after=2025-07-16 00:00:00+00:00
[2025-07-16T23:56:33.058+0000] {processor.py:183} INFO - Processing /home/airflow/.local/lib/python3.8/site-packages/airflow/example_dags/example_branch_operator.py took 0.244 seconds
[2025-07-16T23:57:03.916+0000] {processor.py:161} INFO - Started process (PID=3003) to work on /home/airflow/.local/lib/python3.8/site-packages/airflow/example_dags/example_branch_operator.py
[2025-07-16T23:57:03.920+0000] {processor.py:830} INFO - Processing file /home/airflow/.local/lib/python3.8/site-packages/airflow/example_dags/example_branch_operator.py for tasks to queue
[2025-07-16T23:57:03.922+0000] {logging_mixin.py:188} INFO - [2025-07-16T23:57:03.922+0000] {dagbag.py:538} INFO - Filling up the DagBag from /home/airflow/.local/lib/python3.8/site-packages/airflow/example_dags/example_branch_operator.py
[2025-07-16T23:57:03.955+0000] {processor.py:840} INFO - DAG(s) 'example_branch_operator' retrieved from /home/airflow/.local/lib/python3.8/site-packages/airflow/example_dags/example_branch_operator.py
[2025-07-16T23:57:04.004+0000] {logging_mixin.py:188} INFO - [2025-07-16T23:57:04.004+0000] {dag.py:3036} INFO - Sync 1 DAGs
[2025-07-16T23:57:04.043+0000] {logging_mixin.py:188} INFO - [2025-07-16T23:57:04.043+0000] {dag.py:3823} INFO - Setting next_dagrun for example_branch_operator to 2025-07-15 00:00:00+00:00, run_after=2025-07-16 00:00:00+00:00
[2025-07-16T23:57:04.085+0000] {processor.py:183} INFO - Processing /home/airflow/.local/lib/python3.8/site-packages/airflow/example_dags/example_branch_operator.py took 0.175 seconds
[2025-07-16T23:57:34.328+0000] {processor.py:161} INFO - Started process (PID=3068) to work on /home/airflow/.local/lib/python3.8/site-packages/airflow/example_dags/example_branch_operator.py
[2025-07-16T23:57:34.330+0000] {processor.py:830} INFO - Processing file /home/airflow/.local/lib/python3.8/site-packages/airflow/example_dags/example_branch_operator.py for tasks to queue
[2025-07-16T23:57:34.332+0000] {logging_mixin.py:188} INFO - [2025-07-16T23:57:34.332+0000] {dagbag.py:538} INFO - Filling up the DagBag from /home/airflow/.local/lib/python3.8/site-packages/airflow/example_dags/example_branch_operator.py
[2025-07-16T23:57:34.365+0000] {processor.py:840} INFO - DAG(s) 'example_branch_operator' retrieved from /home/airflow/.local/lib/python3.8/site-packages/airflow/example_dags/example_branch_operator.py
[2025-07-16T23:57:34.420+0000] {logging_mixin.py:188} INFO - [2025-07-16T23:57:34.420+0000] {dag.py:3036} INFO - Sync 1 DAGs
[2025-07-16T23:57:34.468+0000] {logging_mixin.py:188} INFO - [2025-07-16T23:57:34.468+0000] {dag.py:3823} INFO - Setting next_dagrun for example_branch_operator to 2025-07-15 00:00:00+00:00, run_after=2025-07-16 00:00:00+00:00
[2025-07-16T23:57:34.514+0000] {processor.py:183} INFO - Processing /home/airflow/.local/lib/python3.8/site-packages/airflow/example_dags/example_branch_operator.py took 0.192 seconds
[2025-07-16T23:58:05.409+0000] {processor.py:161} INFO - Started process (PID=3131) to work on /home/airflow/.local/lib/python3.8/site-packages/airflow/example_dags/example_branch_operator.py
[2025-07-16T23:58:05.411+0000] {processor.py:830} INFO - Processing file /home/airflow/.local/lib/python3.8/site-packages/airflow/example_dags/example_branch_operator.py for tasks to queue
[2025-07-16T23:58:05.415+0000] {logging_mixin.py:188} INFO - [2025-07-16T23:58:05.414+0000] {dagbag.py:538} INFO - Filling up the DagBag from /home/airflow/.local/lib/python3.8/site-packages/airflow/example_dags/example_branch_operator.py
[2025-07-16T23:58:05.454+0000] {processor.py:840} INFO - DAG(s) 'example_branch_operator' retrieved from /home/airflow/.local/lib/python3.8/site-packages/airflow/example_dags/example_branch_operator.py
[2025-07-16T23:58:05.548+0000] {logging_mixin.py:188} INFO - [2025-07-16T23:58:05.548+0000] {dag.py:3036} INFO - Sync 1 DAGs
[2025-07-16T23:58:05.603+0000] {logging_mixin.py:188} INFO - [2025-07-16T23:58:05.602+0000] {dag.py:3823} INFO - Setting next_dagrun for example_branch_operator to 2025-07-15 00:00:00+00:00, run_after=2025-07-16 00:00:00+00:00
[2025-07-16T23:58:05.652+0000] {processor.py:183} INFO - Processing /home/airflow/.local/lib/python3.8/site-packages/airflow/example_dags/example_branch_operator.py took 0.253 seconds
[2025-07-16T23:58:36.643+0000] {processor.py:161} INFO - Started process (PID=3195) to work on /home/airflow/.local/lib/python3.8/site-packages/airflow/example_dags/example_branch_operator.py
[2025-07-16T23:58:36.650+0000] {processor.py:830} INFO - Processing file /home/airflow/.local/lib/python3.8/site-packages/airflow/example_dags/example_branch_operator.py for tasks to queue
[2025-07-16T23:58:36.655+0000] {logging_mixin.py:188} INFO - [2025-07-16T23:58:36.654+0000] {dagbag.py:538} INFO - Filling up the DagBag from /home/airflow/.local/lib/python3.8/site-packages/airflow/example_dags/example_branch_operator.py
[2025-07-16T23:58:36.736+0000] {processor.py:840} INFO - DAG(s) 'example_branch_operator' retrieved from /home/airflow/.local/lib/python3.8/site-packages/airflow/example_dags/example_branch_operator.py
[2025-07-16T23:58:36.860+0000] {logging_mixin.py:188} INFO - [2025-07-16T23:58:36.859+0000] {dag.py:3036} INFO - Sync 1 DAGs
[2025-07-16T23:58:36.902+0000] {logging_mixin.py:188} INFO - [2025-07-16T23:58:36.902+0000] {dag.py:3823} INFO - Setting next_dagrun for example_branch_operator to 2025-07-15 00:00:00+00:00, run_after=2025-07-16 00:00:00+00:00
[2025-07-16T23:58:36.936+0000] {processor.py:183} INFO - Processing /home/airflow/.local/lib/python3.8/site-packages/airflow/example_dags/example_branch_operator.py took 0.299 seconds
[2025-07-16T23:59:07.181+0000] {processor.py:161} INFO - Started process (PID=3260) to work on /home/airflow/.local/lib/python3.8/site-packages/airflow/example_dags/example_branch_operator.py
[2025-07-16T23:59:07.183+0000] {processor.py:830} INFO - Processing file /home/airflow/.local/lib/python3.8/site-packages/airflow/example_dags/example_branch_operator.py for tasks to queue
[2025-07-16T23:59:07.188+0000] {logging_mixin.py:188} INFO - [2025-07-16T23:59:07.187+0000] {dagbag.py:538} INFO - Filling up the DagBag from /home/airflow/.local/lib/python3.8/site-packages/airflow/example_dags/example_branch_operator.py
[2025-07-16T23:59:07.228+0000] {processor.py:840} INFO - DAG(s) 'example_branch_operator' retrieved from /home/airflow/.local/lib/python3.8/site-packages/airflow/example_dags/example_branch_operator.py
[2025-07-16T23:59:07.307+0000] {logging_mixin.py:188} INFO - [2025-07-16T23:59:07.307+0000] {dag.py:3036} INFO - Sync 1 DAGs
[2025-07-16T23:59:07.518+0000] {logging_mixin.py:188} INFO - [2025-07-16T23:59:07.518+0000] {dag.py:3823} INFO - Setting next_dagrun for example_branch_operator to 2025-07-15 00:00:00+00:00, run_after=2025-07-16 00:00:00+00:00
[2025-07-16T23:59:07.563+0000] {processor.py:183} INFO - Processing /home/airflow/.local/lib/python3.8/site-packages/airflow/example_dags/example_branch_operator.py took 0.389 seconds
[2025-07-16T23:59:38.306+0000] {processor.py:161} INFO - Started process (PID=3326) to work on /home/airflow/.local/lib/python3.8/site-packages/airflow/example_dags/example_branch_operator.py
[2025-07-16T23:59:38.308+0000] {processor.py:830} INFO - Processing file /home/airflow/.local/lib/python3.8/site-packages/airflow/example_dags/example_branch_operator.py for tasks to queue
[2025-07-16T23:59:38.310+0000] {logging_mixin.py:188} INFO - [2025-07-16T23:59:38.310+0000] {dagbag.py:538} INFO - Filling up the DagBag from /home/airflow/.local/lib/python3.8/site-packages/airflow/example_dags/example_branch_operator.py
[2025-07-16T23:59:38.341+0000] {processor.py:840} INFO - DAG(s) 'example_branch_operator' retrieved from /home/airflow/.local/lib/python3.8/site-packages/airflow/example_dags/example_branch_operator.py
[2025-07-16T23:59:38.397+0000] {logging_mixin.py:188} INFO - [2025-07-16T23:59:38.397+0000] {dag.py:3036} INFO - Sync 1 DAGs
[2025-07-16T23:59:38.438+0000] {logging_mixin.py:188} INFO - [2025-07-16T23:59:38.437+0000] {dag.py:3823} INFO - Setting next_dagrun for example_branch_operator to 2025-07-15 00:00:00+00:00, run_after=2025-07-16 00:00:00+00:00
[2025-07-16T23:59:38.477+0000] {processor.py:183} INFO - Processing /home/airflow/.local/lib/python3.8/site-packages/airflow/example_dags/example_branch_operator.py took 0.179 seconds
