[2025-07-16T15:02:02.437+0000] {processor.py:161} INFO - Started process (PID=77) to work on /home/airflow/.local/lib/python3.8/site-packages/airflow/example_dags/example_external_task_marker_dag.py
[2025-07-16T15:02:02.440+0000] {processor.py:830} INFO - Processing file /home/airflow/.local/lib/python3.8/site-packages/airflow/example_dags/example_external_task_marker_dag.py for tasks to queue
[2025-07-16T15:02:02.449+0000] {logging_mixin.py:188} INFO - [2025-07-16T15:02:02.449+0000] {dagbag.py:538} INFO - Filling up the DagBag from /home/airflow/.local/lib/python3.8/site-packages/airflow/example_dags/example_external_task_marker_dag.py
[2025-07-16T15:02:02.469+0000] {processor.py:840} INFO - DAG(s) 'example_external_task_marker_parent', 'example_external_task_marker_child' retrieved from /home/airflow/.local/lib/python3.8/site-packages/airflow/example_dags/example_external_task_marker_dag.py
[2025-07-16T15:02:02.686+0000] {logging_mixin.py:188} INFO - [2025-07-16T15:02:02.685+0000] {dag.py:3036} INFO - Sync 2 DAGs
[2025-07-16T15:02:02.911+0000] {logging_mixin.py:188} INFO - [2025-07-16T15:02:02.910+0000] {dag.py:3823} INFO - Setting next_dagrun for example_external_task_marker_child to None, run_after=None
[2025-07-16T15:02:02.964+0000] {logging_mixin.py:188} INFO - [2025-07-16T15:02:02.963+0000] {dag.py:3823} INFO - Setting next_dagrun for example_external_task_marker_parent to None, run_after=None
[2025-07-16T15:02:03.361+0000] {processor.py:183} INFO - Processing /home/airflow/.local/lib/python3.8/site-packages/airflow/example_dags/example_external_task_marker_dag.py took 0.964 seconds
[2025-07-16T15:02:33.497+0000] {processor.py:161} INFO - Started process (PID=147) to work on /home/airflow/.local/lib/python3.8/site-packages/airflow/example_dags/example_external_task_marker_dag.py
[2025-07-16T15:02:33.498+0000] {processor.py:830} INFO - Processing file /home/airflow/.local/lib/python3.8/site-packages/airflow/example_dags/example_external_task_marker_dag.py for tasks to queue
[2025-07-16T15:02:33.501+0000] {logging_mixin.py:188} INFO - [2025-07-16T15:02:33.500+0000] {dagbag.py:538} INFO - Filling up the DagBag from /home/airflow/.local/lib/python3.8/site-packages/airflow/example_dags/example_external_task_marker_dag.py
[2025-07-16T15:02:33.509+0000] {processor.py:840} INFO - DAG(s) 'example_external_task_marker_child', 'example_external_task_marker_parent' retrieved from /home/airflow/.local/lib/python3.8/site-packages/airflow/example_dags/example_external_task_marker_dag.py
[2025-07-16T15:02:33.546+0000] {logging_mixin.py:188} INFO - [2025-07-16T15:02:33.545+0000] {dag.py:3036} INFO - Sync 2 DAGs
[2025-07-16T15:02:33.564+0000] {logging_mixin.py:188} INFO - [2025-07-16T15:02:33.564+0000] {dag.py:3823} INFO - Setting next_dagrun for example_external_task_marker_child to None, run_after=None
[2025-07-16T15:02:33.571+0000] {logging_mixin.py:188} INFO - [2025-07-16T15:02:33.571+0000] {dag.py:3823} INFO - Setting next_dagrun for example_external_task_marker_parent to None, run_after=None
[2025-07-16T15:02:33.603+0000] {processor.py:183} INFO - Processing /home/airflow/.local/lib/python3.8/site-packages/airflow/example_dags/example_external_task_marker_dag.py took 0.111 seconds
[2025-07-16T15:03:04.395+0000] {processor.py:161} INFO - Started process (PID=211) to work on /home/airflow/.local/lib/python3.8/site-packages/airflow/example_dags/example_external_task_marker_dag.py
[2025-07-16T15:03:04.396+0000] {processor.py:830} INFO - Processing file /home/airflow/.local/lib/python3.8/site-packages/airflow/example_dags/example_external_task_marker_dag.py for tasks to queue
[2025-07-16T15:03:04.399+0000] {logging_mixin.py:188} INFO - [2025-07-16T15:03:04.399+0000] {dagbag.py:538} INFO - Filling up the DagBag from /home/airflow/.local/lib/python3.8/site-packages/airflow/example_dags/example_external_task_marker_dag.py
[2025-07-16T15:03:04.409+0000] {processor.py:840} INFO - DAG(s) 'example_external_task_marker_child', 'example_external_task_marker_parent' retrieved from /home/airflow/.local/lib/python3.8/site-packages/airflow/example_dags/example_external_task_marker_dag.py
[2025-07-16T15:03:04.443+0000] {logging_mixin.py:188} INFO - [2025-07-16T15:03:04.442+0000] {dag.py:3036} INFO - Sync 2 DAGs
[2025-07-16T15:03:04.460+0000] {logging_mixin.py:188} INFO - [2025-07-16T15:03:04.459+0000] {dag.py:3823} INFO - Setting next_dagrun for example_external_task_marker_child to None, run_after=None
[2025-07-16T15:03:04.467+0000] {logging_mixin.py:188} INFO - [2025-07-16T15:03:04.466+0000] {dag.py:3823} INFO - Setting next_dagrun for example_external_task_marker_parent to None, run_after=None
[2025-07-16T15:03:04.493+0000] {processor.py:183} INFO - Processing /home/airflow/.local/lib/python3.8/site-packages/airflow/example_dags/example_external_task_marker_dag.py took 0.102 seconds
[2025-07-16T15:03:36.360+0000] {processor.py:161} INFO - Started process (PID=274) to work on /home/airflow/.local/lib/python3.8/site-packages/airflow/example_dags/example_external_task_marker_dag.py
[2025-07-16T15:03:36.362+0000] {processor.py:830} INFO - Processing file /home/airflow/.local/lib/python3.8/site-packages/airflow/example_dags/example_external_task_marker_dag.py for tasks to queue
[2025-07-16T15:03:36.368+0000] {logging_mixin.py:188} INFO - [2025-07-16T15:03:36.367+0000] {dagbag.py:538} INFO - Filling up the DagBag from /home/airflow/.local/lib/python3.8/site-packages/airflow/example_dags/example_external_task_marker_dag.py
[2025-07-16T15:03:36.392+0000] {processor.py:840} INFO - DAG(s) 'example_external_task_marker_child', 'example_external_task_marker_parent' retrieved from /home/airflow/.local/lib/python3.8/site-packages/airflow/example_dags/example_external_task_marker_dag.py
[2025-07-16T15:03:36.481+0000] {logging_mixin.py:188} INFO - [2025-07-16T15:03:36.481+0000] {dag.py:3036} INFO - Sync 2 DAGs
[2025-07-16T15:03:36.538+0000] {logging_mixin.py:188} INFO - [2025-07-16T15:03:36.537+0000] {dag.py:3823} INFO - Setting next_dagrun for example_external_task_marker_child to None, run_after=None
[2025-07-16T15:03:36.546+0000] {logging_mixin.py:188} INFO - [2025-07-16T15:03:36.545+0000] {dag.py:3823} INFO - Setting next_dagrun for example_external_task_marker_parent to None, run_after=None
[2025-07-16T15:03:36.596+0000] {processor.py:183} INFO - Processing /home/airflow/.local/lib/python3.8/site-packages/airflow/example_dags/example_external_task_marker_dag.py took 0.247 seconds
[2025-07-16T23:34:03.576+0000] {processor.py:161} INFO - Started process (PID=75) to work on /home/airflow/.local/lib/python3.8/site-packages/airflow/example_dags/example_external_task_marker_dag.py
[2025-07-16T23:34:03.586+0000] {processor.py:830} INFO - Processing file /home/airflow/.local/lib/python3.8/site-packages/airflow/example_dags/example_external_task_marker_dag.py for tasks to queue
[2025-07-16T23:34:03.592+0000] {logging_mixin.py:188} INFO - [2025-07-16T23:34:03.592+0000] {dagbag.py:538} INFO - Filling up the DagBag from /home/airflow/.local/lib/python3.8/site-packages/airflow/example_dags/example_external_task_marker_dag.py
[2025-07-16T23:34:03.634+0000] {processor.py:840} INFO - DAG(s) 'example_external_task_marker_child', 'example_external_task_marker_parent' retrieved from /home/airflow/.local/lib/python3.8/site-packages/airflow/example_dags/example_external_task_marker_dag.py
[2025-07-16T23:34:03.724+0000] {logging_mixin.py:188} INFO - [2025-07-16T23:34:03.724+0000] {dag.py:3036} INFO - Sync 2 DAGs
[2025-07-16T23:34:03.752+0000] {logging_mixin.py:188} INFO - [2025-07-16T23:34:03.752+0000] {dag.py:3823} INFO - Setting next_dagrun for example_external_task_marker_child to None, run_after=None
[2025-07-16T23:34:03.768+0000] {logging_mixin.py:188} INFO - [2025-07-16T23:34:03.762+0000] {dag.py:3823} INFO - Setting next_dagrun for example_external_task_marker_parent to None, run_after=None
[2025-07-16T23:34:03.817+0000] {processor.py:183} INFO - Processing /home/airflow/.local/lib/python3.8/site-packages/airflow/example_dags/example_external_task_marker_dag.py took 0.255 seconds
[2025-07-16T23:34:33.956+0000] {processor.py:161} INFO - Started process (PID=139) to work on /home/airflow/.local/lib/python3.8/site-packages/airflow/example_dags/example_external_task_marker_dag.py
[2025-07-16T23:34:33.958+0000] {processor.py:830} INFO - Processing file /home/airflow/.local/lib/python3.8/site-packages/airflow/example_dags/example_external_task_marker_dag.py for tasks to queue
[2025-07-16T23:34:33.961+0000] {logging_mixin.py:188} INFO - [2025-07-16T23:34:33.961+0000] {dagbag.py:538} INFO - Filling up the DagBag from /home/airflow/.local/lib/python3.8/site-packages/airflow/example_dags/example_external_task_marker_dag.py
[2025-07-16T23:34:33.973+0000] {processor.py:840} INFO - DAG(s) 'example_external_task_marker_parent', 'example_external_task_marker_child' retrieved from /home/airflow/.local/lib/python3.8/site-packages/airflow/example_dags/example_external_task_marker_dag.py
[2025-07-16T23:34:34.019+0000] {logging_mixin.py:188} INFO - [2025-07-16T23:34:34.019+0000] {dag.py:3036} INFO - Sync 2 DAGs
[2025-07-16T23:34:34.043+0000] {logging_mixin.py:188} INFO - [2025-07-16T23:34:34.042+0000] {dag.py:3823} INFO - Setting next_dagrun for example_external_task_marker_child to None, run_after=None
[2025-07-16T23:34:34.049+0000] {logging_mixin.py:188} INFO - [2025-07-16T23:34:34.049+0000] {dag.py:3823} INFO - Setting next_dagrun for example_external_task_marker_parent to None, run_after=None
[2025-07-16T23:34:34.080+0000] {processor.py:183} INFO - Processing /home/airflow/.local/lib/python3.8/site-packages/airflow/example_dags/example_external_task_marker_dag.py took 0.129 seconds
[2025-07-16T23:35:04.295+0000] {processor.py:161} INFO - Started process (PID=203) to work on /home/airflow/.local/lib/python3.8/site-packages/airflow/example_dags/example_external_task_marker_dag.py
[2025-07-16T23:35:04.298+0000] {processor.py:830} INFO - Processing file /home/airflow/.local/lib/python3.8/site-packages/airflow/example_dags/example_external_task_marker_dag.py for tasks to queue
[2025-07-16T23:35:04.301+0000] {logging_mixin.py:188} INFO - [2025-07-16T23:35:04.301+0000] {dagbag.py:538} INFO - Filling up the DagBag from /home/airflow/.local/lib/python3.8/site-packages/airflow/example_dags/example_external_task_marker_dag.py
[2025-07-16T23:35:04.316+0000] {processor.py:840} INFO - DAG(s) 'example_external_task_marker_child', 'example_external_task_marker_parent' retrieved from /home/airflow/.local/lib/python3.8/site-packages/airflow/example_dags/example_external_task_marker_dag.py
[2025-07-16T23:35:04.368+0000] {logging_mixin.py:188} INFO - [2025-07-16T23:35:04.368+0000] {dag.py:3036} INFO - Sync 2 DAGs
[2025-07-16T23:35:04.395+0000] {logging_mixin.py:188} INFO - [2025-07-16T23:35:04.394+0000] {dag.py:3823} INFO - Setting next_dagrun for example_external_task_marker_child to None, run_after=None
[2025-07-16T23:35:04.402+0000] {logging_mixin.py:188} INFO - [2025-07-16T23:35:04.401+0000] {dag.py:3823} INFO - Setting next_dagrun for example_external_task_marker_parent to None, run_after=None
[2025-07-16T23:35:04.436+0000] {processor.py:183} INFO - Processing /home/airflow/.local/lib/python3.8/site-packages/airflow/example_dags/example_external_task_marker_dag.py took 0.148 seconds
[2025-07-16T23:35:34.824+0000] {processor.py:161} INFO - Started process (PID=269) to work on /home/airflow/.local/lib/python3.8/site-packages/airflow/example_dags/example_external_task_marker_dag.py
[2025-07-16T23:35:34.827+0000] {processor.py:830} INFO - Processing file /home/airflow/.local/lib/python3.8/site-packages/airflow/example_dags/example_external_task_marker_dag.py for tasks to queue
[2025-07-16T23:35:34.830+0000] {logging_mixin.py:188} INFO - [2025-07-16T23:35:34.830+0000] {dagbag.py:538} INFO - Filling up the DagBag from /home/airflow/.local/lib/python3.8/site-packages/airflow/example_dags/example_external_task_marker_dag.py
[2025-07-16T23:35:34.841+0000] {processor.py:840} INFO - DAG(s) 'example_external_task_marker_child', 'example_external_task_marker_parent' retrieved from /home/airflow/.local/lib/python3.8/site-packages/airflow/example_dags/example_external_task_marker_dag.py
[2025-07-16T23:35:34.891+0000] {logging_mixin.py:188} INFO - [2025-07-16T23:35:34.891+0000] {dag.py:3036} INFO - Sync 2 DAGs
[2025-07-16T23:35:34.916+0000] {logging_mixin.py:188} INFO - [2025-07-16T23:35:34.916+0000] {dag.py:3823} INFO - Setting next_dagrun for example_external_task_marker_child to None, run_after=None
[2025-07-16T23:35:34.922+0000] {logging_mixin.py:188} INFO - [2025-07-16T23:35:34.922+0000] {dag.py:3823} INFO - Setting next_dagrun for example_external_task_marker_parent to None, run_after=None
[2025-07-16T23:35:34.960+0000] {processor.py:183} INFO - Processing /home/airflow/.local/lib/python3.8/site-packages/airflow/example_dags/example_external_task_marker_dag.py took 0.143 seconds
[2025-07-16T23:36:06.125+0000] {processor.py:161} INFO - Started process (PID=330) to work on /home/airflow/.local/lib/python3.8/site-packages/airflow/example_dags/example_external_task_marker_dag.py
[2025-07-16T23:36:06.129+0000] {processor.py:830} INFO - Processing file /home/airflow/.local/lib/python3.8/site-packages/airflow/example_dags/example_external_task_marker_dag.py for tasks to queue
[2025-07-16T23:36:06.135+0000] {logging_mixin.py:188} INFO - [2025-07-16T23:36:06.134+0000] {dagbag.py:538} INFO - Filling up the DagBag from /home/airflow/.local/lib/python3.8/site-packages/airflow/example_dags/example_external_task_marker_dag.py
[2025-07-16T23:36:06.158+0000] {processor.py:840} INFO - DAG(s) 'example_external_task_marker_child', 'example_external_task_marker_parent' retrieved from /home/airflow/.local/lib/python3.8/site-packages/airflow/example_dags/example_external_task_marker_dag.py
[2025-07-16T23:36:06.275+0000] {logging_mixin.py:188} INFO - [2025-07-16T23:36:06.275+0000] {dag.py:3036} INFO - Sync 2 DAGs
[2025-07-16T23:36:06.305+0000] {logging_mixin.py:188} INFO - [2025-07-16T23:36:06.305+0000] {dag.py:3823} INFO - Setting next_dagrun for example_external_task_marker_child to None, run_after=None
[2025-07-16T23:36:06.315+0000] {logging_mixin.py:188} INFO - [2025-07-16T23:36:06.314+0000] {dag.py:3823} INFO - Setting next_dagrun for example_external_task_marker_parent to None, run_after=None
[2025-07-16T23:36:06.356+0000] {processor.py:183} INFO - Processing /home/airflow/.local/lib/python3.8/site-packages/airflow/example_dags/example_external_task_marker_dag.py took 0.241 seconds
[2025-07-16T23:36:36.534+0000] {processor.py:161} INFO - Started process (PID=392) to work on /home/airflow/.local/lib/python3.8/site-packages/airflow/example_dags/example_external_task_marker_dag.py
[2025-07-16T23:36:36.537+0000] {processor.py:830} INFO - Processing file /home/airflow/.local/lib/python3.8/site-packages/airflow/example_dags/example_external_task_marker_dag.py for tasks to queue
[2025-07-16T23:36:36.540+0000] {logging_mixin.py:188} INFO - [2025-07-16T23:36:36.540+0000] {dagbag.py:538} INFO - Filling up the DagBag from /home/airflow/.local/lib/python3.8/site-packages/airflow/example_dags/example_external_task_marker_dag.py
[2025-07-16T23:36:36.550+0000] {processor.py:840} INFO - DAG(s) 'example_external_task_marker_parent', 'example_external_task_marker_child' retrieved from /home/airflow/.local/lib/python3.8/site-packages/airflow/example_dags/example_external_task_marker_dag.py
[2025-07-16T23:36:36.594+0000] {logging_mixin.py:188} INFO - [2025-07-16T23:36:36.593+0000] {dag.py:3036} INFO - Sync 2 DAGs
[2025-07-16T23:36:36.616+0000] {logging_mixin.py:188} INFO - [2025-07-16T23:36:36.615+0000] {dag.py:3823} INFO - Setting next_dagrun for example_external_task_marker_child to None, run_after=None
[2025-07-16T23:36:36.622+0000] {logging_mixin.py:188} INFO - [2025-07-16T23:36:36.622+0000] {dag.py:3823} INFO - Setting next_dagrun for example_external_task_marker_parent to None, run_after=None
[2025-07-16T23:36:36.657+0000] {processor.py:183} INFO - Processing /home/airflow/.local/lib/python3.8/site-packages/airflow/example_dags/example_external_task_marker_dag.py took 0.129 seconds
[2025-07-16T23:37:06.904+0000] {processor.py:161} INFO - Started process (PID=457) to work on /home/airflow/.local/lib/python3.8/site-packages/airflow/example_dags/example_external_task_marker_dag.py
[2025-07-16T23:37:06.905+0000] {processor.py:830} INFO - Processing file /home/airflow/.local/lib/python3.8/site-packages/airflow/example_dags/example_external_task_marker_dag.py for tasks to queue
[2025-07-16T23:37:06.909+0000] {logging_mixin.py:188} INFO - [2025-07-16T23:37:06.908+0000] {dagbag.py:538} INFO - Filling up the DagBag from /home/airflow/.local/lib/python3.8/site-packages/airflow/example_dags/example_external_task_marker_dag.py
[2025-07-16T23:37:06.916+0000] {processor.py:840} INFO - DAG(s) 'example_external_task_marker_parent', 'example_external_task_marker_child' retrieved from /home/airflow/.local/lib/python3.8/site-packages/airflow/example_dags/example_external_task_marker_dag.py
[2025-07-16T23:37:06.957+0000] {logging_mixin.py:188} INFO - [2025-07-16T23:37:06.957+0000] {dag.py:3036} INFO - Sync 2 DAGs
[2025-07-16T23:37:06.974+0000] {logging_mixin.py:188} INFO - [2025-07-16T23:37:06.974+0000] {dag.py:3823} INFO - Setting next_dagrun for example_external_task_marker_child to None, run_after=None
[2025-07-16T23:37:06.980+0000] {logging_mixin.py:188} INFO - [2025-07-16T23:37:06.979+0000] {dag.py:3823} INFO - Setting next_dagrun for example_external_task_marker_parent to None, run_after=None
[2025-07-16T23:37:07.007+0000] {processor.py:183} INFO - Processing /home/airflow/.local/lib/python3.8/site-packages/airflow/example_dags/example_external_task_marker_dag.py took 0.107 seconds
[2025-07-16T23:37:37.529+0000] {processor.py:161} INFO - Started process (PID=525) to work on /home/airflow/.local/lib/python3.8/site-packages/airflow/example_dags/example_external_task_marker_dag.py
[2025-07-16T23:37:37.531+0000] {processor.py:830} INFO - Processing file /home/airflow/.local/lib/python3.8/site-packages/airflow/example_dags/example_external_task_marker_dag.py for tasks to queue
[2025-07-16T23:37:37.534+0000] {logging_mixin.py:188} INFO - [2025-07-16T23:37:37.534+0000] {dagbag.py:538} INFO - Filling up the DagBag from /home/airflow/.local/lib/python3.8/site-packages/airflow/example_dags/example_external_task_marker_dag.py
[2025-07-16T23:37:37.550+0000] {processor.py:840} INFO - DAG(s) 'example_external_task_marker_child', 'example_external_task_marker_parent' retrieved from /home/airflow/.local/lib/python3.8/site-packages/airflow/example_dags/example_external_task_marker_dag.py
[2025-07-16T23:37:37.599+0000] {logging_mixin.py:188} INFO - [2025-07-16T23:37:37.599+0000] {dag.py:3036} INFO - Sync 2 DAGs
[2025-07-16T23:37:37.626+0000] {logging_mixin.py:188} INFO - [2025-07-16T23:37:37.626+0000] {dag.py:3823} INFO - Setting next_dagrun for example_external_task_marker_child to None, run_after=None
[2025-07-16T23:37:37.633+0000] {logging_mixin.py:188} INFO - [2025-07-16T23:37:37.632+0000] {dag.py:3823} INFO - Setting next_dagrun for example_external_task_marker_parent to None, run_after=None
[2025-07-16T23:37:37.683+0000] {processor.py:183} INFO - Processing /home/airflow/.local/lib/python3.8/site-packages/airflow/example_dags/example_external_task_marker_dag.py took 0.160 seconds
[2025-07-16T23:38:08.125+0000] {processor.py:161} INFO - Started process (PID=591) to work on /home/airflow/.local/lib/python3.8/site-packages/airflow/example_dags/example_external_task_marker_dag.py
[2025-07-16T23:38:08.126+0000] {processor.py:830} INFO - Processing file /home/airflow/.local/lib/python3.8/site-packages/airflow/example_dags/example_external_task_marker_dag.py for tasks to queue
[2025-07-16T23:38:08.129+0000] {logging_mixin.py:188} INFO - [2025-07-16T23:38:08.129+0000] {dagbag.py:538} INFO - Filling up the DagBag from /home/airflow/.local/lib/python3.8/site-packages/airflow/example_dags/example_external_task_marker_dag.py
[2025-07-16T23:38:08.142+0000] {processor.py:840} INFO - DAG(s) 'example_external_task_marker_child', 'example_external_task_marker_parent' retrieved from /home/airflow/.local/lib/python3.8/site-packages/airflow/example_dags/example_external_task_marker_dag.py
[2025-07-16T23:38:08.196+0000] {logging_mixin.py:188} INFO - [2025-07-16T23:38:08.196+0000] {dag.py:3036} INFO - Sync 2 DAGs
[2025-07-16T23:38:08.221+0000] {logging_mixin.py:188} INFO - [2025-07-16T23:38:08.221+0000] {dag.py:3823} INFO - Setting next_dagrun for example_external_task_marker_child to None, run_after=None
[2025-07-16T23:38:08.229+0000] {logging_mixin.py:188} INFO - [2025-07-16T23:38:08.229+0000] {dag.py:3823} INFO - Setting next_dagrun for example_external_task_marker_parent to None, run_after=None
[2025-07-16T23:38:08.266+0000] {processor.py:183} INFO - Processing /home/airflow/.local/lib/python3.8/site-packages/airflow/example_dags/example_external_task_marker_dag.py took 0.147 seconds
[2025-07-16T23:38:38.494+0000] {processor.py:161} INFO - Started process (PID=657) to work on /home/airflow/.local/lib/python3.8/site-packages/airflow/example_dags/example_external_task_marker_dag.py
[2025-07-16T23:38:38.496+0000] {processor.py:830} INFO - Processing file /home/airflow/.local/lib/python3.8/site-packages/airflow/example_dags/example_external_task_marker_dag.py for tasks to queue
[2025-07-16T23:38:38.500+0000] {logging_mixin.py:188} INFO - [2025-07-16T23:38:38.499+0000] {dagbag.py:538} INFO - Filling up the DagBag from /home/airflow/.local/lib/python3.8/site-packages/airflow/example_dags/example_external_task_marker_dag.py
[2025-07-16T23:38:38.509+0000] {processor.py:840} INFO - DAG(s) 'example_external_task_marker_child', 'example_external_task_marker_parent' retrieved from /home/airflow/.local/lib/python3.8/site-packages/airflow/example_dags/example_external_task_marker_dag.py
[2025-07-16T23:38:38.568+0000] {logging_mixin.py:188} INFO - [2025-07-16T23:38:38.568+0000] {dag.py:3036} INFO - Sync 2 DAGs
[2025-07-16T23:38:38.598+0000] {logging_mixin.py:188} INFO - [2025-07-16T23:38:38.597+0000] {dag.py:3823} INFO - Setting next_dagrun for example_external_task_marker_child to None, run_after=None
[2025-07-16T23:38:38.607+0000] {logging_mixin.py:188} INFO - [2025-07-16T23:38:38.606+0000] {dag.py:3823} INFO - Setting next_dagrun for example_external_task_marker_parent to None, run_after=None
[2025-07-16T23:38:38.658+0000] {processor.py:183} INFO - Processing /home/airflow/.local/lib/python3.8/site-packages/airflow/example_dags/example_external_task_marker_dag.py took 0.169 seconds
[2025-07-16T23:39:08.873+0000] {processor.py:161} INFO - Started process (PID=722) to work on /home/airflow/.local/lib/python3.8/site-packages/airflow/example_dags/example_external_task_marker_dag.py
[2025-07-16T23:39:08.874+0000] {processor.py:830} INFO - Processing file /home/airflow/.local/lib/python3.8/site-packages/airflow/example_dags/example_external_task_marker_dag.py for tasks to queue
[2025-07-16T23:39:08.878+0000] {logging_mixin.py:188} INFO - [2025-07-16T23:39:08.878+0000] {dagbag.py:538} INFO - Filling up the DagBag from /home/airflow/.local/lib/python3.8/site-packages/airflow/example_dags/example_external_task_marker_dag.py
[2025-07-16T23:39:08.891+0000] {processor.py:840} INFO - DAG(s) 'example_external_task_marker_parent', 'example_external_task_marker_child' retrieved from /home/airflow/.local/lib/python3.8/site-packages/airflow/example_dags/example_external_task_marker_dag.py
[2025-07-16T23:39:08.929+0000] {logging_mixin.py:188} INFO - [2025-07-16T23:39:08.929+0000] {dag.py:3036} INFO - Sync 2 DAGs
[2025-07-16T23:39:08.947+0000] {logging_mixin.py:188} INFO - [2025-07-16T23:39:08.947+0000] {dag.py:3823} INFO - Setting next_dagrun for example_external_task_marker_child to None, run_after=None
[2025-07-16T23:39:08.952+0000] {logging_mixin.py:188} INFO - [2025-07-16T23:39:08.951+0000] {dag.py:3823} INFO - Setting next_dagrun for example_external_task_marker_parent to None, run_after=None
[2025-07-16T23:39:08.977+0000] {processor.py:183} INFO - Processing /home/airflow/.local/lib/python3.8/site-packages/airflow/example_dags/example_external_task_marker_dag.py took 0.109 seconds
[2025-07-16T23:39:39.915+0000] {processor.py:161} INFO - Started process (PID=785) to work on /home/airflow/.local/lib/python3.8/site-packages/airflow/example_dags/example_external_task_marker_dag.py
[2025-07-16T23:39:39.916+0000] {processor.py:830} INFO - Processing file /home/airflow/.local/lib/python3.8/site-packages/airflow/example_dags/example_external_task_marker_dag.py for tasks to queue
[2025-07-16T23:39:39.919+0000] {logging_mixin.py:188} INFO - [2025-07-16T23:39:39.919+0000] {dagbag.py:538} INFO - Filling up the DagBag from /home/airflow/.local/lib/python3.8/site-packages/airflow/example_dags/example_external_task_marker_dag.py
[2025-07-16T23:39:39.930+0000] {processor.py:840} INFO - DAG(s) 'example_external_task_marker_child', 'example_external_task_marker_parent' retrieved from /home/airflow/.local/lib/python3.8/site-packages/airflow/example_dags/example_external_task_marker_dag.py
[2025-07-16T23:39:39.968+0000] {logging_mixin.py:188} INFO - [2025-07-16T23:39:39.968+0000] {dag.py:3036} INFO - Sync 2 DAGs
[2025-07-16T23:39:39.991+0000] {logging_mixin.py:188} INFO - [2025-07-16T23:39:39.991+0000] {dag.py:3823} INFO - Setting next_dagrun for example_external_task_marker_child to None, run_after=None
[2025-07-16T23:39:39.997+0000] {logging_mixin.py:188} INFO - [2025-07-16T23:39:39.997+0000] {dag.py:3823} INFO - Setting next_dagrun for example_external_task_marker_parent to None, run_after=None
[2025-07-16T23:39:40.026+0000] {processor.py:183} INFO - Processing /home/airflow/.local/lib/python3.8/site-packages/airflow/example_dags/example_external_task_marker_dag.py took 0.116 seconds
[2025-07-16T23:40:10.272+0000] {processor.py:161} INFO - Started process (PID=849) to work on /home/airflow/.local/lib/python3.8/site-packages/airflow/example_dags/example_external_task_marker_dag.py
[2025-07-16T23:40:10.276+0000] {processor.py:830} INFO - Processing file /home/airflow/.local/lib/python3.8/site-packages/airflow/example_dags/example_external_task_marker_dag.py for tasks to queue
[2025-07-16T23:40:10.279+0000] {logging_mixin.py:188} INFO - [2025-07-16T23:40:10.278+0000] {dagbag.py:538} INFO - Filling up the DagBag from /home/airflow/.local/lib/python3.8/site-packages/airflow/example_dags/example_external_task_marker_dag.py
[2025-07-16T23:40:10.290+0000] {processor.py:840} INFO - DAG(s) 'example_external_task_marker_parent', 'example_external_task_marker_child' retrieved from /home/airflow/.local/lib/python3.8/site-packages/airflow/example_dags/example_external_task_marker_dag.py
[2025-07-16T23:40:10.351+0000] {logging_mixin.py:188} INFO - [2025-07-16T23:40:10.351+0000] {dag.py:3036} INFO - Sync 2 DAGs
[2025-07-16T23:40:10.379+0000] {logging_mixin.py:188} INFO - [2025-07-16T23:40:10.379+0000] {dag.py:3823} INFO - Setting next_dagrun for example_external_task_marker_child to None, run_after=None
[2025-07-16T23:40:10.389+0000] {logging_mixin.py:188} INFO - [2025-07-16T23:40:10.388+0000] {dag.py:3823} INFO - Setting next_dagrun for example_external_task_marker_parent to None, run_after=None
[2025-07-16T23:40:10.435+0000] {processor.py:183} INFO - Processing /home/airflow/.local/lib/python3.8/site-packages/airflow/example_dags/example_external_task_marker_dag.py took 0.169 seconds
[2025-07-16T23:40:40.683+0000] {processor.py:161} INFO - Started process (PID=915) to work on /home/airflow/.local/lib/python3.8/site-packages/airflow/example_dags/example_external_task_marker_dag.py
[2025-07-16T23:40:40.687+0000] {processor.py:830} INFO - Processing file /home/airflow/.local/lib/python3.8/site-packages/airflow/example_dags/example_external_task_marker_dag.py for tasks to queue
[2025-07-16T23:40:40.693+0000] {logging_mixin.py:188} INFO - [2025-07-16T23:40:40.692+0000] {dagbag.py:538} INFO - Filling up the DagBag from /home/airflow/.local/lib/python3.8/site-packages/airflow/example_dags/example_external_task_marker_dag.py
[2025-07-16T23:40:40.713+0000] {processor.py:840} INFO - DAG(s) 'example_external_task_marker_child', 'example_external_task_marker_parent' retrieved from /home/airflow/.local/lib/python3.8/site-packages/airflow/example_dags/example_external_task_marker_dag.py
[2025-07-16T23:40:40.771+0000] {logging_mixin.py:188} INFO - [2025-07-16T23:40:40.770+0000] {dag.py:3036} INFO - Sync 2 DAGs
[2025-07-16T23:40:40.813+0000] {logging_mixin.py:188} INFO - [2025-07-16T23:40:40.813+0000] {dag.py:3823} INFO - Setting next_dagrun for example_external_task_marker_child to None, run_after=None
[2025-07-16T23:40:40.830+0000] {logging_mixin.py:188} INFO - [2025-07-16T23:40:40.830+0000] {dag.py:3823} INFO - Setting next_dagrun for example_external_task_marker_parent to None, run_after=None
[2025-07-16T23:40:40.873+0000] {processor.py:183} INFO - Processing /home/airflow/.local/lib/python3.8/site-packages/airflow/example_dags/example_external_task_marker_dag.py took 0.207 seconds
[2025-07-16T23:41:11.130+0000] {processor.py:161} INFO - Started process (PID=979) to work on /home/airflow/.local/lib/python3.8/site-packages/airflow/example_dags/example_external_task_marker_dag.py
[2025-07-16T23:41:11.131+0000] {processor.py:830} INFO - Processing file /home/airflow/.local/lib/python3.8/site-packages/airflow/example_dags/example_external_task_marker_dag.py for tasks to queue
[2025-07-16T23:41:11.133+0000] {logging_mixin.py:188} INFO - [2025-07-16T23:41:11.133+0000] {dagbag.py:538} INFO - Filling up the DagBag from /home/airflow/.local/lib/python3.8/site-packages/airflow/example_dags/example_external_task_marker_dag.py
[2025-07-16T23:41:11.141+0000] {processor.py:840} INFO - DAG(s) 'example_external_task_marker_parent', 'example_external_task_marker_child' retrieved from /home/airflow/.local/lib/python3.8/site-packages/airflow/example_dags/example_external_task_marker_dag.py
[2025-07-16T23:41:11.178+0000] {logging_mixin.py:188} INFO - [2025-07-16T23:41:11.178+0000] {dag.py:3036} INFO - Sync 2 DAGs
[2025-07-16T23:41:11.195+0000] {logging_mixin.py:188} INFO - [2025-07-16T23:41:11.195+0000] {dag.py:3823} INFO - Setting next_dagrun for example_external_task_marker_child to None, run_after=None
[2025-07-16T23:41:11.202+0000] {logging_mixin.py:188} INFO - [2025-07-16T23:41:11.201+0000] {dag.py:3823} INFO - Setting next_dagrun for example_external_task_marker_parent to None, run_after=None
[2025-07-16T23:41:11.232+0000] {processor.py:183} INFO - Processing /home/airflow/.local/lib/python3.8/site-packages/airflow/example_dags/example_external_task_marker_dag.py took 0.107 seconds
[2025-07-16T23:41:41.271+0000] {processor.py:161} INFO - Started process (PID=1045) to work on /home/airflow/.local/lib/python3.8/site-packages/airflow/example_dags/example_external_task_marker_dag.py
[2025-07-16T23:41:41.272+0000] {processor.py:830} INFO - Processing file /home/airflow/.local/lib/python3.8/site-packages/airflow/example_dags/example_external_task_marker_dag.py for tasks to queue
[2025-07-16T23:41:41.275+0000] {logging_mixin.py:188} INFO - [2025-07-16T23:41:41.274+0000] {dagbag.py:538} INFO - Filling up the DagBag from /home/airflow/.local/lib/python3.8/site-packages/airflow/example_dags/example_external_task_marker_dag.py
[2025-07-16T23:41:41.283+0000] {processor.py:840} INFO - DAG(s) 'example_external_task_marker_child', 'example_external_task_marker_parent' retrieved from /home/airflow/.local/lib/python3.8/site-packages/airflow/example_dags/example_external_task_marker_dag.py
[2025-07-16T23:41:41.316+0000] {logging_mixin.py:188} INFO - [2025-07-16T23:41:41.316+0000] {dag.py:3036} INFO - Sync 2 DAGs
[2025-07-16T23:41:41.333+0000] {logging_mixin.py:188} INFO - [2025-07-16T23:41:41.333+0000] {dag.py:3823} INFO - Setting next_dagrun for example_external_task_marker_child to None, run_after=None
[2025-07-16T23:41:41.338+0000] {logging_mixin.py:188} INFO - [2025-07-16T23:41:41.338+0000] {dag.py:3823} INFO - Setting next_dagrun for example_external_task_marker_parent to None, run_after=None
[2025-07-16T23:41:41.366+0000] {processor.py:183} INFO - Processing /home/airflow/.local/lib/python3.8/site-packages/airflow/example_dags/example_external_task_marker_dag.py took 0.102 seconds
[2025-07-16T23:42:12.030+0000] {processor.py:161} INFO - Started process (PID=1111) to work on /home/airflow/.local/lib/python3.8/site-packages/airflow/example_dags/example_external_task_marker_dag.py
[2025-07-16T23:42:12.031+0000] {processor.py:830} INFO - Processing file /home/airflow/.local/lib/python3.8/site-packages/airflow/example_dags/example_external_task_marker_dag.py for tasks to queue
[2025-07-16T23:42:12.035+0000] {logging_mixin.py:188} INFO - [2025-07-16T23:42:12.034+0000] {dagbag.py:538} INFO - Filling up the DagBag from /home/airflow/.local/lib/python3.8/site-packages/airflow/example_dags/example_external_task_marker_dag.py
[2025-07-16T23:42:12.049+0000] {processor.py:840} INFO - DAG(s) 'example_external_task_marker_child', 'example_external_task_marker_parent' retrieved from /home/airflow/.local/lib/python3.8/site-packages/airflow/example_dags/example_external_task_marker_dag.py
[2025-07-16T23:42:12.115+0000] {logging_mixin.py:188} INFO - [2025-07-16T23:42:12.115+0000] {dag.py:3036} INFO - Sync 2 DAGs
[2025-07-16T23:42:12.143+0000] {logging_mixin.py:188} INFO - [2025-07-16T23:42:12.142+0000] {dag.py:3823} INFO - Setting next_dagrun for example_external_task_marker_child to None, run_after=None
[2025-07-16T23:42:12.150+0000] {logging_mixin.py:188} INFO - [2025-07-16T23:42:12.150+0000] {dag.py:3823} INFO - Setting next_dagrun for example_external_task_marker_parent to None, run_after=None
[2025-07-16T23:42:12.178+0000] {processor.py:183} INFO - Processing /home/airflow/.local/lib/python3.8/site-packages/airflow/example_dags/example_external_task_marker_dag.py took 0.153 seconds
[2025-07-16T23:42:42.404+0000] {processor.py:161} INFO - Started process (PID=1176) to work on /home/airflow/.local/lib/python3.8/site-packages/airflow/example_dags/example_external_task_marker_dag.py
[2025-07-16T23:42:42.406+0000] {processor.py:830} INFO - Processing file /home/airflow/.local/lib/python3.8/site-packages/airflow/example_dags/example_external_task_marker_dag.py for tasks to queue
[2025-07-16T23:42:42.409+0000] {logging_mixin.py:188} INFO - [2025-07-16T23:42:42.408+0000] {dagbag.py:538} INFO - Filling up the DagBag from /home/airflow/.local/lib/python3.8/site-packages/airflow/example_dags/example_external_task_marker_dag.py
[2025-07-16T23:42:42.417+0000] {processor.py:840} INFO - DAG(s) 'example_external_task_marker_child', 'example_external_task_marker_parent' retrieved from /home/airflow/.local/lib/python3.8/site-packages/airflow/example_dags/example_external_task_marker_dag.py
[2025-07-16T23:42:42.457+0000] {logging_mixin.py:188} INFO - [2025-07-16T23:42:42.457+0000] {dag.py:3036} INFO - Sync 2 DAGs
[2025-07-16T23:42:42.483+0000] {logging_mixin.py:188} INFO - [2025-07-16T23:42:42.482+0000] {dag.py:3823} INFO - Setting next_dagrun for example_external_task_marker_child to None, run_after=None
[2025-07-16T23:42:42.489+0000] {logging_mixin.py:188} INFO - [2025-07-16T23:42:42.489+0000] {dag.py:3823} INFO - Setting next_dagrun for example_external_task_marker_parent to None, run_after=None
[2025-07-16T23:42:42.519+0000] {processor.py:183} INFO - Processing /home/airflow/.local/lib/python3.8/site-packages/airflow/example_dags/example_external_task_marker_dag.py took 0.120 seconds
[2025-07-16T23:43:12.594+0000] {processor.py:161} INFO - Started process (PID=1237) to work on /home/airflow/.local/lib/python3.8/site-packages/airflow/example_dags/example_external_task_marker_dag.py
[2025-07-16T23:43:12.595+0000] {processor.py:830} INFO - Processing file /home/airflow/.local/lib/python3.8/site-packages/airflow/example_dags/example_external_task_marker_dag.py for tasks to queue
[2025-07-16T23:43:12.598+0000] {logging_mixin.py:188} INFO - [2025-07-16T23:43:12.597+0000] {dagbag.py:538} INFO - Filling up the DagBag from /home/airflow/.local/lib/python3.8/site-packages/airflow/example_dags/example_external_task_marker_dag.py
[2025-07-16T23:43:12.605+0000] {processor.py:840} INFO - DAG(s) 'example_external_task_marker_child', 'example_external_task_marker_parent' retrieved from /home/airflow/.local/lib/python3.8/site-packages/airflow/example_dags/example_external_task_marker_dag.py
[2025-07-16T23:43:12.635+0000] {logging_mixin.py:188} INFO - [2025-07-16T23:43:12.635+0000] {dag.py:3036} INFO - Sync 2 DAGs
[2025-07-16T23:43:12.651+0000] {logging_mixin.py:188} INFO - [2025-07-16T23:43:12.651+0000] {dag.py:3823} INFO - Setting next_dagrun for example_external_task_marker_child to None, run_after=None
[2025-07-16T23:43:12.657+0000] {logging_mixin.py:188} INFO - [2025-07-16T23:43:12.656+0000] {dag.py:3823} INFO - Setting next_dagrun for example_external_task_marker_parent to None, run_after=None
[2025-07-16T23:43:12.680+0000] {processor.py:183} INFO - Processing /home/airflow/.local/lib/python3.8/site-packages/airflow/example_dags/example_external_task_marker_dag.py took 0.090 seconds
[2025-07-16T23:43:42.710+0000] {processor.py:161} INFO - Started process (PID=1301) to work on /home/airflow/.local/lib/python3.8/site-packages/airflow/example_dags/example_external_task_marker_dag.py
[2025-07-16T23:43:42.713+0000] {processor.py:830} INFO - Processing file /home/airflow/.local/lib/python3.8/site-packages/airflow/example_dags/example_external_task_marker_dag.py for tasks to queue
[2025-07-16T23:43:42.721+0000] {logging_mixin.py:188} INFO - [2025-07-16T23:43:42.721+0000] {dagbag.py:538} INFO - Filling up the DagBag from /home/airflow/.local/lib/python3.8/site-packages/airflow/example_dags/example_external_task_marker_dag.py
[2025-07-16T23:43:42.733+0000] {processor.py:840} INFO - DAG(s) 'example_external_task_marker_parent', 'example_external_task_marker_child' retrieved from /home/airflow/.local/lib/python3.8/site-packages/airflow/example_dags/example_external_task_marker_dag.py
[2025-07-16T23:43:42.826+0000] {logging_mixin.py:188} INFO - [2025-07-16T23:43:42.823+0000] {dag.py:3036} INFO - Sync 2 DAGs
[2025-07-16T23:43:42.855+0000] {logging_mixin.py:188} INFO - [2025-07-16T23:43:42.854+0000] {dag.py:3823} INFO - Setting next_dagrun for example_external_task_marker_child to None, run_after=None
[2025-07-16T23:43:42.863+0000] {logging_mixin.py:188} INFO - [2025-07-16T23:43:42.862+0000] {dag.py:3823} INFO - Setting next_dagrun for example_external_task_marker_parent to None, run_after=None
[2025-07-16T23:43:42.897+0000] {processor.py:183} INFO - Processing /home/airflow/.local/lib/python3.8/site-packages/airflow/example_dags/example_external_task_marker_dag.py took 0.193 seconds
[2025-07-16T23:44:13.014+0000] {processor.py:161} INFO - Started process (PID=1367) to work on /home/airflow/.local/lib/python3.8/site-packages/airflow/example_dags/example_external_task_marker_dag.py
[2025-07-16T23:44:13.015+0000] {processor.py:830} INFO - Processing file /home/airflow/.local/lib/python3.8/site-packages/airflow/example_dags/example_external_task_marker_dag.py for tasks to queue
[2025-07-16T23:44:13.018+0000] {logging_mixin.py:188} INFO - [2025-07-16T23:44:13.018+0000] {dagbag.py:538} INFO - Filling up the DagBag from /home/airflow/.local/lib/python3.8/site-packages/airflow/example_dags/example_external_task_marker_dag.py
[2025-07-16T23:44:13.026+0000] {processor.py:840} INFO - DAG(s) 'example_external_task_marker_child', 'example_external_task_marker_parent' retrieved from /home/airflow/.local/lib/python3.8/site-packages/airflow/example_dags/example_external_task_marker_dag.py
[2025-07-16T23:44:13.059+0000] {logging_mixin.py:188} INFO - [2025-07-16T23:44:13.059+0000] {dag.py:3036} INFO - Sync 2 DAGs
[2025-07-16T23:44:13.077+0000] {logging_mixin.py:188} INFO - [2025-07-16T23:44:13.077+0000] {dag.py:3823} INFO - Setting next_dagrun for example_external_task_marker_child to None, run_after=None
[2025-07-16T23:44:13.083+0000] {logging_mixin.py:188} INFO - [2025-07-16T23:44:13.083+0000] {dag.py:3823} INFO - Setting next_dagrun for example_external_task_marker_parent to None, run_after=None
[2025-07-16T23:44:13.111+0000] {processor.py:183} INFO - Processing /home/airflow/.local/lib/python3.8/site-packages/airflow/example_dags/example_external_task_marker_dag.py took 0.102 seconds
[2025-07-16T23:44:43.522+0000] {processor.py:161} INFO - Started process (PID=1433) to work on /home/airflow/.local/lib/python3.8/site-packages/airflow/example_dags/example_external_task_marker_dag.py
[2025-07-16T23:44:43.523+0000] {processor.py:830} INFO - Processing file /home/airflow/.local/lib/python3.8/site-packages/airflow/example_dags/example_external_task_marker_dag.py for tasks to queue
[2025-07-16T23:44:43.527+0000] {logging_mixin.py:188} INFO - [2025-07-16T23:44:43.526+0000] {dagbag.py:538} INFO - Filling up the DagBag from /home/airflow/.local/lib/python3.8/site-packages/airflow/example_dags/example_external_task_marker_dag.py
[2025-07-16T23:44:43.535+0000] {processor.py:840} INFO - DAG(s) 'example_external_task_marker_child', 'example_external_task_marker_parent' retrieved from /home/airflow/.local/lib/python3.8/site-packages/airflow/example_dags/example_external_task_marker_dag.py
[2025-07-16T23:44:43.569+0000] {logging_mixin.py:188} INFO - [2025-07-16T23:44:43.568+0000] {dag.py:3036} INFO - Sync 2 DAGs
[2025-07-16T23:44:43.586+0000] {logging_mixin.py:188} INFO - [2025-07-16T23:44:43.586+0000] {dag.py:3823} INFO - Setting next_dagrun for example_external_task_marker_child to None, run_after=None
[2025-07-16T23:44:43.591+0000] {logging_mixin.py:188} INFO - [2025-07-16T23:44:43.591+0000] {dag.py:3823} INFO - Setting next_dagrun for example_external_task_marker_parent to None, run_after=None
[2025-07-16T23:44:43.619+0000] {processor.py:183} INFO - Processing /home/airflow/.local/lib/python3.8/site-packages/airflow/example_dags/example_external_task_marker_dag.py took 0.101 seconds
[2025-07-16T23:45:13.673+0000] {processor.py:161} INFO - Started process (PID=1499) to work on /home/airflow/.local/lib/python3.8/site-packages/airflow/example_dags/example_external_task_marker_dag.py
[2025-07-16T23:45:13.674+0000] {processor.py:830} INFO - Processing file /home/airflow/.local/lib/python3.8/site-packages/airflow/example_dags/example_external_task_marker_dag.py for tasks to queue
[2025-07-16T23:45:13.678+0000] {logging_mixin.py:188} INFO - [2025-07-16T23:45:13.677+0000] {dagbag.py:538} INFO - Filling up the DagBag from /home/airflow/.local/lib/python3.8/site-packages/airflow/example_dags/example_external_task_marker_dag.py
[2025-07-16T23:45:13.685+0000] {processor.py:840} INFO - DAG(s) 'example_external_task_marker_child', 'example_external_task_marker_parent' retrieved from /home/airflow/.local/lib/python3.8/site-packages/airflow/example_dags/example_external_task_marker_dag.py
[2025-07-16T23:45:13.719+0000] {logging_mixin.py:188} INFO - [2025-07-16T23:45:13.718+0000] {dag.py:3036} INFO - Sync 2 DAGs
[2025-07-16T23:45:13.736+0000] {logging_mixin.py:188} INFO - [2025-07-16T23:45:13.736+0000] {dag.py:3823} INFO - Setting next_dagrun for example_external_task_marker_child to None, run_after=None
[2025-07-16T23:45:13.741+0000] {logging_mixin.py:188} INFO - [2025-07-16T23:45:13.741+0000] {dag.py:3823} INFO - Setting next_dagrun for example_external_task_marker_parent to None, run_after=None
[2025-07-16T23:45:13.770+0000] {processor.py:183} INFO - Processing /home/airflow/.local/lib/python3.8/site-packages/airflow/example_dags/example_external_task_marker_dag.py took 0.101 seconds
[2025-07-16T23:45:44.473+0000] {processor.py:161} INFO - Started process (PID=1565) to work on /home/airflow/.local/lib/python3.8/site-packages/airflow/example_dags/example_external_task_marker_dag.py
[2025-07-16T23:45:44.474+0000] {processor.py:830} INFO - Processing file /home/airflow/.local/lib/python3.8/site-packages/airflow/example_dags/example_external_task_marker_dag.py for tasks to queue
[2025-07-16T23:45:44.478+0000] {logging_mixin.py:188} INFO - [2025-07-16T23:45:44.478+0000] {dagbag.py:538} INFO - Filling up the DagBag from /home/airflow/.local/lib/python3.8/site-packages/airflow/example_dags/example_external_task_marker_dag.py
[2025-07-16T23:45:44.486+0000] {processor.py:840} INFO - DAG(s) 'example_external_task_marker_child', 'example_external_task_marker_parent' retrieved from /home/airflow/.local/lib/python3.8/site-packages/airflow/example_dags/example_external_task_marker_dag.py
[2025-07-16T23:45:44.520+0000] {logging_mixin.py:188} INFO - [2025-07-16T23:45:44.520+0000] {dag.py:3036} INFO - Sync 2 DAGs
[2025-07-16T23:45:44.538+0000] {logging_mixin.py:188} INFO - [2025-07-16T23:45:44.538+0000] {dag.py:3823} INFO - Setting next_dagrun for example_external_task_marker_child to None, run_after=None
[2025-07-16T23:45:44.544+0000] {logging_mixin.py:188} INFO - [2025-07-16T23:45:44.544+0000] {dag.py:3823} INFO - Setting next_dagrun for example_external_task_marker_parent to None, run_after=None
[2025-07-16T23:45:44.574+0000] {processor.py:183} INFO - Processing /home/airflow/.local/lib/python3.8/site-packages/airflow/example_dags/example_external_task_marker_dag.py took 0.107 seconds
[2025-07-16T23:46:14.846+0000] {processor.py:161} INFO - Started process (PID=1637) to work on /home/airflow/.local/lib/python3.8/site-packages/airflow/example_dags/example_external_task_marker_dag.py
[2025-07-16T23:46:14.847+0000] {processor.py:830} INFO - Processing file /home/airflow/.local/lib/python3.8/site-packages/airflow/example_dags/example_external_task_marker_dag.py for tasks to queue
[2025-07-16T23:46:14.850+0000] {logging_mixin.py:188} INFO - [2025-07-16T23:46:14.850+0000] {dagbag.py:538} INFO - Filling up the DagBag from /home/airflow/.local/lib/python3.8/site-packages/airflow/example_dags/example_external_task_marker_dag.py
[2025-07-16T23:46:14.858+0000] {processor.py:840} INFO - DAG(s) 'example_external_task_marker_parent', 'example_external_task_marker_child' retrieved from /home/airflow/.local/lib/python3.8/site-packages/airflow/example_dags/example_external_task_marker_dag.py
[2025-07-16T23:46:14.894+0000] {logging_mixin.py:188} INFO - [2025-07-16T23:46:14.894+0000] {dag.py:3036} INFO - Sync 2 DAGs
[2025-07-16T23:46:14.915+0000] {logging_mixin.py:188} INFO - [2025-07-16T23:46:14.914+0000] {dag.py:3823} INFO - Setting next_dagrun for example_external_task_marker_child to None, run_after=None
[2025-07-16T23:46:14.920+0000] {logging_mixin.py:188} INFO - [2025-07-16T23:46:14.920+0000] {dag.py:3823} INFO - Setting next_dagrun for example_external_task_marker_parent to None, run_after=None
[2025-07-16T23:46:14.954+0000] {processor.py:183} INFO - Processing /home/airflow/.local/lib/python3.8/site-packages/airflow/example_dags/example_external_task_marker_dag.py took 0.112 seconds
[2025-07-16T23:46:45.019+0000] {processor.py:161} INFO - Started process (PID=1699) to work on /home/airflow/.local/lib/python3.8/site-packages/airflow/example_dags/example_external_task_marker_dag.py
[2025-07-16T23:46:45.020+0000] {processor.py:830} INFO - Processing file /home/airflow/.local/lib/python3.8/site-packages/airflow/example_dags/example_external_task_marker_dag.py for tasks to queue
[2025-07-16T23:46:45.023+0000] {logging_mixin.py:188} INFO - [2025-07-16T23:46:45.023+0000] {dagbag.py:538} INFO - Filling up the DagBag from /home/airflow/.local/lib/python3.8/site-packages/airflow/example_dags/example_external_task_marker_dag.py
[2025-07-16T23:46:45.031+0000] {processor.py:840} INFO - DAG(s) 'example_external_task_marker_child', 'example_external_task_marker_parent' retrieved from /home/airflow/.local/lib/python3.8/site-packages/airflow/example_dags/example_external_task_marker_dag.py
[2025-07-16T23:46:45.072+0000] {logging_mixin.py:188} INFO - [2025-07-16T23:46:45.072+0000] {dag.py:3036} INFO - Sync 2 DAGs
[2025-07-16T23:46:45.093+0000] {logging_mixin.py:188} INFO - [2025-07-16T23:46:45.093+0000] {dag.py:3823} INFO - Setting next_dagrun for example_external_task_marker_child to None, run_after=None
[2025-07-16T23:46:45.100+0000] {logging_mixin.py:188} INFO - [2025-07-16T23:46:45.099+0000] {dag.py:3823} INFO - Setting next_dagrun for example_external_task_marker_parent to None, run_after=None
[2025-07-16T23:46:45.130+0000] {processor.py:183} INFO - Processing /home/airflow/.local/lib/python3.8/site-packages/airflow/example_dags/example_external_task_marker_dag.py took 0.116 seconds
[2025-07-16T23:47:16.027+0000] {processor.py:161} INFO - Started process (PID=1763) to work on /home/airflow/.local/lib/python3.8/site-packages/airflow/example_dags/example_external_task_marker_dag.py
[2025-07-16T23:47:16.032+0000] {processor.py:830} INFO - Processing file /home/airflow/.local/lib/python3.8/site-packages/airflow/example_dags/example_external_task_marker_dag.py for tasks to queue
[2025-07-16T23:47:16.040+0000] {logging_mixin.py:188} INFO - [2025-07-16T23:47:16.038+0000] {dagbag.py:538} INFO - Filling up the DagBag from /home/airflow/.local/lib/python3.8/site-packages/airflow/example_dags/example_external_task_marker_dag.py
[2025-07-16T23:47:16.060+0000] {processor.py:840} INFO - DAG(s) 'example_external_task_marker_child', 'example_external_task_marker_parent' retrieved from /home/airflow/.local/lib/python3.8/site-packages/airflow/example_dags/example_external_task_marker_dag.py
[2025-07-16T23:47:16.105+0000] {logging_mixin.py:188} INFO - [2025-07-16T23:47:16.104+0000] {dag.py:3036} INFO - Sync 2 DAGs
[2025-07-16T23:47:16.130+0000] {logging_mixin.py:188} INFO - [2025-07-16T23:47:16.129+0000] {dag.py:3823} INFO - Setting next_dagrun for example_external_task_marker_child to None, run_after=None
[2025-07-16T23:47:16.137+0000] {logging_mixin.py:188} INFO - [2025-07-16T23:47:16.136+0000] {dag.py:3823} INFO - Setting next_dagrun for example_external_task_marker_parent to None, run_after=None
[2025-07-16T23:47:16.175+0000] {processor.py:183} INFO - Processing /home/airflow/.local/lib/python3.8/site-packages/airflow/example_dags/example_external_task_marker_dag.py took 0.157 seconds
[2025-07-16T23:47:46.884+0000] {processor.py:161} INFO - Started process (PID=1828) to work on /home/airflow/.local/lib/python3.8/site-packages/airflow/example_dags/example_external_task_marker_dag.py
[2025-07-16T23:47:46.885+0000] {processor.py:830} INFO - Processing file /home/airflow/.local/lib/python3.8/site-packages/airflow/example_dags/example_external_task_marker_dag.py for tasks to queue
[2025-07-16T23:47:46.889+0000] {logging_mixin.py:188} INFO - [2025-07-16T23:47:46.888+0000] {dagbag.py:538} INFO - Filling up the DagBag from /home/airflow/.local/lib/python3.8/site-packages/airflow/example_dags/example_external_task_marker_dag.py
[2025-07-16T23:47:46.905+0000] {processor.py:840} INFO - DAG(s) 'example_external_task_marker_parent', 'example_external_task_marker_child' retrieved from /home/airflow/.local/lib/python3.8/site-packages/airflow/example_dags/example_external_task_marker_dag.py
[2025-07-16T23:47:46.946+0000] {logging_mixin.py:188} INFO - [2025-07-16T23:47:46.946+0000] {dag.py:3036} INFO - Sync 2 DAGs
[2025-07-16T23:47:46.967+0000] {logging_mixin.py:188} INFO - [2025-07-16T23:47:46.967+0000] {dag.py:3823} INFO - Setting next_dagrun for example_external_task_marker_child to None, run_after=None
[2025-07-16T23:47:46.974+0000] {logging_mixin.py:188} INFO - [2025-07-16T23:47:46.973+0000] {dag.py:3823} INFO - Setting next_dagrun for example_external_task_marker_parent to None, run_after=None
[2025-07-16T23:47:47.005+0000] {processor.py:183} INFO - Processing /home/airflow/.local/lib/python3.8/site-packages/airflow/example_dags/example_external_task_marker_dag.py took 0.125 seconds
[2025-07-16T23:48:17.046+0000] {processor.py:161} INFO - Started process (PID=1893) to work on /home/airflow/.local/lib/python3.8/site-packages/airflow/example_dags/example_external_task_marker_dag.py
[2025-07-16T23:48:17.047+0000] {processor.py:830} INFO - Processing file /home/airflow/.local/lib/python3.8/site-packages/airflow/example_dags/example_external_task_marker_dag.py for tasks to queue
[2025-07-16T23:48:17.051+0000] {logging_mixin.py:188} INFO - [2025-07-16T23:48:17.051+0000] {dagbag.py:538} INFO - Filling up the DagBag from /home/airflow/.local/lib/python3.8/site-packages/airflow/example_dags/example_external_task_marker_dag.py
[2025-07-16T23:48:17.061+0000] {processor.py:840} INFO - DAG(s) 'example_external_task_marker_child', 'example_external_task_marker_parent' retrieved from /home/airflow/.local/lib/python3.8/site-packages/airflow/example_dags/example_external_task_marker_dag.py
[2025-07-16T23:48:17.102+0000] {logging_mixin.py:188} INFO - [2025-07-16T23:48:17.101+0000] {dag.py:3036} INFO - Sync 2 DAGs
[2025-07-16T23:48:17.126+0000] {logging_mixin.py:188} INFO - [2025-07-16T23:48:17.126+0000] {dag.py:3823} INFO - Setting next_dagrun for example_external_task_marker_child to None, run_after=None
[2025-07-16T23:48:17.133+0000] {logging_mixin.py:188} INFO - [2025-07-16T23:48:17.132+0000] {dag.py:3823} INFO - Setting next_dagrun for example_external_task_marker_parent to None, run_after=None
[2025-07-16T23:48:17.171+0000] {processor.py:183} INFO - Processing /home/airflow/.local/lib/python3.8/site-packages/airflow/example_dags/example_external_task_marker_dag.py took 0.130 seconds
[2025-07-16T23:48:47.727+0000] {processor.py:161} INFO - Started process (PID=1958) to work on /home/airflow/.local/lib/python3.8/site-packages/airflow/example_dags/example_external_task_marker_dag.py
[2025-07-16T23:48:47.729+0000] {processor.py:830} INFO - Processing file /home/airflow/.local/lib/python3.8/site-packages/airflow/example_dags/example_external_task_marker_dag.py for tasks to queue
[2025-07-16T23:48:47.734+0000] {logging_mixin.py:188} INFO - [2025-07-16T23:48:47.733+0000] {dagbag.py:538} INFO - Filling up the DagBag from /home/airflow/.local/lib/python3.8/site-packages/airflow/example_dags/example_external_task_marker_dag.py
[2025-07-16T23:48:47.744+0000] {processor.py:840} INFO - DAG(s) 'example_external_task_marker_child', 'example_external_task_marker_parent' retrieved from /home/airflow/.local/lib/python3.8/site-packages/airflow/example_dags/example_external_task_marker_dag.py
[2025-07-16T23:48:47.787+0000] {logging_mixin.py:188} INFO - [2025-07-16T23:48:47.787+0000] {dag.py:3036} INFO - Sync 2 DAGs
[2025-07-16T23:48:47.813+0000] {logging_mixin.py:188} INFO - [2025-07-16T23:48:47.813+0000] {dag.py:3823} INFO - Setting next_dagrun for example_external_task_marker_child to None, run_after=None
[2025-07-16T23:48:47.821+0000] {logging_mixin.py:188} INFO - [2025-07-16T23:48:47.820+0000] {dag.py:3823} INFO - Setting next_dagrun for example_external_task_marker_parent to None, run_after=None
[2025-07-16T23:48:47.857+0000] {processor.py:183} INFO - Processing /home/airflow/.local/lib/python3.8/site-packages/airflow/example_dags/example_external_task_marker_dag.py took 0.137 seconds
[2025-07-16T23:49:18.096+0000] {processor.py:161} INFO - Started process (PID=2024) to work on /home/airflow/.local/lib/python3.8/site-packages/airflow/example_dags/example_external_task_marker_dag.py
[2025-07-16T23:49:18.098+0000] {processor.py:830} INFO - Processing file /home/airflow/.local/lib/python3.8/site-packages/airflow/example_dags/example_external_task_marker_dag.py for tasks to queue
[2025-07-16T23:49:18.101+0000] {logging_mixin.py:188} INFO - [2025-07-16T23:49:18.100+0000] {dagbag.py:538} INFO - Filling up the DagBag from /home/airflow/.local/lib/python3.8/site-packages/airflow/example_dags/example_external_task_marker_dag.py
[2025-07-16T23:49:18.109+0000] {processor.py:840} INFO - DAG(s) 'example_external_task_marker_parent', 'example_external_task_marker_child' retrieved from /home/airflow/.local/lib/python3.8/site-packages/airflow/example_dags/example_external_task_marker_dag.py
[2025-07-16T23:49:18.146+0000] {logging_mixin.py:188} INFO - [2025-07-16T23:49:18.145+0000] {dag.py:3036} INFO - Sync 2 DAGs
[2025-07-16T23:49:18.163+0000] {logging_mixin.py:188} INFO - [2025-07-16T23:49:18.162+0000] {dag.py:3823} INFO - Setting next_dagrun for example_external_task_marker_child to None, run_after=None
[2025-07-16T23:49:18.168+0000] {logging_mixin.py:188} INFO - [2025-07-16T23:49:18.168+0000] {dag.py:3823} INFO - Setting next_dagrun for example_external_task_marker_parent to None, run_after=None
[2025-07-16T23:49:18.195+0000] {processor.py:183} INFO - Processing /home/airflow/.local/lib/python3.8/site-packages/airflow/example_dags/example_external_task_marker_dag.py took 0.103 seconds
[2025-07-16T23:49:48.421+0000] {processor.py:161} INFO - Started process (PID=2089) to work on /home/airflow/.local/lib/python3.8/site-packages/airflow/example_dags/example_external_task_marker_dag.py
[2025-07-16T23:49:48.423+0000] {processor.py:830} INFO - Processing file /home/airflow/.local/lib/python3.8/site-packages/airflow/example_dags/example_external_task_marker_dag.py for tasks to queue
[2025-07-16T23:49:48.425+0000] {logging_mixin.py:188} INFO - [2025-07-16T23:49:48.425+0000] {dagbag.py:538} INFO - Filling up the DagBag from /home/airflow/.local/lib/python3.8/site-packages/airflow/example_dags/example_external_task_marker_dag.py
[2025-07-16T23:49:48.433+0000] {processor.py:840} INFO - DAG(s) 'example_external_task_marker_child', 'example_external_task_marker_parent' retrieved from /home/airflow/.local/lib/python3.8/site-packages/airflow/example_dags/example_external_task_marker_dag.py
[2025-07-16T23:49:48.467+0000] {logging_mixin.py:188} INFO - [2025-07-16T23:49:48.467+0000] {dag.py:3036} INFO - Sync 2 DAGs
[2025-07-16T23:49:48.487+0000] {logging_mixin.py:188} INFO - [2025-07-16T23:49:48.486+0000] {dag.py:3823} INFO - Setting next_dagrun for example_external_task_marker_child to None, run_after=None
[2025-07-16T23:49:48.494+0000] {logging_mixin.py:188} INFO - [2025-07-16T23:49:48.493+0000] {dag.py:3823} INFO - Setting next_dagrun for example_external_task_marker_parent to None, run_after=None
[2025-07-16T23:49:48.525+0000] {processor.py:183} INFO - Processing /home/airflow/.local/lib/python3.8/site-packages/airflow/example_dags/example_external_task_marker_dag.py took 0.110 seconds
[2025-07-16T23:50:18.855+0000] {processor.py:161} INFO - Started process (PID=2153) to work on /home/airflow/.local/lib/python3.8/site-packages/airflow/example_dags/example_external_task_marker_dag.py
[2025-07-16T23:50:18.857+0000] {processor.py:830} INFO - Processing file /home/airflow/.local/lib/python3.8/site-packages/airflow/example_dags/example_external_task_marker_dag.py for tasks to queue
[2025-07-16T23:50:18.860+0000] {logging_mixin.py:188} INFO - [2025-07-16T23:50:18.859+0000] {dagbag.py:538} INFO - Filling up the DagBag from /home/airflow/.local/lib/python3.8/site-packages/airflow/example_dags/example_external_task_marker_dag.py
[2025-07-16T23:50:18.869+0000] {processor.py:840} INFO - DAG(s) 'example_external_task_marker_child', 'example_external_task_marker_parent' retrieved from /home/airflow/.local/lib/python3.8/site-packages/airflow/example_dags/example_external_task_marker_dag.py
[2025-07-16T23:50:18.905+0000] {logging_mixin.py:188} INFO - [2025-07-16T23:50:18.905+0000] {dag.py:3036} INFO - Sync 2 DAGs
[2025-07-16T23:50:18.923+0000] {logging_mixin.py:188} INFO - [2025-07-16T23:50:18.923+0000] {dag.py:3823} INFO - Setting next_dagrun for example_external_task_marker_child to None, run_after=None
[2025-07-16T23:50:18.929+0000] {logging_mixin.py:188} INFO - [2025-07-16T23:50:18.929+0000] {dag.py:3823} INFO - Setting next_dagrun for example_external_task_marker_parent to None, run_after=None
[2025-07-16T23:50:18.959+0000] {processor.py:183} INFO - Processing /home/airflow/.local/lib/python3.8/site-packages/airflow/example_dags/example_external_task_marker_dag.py took 0.109 seconds
[2025-07-16T23:50:49.082+0000] {processor.py:161} INFO - Started process (PID=2214) to work on /home/airflow/.local/lib/python3.8/site-packages/airflow/example_dags/example_external_task_marker_dag.py
[2025-07-16T23:50:49.083+0000] {processor.py:830} INFO - Processing file /home/airflow/.local/lib/python3.8/site-packages/airflow/example_dags/example_external_task_marker_dag.py for tasks to queue
[2025-07-16T23:50:49.085+0000] {logging_mixin.py:188} INFO - [2025-07-16T23:50:49.085+0000] {dagbag.py:538} INFO - Filling up the DagBag from /home/airflow/.local/lib/python3.8/site-packages/airflow/example_dags/example_external_task_marker_dag.py
[2025-07-16T23:50:49.094+0000] {processor.py:840} INFO - DAG(s) 'example_external_task_marker_parent', 'example_external_task_marker_child' retrieved from /home/airflow/.local/lib/python3.8/site-packages/airflow/example_dags/example_external_task_marker_dag.py
[2025-07-16T23:50:49.150+0000] {logging_mixin.py:188} INFO - [2025-07-16T23:50:49.149+0000] {dag.py:3036} INFO - Sync 2 DAGs
[2025-07-16T23:50:49.181+0000] {logging_mixin.py:188} INFO - [2025-07-16T23:50:49.181+0000] {dag.py:3823} INFO - Setting next_dagrun for example_external_task_marker_child to None, run_after=None
[2025-07-16T23:50:49.243+0000] {logging_mixin.py:188} INFO - [2025-07-16T23:50:49.222+0000] {dag.py:3823} INFO - Setting next_dagrun for example_external_task_marker_parent to None, run_after=None
[2025-07-16T23:50:49.327+0000] {processor.py:183} INFO - Processing /home/airflow/.local/lib/python3.8/site-packages/airflow/example_dags/example_external_task_marker_dag.py took 0.250 seconds
[2025-07-16T23:51:19.645+0000] {processor.py:161} INFO - Started process (PID=2280) to work on /home/airflow/.local/lib/python3.8/site-packages/airflow/example_dags/example_external_task_marker_dag.py
[2025-07-16T23:51:19.646+0000] {processor.py:830} INFO - Processing file /home/airflow/.local/lib/python3.8/site-packages/airflow/example_dags/example_external_task_marker_dag.py for tasks to queue
[2025-07-16T23:51:19.649+0000] {logging_mixin.py:188} INFO - [2025-07-16T23:51:19.649+0000] {dagbag.py:538} INFO - Filling up the DagBag from /home/airflow/.local/lib/python3.8/site-packages/airflow/example_dags/example_external_task_marker_dag.py
[2025-07-16T23:51:19.657+0000] {processor.py:840} INFO - DAG(s) 'example_external_task_marker_parent', 'example_external_task_marker_child' retrieved from /home/airflow/.local/lib/python3.8/site-packages/airflow/example_dags/example_external_task_marker_dag.py
[2025-07-16T23:51:19.688+0000] {logging_mixin.py:188} INFO - [2025-07-16T23:51:19.687+0000] {dag.py:3036} INFO - Sync 2 DAGs
[2025-07-16T23:51:19.703+0000] {logging_mixin.py:188} INFO - [2025-07-16T23:51:19.703+0000] {dag.py:3823} INFO - Setting next_dagrun for example_external_task_marker_child to None, run_after=None
[2025-07-16T23:51:19.709+0000] {logging_mixin.py:188} INFO - [2025-07-16T23:51:19.709+0000] {dag.py:3823} INFO - Setting next_dagrun for example_external_task_marker_parent to None, run_after=None
[2025-07-16T23:51:19.734+0000] {processor.py:183} INFO - Processing /home/airflow/.local/lib/python3.8/site-packages/airflow/example_dags/example_external_task_marker_dag.py took 0.093 seconds
[2025-07-16T23:51:50.051+0000] {processor.py:161} INFO - Started process (PID=2344) to work on /home/airflow/.local/lib/python3.8/site-packages/airflow/example_dags/example_external_task_marker_dag.py
[2025-07-16T23:51:50.052+0000] {processor.py:830} INFO - Processing file /home/airflow/.local/lib/python3.8/site-packages/airflow/example_dags/example_external_task_marker_dag.py for tasks to queue
[2025-07-16T23:51:50.057+0000] {logging_mixin.py:188} INFO - [2025-07-16T23:51:50.057+0000] {dagbag.py:538} INFO - Filling up the DagBag from /home/airflow/.local/lib/python3.8/site-packages/airflow/example_dags/example_external_task_marker_dag.py
[2025-07-16T23:51:50.072+0000] {processor.py:840} INFO - DAG(s) 'example_external_task_marker_child', 'example_external_task_marker_parent' retrieved from /home/airflow/.local/lib/python3.8/site-packages/airflow/example_dags/example_external_task_marker_dag.py
[2025-07-16T23:51:50.117+0000] {logging_mixin.py:188} INFO - [2025-07-16T23:51:50.116+0000] {dag.py:3036} INFO - Sync 2 DAGs
[2025-07-16T23:51:50.144+0000] {logging_mixin.py:188} INFO - [2025-07-16T23:51:50.143+0000] {dag.py:3823} INFO - Setting next_dagrun for example_external_task_marker_child to None, run_after=None
[2025-07-16T23:51:50.151+0000] {logging_mixin.py:188} INFO - [2025-07-16T23:51:50.151+0000] {dag.py:3823} INFO - Setting next_dagrun for example_external_task_marker_parent to None, run_after=None
[2025-07-16T23:51:50.188+0000] {processor.py:183} INFO - Processing /home/airflow/.local/lib/python3.8/site-packages/airflow/example_dags/example_external_task_marker_dag.py took 0.143 seconds
[2025-07-16T23:52:20.449+0000] {processor.py:161} INFO - Started process (PID=2409) to work on /home/airflow/.local/lib/python3.8/site-packages/airflow/example_dags/example_external_task_marker_dag.py
[2025-07-16T23:52:20.450+0000] {processor.py:830} INFO - Processing file /home/airflow/.local/lib/python3.8/site-packages/airflow/example_dags/example_external_task_marker_dag.py for tasks to queue
[2025-07-16T23:52:20.454+0000] {logging_mixin.py:188} INFO - [2025-07-16T23:52:20.454+0000] {dagbag.py:538} INFO - Filling up the DagBag from /home/airflow/.local/lib/python3.8/site-packages/airflow/example_dags/example_external_task_marker_dag.py
[2025-07-16T23:52:20.465+0000] {processor.py:840} INFO - DAG(s) 'example_external_task_marker_parent', 'example_external_task_marker_child' retrieved from /home/airflow/.local/lib/python3.8/site-packages/airflow/example_dags/example_external_task_marker_dag.py
[2025-07-16T23:52:20.506+0000] {logging_mixin.py:188} INFO - [2025-07-16T23:52:20.506+0000] {dag.py:3036} INFO - Sync 2 DAGs
[2025-07-16T23:52:20.723+0000] {logging_mixin.py:188} INFO - [2025-07-16T23:52:20.722+0000] {dag.py:3823} INFO - Setting next_dagrun for example_external_task_marker_child to None, run_after=None
[2025-07-16T23:52:20.730+0000] {logging_mixin.py:188} INFO - [2025-07-16T23:52:20.729+0000] {dag.py:3823} INFO - Setting next_dagrun for example_external_task_marker_parent to None, run_after=None
[2025-07-16T23:52:20.769+0000] {processor.py:183} INFO - Processing /home/airflow/.local/lib/python3.8/site-packages/airflow/example_dags/example_external_task_marker_dag.py took 0.327 seconds
[2025-07-16T23:52:51.671+0000] {processor.py:161} INFO - Started process (PID=2475) to work on /home/airflow/.local/lib/python3.8/site-packages/airflow/example_dags/example_external_task_marker_dag.py
[2025-07-16T23:52:51.673+0000] {processor.py:830} INFO - Processing file /home/airflow/.local/lib/python3.8/site-packages/airflow/example_dags/example_external_task_marker_dag.py for tasks to queue
[2025-07-16T23:52:51.677+0000] {logging_mixin.py:188} INFO - [2025-07-16T23:52:51.676+0000] {dagbag.py:538} INFO - Filling up the DagBag from /home/airflow/.local/lib/python3.8/site-packages/airflow/example_dags/example_external_task_marker_dag.py
[2025-07-16T23:52:51.688+0000] {processor.py:840} INFO - DAG(s) 'example_external_task_marker_parent', 'example_external_task_marker_child' retrieved from /home/airflow/.local/lib/python3.8/site-packages/airflow/example_dags/example_external_task_marker_dag.py
[2025-07-16T23:52:51.728+0000] {logging_mixin.py:188} INFO - [2025-07-16T23:52:51.727+0000] {dag.py:3036} INFO - Sync 2 DAGs
[2025-07-16T23:52:51.750+0000] {logging_mixin.py:188} INFO - [2025-07-16T23:52:51.750+0000] {dag.py:3823} INFO - Setting next_dagrun for example_external_task_marker_child to None, run_after=None
[2025-07-16T23:52:51.935+0000] {logging_mixin.py:188} INFO - [2025-07-16T23:52:51.934+0000] {dag.py:3823} INFO - Setting next_dagrun for example_external_task_marker_parent to None, run_after=None
[2025-07-16T23:52:51.974+0000] {processor.py:183} INFO - Processing /home/airflow/.local/lib/python3.8/site-packages/airflow/example_dags/example_external_task_marker_dag.py took 0.309 seconds
[2025-07-16T23:53:22.145+0000] {processor.py:161} INFO - Started process (PID=2541) to work on /home/airflow/.local/lib/python3.8/site-packages/airflow/example_dags/example_external_task_marker_dag.py
[2025-07-16T23:53:22.147+0000] {processor.py:830} INFO - Processing file /home/airflow/.local/lib/python3.8/site-packages/airflow/example_dags/example_external_task_marker_dag.py for tasks to queue
[2025-07-16T23:53:22.150+0000] {logging_mixin.py:188} INFO - [2025-07-16T23:53:22.150+0000] {dagbag.py:538} INFO - Filling up the DagBag from /home/airflow/.local/lib/python3.8/site-packages/airflow/example_dags/example_external_task_marker_dag.py
[2025-07-16T23:53:22.161+0000] {processor.py:840} INFO - DAG(s) 'example_external_task_marker_parent', 'example_external_task_marker_child' retrieved from /home/airflow/.local/lib/python3.8/site-packages/airflow/example_dags/example_external_task_marker_dag.py
[2025-07-16T23:53:22.215+0000] {logging_mixin.py:188} INFO - [2025-07-16T23:53:22.215+0000] {dag.py:3036} INFO - Sync 2 DAGs
[2025-07-16T23:53:22.239+0000] {logging_mixin.py:188} INFO - [2025-07-16T23:53:22.238+0000] {dag.py:3823} INFO - Setting next_dagrun for example_external_task_marker_child to None, run_after=None
[2025-07-16T23:53:22.246+0000] {logging_mixin.py:188} INFO - [2025-07-16T23:53:22.246+0000] {dag.py:3823} INFO - Setting next_dagrun for example_external_task_marker_parent to None, run_after=None
[2025-07-16T23:53:22.277+0000] {processor.py:183} INFO - Processing /home/airflow/.local/lib/python3.8/site-packages/airflow/example_dags/example_external_task_marker_dag.py took 0.138 seconds
[2025-07-16T23:53:52.865+0000] {processor.py:161} INFO - Started process (PID=2607) to work on /home/airflow/.local/lib/python3.8/site-packages/airflow/example_dags/example_external_task_marker_dag.py
[2025-07-16T23:53:52.867+0000] {processor.py:830} INFO - Processing file /home/airflow/.local/lib/python3.8/site-packages/airflow/example_dags/example_external_task_marker_dag.py for tasks to queue
[2025-07-16T23:53:52.870+0000] {logging_mixin.py:188} INFO - [2025-07-16T23:53:52.870+0000] {dagbag.py:538} INFO - Filling up the DagBag from /home/airflow/.local/lib/python3.8/site-packages/airflow/example_dags/example_external_task_marker_dag.py
[2025-07-16T23:53:52.878+0000] {processor.py:840} INFO - DAG(s) 'example_external_task_marker_child', 'example_external_task_marker_parent' retrieved from /home/airflow/.local/lib/python3.8/site-packages/airflow/example_dags/example_external_task_marker_dag.py
[2025-07-16T23:53:52.921+0000] {logging_mixin.py:188} INFO - [2025-07-16T23:53:52.921+0000] {dag.py:3036} INFO - Sync 2 DAGs
[2025-07-16T23:53:52.949+0000] {logging_mixin.py:188} INFO - [2025-07-16T23:53:52.949+0000] {dag.py:3823} INFO - Setting next_dagrun for example_external_task_marker_child to None, run_after=None
[2025-07-16T23:53:52.956+0000] {logging_mixin.py:188} INFO - [2025-07-16T23:53:52.956+0000] {dag.py:3823} INFO - Setting next_dagrun for example_external_task_marker_parent to None, run_after=None
[2025-07-16T23:53:52.990+0000] {processor.py:183} INFO - Processing /home/airflow/.local/lib/python3.8/site-packages/airflow/example_dags/example_external_task_marker_dag.py took 0.135 seconds
[2025-07-16T23:54:23.023+0000] {processor.py:161} INFO - Started process (PID=2667) to work on /home/airflow/.local/lib/python3.8/site-packages/airflow/example_dags/example_external_task_marker_dag.py
[2025-07-16T23:54:23.026+0000] {processor.py:830} INFO - Processing file /home/airflow/.local/lib/python3.8/site-packages/airflow/example_dags/example_external_task_marker_dag.py for tasks to queue
[2025-07-16T23:54:23.029+0000] {logging_mixin.py:188} INFO - [2025-07-16T23:54:23.029+0000] {dagbag.py:538} INFO - Filling up the DagBag from /home/airflow/.local/lib/python3.8/site-packages/airflow/example_dags/example_external_task_marker_dag.py
[2025-07-16T23:54:23.040+0000] {processor.py:840} INFO - DAG(s) 'example_external_task_marker_parent', 'example_external_task_marker_child' retrieved from /home/airflow/.local/lib/python3.8/site-packages/airflow/example_dags/example_external_task_marker_dag.py
[2025-07-16T23:54:23.078+0000] {logging_mixin.py:188} INFO - [2025-07-16T23:54:23.077+0000] {dag.py:3036} INFO - Sync 2 DAGs
[2025-07-16T23:54:23.100+0000] {logging_mixin.py:188} INFO - [2025-07-16T23:54:23.100+0000] {dag.py:3823} INFO - Setting next_dagrun for example_external_task_marker_child to None, run_after=None
[2025-07-16T23:54:23.107+0000] {logging_mixin.py:188} INFO - [2025-07-16T23:54:23.107+0000] {dag.py:3823} INFO - Setting next_dagrun for example_external_task_marker_parent to None, run_after=None
[2025-07-16T23:54:23.133+0000] {processor.py:183} INFO - Processing /home/airflow/.local/lib/python3.8/site-packages/airflow/example_dags/example_external_task_marker_dag.py took 0.117 seconds
[2025-07-16T23:54:53.974+0000] {processor.py:161} INFO - Started process (PID=2733) to work on /home/airflow/.local/lib/python3.8/site-packages/airflow/example_dags/example_external_task_marker_dag.py
[2025-07-16T23:54:53.977+0000] {processor.py:830} INFO - Processing file /home/airflow/.local/lib/python3.8/site-packages/airflow/example_dags/example_external_task_marker_dag.py for tasks to queue
[2025-07-16T23:54:53.980+0000] {logging_mixin.py:188} INFO - [2025-07-16T23:54:53.980+0000] {dagbag.py:538} INFO - Filling up the DagBag from /home/airflow/.local/lib/python3.8/site-packages/airflow/example_dags/example_external_task_marker_dag.py
[2025-07-16T23:54:53.990+0000] {processor.py:840} INFO - DAG(s) 'example_external_task_marker_parent', 'example_external_task_marker_child' retrieved from /home/airflow/.local/lib/python3.8/site-packages/airflow/example_dags/example_external_task_marker_dag.py
[2025-07-16T23:54:54.024+0000] {logging_mixin.py:188} INFO - [2025-07-16T23:54:54.024+0000] {dag.py:3036} INFO - Sync 2 DAGs
[2025-07-16T23:54:54.048+0000] {logging_mixin.py:188} INFO - [2025-07-16T23:54:54.047+0000] {dag.py:3823} INFO - Setting next_dagrun for example_external_task_marker_child to None, run_after=None
[2025-07-16T23:54:54.053+0000] {logging_mixin.py:188} INFO - [2025-07-16T23:54:54.053+0000] {dag.py:3823} INFO - Setting next_dagrun for example_external_task_marker_parent to None, run_after=None
[2025-07-16T23:54:54.081+0000] {processor.py:183} INFO - Processing /home/airflow/.local/lib/python3.8/site-packages/airflow/example_dags/example_external_task_marker_dag.py took 0.112 seconds
[2025-07-16T23:55:24.359+0000] {processor.py:161} INFO - Started process (PID=2799) to work on /home/airflow/.local/lib/python3.8/site-packages/airflow/example_dags/example_external_task_marker_dag.py
[2025-07-16T23:55:24.360+0000] {processor.py:830} INFO - Processing file /home/airflow/.local/lib/python3.8/site-packages/airflow/example_dags/example_external_task_marker_dag.py for tasks to queue
[2025-07-16T23:55:24.362+0000] {logging_mixin.py:188} INFO - [2025-07-16T23:55:24.362+0000] {dagbag.py:538} INFO - Filling up the DagBag from /home/airflow/.local/lib/python3.8/site-packages/airflow/example_dags/example_external_task_marker_dag.py
[2025-07-16T23:55:24.370+0000] {processor.py:840} INFO - DAG(s) 'example_external_task_marker_parent', 'example_external_task_marker_child' retrieved from /home/airflow/.local/lib/python3.8/site-packages/airflow/example_dags/example_external_task_marker_dag.py
[2025-07-16T23:55:24.403+0000] {logging_mixin.py:188} INFO - [2025-07-16T23:55:24.403+0000] {dag.py:3036} INFO - Sync 2 DAGs
[2025-07-16T23:55:24.420+0000] {logging_mixin.py:188} INFO - [2025-07-16T23:55:24.420+0000] {dag.py:3823} INFO - Setting next_dagrun for example_external_task_marker_child to None, run_after=None
[2025-07-16T23:55:24.426+0000] {logging_mixin.py:188} INFO - [2025-07-16T23:55:24.425+0000] {dag.py:3823} INFO - Setting next_dagrun for example_external_task_marker_parent to None, run_after=None
[2025-07-16T23:55:24.453+0000] {processor.py:183} INFO - Processing /home/airflow/.local/lib/python3.8/site-packages/airflow/example_dags/example_external_task_marker_dag.py took 0.099 seconds
[2025-07-16T23:55:54.647+0000] {processor.py:161} INFO - Started process (PID=2865) to work on /home/airflow/.local/lib/python3.8/site-packages/airflow/example_dags/example_external_task_marker_dag.py
[2025-07-16T23:55:54.649+0000] {processor.py:830} INFO - Processing file /home/airflow/.local/lib/python3.8/site-packages/airflow/example_dags/example_external_task_marker_dag.py for tasks to queue
[2025-07-16T23:55:54.651+0000] {logging_mixin.py:188} INFO - [2025-07-16T23:55:54.651+0000] {dagbag.py:538} INFO - Filling up the DagBag from /home/airflow/.local/lib/python3.8/site-packages/airflow/example_dags/example_external_task_marker_dag.py
[2025-07-16T23:55:54.660+0000] {processor.py:840} INFO - DAG(s) 'example_external_task_marker_child', 'example_external_task_marker_parent' retrieved from /home/airflow/.local/lib/python3.8/site-packages/airflow/example_dags/example_external_task_marker_dag.py
[2025-07-16T23:55:54.703+0000] {logging_mixin.py:188} INFO - [2025-07-16T23:55:54.702+0000] {dag.py:3036} INFO - Sync 2 DAGs
[2025-07-16T23:55:54.725+0000] {logging_mixin.py:188} INFO - [2025-07-16T23:55:54.724+0000] {dag.py:3823} INFO - Setting next_dagrun for example_external_task_marker_child to None, run_after=None
[2025-07-16T23:55:54.732+0000] {logging_mixin.py:188} INFO - [2025-07-16T23:55:54.731+0000] {dag.py:3823} INFO - Setting next_dagrun for example_external_task_marker_parent to None, run_after=None
[2025-07-16T23:55:54.767+0000] {processor.py:183} INFO - Processing /home/airflow/.local/lib/python3.8/site-packages/airflow/example_dags/example_external_task_marker_dag.py took 0.124 seconds
[2025-07-16T23:56:25.014+0000] {processor.py:161} INFO - Started process (PID=2930) to work on /home/airflow/.local/lib/python3.8/site-packages/airflow/example_dags/example_external_task_marker_dag.py
[2025-07-16T23:56:25.015+0000] {processor.py:830} INFO - Processing file /home/airflow/.local/lib/python3.8/site-packages/airflow/example_dags/example_external_task_marker_dag.py for tasks to queue
[2025-07-16T23:56:25.018+0000] {logging_mixin.py:188} INFO - [2025-07-16T23:56:25.017+0000] {dagbag.py:538} INFO - Filling up the DagBag from /home/airflow/.local/lib/python3.8/site-packages/airflow/example_dags/example_external_task_marker_dag.py
[2025-07-16T23:56:25.026+0000] {processor.py:840} INFO - DAG(s) 'example_external_task_marker_parent', 'example_external_task_marker_child' retrieved from /home/airflow/.local/lib/python3.8/site-packages/airflow/example_dags/example_external_task_marker_dag.py
[2025-07-16T23:56:25.059+0000] {logging_mixin.py:188} INFO - [2025-07-16T23:56:25.058+0000] {dag.py:3036} INFO - Sync 2 DAGs
[2025-07-16T23:56:25.076+0000] {logging_mixin.py:188} INFO - [2025-07-16T23:56:25.076+0000] {dag.py:3823} INFO - Setting next_dagrun for example_external_task_marker_child to None, run_after=None
[2025-07-16T23:56:25.082+0000] {logging_mixin.py:188} INFO - [2025-07-16T23:56:25.082+0000] {dag.py:3823} INFO - Setting next_dagrun for example_external_task_marker_parent to None, run_after=None
[2025-07-16T23:56:25.110+0000] {processor.py:183} INFO - Processing /home/airflow/.local/lib/python3.8/site-packages/airflow/example_dags/example_external_task_marker_dag.py took 0.102 seconds
[2025-07-16T23:56:55.353+0000] {processor.py:161} INFO - Started process (PID=2995) to work on /home/airflow/.local/lib/python3.8/site-packages/airflow/example_dags/example_external_task_marker_dag.py
[2025-07-16T23:56:55.358+0000] {processor.py:830} INFO - Processing file /home/airflow/.local/lib/python3.8/site-packages/airflow/example_dags/example_external_task_marker_dag.py for tasks to queue
[2025-07-16T23:56:55.364+0000] {logging_mixin.py:188} INFO - [2025-07-16T23:56:55.363+0000] {dagbag.py:538} INFO - Filling up the DagBag from /home/airflow/.local/lib/python3.8/site-packages/airflow/example_dags/example_external_task_marker_dag.py
[2025-07-16T23:56:55.392+0000] {processor.py:840} INFO - DAG(s) 'example_external_task_marker_child', 'example_external_task_marker_parent' retrieved from /home/airflow/.local/lib/python3.8/site-packages/airflow/example_dags/example_external_task_marker_dag.py
[2025-07-16T23:56:55.569+0000] {logging_mixin.py:188} INFO - [2025-07-16T23:56:55.568+0000] {dag.py:3036} INFO - Sync 2 DAGs
[2025-07-16T23:56:55.655+0000] {logging_mixin.py:188} INFO - [2025-07-16T23:56:55.654+0000] {dag.py:3823} INFO - Setting next_dagrun for example_external_task_marker_child to None, run_after=None
[2025-07-16T23:56:55.663+0000] {logging_mixin.py:188} INFO - [2025-07-16T23:56:55.663+0000] {dag.py:3823} INFO - Setting next_dagrun for example_external_task_marker_parent to None, run_after=None
[2025-07-16T23:56:55.736+0000] {processor.py:183} INFO - Processing /home/airflow/.local/lib/python3.8/site-packages/airflow/example_dags/example_external_task_marker_dag.py took 0.390 seconds
[2025-07-16T23:57:26.385+0000] {processor.py:161} INFO - Started process (PID=3056) to work on /home/airflow/.local/lib/python3.8/site-packages/airflow/example_dags/example_external_task_marker_dag.py
[2025-07-16T23:57:26.387+0000] {processor.py:830} INFO - Processing file /home/airflow/.local/lib/python3.8/site-packages/airflow/example_dags/example_external_task_marker_dag.py for tasks to queue
[2025-07-16T23:57:26.392+0000] {logging_mixin.py:188} INFO - [2025-07-16T23:57:26.391+0000] {dagbag.py:538} INFO - Filling up the DagBag from /home/airflow/.local/lib/python3.8/site-packages/airflow/example_dags/example_external_task_marker_dag.py
[2025-07-16T23:57:26.406+0000] {processor.py:840} INFO - DAG(s) 'example_external_task_marker_parent', 'example_external_task_marker_child' retrieved from /home/airflow/.local/lib/python3.8/site-packages/airflow/example_dags/example_external_task_marker_dag.py
[2025-07-16T23:57:26.459+0000] {logging_mixin.py:188} INFO - [2025-07-16T23:57:26.458+0000] {dag.py:3036} INFO - Sync 2 DAGs
[2025-07-16T23:57:26.490+0000] {logging_mixin.py:188} INFO - [2025-07-16T23:57:26.489+0000] {dag.py:3823} INFO - Setting next_dagrun for example_external_task_marker_child to None, run_after=None
[2025-07-16T23:57:26.500+0000] {logging_mixin.py:188} INFO - [2025-07-16T23:57:26.499+0000] {dag.py:3823} INFO - Setting next_dagrun for example_external_task_marker_parent to None, run_after=None
[2025-07-16T23:57:26.547+0000] {processor.py:183} INFO - Processing /home/airflow/.local/lib/python3.8/site-packages/airflow/example_dags/example_external_task_marker_dag.py took 0.168 seconds
[2025-07-16T23:57:56.679+0000] {processor.py:161} INFO - Started process (PID=3123) to work on /home/airflow/.local/lib/python3.8/site-packages/airflow/example_dags/example_external_task_marker_dag.py
[2025-07-16T23:57:56.681+0000] {processor.py:830} INFO - Processing file /home/airflow/.local/lib/python3.8/site-packages/airflow/example_dags/example_external_task_marker_dag.py for tasks to queue
[2025-07-16T23:57:56.685+0000] {logging_mixin.py:188} INFO - [2025-07-16T23:57:56.684+0000] {dagbag.py:538} INFO - Filling up the DagBag from /home/airflow/.local/lib/python3.8/site-packages/airflow/example_dags/example_external_task_marker_dag.py
[2025-07-16T23:57:56.697+0000] {processor.py:840} INFO - DAG(s) 'example_external_task_marker_child', 'example_external_task_marker_parent' retrieved from /home/airflow/.local/lib/python3.8/site-packages/airflow/example_dags/example_external_task_marker_dag.py
[2025-07-16T23:57:56.764+0000] {logging_mixin.py:188} INFO - [2025-07-16T23:57:56.764+0000] {dag.py:3036} INFO - Sync 2 DAGs
[2025-07-16T23:57:56.787+0000] {logging_mixin.py:188} INFO - [2025-07-16T23:57:56.787+0000] {dag.py:3823} INFO - Setting next_dagrun for example_external_task_marker_child to None, run_after=None
[2025-07-16T23:57:56.796+0000] {logging_mixin.py:188} INFO - [2025-07-16T23:57:56.795+0000] {dag.py:3823} INFO - Setting next_dagrun for example_external_task_marker_parent to None, run_after=None
[2025-07-16T23:57:56.824+0000] {processor.py:183} INFO - Processing /home/airflow/.local/lib/python3.8/site-packages/airflow/example_dags/example_external_task_marker_dag.py took 0.152 seconds
[2025-07-16T23:58:27.074+0000] {processor.py:161} INFO - Started process (PID=3189) to work on /home/airflow/.local/lib/python3.8/site-packages/airflow/example_dags/example_external_task_marker_dag.py
[2025-07-16T23:58:27.076+0000] {processor.py:830} INFO - Processing file /home/airflow/.local/lib/python3.8/site-packages/airflow/example_dags/example_external_task_marker_dag.py for tasks to queue
[2025-07-16T23:58:27.079+0000] {logging_mixin.py:188} INFO - [2025-07-16T23:58:27.079+0000] {dagbag.py:538} INFO - Filling up the DagBag from /home/airflow/.local/lib/python3.8/site-packages/airflow/example_dags/example_external_task_marker_dag.py
[2025-07-16T23:58:27.091+0000] {processor.py:840} INFO - DAG(s) 'example_external_task_marker_parent', 'example_external_task_marker_child' retrieved from /home/airflow/.local/lib/python3.8/site-packages/airflow/example_dags/example_external_task_marker_dag.py
[2025-07-16T23:58:27.135+0000] {logging_mixin.py:188} INFO - [2025-07-16T23:58:27.135+0000] {dag.py:3036} INFO - Sync 2 DAGs
[2025-07-16T23:58:27.160+0000] {logging_mixin.py:188} INFO - [2025-07-16T23:58:27.160+0000] {dag.py:3823} INFO - Setting next_dagrun for example_external_task_marker_child to None, run_after=None
[2025-07-16T23:58:27.170+0000] {logging_mixin.py:188} INFO - [2025-07-16T23:58:27.169+0000] {dag.py:3823} INFO - Setting next_dagrun for example_external_task_marker_parent to None, run_after=None
[2025-07-16T23:58:27.204+0000] {processor.py:183} INFO - Processing /home/airflow/.local/lib/python3.8/site-packages/airflow/example_dags/example_external_task_marker_dag.py took 0.135 seconds
[2025-07-16T23:58:57.646+0000] {processor.py:161} INFO - Started process (PID=3254) to work on /home/airflow/.local/lib/python3.8/site-packages/airflow/example_dags/example_external_task_marker_dag.py
[2025-07-16T23:58:57.647+0000] {processor.py:830} INFO - Processing file /home/airflow/.local/lib/python3.8/site-packages/airflow/example_dags/example_external_task_marker_dag.py for tasks to queue
[2025-07-16T23:58:57.650+0000] {logging_mixin.py:188} INFO - [2025-07-16T23:58:57.650+0000] {dagbag.py:538} INFO - Filling up the DagBag from /home/airflow/.local/lib/python3.8/site-packages/airflow/example_dags/example_external_task_marker_dag.py
[2025-07-16T23:58:57.659+0000] {processor.py:840} INFO - DAG(s) 'example_external_task_marker_parent', 'example_external_task_marker_child' retrieved from /home/airflow/.local/lib/python3.8/site-packages/airflow/example_dags/example_external_task_marker_dag.py
[2025-07-16T23:58:57.696+0000] {logging_mixin.py:188} INFO - [2025-07-16T23:58:57.696+0000] {dag.py:3036} INFO - Sync 2 DAGs
[2025-07-16T23:58:57.713+0000] {logging_mixin.py:188} INFO - [2025-07-16T23:58:57.713+0000] {dag.py:3823} INFO - Setting next_dagrun for example_external_task_marker_child to None, run_after=None
[2025-07-16T23:58:57.719+0000] {logging_mixin.py:188} INFO - [2025-07-16T23:58:57.719+0000] {dag.py:3823} INFO - Setting next_dagrun for example_external_task_marker_parent to None, run_after=None
[2025-07-16T23:58:57.748+0000] {processor.py:183} INFO - Processing /home/airflow/.local/lib/python3.8/site-packages/airflow/example_dags/example_external_task_marker_dag.py took 0.107 seconds
[2025-07-16T23:59:27.805+0000] {processor.py:161} INFO - Started process (PID=3320) to work on /home/airflow/.local/lib/python3.8/site-packages/airflow/example_dags/example_external_task_marker_dag.py
[2025-07-16T23:59:27.807+0000] {processor.py:830} INFO - Processing file /home/airflow/.local/lib/python3.8/site-packages/airflow/example_dags/example_external_task_marker_dag.py for tasks to queue
[2025-07-16T23:59:27.810+0000] {logging_mixin.py:188} INFO - [2025-07-16T23:59:27.810+0000] {dagbag.py:538} INFO - Filling up the DagBag from /home/airflow/.local/lib/python3.8/site-packages/airflow/example_dags/example_external_task_marker_dag.py
[2025-07-16T23:59:27.821+0000] {processor.py:840} INFO - DAG(s) 'example_external_task_marker_parent', 'example_external_task_marker_child' retrieved from /home/airflow/.local/lib/python3.8/site-packages/airflow/example_dags/example_external_task_marker_dag.py
[2025-07-16T23:59:27.861+0000] {logging_mixin.py:188} INFO - [2025-07-16T23:59:27.861+0000] {dag.py:3036} INFO - Sync 2 DAGs
[2025-07-16T23:59:27.879+0000] {logging_mixin.py:188} INFO - [2025-07-16T23:59:27.878+0000] {dag.py:3823} INFO - Setting next_dagrun for example_external_task_marker_child to None, run_after=None
[2025-07-16T23:59:27.883+0000] {logging_mixin.py:188} INFO - [2025-07-16T23:59:27.883+0000] {dag.py:3823} INFO - Setting next_dagrun for example_external_task_marker_parent to None, run_after=None
[2025-07-16T23:59:27.908+0000] {processor.py:183} INFO - Processing /home/airflow/.local/lib/python3.8/site-packages/airflow/example_dags/example_external_task_marker_dag.py took 0.109 seconds
[2025-07-16T23:59:58.090+0000] {processor.py:161} INFO - Started process (PID=3384) to work on /home/airflow/.local/lib/python3.8/site-packages/airflow/example_dags/example_external_task_marker_dag.py
[2025-07-16T23:59:58.092+0000] {processor.py:830} INFO - Processing file /home/airflow/.local/lib/python3.8/site-packages/airflow/example_dags/example_external_task_marker_dag.py for tasks to queue
[2025-07-16T23:59:58.097+0000] {logging_mixin.py:188} INFO - [2025-07-16T23:59:58.096+0000] {dagbag.py:538} INFO - Filling up the DagBag from /home/airflow/.local/lib/python3.8/site-packages/airflow/example_dags/example_external_task_marker_dag.py
[2025-07-16T23:59:58.106+0000] {processor.py:840} INFO - DAG(s) 'example_external_task_marker_child', 'example_external_task_marker_parent' retrieved from /home/airflow/.local/lib/python3.8/site-packages/airflow/example_dags/example_external_task_marker_dag.py
[2025-07-16T23:59:58.165+0000] {logging_mixin.py:188} INFO - [2025-07-16T23:59:58.165+0000] {dag.py:3036} INFO - Sync 2 DAGs
[2025-07-16T23:59:58.190+0000] {logging_mixin.py:188} INFO - [2025-07-16T23:59:58.190+0000] {dag.py:3823} INFO - Setting next_dagrun for example_external_task_marker_child to None, run_after=None
[2025-07-16T23:59:58.198+0000] {logging_mixin.py:188} INFO - [2025-07-16T23:59:58.198+0000] {dag.py:3823} INFO - Setting next_dagrun for example_external_task_marker_parent to None, run_after=None
[2025-07-16T23:59:58.237+0000] {processor.py:183} INFO - Processing /home/airflow/.local/lib/python3.8/site-packages/airflow/example_dags/example_external_task_marker_dag.py took 0.156 seconds
