[2025-07-16T15:02:22.733+0000] {processor.py:161} INFO - Started process (PID=115) to work on /home/airflow/.local/lib/python3.8/site-packages/airflow/example_dags/example_nested_branch_dag.py
[2025-07-16T15:02:22.735+0000] {processor.py:830} INFO - Processing file /home/airflow/.local/lib/python3.8/site-packages/airflow/example_dags/example_nested_branch_dag.py for tasks to queue
[2025-07-16T15:02:22.741+0000] {logging_mixin.py:188} INFO - [2025-07-16T15:02:22.740+0000] {dagbag.py:538} INFO - Filling up the DagBag from /home/airflow/.local/lib/python3.8/site-packages/airflow/example_dags/example_nested_branch_dag.py
[2025-07-16T15:02:22.776+0000] {processor.py:840} INFO - DAG(s) 'example_nested_branch_dag' retrieved from /home/airflow/.local/lib/python3.8/site-packages/airflow/example_dags/example_nested_branch_dag.py
[2025-07-16T15:02:22.873+0000] {logging_mixin.py:188} INFO - [2025-07-16T15:02:22.873+0000] {dag.py:3036} INFO - Sync 1 DAGs
[2025-07-16T15:02:22.995+0000] {logging_mixin.py:188} INFO - [2025-07-16T15:02:22.994+0000] {dag.py:3823} INFO - Setting next_dagrun for example_nested_branch_dag to 2025-07-15 00:00:00+00:00, run_after=2025-07-16 00:00:00+00:00
[2025-07-16T15:02:23.064+0000] {processor.py:183} INFO - Processing /home/airflow/.local/lib/python3.8/site-packages/airflow/example_dags/example_nested_branch_dag.py took 0.337 seconds
[2025-07-16T15:02:58.362+0000] {processor.py:161} INFO - Started process (PID=181) to work on /home/airflow/.local/lib/python3.8/site-packages/airflow/example_dags/example_nested_branch_dag.py
[2025-07-16T15:02:58.363+0000] {processor.py:830} INFO - Processing file /home/airflow/.local/lib/python3.8/site-packages/airflow/example_dags/example_nested_branch_dag.py for tasks to queue
[2025-07-16T15:02:58.367+0000] {logging_mixin.py:188} INFO - [2025-07-16T15:02:58.366+0000] {dagbag.py:538} INFO - Filling up the DagBag from /home/airflow/.local/lib/python3.8/site-packages/airflow/example_dags/example_nested_branch_dag.py
[2025-07-16T15:02:58.404+0000] {processor.py:840} INFO - DAG(s) 'example_nested_branch_dag' retrieved from /home/airflow/.local/lib/python3.8/site-packages/airflow/example_dags/example_nested_branch_dag.py
[2025-07-16T15:02:58.435+0000] {logging_mixin.py:188} INFO - [2025-07-16T15:02:58.435+0000] {dag.py:3036} INFO - Sync 1 DAGs
[2025-07-16T15:02:58.466+0000] {logging_mixin.py:188} INFO - [2025-07-16T15:02:58.466+0000] {dag.py:3823} INFO - Setting next_dagrun for example_nested_branch_dag to 2025-07-15 00:00:00+00:00, run_after=2025-07-16 00:00:00+00:00
[2025-07-16T15:02:58.497+0000] {processor.py:183} INFO - Processing /home/airflow/.local/lib/python3.8/site-packages/airflow/example_dags/example_nested_branch_dag.py took 0.142 seconds
[2025-07-16T15:03:29.445+0000] {processor.py:161} INFO - Started process (PID=241) to work on /home/airflow/.local/lib/python3.8/site-packages/airflow/example_dags/example_nested_branch_dag.py
[2025-07-16T15:03:29.447+0000] {processor.py:830} INFO - Processing file /home/airflow/.local/lib/python3.8/site-packages/airflow/example_dags/example_nested_branch_dag.py for tasks to queue
[2025-07-16T15:03:29.450+0000] {logging_mixin.py:188} INFO - [2025-07-16T15:03:29.449+0000] {dagbag.py:538} INFO - Filling up the DagBag from /home/airflow/.local/lib/python3.8/site-packages/airflow/example_dags/example_nested_branch_dag.py
[2025-07-16T15:03:29.463+0000] {processor.py:840} INFO - DAG(s) 'example_nested_branch_dag' retrieved from /home/airflow/.local/lib/python3.8/site-packages/airflow/example_dags/example_nested_branch_dag.py
[2025-07-16T15:03:29.510+0000] {logging_mixin.py:188} INFO - [2025-07-16T15:03:29.510+0000] {dag.py:3036} INFO - Sync 1 DAGs
[2025-07-16T15:03:29.549+0000] {logging_mixin.py:188} INFO - [2025-07-16T15:03:29.549+0000] {dag.py:3823} INFO - Setting next_dagrun for example_nested_branch_dag to 2025-07-15 00:00:00+00:00, run_after=2025-07-16 00:00:00+00:00
[2025-07-16T15:03:29.580+0000] {processor.py:183} INFO - Processing /home/airflow/.local/lib/python3.8/site-packages/airflow/example_dags/example_nested_branch_dag.py took 0.140 seconds
[2025-07-16T23:34:18.021+0000] {processor.py:161} INFO - Started process (PID=112) to work on /home/airflow/.local/lib/python3.8/site-packages/airflow/example_dags/example_nested_branch_dag.py
[2025-07-16T23:34:18.044+0000] {processor.py:830} INFO - Processing file /home/airflow/.local/lib/python3.8/site-packages/airflow/example_dags/example_nested_branch_dag.py for tasks to queue
[2025-07-16T23:34:18.049+0000] {logging_mixin.py:188} INFO - [2025-07-16T23:34:18.048+0000] {dagbag.py:538} INFO - Filling up the DagBag from /home/airflow/.local/lib/python3.8/site-packages/airflow/example_dags/example_nested_branch_dag.py
[2025-07-16T23:34:18.072+0000] {processor.py:840} INFO - DAG(s) 'example_nested_branch_dag' retrieved from /home/airflow/.local/lib/python3.8/site-packages/airflow/example_dags/example_nested_branch_dag.py
[2025-07-16T23:34:18.136+0000] {logging_mixin.py:188} INFO - [2025-07-16T23:34:18.136+0000] {dag.py:3036} INFO - Sync 1 DAGs
[2025-07-16T23:34:18.217+0000] {logging_mixin.py:188} INFO - [2025-07-16T23:34:18.217+0000] {dag.py:3823} INFO - Setting next_dagrun for example_nested_branch_dag to 2025-07-15 00:00:00+00:00, run_after=2025-07-16 00:00:00+00:00
[2025-07-16T23:34:18.278+0000] {processor.py:183} INFO - Processing /home/airflow/.local/lib/python3.8/site-packages/airflow/example_dags/example_nested_branch_dag.py took 0.265 seconds
[2025-07-16T23:34:48.751+0000] {processor.py:161} INFO - Started process (PID=173) to work on /home/airflow/.local/lib/python3.8/site-packages/airflow/example_dags/example_nested_branch_dag.py
[2025-07-16T23:34:48.753+0000] {processor.py:830} INFO - Processing file /home/airflow/.local/lib/python3.8/site-packages/airflow/example_dags/example_nested_branch_dag.py for tasks to queue
[2025-07-16T23:34:48.756+0000] {logging_mixin.py:188} INFO - [2025-07-16T23:34:48.756+0000] {dagbag.py:538} INFO - Filling up the DagBag from /home/airflow/.local/lib/python3.8/site-packages/airflow/example_dags/example_nested_branch_dag.py
[2025-07-16T23:34:48.778+0000] {processor.py:840} INFO - DAG(s) 'example_nested_branch_dag' retrieved from /home/airflow/.local/lib/python3.8/site-packages/airflow/example_dags/example_nested_branch_dag.py
[2025-07-16T23:34:48.818+0000] {logging_mixin.py:188} INFO - [2025-07-16T23:34:48.817+0000] {dag.py:3036} INFO - Sync 1 DAGs
[2025-07-16T23:34:48.864+0000] {logging_mixin.py:188} INFO - [2025-07-16T23:34:48.863+0000] {dag.py:3823} INFO - Setting next_dagrun for example_nested_branch_dag to 2025-07-15 00:00:00+00:00, run_after=2025-07-16 00:00:00+00:00
[2025-07-16T23:34:48.902+0000] {processor.py:183} INFO - Processing /home/airflow/.local/lib/python3.8/site-packages/airflow/example_dags/example_nested_branch_dag.py took 0.156 seconds
[2025-07-16T23:35:19.007+0000] {processor.py:161} INFO - Started process (PID=239) to work on /home/airflow/.local/lib/python3.8/site-packages/airflow/example_dags/example_nested_branch_dag.py
[2025-07-16T23:35:19.008+0000] {processor.py:830} INFO - Processing file /home/airflow/.local/lib/python3.8/site-packages/airflow/example_dags/example_nested_branch_dag.py for tasks to queue
[2025-07-16T23:35:19.012+0000] {logging_mixin.py:188} INFO - [2025-07-16T23:35:19.012+0000] {dagbag.py:538} INFO - Filling up the DagBag from /home/airflow/.local/lib/python3.8/site-packages/airflow/example_dags/example_nested_branch_dag.py
[2025-07-16T23:35:19.034+0000] {processor.py:840} INFO - DAG(s) 'example_nested_branch_dag' retrieved from /home/airflow/.local/lib/python3.8/site-packages/airflow/example_dags/example_nested_branch_dag.py
[2025-07-16T23:35:19.111+0000] {logging_mixin.py:188} INFO - [2025-07-16T23:35:19.111+0000] {dag.py:3036} INFO - Sync 1 DAGs
[2025-07-16T23:35:19.185+0000] {logging_mixin.py:188} INFO - [2025-07-16T23:35:19.184+0000] {dag.py:3823} INFO - Setting next_dagrun for example_nested_branch_dag to 2025-07-15 00:00:00+00:00, run_after=2025-07-16 00:00:00+00:00
[2025-07-16T23:35:19.229+0000] {processor.py:183} INFO - Processing /home/airflow/.local/lib/python3.8/site-packages/airflow/example_dags/example_nested_branch_dag.py took 0.227 seconds
[2025-07-16T23:35:49.803+0000] {processor.py:161} INFO - Started process (PID=305) to work on /home/airflow/.local/lib/python3.8/site-packages/airflow/example_dags/example_nested_branch_dag.py
[2025-07-16T23:35:49.805+0000] {processor.py:830} INFO - Processing file /home/airflow/.local/lib/python3.8/site-packages/airflow/example_dags/example_nested_branch_dag.py for tasks to queue
[2025-07-16T23:35:49.808+0000] {logging_mixin.py:188} INFO - [2025-07-16T23:35:49.808+0000] {dagbag.py:538} INFO - Filling up the DagBag from /home/airflow/.local/lib/python3.8/site-packages/airflow/example_dags/example_nested_branch_dag.py
[2025-07-16T23:35:49.827+0000] {processor.py:840} INFO - DAG(s) 'example_nested_branch_dag' retrieved from /home/airflow/.local/lib/python3.8/site-packages/airflow/example_dags/example_nested_branch_dag.py
[2025-07-16T23:35:49.875+0000] {logging_mixin.py:188} INFO - [2025-07-16T23:35:49.872+0000] {dag.py:3036} INFO - Sync 1 DAGs
[2025-07-16T23:35:49.933+0000] {logging_mixin.py:188} INFO - [2025-07-16T23:35:49.933+0000] {dag.py:3823} INFO - Setting next_dagrun for example_nested_branch_dag to 2025-07-15 00:00:00+00:00, run_after=2025-07-16 00:00:00+00:00
[2025-07-16T23:35:49.994+0000] {processor.py:183} INFO - Processing /home/airflow/.local/lib/python3.8/site-packages/airflow/example_dags/example_nested_branch_dag.py took 0.197 seconds
[2025-07-16T23:36:20.111+0000] {processor.py:161} INFO - Started process (PID=371) to work on /home/airflow/.local/lib/python3.8/site-packages/airflow/example_dags/example_nested_branch_dag.py
[2025-07-16T23:36:20.114+0000] {processor.py:830} INFO - Processing file /home/airflow/.local/lib/python3.8/site-packages/airflow/example_dags/example_nested_branch_dag.py for tasks to queue
[2025-07-16T23:36:20.118+0000] {logging_mixin.py:188} INFO - [2025-07-16T23:36:20.118+0000] {dagbag.py:538} INFO - Filling up the DagBag from /home/airflow/.local/lib/python3.8/site-packages/airflow/example_dags/example_nested_branch_dag.py
[2025-07-16T23:36:20.136+0000] {processor.py:840} INFO - DAG(s) 'example_nested_branch_dag' retrieved from /home/airflow/.local/lib/python3.8/site-packages/airflow/example_dags/example_nested_branch_dag.py
[2025-07-16T23:36:20.179+0000] {logging_mixin.py:188} INFO - [2025-07-16T23:36:20.178+0000] {dag.py:3036} INFO - Sync 1 DAGs
[2025-07-16T23:36:20.227+0000] {logging_mixin.py:188} INFO - [2025-07-16T23:36:20.226+0000] {dag.py:3823} INFO - Setting next_dagrun for example_nested_branch_dag to 2025-07-15 00:00:00+00:00, run_after=2025-07-16 00:00:00+00:00
[2025-07-16T23:36:20.272+0000] {processor.py:183} INFO - Processing /home/airflow/.local/lib/python3.8/site-packages/airflow/example_dags/example_nested_branch_dag.py took 0.166 seconds
[2025-07-16T23:36:50.338+0000] {processor.py:161} INFO - Started process (PID=437) to work on /home/airflow/.local/lib/python3.8/site-packages/airflow/example_dags/example_nested_branch_dag.py
[2025-07-16T23:36:50.340+0000] {processor.py:830} INFO - Processing file /home/airflow/.local/lib/python3.8/site-packages/airflow/example_dags/example_nested_branch_dag.py for tasks to queue
[2025-07-16T23:36:50.345+0000] {logging_mixin.py:188} INFO - [2025-07-16T23:36:50.343+0000] {dagbag.py:538} INFO - Filling up the DagBag from /home/airflow/.local/lib/python3.8/site-packages/airflow/example_dags/example_nested_branch_dag.py
[2025-07-16T23:36:50.375+0000] {processor.py:840} INFO - DAG(s) 'example_nested_branch_dag' retrieved from /home/airflow/.local/lib/python3.8/site-packages/airflow/example_dags/example_nested_branch_dag.py
[2025-07-16T23:36:50.417+0000] {logging_mixin.py:188} INFO - [2025-07-16T23:36:50.417+0000] {dag.py:3036} INFO - Sync 1 DAGs
[2025-07-16T23:36:50.458+0000] {logging_mixin.py:188} INFO - [2025-07-16T23:36:50.457+0000] {dag.py:3823} INFO - Setting next_dagrun for example_nested_branch_dag to 2025-07-15 00:00:00+00:00, run_after=2025-07-16 00:00:00+00:00
[2025-07-16T23:36:50.494+0000] {processor.py:183} INFO - Processing /home/airflow/.local/lib/python3.8/site-packages/airflow/example_dags/example_nested_branch_dag.py took 0.161 seconds
[2025-07-16T23:37:21.328+0000] {processor.py:161} INFO - Started process (PID=503) to work on /home/airflow/.local/lib/python3.8/site-packages/airflow/example_dags/example_nested_branch_dag.py
[2025-07-16T23:37:21.329+0000] {processor.py:830} INFO - Processing file /home/airflow/.local/lib/python3.8/site-packages/airflow/example_dags/example_nested_branch_dag.py for tasks to queue
[2025-07-16T23:37:21.333+0000] {logging_mixin.py:188} INFO - [2025-07-16T23:37:21.333+0000] {dagbag.py:538} INFO - Filling up the DagBag from /home/airflow/.local/lib/python3.8/site-packages/airflow/example_dags/example_nested_branch_dag.py
[2025-07-16T23:37:21.348+0000] {processor.py:840} INFO - DAG(s) 'example_nested_branch_dag' retrieved from /home/airflow/.local/lib/python3.8/site-packages/airflow/example_dags/example_nested_branch_dag.py
[2025-07-16T23:37:21.382+0000] {logging_mixin.py:188} INFO - [2025-07-16T23:37:21.382+0000] {dag.py:3036} INFO - Sync 1 DAGs
[2025-07-16T23:37:21.419+0000] {logging_mixin.py:188} INFO - [2025-07-16T23:37:21.419+0000] {dag.py:3823} INFO - Setting next_dagrun for example_nested_branch_dag to 2025-07-15 00:00:00+00:00, run_after=2025-07-16 00:00:00+00:00
[2025-07-16T23:37:21.448+0000] {processor.py:183} INFO - Processing /home/airflow/.local/lib/python3.8/site-packages/airflow/example_dags/example_nested_branch_dag.py took 0.126 seconds
[2025-07-16T23:37:51.532+0000] {processor.py:161} INFO - Started process (PID=564) to work on /home/airflow/.local/lib/python3.8/site-packages/airflow/example_dags/example_nested_branch_dag.py
[2025-07-16T23:37:51.534+0000] {processor.py:830} INFO - Processing file /home/airflow/.local/lib/python3.8/site-packages/airflow/example_dags/example_nested_branch_dag.py for tasks to queue
[2025-07-16T23:37:51.537+0000] {logging_mixin.py:188} INFO - [2025-07-16T23:37:51.537+0000] {dagbag.py:538} INFO - Filling up the DagBag from /home/airflow/.local/lib/python3.8/site-packages/airflow/example_dags/example_nested_branch_dag.py
[2025-07-16T23:37:51.552+0000] {processor.py:840} INFO - DAG(s) 'example_nested_branch_dag' retrieved from /home/airflow/.local/lib/python3.8/site-packages/airflow/example_dags/example_nested_branch_dag.py
[2025-07-16T23:37:51.586+0000] {logging_mixin.py:188} INFO - [2025-07-16T23:37:51.586+0000] {dag.py:3036} INFO - Sync 1 DAGs
[2025-07-16T23:37:51.623+0000] {logging_mixin.py:188} INFO - [2025-07-16T23:37:51.623+0000] {dag.py:3823} INFO - Setting next_dagrun for example_nested_branch_dag to 2025-07-15 00:00:00+00:00, run_after=2025-07-16 00:00:00+00:00
[2025-07-16T23:37:51.659+0000] {processor.py:183} INFO - Processing /home/airflow/.local/lib/python3.8/site-packages/airflow/example_dags/example_nested_branch_dag.py took 0.132 seconds
[2025-07-16T23:38:22.061+0000] {processor.py:161} INFO - Started process (PID=630) to work on /home/airflow/.local/lib/python3.8/site-packages/airflow/example_dags/example_nested_branch_dag.py
[2025-07-16T23:38:22.063+0000] {processor.py:830} INFO - Processing file /home/airflow/.local/lib/python3.8/site-packages/airflow/example_dags/example_nested_branch_dag.py for tasks to queue
[2025-07-16T23:38:22.067+0000] {logging_mixin.py:188} INFO - [2025-07-16T23:38:22.066+0000] {dagbag.py:538} INFO - Filling up the DagBag from /home/airflow/.local/lib/python3.8/site-packages/airflow/example_dags/example_nested_branch_dag.py
[2025-07-16T23:38:22.092+0000] {processor.py:840} INFO - DAG(s) 'example_nested_branch_dag' retrieved from /home/airflow/.local/lib/python3.8/site-packages/airflow/example_dags/example_nested_branch_dag.py
[2025-07-16T23:38:22.153+0000] {logging_mixin.py:188} INFO - [2025-07-16T23:38:22.150+0000] {dag.py:3036} INFO - Sync 1 DAGs
[2025-07-16T23:38:22.264+0000] {logging_mixin.py:188} INFO - [2025-07-16T23:38:22.263+0000] {dag.py:3823} INFO - Setting next_dagrun for example_nested_branch_dag to 2025-07-15 00:00:00+00:00, run_after=2025-07-16 00:00:00+00:00
[2025-07-16T23:38:22.313+0000] {processor.py:183} INFO - Processing /home/airflow/.local/lib/python3.8/site-packages/airflow/example_dags/example_nested_branch_dag.py took 0.258 seconds
[2025-07-16T23:38:52.791+0000] {processor.py:161} INFO - Started process (PID=696) to work on /home/airflow/.local/lib/python3.8/site-packages/airflow/example_dags/example_nested_branch_dag.py
[2025-07-16T23:38:52.793+0000] {processor.py:830} INFO - Processing file /home/airflow/.local/lib/python3.8/site-packages/airflow/example_dags/example_nested_branch_dag.py for tasks to queue
[2025-07-16T23:38:52.796+0000] {logging_mixin.py:188} INFO - [2025-07-16T23:38:52.795+0000] {dagbag.py:538} INFO - Filling up the DagBag from /home/airflow/.local/lib/python3.8/site-packages/airflow/example_dags/example_nested_branch_dag.py
[2025-07-16T23:38:52.815+0000] {processor.py:840} INFO - DAG(s) 'example_nested_branch_dag' retrieved from /home/airflow/.local/lib/python3.8/site-packages/airflow/example_dags/example_nested_branch_dag.py
[2025-07-16T23:38:52.865+0000] {logging_mixin.py:188} INFO - [2025-07-16T23:38:52.864+0000] {dag.py:3036} INFO - Sync 1 DAGs
[2025-07-16T23:38:52.910+0000] {logging_mixin.py:188} INFO - [2025-07-16T23:38:52.910+0000] {dag.py:3823} INFO - Setting next_dagrun for example_nested_branch_dag to 2025-07-15 00:00:00+00:00, run_after=2025-07-16 00:00:00+00:00
[2025-07-16T23:38:52.949+0000] {processor.py:183} INFO - Processing /home/airflow/.local/lib/python3.8/site-packages/airflow/example_dags/example_nested_branch_dag.py took 0.165 seconds
[2025-07-16T23:39:23.156+0000] {processor.py:161} INFO - Started process (PID=762) to work on /home/airflow/.local/lib/python3.8/site-packages/airflow/example_dags/example_nested_branch_dag.py
[2025-07-16T23:39:23.157+0000] {processor.py:830} INFO - Processing file /home/airflow/.local/lib/python3.8/site-packages/airflow/example_dags/example_nested_branch_dag.py for tasks to queue
[2025-07-16T23:39:23.162+0000] {logging_mixin.py:188} INFO - [2025-07-16T23:39:23.161+0000] {dagbag.py:538} INFO - Filling up the DagBag from /home/airflow/.local/lib/python3.8/site-packages/airflow/example_dags/example_nested_branch_dag.py
[2025-07-16T23:39:23.184+0000] {processor.py:840} INFO - DAG(s) 'example_nested_branch_dag' retrieved from /home/airflow/.local/lib/python3.8/site-packages/airflow/example_dags/example_nested_branch_dag.py
[2025-07-16T23:39:23.228+0000] {logging_mixin.py:188} INFO - [2025-07-16T23:39:23.227+0000] {dag.py:3036} INFO - Sync 1 DAGs
[2025-07-16T23:39:23.271+0000] {logging_mixin.py:188} INFO - [2025-07-16T23:39:23.270+0000] {dag.py:3823} INFO - Setting next_dagrun for example_nested_branch_dag to 2025-07-15 00:00:00+00:00, run_after=2025-07-16 00:00:00+00:00
[2025-07-16T23:39:23.306+0000] {processor.py:183} INFO - Processing /home/airflow/.local/lib/python3.8/site-packages/airflow/example_dags/example_nested_branch_dag.py took 0.156 seconds
[2025-07-16T23:39:53.733+0000] {processor.py:161} INFO - Started process (PID=828) to work on /home/airflow/.local/lib/python3.8/site-packages/airflow/example_dags/example_nested_branch_dag.py
[2025-07-16T23:39:53.734+0000] {processor.py:830} INFO - Processing file /home/airflow/.local/lib/python3.8/site-packages/airflow/example_dags/example_nested_branch_dag.py for tasks to queue
[2025-07-16T23:39:53.740+0000] {logging_mixin.py:188} INFO - [2025-07-16T23:39:53.739+0000] {dagbag.py:538} INFO - Filling up the DagBag from /home/airflow/.local/lib/python3.8/site-packages/airflow/example_dags/example_nested_branch_dag.py
[2025-07-16T23:39:53.766+0000] {processor.py:840} INFO - DAG(s) 'example_nested_branch_dag' retrieved from /home/airflow/.local/lib/python3.8/site-packages/airflow/example_dags/example_nested_branch_dag.py
[2025-07-16T23:39:53.818+0000] {logging_mixin.py:188} INFO - [2025-07-16T23:39:53.818+0000] {dag.py:3036} INFO - Sync 1 DAGs
[2025-07-16T23:39:53.859+0000] {logging_mixin.py:188} INFO - [2025-07-16T23:39:53.859+0000] {dag.py:3823} INFO - Setting next_dagrun for example_nested_branch_dag to 2025-07-15 00:00:00+00:00, run_after=2025-07-16 00:00:00+00:00
[2025-07-16T23:39:53.900+0000] {processor.py:183} INFO - Processing /home/airflow/.local/lib/python3.8/site-packages/airflow/example_dags/example_nested_branch_dag.py took 0.173 seconds
[2025-07-16T23:40:23.984+0000] {processor.py:161} INFO - Started process (PID=894) to work on /home/airflow/.local/lib/python3.8/site-packages/airflow/example_dags/example_nested_branch_dag.py
[2025-07-16T23:40:23.987+0000] {processor.py:830} INFO - Processing file /home/airflow/.local/lib/python3.8/site-packages/airflow/example_dags/example_nested_branch_dag.py for tasks to queue
[2025-07-16T23:40:23.990+0000] {logging_mixin.py:188} INFO - [2025-07-16T23:40:23.989+0000] {dagbag.py:538} INFO - Filling up the DagBag from /home/airflow/.local/lib/python3.8/site-packages/airflow/example_dags/example_nested_branch_dag.py
[2025-07-16T23:40:24.005+0000] {processor.py:840} INFO - DAG(s) 'example_nested_branch_dag' retrieved from /home/airflow/.local/lib/python3.8/site-packages/airflow/example_dags/example_nested_branch_dag.py
[2025-07-16T23:40:24.050+0000] {logging_mixin.py:188} INFO - [2025-07-16T23:40:24.050+0000] {dag.py:3036} INFO - Sync 1 DAGs
[2025-07-16T23:40:24.092+0000] {logging_mixin.py:188} INFO - [2025-07-16T23:40:24.092+0000] {dag.py:3823} INFO - Setting next_dagrun for example_nested_branch_dag to 2025-07-15 00:00:00+00:00, run_after=2025-07-16 00:00:00+00:00
[2025-07-16T23:40:24.129+0000] {processor.py:183} INFO - Processing /home/airflow/.local/lib/python3.8/site-packages/airflow/example_dags/example_nested_branch_dag.py took 0.150 seconds
[2025-07-16T23:40:54.798+0000] {processor.py:161} INFO - Started process (PID=959) to work on /home/airflow/.local/lib/python3.8/site-packages/airflow/example_dags/example_nested_branch_dag.py
[2025-07-16T23:40:54.802+0000] {processor.py:830} INFO - Processing file /home/airflow/.local/lib/python3.8/site-packages/airflow/example_dags/example_nested_branch_dag.py for tasks to queue
[2025-07-16T23:40:54.808+0000] {logging_mixin.py:188} INFO - [2025-07-16T23:40:54.807+0000] {dagbag.py:538} INFO - Filling up the DagBag from /home/airflow/.local/lib/python3.8/site-packages/airflow/example_dags/example_nested_branch_dag.py
[2025-07-16T23:40:54.839+0000] {processor.py:840} INFO - DAG(s) 'example_nested_branch_dag' retrieved from /home/airflow/.local/lib/python3.8/site-packages/airflow/example_dags/example_nested_branch_dag.py
[2025-07-16T23:40:54.888+0000] {logging_mixin.py:188} INFO - [2025-07-16T23:40:54.888+0000] {dag.py:3036} INFO - Sync 1 DAGs
[2025-07-16T23:40:54.960+0000] {logging_mixin.py:188} INFO - [2025-07-16T23:40:54.959+0000] {dag.py:3823} INFO - Setting next_dagrun for example_nested_branch_dag to 2025-07-15 00:00:00+00:00, run_after=2025-07-16 00:00:00+00:00
[2025-07-16T23:40:55.000+0000] {processor.py:183} INFO - Processing /home/airflow/.local/lib/python3.8/site-packages/airflow/example_dags/example_nested_branch_dag.py took 0.208 seconds
[2025-07-16T23:41:26.432+0000] {processor.py:161} INFO - Started process (PID=1024) to work on /home/airflow/.local/lib/python3.8/site-packages/airflow/example_dags/example_nested_branch_dag.py
[2025-07-16T23:41:26.434+0000] {processor.py:830} INFO - Processing file /home/airflow/.local/lib/python3.8/site-packages/airflow/example_dags/example_nested_branch_dag.py for tasks to queue
[2025-07-16T23:41:26.437+0000] {logging_mixin.py:188} INFO - [2025-07-16T23:41:26.436+0000] {dagbag.py:538} INFO - Filling up the DagBag from /home/airflow/.local/lib/python3.8/site-packages/airflow/example_dags/example_nested_branch_dag.py
[2025-07-16T23:41:26.457+0000] {processor.py:840} INFO - DAG(s) 'example_nested_branch_dag' retrieved from /home/airflow/.local/lib/python3.8/site-packages/airflow/example_dags/example_nested_branch_dag.py
[2025-07-16T23:41:26.506+0000] {logging_mixin.py:188} INFO - [2025-07-16T23:41:26.506+0000] {dag.py:3036} INFO - Sync 1 DAGs
[2025-07-16T23:41:26.544+0000] {logging_mixin.py:188} INFO - [2025-07-16T23:41:26.544+0000] {dag.py:3823} INFO - Setting next_dagrun for example_nested_branch_dag to 2025-07-15 00:00:00+00:00, run_after=2025-07-16 00:00:00+00:00
[2025-07-16T23:41:26.582+0000] {processor.py:183} INFO - Processing /home/airflow/.local/lib/python3.8/site-packages/airflow/example_dags/example_nested_branch_dag.py took 0.155 seconds
[2025-07-16T23:41:58.478+0000] {processor.py:161} INFO - Started process (PID=1085) to work on /home/airflow/.local/lib/python3.8/site-packages/airflow/example_dags/example_nested_branch_dag.py
[2025-07-16T23:41:58.480+0000] {processor.py:830} INFO - Processing file /home/airflow/.local/lib/python3.8/site-packages/airflow/example_dags/example_nested_branch_dag.py for tasks to queue
[2025-07-16T23:41:58.486+0000] {logging_mixin.py:188} INFO - [2025-07-16T23:41:58.485+0000] {dagbag.py:538} INFO - Filling up the DagBag from /home/airflow/.local/lib/python3.8/site-packages/airflow/example_dags/example_nested_branch_dag.py
[2025-07-16T23:41:58.516+0000] {processor.py:840} INFO - DAG(s) 'example_nested_branch_dag' retrieved from /home/airflow/.local/lib/python3.8/site-packages/airflow/example_dags/example_nested_branch_dag.py
[2025-07-16T23:41:58.568+0000] {logging_mixin.py:188} INFO - [2025-07-16T23:41:58.567+0000] {dag.py:3036} INFO - Sync 1 DAGs
[2025-07-16T23:41:58.617+0000] {logging_mixin.py:188} INFO - [2025-07-16T23:41:58.617+0000] {dag.py:3823} INFO - Setting next_dagrun for example_nested_branch_dag to 2025-07-15 00:00:00+00:00, run_after=2025-07-16 00:00:00+00:00
[2025-07-16T23:41:58.657+0000] {processor.py:183} INFO - Processing /home/airflow/.local/lib/python3.8/site-packages/airflow/example_dags/example_nested_branch_dag.py took 0.185 seconds
[2025-07-16T23:42:30.298+0000] {processor.py:161} INFO - Started process (PID=1151) to work on /home/airflow/.local/lib/python3.8/site-packages/airflow/example_dags/example_nested_branch_dag.py
[2025-07-16T23:42:30.311+0000] {processor.py:830} INFO - Processing file /home/airflow/.local/lib/python3.8/site-packages/airflow/example_dags/example_nested_branch_dag.py for tasks to queue
[2025-07-16T23:42:30.314+0000] {logging_mixin.py:188} INFO - [2025-07-16T23:42:30.314+0000] {dagbag.py:538} INFO - Filling up the DagBag from /home/airflow/.local/lib/python3.8/site-packages/airflow/example_dags/example_nested_branch_dag.py
[2025-07-16T23:42:30.345+0000] {processor.py:840} INFO - DAG(s) 'example_nested_branch_dag' retrieved from /home/airflow/.local/lib/python3.8/site-packages/airflow/example_dags/example_nested_branch_dag.py
[2025-07-16T23:42:30.407+0000] {logging_mixin.py:188} INFO - [2025-07-16T23:42:30.407+0000] {dag.py:3036} INFO - Sync 1 DAGs
[2025-07-16T23:42:30.489+0000] {logging_mixin.py:188} INFO - [2025-07-16T23:42:30.488+0000] {dag.py:3823} INFO - Setting next_dagrun for example_nested_branch_dag to 2025-07-15 00:00:00+00:00, run_after=2025-07-16 00:00:00+00:00
[2025-07-16T23:42:30.575+0000] {processor.py:183} INFO - Processing /home/airflow/.local/lib/python3.8/site-packages/airflow/example_dags/example_nested_branch_dag.py took 0.336 seconds
[2025-07-16T23:43:01.116+0000] {processor.py:161} INFO - Started process (PID=1216) to work on /home/airflow/.local/lib/python3.8/site-packages/airflow/example_dags/example_nested_branch_dag.py
[2025-07-16T23:43:01.118+0000] {processor.py:830} INFO - Processing file /home/airflow/.local/lib/python3.8/site-packages/airflow/example_dags/example_nested_branch_dag.py for tasks to queue
[2025-07-16T23:43:01.122+0000] {logging_mixin.py:188} INFO - [2025-07-16T23:43:01.121+0000] {dagbag.py:538} INFO - Filling up the DagBag from /home/airflow/.local/lib/python3.8/site-packages/airflow/example_dags/example_nested_branch_dag.py
[2025-07-16T23:43:01.137+0000] {processor.py:840} INFO - DAG(s) 'example_nested_branch_dag' retrieved from /home/airflow/.local/lib/python3.8/site-packages/airflow/example_dags/example_nested_branch_dag.py
[2025-07-16T23:43:01.178+0000] {logging_mixin.py:188} INFO - [2025-07-16T23:43:01.178+0000] {dag.py:3036} INFO - Sync 1 DAGs
[2025-07-16T23:43:01.220+0000] {logging_mixin.py:188} INFO - [2025-07-16T23:43:01.219+0000] {dag.py:3823} INFO - Setting next_dagrun for example_nested_branch_dag to 2025-07-15 00:00:00+00:00, run_after=2025-07-16 00:00:00+00:00
[2025-07-16T23:43:01.253+0000] {processor.py:183} INFO - Processing /home/airflow/.local/lib/python3.8/site-packages/airflow/example_dags/example_nested_branch_dag.py took 0.144 seconds
[2025-07-16T23:43:31.501+0000] {processor.py:161} INFO - Started process (PID=1281) to work on /home/airflow/.local/lib/python3.8/site-packages/airflow/example_dags/example_nested_branch_dag.py
[2025-07-16T23:43:31.504+0000] {processor.py:830} INFO - Processing file /home/airflow/.local/lib/python3.8/site-packages/airflow/example_dags/example_nested_branch_dag.py for tasks to queue
[2025-07-16T23:43:31.507+0000] {logging_mixin.py:188} INFO - [2025-07-16T23:43:31.506+0000] {dagbag.py:538} INFO - Filling up the DagBag from /home/airflow/.local/lib/python3.8/site-packages/airflow/example_dags/example_nested_branch_dag.py
[2025-07-16T23:43:31.527+0000] {processor.py:840} INFO - DAG(s) 'example_nested_branch_dag' retrieved from /home/airflow/.local/lib/python3.8/site-packages/airflow/example_dags/example_nested_branch_dag.py
[2025-07-16T23:43:31.566+0000] {logging_mixin.py:188} INFO - [2025-07-16T23:43:31.566+0000] {dag.py:3036} INFO - Sync 1 DAGs
[2025-07-16T23:43:31.600+0000] {logging_mixin.py:188} INFO - [2025-07-16T23:43:31.600+0000] {dag.py:3823} INFO - Setting next_dagrun for example_nested_branch_dag to 2025-07-15 00:00:00+00:00, run_after=2025-07-16 00:00:00+00:00
[2025-07-16T23:43:31.629+0000] {processor.py:183} INFO - Processing /home/airflow/.local/lib/python3.8/site-packages/airflow/example_dags/example_nested_branch_dag.py took 0.134 seconds
[2025-07-16T23:44:02.072+0000] {processor.py:161} INFO - Started process (PID=1347) to work on /home/airflow/.local/lib/python3.8/site-packages/airflow/example_dags/example_nested_branch_dag.py
[2025-07-16T23:44:02.076+0000] {processor.py:830} INFO - Processing file /home/airflow/.local/lib/python3.8/site-packages/airflow/example_dags/example_nested_branch_dag.py for tasks to queue
[2025-07-16T23:44:02.081+0000] {logging_mixin.py:188} INFO - [2025-07-16T23:44:02.080+0000] {dagbag.py:538} INFO - Filling up the DagBag from /home/airflow/.local/lib/python3.8/site-packages/airflow/example_dags/example_nested_branch_dag.py
[2025-07-16T23:44:02.099+0000] {processor.py:840} INFO - DAG(s) 'example_nested_branch_dag' retrieved from /home/airflow/.local/lib/python3.8/site-packages/airflow/example_dags/example_nested_branch_dag.py
[2025-07-16T23:44:02.159+0000] {logging_mixin.py:188} INFO - [2025-07-16T23:44:02.158+0000] {dag.py:3036} INFO - Sync 1 DAGs
[2025-07-16T23:44:02.213+0000] {logging_mixin.py:188} INFO - [2025-07-16T23:44:02.213+0000] {dag.py:3823} INFO - Setting next_dagrun for example_nested_branch_dag to 2025-07-15 00:00:00+00:00, run_after=2025-07-16 00:00:00+00:00
[2025-07-16T23:44:02.256+0000] {processor.py:183} INFO - Processing /home/airflow/.local/lib/python3.8/site-packages/airflow/example_dags/example_nested_branch_dag.py took 0.190 seconds
[2025-07-16T23:44:32.497+0000] {processor.py:161} INFO - Started process (PID=1413) to work on /home/airflow/.local/lib/python3.8/site-packages/airflow/example_dags/example_nested_branch_dag.py
[2025-07-16T23:44:32.500+0000] {processor.py:830} INFO - Processing file /home/airflow/.local/lib/python3.8/site-packages/airflow/example_dags/example_nested_branch_dag.py for tasks to queue
[2025-07-16T23:44:32.505+0000] {logging_mixin.py:188} INFO - [2025-07-16T23:44:32.504+0000] {dagbag.py:538} INFO - Filling up the DagBag from /home/airflow/.local/lib/python3.8/site-packages/airflow/example_dags/example_nested_branch_dag.py
[2025-07-16T23:44:32.526+0000] {processor.py:840} INFO - DAG(s) 'example_nested_branch_dag' retrieved from /home/airflow/.local/lib/python3.8/site-packages/airflow/example_dags/example_nested_branch_dag.py
[2025-07-16T23:44:32.565+0000] {logging_mixin.py:188} INFO - [2025-07-16T23:44:32.564+0000] {dag.py:3036} INFO - Sync 1 DAGs
[2025-07-16T23:44:32.607+0000] {logging_mixin.py:188} INFO - [2025-07-16T23:44:32.606+0000] {dag.py:3823} INFO - Setting next_dagrun for example_nested_branch_dag to 2025-07-15 00:00:00+00:00, run_after=2025-07-16 00:00:00+00:00
[2025-07-16T23:44:32.650+0000] {processor.py:183} INFO - Processing /home/airflow/.local/lib/python3.8/site-packages/airflow/example_dags/example_nested_branch_dag.py took 0.163 seconds
[2025-07-16T23:45:02.828+0000] {processor.py:161} INFO - Started process (PID=1478) to work on /home/airflow/.local/lib/python3.8/site-packages/airflow/example_dags/example_nested_branch_dag.py
[2025-07-16T23:45:02.829+0000] {processor.py:830} INFO - Processing file /home/airflow/.local/lib/python3.8/site-packages/airflow/example_dags/example_nested_branch_dag.py for tasks to queue
[2025-07-16T23:45:02.832+0000] {logging_mixin.py:188} INFO - [2025-07-16T23:45:02.832+0000] {dagbag.py:538} INFO - Filling up the DagBag from /home/airflow/.local/lib/python3.8/site-packages/airflow/example_dags/example_nested_branch_dag.py
[2025-07-16T23:45:02.850+0000] {processor.py:840} INFO - DAG(s) 'example_nested_branch_dag' retrieved from /home/airflow/.local/lib/python3.8/site-packages/airflow/example_dags/example_nested_branch_dag.py
[2025-07-16T23:45:02.881+0000] {logging_mixin.py:188} INFO - [2025-07-16T23:45:02.881+0000] {dag.py:3036} INFO - Sync 1 DAGs
[2025-07-16T23:45:02.925+0000] {logging_mixin.py:188} INFO - [2025-07-16T23:45:02.924+0000] {dag.py:3823} INFO - Setting next_dagrun for example_nested_branch_dag to 2025-07-15 00:00:00+00:00, run_after=2025-07-16 00:00:00+00:00
[2025-07-16T23:45:02.957+0000] {processor.py:183} INFO - Processing /home/airflow/.local/lib/python3.8/site-packages/airflow/example_dags/example_nested_branch_dag.py took 0.134 seconds
[2025-07-16T23:45:33.327+0000] {processor.py:161} INFO - Started process (PID=1539) to work on /home/airflow/.local/lib/python3.8/site-packages/airflow/example_dags/example_nested_branch_dag.py
[2025-07-16T23:45:33.328+0000] {processor.py:830} INFO - Processing file /home/airflow/.local/lib/python3.8/site-packages/airflow/example_dags/example_nested_branch_dag.py for tasks to queue
[2025-07-16T23:45:33.331+0000] {logging_mixin.py:188} INFO - [2025-07-16T23:45:33.330+0000] {dagbag.py:538} INFO - Filling up the DagBag from /home/airflow/.local/lib/python3.8/site-packages/airflow/example_dags/example_nested_branch_dag.py
[2025-07-16T23:45:33.355+0000] {processor.py:840} INFO - DAG(s) 'example_nested_branch_dag' retrieved from /home/airflow/.local/lib/python3.8/site-packages/airflow/example_dags/example_nested_branch_dag.py
[2025-07-16T23:45:33.395+0000] {logging_mixin.py:188} INFO - [2025-07-16T23:45:33.394+0000] {dag.py:3036} INFO - Sync 1 DAGs
[2025-07-16T23:45:33.446+0000] {logging_mixin.py:188} INFO - [2025-07-16T23:45:33.446+0000] {dag.py:3823} INFO - Setting next_dagrun for example_nested_branch_dag to 2025-07-15 00:00:00+00:00, run_after=2025-07-16 00:00:00+00:00
[2025-07-16T23:45:33.483+0000] {processor.py:183} INFO - Processing /home/airflow/.local/lib/python3.8/site-packages/airflow/example_dags/example_nested_branch_dag.py took 0.162 seconds
[2025-07-16T23:46:03.900+0000] {processor.py:161} INFO - Started process (PID=1604) to work on /home/airflow/.local/lib/python3.8/site-packages/airflow/example_dags/example_nested_branch_dag.py
[2025-07-16T23:46:03.902+0000] {processor.py:830} INFO - Processing file /home/airflow/.local/lib/python3.8/site-packages/airflow/example_dags/example_nested_branch_dag.py for tasks to queue
[2025-07-16T23:46:03.907+0000] {logging_mixin.py:188} INFO - [2025-07-16T23:46:03.907+0000] {dagbag.py:538} INFO - Filling up the DagBag from /home/airflow/.local/lib/python3.8/site-packages/airflow/example_dags/example_nested_branch_dag.py
[2025-07-16T23:46:03.927+0000] {processor.py:840} INFO - DAG(s) 'example_nested_branch_dag' retrieved from /home/airflow/.local/lib/python3.8/site-packages/airflow/example_dags/example_nested_branch_dag.py
[2025-07-16T23:46:03.968+0000] {logging_mixin.py:188} INFO - [2025-07-16T23:46:03.967+0000] {dag.py:3036} INFO - Sync 1 DAGs
[2025-07-16T23:46:04.010+0000] {logging_mixin.py:188} INFO - [2025-07-16T23:46:04.010+0000] {dag.py:3823} INFO - Setting next_dagrun for example_nested_branch_dag to 2025-07-15 00:00:00+00:00, run_after=2025-07-16 00:00:00+00:00
[2025-07-16T23:46:04.043+0000] {processor.py:183} INFO - Processing /home/airflow/.local/lib/python3.8/site-packages/airflow/example_dags/example_nested_branch_dag.py took 0.149 seconds
[2025-07-16T23:46:34.667+0000] {processor.py:161} INFO - Started process (PID=1669) to work on /home/airflow/.local/lib/python3.8/site-packages/airflow/example_dags/example_nested_branch_dag.py
[2025-07-16T23:46:34.668+0000] {processor.py:830} INFO - Processing file /home/airflow/.local/lib/python3.8/site-packages/airflow/example_dags/example_nested_branch_dag.py for tasks to queue
[2025-07-16T23:46:34.672+0000] {logging_mixin.py:188} INFO - [2025-07-16T23:46:34.672+0000] {dagbag.py:538} INFO - Filling up the DagBag from /home/airflow/.local/lib/python3.8/site-packages/airflow/example_dags/example_nested_branch_dag.py
[2025-07-16T23:46:34.692+0000] {processor.py:840} INFO - DAG(s) 'example_nested_branch_dag' retrieved from /home/airflow/.local/lib/python3.8/site-packages/airflow/example_dags/example_nested_branch_dag.py
[2025-07-16T23:46:34.738+0000] {logging_mixin.py:188} INFO - [2025-07-16T23:46:34.737+0000] {dag.py:3036} INFO - Sync 1 DAGs
[2025-07-16T23:46:34.808+0000] {logging_mixin.py:188} INFO - [2025-07-16T23:46:34.808+0000] {dag.py:3823} INFO - Setting next_dagrun for example_nested_branch_dag to 2025-07-15 00:00:00+00:00, run_after=2025-07-16 00:00:00+00:00
[2025-07-16T23:46:34.901+0000] {processor.py:183} INFO - Processing /home/airflow/.local/lib/python3.8/site-packages/airflow/example_dags/example_nested_branch_dag.py took 0.240 seconds
[2025-07-16T23:47:05.117+0000] {processor.py:161} INFO - Started process (PID=1734) to work on /home/airflow/.local/lib/python3.8/site-packages/airflow/example_dags/example_nested_branch_dag.py
[2025-07-16T23:47:05.120+0000] {processor.py:830} INFO - Processing file /home/airflow/.local/lib/python3.8/site-packages/airflow/example_dags/example_nested_branch_dag.py for tasks to queue
[2025-07-16T23:47:05.124+0000] {logging_mixin.py:188} INFO - [2025-07-16T23:47:05.123+0000] {dagbag.py:538} INFO - Filling up the DagBag from /home/airflow/.local/lib/python3.8/site-packages/airflow/example_dags/example_nested_branch_dag.py
[2025-07-16T23:47:05.141+0000] {processor.py:840} INFO - DAG(s) 'example_nested_branch_dag' retrieved from /home/airflow/.local/lib/python3.8/site-packages/airflow/example_dags/example_nested_branch_dag.py
[2025-07-16T23:47:05.169+0000] {logging_mixin.py:188} INFO - [2025-07-16T23:47:05.168+0000] {dag.py:3036} INFO - Sync 1 DAGs
[2025-07-16T23:47:05.202+0000] {logging_mixin.py:188} INFO - [2025-07-16T23:47:05.202+0000] {dag.py:3823} INFO - Setting next_dagrun for example_nested_branch_dag to 2025-07-15 00:00:00+00:00, run_after=2025-07-16 00:00:00+00:00
[2025-07-16T23:47:05.228+0000] {processor.py:183} INFO - Processing /home/airflow/.local/lib/python3.8/site-packages/airflow/example_dags/example_nested_branch_dag.py took 0.117 seconds
[2025-07-16T23:47:36.558+0000] {processor.py:161} INFO - Started process (PID=1800) to work on /home/airflow/.local/lib/python3.8/site-packages/airflow/example_dags/example_nested_branch_dag.py
[2025-07-16T23:47:36.561+0000] {processor.py:830} INFO - Processing file /home/airflow/.local/lib/python3.8/site-packages/airflow/example_dags/example_nested_branch_dag.py for tasks to queue
[2025-07-16T23:47:36.564+0000] {logging_mixin.py:188} INFO - [2025-07-16T23:47:36.564+0000] {dagbag.py:538} INFO - Filling up the DagBag from /home/airflow/.local/lib/python3.8/site-packages/airflow/example_dags/example_nested_branch_dag.py
[2025-07-16T23:47:36.586+0000] {processor.py:840} INFO - DAG(s) 'example_nested_branch_dag' retrieved from /home/airflow/.local/lib/python3.8/site-packages/airflow/example_dags/example_nested_branch_dag.py
[2025-07-16T23:47:36.627+0000] {logging_mixin.py:188} INFO - [2025-07-16T23:47:36.627+0000] {dag.py:3036} INFO - Sync 1 DAGs
[2025-07-16T23:47:36.673+0000] {logging_mixin.py:188} INFO - [2025-07-16T23:47:36.673+0000] {dag.py:3823} INFO - Setting next_dagrun for example_nested_branch_dag to 2025-07-15 00:00:00+00:00, run_after=2025-07-16 00:00:00+00:00
[2025-07-16T23:47:36.715+0000] {processor.py:183} INFO - Processing /home/airflow/.local/lib/python3.8/site-packages/airflow/example_dags/example_nested_branch_dag.py took 0.162 seconds
[2025-07-16T23:48:07.517+0000] {processor.py:161} INFO - Started process (PID=1865) to work on /home/airflow/.local/lib/python3.8/site-packages/airflow/example_dags/example_nested_branch_dag.py
[2025-07-16T23:48:07.519+0000] {processor.py:830} INFO - Processing file /home/airflow/.local/lib/python3.8/site-packages/airflow/example_dags/example_nested_branch_dag.py for tasks to queue
[2025-07-16T23:48:07.523+0000] {logging_mixin.py:188} INFO - [2025-07-16T23:48:07.522+0000] {dagbag.py:538} INFO - Filling up the DagBag from /home/airflow/.local/lib/python3.8/site-packages/airflow/example_dags/example_nested_branch_dag.py
[2025-07-16T23:48:07.541+0000] {processor.py:840} INFO - DAG(s) 'example_nested_branch_dag' retrieved from /home/airflow/.local/lib/python3.8/site-packages/airflow/example_dags/example_nested_branch_dag.py
[2025-07-16T23:48:07.588+0000] {logging_mixin.py:188} INFO - [2025-07-16T23:48:07.587+0000] {dag.py:3036} INFO - Sync 1 DAGs
[2025-07-16T23:48:07.765+0000] {logging_mixin.py:188} INFO - [2025-07-16T23:48:07.764+0000] {dag.py:3823} INFO - Setting next_dagrun for example_nested_branch_dag to 2025-07-15 00:00:00+00:00, run_after=2025-07-16 00:00:00+00:00
[2025-07-16T23:48:07.804+0000] {processor.py:183} INFO - Processing /home/airflow/.local/lib/python3.8/site-packages/airflow/example_dags/example_nested_branch_dag.py took 0.292 seconds
[2025-07-16T23:48:38.748+0000] {processor.py:161} INFO - Started process (PID=1930) to work on /home/airflow/.local/lib/python3.8/site-packages/airflow/example_dags/example_nested_branch_dag.py
[2025-07-16T23:48:38.750+0000] {processor.py:830} INFO - Processing file /home/airflow/.local/lib/python3.8/site-packages/airflow/example_dags/example_nested_branch_dag.py for tasks to queue
[2025-07-16T23:48:38.755+0000] {logging_mixin.py:188} INFO - [2025-07-16T23:48:38.755+0000] {dagbag.py:538} INFO - Filling up the DagBag from /home/airflow/.local/lib/python3.8/site-packages/airflow/example_dags/example_nested_branch_dag.py
[2025-07-16T23:48:38.770+0000] {processor.py:840} INFO - DAG(s) 'example_nested_branch_dag' retrieved from /home/airflow/.local/lib/python3.8/site-packages/airflow/example_dags/example_nested_branch_dag.py
[2025-07-16T23:48:38.806+0000] {logging_mixin.py:188} INFO - [2025-07-16T23:48:38.805+0000] {dag.py:3036} INFO - Sync 1 DAGs
[2025-07-16T23:48:38.850+0000] {logging_mixin.py:188} INFO - [2025-07-16T23:48:38.849+0000] {dag.py:3823} INFO - Setting next_dagrun for example_nested_branch_dag to 2025-07-15 00:00:00+00:00, run_after=2025-07-16 00:00:00+00:00
[2025-07-16T23:48:38.888+0000] {processor.py:183} INFO - Processing /home/airflow/.local/lib/python3.8/site-packages/airflow/example_dags/example_nested_branch_dag.py took 0.145 seconds
[2025-07-16T23:49:09.328+0000] {processor.py:161} INFO - Started process (PID=1995) to work on /home/airflow/.local/lib/python3.8/site-packages/airflow/example_dags/example_nested_branch_dag.py
[2025-07-16T23:49:09.329+0000] {processor.py:830} INFO - Processing file /home/airflow/.local/lib/python3.8/site-packages/airflow/example_dags/example_nested_branch_dag.py for tasks to queue
[2025-07-16T23:49:09.333+0000] {logging_mixin.py:188} INFO - [2025-07-16T23:49:09.332+0000] {dagbag.py:538} INFO - Filling up the DagBag from /home/airflow/.local/lib/python3.8/site-packages/airflow/example_dags/example_nested_branch_dag.py
[2025-07-16T23:49:09.356+0000] {processor.py:840} INFO - DAG(s) 'example_nested_branch_dag' retrieved from /home/airflow/.local/lib/python3.8/site-packages/airflow/example_dags/example_nested_branch_dag.py
[2025-07-16T23:49:09.387+0000] {logging_mixin.py:188} INFO - [2025-07-16T23:49:09.387+0000] {dag.py:3036} INFO - Sync 1 DAGs
[2025-07-16T23:49:09.419+0000] {logging_mixin.py:188} INFO - [2025-07-16T23:49:09.419+0000] {dag.py:3823} INFO - Setting next_dagrun for example_nested_branch_dag to 2025-07-15 00:00:00+00:00, run_after=2025-07-16 00:00:00+00:00
[2025-07-16T23:49:09.455+0000] {processor.py:183} INFO - Processing /home/airflow/.local/lib/python3.8/site-packages/airflow/example_dags/example_nested_branch_dag.py took 0.192 seconds
[2025-07-16T23:49:39.955+0000] {processor.py:161} INFO - Started process (PID=2058) to work on /home/airflow/.local/lib/python3.8/site-packages/airflow/example_dags/example_nested_branch_dag.py
[2025-07-16T23:49:39.956+0000] {processor.py:830} INFO - Processing file /home/airflow/.local/lib/python3.8/site-packages/airflow/example_dags/example_nested_branch_dag.py for tasks to queue
[2025-07-16T23:49:39.959+0000] {logging_mixin.py:188} INFO - [2025-07-16T23:49:39.958+0000] {dagbag.py:538} INFO - Filling up the DagBag from /home/airflow/.local/lib/python3.8/site-packages/airflow/example_dags/example_nested_branch_dag.py
[2025-07-16T23:49:39.974+0000] {processor.py:840} INFO - DAG(s) 'example_nested_branch_dag' retrieved from /home/airflow/.local/lib/python3.8/site-packages/airflow/example_dags/example_nested_branch_dag.py
[2025-07-16T23:49:40.013+0000] {logging_mixin.py:188} INFO - [2025-07-16T23:49:40.013+0000] {dag.py:3036} INFO - Sync 1 DAGs
[2025-07-16T23:49:40.050+0000] {logging_mixin.py:188} INFO - [2025-07-16T23:49:40.050+0000] {dag.py:3823} INFO - Setting next_dagrun for example_nested_branch_dag to 2025-07-15 00:00:00+00:00, run_after=2025-07-16 00:00:00+00:00
[2025-07-16T23:49:40.080+0000] {processor.py:183} INFO - Processing /home/airflow/.local/lib/python3.8/site-packages/airflow/example_dags/example_nested_branch_dag.py took 0.131 seconds
[2025-07-16T23:50:11.086+0000] {processor.py:161} INFO - Started process (PID=2121) to work on /home/airflow/.local/lib/python3.8/site-packages/airflow/example_dags/example_nested_branch_dag.py
[2025-07-16T23:50:11.087+0000] {processor.py:830} INFO - Processing file /home/airflow/.local/lib/python3.8/site-packages/airflow/example_dags/example_nested_branch_dag.py for tasks to queue
[2025-07-16T23:50:11.091+0000] {logging_mixin.py:188} INFO - [2025-07-16T23:50:11.091+0000] {dagbag.py:538} INFO - Filling up the DagBag from /home/airflow/.local/lib/python3.8/site-packages/airflow/example_dags/example_nested_branch_dag.py
[2025-07-16T23:50:11.109+0000] {processor.py:840} INFO - DAG(s) 'example_nested_branch_dag' retrieved from /home/airflow/.local/lib/python3.8/site-packages/airflow/example_dags/example_nested_branch_dag.py
[2025-07-16T23:50:11.157+0000] {logging_mixin.py:188} INFO - [2025-07-16T23:50:11.157+0000] {dag.py:3036} INFO - Sync 1 DAGs
[2025-07-16T23:50:11.199+0000] {logging_mixin.py:188} INFO - [2025-07-16T23:50:11.199+0000] {dag.py:3823} INFO - Setting next_dagrun for example_nested_branch_dag to 2025-07-15 00:00:00+00:00, run_after=2025-07-16 00:00:00+00:00
[2025-07-16T23:50:11.245+0000] {processor.py:183} INFO - Processing /home/airflow/.local/lib/python3.8/site-packages/airflow/example_dags/example_nested_branch_dag.py took 0.165 seconds
[2025-07-16T23:50:41.451+0000] {processor.py:161} INFO - Started process (PID=2186) to work on /home/airflow/.local/lib/python3.8/site-packages/airflow/example_dags/example_nested_branch_dag.py
[2025-07-16T23:50:41.453+0000] {processor.py:830} INFO - Processing file /home/airflow/.local/lib/python3.8/site-packages/airflow/example_dags/example_nested_branch_dag.py for tasks to queue
[2025-07-16T23:50:41.457+0000] {logging_mixin.py:188} INFO - [2025-07-16T23:50:41.456+0000] {dagbag.py:538} INFO - Filling up the DagBag from /home/airflow/.local/lib/python3.8/site-packages/airflow/example_dags/example_nested_branch_dag.py
[2025-07-16T23:50:41.475+0000] {processor.py:840} INFO - DAG(s) 'example_nested_branch_dag' retrieved from /home/airflow/.local/lib/python3.8/site-packages/airflow/example_dags/example_nested_branch_dag.py
[2025-07-16T23:50:41.522+0000] {logging_mixin.py:188} INFO - [2025-07-16T23:50:41.522+0000] {dag.py:3036} INFO - Sync 1 DAGs
[2025-07-16T23:50:41.577+0000] {logging_mixin.py:188} INFO - [2025-07-16T23:50:41.577+0000] {dag.py:3823} INFO - Setting next_dagrun for example_nested_branch_dag to 2025-07-15 00:00:00+00:00, run_after=2025-07-16 00:00:00+00:00
[2025-07-16T23:50:41.614+0000] {processor.py:183} INFO - Processing /home/airflow/.local/lib/python3.8/site-packages/airflow/example_dags/example_nested_branch_dag.py took 0.169 seconds
[2025-07-16T23:51:12.129+0000] {processor.py:161} INFO - Started process (PID=2252) to work on /home/airflow/.local/lib/python3.8/site-packages/airflow/example_dags/example_nested_branch_dag.py
[2025-07-16T23:51:12.131+0000] {processor.py:830} INFO - Processing file /home/airflow/.local/lib/python3.8/site-packages/airflow/example_dags/example_nested_branch_dag.py for tasks to queue
[2025-07-16T23:51:12.135+0000] {logging_mixin.py:188} INFO - [2025-07-16T23:51:12.135+0000] {dagbag.py:538} INFO - Filling up the DagBag from /home/airflow/.local/lib/python3.8/site-packages/airflow/example_dags/example_nested_branch_dag.py
[2025-07-16T23:51:12.155+0000] {processor.py:840} INFO - DAG(s) 'example_nested_branch_dag' retrieved from /home/airflow/.local/lib/python3.8/site-packages/airflow/example_dags/example_nested_branch_dag.py
[2025-07-16T23:51:12.200+0000] {logging_mixin.py:188} INFO - [2025-07-16T23:51:12.199+0000] {dag.py:3036} INFO - Sync 1 DAGs
[2025-07-16T23:51:12.252+0000] {logging_mixin.py:188} INFO - [2025-07-16T23:51:12.252+0000] {dag.py:3823} INFO - Setting next_dagrun for example_nested_branch_dag to 2025-07-15 00:00:00+00:00, run_after=2025-07-16 00:00:00+00:00
[2025-07-16T23:51:12.289+0000] {processor.py:183} INFO - Processing /home/airflow/.local/lib/python3.8/site-packages/airflow/example_dags/example_nested_branch_dag.py took 0.166 seconds
[2025-07-16T23:51:42.377+0000] {processor.py:161} INFO - Started process (PID=2318) to work on /home/airflow/.local/lib/python3.8/site-packages/airflow/example_dags/example_nested_branch_dag.py
[2025-07-16T23:51:42.380+0000] {processor.py:830} INFO - Processing file /home/airflow/.local/lib/python3.8/site-packages/airflow/example_dags/example_nested_branch_dag.py for tasks to queue
[2025-07-16T23:51:42.384+0000] {logging_mixin.py:188} INFO - [2025-07-16T23:51:42.383+0000] {dagbag.py:538} INFO - Filling up the DagBag from /home/airflow/.local/lib/python3.8/site-packages/airflow/example_dags/example_nested_branch_dag.py
[2025-07-16T23:51:42.406+0000] {processor.py:840} INFO - DAG(s) 'example_nested_branch_dag' retrieved from /home/airflow/.local/lib/python3.8/site-packages/airflow/example_dags/example_nested_branch_dag.py
[2025-07-16T23:51:42.459+0000] {logging_mixin.py:188} INFO - [2025-07-16T23:51:42.459+0000] {dag.py:3036} INFO - Sync 1 DAGs
[2025-07-16T23:51:42.725+0000] {logging_mixin.py:188} INFO - [2025-07-16T23:51:42.725+0000] {dag.py:3823} INFO - Setting next_dagrun for example_nested_branch_dag to 2025-07-15 00:00:00+00:00, run_after=2025-07-16 00:00:00+00:00
[2025-07-16T23:51:42.763+0000] {processor.py:183} INFO - Processing /home/airflow/.local/lib/python3.8/site-packages/airflow/example_dags/example_nested_branch_dag.py took 0.392 seconds
[2025-07-16T23:52:12.908+0000] {processor.py:161} INFO - Started process (PID=2384) to work on /home/airflow/.local/lib/python3.8/site-packages/airflow/example_dags/example_nested_branch_dag.py
[2025-07-16T23:52:12.910+0000] {processor.py:830} INFO - Processing file /home/airflow/.local/lib/python3.8/site-packages/airflow/example_dags/example_nested_branch_dag.py for tasks to queue
[2025-07-16T23:52:12.914+0000] {logging_mixin.py:188} INFO - [2025-07-16T23:52:12.913+0000] {dagbag.py:538} INFO - Filling up the DagBag from /home/airflow/.local/lib/python3.8/site-packages/airflow/example_dags/example_nested_branch_dag.py
[2025-07-16T23:52:12.934+0000] {processor.py:840} INFO - DAG(s) 'example_nested_branch_dag' retrieved from /home/airflow/.local/lib/python3.8/site-packages/airflow/example_dags/example_nested_branch_dag.py
[2025-07-16T23:52:12.982+0000] {logging_mixin.py:188} INFO - [2025-07-16T23:52:12.982+0000] {dag.py:3036} INFO - Sync 1 DAGs
[2025-07-16T23:52:13.233+0000] {logging_mixin.py:188} INFO - [2025-07-16T23:52:13.232+0000] {dag.py:3823} INFO - Setting next_dagrun for example_nested_branch_dag to 2025-07-15 00:00:00+00:00, run_after=2025-07-16 00:00:00+00:00
[2025-07-16T23:52:13.283+0000] {processor.py:183} INFO - Processing /home/airflow/.local/lib/python3.8/site-packages/airflow/example_dags/example_nested_branch_dag.py took 0.381 seconds
[2025-07-16T23:52:43.322+0000] {processor.py:161} INFO - Started process (PID=2450) to work on /home/airflow/.local/lib/python3.8/site-packages/airflow/example_dags/example_nested_branch_dag.py
[2025-07-16T23:52:43.323+0000] {processor.py:830} INFO - Processing file /home/airflow/.local/lib/python3.8/site-packages/airflow/example_dags/example_nested_branch_dag.py for tasks to queue
[2025-07-16T23:52:43.327+0000] {logging_mixin.py:188} INFO - [2025-07-16T23:52:43.326+0000] {dagbag.py:538} INFO - Filling up the DagBag from /home/airflow/.local/lib/python3.8/site-packages/airflow/example_dags/example_nested_branch_dag.py
[2025-07-16T23:52:43.343+0000] {processor.py:840} INFO - DAG(s) 'example_nested_branch_dag' retrieved from /home/airflow/.local/lib/python3.8/site-packages/airflow/example_dags/example_nested_branch_dag.py
[2025-07-16T23:52:43.379+0000] {logging_mixin.py:188} INFO - [2025-07-16T23:52:43.378+0000] {dag.py:3036} INFO - Sync 1 DAGs
[2025-07-16T23:52:43.411+0000] {logging_mixin.py:188} INFO - [2025-07-16T23:52:43.411+0000] {dag.py:3823} INFO - Setting next_dagrun for example_nested_branch_dag to 2025-07-15 00:00:00+00:00, run_after=2025-07-16 00:00:00+00:00
[2025-07-16T23:52:43.455+0000] {processor.py:183} INFO - Processing /home/airflow/.local/lib/python3.8/site-packages/airflow/example_dags/example_nested_branch_dag.py took 0.138 seconds
[2025-07-16T23:53:13.908+0000] {processor.py:161} INFO - Started process (PID=2512) to work on /home/airflow/.local/lib/python3.8/site-packages/airflow/example_dags/example_nested_branch_dag.py
[2025-07-16T23:53:13.909+0000] {processor.py:830} INFO - Processing file /home/airflow/.local/lib/python3.8/site-packages/airflow/example_dags/example_nested_branch_dag.py for tasks to queue
[2025-07-16T23:53:13.912+0000] {logging_mixin.py:188} INFO - [2025-07-16T23:53:13.911+0000] {dagbag.py:538} INFO - Filling up the DagBag from /home/airflow/.local/lib/python3.8/site-packages/airflow/example_dags/example_nested_branch_dag.py
[2025-07-16T23:53:13.925+0000] {processor.py:840} INFO - DAG(s) 'example_nested_branch_dag' retrieved from /home/airflow/.local/lib/python3.8/site-packages/airflow/example_dags/example_nested_branch_dag.py
[2025-07-16T23:53:13.961+0000] {logging_mixin.py:188} INFO - [2025-07-16T23:53:13.961+0000] {dag.py:3036} INFO - Sync 1 DAGs
[2025-07-16T23:53:13.997+0000] {logging_mixin.py:188} INFO - [2025-07-16T23:53:13.997+0000] {dag.py:3823} INFO - Setting next_dagrun for example_nested_branch_dag to 2025-07-15 00:00:00+00:00, run_after=2025-07-16 00:00:00+00:00
[2025-07-16T23:53:14.028+0000] {processor.py:183} INFO - Processing /home/airflow/.local/lib/python3.8/site-packages/airflow/example_dags/example_nested_branch_dag.py took 0.126 seconds
[2025-07-16T23:53:44.198+0000] {processor.py:161} INFO - Started process (PID=2576) to work on /home/airflow/.local/lib/python3.8/site-packages/airflow/example_dags/example_nested_branch_dag.py
[2025-07-16T23:53:44.199+0000] {processor.py:830} INFO - Processing file /home/airflow/.local/lib/python3.8/site-packages/airflow/example_dags/example_nested_branch_dag.py for tasks to queue
[2025-07-16T23:53:44.203+0000] {logging_mixin.py:188} INFO - [2025-07-16T23:53:44.202+0000] {dagbag.py:538} INFO - Filling up the DagBag from /home/airflow/.local/lib/python3.8/site-packages/airflow/example_dags/example_nested_branch_dag.py
[2025-07-16T23:53:44.217+0000] {processor.py:840} INFO - DAG(s) 'example_nested_branch_dag' retrieved from /home/airflow/.local/lib/python3.8/site-packages/airflow/example_dags/example_nested_branch_dag.py
[2025-07-16T23:53:44.249+0000] {logging_mixin.py:188} INFO - [2025-07-16T23:53:44.249+0000] {dag.py:3036} INFO - Sync 1 DAGs
[2025-07-16T23:53:44.282+0000] {logging_mixin.py:188} INFO - [2025-07-16T23:53:44.281+0000] {dag.py:3823} INFO - Setting next_dagrun for example_nested_branch_dag to 2025-07-15 00:00:00+00:00, run_after=2025-07-16 00:00:00+00:00
[2025-07-16T23:53:44.315+0000] {processor.py:183} INFO - Processing /home/airflow/.local/lib/python3.8/site-packages/airflow/example_dags/example_nested_branch_dag.py took 0.122 seconds
[2025-07-16T23:54:14.990+0000] {processor.py:161} INFO - Started process (PID=2642) to work on /home/airflow/.local/lib/python3.8/site-packages/airflow/example_dags/example_nested_branch_dag.py
[2025-07-16T23:54:14.992+0000] {processor.py:830} INFO - Processing file /home/airflow/.local/lib/python3.8/site-packages/airflow/example_dags/example_nested_branch_dag.py for tasks to queue
[2025-07-16T23:54:14.996+0000] {logging_mixin.py:188} INFO - [2025-07-16T23:54:14.995+0000] {dagbag.py:538} INFO - Filling up the DagBag from /home/airflow/.local/lib/python3.8/site-packages/airflow/example_dags/example_nested_branch_dag.py
[2025-07-16T23:54:15.015+0000] {processor.py:840} INFO - DAG(s) 'example_nested_branch_dag' retrieved from /home/airflow/.local/lib/python3.8/site-packages/airflow/example_dags/example_nested_branch_dag.py
[2025-07-16T23:54:15.062+0000] {logging_mixin.py:188} INFO - [2025-07-16T23:54:15.061+0000] {dag.py:3036} INFO - Sync 1 DAGs
[2025-07-16T23:54:15.115+0000] {logging_mixin.py:188} INFO - [2025-07-16T23:54:15.114+0000] {dag.py:3823} INFO - Setting next_dagrun for example_nested_branch_dag to 2025-07-15 00:00:00+00:00, run_after=2025-07-16 00:00:00+00:00
[2025-07-16T23:54:15.152+0000] {processor.py:183} INFO - Processing /home/airflow/.local/lib/python3.8/site-packages/airflow/example_dags/example_nested_branch_dag.py took 0.167 seconds
[2025-07-16T23:54:45.355+0000] {processor.py:161} INFO - Started process (PID=2708) to work on /home/airflow/.local/lib/python3.8/site-packages/airflow/example_dags/example_nested_branch_dag.py
[2025-07-16T23:54:45.357+0000] {processor.py:830} INFO - Processing file /home/airflow/.local/lib/python3.8/site-packages/airflow/example_dags/example_nested_branch_dag.py for tasks to queue
[2025-07-16T23:54:45.361+0000] {logging_mixin.py:188} INFO - [2025-07-16T23:54:45.361+0000] {dagbag.py:538} INFO - Filling up the DagBag from /home/airflow/.local/lib/python3.8/site-packages/airflow/example_dags/example_nested_branch_dag.py
[2025-07-16T23:54:45.385+0000] {processor.py:840} INFO - DAG(s) 'example_nested_branch_dag' retrieved from /home/airflow/.local/lib/python3.8/site-packages/airflow/example_dags/example_nested_branch_dag.py
[2025-07-16T23:54:45.439+0000] {logging_mixin.py:188} INFO - [2025-07-16T23:54:45.438+0000] {dag.py:3036} INFO - Sync 1 DAGs
[2025-07-16T23:54:45.486+0000] {logging_mixin.py:188} INFO - [2025-07-16T23:54:45.486+0000] {dag.py:3823} INFO - Setting next_dagrun for example_nested_branch_dag to 2025-07-15 00:00:00+00:00, run_after=2025-07-16 00:00:00+00:00
[2025-07-16T23:54:45.526+0000] {processor.py:183} INFO - Processing /home/airflow/.local/lib/python3.8/site-packages/airflow/example_dags/example_nested_branch_dag.py took 0.177 seconds
[2025-07-16T23:55:15.630+0000] {processor.py:161} INFO - Started process (PID=2774) to work on /home/airflow/.local/lib/python3.8/site-packages/airflow/example_dags/example_nested_branch_dag.py
[2025-07-16T23:55:15.632+0000] {processor.py:830} INFO - Processing file /home/airflow/.local/lib/python3.8/site-packages/airflow/example_dags/example_nested_branch_dag.py for tasks to queue
[2025-07-16T23:55:15.636+0000] {logging_mixin.py:188} INFO - [2025-07-16T23:55:15.635+0000] {dagbag.py:538} INFO - Filling up the DagBag from /home/airflow/.local/lib/python3.8/site-packages/airflow/example_dags/example_nested_branch_dag.py
[2025-07-16T23:55:15.655+0000] {processor.py:840} INFO - DAG(s) 'example_nested_branch_dag' retrieved from /home/airflow/.local/lib/python3.8/site-packages/airflow/example_dags/example_nested_branch_dag.py
[2025-07-16T23:55:15.702+0000] {logging_mixin.py:188} INFO - [2025-07-16T23:55:15.702+0000] {dag.py:3036} INFO - Sync 1 DAGs
[2025-07-16T23:55:15.747+0000] {logging_mixin.py:188} INFO - [2025-07-16T23:55:15.747+0000] {dag.py:3823} INFO - Setting next_dagrun for example_nested_branch_dag to 2025-07-15 00:00:00+00:00, run_after=2025-07-16 00:00:00+00:00
[2025-07-16T23:55:15.801+0000] {processor.py:183} INFO - Processing /home/airflow/.local/lib/python3.8/site-packages/airflow/example_dags/example_nested_branch_dag.py took 0.177 seconds
[2025-07-16T23:55:45.869+0000] {processor.py:161} INFO - Started process (PID=2840) to work on /home/airflow/.local/lib/python3.8/site-packages/airflow/example_dags/example_nested_branch_dag.py
[2025-07-16T23:55:45.870+0000] {processor.py:830} INFO - Processing file /home/airflow/.local/lib/python3.8/site-packages/airflow/example_dags/example_nested_branch_dag.py for tasks to queue
[2025-07-16T23:55:45.874+0000] {logging_mixin.py:188} INFO - [2025-07-16T23:55:45.873+0000] {dagbag.py:538} INFO - Filling up the DagBag from /home/airflow/.local/lib/python3.8/site-packages/airflow/example_dags/example_nested_branch_dag.py
[2025-07-16T23:55:45.891+0000] {processor.py:840} INFO - DAG(s) 'example_nested_branch_dag' retrieved from /home/airflow/.local/lib/python3.8/site-packages/airflow/example_dags/example_nested_branch_dag.py
[2025-07-16T23:55:45.933+0000] {logging_mixin.py:188} INFO - [2025-07-16T23:55:45.933+0000] {dag.py:3036} INFO - Sync 1 DAGs
[2025-07-16T23:55:45.978+0000] {logging_mixin.py:188} INFO - [2025-07-16T23:55:45.977+0000] {dag.py:3823} INFO - Setting next_dagrun for example_nested_branch_dag to 2025-07-15 00:00:00+00:00, run_after=2025-07-16 00:00:00+00:00
[2025-07-16T23:55:46.037+0000] {processor.py:183} INFO - Processing /home/airflow/.local/lib/python3.8/site-packages/airflow/example_dags/example_nested_branch_dag.py took 0.173 seconds
[2025-07-16T23:56:16.221+0000] {processor.py:161} INFO - Started process (PID=2905) to work on /home/airflow/.local/lib/python3.8/site-packages/airflow/example_dags/example_nested_branch_dag.py
[2025-07-16T23:56:16.227+0000] {processor.py:830} INFO - Processing file /home/airflow/.local/lib/python3.8/site-packages/airflow/example_dags/example_nested_branch_dag.py for tasks to queue
[2025-07-16T23:56:16.233+0000] {logging_mixin.py:188} INFO - [2025-07-16T23:56:16.232+0000] {dagbag.py:538} INFO - Filling up the DagBag from /home/airflow/.local/lib/python3.8/site-packages/airflow/example_dags/example_nested_branch_dag.py
[2025-07-16T23:56:16.266+0000] {processor.py:840} INFO - DAG(s) 'example_nested_branch_dag' retrieved from /home/airflow/.local/lib/python3.8/site-packages/airflow/example_dags/example_nested_branch_dag.py
[2025-07-16T23:56:16.365+0000] {logging_mixin.py:188} INFO - [2025-07-16T23:56:16.365+0000] {dag.py:3036} INFO - Sync 1 DAGs
[2025-07-16T23:56:16.461+0000] {logging_mixin.py:188} INFO - [2025-07-16T23:56:16.461+0000] {dag.py:3823} INFO - Setting next_dagrun for example_nested_branch_dag to 2025-07-15 00:00:00+00:00, run_after=2025-07-16 00:00:00+00:00
[2025-07-16T23:56:16.509+0000] {processor.py:183} INFO - Processing /home/airflow/.local/lib/python3.8/site-packages/airflow/example_dags/example_nested_branch_dag.py took 0.298 seconds
[2025-07-16T23:56:47.026+0000] {processor.py:161} INFO - Started process (PID=2971) to work on /home/airflow/.local/lib/python3.8/site-packages/airflow/example_dags/example_nested_branch_dag.py
[2025-07-16T23:56:47.027+0000] {processor.py:830} INFO - Processing file /home/airflow/.local/lib/python3.8/site-packages/airflow/example_dags/example_nested_branch_dag.py for tasks to queue
[2025-07-16T23:56:47.036+0000] {logging_mixin.py:188} INFO - [2025-07-16T23:56:47.036+0000] {dagbag.py:538} INFO - Filling up the DagBag from /home/airflow/.local/lib/python3.8/site-packages/airflow/example_dags/example_nested_branch_dag.py
[2025-07-16T23:56:47.071+0000] {processor.py:840} INFO - DAG(s) 'example_nested_branch_dag' retrieved from /home/airflow/.local/lib/python3.8/site-packages/airflow/example_dags/example_nested_branch_dag.py
[2025-07-16T23:56:47.125+0000] {logging_mixin.py:188} INFO - [2025-07-16T23:56:47.124+0000] {dag.py:3036} INFO - Sync 1 DAGs
[2025-07-16T23:56:47.177+0000] {logging_mixin.py:188} INFO - [2025-07-16T23:56:47.176+0000] {dag.py:3823} INFO - Setting next_dagrun for example_nested_branch_dag to 2025-07-15 00:00:00+00:00, run_after=2025-07-16 00:00:00+00:00
[2025-07-16T23:56:47.226+0000] {processor.py:183} INFO - Processing /home/airflow/.local/lib/python3.8/site-packages/airflow/example_dags/example_nested_branch_dag.py took 0.207 seconds
[2025-07-16T23:57:17.340+0000] {processor.py:161} INFO - Started process (PID=3037) to work on /home/airflow/.local/lib/python3.8/site-packages/airflow/example_dags/example_nested_branch_dag.py
[2025-07-16T23:57:17.342+0000] {processor.py:830} INFO - Processing file /home/airflow/.local/lib/python3.8/site-packages/airflow/example_dags/example_nested_branch_dag.py for tasks to queue
[2025-07-16T23:57:17.346+0000] {logging_mixin.py:188} INFO - [2025-07-16T23:57:17.346+0000] {dagbag.py:538} INFO - Filling up the DagBag from /home/airflow/.local/lib/python3.8/site-packages/airflow/example_dags/example_nested_branch_dag.py
[2025-07-16T23:57:17.364+0000] {processor.py:840} INFO - DAG(s) 'example_nested_branch_dag' retrieved from /home/airflow/.local/lib/python3.8/site-packages/airflow/example_dags/example_nested_branch_dag.py
[2025-07-16T23:57:17.406+0000] {logging_mixin.py:188} INFO - [2025-07-16T23:57:17.406+0000] {dag.py:3036} INFO - Sync 1 DAGs
[2025-07-16T23:57:17.452+0000] {logging_mixin.py:188} INFO - [2025-07-16T23:57:17.452+0000] {dag.py:3823} INFO - Setting next_dagrun for example_nested_branch_dag to 2025-07-15 00:00:00+00:00, run_after=2025-07-16 00:00:00+00:00
[2025-07-16T23:57:17.493+0000] {processor.py:183} INFO - Processing /home/airflow/.local/lib/python3.8/site-packages/airflow/example_dags/example_nested_branch_dag.py took 0.160 seconds
[2025-07-16T23:57:47.804+0000] {processor.py:161} INFO - Started process (PID=3104) to work on /home/airflow/.local/lib/python3.8/site-packages/airflow/example_dags/example_nested_branch_dag.py
[2025-07-16T23:57:47.806+0000] {processor.py:830} INFO - Processing file /home/airflow/.local/lib/python3.8/site-packages/airflow/example_dags/example_nested_branch_dag.py for tasks to queue
[2025-07-16T23:57:47.810+0000] {logging_mixin.py:188} INFO - [2025-07-16T23:57:47.809+0000] {dagbag.py:538} INFO - Filling up the DagBag from /home/airflow/.local/lib/python3.8/site-packages/airflow/example_dags/example_nested_branch_dag.py
[2025-07-16T23:57:47.830+0000] {processor.py:840} INFO - DAG(s) 'example_nested_branch_dag' retrieved from /home/airflow/.local/lib/python3.8/site-packages/airflow/example_dags/example_nested_branch_dag.py
[2025-07-16T23:57:47.866+0000] {logging_mixin.py:188} INFO - [2025-07-16T23:57:47.865+0000] {dag.py:3036} INFO - Sync 1 DAGs
[2025-07-16T23:57:47.906+0000] {logging_mixin.py:188} INFO - [2025-07-16T23:57:47.906+0000] {dag.py:3823} INFO - Setting next_dagrun for example_nested_branch_dag to 2025-07-15 00:00:00+00:00, run_after=2025-07-16 00:00:00+00:00
[2025-07-16T23:57:47.942+0000] {processor.py:183} INFO - Processing /home/airflow/.local/lib/python3.8/site-packages/airflow/example_dags/example_nested_branch_dag.py took 0.144 seconds
[2025-07-16T23:58:18.390+0000] {processor.py:161} INFO - Started process (PID=3170) to work on /home/airflow/.local/lib/python3.8/site-packages/airflow/example_dags/example_nested_branch_dag.py
[2025-07-16T23:58:18.392+0000] {processor.py:830} INFO - Processing file /home/airflow/.local/lib/python3.8/site-packages/airflow/example_dags/example_nested_branch_dag.py for tasks to queue
[2025-07-16T23:58:18.396+0000] {logging_mixin.py:188} INFO - [2025-07-16T23:58:18.395+0000] {dagbag.py:538} INFO - Filling up the DagBag from /home/airflow/.local/lib/python3.8/site-packages/airflow/example_dags/example_nested_branch_dag.py
[2025-07-16T23:58:18.414+0000] {processor.py:840} INFO - DAG(s) 'example_nested_branch_dag' retrieved from /home/airflow/.local/lib/python3.8/site-packages/airflow/example_dags/example_nested_branch_dag.py
[2025-07-16T23:58:18.458+0000] {logging_mixin.py:188} INFO - [2025-07-16T23:58:18.457+0000] {dag.py:3036} INFO - Sync 1 DAGs
[2025-07-16T23:58:18.502+0000] {logging_mixin.py:188} INFO - [2025-07-16T23:58:18.502+0000] {dag.py:3823} INFO - Setting next_dagrun for example_nested_branch_dag to 2025-07-15 00:00:00+00:00, run_after=2025-07-16 00:00:00+00:00
[2025-07-16T23:58:18.534+0000] {processor.py:183} INFO - Processing /home/airflow/.local/lib/python3.8/site-packages/airflow/example_dags/example_nested_branch_dag.py took 0.150 seconds
[2025-07-16T23:58:48.663+0000] {processor.py:161} INFO - Started process (PID=3235) to work on /home/airflow/.local/lib/python3.8/site-packages/airflow/example_dags/example_nested_branch_dag.py
[2025-07-16T23:58:48.665+0000] {processor.py:830} INFO - Processing file /home/airflow/.local/lib/python3.8/site-packages/airflow/example_dags/example_nested_branch_dag.py for tasks to queue
[2025-07-16T23:58:48.669+0000] {logging_mixin.py:188} INFO - [2025-07-16T23:58:48.668+0000] {dagbag.py:538} INFO - Filling up the DagBag from /home/airflow/.local/lib/python3.8/site-packages/airflow/example_dags/example_nested_branch_dag.py
[2025-07-16T23:58:48.689+0000] {processor.py:840} INFO - DAG(s) 'example_nested_branch_dag' retrieved from /home/airflow/.local/lib/python3.8/site-packages/airflow/example_dags/example_nested_branch_dag.py
[2025-07-16T23:58:48.730+0000] {logging_mixin.py:188} INFO - [2025-07-16T23:58:48.729+0000] {dag.py:3036} INFO - Sync 1 DAGs
[2025-07-16T23:58:48.774+0000] {logging_mixin.py:188} INFO - [2025-07-16T23:58:48.773+0000] {dag.py:3823} INFO - Setting next_dagrun for example_nested_branch_dag to 2025-07-15 00:00:00+00:00, run_after=2025-07-16 00:00:00+00:00
[2025-07-16T23:58:48.826+0000] {processor.py:183} INFO - Processing /home/airflow/.local/lib/python3.8/site-packages/airflow/example_dags/example_nested_branch_dag.py took 0.169 seconds
[2025-07-16T23:59:19.423+0000] {processor.py:161} INFO - Started process (PID=3300) to work on /home/airflow/.local/lib/python3.8/site-packages/airflow/example_dags/example_nested_branch_dag.py
[2025-07-16T23:59:19.424+0000] {processor.py:830} INFO - Processing file /home/airflow/.local/lib/python3.8/site-packages/airflow/example_dags/example_nested_branch_dag.py for tasks to queue
[2025-07-16T23:59:19.427+0000] {logging_mixin.py:188} INFO - [2025-07-16T23:59:19.427+0000] {dagbag.py:538} INFO - Filling up the DagBag from /home/airflow/.local/lib/python3.8/site-packages/airflow/example_dags/example_nested_branch_dag.py
[2025-07-16T23:59:19.446+0000] {processor.py:840} INFO - DAG(s) 'example_nested_branch_dag' retrieved from /home/airflow/.local/lib/python3.8/site-packages/airflow/example_dags/example_nested_branch_dag.py
[2025-07-16T23:59:19.481+0000] {logging_mixin.py:188} INFO - [2025-07-16T23:59:19.481+0000] {dag.py:3036} INFO - Sync 1 DAGs
[2025-07-16T23:59:19.519+0000] {logging_mixin.py:188} INFO - [2025-07-16T23:59:19.519+0000] {dag.py:3823} INFO - Setting next_dagrun for example_nested_branch_dag to 2025-07-15 00:00:00+00:00, run_after=2025-07-16 00:00:00+00:00
[2025-07-16T23:59:19.596+0000] {processor.py:183} INFO - Processing /home/airflow/.local/lib/python3.8/site-packages/airflow/example_dags/example_nested_branch_dag.py took 0.181 seconds
[2025-07-16T23:59:50.452+0000] {processor.py:161} INFO - Started process (PID=3363) to work on /home/airflow/.local/lib/python3.8/site-packages/airflow/example_dags/example_nested_branch_dag.py
[2025-07-16T23:59:50.454+0000] {processor.py:830} INFO - Processing file /home/airflow/.local/lib/python3.8/site-packages/airflow/example_dags/example_nested_branch_dag.py for tasks to queue
[2025-07-16T23:59:50.457+0000] {logging_mixin.py:188} INFO - [2025-07-16T23:59:50.456+0000] {dagbag.py:538} INFO - Filling up the DagBag from /home/airflow/.local/lib/python3.8/site-packages/airflow/example_dags/example_nested_branch_dag.py
[2025-07-16T23:59:50.472+0000] {processor.py:840} INFO - DAG(s) 'example_nested_branch_dag' retrieved from /home/airflow/.local/lib/python3.8/site-packages/airflow/example_dags/example_nested_branch_dag.py
[2025-07-16T23:59:50.510+0000] {logging_mixin.py:188} INFO - [2025-07-16T23:59:50.509+0000] {dag.py:3036} INFO - Sync 1 DAGs
[2025-07-16T23:59:50.551+0000] {logging_mixin.py:188} INFO - [2025-07-16T23:59:50.551+0000] {dag.py:3823} INFO - Setting next_dagrun for example_nested_branch_dag to 2025-07-15 00:00:00+00:00, run_after=2025-07-16 00:00:00+00:00
[2025-07-16T23:59:50.585+0000] {processor.py:183} INFO - Processing /home/airflow/.local/lib/python3.8/site-packages/airflow/example_dags/example_nested_branch_dag.py took 0.140 seconds
