[2025-07-16T15:02:23.347+0000] {processor.py:161} INFO - Started process (PID=118) to work on /home/airflow/.local/lib/python3.8/site-packages/airflow/example_dags/example_short_circuit_decorator.py
[2025-07-16T15:02:23.350+0000] {processor.py:830} INFO - Processing file /home/airflow/.local/lib/python3.8/site-packages/airflow/example_dags/example_short_circuit_decorator.py for tasks to queue
[2025-07-16T15:02:23.353+0000] {logging_mixin.py:188} INFO - [2025-07-16T15:02:23.353+0000] {dagbag.py:538} INFO - Filling up the DagBag from /home/airflow/.local/lib/python3.8/site-packages/airflow/example_dags/example_short_circuit_decorator.py
[2025-07-16T15:02:23.378+0000] {processor.py:840} INFO - DAG(s) 'example_short_circuit_decorator' retrieved from /home/airflow/.local/lib/python3.8/site-packages/airflow/example_dags/example_short_circuit_decorator.py
[2025-07-16T15:02:23.439+0000] {logging_mixin.py:188} INFO - [2025-07-16T15:02:23.438+0000] {dag.py:3036} INFO - Sync 1 DAGs
[2025-07-16T15:02:23.497+0000] {logging_mixin.py:188} INFO - [2025-07-16T15:02:23.497+0000] {dag.py:3823} INFO - Setting next_dagrun for example_short_circuit_decorator to 2025-07-15 00:00:00+00:00, run_after=2025-07-16 00:00:00+00:00
[2025-07-16T15:02:23.536+0000] {processor.py:183} INFO - Processing /home/airflow/.local/lib/python3.8/site-packages/airflow/example_dags/example_short_circuit_decorator.py took 0.198 seconds
[2025-07-16T15:02:58.823+0000] {processor.py:161} INFO - Started process (PID=184) to work on /home/airflow/.local/lib/python3.8/site-packages/airflow/example_dags/example_short_circuit_decorator.py
[2025-07-16T15:02:58.825+0000] {processor.py:830} INFO - Processing file /home/airflow/.local/lib/python3.8/site-packages/airflow/example_dags/example_short_circuit_decorator.py for tasks to queue
[2025-07-16T15:02:58.827+0000] {logging_mixin.py:188} INFO - [2025-07-16T15:02:58.827+0000] {dagbag.py:538} INFO - Filling up the DagBag from /home/airflow/.local/lib/python3.8/site-packages/airflow/example_dags/example_short_circuit_decorator.py
[2025-07-16T15:02:58.843+0000] {processor.py:840} INFO - DAG(s) 'example_short_circuit_decorator' retrieved from /home/airflow/.local/lib/python3.8/site-packages/airflow/example_dags/example_short_circuit_decorator.py
[2025-07-16T15:02:58.875+0000] {logging_mixin.py:188} INFO - [2025-07-16T15:02:58.875+0000] {dag.py:3036} INFO - Sync 1 DAGs
[2025-07-16T15:02:58.907+0000] {logging_mixin.py:188} INFO - [2025-07-16T15:02:58.906+0000] {dag.py:3823} INFO - Setting next_dagrun for example_short_circuit_decorator to 2025-07-15 00:00:00+00:00, run_after=2025-07-16 00:00:00+00:00
[2025-07-16T15:02:58.931+0000] {processor.py:183} INFO - Processing /home/airflow/.local/lib/python3.8/site-packages/airflow/example_dags/example_short_circuit_decorator.py took 0.113 seconds
[2025-07-16T15:03:30.056+0000] {processor.py:161} INFO - Started process (PID=244) to work on /home/airflow/.local/lib/python3.8/site-packages/airflow/example_dags/example_short_circuit_decorator.py
[2025-07-16T15:03:30.058+0000] {processor.py:830} INFO - Processing file /home/airflow/.local/lib/python3.8/site-packages/airflow/example_dags/example_short_circuit_decorator.py for tasks to queue
[2025-07-16T15:03:30.066+0000] {logging_mixin.py:188} INFO - [2025-07-16T15:03:30.066+0000] {dagbag.py:538} INFO - Filling up the DagBag from /home/airflow/.local/lib/python3.8/site-packages/airflow/example_dags/example_short_circuit_decorator.py
[2025-07-16T15:03:30.093+0000] {processor.py:840} INFO - DAG(s) 'example_short_circuit_decorator' retrieved from /home/airflow/.local/lib/python3.8/site-packages/airflow/example_dags/example_short_circuit_decorator.py
[2025-07-16T15:03:30.138+0000] {logging_mixin.py:188} INFO - [2025-07-16T15:03:30.138+0000] {dag.py:3036} INFO - Sync 1 DAGs
[2025-07-16T15:03:30.177+0000] {logging_mixin.py:188} INFO - [2025-07-16T15:03:30.176+0000] {dag.py:3823} INFO - Setting next_dagrun for example_short_circuit_decorator to 2025-07-15 00:00:00+00:00, run_after=2025-07-16 00:00:00+00:00
[2025-07-16T15:03:30.213+0000] {processor.py:183} INFO - Processing /home/airflow/.local/lib/python3.8/site-packages/airflow/example_dags/example_short_circuit_decorator.py took 0.162 seconds
[2025-07-16T23:34:19.384+0000] {processor.py:161} INFO - Started process (PID=116) to work on /home/airflow/.local/lib/python3.8/site-packages/airflow/example_dags/example_short_circuit_decorator.py
[2025-07-16T23:34:19.388+0000] {processor.py:830} INFO - Processing file /home/airflow/.local/lib/python3.8/site-packages/airflow/example_dags/example_short_circuit_decorator.py for tasks to queue
[2025-07-16T23:34:19.392+0000] {logging_mixin.py:188} INFO - [2025-07-16T23:34:19.392+0000] {dagbag.py:538} INFO - Filling up the DagBag from /home/airflow/.local/lib/python3.8/site-packages/airflow/example_dags/example_short_circuit_decorator.py
[2025-07-16T23:34:19.414+0000] {processor.py:840} INFO - DAG(s) 'example_short_circuit_decorator' retrieved from /home/airflow/.local/lib/python3.8/site-packages/airflow/example_dags/example_short_circuit_decorator.py
[2025-07-16T23:34:19.459+0000] {logging_mixin.py:188} INFO - [2025-07-16T23:34:19.458+0000] {dag.py:3036} INFO - Sync 1 DAGs
[2025-07-16T23:34:19.700+0000] {logging_mixin.py:188} INFO - [2025-07-16T23:34:19.700+0000] {dag.py:3823} INFO - Setting next_dagrun for example_short_circuit_decorator to 2025-07-15 00:00:00+00:00, run_after=2025-07-16 00:00:00+00:00
[2025-07-16T23:34:19.737+0000] {processor.py:183} INFO - Processing /home/airflow/.local/lib/python3.8/site-packages/airflow/example_dags/example_short_circuit_decorator.py took 0.359 seconds
[2025-07-16T23:34:50.235+0000] {processor.py:161} INFO - Started process (PID=178) to work on /home/airflow/.local/lib/python3.8/site-packages/airflow/example_dags/example_short_circuit_decorator.py
[2025-07-16T23:34:50.237+0000] {processor.py:830} INFO - Processing file /home/airflow/.local/lib/python3.8/site-packages/airflow/example_dags/example_short_circuit_decorator.py for tasks to queue
[2025-07-16T23:34:50.243+0000] {logging_mixin.py:188} INFO - [2025-07-16T23:34:50.242+0000] {dagbag.py:538} INFO - Filling up the DagBag from /home/airflow/.local/lib/python3.8/site-packages/airflow/example_dags/example_short_circuit_decorator.py
[2025-07-16T23:34:50.260+0000] {processor.py:840} INFO - DAG(s) 'example_short_circuit_decorator' retrieved from /home/airflow/.local/lib/python3.8/site-packages/airflow/example_dags/example_short_circuit_decorator.py
[2025-07-16T23:34:50.316+0000] {logging_mixin.py:188} INFO - [2025-07-16T23:34:50.315+0000] {dag.py:3036} INFO - Sync 1 DAGs
[2025-07-16T23:34:50.380+0000] {logging_mixin.py:188} INFO - [2025-07-16T23:34:50.379+0000] {dag.py:3823} INFO - Setting next_dagrun for example_short_circuit_decorator to 2025-07-15 00:00:00+00:00, run_after=2025-07-16 00:00:00+00:00
[2025-07-16T23:34:50.422+0000] {processor.py:183} INFO - Processing /home/airflow/.local/lib/python3.8/site-packages/airflow/example_dags/example_short_circuit_decorator.py took 0.193 seconds
[2025-07-16T23:35:20.463+0000] {processor.py:161} INFO - Started process (PID=242) to work on /home/airflow/.local/lib/python3.8/site-packages/airflow/example_dags/example_short_circuit_decorator.py
[2025-07-16T23:35:20.464+0000] {processor.py:830} INFO - Processing file /home/airflow/.local/lib/python3.8/site-packages/airflow/example_dags/example_short_circuit_decorator.py for tasks to queue
[2025-07-16T23:35:20.468+0000] {logging_mixin.py:188} INFO - [2025-07-16T23:35:20.468+0000] {dagbag.py:538} INFO - Filling up the DagBag from /home/airflow/.local/lib/python3.8/site-packages/airflow/example_dags/example_short_circuit_decorator.py
[2025-07-16T23:35:20.486+0000] {processor.py:840} INFO - DAG(s) 'example_short_circuit_decorator' retrieved from /home/airflow/.local/lib/python3.8/site-packages/airflow/example_dags/example_short_circuit_decorator.py
[2025-07-16T23:35:20.519+0000] {logging_mixin.py:188} INFO - [2025-07-16T23:35:20.519+0000] {dag.py:3036} INFO - Sync 1 DAGs
[2025-07-16T23:35:20.549+0000] {logging_mixin.py:188} INFO - [2025-07-16T23:35:20.549+0000] {dag.py:3823} INFO - Setting next_dagrun for example_short_circuit_decorator to 2025-07-15 00:00:00+00:00, run_after=2025-07-16 00:00:00+00:00
[2025-07-16T23:35:20.575+0000] {processor.py:183} INFO - Processing /home/airflow/.local/lib/python3.8/site-packages/airflow/example_dags/example_short_circuit_decorator.py took 0.117 seconds
[2025-07-16T23:35:51.046+0000] {processor.py:161} INFO - Started process (PID=308) to work on /home/airflow/.local/lib/python3.8/site-packages/airflow/example_dags/example_short_circuit_decorator.py
[2025-07-16T23:35:51.047+0000] {processor.py:830} INFO - Processing file /home/airflow/.local/lib/python3.8/site-packages/airflow/example_dags/example_short_circuit_decorator.py for tasks to queue
[2025-07-16T23:35:51.050+0000] {logging_mixin.py:188} INFO - [2025-07-16T23:35:51.050+0000] {dagbag.py:538} INFO - Filling up the DagBag from /home/airflow/.local/lib/python3.8/site-packages/airflow/example_dags/example_short_circuit_decorator.py
[2025-07-16T23:35:51.069+0000] {processor.py:840} INFO - DAG(s) 'example_short_circuit_decorator' retrieved from /home/airflow/.local/lib/python3.8/site-packages/airflow/example_dags/example_short_circuit_decorator.py
[2025-07-16T23:35:51.117+0000] {logging_mixin.py:188} INFO - [2025-07-16T23:35:51.117+0000] {dag.py:3036} INFO - Sync 1 DAGs
[2025-07-16T23:35:51.156+0000] {logging_mixin.py:188} INFO - [2025-07-16T23:35:51.156+0000] {dag.py:3823} INFO - Setting next_dagrun for example_short_circuit_decorator to 2025-07-15 00:00:00+00:00, run_after=2025-07-16 00:00:00+00:00
[2025-07-16T23:35:51.194+0000] {processor.py:183} INFO - Processing /home/airflow/.local/lib/python3.8/site-packages/airflow/example_dags/example_short_circuit_decorator.py took 0.154 seconds
[2025-07-16T23:36:21.328+0000] {processor.py:161} INFO - Started process (PID=374) to work on /home/airflow/.local/lib/python3.8/site-packages/airflow/example_dags/example_short_circuit_decorator.py
[2025-07-16T23:36:21.330+0000] {processor.py:830} INFO - Processing file /home/airflow/.local/lib/python3.8/site-packages/airflow/example_dags/example_short_circuit_decorator.py for tasks to queue
[2025-07-16T23:36:21.334+0000] {logging_mixin.py:188} INFO - [2025-07-16T23:36:21.333+0000] {dagbag.py:538} INFO - Filling up the DagBag from /home/airflow/.local/lib/python3.8/site-packages/airflow/example_dags/example_short_circuit_decorator.py
[2025-07-16T23:36:21.349+0000] {processor.py:840} INFO - DAG(s) 'example_short_circuit_decorator' retrieved from /home/airflow/.local/lib/python3.8/site-packages/airflow/example_dags/example_short_circuit_decorator.py
[2025-07-16T23:36:21.400+0000] {logging_mixin.py:188} INFO - [2025-07-16T23:36:21.399+0000] {dag.py:3036} INFO - Sync 1 DAGs
[2025-07-16T23:36:21.438+0000] {logging_mixin.py:188} INFO - [2025-07-16T23:36:21.438+0000] {dag.py:3823} INFO - Setting next_dagrun for example_short_circuit_decorator to 2025-07-15 00:00:00+00:00, run_after=2025-07-16 00:00:00+00:00
[2025-07-16T23:36:21.476+0000] {processor.py:183} INFO - Processing /home/airflow/.local/lib/python3.8/site-packages/airflow/example_dags/example_short_circuit_decorator.py took 0.153 seconds
[2025-07-16T23:36:51.534+0000] {processor.py:161} INFO - Started process (PID=439) to work on /home/airflow/.local/lib/python3.8/site-packages/airflow/example_dags/example_short_circuit_decorator.py
[2025-07-16T23:36:51.535+0000] {processor.py:830} INFO - Processing file /home/airflow/.local/lib/python3.8/site-packages/airflow/example_dags/example_short_circuit_decorator.py for tasks to queue
[2025-07-16T23:36:51.538+0000] {logging_mixin.py:188} INFO - [2025-07-16T23:36:51.538+0000] {dagbag.py:538} INFO - Filling up the DagBag from /home/airflow/.local/lib/python3.8/site-packages/airflow/example_dags/example_short_circuit_decorator.py
[2025-07-16T23:36:51.551+0000] {processor.py:840} INFO - DAG(s) 'example_short_circuit_decorator' retrieved from /home/airflow/.local/lib/python3.8/site-packages/airflow/example_dags/example_short_circuit_decorator.py
[2025-07-16T23:36:51.585+0000] {logging_mixin.py:188} INFO - [2025-07-16T23:36:51.585+0000] {dag.py:3036} INFO - Sync 1 DAGs
[2025-07-16T23:36:51.615+0000] {logging_mixin.py:188} INFO - [2025-07-16T23:36:51.615+0000] {dag.py:3823} INFO - Setting next_dagrun for example_short_circuit_decorator to 2025-07-15 00:00:00+00:00, run_after=2025-07-16 00:00:00+00:00
[2025-07-16T23:36:51.652+0000] {processor.py:183} INFO - Processing /home/airflow/.local/lib/python3.8/site-packages/airflow/example_dags/example_short_circuit_decorator.py took 0.122 seconds
[2025-07-16T23:37:22.497+0000] {processor.py:161} INFO - Started process (PID=507) to work on /home/airflow/.local/lib/python3.8/site-packages/airflow/example_dags/example_short_circuit_decorator.py
[2025-07-16T23:37:22.498+0000] {processor.py:830} INFO - Processing file /home/airflow/.local/lib/python3.8/site-packages/airflow/example_dags/example_short_circuit_decorator.py for tasks to queue
[2025-07-16T23:37:22.501+0000] {logging_mixin.py:188} INFO - [2025-07-16T23:37:22.501+0000] {dagbag.py:538} INFO - Filling up the DagBag from /home/airflow/.local/lib/python3.8/site-packages/airflow/example_dags/example_short_circuit_decorator.py
[2025-07-16T23:37:22.524+0000] {processor.py:840} INFO - DAG(s) 'example_short_circuit_decorator' retrieved from /home/airflow/.local/lib/python3.8/site-packages/airflow/example_dags/example_short_circuit_decorator.py
[2025-07-16T23:37:22.569+0000] {logging_mixin.py:188} INFO - [2025-07-16T23:37:22.568+0000] {dag.py:3036} INFO - Sync 1 DAGs
[2025-07-16T23:37:22.611+0000] {logging_mixin.py:188} INFO - [2025-07-16T23:37:22.611+0000] {dag.py:3823} INFO - Setting next_dagrun for example_short_circuit_decorator to 2025-07-15 00:00:00+00:00, run_after=2025-07-16 00:00:00+00:00
[2025-07-16T23:37:22.651+0000] {processor.py:183} INFO - Processing /home/airflow/.local/lib/python3.8/site-packages/airflow/example_dags/example_short_circuit_decorator.py took 0.159 seconds
[2025-07-16T23:37:52.717+0000] {processor.py:161} INFO - Started process (PID=567) to work on /home/airflow/.local/lib/python3.8/site-packages/airflow/example_dags/example_short_circuit_decorator.py
[2025-07-16T23:37:52.719+0000] {processor.py:830} INFO - Processing file /home/airflow/.local/lib/python3.8/site-packages/airflow/example_dags/example_short_circuit_decorator.py for tasks to queue
[2025-07-16T23:37:52.723+0000] {logging_mixin.py:188} INFO - [2025-07-16T23:37:52.722+0000] {dagbag.py:538} INFO - Filling up the DagBag from /home/airflow/.local/lib/python3.8/site-packages/airflow/example_dags/example_short_circuit_decorator.py
[2025-07-16T23:37:52.741+0000] {processor.py:840} INFO - DAG(s) 'example_short_circuit_decorator' retrieved from /home/airflow/.local/lib/python3.8/site-packages/airflow/example_dags/example_short_circuit_decorator.py
[2025-07-16T23:37:52.795+0000] {logging_mixin.py:188} INFO - [2025-07-16T23:37:52.795+0000] {dag.py:3036} INFO - Sync 1 DAGs
[2025-07-16T23:37:52.844+0000] {logging_mixin.py:188} INFO - [2025-07-16T23:37:52.844+0000] {dag.py:3823} INFO - Setting next_dagrun for example_short_circuit_decorator to 2025-07-15 00:00:00+00:00, run_after=2025-07-16 00:00:00+00:00
[2025-07-16T23:37:52.878+0000] {processor.py:183} INFO - Processing /home/airflow/.local/lib/python3.8/site-packages/airflow/example_dags/example_short_circuit_decorator.py took 0.168 seconds
[2025-07-16T23:38:23.395+0000] {processor.py:161} INFO - Started process (PID=633) to work on /home/airflow/.local/lib/python3.8/site-packages/airflow/example_dags/example_short_circuit_decorator.py
[2025-07-16T23:38:23.396+0000] {processor.py:830} INFO - Processing file /home/airflow/.local/lib/python3.8/site-packages/airflow/example_dags/example_short_circuit_decorator.py for tasks to queue
[2025-07-16T23:38:23.399+0000] {logging_mixin.py:188} INFO - [2025-07-16T23:38:23.399+0000] {dagbag.py:538} INFO - Filling up the DagBag from /home/airflow/.local/lib/python3.8/site-packages/airflow/example_dags/example_short_circuit_decorator.py
[2025-07-16T23:38:23.422+0000] {processor.py:840} INFO - DAG(s) 'example_short_circuit_decorator' retrieved from /home/airflow/.local/lib/python3.8/site-packages/airflow/example_dags/example_short_circuit_decorator.py
[2025-07-16T23:38:23.469+0000] {logging_mixin.py:188} INFO - [2025-07-16T23:38:23.468+0000] {dag.py:3036} INFO - Sync 1 DAGs
[2025-07-16T23:38:23.525+0000] {logging_mixin.py:188} INFO - [2025-07-16T23:38:23.525+0000] {dag.py:3823} INFO - Setting next_dagrun for example_short_circuit_decorator to 2025-07-15 00:00:00+00:00, run_after=2025-07-16 00:00:00+00:00
[2025-07-16T23:38:23.562+0000] {processor.py:183} INFO - Processing /home/airflow/.local/lib/python3.8/site-packages/airflow/example_dags/example_short_circuit_decorator.py took 0.174 seconds
[2025-07-16T23:38:54.000+0000] {processor.py:161} INFO - Started process (PID=699) to work on /home/airflow/.local/lib/python3.8/site-packages/airflow/example_dags/example_short_circuit_decorator.py
[2025-07-16T23:38:54.003+0000] {processor.py:830} INFO - Processing file /home/airflow/.local/lib/python3.8/site-packages/airflow/example_dags/example_short_circuit_decorator.py for tasks to queue
[2025-07-16T23:38:54.006+0000] {logging_mixin.py:188} INFO - [2025-07-16T23:38:54.005+0000] {dagbag.py:538} INFO - Filling up the DagBag from /home/airflow/.local/lib/python3.8/site-packages/airflow/example_dags/example_short_circuit_decorator.py
[2025-07-16T23:38:54.022+0000] {processor.py:840} INFO - DAG(s) 'example_short_circuit_decorator' retrieved from /home/airflow/.local/lib/python3.8/site-packages/airflow/example_dags/example_short_circuit_decorator.py
[2025-07-16T23:38:54.072+0000] {logging_mixin.py:188} INFO - [2025-07-16T23:38:54.071+0000] {dag.py:3036} INFO - Sync 1 DAGs
[2025-07-16T23:38:54.110+0000] {logging_mixin.py:188} INFO - [2025-07-16T23:38:54.109+0000] {dag.py:3823} INFO - Setting next_dagrun for example_short_circuit_decorator to 2025-07-15 00:00:00+00:00, run_after=2025-07-16 00:00:00+00:00
[2025-07-16T23:38:54.151+0000] {processor.py:183} INFO - Processing /home/airflow/.local/lib/python3.8/site-packages/airflow/example_dags/example_short_circuit_decorator.py took 0.156 seconds
[2025-07-16T23:39:24.357+0000] {processor.py:161} INFO - Started process (PID=765) to work on /home/airflow/.local/lib/python3.8/site-packages/airflow/example_dags/example_short_circuit_decorator.py
[2025-07-16T23:39:24.359+0000] {processor.py:830} INFO - Processing file /home/airflow/.local/lib/python3.8/site-packages/airflow/example_dags/example_short_circuit_decorator.py for tasks to queue
[2025-07-16T23:39:24.362+0000] {logging_mixin.py:188} INFO - [2025-07-16T23:39:24.361+0000] {dagbag.py:538} INFO - Filling up the DagBag from /home/airflow/.local/lib/python3.8/site-packages/airflow/example_dags/example_short_circuit_decorator.py
[2025-07-16T23:39:24.381+0000] {processor.py:840} INFO - DAG(s) 'example_short_circuit_decorator' retrieved from /home/airflow/.local/lib/python3.8/site-packages/airflow/example_dags/example_short_circuit_decorator.py
[2025-07-16T23:39:24.434+0000] {logging_mixin.py:188} INFO - [2025-07-16T23:39:24.433+0000] {dag.py:3036} INFO - Sync 1 DAGs
[2025-07-16T23:39:24.477+0000] {logging_mixin.py:188} INFO - [2025-07-16T23:39:24.477+0000] {dag.py:3823} INFO - Setting next_dagrun for example_short_circuit_decorator to 2025-07-15 00:00:00+00:00, run_after=2025-07-16 00:00:00+00:00
[2025-07-16T23:39:24.516+0000] {processor.py:183} INFO - Processing /home/airflow/.local/lib/python3.8/site-packages/airflow/example_dags/example_short_circuit_decorator.py took 0.165 seconds
[2025-07-16T23:39:54.954+0000] {processor.py:161} INFO - Started process (PID=831) to work on /home/airflow/.local/lib/python3.8/site-packages/airflow/example_dags/example_short_circuit_decorator.py
[2025-07-16T23:39:54.955+0000] {processor.py:830} INFO - Processing file /home/airflow/.local/lib/python3.8/site-packages/airflow/example_dags/example_short_circuit_decorator.py for tasks to queue
[2025-07-16T23:39:54.958+0000] {logging_mixin.py:188} INFO - [2025-07-16T23:39:54.957+0000] {dagbag.py:538} INFO - Filling up the DagBag from /home/airflow/.local/lib/python3.8/site-packages/airflow/example_dags/example_short_circuit_decorator.py
[2025-07-16T23:39:54.976+0000] {processor.py:840} INFO - DAG(s) 'example_short_circuit_decorator' retrieved from /home/airflow/.local/lib/python3.8/site-packages/airflow/example_dags/example_short_circuit_decorator.py
[2025-07-16T23:39:55.022+0000] {logging_mixin.py:188} INFO - [2025-07-16T23:39:55.021+0000] {dag.py:3036} INFO - Sync 1 DAGs
[2025-07-16T23:39:55.069+0000] {logging_mixin.py:188} INFO - [2025-07-16T23:39:55.068+0000] {dag.py:3823} INFO - Setting next_dagrun for example_short_circuit_decorator to 2025-07-15 00:00:00+00:00, run_after=2025-07-16 00:00:00+00:00
[2025-07-16T23:39:55.106+0000] {processor.py:183} INFO - Processing /home/airflow/.local/lib/python3.8/site-packages/airflow/example_dags/example_short_circuit_decorator.py took 0.158 seconds
[2025-07-16T23:40:25.168+0000] {processor.py:161} INFO - Started process (PID=896) to work on /home/airflow/.local/lib/python3.8/site-packages/airflow/example_dags/example_short_circuit_decorator.py
[2025-07-16T23:40:25.170+0000] {processor.py:830} INFO - Processing file /home/airflow/.local/lib/python3.8/site-packages/airflow/example_dags/example_short_circuit_decorator.py for tasks to queue
[2025-07-16T23:40:25.174+0000] {logging_mixin.py:188} INFO - [2025-07-16T23:40:25.174+0000] {dagbag.py:538} INFO - Filling up the DagBag from /home/airflow/.local/lib/python3.8/site-packages/airflow/example_dags/example_short_circuit_decorator.py
[2025-07-16T23:40:25.188+0000] {processor.py:840} INFO - DAG(s) 'example_short_circuit_decorator' retrieved from /home/airflow/.local/lib/python3.8/site-packages/airflow/example_dags/example_short_circuit_decorator.py
[2025-07-16T23:40:25.221+0000] {logging_mixin.py:188} INFO - [2025-07-16T23:40:25.221+0000] {dag.py:3036} INFO - Sync 1 DAGs
[2025-07-16T23:40:25.258+0000] {logging_mixin.py:188} INFO - [2025-07-16T23:40:25.258+0000] {dag.py:3823} INFO - Setting next_dagrun for example_short_circuit_decorator to 2025-07-15 00:00:00+00:00, run_after=2025-07-16 00:00:00+00:00
[2025-07-16T23:40:25.296+0000] {processor.py:183} INFO - Processing /home/airflow/.local/lib/python3.8/site-packages/airflow/example_dags/example_short_circuit_decorator.py took 0.134 seconds
[2025-07-16T23:40:56.072+0000] {processor.py:161} INFO - Started process (PID=962) to work on /home/airflow/.local/lib/python3.8/site-packages/airflow/example_dags/example_short_circuit_decorator.py
[2025-07-16T23:40:56.076+0000] {processor.py:830} INFO - Processing file /home/airflow/.local/lib/python3.8/site-packages/airflow/example_dags/example_short_circuit_decorator.py for tasks to queue
[2025-07-16T23:40:56.086+0000] {logging_mixin.py:188} INFO - [2025-07-16T23:40:56.084+0000] {dagbag.py:538} INFO - Filling up the DagBag from /home/airflow/.local/lib/python3.8/site-packages/airflow/example_dags/example_short_circuit_decorator.py
[2025-07-16T23:40:56.120+0000] {processor.py:840} INFO - DAG(s) 'example_short_circuit_decorator' retrieved from /home/airflow/.local/lib/python3.8/site-packages/airflow/example_dags/example_short_circuit_decorator.py
[2025-07-16T23:40:56.180+0000] {logging_mixin.py:188} INFO - [2025-07-16T23:40:56.180+0000] {dag.py:3036} INFO - Sync 1 DAGs
[2025-07-16T23:40:56.219+0000] {logging_mixin.py:188} INFO - [2025-07-16T23:40:56.219+0000] {dag.py:3823} INFO - Setting next_dagrun for example_short_circuit_decorator to 2025-07-15 00:00:00+00:00, run_after=2025-07-16 00:00:00+00:00
[2025-07-16T23:40:56.248+0000] {processor.py:183} INFO - Processing /home/airflow/.local/lib/python3.8/site-packages/airflow/example_dags/example_short_circuit_decorator.py took 0.182 seconds
[2025-07-16T23:41:27.038+0000] {processor.py:161} INFO - Started process (PID=1027) to work on /home/airflow/.local/lib/python3.8/site-packages/airflow/example_dags/example_short_circuit_decorator.py
[2025-07-16T23:41:27.039+0000] {processor.py:830} INFO - Processing file /home/airflow/.local/lib/python3.8/site-packages/airflow/example_dags/example_short_circuit_decorator.py for tasks to queue
[2025-07-16T23:41:27.043+0000] {logging_mixin.py:188} INFO - [2025-07-16T23:41:27.042+0000] {dagbag.py:538} INFO - Filling up the DagBag from /home/airflow/.local/lib/python3.8/site-packages/airflow/example_dags/example_short_circuit_decorator.py
[2025-07-16T23:41:27.062+0000] {processor.py:840} INFO - DAG(s) 'example_short_circuit_decorator' retrieved from /home/airflow/.local/lib/python3.8/site-packages/airflow/example_dags/example_short_circuit_decorator.py
[2025-07-16T23:41:27.122+0000] {logging_mixin.py:188} INFO - [2025-07-16T23:41:27.122+0000] {dag.py:3036} INFO - Sync 1 DAGs
[2025-07-16T23:41:27.164+0000] {logging_mixin.py:188} INFO - [2025-07-16T23:41:27.163+0000] {dag.py:3823} INFO - Setting next_dagrun for example_short_circuit_decorator to 2025-07-15 00:00:00+00:00, run_after=2025-07-16 00:00:00+00:00
[2025-07-16T23:41:27.199+0000] {processor.py:183} INFO - Processing /home/airflow/.local/lib/python3.8/site-packages/airflow/example_dags/example_short_circuit_decorator.py took 0.167 seconds
[2025-07-16T23:41:59.287+0000] {processor.py:161} INFO - Started process (PID=1090) to work on /home/airflow/.local/lib/python3.8/site-packages/airflow/example_dags/example_short_circuit_decorator.py
[2025-07-16T23:41:59.290+0000] {processor.py:830} INFO - Processing file /home/airflow/.local/lib/python3.8/site-packages/airflow/example_dags/example_short_circuit_decorator.py for tasks to queue
[2025-07-16T23:41:59.295+0000] {logging_mixin.py:188} INFO - [2025-07-16T23:41:59.295+0000] {dagbag.py:538} INFO - Filling up the DagBag from /home/airflow/.local/lib/python3.8/site-packages/airflow/example_dags/example_short_circuit_decorator.py
[2025-07-16T23:41:59.317+0000] {processor.py:840} INFO - DAG(s) 'example_short_circuit_decorator' retrieved from /home/airflow/.local/lib/python3.8/site-packages/airflow/example_dags/example_short_circuit_decorator.py
[2025-07-16T23:41:59.364+0000] {logging_mixin.py:188} INFO - [2025-07-16T23:41:59.364+0000] {dag.py:3036} INFO - Sync 1 DAGs
[2025-07-16T23:41:59.408+0000] {logging_mixin.py:188} INFO - [2025-07-16T23:41:59.408+0000] {dag.py:3823} INFO - Setting next_dagrun for example_short_circuit_decorator to 2025-07-15 00:00:00+00:00, run_after=2025-07-16 00:00:00+00:00
[2025-07-16T23:41:59.446+0000] {processor.py:183} INFO - Processing /home/airflow/.local/lib/python3.8/site-packages/airflow/example_dags/example_short_circuit_decorator.py took 0.165 seconds
[2025-07-16T23:42:30.960+0000] {processor.py:161} INFO - Started process (PID=1154) to work on /home/airflow/.local/lib/python3.8/site-packages/airflow/example_dags/example_short_circuit_decorator.py
[2025-07-16T23:42:30.962+0000] {processor.py:830} INFO - Processing file /home/airflow/.local/lib/python3.8/site-packages/airflow/example_dags/example_short_circuit_decorator.py for tasks to queue
[2025-07-16T23:42:30.965+0000] {logging_mixin.py:188} INFO - [2025-07-16T23:42:30.965+0000] {dagbag.py:538} INFO - Filling up the DagBag from /home/airflow/.local/lib/python3.8/site-packages/airflow/example_dags/example_short_circuit_decorator.py
[2025-07-16T23:42:30.987+0000] {processor.py:840} INFO - DAG(s) 'example_short_circuit_decorator' retrieved from /home/airflow/.local/lib/python3.8/site-packages/airflow/example_dags/example_short_circuit_decorator.py
[2025-07-16T23:42:31.082+0000] {logging_mixin.py:188} INFO - [2025-07-16T23:42:31.079+0000] {dag.py:3036} INFO - Sync 1 DAGs
[2025-07-16T23:42:31.162+0000] {logging_mixin.py:188} INFO - [2025-07-16T23:42:31.162+0000] {dag.py:3823} INFO - Setting next_dagrun for example_short_circuit_decorator to 2025-07-15 00:00:00+00:00, run_after=2025-07-16 00:00:00+00:00
[2025-07-16T23:42:31.218+0000] {processor.py:183} INFO - Processing /home/airflow/.local/lib/python3.8/site-packages/airflow/example_dags/example_short_circuit_decorator.py took 0.264 seconds
[2025-07-16T23:43:01.683+0000] {processor.py:161} INFO - Started process (PID=1220) to work on /home/airflow/.local/lib/python3.8/site-packages/airflow/example_dags/example_short_circuit_decorator.py
[2025-07-16T23:43:01.685+0000] {processor.py:830} INFO - Processing file /home/airflow/.local/lib/python3.8/site-packages/airflow/example_dags/example_short_circuit_decorator.py for tasks to queue
[2025-07-16T23:43:01.688+0000] {logging_mixin.py:188} INFO - [2025-07-16T23:43:01.687+0000] {dagbag.py:538} INFO - Filling up the DagBag from /home/airflow/.local/lib/python3.8/site-packages/airflow/example_dags/example_short_circuit_decorator.py
[2025-07-16T23:43:01.703+0000] {processor.py:840} INFO - DAG(s) 'example_short_circuit_decorator' retrieved from /home/airflow/.local/lib/python3.8/site-packages/airflow/example_dags/example_short_circuit_decorator.py
[2025-07-16T23:43:01.743+0000] {logging_mixin.py:188} INFO - [2025-07-16T23:43:01.743+0000] {dag.py:3036} INFO - Sync 1 DAGs
[2025-07-16T23:43:01.782+0000] {logging_mixin.py:188} INFO - [2025-07-16T23:43:01.782+0000] {dag.py:3823} INFO - Setting next_dagrun for example_short_circuit_decorator to 2025-07-15 00:00:00+00:00, run_after=2025-07-16 00:00:00+00:00
[2025-07-16T23:43:01.823+0000] {processor.py:183} INFO - Processing /home/airflow/.local/lib/python3.8/site-packages/airflow/example_dags/example_short_circuit_decorator.py took 0.145 seconds
[2025-07-16T23:43:31.869+0000] {processor.py:161} INFO - Started process (PID=1284) to work on /home/airflow/.local/lib/python3.8/site-packages/airflow/example_dags/example_short_circuit_decorator.py
[2025-07-16T23:43:31.870+0000] {processor.py:830} INFO - Processing file /home/airflow/.local/lib/python3.8/site-packages/airflow/example_dags/example_short_circuit_decorator.py for tasks to queue
[2025-07-16T23:43:31.873+0000] {logging_mixin.py:188} INFO - [2025-07-16T23:43:31.872+0000] {dagbag.py:538} INFO - Filling up the DagBag from /home/airflow/.local/lib/python3.8/site-packages/airflow/example_dags/example_short_circuit_decorator.py
[2025-07-16T23:43:31.887+0000] {processor.py:840} INFO - DAG(s) 'example_short_circuit_decorator' retrieved from /home/airflow/.local/lib/python3.8/site-packages/airflow/example_dags/example_short_circuit_decorator.py
[2025-07-16T23:43:31.924+0000] {logging_mixin.py:188} INFO - [2025-07-16T23:43:31.923+0000] {dag.py:3036} INFO - Sync 1 DAGs
[2025-07-16T23:43:31.951+0000] {logging_mixin.py:188} INFO - [2025-07-16T23:43:31.951+0000] {dag.py:3823} INFO - Setting next_dagrun for example_short_circuit_decorator to 2025-07-15 00:00:00+00:00, run_after=2025-07-16 00:00:00+00:00
[2025-07-16T23:43:31.979+0000] {processor.py:183} INFO - Processing /home/airflow/.local/lib/python3.8/site-packages/airflow/example_dags/example_short_circuit_decorator.py took 0.114 seconds
[2025-07-16T23:44:02.347+0000] {processor.py:161} INFO - Started process (PID=1350) to work on /home/airflow/.local/lib/python3.8/site-packages/airflow/example_dags/example_short_circuit_decorator.py
[2025-07-16T23:44:02.349+0000] {processor.py:830} INFO - Processing file /home/airflow/.local/lib/python3.8/site-packages/airflow/example_dags/example_short_circuit_decorator.py for tasks to queue
[2025-07-16T23:44:02.352+0000] {logging_mixin.py:188} INFO - [2025-07-16T23:44:02.352+0000] {dagbag.py:538} INFO - Filling up the DagBag from /home/airflow/.local/lib/python3.8/site-packages/airflow/example_dags/example_short_circuit_decorator.py
[2025-07-16T23:44:02.369+0000] {processor.py:840} INFO - DAG(s) 'example_short_circuit_decorator' retrieved from /home/airflow/.local/lib/python3.8/site-packages/airflow/example_dags/example_short_circuit_decorator.py
[2025-07-16T23:44:02.412+0000] {logging_mixin.py:188} INFO - [2025-07-16T23:44:02.411+0000] {dag.py:3036} INFO - Sync 1 DAGs
[2025-07-16T23:44:02.448+0000] {logging_mixin.py:188} INFO - [2025-07-16T23:44:02.447+0000] {dag.py:3823} INFO - Setting next_dagrun for example_short_circuit_decorator to 2025-07-15 00:00:00+00:00, run_after=2025-07-16 00:00:00+00:00
[2025-07-16T23:44:02.494+0000] {processor.py:183} INFO - Processing /home/airflow/.local/lib/python3.8/site-packages/airflow/example_dags/example_short_circuit_decorator.py took 0.153 seconds
[2025-07-16T23:44:32.687+0000] {processor.py:161} INFO - Started process (PID=1415) to work on /home/airflow/.local/lib/python3.8/site-packages/airflow/example_dags/example_short_circuit_decorator.py
[2025-07-16T23:44:32.689+0000] {processor.py:830} INFO - Processing file /home/airflow/.local/lib/python3.8/site-packages/airflow/example_dags/example_short_circuit_decorator.py for tasks to queue
[2025-07-16T23:44:32.694+0000] {logging_mixin.py:188} INFO - [2025-07-16T23:44:32.693+0000] {dagbag.py:538} INFO - Filling up the DagBag from /home/airflow/.local/lib/python3.8/site-packages/airflow/example_dags/example_short_circuit_decorator.py
[2025-07-16T23:44:32.714+0000] {processor.py:840} INFO - DAG(s) 'example_short_circuit_decorator' retrieved from /home/airflow/.local/lib/python3.8/site-packages/airflow/example_dags/example_short_circuit_decorator.py
[2025-07-16T23:44:32.783+0000] {logging_mixin.py:188} INFO - [2025-07-16T23:44:32.783+0000] {dag.py:3036} INFO - Sync 1 DAGs
[2025-07-16T23:44:32.826+0000] {logging_mixin.py:188} INFO - [2025-07-16T23:44:32.826+0000] {dag.py:3823} INFO - Setting next_dagrun for example_short_circuit_decorator to 2025-07-15 00:00:00+00:00, run_after=2025-07-16 00:00:00+00:00
[2025-07-16T23:44:32.859+0000] {processor.py:183} INFO - Processing /home/airflow/.local/lib/python3.8/site-packages/airflow/example_dags/example_short_circuit_decorator.py took 0.178 seconds
[2025-07-16T23:45:03.285+0000] {processor.py:161} INFO - Started process (PID=1482) to work on /home/airflow/.local/lib/python3.8/site-packages/airflow/example_dags/example_short_circuit_decorator.py
[2025-07-16T23:45:03.286+0000] {processor.py:830} INFO - Processing file /home/airflow/.local/lib/python3.8/site-packages/airflow/example_dags/example_short_circuit_decorator.py for tasks to queue
[2025-07-16T23:45:03.290+0000] {logging_mixin.py:188} INFO - [2025-07-16T23:45:03.289+0000] {dagbag.py:538} INFO - Filling up the DagBag from /home/airflow/.local/lib/python3.8/site-packages/airflow/example_dags/example_short_circuit_decorator.py
[2025-07-16T23:45:03.309+0000] {processor.py:840} INFO - DAG(s) 'example_short_circuit_decorator' retrieved from /home/airflow/.local/lib/python3.8/site-packages/airflow/example_dags/example_short_circuit_decorator.py
[2025-07-16T23:45:03.358+0000] {logging_mixin.py:188} INFO - [2025-07-16T23:45:03.357+0000] {dag.py:3036} INFO - Sync 1 DAGs
[2025-07-16T23:45:03.397+0000] {logging_mixin.py:188} INFO - [2025-07-16T23:45:03.397+0000] {dag.py:3823} INFO - Setting next_dagrun for example_short_circuit_decorator to 2025-07-15 00:00:00+00:00, run_after=2025-07-16 00:00:00+00:00
[2025-07-16T23:45:03.439+0000] {processor.py:183} INFO - Processing /home/airflow/.local/lib/python3.8/site-packages/airflow/example_dags/example_short_circuit_decorator.py took 0.160 seconds
[2025-07-16T23:45:33.870+0000] {processor.py:161} INFO - Started process (PID=1544) to work on /home/airflow/.local/lib/python3.8/site-packages/airflow/example_dags/example_short_circuit_decorator.py
[2025-07-16T23:45:33.871+0000] {processor.py:830} INFO - Processing file /home/airflow/.local/lib/python3.8/site-packages/airflow/example_dags/example_short_circuit_decorator.py for tasks to queue
[2025-07-16T23:45:33.874+0000] {logging_mixin.py:188} INFO - [2025-07-16T23:45:33.874+0000] {dagbag.py:538} INFO - Filling up the DagBag from /home/airflow/.local/lib/python3.8/site-packages/airflow/example_dags/example_short_circuit_decorator.py
[2025-07-16T23:45:33.888+0000] {processor.py:840} INFO - DAG(s) 'example_short_circuit_decorator' retrieved from /home/airflow/.local/lib/python3.8/site-packages/airflow/example_dags/example_short_circuit_decorator.py
[2025-07-16T23:45:33.929+0000] {logging_mixin.py:188} INFO - [2025-07-16T23:45:33.929+0000] {dag.py:3036} INFO - Sync 1 DAGs
[2025-07-16T23:45:33.967+0000] {logging_mixin.py:188} INFO - [2025-07-16T23:45:33.967+0000] {dag.py:3823} INFO - Setting next_dagrun for example_short_circuit_decorator to 2025-07-15 00:00:00+00:00, run_after=2025-07-16 00:00:00+00:00
[2025-07-16T23:45:33.999+0000] {processor.py:183} INFO - Processing /home/airflow/.local/lib/python3.8/site-packages/airflow/example_dags/example_short_circuit_decorator.py took 0.135 seconds
[2025-07-16T23:46:04.368+0000] {processor.py:161} INFO - Started process (PID=1608) to work on /home/airflow/.local/lib/python3.8/site-packages/airflow/example_dags/example_short_circuit_decorator.py
[2025-07-16T23:46:04.370+0000] {processor.py:830} INFO - Processing file /home/airflow/.local/lib/python3.8/site-packages/airflow/example_dags/example_short_circuit_decorator.py for tasks to queue
[2025-07-16T23:46:04.373+0000] {logging_mixin.py:188} INFO - [2025-07-16T23:46:04.373+0000] {dagbag.py:538} INFO - Filling up the DagBag from /home/airflow/.local/lib/python3.8/site-packages/airflow/example_dags/example_short_circuit_decorator.py
[2025-07-16T23:46:04.392+0000] {processor.py:840} INFO - DAG(s) 'example_short_circuit_decorator' retrieved from /home/airflow/.local/lib/python3.8/site-packages/airflow/example_dags/example_short_circuit_decorator.py
[2025-07-16T23:46:04.437+0000] {logging_mixin.py:188} INFO - [2025-07-16T23:46:04.437+0000] {dag.py:3036} INFO - Sync 1 DAGs
[2025-07-16T23:46:04.477+0000] {logging_mixin.py:188} INFO - [2025-07-16T23:46:04.476+0000] {dag.py:3823} INFO - Setting next_dagrun for example_short_circuit_decorator to 2025-07-15 00:00:00+00:00, run_after=2025-07-16 00:00:00+00:00
[2025-07-16T23:46:04.511+0000] {processor.py:183} INFO - Processing /home/airflow/.local/lib/python3.8/site-packages/airflow/example_dags/example_short_circuit_decorator.py took 0.149 seconds
[2025-07-16T23:46:35.644+0000] {processor.py:161} INFO - Started process (PID=1674) to work on /home/airflow/.local/lib/python3.8/site-packages/airflow/example_dags/example_short_circuit_decorator.py
[2025-07-16T23:46:35.646+0000] {processor.py:830} INFO - Processing file /home/airflow/.local/lib/python3.8/site-packages/airflow/example_dags/example_short_circuit_decorator.py for tasks to queue
[2025-07-16T23:46:35.650+0000] {logging_mixin.py:188} INFO - [2025-07-16T23:46:35.649+0000] {dagbag.py:538} INFO - Filling up the DagBag from /home/airflow/.local/lib/python3.8/site-packages/airflow/example_dags/example_short_circuit_decorator.py
[2025-07-16T23:46:35.670+0000] {processor.py:840} INFO - DAG(s) 'example_short_circuit_decorator' retrieved from /home/airflow/.local/lib/python3.8/site-packages/airflow/example_dags/example_short_circuit_decorator.py
[2025-07-16T23:46:35.776+0000] {logging_mixin.py:188} INFO - [2025-07-16T23:46:35.776+0000] {dag.py:3036} INFO - Sync 1 DAGs
[2025-07-16T23:46:35.847+0000] {logging_mixin.py:188} INFO - [2025-07-16T23:46:35.847+0000] {dag.py:3823} INFO - Setting next_dagrun for example_short_circuit_decorator to 2025-07-15 00:00:00+00:00, run_after=2025-07-16 00:00:00+00:00
[2025-07-16T23:46:35.904+0000] {processor.py:183} INFO - Processing /home/airflow/.local/lib/python3.8/site-packages/airflow/example_dags/example_short_circuit_decorator.py took 0.266 seconds
[2025-07-16T23:47:06.311+0000] {processor.py:161} INFO - Started process (PID=1737) to work on /home/airflow/.local/lib/python3.8/site-packages/airflow/example_dags/example_short_circuit_decorator.py
[2025-07-16T23:47:06.313+0000] {processor.py:830} INFO - Processing file /home/airflow/.local/lib/python3.8/site-packages/airflow/example_dags/example_short_circuit_decorator.py for tasks to queue
[2025-07-16T23:47:06.331+0000] {logging_mixin.py:188} INFO - [2025-07-16T23:47:06.330+0000] {dagbag.py:538} INFO - Filling up the DagBag from /home/airflow/.local/lib/python3.8/site-packages/airflow/example_dags/example_short_circuit_decorator.py
[2025-07-16T23:47:06.351+0000] {processor.py:840} INFO - DAG(s) 'example_short_circuit_decorator' retrieved from /home/airflow/.local/lib/python3.8/site-packages/airflow/example_dags/example_short_circuit_decorator.py
[2025-07-16T23:47:06.402+0000] {logging_mixin.py:188} INFO - [2025-07-16T23:47:06.402+0000] {dag.py:3036} INFO - Sync 1 DAGs
[2025-07-16T23:47:06.446+0000] {logging_mixin.py:188} INFO - [2025-07-16T23:47:06.446+0000] {dag.py:3823} INFO - Setting next_dagrun for example_short_circuit_decorator to 2025-07-15 00:00:00+00:00, run_after=2025-07-16 00:00:00+00:00
[2025-07-16T23:47:06.480+0000] {processor.py:183} INFO - Processing /home/airflow/.local/lib/python3.8/site-packages/airflow/example_dags/example_short_circuit_decorator.py took 0.182 seconds
[2025-07-16T23:47:36.790+0000] {processor.py:161} INFO - Started process (PID=1803) to work on /home/airflow/.local/lib/python3.8/site-packages/airflow/example_dags/example_short_circuit_decorator.py
[2025-07-16T23:47:36.792+0000] {processor.py:830} INFO - Processing file /home/airflow/.local/lib/python3.8/site-packages/airflow/example_dags/example_short_circuit_decorator.py for tasks to queue
[2025-07-16T23:47:36.796+0000] {logging_mixin.py:188} INFO - [2025-07-16T23:47:36.795+0000] {dagbag.py:538} INFO - Filling up the DagBag from /home/airflow/.local/lib/python3.8/site-packages/airflow/example_dags/example_short_circuit_decorator.py
[2025-07-16T23:47:36.816+0000] {processor.py:840} INFO - DAG(s) 'example_short_circuit_decorator' retrieved from /home/airflow/.local/lib/python3.8/site-packages/airflow/example_dags/example_short_circuit_decorator.py
[2025-07-16T23:47:36.859+0000] {logging_mixin.py:188} INFO - [2025-07-16T23:47:36.859+0000] {dag.py:3036} INFO - Sync 1 DAGs
[2025-07-16T23:47:36.902+0000] {logging_mixin.py:188} INFO - [2025-07-16T23:47:36.902+0000] {dag.py:3823} INFO - Setting next_dagrun for example_short_circuit_decorator to 2025-07-15 00:00:00+00:00, run_after=2025-07-16 00:00:00+00:00
[2025-07-16T23:47:36.940+0000] {processor.py:183} INFO - Processing /home/airflow/.local/lib/python3.8/site-packages/airflow/example_dags/example_short_circuit_decorator.py took 0.158 seconds
[2025-07-16T23:48:08.011+0000] {processor.py:161} INFO - Started process (PID=1868) to work on /home/airflow/.local/lib/python3.8/site-packages/airflow/example_dags/example_short_circuit_decorator.py
[2025-07-16T23:48:08.014+0000] {processor.py:830} INFO - Processing file /home/airflow/.local/lib/python3.8/site-packages/airflow/example_dags/example_short_circuit_decorator.py for tasks to queue
[2025-07-16T23:48:08.018+0000] {logging_mixin.py:188} INFO - [2025-07-16T23:48:08.018+0000] {dagbag.py:538} INFO - Filling up the DagBag from /home/airflow/.local/lib/python3.8/site-packages/airflow/example_dags/example_short_circuit_decorator.py
[2025-07-16T23:48:08.035+0000] {processor.py:840} INFO - DAG(s) 'example_short_circuit_decorator' retrieved from /home/airflow/.local/lib/python3.8/site-packages/airflow/example_dags/example_short_circuit_decorator.py
[2025-07-16T23:48:08.080+0000] {logging_mixin.py:188} INFO - [2025-07-16T23:48:08.080+0000] {dag.py:3036} INFO - Sync 1 DAGs
[2025-07-16T23:48:08.115+0000] {logging_mixin.py:188} INFO - [2025-07-16T23:48:08.114+0000] {dag.py:3823} INFO - Setting next_dagrun for example_short_circuit_decorator to 2025-07-15 00:00:00+00:00, run_after=2025-07-16 00:00:00+00:00
[2025-07-16T23:48:08.150+0000] {processor.py:183} INFO - Processing /home/airflow/.local/lib/python3.8/site-packages/airflow/example_dags/example_short_circuit_decorator.py took 0.145 seconds
[2025-07-16T23:48:39.566+0000] {processor.py:161} INFO - Started process (PID=1933) to work on /home/airflow/.local/lib/python3.8/site-packages/airflow/example_dags/example_short_circuit_decorator.py
[2025-07-16T23:48:39.568+0000] {processor.py:830} INFO - Processing file /home/airflow/.local/lib/python3.8/site-packages/airflow/example_dags/example_short_circuit_decorator.py for tasks to queue
[2025-07-16T23:48:39.572+0000] {logging_mixin.py:188} INFO - [2025-07-16T23:48:39.572+0000] {dagbag.py:538} INFO - Filling up the DagBag from /home/airflow/.local/lib/python3.8/site-packages/airflow/example_dags/example_short_circuit_decorator.py
[2025-07-16T23:48:39.592+0000] {processor.py:840} INFO - DAG(s) 'example_short_circuit_decorator' retrieved from /home/airflow/.local/lib/python3.8/site-packages/airflow/example_dags/example_short_circuit_decorator.py
[2025-07-16T23:48:39.632+0000] {logging_mixin.py:188} INFO - [2025-07-16T23:48:39.632+0000] {dag.py:3036} INFO - Sync 1 DAGs
[2025-07-16T23:48:39.669+0000] {logging_mixin.py:188} INFO - [2025-07-16T23:48:39.669+0000] {dag.py:3823} INFO - Setting next_dagrun for example_short_circuit_decorator to 2025-07-15 00:00:00+00:00, run_after=2025-07-16 00:00:00+00:00
[2025-07-16T23:48:39.705+0000] {processor.py:183} INFO - Processing /home/airflow/.local/lib/python3.8/site-packages/airflow/example_dags/example_short_circuit_decorator.py took 0.143 seconds
[2025-07-16T23:49:09.875+0000] {processor.py:161} INFO - Started process (PID=1999) to work on /home/airflow/.local/lib/python3.8/site-packages/airflow/example_dags/example_short_circuit_decorator.py
[2025-07-16T23:49:09.877+0000] {processor.py:830} INFO - Processing file /home/airflow/.local/lib/python3.8/site-packages/airflow/example_dags/example_short_circuit_decorator.py for tasks to queue
[2025-07-16T23:49:09.880+0000] {logging_mixin.py:188} INFO - [2025-07-16T23:49:09.880+0000] {dagbag.py:538} INFO - Filling up the DagBag from /home/airflow/.local/lib/python3.8/site-packages/airflow/example_dags/example_short_circuit_decorator.py
[2025-07-16T23:49:09.899+0000] {processor.py:840} INFO - DAG(s) 'example_short_circuit_decorator' retrieved from /home/airflow/.local/lib/python3.8/site-packages/airflow/example_dags/example_short_circuit_decorator.py
[2025-07-16T23:49:09.938+0000] {logging_mixin.py:188} INFO - [2025-07-16T23:49:09.938+0000] {dag.py:3036} INFO - Sync 1 DAGs
[2025-07-16T23:49:09.976+0000] {logging_mixin.py:188} INFO - [2025-07-16T23:49:09.976+0000] {dag.py:3823} INFO - Setting next_dagrun for example_short_circuit_decorator to 2025-07-15 00:00:00+00:00, run_after=2025-07-16 00:00:00+00:00
[2025-07-16T23:49:10.013+0000] {processor.py:183} INFO - Processing /home/airflow/.local/lib/python3.8/site-packages/airflow/example_dags/example_short_circuit_decorator.py took 0.143 seconds
[2025-07-16T23:49:41.125+0000] {processor.py:161} INFO - Started process (PID=2062) to work on /home/airflow/.local/lib/python3.8/site-packages/airflow/example_dags/example_short_circuit_decorator.py
[2025-07-16T23:49:41.128+0000] {processor.py:830} INFO - Processing file /home/airflow/.local/lib/python3.8/site-packages/airflow/example_dags/example_short_circuit_decorator.py for tasks to queue
[2025-07-16T23:49:41.132+0000] {logging_mixin.py:188} INFO - [2025-07-16T23:49:41.131+0000] {dagbag.py:538} INFO - Filling up the DagBag from /home/airflow/.local/lib/python3.8/site-packages/airflow/example_dags/example_short_circuit_decorator.py
[2025-07-16T23:49:41.152+0000] {processor.py:840} INFO - DAG(s) 'example_short_circuit_decorator' retrieved from /home/airflow/.local/lib/python3.8/site-packages/airflow/example_dags/example_short_circuit_decorator.py
[2025-07-16T23:49:41.235+0000] {logging_mixin.py:188} INFO - [2025-07-16T23:49:41.234+0000] {dag.py:3036} INFO - Sync 1 DAGs
[2025-07-16T23:49:41.293+0000] {logging_mixin.py:188} INFO - [2025-07-16T23:49:41.293+0000] {dag.py:3823} INFO - Setting next_dagrun for example_short_circuit_decorator to 2025-07-15 00:00:00+00:00, run_after=2025-07-16 00:00:00+00:00
[2025-07-16T23:49:41.515+0000] {processor.py:183} INFO - Processing /home/airflow/.local/lib/python3.8/site-packages/airflow/example_dags/example_short_circuit_decorator.py took 0.396 seconds
[2025-07-16T23:50:11.937+0000] {processor.py:161} INFO - Started process (PID=2125) to work on /home/airflow/.local/lib/python3.8/site-packages/airflow/example_dags/example_short_circuit_decorator.py
[2025-07-16T23:50:11.938+0000] {processor.py:830} INFO - Processing file /home/airflow/.local/lib/python3.8/site-packages/airflow/example_dags/example_short_circuit_decorator.py for tasks to queue
[2025-07-16T23:50:11.941+0000] {logging_mixin.py:188} INFO - [2025-07-16T23:50:11.941+0000] {dagbag.py:538} INFO - Filling up the DagBag from /home/airflow/.local/lib/python3.8/site-packages/airflow/example_dags/example_short_circuit_decorator.py
[2025-07-16T23:50:11.961+0000] {processor.py:840} INFO - DAG(s) 'example_short_circuit_decorator' retrieved from /home/airflow/.local/lib/python3.8/site-packages/airflow/example_dags/example_short_circuit_decorator.py
[2025-07-16T23:50:12.000+0000] {logging_mixin.py:188} INFO - [2025-07-16T23:50:11.999+0000] {dag.py:3036} INFO - Sync 1 DAGs
[2025-07-16T23:50:12.045+0000] {logging_mixin.py:188} INFO - [2025-07-16T23:50:12.044+0000] {dag.py:3823} INFO - Setting next_dagrun for example_short_circuit_decorator to 2025-07-15 00:00:00+00:00, run_after=2025-07-16 00:00:00+00:00
[2025-07-16T23:50:12.082+0000] {processor.py:183} INFO - Processing /home/airflow/.local/lib/python3.8/site-packages/airflow/example_dags/example_short_circuit_decorator.py took 0.152 seconds
[2025-07-16T23:50:42.666+0000] {processor.py:161} INFO - Started process (PID=2190) to work on /home/airflow/.local/lib/python3.8/site-packages/airflow/example_dags/example_short_circuit_decorator.py
[2025-07-16T23:50:42.668+0000] {processor.py:830} INFO - Processing file /home/airflow/.local/lib/python3.8/site-packages/airflow/example_dags/example_short_circuit_decorator.py for tasks to queue
[2025-07-16T23:50:42.672+0000] {logging_mixin.py:188} INFO - [2025-07-16T23:50:42.671+0000] {dagbag.py:538} INFO - Filling up the DagBag from /home/airflow/.local/lib/python3.8/site-packages/airflow/example_dags/example_short_circuit_decorator.py
[2025-07-16T23:50:42.689+0000] {processor.py:840} INFO - DAG(s) 'example_short_circuit_decorator' retrieved from /home/airflow/.local/lib/python3.8/site-packages/airflow/example_dags/example_short_circuit_decorator.py
[2025-07-16T23:50:42.734+0000] {logging_mixin.py:188} INFO - [2025-07-16T23:50:42.733+0000] {dag.py:3036} INFO - Sync 1 DAGs
[2025-07-16T23:50:42.769+0000] {logging_mixin.py:188} INFO - [2025-07-16T23:50:42.769+0000] {dag.py:3823} INFO - Setting next_dagrun for example_short_circuit_decorator to 2025-07-15 00:00:00+00:00, run_after=2025-07-16 00:00:00+00:00
[2025-07-16T23:50:42.803+0000] {processor.py:183} INFO - Processing /home/airflow/.local/lib/python3.8/site-packages/airflow/example_dags/example_short_circuit_decorator.py took 0.142 seconds
[2025-07-16T23:51:13.328+0000] {processor.py:161} INFO - Started process (PID=2255) to work on /home/airflow/.local/lib/python3.8/site-packages/airflow/example_dags/example_short_circuit_decorator.py
[2025-07-16T23:51:13.329+0000] {processor.py:830} INFO - Processing file /home/airflow/.local/lib/python3.8/site-packages/airflow/example_dags/example_short_circuit_decorator.py for tasks to queue
[2025-07-16T23:51:13.332+0000] {logging_mixin.py:188} INFO - [2025-07-16T23:51:13.332+0000] {dagbag.py:538} INFO - Filling up the DagBag from /home/airflow/.local/lib/python3.8/site-packages/airflow/example_dags/example_short_circuit_decorator.py
[2025-07-16T23:51:13.352+0000] {processor.py:840} INFO - DAG(s) 'example_short_circuit_decorator' retrieved from /home/airflow/.local/lib/python3.8/site-packages/airflow/example_dags/example_short_circuit_decorator.py
[2025-07-16T23:51:13.402+0000] {logging_mixin.py:188} INFO - [2025-07-16T23:51:13.402+0000] {dag.py:3036} INFO - Sync 1 DAGs
[2025-07-16T23:51:13.445+0000] {logging_mixin.py:188} INFO - [2025-07-16T23:51:13.445+0000] {dag.py:3823} INFO - Setting next_dagrun for example_short_circuit_decorator to 2025-07-15 00:00:00+00:00, run_after=2025-07-16 00:00:00+00:00
[2025-07-16T23:51:13.487+0000] {processor.py:183} INFO - Processing /home/airflow/.local/lib/python3.8/site-packages/airflow/example_dags/example_short_circuit_decorator.py took 0.164 seconds
[2025-07-16T23:51:43.823+0000] {processor.py:161} INFO - Started process (PID=2321) to work on /home/airflow/.local/lib/python3.8/site-packages/airflow/example_dags/example_short_circuit_decorator.py
[2025-07-16T23:51:43.825+0000] {processor.py:830} INFO - Processing file /home/airflow/.local/lib/python3.8/site-packages/airflow/example_dags/example_short_circuit_decorator.py for tasks to queue
[2025-07-16T23:51:43.828+0000] {logging_mixin.py:188} INFO - [2025-07-16T23:51:43.828+0000] {dagbag.py:538} INFO - Filling up the DagBag from /home/airflow/.local/lib/python3.8/site-packages/airflow/example_dags/example_short_circuit_decorator.py
[2025-07-16T23:51:43.852+0000] {processor.py:840} INFO - DAG(s) 'example_short_circuit_decorator' retrieved from /home/airflow/.local/lib/python3.8/site-packages/airflow/example_dags/example_short_circuit_decorator.py
[2025-07-16T23:51:43.925+0000] {logging_mixin.py:188} INFO - [2025-07-16T23:51:43.925+0000] {dag.py:3036} INFO - Sync 1 DAGs
[2025-07-16T23:51:44.178+0000] {logging_mixin.py:188} INFO - [2025-07-16T23:51:44.178+0000] {dag.py:3823} INFO - Setting next_dagrun for example_short_circuit_decorator to 2025-07-15 00:00:00+00:00, run_after=2025-07-16 00:00:00+00:00
[2025-07-16T23:51:44.222+0000] {processor.py:183} INFO - Processing /home/airflow/.local/lib/python3.8/site-packages/airflow/example_dags/example_short_circuit_decorator.py took 0.405 seconds
[2025-07-16T23:52:14.362+0000] {processor.py:161} INFO - Started process (PID=2387) to work on /home/airflow/.local/lib/python3.8/site-packages/airflow/example_dags/example_short_circuit_decorator.py
[2025-07-16T23:52:14.363+0000] {processor.py:830} INFO - Processing file /home/airflow/.local/lib/python3.8/site-packages/airflow/example_dags/example_short_circuit_decorator.py for tasks to queue
[2025-07-16T23:52:14.368+0000] {logging_mixin.py:188} INFO - [2025-07-16T23:52:14.367+0000] {dagbag.py:538} INFO - Filling up the DagBag from /home/airflow/.local/lib/python3.8/site-packages/airflow/example_dags/example_short_circuit_decorator.py
[2025-07-16T23:52:14.387+0000] {processor.py:840} INFO - DAG(s) 'example_short_circuit_decorator' retrieved from /home/airflow/.local/lib/python3.8/site-packages/airflow/example_dags/example_short_circuit_decorator.py
[2025-07-16T23:52:14.437+0000] {logging_mixin.py:188} INFO - [2025-07-16T23:52:14.436+0000] {dag.py:3036} INFO - Sync 1 DAGs
[2025-07-16T23:52:14.700+0000] {logging_mixin.py:188} INFO - [2025-07-16T23:52:14.699+0000] {dag.py:3823} INFO - Setting next_dagrun for example_short_circuit_decorator to 2025-07-15 00:00:00+00:00, run_after=2025-07-16 00:00:00+00:00
[2025-07-16T23:52:14.768+0000] {processor.py:183} INFO - Processing /home/airflow/.local/lib/python3.8/site-packages/airflow/example_dags/example_short_circuit_decorator.py took 0.413 seconds
[2025-07-16T23:52:45.616+0000] {processor.py:161} INFO - Started process (PID=2453) to work on /home/airflow/.local/lib/python3.8/site-packages/airflow/example_dags/example_short_circuit_decorator.py
[2025-07-16T23:52:45.618+0000] {processor.py:830} INFO - Processing file /home/airflow/.local/lib/python3.8/site-packages/airflow/example_dags/example_short_circuit_decorator.py for tasks to queue
[2025-07-16T23:52:45.638+0000] {logging_mixin.py:188} INFO - [2025-07-16T23:52:45.638+0000] {dagbag.py:538} INFO - Filling up the DagBag from /home/airflow/.local/lib/python3.8/site-packages/airflow/example_dags/example_short_circuit_decorator.py
[2025-07-16T23:52:45.667+0000] {processor.py:840} INFO - DAG(s) 'example_short_circuit_decorator' retrieved from /home/airflow/.local/lib/python3.8/site-packages/airflow/example_dags/example_short_circuit_decorator.py
[2025-07-16T23:52:45.729+0000] {logging_mixin.py:188} INFO - [2025-07-16T23:52:45.729+0000] {dag.py:3036} INFO - Sync 1 DAGs
[2025-07-16T23:52:45.775+0000] {logging_mixin.py:188} INFO - [2025-07-16T23:52:45.774+0000] {dag.py:3823} INFO - Setting next_dagrun for example_short_circuit_decorator to 2025-07-15 00:00:00+00:00, run_after=2025-07-16 00:00:00+00:00
[2025-07-16T23:52:46.020+0000] {processor.py:183} INFO - Processing /home/airflow/.local/lib/python3.8/site-packages/airflow/example_dags/example_short_circuit_decorator.py took 0.410 seconds
[2025-07-16T23:53:16.287+0000] {processor.py:161} INFO - Started process (PID=2524) to work on /home/airflow/.local/lib/python3.8/site-packages/airflow/example_dags/example_short_circuit_decorator.py
[2025-07-16T23:53:16.289+0000] {processor.py:830} INFO - Processing file /home/airflow/.local/lib/python3.8/site-packages/airflow/example_dags/example_short_circuit_decorator.py for tasks to queue
[2025-07-16T23:53:16.293+0000] {logging_mixin.py:188} INFO - [2025-07-16T23:53:16.293+0000] {dagbag.py:538} INFO - Filling up the DagBag from /home/airflow/.local/lib/python3.8/site-packages/airflow/example_dags/example_short_circuit_decorator.py
[2025-07-16T23:53:16.311+0000] {processor.py:840} INFO - DAG(s) 'example_short_circuit_decorator' retrieved from /home/airflow/.local/lib/python3.8/site-packages/airflow/example_dags/example_short_circuit_decorator.py
[2025-07-16T23:53:16.364+0000] {logging_mixin.py:188} INFO - [2025-07-16T23:53:16.363+0000] {dag.py:3036} INFO - Sync 1 DAGs
[2025-07-16T23:53:16.430+0000] {logging_mixin.py:188} INFO - [2025-07-16T23:53:16.429+0000] {dag.py:3823} INFO - Setting next_dagrun for example_short_circuit_decorator to 2025-07-15 00:00:00+00:00, run_after=2025-07-16 00:00:00+00:00
[2025-07-16T23:53:16.472+0000] {processor.py:183} INFO - Processing /home/airflow/.local/lib/python3.8/site-packages/airflow/example_dags/example_short_circuit_decorator.py took 0.191 seconds
[2025-07-16T23:53:46.572+0000] {processor.py:161} INFO - Started process (PID=2585) to work on /home/airflow/.local/lib/python3.8/site-packages/airflow/example_dags/example_short_circuit_decorator.py
[2025-07-16T23:53:46.573+0000] {processor.py:830} INFO - Processing file /home/airflow/.local/lib/python3.8/site-packages/airflow/example_dags/example_short_circuit_decorator.py for tasks to queue
[2025-07-16T23:53:46.576+0000] {logging_mixin.py:188} INFO - [2025-07-16T23:53:46.575+0000] {dagbag.py:538} INFO - Filling up the DagBag from /home/airflow/.local/lib/python3.8/site-packages/airflow/example_dags/example_short_circuit_decorator.py
[2025-07-16T23:53:46.589+0000] {processor.py:840} INFO - DAG(s) 'example_short_circuit_decorator' retrieved from /home/airflow/.local/lib/python3.8/site-packages/airflow/example_dags/example_short_circuit_decorator.py
[2025-07-16T23:53:46.623+0000] {logging_mixin.py:188} INFO - [2025-07-16T23:53:46.623+0000] {dag.py:3036} INFO - Sync 1 DAGs
[2025-07-16T23:53:46.656+0000] {logging_mixin.py:188} INFO - [2025-07-16T23:53:46.655+0000] {dag.py:3823} INFO - Setting next_dagrun for example_short_circuit_decorator to 2025-07-15 00:00:00+00:00, run_after=2025-07-16 00:00:00+00:00
[2025-07-16T23:53:46.681+0000] {processor.py:183} INFO - Processing /home/airflow/.local/lib/python3.8/site-packages/airflow/example_dags/example_short_circuit_decorator.py took 0.117 seconds
[2025-07-16T23:54:17.197+0000] {processor.py:161} INFO - Started process (PID=2651) to work on /home/airflow/.local/lib/python3.8/site-packages/airflow/example_dags/example_short_circuit_decorator.py
[2025-07-16T23:54:17.199+0000] {processor.py:830} INFO - Processing file /home/airflow/.local/lib/python3.8/site-packages/airflow/example_dags/example_short_circuit_decorator.py for tasks to queue
[2025-07-16T23:54:17.202+0000] {logging_mixin.py:188} INFO - [2025-07-16T23:54:17.202+0000] {dagbag.py:538} INFO - Filling up the DagBag from /home/airflow/.local/lib/python3.8/site-packages/airflow/example_dags/example_short_circuit_decorator.py
[2025-07-16T23:54:17.217+0000] {processor.py:840} INFO - DAG(s) 'example_short_circuit_decorator' retrieved from /home/airflow/.local/lib/python3.8/site-packages/airflow/example_dags/example_short_circuit_decorator.py
[2025-07-16T23:54:17.251+0000] {logging_mixin.py:188} INFO - [2025-07-16T23:54:17.250+0000] {dag.py:3036} INFO - Sync 1 DAGs
[2025-07-16T23:54:17.280+0000] {logging_mixin.py:188} INFO - [2025-07-16T23:54:17.280+0000] {dag.py:3823} INFO - Setting next_dagrun for example_short_circuit_decorator to 2025-07-15 00:00:00+00:00, run_after=2025-07-16 00:00:00+00:00
[2025-07-16T23:54:17.308+0000] {processor.py:183} INFO - Processing /home/airflow/.local/lib/python3.8/site-packages/airflow/example_dags/example_short_circuit_decorator.py took 0.117 seconds
[2025-07-16T23:54:47.582+0000] {processor.py:161} INFO - Started process (PID=2717) to work on /home/airflow/.local/lib/python3.8/site-packages/airflow/example_dags/example_short_circuit_decorator.py
[2025-07-16T23:54:47.583+0000] {processor.py:830} INFO - Processing file /home/airflow/.local/lib/python3.8/site-packages/airflow/example_dags/example_short_circuit_decorator.py for tasks to queue
[2025-07-16T23:54:47.586+0000] {logging_mixin.py:188} INFO - [2025-07-16T23:54:47.586+0000] {dagbag.py:538} INFO - Filling up the DagBag from /home/airflow/.local/lib/python3.8/site-packages/airflow/example_dags/example_short_circuit_decorator.py
[2025-07-16T23:54:47.599+0000] {processor.py:840} INFO - DAG(s) 'example_short_circuit_decorator' retrieved from /home/airflow/.local/lib/python3.8/site-packages/airflow/example_dags/example_short_circuit_decorator.py
[2025-07-16T23:54:47.637+0000] {logging_mixin.py:188} INFO - [2025-07-16T23:54:47.637+0000] {dag.py:3036} INFO - Sync 1 DAGs
[2025-07-16T23:54:47.667+0000] {logging_mixin.py:188} INFO - [2025-07-16T23:54:47.667+0000] {dag.py:3823} INFO - Setting next_dagrun for example_short_circuit_decorator to 2025-07-15 00:00:00+00:00, run_after=2025-07-16 00:00:00+00:00
[2025-07-16T23:54:47.699+0000] {processor.py:183} INFO - Processing /home/airflow/.local/lib/python3.8/site-packages/airflow/example_dags/example_short_circuit_decorator.py took 0.122 seconds
[2025-07-16T23:55:17.846+0000] {processor.py:161} INFO - Started process (PID=2783) to work on /home/airflow/.local/lib/python3.8/site-packages/airflow/example_dags/example_short_circuit_decorator.py
[2025-07-16T23:55:17.848+0000] {processor.py:830} INFO - Processing file /home/airflow/.local/lib/python3.8/site-packages/airflow/example_dags/example_short_circuit_decorator.py for tasks to queue
[2025-07-16T23:55:17.850+0000] {logging_mixin.py:188} INFO - [2025-07-16T23:55:17.850+0000] {dagbag.py:538} INFO - Filling up the DagBag from /home/airflow/.local/lib/python3.8/site-packages/airflow/example_dags/example_short_circuit_decorator.py
[2025-07-16T23:55:17.865+0000] {processor.py:840} INFO - DAG(s) 'example_short_circuit_decorator' retrieved from /home/airflow/.local/lib/python3.8/site-packages/airflow/example_dags/example_short_circuit_decorator.py
[2025-07-16T23:55:17.901+0000] {logging_mixin.py:188} INFO - [2025-07-16T23:55:17.901+0000] {dag.py:3036} INFO - Sync 1 DAGs
[2025-07-16T23:55:17.944+0000] {logging_mixin.py:188} INFO - [2025-07-16T23:55:17.943+0000] {dag.py:3823} INFO - Setting next_dagrun for example_short_circuit_decorator to 2025-07-15 00:00:00+00:00, run_after=2025-07-16 00:00:00+00:00
[2025-07-16T23:55:17.982+0000] {processor.py:183} INFO - Processing /home/airflow/.local/lib/python3.8/site-packages/airflow/example_dags/example_short_circuit_decorator.py took 0.140 seconds
[2025-07-16T23:55:48.101+0000] {processor.py:161} INFO - Started process (PID=2849) to work on /home/airflow/.local/lib/python3.8/site-packages/airflow/example_dags/example_short_circuit_decorator.py
[2025-07-16T23:55:48.103+0000] {processor.py:830} INFO - Processing file /home/airflow/.local/lib/python3.8/site-packages/airflow/example_dags/example_short_circuit_decorator.py for tasks to queue
[2025-07-16T23:55:48.105+0000] {logging_mixin.py:188} INFO - [2025-07-16T23:55:48.105+0000] {dagbag.py:538} INFO - Filling up the DagBag from /home/airflow/.local/lib/python3.8/site-packages/airflow/example_dags/example_short_circuit_decorator.py
[2025-07-16T23:55:48.118+0000] {processor.py:840} INFO - DAG(s) 'example_short_circuit_decorator' retrieved from /home/airflow/.local/lib/python3.8/site-packages/airflow/example_dags/example_short_circuit_decorator.py
[2025-07-16T23:55:48.157+0000] {logging_mixin.py:188} INFO - [2025-07-16T23:55:48.156+0000] {dag.py:3036} INFO - Sync 1 DAGs
[2025-07-16T23:55:48.189+0000] {logging_mixin.py:188} INFO - [2025-07-16T23:55:48.189+0000] {dag.py:3823} INFO - Setting next_dagrun for example_short_circuit_decorator to 2025-07-15 00:00:00+00:00, run_after=2025-07-16 00:00:00+00:00
[2025-07-16T23:55:48.223+0000] {processor.py:183} INFO - Processing /home/airflow/.local/lib/python3.8/site-packages/airflow/example_dags/example_short_circuit_decorator.py took 0.126 seconds
[2025-07-16T23:56:18.598+0000] {processor.py:161} INFO - Started process (PID=2914) to work on /home/airflow/.local/lib/python3.8/site-packages/airflow/example_dags/example_short_circuit_decorator.py
[2025-07-16T23:56:18.600+0000] {processor.py:830} INFO - Processing file /home/airflow/.local/lib/python3.8/site-packages/airflow/example_dags/example_short_circuit_decorator.py for tasks to queue
[2025-07-16T23:56:18.603+0000] {logging_mixin.py:188} INFO - [2025-07-16T23:56:18.602+0000] {dagbag.py:538} INFO - Filling up the DagBag from /home/airflow/.local/lib/python3.8/site-packages/airflow/example_dags/example_short_circuit_decorator.py
[2025-07-16T23:56:18.622+0000] {processor.py:840} INFO - DAG(s) 'example_short_circuit_decorator' retrieved from /home/airflow/.local/lib/python3.8/site-packages/airflow/example_dags/example_short_circuit_decorator.py
[2025-07-16T23:56:18.682+0000] {logging_mixin.py:188} INFO - [2025-07-16T23:56:18.682+0000] {dag.py:3036} INFO - Sync 1 DAGs
[2025-07-16T23:56:18.726+0000] {logging_mixin.py:188} INFO - [2025-07-16T23:56:18.726+0000] {dag.py:3823} INFO - Setting next_dagrun for example_short_circuit_decorator to 2025-07-15 00:00:00+00:00, run_after=2025-07-16 00:00:00+00:00
[2025-07-16T23:56:18.763+0000] {processor.py:183} INFO - Processing /home/airflow/.local/lib/python3.8/site-packages/airflow/example_dags/example_short_circuit_decorator.py took 0.171 seconds
[2025-07-16T23:56:49.294+0000] {processor.py:161} INFO - Started process (PID=2975) to work on /home/airflow/.local/lib/python3.8/site-packages/airflow/example_dags/example_short_circuit_decorator.py
[2025-07-16T23:56:49.296+0000] {processor.py:830} INFO - Processing file /home/airflow/.local/lib/python3.8/site-packages/airflow/example_dags/example_short_circuit_decorator.py for tasks to queue
[2025-07-16T23:56:49.301+0000] {logging_mixin.py:188} INFO - [2025-07-16T23:56:49.300+0000] {dagbag.py:538} INFO - Filling up the DagBag from /home/airflow/.local/lib/python3.8/site-packages/airflow/example_dags/example_short_circuit_decorator.py
[2025-07-16T23:56:49.317+0000] {processor.py:840} INFO - DAG(s) 'example_short_circuit_decorator' retrieved from /home/airflow/.local/lib/python3.8/site-packages/airflow/example_dags/example_short_circuit_decorator.py
[2025-07-16T23:56:49.455+0000] {logging_mixin.py:188} INFO - [2025-07-16T23:56:49.454+0000] {dag.py:3036} INFO - Sync 1 DAGs
[2025-07-16T23:56:49.516+0000] {logging_mixin.py:188} INFO - [2025-07-16T23:56:49.515+0000] {dag.py:3823} INFO - Setting next_dagrun for example_short_circuit_decorator to 2025-07-15 00:00:00+00:00, run_after=2025-07-16 00:00:00+00:00
[2025-07-16T23:56:49.570+0000] {processor.py:183} INFO - Processing /home/airflow/.local/lib/python3.8/site-packages/airflow/example_dags/example_short_circuit_decorator.py took 0.283 seconds
[2025-07-16T23:57:19.736+0000] {processor.py:161} INFO - Started process (PID=3040) to work on /home/airflow/.local/lib/python3.8/site-packages/airflow/example_dags/example_short_circuit_decorator.py
[2025-07-16T23:57:19.737+0000] {processor.py:830} INFO - Processing file /home/airflow/.local/lib/python3.8/site-packages/airflow/example_dags/example_short_circuit_decorator.py for tasks to queue
[2025-07-16T23:57:19.741+0000] {logging_mixin.py:188} INFO - [2025-07-16T23:57:19.740+0000] {dagbag.py:538} INFO - Filling up the DagBag from /home/airflow/.local/lib/python3.8/site-packages/airflow/example_dags/example_short_circuit_decorator.py
[2025-07-16T23:57:19.755+0000] {processor.py:840} INFO - DAG(s) 'example_short_circuit_decorator' retrieved from /home/airflow/.local/lib/python3.8/site-packages/airflow/example_dags/example_short_circuit_decorator.py
[2025-07-16T23:57:19.795+0000] {logging_mixin.py:188} INFO - [2025-07-16T23:57:19.795+0000] {dag.py:3036} INFO - Sync 1 DAGs
[2025-07-16T23:57:19.826+0000] {logging_mixin.py:188} INFO - [2025-07-16T23:57:19.826+0000] {dag.py:3823} INFO - Setting next_dagrun for example_short_circuit_decorator to 2025-07-15 00:00:00+00:00, run_after=2025-07-16 00:00:00+00:00
[2025-07-16T23:57:19.855+0000] {processor.py:183} INFO - Processing /home/airflow/.local/lib/python3.8/site-packages/airflow/example_dags/example_short_circuit_decorator.py took 0.125 seconds
[2025-07-16T23:57:50.019+0000] {processor.py:161} INFO - Started process (PID=3107) to work on /home/airflow/.local/lib/python3.8/site-packages/airflow/example_dags/example_short_circuit_decorator.py
[2025-07-16T23:57:50.021+0000] {processor.py:830} INFO - Processing file /home/airflow/.local/lib/python3.8/site-packages/airflow/example_dags/example_short_circuit_decorator.py for tasks to queue
[2025-07-16T23:57:50.023+0000] {logging_mixin.py:188} INFO - [2025-07-16T23:57:50.023+0000] {dagbag.py:538} INFO - Filling up the DagBag from /home/airflow/.local/lib/python3.8/site-packages/airflow/example_dags/example_short_circuit_decorator.py
[2025-07-16T23:57:50.036+0000] {processor.py:840} INFO - DAG(s) 'example_short_circuit_decorator' retrieved from /home/airflow/.local/lib/python3.8/site-packages/airflow/example_dags/example_short_circuit_decorator.py
[2025-07-16T23:57:50.070+0000] {logging_mixin.py:188} INFO - [2025-07-16T23:57:50.069+0000] {dag.py:3036} INFO - Sync 1 DAGs
[2025-07-16T23:57:50.100+0000] {logging_mixin.py:188} INFO - [2025-07-16T23:57:50.099+0000] {dag.py:3823} INFO - Setting next_dagrun for example_short_circuit_decorator to 2025-07-15 00:00:00+00:00, run_after=2025-07-16 00:00:00+00:00
[2025-07-16T23:57:50.131+0000] {processor.py:183} INFO - Processing /home/airflow/.local/lib/python3.8/site-packages/airflow/example_dags/example_short_circuit_decorator.py took 0.116 seconds
[2025-07-16T23:58:20.615+0000] {processor.py:161} INFO - Started process (PID=3173) to work on /home/airflow/.local/lib/python3.8/site-packages/airflow/example_dags/example_short_circuit_decorator.py
[2025-07-16T23:58:20.617+0000] {processor.py:830} INFO - Processing file /home/airflow/.local/lib/python3.8/site-packages/airflow/example_dags/example_short_circuit_decorator.py for tasks to queue
[2025-07-16T23:58:20.619+0000] {logging_mixin.py:188} INFO - [2025-07-16T23:58:20.619+0000] {dagbag.py:538} INFO - Filling up the DagBag from /home/airflow/.local/lib/python3.8/site-packages/airflow/example_dags/example_short_circuit_decorator.py
[2025-07-16T23:58:20.634+0000] {processor.py:840} INFO - DAG(s) 'example_short_circuit_decorator' retrieved from /home/airflow/.local/lib/python3.8/site-packages/airflow/example_dags/example_short_circuit_decorator.py
[2025-07-16T23:58:20.666+0000] {logging_mixin.py:188} INFO - [2025-07-16T23:58:20.665+0000] {dag.py:3036} INFO - Sync 1 DAGs
[2025-07-16T23:58:20.696+0000] {logging_mixin.py:188} INFO - [2025-07-16T23:58:20.696+0000] {dag.py:3823} INFO - Setting next_dagrun for example_short_circuit_decorator to 2025-07-15 00:00:00+00:00, run_after=2025-07-16 00:00:00+00:00
[2025-07-16T23:58:20.728+0000] {processor.py:183} INFO - Processing /home/airflow/.local/lib/python3.8/site-packages/airflow/example_dags/example_short_circuit_decorator.py took 0.117 seconds
[2025-07-16T23:58:50.919+0000] {processor.py:161} INFO - Started process (PID=3238) to work on /home/airflow/.local/lib/python3.8/site-packages/airflow/example_dags/example_short_circuit_decorator.py
[2025-07-16T23:58:50.921+0000] {processor.py:830} INFO - Processing file /home/airflow/.local/lib/python3.8/site-packages/airflow/example_dags/example_short_circuit_decorator.py for tasks to queue
[2025-07-16T23:58:50.925+0000] {logging_mixin.py:188} INFO - [2025-07-16T23:58:50.924+0000] {dagbag.py:538} INFO - Filling up the DagBag from /home/airflow/.local/lib/python3.8/site-packages/airflow/example_dags/example_short_circuit_decorator.py
[2025-07-16T23:58:50.941+0000] {processor.py:840} INFO - DAG(s) 'example_short_circuit_decorator' retrieved from /home/airflow/.local/lib/python3.8/site-packages/airflow/example_dags/example_short_circuit_decorator.py
[2025-07-16T23:58:50.974+0000] {logging_mixin.py:188} INFO - [2025-07-16T23:58:50.973+0000] {dag.py:3036} INFO - Sync 1 DAGs
[2025-07-16T23:58:51.009+0000] {logging_mixin.py:188} INFO - [2025-07-16T23:58:51.009+0000] {dag.py:3823} INFO - Setting next_dagrun for example_short_circuit_decorator to 2025-07-15 00:00:00+00:00, run_after=2025-07-16 00:00:00+00:00
[2025-07-16T23:58:51.042+0000] {processor.py:183} INFO - Processing /home/airflow/.local/lib/python3.8/site-packages/airflow/example_dags/example_short_circuit_decorator.py took 0.129 seconds
[2025-07-16T23:59:21.201+0000] {processor.py:161} INFO - Started process (PID=3304) to work on /home/airflow/.local/lib/python3.8/site-packages/airflow/example_dags/example_short_circuit_decorator.py
[2025-07-16T23:59:21.202+0000] {processor.py:830} INFO - Processing file /home/airflow/.local/lib/python3.8/site-packages/airflow/example_dags/example_short_circuit_decorator.py for tasks to queue
[2025-07-16T23:59:21.205+0000] {logging_mixin.py:188} INFO - [2025-07-16T23:59:21.204+0000] {dagbag.py:538} INFO - Filling up the DagBag from /home/airflow/.local/lib/python3.8/site-packages/airflow/example_dags/example_short_circuit_decorator.py
[2025-07-16T23:59:21.217+0000] {processor.py:840} INFO - DAG(s) 'example_short_circuit_decorator' retrieved from /home/airflow/.local/lib/python3.8/site-packages/airflow/example_dags/example_short_circuit_decorator.py
[2025-07-16T23:59:21.253+0000] {logging_mixin.py:188} INFO - [2025-07-16T23:59:21.253+0000] {dag.py:3036} INFO - Sync 1 DAGs
[2025-07-16T23:59:21.284+0000] {logging_mixin.py:188} INFO - [2025-07-16T23:59:21.284+0000] {dag.py:3823} INFO - Setting next_dagrun for example_short_circuit_decorator to 2025-07-15 00:00:00+00:00, run_after=2025-07-16 00:00:00+00:00
[2025-07-16T23:59:21.311+0000] {processor.py:183} INFO - Processing /home/airflow/.local/lib/python3.8/site-packages/airflow/example_dags/example_short_circuit_decorator.py took 0.115 seconds
[2025-07-16T23:59:51.810+0000] {processor.py:161} INFO - Started process (PID=3366) to work on /home/airflow/.local/lib/python3.8/site-packages/airflow/example_dags/example_short_circuit_decorator.py
[2025-07-16T23:59:51.811+0000] {processor.py:830} INFO - Processing file /home/airflow/.local/lib/python3.8/site-packages/airflow/example_dags/example_short_circuit_decorator.py for tasks to queue
[2025-07-16T23:59:51.814+0000] {logging_mixin.py:188} INFO - [2025-07-16T23:59:51.814+0000] {dagbag.py:538} INFO - Filling up the DagBag from /home/airflow/.local/lib/python3.8/site-packages/airflow/example_dags/example_short_circuit_decorator.py
[2025-07-16T23:59:51.830+0000] {processor.py:840} INFO - DAG(s) 'example_short_circuit_decorator' retrieved from /home/airflow/.local/lib/python3.8/site-packages/airflow/example_dags/example_short_circuit_decorator.py
[2025-07-16T23:59:51.871+0000] {logging_mixin.py:188} INFO - [2025-07-16T23:59:51.871+0000] {dag.py:3036} INFO - Sync 1 DAGs
[2025-07-16T23:59:51.911+0000] {logging_mixin.py:188} INFO - [2025-07-16T23:59:51.910+0000] {dag.py:3823} INFO - Setting next_dagrun for example_short_circuit_decorator to 2025-07-15 00:00:00+00:00, run_after=2025-07-16 00:00:00+00:00
[2025-07-16T23:59:51.946+0000] {processor.py:183} INFO - Processing /home/airflow/.local/lib/python3.8/site-packages/airflow/example_dags/example_short_circuit_decorator.py took 0.142 seconds
