[2025-07-16T15:02:14.112+0000] {processor.py:161} INFO - Started process (PID=100) to work on /home/airflow/.local/lib/python3.8/site-packages/airflow/example_dags/example_python_decorator.py
[2025-07-16T15:02:14.115+0000] {processor.py:830} INFO - Processing file /home/airflow/.local/lib/python3.8/site-packages/airflow/example_dags/example_python_decorator.py for tasks to queue
[2025-07-16T15:02:14.120+0000] {logging_mixin.py:188} INFO - [2025-07-16T15:02:14.119+0000] {dagbag.py:538} INFO - Filling up the DagBag from /home/airflow/.local/lib/python3.8/site-packages/airflow/example_dags/example_python_decorator.py
[2025-07-16T15:02:14.161+0000] {processor.py:840} INFO - DAG(s) 'example_python_decorator' retrieved from /home/airflow/.local/lib/python3.8/site-packages/airflow/example_dags/example_python_decorator.py
[2025-07-16T15:02:14.835+0000] {logging_mixin.py:188} INFO - [2025-07-16T15:02:14.835+0000] {dag.py:3036} INFO - Sync 1 DAGs
[2025-07-16T15:02:14.890+0000] {logging_mixin.py:188} INFO - [2025-07-16T15:02:14.889+0000] {dag.py:3823} INFO - Setting next_dagrun for example_python_decorator to None, run_after=None
[2025-07-16T15:02:15.049+0000] {processor.py:183} INFO - Processing /home/airflow/.local/lib/python3.8/site-packages/airflow/example_dags/example_python_decorator.py took 0.947 seconds
[2025-07-16T15:02:45.310+0000] {processor.py:161} INFO - Started process (PID=161) to work on /home/airflow/.local/lib/python3.8/site-packages/airflow/example_dags/example_python_decorator.py
[2025-07-16T15:02:45.312+0000] {processor.py:830} INFO - Processing file /home/airflow/.local/lib/python3.8/site-packages/airflow/example_dags/example_python_decorator.py for tasks to queue
[2025-07-16T15:02:45.315+0000] {logging_mixin.py:188} INFO - [2025-07-16T15:02:45.315+0000] {dagbag.py:538} INFO - Filling up the DagBag from /home/airflow/.local/lib/python3.8/site-packages/airflow/example_dags/example_python_decorator.py
[2025-07-16T15:02:45.342+0000] {processor.py:840} INFO - DAG(s) 'example_python_decorator' retrieved from /home/airflow/.local/lib/python3.8/site-packages/airflow/example_dags/example_python_decorator.py
[2025-07-16T15:02:45.393+0000] {logging_mixin.py:188} INFO - [2025-07-16T15:02:45.392+0000] {dag.py:3036} INFO - Sync 1 DAGs
[2025-07-16T15:02:45.417+0000] {logging_mixin.py:188} INFO - [2025-07-16T15:02:45.416+0000] {dag.py:3823} INFO - Setting next_dagrun for example_python_decorator to None, run_after=None
[2025-07-16T15:02:45.608+0000] {processor.py:183} INFO - Processing /home/airflow/.local/lib/python3.8/site-packages/airflow/example_dags/example_python_decorator.py took 0.304 seconds
[2025-07-16T15:03:15.717+0000] {processor.py:161} INFO - Started process (PID=225) to work on /home/airflow/.local/lib/python3.8/site-packages/airflow/example_dags/example_python_decorator.py
[2025-07-16T15:03:15.719+0000] {processor.py:830} INFO - Processing file /home/airflow/.local/lib/python3.8/site-packages/airflow/example_dags/example_python_decorator.py for tasks to queue
[2025-07-16T15:03:15.721+0000] {logging_mixin.py:188} INFO - [2025-07-16T15:03:15.721+0000] {dagbag.py:538} INFO - Filling up the DagBag from /home/airflow/.local/lib/python3.8/site-packages/airflow/example_dags/example_python_decorator.py
[2025-07-16T15:03:15.739+0000] {processor.py:840} INFO - DAG(s) 'example_python_decorator' retrieved from /home/airflow/.local/lib/python3.8/site-packages/airflow/example_dags/example_python_decorator.py
[2025-07-16T15:03:15.778+0000] {logging_mixin.py:188} INFO - [2025-07-16T15:03:15.777+0000] {dag.py:3036} INFO - Sync 1 DAGs
[2025-07-16T15:03:15.798+0000] {logging_mixin.py:188} INFO - [2025-07-16T15:03:15.798+0000] {dag.py:3823} INFO - Setting next_dagrun for example_python_decorator to None, run_after=None
[2025-07-16T15:03:15.826+0000] {processor.py:183} INFO - Processing /home/airflow/.local/lib/python3.8/site-packages/airflow/example_dags/example_python_decorator.py took 0.114 seconds
[2025-07-16T15:03:46.164+0000] {processor.py:161} INFO - Started process (PID=289) to work on /home/airflow/.local/lib/python3.8/site-packages/airflow/example_dags/example_python_decorator.py
[2025-07-16T15:03:46.165+0000] {processor.py:830} INFO - Processing file /home/airflow/.local/lib/python3.8/site-packages/airflow/example_dags/example_python_decorator.py for tasks to queue
[2025-07-16T15:03:46.172+0000] {logging_mixin.py:188} INFO - [2025-07-16T15:03:46.171+0000] {dagbag.py:538} INFO - Filling up the DagBag from /home/airflow/.local/lib/python3.8/site-packages/airflow/example_dags/example_python_decorator.py
[2025-07-16T15:03:46.213+0000] {processor.py:840} INFO - DAG(s) 'example_python_decorator' retrieved from /home/airflow/.local/lib/python3.8/site-packages/airflow/example_dags/example_python_decorator.py
[2025-07-16T15:03:46.263+0000] {logging_mixin.py:188} INFO - [2025-07-16T15:03:46.263+0000] {dag.py:3036} INFO - Sync 1 DAGs
[2025-07-16T15:03:46.287+0000] {logging_mixin.py:188} INFO - [2025-07-16T15:03:46.287+0000] {dag.py:3823} INFO - Setting next_dagrun for example_python_decorator to None, run_after=None
[2025-07-16T15:03:46.326+0000] {processor.py:183} INFO - Processing /home/airflow/.local/lib/python3.8/site-packages/airflow/example_dags/example_python_decorator.py took 0.170 seconds
[2025-07-16T23:34:10.882+0000] {processor.py:161} INFO - Started process (PID=92) to work on /home/airflow/.local/lib/python3.8/site-packages/airflow/example_dags/example_python_decorator.py
[2025-07-16T23:34:10.883+0000] {processor.py:830} INFO - Processing file /home/airflow/.local/lib/python3.8/site-packages/airflow/example_dags/example_python_decorator.py for tasks to queue
[2025-07-16T23:34:10.887+0000] {logging_mixin.py:188} INFO - [2025-07-16T23:34:10.886+0000] {dagbag.py:538} INFO - Filling up the DagBag from /home/airflow/.local/lib/python3.8/site-packages/airflow/example_dags/example_python_decorator.py
[2025-07-16T23:34:10.928+0000] {processor.py:840} INFO - DAG(s) 'example_python_decorator' retrieved from /home/airflow/.local/lib/python3.8/site-packages/airflow/example_dags/example_python_decorator.py
[2025-07-16T23:34:11.255+0000] {logging_mixin.py:188} INFO - [2025-07-16T23:34:11.254+0000] {dag.py:3036} INFO - Sync 1 DAGs
[2025-07-16T23:34:11.278+0000] {logging_mixin.py:188} INFO - [2025-07-16T23:34:11.278+0000] {dag.py:3823} INFO - Setting next_dagrun for example_python_decorator to None, run_after=None
[2025-07-16T23:34:11.346+0000] {processor.py:183} INFO - Processing /home/airflow/.local/lib/python3.8/site-packages/airflow/example_dags/example_python_decorator.py took 0.470 seconds
[2025-07-16T23:34:41.595+0000] {processor.py:161} INFO - Started process (PID=153) to work on /home/airflow/.local/lib/python3.8/site-packages/airflow/example_dags/example_python_decorator.py
[2025-07-16T23:34:41.597+0000] {processor.py:830} INFO - Processing file /home/airflow/.local/lib/python3.8/site-packages/airflow/example_dags/example_python_decorator.py for tasks to queue
[2025-07-16T23:34:41.600+0000] {logging_mixin.py:188} INFO - [2025-07-16T23:34:41.599+0000] {dagbag.py:538} INFO - Filling up the DagBag from /home/airflow/.local/lib/python3.8/site-packages/airflow/example_dags/example_python_decorator.py
[2025-07-16T23:34:41.624+0000] {processor.py:840} INFO - DAG(s) 'example_python_decorator' retrieved from /home/airflow/.local/lib/python3.8/site-packages/airflow/example_dags/example_python_decorator.py
[2025-07-16T23:34:41.671+0000] {logging_mixin.py:188} INFO - [2025-07-16T23:34:41.671+0000] {dag.py:3036} INFO - Sync 1 DAGs
[2025-07-16T23:34:41.697+0000] {logging_mixin.py:188} INFO - [2025-07-16T23:34:41.697+0000] {dag.py:3823} INFO - Setting next_dagrun for example_python_decorator to None, run_after=None
[2025-07-16T23:34:41.736+0000] {processor.py:183} INFO - Processing /home/airflow/.local/lib/python3.8/site-packages/airflow/example_dags/example_python_decorator.py took 0.146 seconds
[2025-07-16T23:35:11.825+0000] {processor.py:161} INFO - Started process (PID=219) to work on /home/airflow/.local/lib/python3.8/site-packages/airflow/example_dags/example_python_decorator.py
[2025-07-16T23:35:11.827+0000] {processor.py:830} INFO - Processing file /home/airflow/.local/lib/python3.8/site-packages/airflow/example_dags/example_python_decorator.py for tasks to queue
[2025-07-16T23:35:11.832+0000] {logging_mixin.py:188} INFO - [2025-07-16T23:35:11.831+0000] {dagbag.py:538} INFO - Filling up the DagBag from /home/airflow/.local/lib/python3.8/site-packages/airflow/example_dags/example_python_decorator.py
[2025-07-16T23:35:11.858+0000] {processor.py:840} INFO - DAG(s) 'example_python_decorator' retrieved from /home/airflow/.local/lib/python3.8/site-packages/airflow/example_dags/example_python_decorator.py
[2025-07-16T23:35:11.906+0000] {logging_mixin.py:188} INFO - [2025-07-16T23:35:11.906+0000] {dag.py:3036} INFO - Sync 1 DAGs
[2025-07-16T23:35:11.931+0000] {logging_mixin.py:188} INFO - [2025-07-16T23:35:11.931+0000] {dag.py:3823} INFO - Setting next_dagrun for example_python_decorator to None, run_after=None
[2025-07-16T23:35:11.974+0000] {processor.py:183} INFO - Processing /home/airflow/.local/lib/python3.8/site-packages/airflow/example_dags/example_python_decorator.py took 0.155 seconds
[2025-07-16T23:35:42.599+0000] {processor.py:161} INFO - Started process (PID=285) to work on /home/airflow/.local/lib/python3.8/site-packages/airflow/example_dags/example_python_decorator.py
[2025-07-16T23:35:42.601+0000] {processor.py:830} INFO - Processing file /home/airflow/.local/lib/python3.8/site-packages/airflow/example_dags/example_python_decorator.py for tasks to queue
[2025-07-16T23:35:42.606+0000] {logging_mixin.py:188} INFO - [2025-07-16T23:35:42.605+0000] {dagbag.py:538} INFO - Filling up the DagBag from /home/airflow/.local/lib/python3.8/site-packages/airflow/example_dags/example_python_decorator.py
[2025-07-16T23:35:42.635+0000] {processor.py:840} INFO - DAG(s) 'example_python_decorator' retrieved from /home/airflow/.local/lib/python3.8/site-packages/airflow/example_dags/example_python_decorator.py
[2025-07-16T23:35:42.686+0000] {logging_mixin.py:188} INFO - [2025-07-16T23:35:42.685+0000] {dag.py:3036} INFO - Sync 1 DAGs
[2025-07-16T23:35:42.707+0000] {logging_mixin.py:188} INFO - [2025-07-16T23:35:42.707+0000] {dag.py:3823} INFO - Setting next_dagrun for example_python_decorator to None, run_after=None
[2025-07-16T23:35:42.746+0000] {processor.py:183} INFO - Processing /home/airflow/.local/lib/python3.8/site-packages/airflow/example_dags/example_python_decorator.py took 0.153 seconds
[2025-07-16T23:36:13.683+0000] {processor.py:161} INFO - Started process (PID=357) to work on /home/airflow/.local/lib/python3.8/site-packages/airflow/example_dags/example_python_decorator.py
[2025-07-16T23:36:13.685+0000] {processor.py:830} INFO - Processing file /home/airflow/.local/lib/python3.8/site-packages/airflow/example_dags/example_python_decorator.py for tasks to queue
[2025-07-16T23:36:13.690+0000] {logging_mixin.py:188} INFO - [2025-07-16T23:36:13.690+0000] {dagbag.py:538} INFO - Filling up the DagBag from /home/airflow/.local/lib/python3.8/site-packages/airflow/example_dags/example_python_decorator.py
[2025-07-16T23:36:13.718+0000] {processor.py:840} INFO - DAG(s) 'example_python_decorator' retrieved from /home/airflow/.local/lib/python3.8/site-packages/airflow/example_dags/example_python_decorator.py
[2025-07-16T23:36:13.777+0000] {logging_mixin.py:188} INFO - [2025-07-16T23:36:13.774+0000] {dag.py:3036} INFO - Sync 1 DAGs
[2025-07-16T23:36:13.813+0000] {logging_mixin.py:188} INFO - [2025-07-16T23:36:13.812+0000] {dag.py:3823} INFO - Setting next_dagrun for example_python_decorator to None, run_after=None
[2025-07-16T23:36:13.866+0000] {processor.py:183} INFO - Processing /home/airflow/.local/lib/python3.8/site-packages/airflow/example_dags/example_python_decorator.py took 0.188 seconds
[2025-07-16T23:36:44.649+0000] {processor.py:161} INFO - Started process (PID=422) to work on /home/airflow/.local/lib/python3.8/site-packages/airflow/example_dags/example_python_decorator.py
[2025-07-16T23:36:44.652+0000] {processor.py:830} INFO - Processing file /home/airflow/.local/lib/python3.8/site-packages/airflow/example_dags/example_python_decorator.py for tasks to queue
[2025-07-16T23:36:44.656+0000] {logging_mixin.py:188} INFO - [2025-07-16T23:36:44.655+0000] {dagbag.py:538} INFO - Filling up the DagBag from /home/airflow/.local/lib/python3.8/site-packages/airflow/example_dags/example_python_decorator.py
[2025-07-16T23:36:44.681+0000] {processor.py:840} INFO - DAG(s) 'example_python_decorator' retrieved from /home/airflow/.local/lib/python3.8/site-packages/airflow/example_dags/example_python_decorator.py
[2025-07-16T23:36:44.729+0000] {logging_mixin.py:188} INFO - [2025-07-16T23:36:44.729+0000] {dag.py:3036} INFO - Sync 1 DAGs
[2025-07-16T23:36:44.751+0000] {logging_mixin.py:188} INFO - [2025-07-16T23:36:44.750+0000] {dag.py:3823} INFO - Setting next_dagrun for example_python_decorator to None, run_after=None
[2025-07-16T23:36:44.783+0000] {processor.py:183} INFO - Processing /home/airflow/.local/lib/python3.8/site-packages/airflow/example_dags/example_python_decorator.py took 0.139 seconds
[2025-07-16T23:37:14.938+0000] {processor.py:161} INFO - Started process (PID=484) to work on /home/airflow/.local/lib/python3.8/site-packages/airflow/example_dags/example_python_decorator.py
[2025-07-16T23:37:14.944+0000] {processor.py:830} INFO - Processing file /home/airflow/.local/lib/python3.8/site-packages/airflow/example_dags/example_python_decorator.py for tasks to queue
[2025-07-16T23:37:14.949+0000] {logging_mixin.py:188} INFO - [2025-07-16T23:37:14.949+0000] {dagbag.py:538} INFO - Filling up the DagBag from /home/airflow/.local/lib/python3.8/site-packages/airflow/example_dags/example_python_decorator.py
[2025-07-16T23:37:14.990+0000] {processor.py:840} INFO - DAG(s) 'example_python_decorator' retrieved from /home/airflow/.local/lib/python3.8/site-packages/airflow/example_dags/example_python_decorator.py
[2025-07-16T23:37:15.068+0000] {logging_mixin.py:188} INFO - [2025-07-16T23:37:15.067+0000] {dag.py:3036} INFO - Sync 1 DAGs
[2025-07-16T23:37:15.108+0000] {logging_mixin.py:188} INFO - [2025-07-16T23:37:15.107+0000] {dag.py:3823} INFO - Setting next_dagrun for example_python_decorator to None, run_after=None
[2025-07-16T23:37:15.172+0000] {processor.py:183} INFO - Processing /home/airflow/.local/lib/python3.8/site-packages/airflow/example_dags/example_python_decorator.py took 0.240 seconds
[2025-07-16T23:37:45.571+0000] {processor.py:161} INFO - Started process (PID=550) to work on /home/airflow/.local/lib/python3.8/site-packages/airflow/example_dags/example_python_decorator.py
[2025-07-16T23:37:45.572+0000] {processor.py:830} INFO - Processing file /home/airflow/.local/lib/python3.8/site-packages/airflow/example_dags/example_python_decorator.py for tasks to queue
[2025-07-16T23:37:45.576+0000] {logging_mixin.py:188} INFO - [2025-07-16T23:37:45.575+0000] {dagbag.py:538} INFO - Filling up the DagBag from /home/airflow/.local/lib/python3.8/site-packages/airflow/example_dags/example_python_decorator.py
[2025-07-16T23:37:45.599+0000] {processor.py:840} INFO - DAG(s) 'example_python_decorator' retrieved from /home/airflow/.local/lib/python3.8/site-packages/airflow/example_dags/example_python_decorator.py
[2025-07-16T23:37:45.640+0000] {logging_mixin.py:188} INFO - [2025-07-16T23:37:45.640+0000] {dag.py:3036} INFO - Sync 1 DAGs
[2025-07-16T23:37:45.665+0000] {logging_mixin.py:188} INFO - [2025-07-16T23:37:45.664+0000] {dag.py:3823} INFO - Setting next_dagrun for example_python_decorator to None, run_after=None
[2025-07-16T23:37:45.707+0000] {processor.py:183} INFO - Processing /home/airflow/.local/lib/python3.8/site-packages/airflow/example_dags/example_python_decorator.py took 0.142 seconds
[2025-07-16T23:38:16.885+0000] {processor.py:161} INFO - Started process (PID=616) to work on /home/airflow/.local/lib/python3.8/site-packages/airflow/example_dags/example_python_decorator.py
[2025-07-16T23:38:16.886+0000] {processor.py:830} INFO - Processing file /home/airflow/.local/lib/python3.8/site-packages/airflow/example_dags/example_python_decorator.py for tasks to queue
[2025-07-16T23:38:16.889+0000] {logging_mixin.py:188} INFO - [2025-07-16T23:38:16.888+0000] {dagbag.py:538} INFO - Filling up the DagBag from /home/airflow/.local/lib/python3.8/site-packages/airflow/example_dags/example_python_decorator.py
[2025-07-16T23:38:16.915+0000] {processor.py:840} INFO - DAG(s) 'example_python_decorator' retrieved from /home/airflow/.local/lib/python3.8/site-packages/airflow/example_dags/example_python_decorator.py
[2025-07-16T23:38:16.958+0000] {logging_mixin.py:188} INFO - [2025-07-16T23:38:16.958+0000] {dag.py:3036} INFO - Sync 1 DAGs
[2025-07-16T23:38:16.982+0000] {logging_mixin.py:188} INFO - [2025-07-16T23:38:16.982+0000] {dag.py:3823} INFO - Setting next_dagrun for example_python_decorator to None, run_after=None
[2025-07-16T23:38:17.016+0000] {processor.py:183} INFO - Processing /home/airflow/.local/lib/python3.8/site-packages/airflow/example_dags/example_python_decorator.py took 0.136 seconds
[2025-07-16T23:38:48.154+0000] {processor.py:161} INFO - Started process (PID=682) to work on /home/airflow/.local/lib/python3.8/site-packages/airflow/example_dags/example_python_decorator.py
[2025-07-16T23:38:48.156+0000] {processor.py:830} INFO - Processing file /home/airflow/.local/lib/python3.8/site-packages/airflow/example_dags/example_python_decorator.py for tasks to queue
[2025-07-16T23:38:48.158+0000] {logging_mixin.py:188} INFO - [2025-07-16T23:38:48.158+0000] {dagbag.py:538} INFO - Filling up the DagBag from /home/airflow/.local/lib/python3.8/site-packages/airflow/example_dags/example_python_decorator.py
[2025-07-16T23:38:48.180+0000] {processor.py:840} INFO - DAG(s) 'example_python_decorator' retrieved from /home/airflow/.local/lib/python3.8/site-packages/airflow/example_dags/example_python_decorator.py
[2025-07-16T23:38:48.222+0000] {logging_mixin.py:188} INFO - [2025-07-16T23:38:48.222+0000] {dag.py:3036} INFO - Sync 1 DAGs
[2025-07-16T23:38:48.249+0000] {logging_mixin.py:188} INFO - [2025-07-16T23:38:48.247+0000] {dag.py:3823} INFO - Setting next_dagrun for example_python_decorator to None, run_after=None
[2025-07-16T23:38:48.279+0000] {processor.py:183} INFO - Processing /home/airflow/.local/lib/python3.8/site-packages/airflow/example_dags/example_python_decorator.py took 0.132 seconds
[2025-07-16T23:39:18.381+0000] {processor.py:161} INFO - Started process (PID=747) to work on /home/airflow/.local/lib/python3.8/site-packages/airflow/example_dags/example_python_decorator.py
[2025-07-16T23:39:18.383+0000] {processor.py:830} INFO - Processing file /home/airflow/.local/lib/python3.8/site-packages/airflow/example_dags/example_python_decorator.py for tasks to queue
[2025-07-16T23:39:18.386+0000] {logging_mixin.py:188} INFO - [2025-07-16T23:39:18.385+0000] {dagbag.py:538} INFO - Filling up the DagBag from /home/airflow/.local/lib/python3.8/site-packages/airflow/example_dags/example_python_decorator.py
[2025-07-16T23:39:18.410+0000] {processor.py:840} INFO - DAG(s) 'example_python_decorator' retrieved from /home/airflow/.local/lib/python3.8/site-packages/airflow/example_dags/example_python_decorator.py
[2025-07-16T23:39:18.448+0000] {logging_mixin.py:188} INFO - [2025-07-16T23:39:18.448+0000] {dag.py:3036} INFO - Sync 1 DAGs
[2025-07-16T23:39:18.468+0000] {logging_mixin.py:188} INFO - [2025-07-16T23:39:18.467+0000] {dag.py:3823} INFO - Setting next_dagrun for example_python_decorator to None, run_after=None
[2025-07-16T23:39:18.500+0000] {processor.py:183} INFO - Processing /home/airflow/.local/lib/python3.8/site-packages/airflow/example_dags/example_python_decorator.py took 0.125 seconds
[2025-07-16T23:39:49.125+0000] {processor.py:161} INFO - Started process (PID=812) to work on /home/airflow/.local/lib/python3.8/site-packages/airflow/example_dags/example_python_decorator.py
[2025-07-16T23:39:49.127+0000] {processor.py:830} INFO - Processing file /home/airflow/.local/lib/python3.8/site-packages/airflow/example_dags/example_python_decorator.py for tasks to queue
[2025-07-16T23:39:49.130+0000] {logging_mixin.py:188} INFO - [2025-07-16T23:39:49.129+0000] {dagbag.py:538} INFO - Filling up the DagBag from /home/airflow/.local/lib/python3.8/site-packages/airflow/example_dags/example_python_decorator.py
[2025-07-16T23:39:49.155+0000] {processor.py:840} INFO - DAG(s) 'example_python_decorator' retrieved from /home/airflow/.local/lib/python3.8/site-packages/airflow/example_dags/example_python_decorator.py
[2025-07-16T23:39:49.215+0000] {logging_mixin.py:188} INFO - [2025-07-16T23:39:49.214+0000] {dag.py:3036} INFO - Sync 1 DAGs
[2025-07-16T23:39:49.240+0000] {logging_mixin.py:188} INFO - [2025-07-16T23:39:49.239+0000] {dag.py:3823} INFO - Setting next_dagrun for example_python_decorator to None, run_after=None
[2025-07-16T23:39:49.293+0000] {processor.py:183} INFO - Processing /home/airflow/.local/lib/python3.8/site-packages/airflow/example_dags/example_python_decorator.py took 0.173 seconds
[2025-07-16T23:40:20.129+0000] {processor.py:161} INFO - Started process (PID=878) to work on /home/airflow/.local/lib/python3.8/site-packages/airflow/example_dags/example_python_decorator.py
[2025-07-16T23:40:20.132+0000] {processor.py:830} INFO - Processing file /home/airflow/.local/lib/python3.8/site-packages/airflow/example_dags/example_python_decorator.py for tasks to queue
[2025-07-16T23:40:20.137+0000] {logging_mixin.py:188} INFO - [2025-07-16T23:40:20.136+0000] {dagbag.py:538} INFO - Filling up the DagBag from /home/airflow/.local/lib/python3.8/site-packages/airflow/example_dags/example_python_decorator.py
[2025-07-16T23:40:20.160+0000] {processor.py:840} INFO - DAG(s) 'example_python_decorator' retrieved from /home/airflow/.local/lib/python3.8/site-packages/airflow/example_dags/example_python_decorator.py
[2025-07-16T23:40:20.200+0000] {logging_mixin.py:188} INFO - [2025-07-16T23:40:20.200+0000] {dag.py:3036} INFO - Sync 1 DAGs
[2025-07-16T23:40:20.221+0000] {logging_mixin.py:188} INFO - [2025-07-16T23:40:20.221+0000] {dag.py:3823} INFO - Setting next_dagrun for example_python_decorator to None, run_after=None
[2025-07-16T23:40:20.257+0000] {processor.py:183} INFO - Processing /home/airflow/.local/lib/python3.8/site-packages/airflow/example_dags/example_python_decorator.py took 0.133 seconds
[2025-07-16T23:40:50.731+0000] {processor.py:161} INFO - Started process (PID=941) to work on /home/airflow/.local/lib/python3.8/site-packages/airflow/example_dags/example_python_decorator.py
[2025-07-16T23:40:50.733+0000] {processor.py:830} INFO - Processing file /home/airflow/.local/lib/python3.8/site-packages/airflow/example_dags/example_python_decorator.py for tasks to queue
[2025-07-16T23:40:50.735+0000] {logging_mixin.py:188} INFO - [2025-07-16T23:40:50.735+0000] {dagbag.py:538} INFO - Filling up the DagBag from /home/airflow/.local/lib/python3.8/site-packages/airflow/example_dags/example_python_decorator.py
[2025-07-16T23:40:50.756+0000] {processor.py:840} INFO - DAG(s) 'example_python_decorator' retrieved from /home/airflow/.local/lib/python3.8/site-packages/airflow/example_dags/example_python_decorator.py
[2025-07-16T23:40:50.792+0000] {logging_mixin.py:188} INFO - [2025-07-16T23:40:50.792+0000] {dag.py:3036} INFO - Sync 1 DAGs
[2025-07-16T23:40:50.813+0000] {logging_mixin.py:188} INFO - [2025-07-16T23:40:50.812+0000] {dag.py:3823} INFO - Setting next_dagrun for example_python_decorator to None, run_after=None
[2025-07-16T23:40:50.845+0000] {processor.py:183} INFO - Processing /home/airflow/.local/lib/python3.8/site-packages/airflow/example_dags/example_python_decorator.py took 0.119 seconds
[2025-07-16T23:41:21.062+0000] {processor.py:161} INFO - Started process (PID=1002) to work on /home/airflow/.local/lib/python3.8/site-packages/airflow/example_dags/example_python_decorator.py
[2025-07-16T23:41:21.064+0000] {processor.py:830} INFO - Processing file /home/airflow/.local/lib/python3.8/site-packages/airflow/example_dags/example_python_decorator.py for tasks to queue
[2025-07-16T23:41:21.069+0000] {logging_mixin.py:188} INFO - [2025-07-16T23:41:21.069+0000] {dagbag.py:538} INFO - Filling up the DagBag from /home/airflow/.local/lib/python3.8/site-packages/airflow/example_dags/example_python_decorator.py
[2025-07-16T23:41:21.097+0000] {processor.py:840} INFO - DAG(s) 'example_python_decorator' retrieved from /home/airflow/.local/lib/python3.8/site-packages/airflow/example_dags/example_python_decorator.py
[2025-07-16T23:41:21.142+0000] {logging_mixin.py:188} INFO - [2025-07-16T23:41:21.142+0000] {dag.py:3036} INFO - Sync 1 DAGs
[2025-07-16T23:41:21.166+0000] {logging_mixin.py:188} INFO - [2025-07-16T23:41:21.166+0000] {dag.py:3823} INFO - Setting next_dagrun for example_python_decorator to None, run_after=None
[2025-07-16T23:41:21.210+0000] {processor.py:183} INFO - Processing /home/airflow/.local/lib/python3.8/site-packages/airflow/example_dags/example_python_decorator.py took 0.154 seconds
[2025-07-16T23:41:52.112+0000] {processor.py:161} INFO - Started process (PID=1066) to work on /home/airflow/.local/lib/python3.8/site-packages/airflow/example_dags/example_python_decorator.py
[2025-07-16T23:41:52.115+0000] {processor.py:830} INFO - Processing file /home/airflow/.local/lib/python3.8/site-packages/airflow/example_dags/example_python_decorator.py for tasks to queue
[2025-07-16T23:41:52.120+0000] {logging_mixin.py:188} INFO - [2025-07-16T23:41:52.120+0000] {dagbag.py:538} INFO - Filling up the DagBag from /home/airflow/.local/lib/python3.8/site-packages/airflow/example_dags/example_python_decorator.py
[2025-07-16T23:41:52.235+0000] {processor.py:840} INFO - DAG(s) 'example_python_decorator' retrieved from /home/airflow/.local/lib/python3.8/site-packages/airflow/example_dags/example_python_decorator.py
[2025-07-16T23:41:52.617+0000] {logging_mixin.py:188} INFO - [2025-07-16T23:41:52.616+0000] {dag.py:3036} INFO - Sync 1 DAGs
[2025-07-16T23:41:52.673+0000] {logging_mixin.py:188} INFO - [2025-07-16T23:41:52.669+0000] {dag.py:3823} INFO - Setting next_dagrun for example_python_decorator to None, run_after=None
[2025-07-16T23:41:52.735+0000] {processor.py:183} INFO - Processing /home/airflow/.local/lib/python3.8/site-packages/airflow/example_dags/example_python_decorator.py took 0.630 seconds
[2025-07-16T23:42:22.797+0000] {processor.py:161} INFO - Started process (PID=1130) to work on /home/airflow/.local/lib/python3.8/site-packages/airflow/example_dags/example_python_decorator.py
[2025-07-16T23:42:22.799+0000] {processor.py:830} INFO - Processing file /home/airflow/.local/lib/python3.8/site-packages/airflow/example_dags/example_python_decorator.py for tasks to queue
[2025-07-16T23:42:22.802+0000] {logging_mixin.py:188} INFO - [2025-07-16T23:42:22.801+0000] {dagbag.py:538} INFO - Filling up the DagBag from /home/airflow/.local/lib/python3.8/site-packages/airflow/example_dags/example_python_decorator.py
[2025-07-16T23:42:22.819+0000] {processor.py:840} INFO - DAG(s) 'example_python_decorator' retrieved from /home/airflow/.local/lib/python3.8/site-packages/airflow/example_dags/example_python_decorator.py
[2025-07-16T23:42:22.852+0000] {logging_mixin.py:188} INFO - [2025-07-16T23:42:22.852+0000] {dag.py:3036} INFO - Sync 1 DAGs
[2025-07-16T23:42:22.868+0000] {logging_mixin.py:188} INFO - [2025-07-16T23:42:22.868+0000] {dag.py:3823} INFO - Setting next_dagrun for example_python_decorator to None, run_after=None
[2025-07-16T23:42:22.893+0000] {processor.py:183} INFO - Processing /home/airflow/.local/lib/python3.8/site-packages/airflow/example_dags/example_python_decorator.py took 0.101 seconds
[2025-07-16T23:42:53.744+0000] {processor.py:161} INFO - Started process (PID=1196) to work on /home/airflow/.local/lib/python3.8/site-packages/airflow/example_dags/example_python_decorator.py
[2025-07-16T23:42:53.745+0000] {processor.py:830} INFO - Processing file /home/airflow/.local/lib/python3.8/site-packages/airflow/example_dags/example_python_decorator.py for tasks to queue
[2025-07-16T23:42:53.748+0000] {logging_mixin.py:188} INFO - [2025-07-16T23:42:53.747+0000] {dagbag.py:538} INFO - Filling up the DagBag from /home/airflow/.local/lib/python3.8/site-packages/airflow/example_dags/example_python_decorator.py
[2025-07-16T23:42:53.765+0000] {processor.py:840} INFO - DAG(s) 'example_python_decorator' retrieved from /home/airflow/.local/lib/python3.8/site-packages/airflow/example_dags/example_python_decorator.py
[2025-07-16T23:42:53.797+0000] {logging_mixin.py:188} INFO - [2025-07-16T23:42:53.797+0000] {dag.py:3036} INFO - Sync 1 DAGs
[2025-07-16T23:42:53.814+0000] {logging_mixin.py:188} INFO - [2025-07-16T23:42:53.814+0000] {dag.py:3823} INFO - Setting next_dagrun for example_python_decorator to None, run_after=None
[2025-07-16T23:42:53.845+0000] {processor.py:183} INFO - Processing /home/airflow/.local/lib/python3.8/site-packages/airflow/example_dags/example_python_decorator.py took 0.105 seconds
[2025-07-16T23:43:24.025+0000] {processor.py:161} INFO - Started process (PID=1262) to work on /home/airflow/.local/lib/python3.8/site-packages/airflow/example_dags/example_python_decorator.py
[2025-07-16T23:43:24.027+0000] {processor.py:830} INFO - Processing file /home/airflow/.local/lib/python3.8/site-packages/airflow/example_dags/example_python_decorator.py for tasks to queue
[2025-07-16T23:43:24.030+0000] {logging_mixin.py:188} INFO - [2025-07-16T23:43:24.029+0000] {dagbag.py:538} INFO - Filling up the DagBag from /home/airflow/.local/lib/python3.8/site-packages/airflow/example_dags/example_python_decorator.py
[2025-07-16T23:43:24.048+0000] {processor.py:840} INFO - DAG(s) 'example_python_decorator' retrieved from /home/airflow/.local/lib/python3.8/site-packages/airflow/example_dags/example_python_decorator.py
[2025-07-16T23:43:24.085+0000] {logging_mixin.py:188} INFO - [2025-07-16T23:43:24.084+0000] {dag.py:3036} INFO - Sync 1 DAGs
[2025-07-16T23:43:24.103+0000] {logging_mixin.py:188} INFO - [2025-07-16T23:43:24.103+0000] {dag.py:3823} INFO - Setting next_dagrun for example_python_decorator to None, run_after=None
[2025-07-16T23:43:24.137+0000] {processor.py:183} INFO - Processing /home/airflow/.local/lib/python3.8/site-packages/airflow/example_dags/example_python_decorator.py took 0.117 seconds
[2025-07-16T23:43:54.951+0000] {processor.py:161} INFO - Started process (PID=1328) to work on /home/airflow/.local/lib/python3.8/site-packages/airflow/example_dags/example_python_decorator.py
[2025-07-16T23:43:54.952+0000] {processor.py:830} INFO - Processing file /home/airflow/.local/lib/python3.8/site-packages/airflow/example_dags/example_python_decorator.py for tasks to queue
[2025-07-16T23:43:54.955+0000] {logging_mixin.py:188} INFO - [2025-07-16T23:43:54.955+0000] {dagbag.py:538} INFO - Filling up the DagBag from /home/airflow/.local/lib/python3.8/site-packages/airflow/example_dags/example_python_decorator.py
[2025-07-16T23:43:54.975+0000] {processor.py:840} INFO - DAG(s) 'example_python_decorator' retrieved from /home/airflow/.local/lib/python3.8/site-packages/airflow/example_dags/example_python_decorator.py
[2025-07-16T23:43:55.013+0000] {logging_mixin.py:188} INFO - [2025-07-16T23:43:55.012+0000] {dag.py:3036} INFO - Sync 1 DAGs
[2025-07-16T23:43:55.035+0000] {logging_mixin.py:188} INFO - [2025-07-16T23:43:55.035+0000] {dag.py:3823} INFO - Setting next_dagrun for example_python_decorator to None, run_after=None
[2025-07-16T23:43:55.064+0000] {processor.py:183} INFO - Processing /home/airflow/.local/lib/python3.8/site-packages/airflow/example_dags/example_python_decorator.py took 0.118 seconds
[2025-07-16T23:44:25.192+0000] {processor.py:161} INFO - Started process (PID=1390) to work on /home/airflow/.local/lib/python3.8/site-packages/airflow/example_dags/example_python_decorator.py
[2025-07-16T23:44:25.193+0000] {processor.py:830} INFO - Processing file /home/airflow/.local/lib/python3.8/site-packages/airflow/example_dags/example_python_decorator.py for tasks to queue
[2025-07-16T23:44:25.196+0000] {logging_mixin.py:188} INFO - [2025-07-16T23:44:25.196+0000] {dagbag.py:538} INFO - Filling up the DagBag from /home/airflow/.local/lib/python3.8/site-packages/airflow/example_dags/example_python_decorator.py
[2025-07-16T23:44:25.213+0000] {processor.py:840} INFO - DAG(s) 'example_python_decorator' retrieved from /home/airflow/.local/lib/python3.8/site-packages/airflow/example_dags/example_python_decorator.py
[2025-07-16T23:44:25.246+0000] {logging_mixin.py:188} INFO - [2025-07-16T23:44:25.246+0000] {dag.py:3036} INFO - Sync 1 DAGs
[2025-07-16T23:44:25.265+0000] {logging_mixin.py:188} INFO - [2025-07-16T23:44:25.264+0000] {dag.py:3823} INFO - Setting next_dagrun for example_python_decorator to None, run_after=None
[2025-07-16T23:44:25.294+0000] {processor.py:183} INFO - Processing /home/airflow/.local/lib/python3.8/site-packages/airflow/example_dags/example_python_decorator.py took 0.107 seconds
[2025-07-16T23:44:55.912+0000] {processor.py:161} INFO - Started process (PID=1454) to work on /home/airflow/.local/lib/python3.8/site-packages/airflow/example_dags/example_python_decorator.py
[2025-07-16T23:44:55.914+0000] {processor.py:830} INFO - Processing file /home/airflow/.local/lib/python3.8/site-packages/airflow/example_dags/example_python_decorator.py for tasks to queue
[2025-07-16T23:44:55.918+0000] {logging_mixin.py:188} INFO - [2025-07-16T23:44:55.917+0000] {dagbag.py:538} INFO - Filling up the DagBag from /home/airflow/.local/lib/python3.8/site-packages/airflow/example_dags/example_python_decorator.py
[2025-07-16T23:44:55.945+0000] {processor.py:840} INFO - DAG(s) 'example_python_decorator' retrieved from /home/airflow/.local/lib/python3.8/site-packages/airflow/example_dags/example_python_decorator.py
[2025-07-16T23:44:55.990+0000] {logging_mixin.py:188} INFO - [2025-07-16T23:44:55.989+0000] {dag.py:3036} INFO - Sync 1 DAGs
[2025-07-16T23:44:56.017+0000] {logging_mixin.py:188} INFO - [2025-07-16T23:44:56.017+0000] {dag.py:3823} INFO - Setting next_dagrun for example_python_decorator to None, run_after=None
[2025-07-16T23:44:56.061+0000] {processor.py:183} INFO - Processing /home/airflow/.local/lib/python3.8/site-packages/airflow/example_dags/example_python_decorator.py took 0.155 seconds
[2025-07-16T23:45:26.165+0000] {processor.py:161} INFO - Started process (PID=1520) to work on /home/airflow/.local/lib/python3.8/site-packages/airflow/example_dags/example_python_decorator.py
[2025-07-16T23:45:26.167+0000] {processor.py:830} INFO - Processing file /home/airflow/.local/lib/python3.8/site-packages/airflow/example_dags/example_python_decorator.py for tasks to queue
[2025-07-16T23:45:26.172+0000] {logging_mixin.py:188} INFO - [2025-07-16T23:45:26.171+0000] {dagbag.py:538} INFO - Filling up the DagBag from /home/airflow/.local/lib/python3.8/site-packages/airflow/example_dags/example_python_decorator.py
[2025-07-16T23:45:26.214+0000] {processor.py:840} INFO - DAG(s) 'example_python_decorator' retrieved from /home/airflow/.local/lib/python3.8/site-packages/airflow/example_dags/example_python_decorator.py
[2025-07-16T23:45:26.282+0000] {logging_mixin.py:188} INFO - [2025-07-16T23:45:26.277+0000] {dag.py:3036} INFO - Sync 1 DAGs
[2025-07-16T23:45:26.325+0000] {logging_mixin.py:188} INFO - [2025-07-16T23:45:26.324+0000] {dag.py:3823} INFO - Setting next_dagrun for example_python_decorator to None, run_after=None
[2025-07-16T23:45:26.427+0000] {processor.py:183} INFO - Processing /home/airflow/.local/lib/python3.8/site-packages/airflow/example_dags/example_python_decorator.py took 0.287 seconds
[2025-07-16T23:45:56.615+0000] {processor.py:161} INFO - Started process (PID=1586) to work on /home/airflow/.local/lib/python3.8/site-packages/airflow/example_dags/example_python_decorator.py
[2025-07-16T23:45:56.616+0000] {processor.py:830} INFO - Processing file /home/airflow/.local/lib/python3.8/site-packages/airflow/example_dags/example_python_decorator.py for tasks to queue
[2025-07-16T23:45:56.619+0000] {logging_mixin.py:188} INFO - [2025-07-16T23:45:56.619+0000] {dagbag.py:538} INFO - Filling up the DagBag from /home/airflow/.local/lib/python3.8/site-packages/airflow/example_dags/example_python_decorator.py
[2025-07-16T23:45:56.636+0000] {processor.py:840} INFO - DAG(s) 'example_python_decorator' retrieved from /home/airflow/.local/lib/python3.8/site-packages/airflow/example_dags/example_python_decorator.py
[2025-07-16T23:45:56.667+0000] {logging_mixin.py:188} INFO - [2025-07-16T23:45:56.667+0000] {dag.py:3036} INFO - Sync 1 DAGs
[2025-07-16T23:45:56.686+0000] {logging_mixin.py:188} INFO - [2025-07-16T23:45:56.685+0000] {dag.py:3823} INFO - Setting next_dagrun for example_python_decorator to None, run_after=None
[2025-07-16T23:45:56.721+0000] {processor.py:183} INFO - Processing /home/airflow/.local/lib/python3.8/site-packages/airflow/example_dags/example_python_decorator.py took 0.110 seconds
[2025-07-16T23:46:27.085+0000] {processor.py:161} INFO - Started process (PID=1652) to work on /home/airflow/.local/lib/python3.8/site-packages/airflow/example_dags/example_python_decorator.py
[2025-07-16T23:46:27.087+0000] {processor.py:830} INFO - Processing file /home/airflow/.local/lib/python3.8/site-packages/airflow/example_dags/example_python_decorator.py for tasks to queue
[2025-07-16T23:46:27.091+0000] {logging_mixin.py:188} INFO - [2025-07-16T23:46:27.090+0000] {dagbag.py:538} INFO - Filling up the DagBag from /home/airflow/.local/lib/python3.8/site-packages/airflow/example_dags/example_python_decorator.py
[2025-07-16T23:46:27.113+0000] {processor.py:840} INFO - DAG(s) 'example_python_decorator' retrieved from /home/airflow/.local/lib/python3.8/site-packages/airflow/example_dags/example_python_decorator.py
[2025-07-16T23:46:27.150+0000] {logging_mixin.py:188} INFO - [2025-07-16T23:46:27.149+0000] {dag.py:3036} INFO - Sync 1 DAGs
[2025-07-16T23:46:27.173+0000] {logging_mixin.py:188} INFO - [2025-07-16T23:46:27.173+0000] {dag.py:3823} INFO - Setting next_dagrun for example_python_decorator to None, run_after=None
[2025-07-16T23:46:27.207+0000] {processor.py:183} INFO - Processing /home/airflow/.local/lib/python3.8/site-packages/airflow/example_dags/example_python_decorator.py took 0.128 seconds
[2025-07-16T23:46:57.414+0000] {processor.py:161} INFO - Started process (PID=1718) to work on /home/airflow/.local/lib/python3.8/site-packages/airflow/example_dags/example_python_decorator.py
[2025-07-16T23:46:57.415+0000] {processor.py:830} INFO - Processing file /home/airflow/.local/lib/python3.8/site-packages/airflow/example_dags/example_python_decorator.py for tasks to queue
[2025-07-16T23:46:57.418+0000] {logging_mixin.py:188} INFO - [2025-07-16T23:46:57.418+0000] {dagbag.py:538} INFO - Filling up the DagBag from /home/airflow/.local/lib/python3.8/site-packages/airflow/example_dags/example_python_decorator.py
[2025-07-16T23:46:57.440+0000] {processor.py:840} INFO - DAG(s) 'example_python_decorator' retrieved from /home/airflow/.local/lib/python3.8/site-packages/airflow/example_dags/example_python_decorator.py
[2025-07-16T23:46:57.469+0000] {logging_mixin.py:188} INFO - [2025-07-16T23:46:57.469+0000] {dag.py:3036} INFO - Sync 1 DAGs
[2025-07-16T23:46:57.486+0000] {logging_mixin.py:188} INFO - [2025-07-16T23:46:57.486+0000] {dag.py:3823} INFO - Setting next_dagrun for example_python_decorator to None, run_after=None
[2025-07-16T23:46:57.517+0000] {processor.py:183} INFO - Processing /home/airflow/.local/lib/python3.8/site-packages/airflow/example_dags/example_python_decorator.py took 0.109 seconds
[2025-07-16T23:47:27.638+0000] {processor.py:161} INFO - Started process (PID=1784) to work on /home/airflow/.local/lib/python3.8/site-packages/airflow/example_dags/example_python_decorator.py
[2025-07-16T23:47:27.639+0000] {processor.py:830} INFO - Processing file /home/airflow/.local/lib/python3.8/site-packages/airflow/example_dags/example_python_decorator.py for tasks to queue
[2025-07-16T23:47:27.642+0000] {logging_mixin.py:188} INFO - [2025-07-16T23:47:27.642+0000] {dagbag.py:538} INFO - Filling up the DagBag from /home/airflow/.local/lib/python3.8/site-packages/airflow/example_dags/example_python_decorator.py
[2025-07-16T23:47:27.659+0000] {processor.py:840} INFO - DAG(s) 'example_python_decorator' retrieved from /home/airflow/.local/lib/python3.8/site-packages/airflow/example_dags/example_python_decorator.py
[2025-07-16T23:47:27.690+0000] {logging_mixin.py:188} INFO - [2025-07-16T23:47:27.689+0000] {dag.py:3036} INFO - Sync 1 DAGs
[2025-07-16T23:47:27.706+0000] {logging_mixin.py:188} INFO - [2025-07-16T23:47:27.706+0000] {dag.py:3823} INFO - Setting next_dagrun for example_python_decorator to None, run_after=None
[2025-07-16T23:47:27.735+0000] {processor.py:183} INFO - Processing /home/airflow/.local/lib/python3.8/site-packages/airflow/example_dags/example_python_decorator.py took 0.102 seconds
[2025-07-16T23:47:57.910+0000] {processor.py:161} INFO - Started process (PID=1849) to work on /home/airflow/.local/lib/python3.8/site-packages/airflow/example_dags/example_python_decorator.py
[2025-07-16T23:47:57.911+0000] {processor.py:830} INFO - Processing file /home/airflow/.local/lib/python3.8/site-packages/airflow/example_dags/example_python_decorator.py for tasks to queue
[2025-07-16T23:47:57.913+0000] {logging_mixin.py:188} INFO - [2025-07-16T23:47:57.913+0000] {dagbag.py:538} INFO - Filling up the DagBag from /home/airflow/.local/lib/python3.8/site-packages/airflow/example_dags/example_python_decorator.py
[2025-07-16T23:47:57.931+0000] {processor.py:840} INFO - DAG(s) 'example_python_decorator' retrieved from /home/airflow/.local/lib/python3.8/site-packages/airflow/example_dags/example_python_decorator.py
[2025-07-16T23:47:57.959+0000] {logging_mixin.py:188} INFO - [2025-07-16T23:47:57.959+0000] {dag.py:3036} INFO - Sync 1 DAGs
[2025-07-16T23:47:57.975+0000] {logging_mixin.py:188} INFO - [2025-07-16T23:47:57.974+0000] {dag.py:3823} INFO - Setting next_dagrun for example_python_decorator to None, run_after=None
[2025-07-16T23:47:58.002+0000] {processor.py:183} INFO - Processing /home/airflow/.local/lib/python3.8/site-packages/airflow/example_dags/example_python_decorator.py took 0.097 seconds
[2025-07-16T23:48:28.495+0000] {processor.py:161} INFO - Started process (PID=1909) to work on /home/airflow/.local/lib/python3.8/site-packages/airflow/example_dags/example_python_decorator.py
[2025-07-16T23:48:28.498+0000] {processor.py:830} INFO - Processing file /home/airflow/.local/lib/python3.8/site-packages/airflow/example_dags/example_python_decorator.py for tasks to queue
[2025-07-16T23:48:28.500+0000] {logging_mixin.py:188} INFO - [2025-07-16T23:48:28.500+0000] {dagbag.py:538} INFO - Filling up the DagBag from /home/airflow/.local/lib/python3.8/site-packages/airflow/example_dags/example_python_decorator.py
[2025-07-16T23:48:28.524+0000] {processor.py:840} INFO - DAG(s) 'example_python_decorator' retrieved from /home/airflow/.local/lib/python3.8/site-packages/airflow/example_dags/example_python_decorator.py
[2025-07-16T23:48:28.564+0000] {logging_mixin.py:188} INFO - [2025-07-16T23:48:28.564+0000] {dag.py:3036} INFO - Sync 1 DAGs
[2025-07-16T23:48:28.584+0000] {logging_mixin.py:188} INFO - [2025-07-16T23:48:28.584+0000] {dag.py:3823} INFO - Setting next_dagrun for example_python_decorator to None, run_after=None
[2025-07-16T23:48:28.620+0000] {processor.py:183} INFO - Processing /home/airflow/.local/lib/python3.8/site-packages/airflow/example_dags/example_python_decorator.py took 0.131 seconds
[2025-07-16T23:48:58.846+0000] {processor.py:161} INFO - Started process (PID=1974) to work on /home/airflow/.local/lib/python3.8/site-packages/airflow/example_dags/example_python_decorator.py
[2025-07-16T23:48:58.847+0000] {processor.py:830} INFO - Processing file /home/airflow/.local/lib/python3.8/site-packages/airflow/example_dags/example_python_decorator.py for tasks to queue
[2025-07-16T23:48:58.850+0000] {logging_mixin.py:188} INFO - [2025-07-16T23:48:58.850+0000] {dagbag.py:538} INFO - Filling up the DagBag from /home/airflow/.local/lib/python3.8/site-packages/airflow/example_dags/example_python_decorator.py
[2025-07-16T23:48:58.868+0000] {processor.py:840} INFO - DAG(s) 'example_python_decorator' retrieved from /home/airflow/.local/lib/python3.8/site-packages/airflow/example_dags/example_python_decorator.py
[2025-07-16T23:48:58.899+0000] {logging_mixin.py:188} INFO - [2025-07-16T23:48:58.899+0000] {dag.py:3036} INFO - Sync 1 DAGs
[2025-07-16T23:48:58.916+0000] {logging_mixin.py:188} INFO - [2025-07-16T23:48:58.916+0000] {dag.py:3823} INFO - Setting next_dagrun for example_python_decorator to None, run_after=None
[2025-07-16T23:48:58.944+0000] {processor.py:183} INFO - Processing /home/airflow/.local/lib/python3.8/site-packages/airflow/example_dags/example_python_decorator.py took 0.103 seconds
[2025-07-16T23:49:29.458+0000] {processor.py:161} INFO - Started process (PID=2041) to work on /home/airflow/.local/lib/python3.8/site-packages/airflow/example_dags/example_python_decorator.py
[2025-07-16T23:49:29.461+0000] {processor.py:830} INFO - Processing file /home/airflow/.local/lib/python3.8/site-packages/airflow/example_dags/example_python_decorator.py for tasks to queue
[2025-07-16T23:49:29.464+0000] {logging_mixin.py:188} INFO - [2025-07-16T23:49:29.463+0000] {dagbag.py:538} INFO - Filling up the DagBag from /home/airflow/.local/lib/python3.8/site-packages/airflow/example_dags/example_python_decorator.py
[2025-07-16T23:49:29.483+0000] {processor.py:840} INFO - DAG(s) 'example_python_decorator' retrieved from /home/airflow/.local/lib/python3.8/site-packages/airflow/example_dags/example_python_decorator.py
[2025-07-16T23:49:29.516+0000] {logging_mixin.py:188} INFO - [2025-07-16T23:49:29.515+0000] {dag.py:3036} INFO - Sync 1 DAGs
[2025-07-16T23:49:29.543+0000] {logging_mixin.py:188} INFO - [2025-07-16T23:49:29.543+0000] {dag.py:3823} INFO - Setting next_dagrun for example_python_decorator to None, run_after=None
[2025-07-16T23:49:29.574+0000] {processor.py:183} INFO - Processing /home/airflow/.local/lib/python3.8/site-packages/airflow/example_dags/example_python_decorator.py took 0.122 seconds
[2025-07-16T23:49:59.780+0000] {processor.py:161} INFO - Started process (PID=2106) to work on /home/airflow/.local/lib/python3.8/site-packages/airflow/example_dags/example_python_decorator.py
[2025-07-16T23:49:59.781+0000] {processor.py:830} INFO - Processing file /home/airflow/.local/lib/python3.8/site-packages/airflow/example_dags/example_python_decorator.py for tasks to queue
[2025-07-16T23:49:59.784+0000] {logging_mixin.py:188} INFO - [2025-07-16T23:49:59.784+0000] {dagbag.py:538} INFO - Filling up the DagBag from /home/airflow/.local/lib/python3.8/site-packages/airflow/example_dags/example_python_decorator.py
[2025-07-16T23:49:59.801+0000] {processor.py:840} INFO - DAG(s) 'example_python_decorator' retrieved from /home/airflow/.local/lib/python3.8/site-packages/airflow/example_dags/example_python_decorator.py
[2025-07-16T23:49:59.832+0000] {logging_mixin.py:188} INFO - [2025-07-16T23:49:59.831+0000] {dag.py:3036} INFO - Sync 1 DAGs
[2025-07-16T23:49:59.847+0000] {logging_mixin.py:188} INFO - [2025-07-16T23:49:59.847+0000] {dag.py:3823} INFO - Setting next_dagrun for example_python_decorator to None, run_after=None
[2025-07-16T23:49:59.872+0000] {processor.py:183} INFO - Processing /home/airflow/.local/lib/python3.8/site-packages/airflow/example_dags/example_python_decorator.py took 0.095 seconds
[2025-07-16T23:50:30.238+0000] {processor.py:161} INFO - Started process (PID=2171) to work on /home/airflow/.local/lib/python3.8/site-packages/airflow/example_dags/example_python_decorator.py
[2025-07-16T23:50:30.239+0000] {processor.py:830} INFO - Processing file /home/airflow/.local/lib/python3.8/site-packages/airflow/example_dags/example_python_decorator.py for tasks to queue
[2025-07-16T23:50:30.243+0000] {logging_mixin.py:188} INFO - [2025-07-16T23:50:30.243+0000] {dagbag.py:538} INFO - Filling up the DagBag from /home/airflow/.local/lib/python3.8/site-packages/airflow/example_dags/example_python_decorator.py
[2025-07-16T23:50:30.270+0000] {processor.py:840} INFO - DAG(s) 'example_python_decorator' retrieved from /home/airflow/.local/lib/python3.8/site-packages/airflow/example_dags/example_python_decorator.py
[2025-07-16T23:50:30.317+0000] {logging_mixin.py:188} INFO - [2025-07-16T23:50:30.316+0000] {dag.py:3036} INFO - Sync 1 DAGs
[2025-07-16T23:50:30.359+0000] {logging_mixin.py:188} INFO - [2025-07-16T23:50:30.358+0000] {dag.py:3823} INFO - Setting next_dagrun for example_python_decorator to None, run_after=None
[2025-07-16T23:50:30.400+0000] {processor.py:183} INFO - Processing /home/airflow/.local/lib/python3.8/site-packages/airflow/example_dags/example_python_decorator.py took 0.168 seconds
[2025-07-16T23:51:00.848+0000] {processor.py:161} INFO - Started process (PID=2237) to work on /home/airflow/.local/lib/python3.8/site-packages/airflow/example_dags/example_python_decorator.py
[2025-07-16T23:51:00.849+0000] {processor.py:830} INFO - Processing file /home/airflow/.local/lib/python3.8/site-packages/airflow/example_dags/example_python_decorator.py for tasks to queue
[2025-07-16T23:51:00.852+0000] {logging_mixin.py:188} INFO - [2025-07-16T23:51:00.851+0000] {dagbag.py:538} INFO - Filling up the DagBag from /home/airflow/.local/lib/python3.8/site-packages/airflow/example_dags/example_python_decorator.py
[2025-07-16T23:51:00.871+0000] {processor.py:840} INFO - DAG(s) 'example_python_decorator' retrieved from /home/airflow/.local/lib/python3.8/site-packages/airflow/example_dags/example_python_decorator.py
[2025-07-16T23:51:00.906+0000] {logging_mixin.py:188} INFO - [2025-07-16T23:51:00.906+0000] {dag.py:3036} INFO - Sync 1 DAGs
[2025-07-16T23:51:01.098+0000] {logging_mixin.py:188} INFO - [2025-07-16T23:51:01.097+0000] {dag.py:3823} INFO - Setting next_dagrun for example_python_decorator to None, run_after=None
[2025-07-16T23:51:01.126+0000] {processor.py:183} INFO - Processing /home/airflow/.local/lib/python3.8/site-packages/airflow/example_dags/example_python_decorator.py took 0.284 seconds
[2025-07-16T23:51:31.498+0000] {processor.py:161} INFO - Started process (PID=2303) to work on /home/airflow/.local/lib/python3.8/site-packages/airflow/example_dags/example_python_decorator.py
[2025-07-16T23:51:31.499+0000] {processor.py:830} INFO - Processing file /home/airflow/.local/lib/python3.8/site-packages/airflow/example_dags/example_python_decorator.py for tasks to queue
[2025-07-16T23:51:31.502+0000] {logging_mixin.py:188} INFO - [2025-07-16T23:51:31.501+0000] {dagbag.py:538} INFO - Filling up the DagBag from /home/airflow/.local/lib/python3.8/site-packages/airflow/example_dags/example_python_decorator.py
[2025-07-16T23:51:31.518+0000] {processor.py:840} INFO - DAG(s) 'example_python_decorator' retrieved from /home/airflow/.local/lib/python3.8/site-packages/airflow/example_dags/example_python_decorator.py
[2025-07-16T23:51:31.551+0000] {logging_mixin.py:188} INFO - [2025-07-16T23:51:31.551+0000] {dag.py:3036} INFO - Sync 1 DAGs
[2025-07-16T23:51:31.568+0000] {logging_mixin.py:188} INFO - [2025-07-16T23:51:31.567+0000] {dag.py:3823} INFO - Setting next_dagrun for example_python_decorator to None, run_after=None
[2025-07-16T23:51:31.746+0000] {processor.py:183} INFO - Processing /home/airflow/.local/lib/python3.8/site-packages/airflow/example_dags/example_python_decorator.py took 0.254 seconds
[2025-07-16T23:52:02.169+0000] {processor.py:161} INFO - Started process (PID=2363) to work on /home/airflow/.local/lib/python3.8/site-packages/airflow/example_dags/example_python_decorator.py
[2025-07-16T23:52:02.171+0000] {processor.py:830} INFO - Processing file /home/airflow/.local/lib/python3.8/site-packages/airflow/example_dags/example_python_decorator.py for tasks to queue
[2025-07-16T23:52:02.175+0000] {logging_mixin.py:188} INFO - [2025-07-16T23:52:02.174+0000] {dagbag.py:538} INFO - Filling up the DagBag from /home/airflow/.local/lib/python3.8/site-packages/airflow/example_dags/example_python_decorator.py
[2025-07-16T23:52:02.199+0000] {processor.py:840} INFO - DAG(s) 'example_python_decorator' retrieved from /home/airflow/.local/lib/python3.8/site-packages/airflow/example_dags/example_python_decorator.py
[2025-07-16T23:52:02.233+0000] {logging_mixin.py:188} INFO - [2025-07-16T23:52:02.233+0000] {dag.py:3036} INFO - Sync 1 DAGs
[2025-07-16T23:52:02.251+0000] {logging_mixin.py:188} INFO - [2025-07-16T23:52:02.251+0000] {dag.py:3823} INFO - Setting next_dagrun for example_python_decorator to None, run_after=None
[2025-07-16T23:52:02.280+0000] {processor.py:183} INFO - Processing /home/airflow/.local/lib/python3.8/site-packages/airflow/example_dags/example_python_decorator.py took 0.120 seconds
[2025-07-16T23:52:33.254+0000] {processor.py:161} INFO - Started process (PID=2427) to work on /home/airflow/.local/lib/python3.8/site-packages/airflow/example_dags/example_python_decorator.py
[2025-07-16T23:52:33.256+0000] {processor.py:830} INFO - Processing file /home/airflow/.local/lib/python3.8/site-packages/airflow/example_dags/example_python_decorator.py for tasks to queue
[2025-07-16T23:52:33.260+0000] {logging_mixin.py:188} INFO - [2025-07-16T23:52:33.259+0000] {dagbag.py:538} INFO - Filling up the DagBag from /home/airflow/.local/lib/python3.8/site-packages/airflow/example_dags/example_python_decorator.py
[2025-07-16T23:52:33.285+0000] {processor.py:840} INFO - DAG(s) 'example_python_decorator' retrieved from /home/airflow/.local/lib/python3.8/site-packages/airflow/example_dags/example_python_decorator.py
[2025-07-16T23:52:33.328+0000] {logging_mixin.py:188} INFO - [2025-07-16T23:52:33.327+0000] {dag.py:3036} INFO - Sync 1 DAGs
[2025-07-16T23:52:33.353+0000] {logging_mixin.py:188} INFO - [2025-07-16T23:52:33.353+0000] {dag.py:3823} INFO - Setting next_dagrun for example_python_decorator to None, run_after=None
[2025-07-16T23:52:33.388+0000] {processor.py:183} INFO - Processing /home/airflow/.local/lib/python3.8/site-packages/airflow/example_dags/example_python_decorator.py took 0.140 seconds
[2025-07-16T23:53:04.200+0000] {processor.py:161} INFO - Started process (PID=2493) to work on /home/airflow/.local/lib/python3.8/site-packages/airflow/example_dags/example_python_decorator.py
[2025-07-16T23:53:04.203+0000] {processor.py:830} INFO - Processing file /home/airflow/.local/lib/python3.8/site-packages/airflow/example_dags/example_python_decorator.py for tasks to queue
[2025-07-16T23:53:04.207+0000] {logging_mixin.py:188} INFO - [2025-07-16T23:53:04.207+0000] {dagbag.py:538} INFO - Filling up the DagBag from /home/airflow/.local/lib/python3.8/site-packages/airflow/example_dags/example_python_decorator.py
[2025-07-16T23:53:04.447+0000] {processor.py:840} INFO - DAG(s) 'example_python_decorator' retrieved from /home/airflow/.local/lib/python3.8/site-packages/airflow/example_dags/example_python_decorator.py
[2025-07-16T23:53:04.478+0000] {logging_mixin.py:188} INFO - [2025-07-16T23:53:04.478+0000] {dag.py:3036} INFO - Sync 1 DAGs
[2025-07-16T23:53:04.499+0000] {logging_mixin.py:188} INFO - [2025-07-16T23:53:04.499+0000] {dag.py:3823} INFO - Setting next_dagrun for example_python_decorator to None, run_after=None
[2025-07-16T23:53:04.533+0000] {processor.py:183} INFO - Processing /home/airflow/.local/lib/python3.8/site-packages/airflow/example_dags/example_python_decorator.py took 0.338 seconds
[2025-07-16T23:53:34.620+0000] {processor.py:161} INFO - Started process (PID=2559) to work on /home/airflow/.local/lib/python3.8/site-packages/airflow/example_dags/example_python_decorator.py
[2025-07-16T23:53:34.622+0000] {processor.py:830} INFO - Processing file /home/airflow/.local/lib/python3.8/site-packages/airflow/example_dags/example_python_decorator.py for tasks to queue
[2025-07-16T23:53:34.624+0000] {logging_mixin.py:188} INFO - [2025-07-16T23:53:34.624+0000] {dagbag.py:538} INFO - Filling up the DagBag from /home/airflow/.local/lib/python3.8/site-packages/airflow/example_dags/example_python_decorator.py
[2025-07-16T23:53:34.648+0000] {processor.py:840} INFO - DAG(s) 'example_python_decorator' retrieved from /home/airflow/.local/lib/python3.8/site-packages/airflow/example_dags/example_python_decorator.py
[2025-07-16T23:53:34.679+0000] {logging_mixin.py:188} INFO - [2025-07-16T23:53:34.679+0000] {dag.py:3036} INFO - Sync 1 DAGs
[2025-07-16T23:53:34.696+0000] {logging_mixin.py:188} INFO - [2025-07-16T23:53:34.695+0000] {dag.py:3823} INFO - Setting next_dagrun for example_python_decorator to None, run_after=None
[2025-07-16T23:53:34.727+0000] {processor.py:183} INFO - Processing /home/airflow/.local/lib/python3.8/site-packages/airflow/example_dags/example_python_decorator.py took 0.112 seconds
[2025-07-16T23:54:05.640+0000] {processor.py:161} INFO - Started process (PID=2625) to work on /home/airflow/.local/lib/python3.8/site-packages/airflow/example_dags/example_python_decorator.py
[2025-07-16T23:54:05.641+0000] {processor.py:830} INFO - Processing file /home/airflow/.local/lib/python3.8/site-packages/airflow/example_dags/example_python_decorator.py for tasks to queue
[2025-07-16T23:54:05.644+0000] {logging_mixin.py:188} INFO - [2025-07-16T23:54:05.643+0000] {dagbag.py:538} INFO - Filling up the DagBag from /home/airflow/.local/lib/python3.8/site-packages/airflow/example_dags/example_python_decorator.py
[2025-07-16T23:54:05.662+0000] {processor.py:840} INFO - DAG(s) 'example_python_decorator' retrieved from /home/airflow/.local/lib/python3.8/site-packages/airflow/example_dags/example_python_decorator.py
[2025-07-16T23:54:05.699+0000] {logging_mixin.py:188} INFO - [2025-07-16T23:54:05.699+0000] {dag.py:3036} INFO - Sync 1 DAGs
[2025-07-16T23:54:05.719+0000] {logging_mixin.py:188} INFO - [2025-07-16T23:54:05.719+0000] {dag.py:3823} INFO - Setting next_dagrun for example_python_decorator to None, run_after=None
[2025-07-16T23:54:05.753+0000] {processor.py:183} INFO - Processing /home/airflow/.local/lib/python3.8/site-packages/airflow/example_dags/example_python_decorator.py took 0.118 seconds
[2025-07-16T23:54:35.831+0000] {processor.py:161} INFO - Started process (PID=2691) to work on /home/airflow/.local/lib/python3.8/site-packages/airflow/example_dags/example_python_decorator.py
[2025-07-16T23:54:35.832+0000] {processor.py:830} INFO - Processing file /home/airflow/.local/lib/python3.8/site-packages/airflow/example_dags/example_python_decorator.py for tasks to queue
[2025-07-16T23:54:35.836+0000] {logging_mixin.py:188} INFO - [2025-07-16T23:54:35.835+0000] {dagbag.py:538} INFO - Filling up the DagBag from /home/airflow/.local/lib/python3.8/site-packages/airflow/example_dags/example_python_decorator.py
[2025-07-16T23:54:35.859+0000] {processor.py:840} INFO - DAG(s) 'example_python_decorator' retrieved from /home/airflow/.local/lib/python3.8/site-packages/airflow/example_dags/example_python_decorator.py
[2025-07-16T23:54:35.895+0000] {logging_mixin.py:188} INFO - [2025-07-16T23:54:35.895+0000] {dag.py:3036} INFO - Sync 1 DAGs
[2025-07-16T23:54:35.918+0000] {logging_mixin.py:188} INFO - [2025-07-16T23:54:35.917+0000] {dag.py:3823} INFO - Setting next_dagrun for example_python_decorator to None, run_after=None
[2025-07-16T23:54:35.955+0000] {processor.py:183} INFO - Processing /home/airflow/.local/lib/python3.8/site-packages/airflow/example_dags/example_python_decorator.py took 0.129 seconds
[2025-07-16T23:55:06.134+0000] {processor.py:161} INFO - Started process (PID=2757) to work on /home/airflow/.local/lib/python3.8/site-packages/airflow/example_dags/example_python_decorator.py
[2025-07-16T23:55:06.136+0000] {processor.py:830} INFO - Processing file /home/airflow/.local/lib/python3.8/site-packages/airflow/example_dags/example_python_decorator.py for tasks to queue
[2025-07-16T23:55:06.139+0000] {logging_mixin.py:188} INFO - [2025-07-16T23:55:06.139+0000] {dagbag.py:538} INFO - Filling up the DagBag from /home/airflow/.local/lib/python3.8/site-packages/airflow/example_dags/example_python_decorator.py
[2025-07-16T23:55:06.163+0000] {processor.py:840} INFO - DAG(s) 'example_python_decorator' retrieved from /home/airflow/.local/lib/python3.8/site-packages/airflow/example_dags/example_python_decorator.py
[2025-07-16T23:55:06.198+0000] {logging_mixin.py:188} INFO - [2025-07-16T23:55:06.198+0000] {dag.py:3036} INFO - Sync 1 DAGs
[2025-07-16T23:55:06.216+0000] {logging_mixin.py:188} INFO - [2025-07-16T23:55:06.216+0000] {dag.py:3823} INFO - Setting next_dagrun for example_python_decorator to None, run_after=None
[2025-07-16T23:55:06.243+0000] {processor.py:183} INFO - Processing /home/airflow/.local/lib/python3.8/site-packages/airflow/example_dags/example_python_decorator.py took 0.115 seconds
[2025-07-16T23:55:37.288+0000] {processor.py:161} INFO - Started process (PID=2819) to work on /home/airflow/.local/lib/python3.8/site-packages/airflow/example_dags/example_python_decorator.py
[2025-07-16T23:55:37.290+0000] {processor.py:830} INFO - Processing file /home/airflow/.local/lib/python3.8/site-packages/airflow/example_dags/example_python_decorator.py for tasks to queue
[2025-07-16T23:55:37.292+0000] {logging_mixin.py:188} INFO - [2025-07-16T23:55:37.292+0000] {dagbag.py:538} INFO - Filling up the DagBag from /home/airflow/.local/lib/python3.8/site-packages/airflow/example_dags/example_python_decorator.py
[2025-07-16T23:55:37.318+0000] {processor.py:840} INFO - DAG(s) 'example_python_decorator' retrieved from /home/airflow/.local/lib/python3.8/site-packages/airflow/example_dags/example_python_decorator.py
[2025-07-16T23:55:37.367+0000] {logging_mixin.py:188} INFO - [2025-07-16T23:55:37.367+0000] {dag.py:3036} INFO - Sync 1 DAGs
[2025-07-16T23:55:37.388+0000] {logging_mixin.py:188} INFO - [2025-07-16T23:55:37.387+0000] {dag.py:3823} INFO - Setting next_dagrun for example_python_decorator to None, run_after=None
[2025-07-16T23:55:37.465+0000] {processor.py:183} INFO - Processing /home/airflow/.local/lib/python3.8/site-packages/airflow/example_dags/example_python_decorator.py took 0.182 seconds
[2025-07-16T23:56:07.731+0000] {processor.py:161} INFO - Started process (PID=2883) to work on /home/airflow/.local/lib/python3.8/site-packages/airflow/example_dags/example_python_decorator.py
[2025-07-16T23:56:07.734+0000] {processor.py:830} INFO - Processing file /home/airflow/.local/lib/python3.8/site-packages/airflow/example_dags/example_python_decorator.py for tasks to queue
[2025-07-16T23:56:07.737+0000] {logging_mixin.py:188} INFO - [2025-07-16T23:56:07.737+0000] {dagbag.py:538} INFO - Filling up the DagBag from /home/airflow/.local/lib/python3.8/site-packages/airflow/example_dags/example_python_decorator.py
[2025-07-16T23:56:07.757+0000] {processor.py:840} INFO - DAG(s) 'example_python_decorator' retrieved from /home/airflow/.local/lib/python3.8/site-packages/airflow/example_dags/example_python_decorator.py
[2025-07-16T23:56:07.791+0000] {logging_mixin.py:188} INFO - [2025-07-16T23:56:07.791+0000] {dag.py:3036} INFO - Sync 1 DAGs
[2025-07-16T23:56:07.810+0000] {logging_mixin.py:188} INFO - [2025-07-16T23:56:07.810+0000] {dag.py:3823} INFO - Setting next_dagrun for example_python_decorator to None, run_after=None
[2025-07-16T23:56:07.835+0000] {processor.py:183} INFO - Processing /home/airflow/.local/lib/python3.8/site-packages/airflow/example_dags/example_python_decorator.py took 0.109 seconds
[2025-07-16T23:56:38.211+0000] {processor.py:161} INFO - Started process (PID=2948) to work on /home/airflow/.local/lib/python3.8/site-packages/airflow/example_dags/example_python_decorator.py
[2025-07-16T23:56:38.213+0000] {processor.py:830} INFO - Processing file /home/airflow/.local/lib/python3.8/site-packages/airflow/example_dags/example_python_decorator.py for tasks to queue
[2025-07-16T23:56:38.216+0000] {logging_mixin.py:188} INFO - [2025-07-16T23:56:38.215+0000] {dagbag.py:538} INFO - Filling up the DagBag from /home/airflow/.local/lib/python3.8/site-packages/airflow/example_dags/example_python_decorator.py
[2025-07-16T23:56:38.240+0000] {processor.py:840} INFO - DAG(s) 'example_python_decorator' retrieved from /home/airflow/.local/lib/python3.8/site-packages/airflow/example_dags/example_python_decorator.py
[2025-07-16T23:56:38.276+0000] {logging_mixin.py:188} INFO - [2025-07-16T23:56:38.275+0000] {dag.py:3036} INFO - Sync 1 DAGs
[2025-07-16T23:56:38.296+0000] {logging_mixin.py:188} INFO - [2025-07-16T23:56:38.296+0000] {dag.py:3823} INFO - Setting next_dagrun for example_python_decorator to None, run_after=None
[2025-07-16T23:56:38.327+0000] {processor.py:183} INFO - Processing /home/airflow/.local/lib/python3.8/site-packages/airflow/example_dags/example_python_decorator.py took 0.121 seconds
[2025-07-16T23:57:09.183+0000] {processor.py:161} INFO - Started process (PID=3014) to work on /home/airflow/.local/lib/python3.8/site-packages/airflow/example_dags/example_python_decorator.py
[2025-07-16T23:57:09.185+0000] {processor.py:830} INFO - Processing file /home/airflow/.local/lib/python3.8/site-packages/airflow/example_dags/example_python_decorator.py for tasks to queue
[2025-07-16T23:57:09.189+0000] {logging_mixin.py:188} INFO - [2025-07-16T23:57:09.188+0000] {dagbag.py:538} INFO - Filling up the DagBag from /home/airflow/.local/lib/python3.8/site-packages/airflow/example_dags/example_python_decorator.py
[2025-07-16T23:57:09.208+0000] {processor.py:840} INFO - DAG(s) 'example_python_decorator' retrieved from /home/airflow/.local/lib/python3.8/site-packages/airflow/example_dags/example_python_decorator.py
[2025-07-16T23:57:09.246+0000] {logging_mixin.py:188} INFO - [2025-07-16T23:57:09.245+0000] {dag.py:3036} INFO - Sync 1 DAGs
[2025-07-16T23:57:09.268+0000] {logging_mixin.py:188} INFO - [2025-07-16T23:57:09.268+0000] {dag.py:3823} INFO - Setting next_dagrun for example_python_decorator to None, run_after=None
[2025-07-16T23:57:09.316+0000] {processor.py:183} INFO - Processing /home/airflow/.local/lib/python3.8/site-packages/airflow/example_dags/example_python_decorator.py took 0.138 seconds
[2025-07-16T23:57:39.779+0000] {processor.py:161} INFO - Started process (PID=3078) to work on /home/airflow/.local/lib/python3.8/site-packages/airflow/example_dags/example_python_decorator.py
[2025-07-16T23:57:39.781+0000] {processor.py:830} INFO - Processing file /home/airflow/.local/lib/python3.8/site-packages/airflow/example_dags/example_python_decorator.py for tasks to queue
[2025-07-16T23:57:39.783+0000] {logging_mixin.py:188} INFO - [2025-07-16T23:57:39.783+0000] {dagbag.py:538} INFO - Filling up the DagBag from /home/airflow/.local/lib/python3.8/site-packages/airflow/example_dags/example_python_decorator.py
[2025-07-16T23:57:39.800+0000] {processor.py:840} INFO - DAG(s) 'example_python_decorator' retrieved from /home/airflow/.local/lib/python3.8/site-packages/airflow/example_dags/example_python_decorator.py
[2025-07-16T23:57:39.832+0000] {logging_mixin.py:188} INFO - [2025-07-16T23:57:39.832+0000] {dag.py:3036} INFO - Sync 1 DAGs
[2025-07-16T23:57:39.848+0000] {logging_mixin.py:188} INFO - [2025-07-16T23:57:39.848+0000] {dag.py:3823} INFO - Setting next_dagrun for example_python_decorator to None, run_after=None
[2025-07-16T23:57:39.875+0000] {processor.py:183} INFO - Processing /home/airflow/.local/lib/python3.8/site-packages/airflow/example_dags/example_python_decorator.py took 0.100 seconds
[2025-07-16T23:58:10.119+0000] {processor.py:161} INFO - Started process (PID=3145) to work on /home/airflow/.local/lib/python3.8/site-packages/airflow/example_dags/example_python_decorator.py
[2025-07-16T23:58:10.120+0000] {processor.py:830} INFO - Processing file /home/airflow/.local/lib/python3.8/site-packages/airflow/example_dags/example_python_decorator.py for tasks to queue
[2025-07-16T23:58:10.124+0000] {logging_mixin.py:188} INFO - [2025-07-16T23:58:10.123+0000] {dagbag.py:538} INFO - Filling up the DagBag from /home/airflow/.local/lib/python3.8/site-packages/airflow/example_dags/example_python_decorator.py
[2025-07-16T23:58:10.146+0000] {processor.py:840} INFO - DAG(s) 'example_python_decorator' retrieved from /home/airflow/.local/lib/python3.8/site-packages/airflow/example_dags/example_python_decorator.py
[2025-07-16T23:58:10.174+0000] {logging_mixin.py:188} INFO - [2025-07-16T23:58:10.174+0000] {dag.py:3036} INFO - Sync 1 DAGs
[2025-07-16T23:58:10.196+0000] {logging_mixin.py:188} INFO - [2025-07-16T23:58:10.195+0000] {dag.py:3823} INFO - Setting next_dagrun for example_python_decorator to None, run_after=None
[2025-07-16T23:58:10.221+0000] {processor.py:183} INFO - Processing /home/airflow/.local/lib/python3.8/site-packages/airflow/example_dags/example_python_decorator.py took 0.106 seconds
[2025-07-16T23:58:40.648+0000] {processor.py:161} INFO - Started process (PID=3207) to work on /home/airflow/.local/lib/python3.8/site-packages/airflow/example_dags/example_python_decorator.py
[2025-07-16T23:58:40.649+0000] {processor.py:830} INFO - Processing file /home/airflow/.local/lib/python3.8/site-packages/airflow/example_dags/example_python_decorator.py for tasks to queue
[2025-07-16T23:58:40.653+0000] {logging_mixin.py:188} INFO - [2025-07-16T23:58:40.652+0000] {dagbag.py:538} INFO - Filling up the DagBag from /home/airflow/.local/lib/python3.8/site-packages/airflow/example_dags/example_python_decorator.py
[2025-07-16T23:58:40.678+0000] {processor.py:840} INFO - DAG(s) 'example_python_decorator' retrieved from /home/airflow/.local/lib/python3.8/site-packages/airflow/example_dags/example_python_decorator.py
[2025-07-16T23:58:40.715+0000] {logging_mixin.py:188} INFO - [2025-07-16T23:58:40.715+0000] {dag.py:3036} INFO - Sync 1 DAGs
[2025-07-16T23:58:40.734+0000] {logging_mixin.py:188} INFO - [2025-07-16T23:58:40.734+0000] {dag.py:3823} INFO - Setting next_dagrun for example_python_decorator to None, run_after=None
[2025-07-16T23:58:40.764+0000] {processor.py:183} INFO - Processing /home/airflow/.local/lib/python3.8/site-packages/airflow/example_dags/example_python_decorator.py took 0.122 seconds
[2025-07-16T23:59:10.914+0000] {processor.py:161} INFO - Started process (PID=3270) to work on /home/airflow/.local/lib/python3.8/site-packages/airflow/example_dags/example_python_decorator.py
[2025-07-16T23:59:10.916+0000] {processor.py:830} INFO - Processing file /home/airflow/.local/lib/python3.8/site-packages/airflow/example_dags/example_python_decorator.py for tasks to queue
[2025-07-16T23:59:10.919+0000] {logging_mixin.py:188} INFO - [2025-07-16T23:59:10.918+0000] {dagbag.py:538} INFO - Filling up the DagBag from /home/airflow/.local/lib/python3.8/site-packages/airflow/example_dags/example_python_decorator.py
[2025-07-16T23:59:10.946+0000] {processor.py:840} INFO - DAG(s) 'example_python_decorator' retrieved from /home/airflow/.local/lib/python3.8/site-packages/airflow/example_dags/example_python_decorator.py
[2025-07-16T23:59:10.992+0000] {logging_mixin.py:188} INFO - [2025-07-16T23:59:10.991+0000] {dag.py:3036} INFO - Sync 1 DAGs
[2025-07-16T23:59:11.021+0000] {logging_mixin.py:188} INFO - [2025-07-16T23:59:11.021+0000] {dag.py:3823} INFO - Setting next_dagrun for example_python_decorator to None, run_after=None
[2025-07-16T23:59:11.054+0000] {processor.py:183} INFO - Processing /home/airflow/.local/lib/python3.8/site-packages/airflow/example_dags/example_python_decorator.py took 0.145 seconds
[2025-07-16T23:59:41.366+0000] {processor.py:161} INFO - Started process (PID=3336) to work on /home/airflow/.local/lib/python3.8/site-packages/airflow/example_dags/example_python_decorator.py
[2025-07-16T23:59:41.368+0000] {processor.py:830} INFO - Processing file /home/airflow/.local/lib/python3.8/site-packages/airflow/example_dags/example_python_decorator.py for tasks to queue
[2025-07-16T23:59:41.372+0000] {logging_mixin.py:188} INFO - [2025-07-16T23:59:41.371+0000] {dagbag.py:538} INFO - Filling up the DagBag from /home/airflow/.local/lib/python3.8/site-packages/airflow/example_dags/example_python_decorator.py
[2025-07-16T23:59:41.400+0000] {processor.py:840} INFO - DAG(s) 'example_python_decorator' retrieved from /home/airflow/.local/lib/python3.8/site-packages/airflow/example_dags/example_python_decorator.py
[2025-07-16T23:59:41.441+0000] {logging_mixin.py:188} INFO - [2025-07-16T23:59:41.441+0000] {dag.py:3036} INFO - Sync 1 DAGs
[2025-07-16T23:59:41.463+0000] {logging_mixin.py:188} INFO - [2025-07-16T23:59:41.463+0000] {dag.py:3823} INFO - Setting next_dagrun for example_python_decorator to None, run_after=None
[2025-07-16T23:59:41.493+0000] {processor.py:183} INFO - Processing /home/airflow/.local/lib/python3.8/site-packages/airflow/example_dags/example_python_decorator.py took 0.133 seconds
