[2025-07-16T15:02:22.918+0000] {processor.py:161} INFO - Started process (PID=116) to work on /home/airflow/.local/lib/python3.8/site-packages/airflow/example_dags/example_local_kubernetes_executor.py
[2025-07-16T15:02:22.943+0000] {processor.py:830} INFO - Processing file /home/airflow/.local/lib/python3.8/site-packages/airflow/example_dags/example_local_kubernetes_executor.py for tasks to queue
[2025-07-16T15:02:22.955+0000] {logging_mixin.py:188} INFO - [2025-07-16T15:02:22.954+0000] {dagbag.py:538} INFO - Filling up the DagBag from /home/airflow/.local/lib/python3.8/site-packages/airflow/example_dags/example_local_kubernetes_executor.py
[2025-07-16T15:02:22.990+0000] {processor.py:840} INFO - DAG(s) 'example_local_kubernetes_executor' retrieved from /home/airflow/.local/lib/python3.8/site-packages/airflow/example_dags/example_local_kubernetes_executor.py
[2025-07-16T15:02:23.149+0000] {logging_mixin.py:188} INFO - [2025-07-16T15:02:23.149+0000] {dag.py:3036} INFO - Sync 1 DAGs
[2025-07-16T15:02:23.206+0000] {logging_mixin.py:188} INFO - [2025-07-16T15:02:23.206+0000] {dag.py:3823} INFO - Setting next_dagrun for example_local_kubernetes_executor to None, run_after=None
[2025-07-16T15:02:23.262+0000] {processor.py:183} INFO - Processing /home/airflow/.local/lib/python3.8/site-packages/airflow/example_dags/example_local_kubernetes_executor.py took 0.350 seconds
[2025-07-16T15:02:58.523+0000] {processor.py:161} INFO - Started process (PID=182) to work on /home/airflow/.local/lib/python3.8/site-packages/airflow/example_dags/example_local_kubernetes_executor.py
[2025-07-16T15:02:58.524+0000] {processor.py:830} INFO - Processing file /home/airflow/.local/lib/python3.8/site-packages/airflow/example_dags/example_local_kubernetes_executor.py for tasks to queue
[2025-07-16T15:02:58.528+0000] {logging_mixin.py:188} INFO - [2025-07-16T15:02:58.527+0000] {dagbag.py:538} INFO - Filling up the DagBag from /home/airflow/.local/lib/python3.8/site-packages/airflow/example_dags/example_local_kubernetes_executor.py
[2025-07-16T15:02:58.537+0000] {processor.py:840} INFO - DAG(s) 'example_local_kubernetes_executor' retrieved from /home/airflow/.local/lib/python3.8/site-packages/airflow/example_dags/example_local_kubernetes_executor.py
[2025-07-16T15:02:58.578+0000] {logging_mixin.py:188} INFO - [2025-07-16T15:02:58.578+0000] {dag.py:3036} INFO - Sync 1 DAGs
[2025-07-16T15:02:58.595+0000] {logging_mixin.py:188} INFO - [2025-07-16T15:02:58.594+0000] {dag.py:3823} INFO - Setting next_dagrun for example_local_kubernetes_executor to None, run_after=None
[2025-07-16T15:02:58.620+0000] {processor.py:183} INFO - Processing /home/airflow/.local/lib/python3.8/site-packages/airflow/example_dags/example_local_kubernetes_executor.py took 0.101 seconds
[2025-07-16T15:03:29.609+0000] {processor.py:161} INFO - Started process (PID=242) to work on /home/airflow/.local/lib/python3.8/site-packages/airflow/example_dags/example_local_kubernetes_executor.py
[2025-07-16T15:03:29.611+0000] {processor.py:830} INFO - Processing file /home/airflow/.local/lib/python3.8/site-packages/airflow/example_dags/example_local_kubernetes_executor.py for tasks to queue
[2025-07-16T15:03:29.613+0000] {logging_mixin.py:188} INFO - [2025-07-16T15:03:29.613+0000] {dagbag.py:538} INFO - Filling up the DagBag from /home/airflow/.local/lib/python3.8/site-packages/airflow/example_dags/example_local_kubernetes_executor.py
[2025-07-16T15:03:29.624+0000] {processor.py:840} INFO - DAG(s) 'example_local_kubernetes_executor' retrieved from /home/airflow/.local/lib/python3.8/site-packages/airflow/example_dags/example_local_kubernetes_executor.py
[2025-07-16T15:03:29.688+0000] {logging_mixin.py:188} INFO - [2025-07-16T15:03:29.688+0000] {dag.py:3036} INFO - Sync 1 DAGs
[2025-07-16T15:03:29.710+0000] {logging_mixin.py:188} INFO - [2025-07-16T15:03:29.710+0000] {dag.py:3823} INFO - Setting next_dagrun for example_local_kubernetes_executor to None, run_after=None
[2025-07-16T15:03:29.744+0000] {processor.py:183} INFO - Processing /home/airflow/.local/lib/python3.8/site-packages/airflow/example_dags/example_local_kubernetes_executor.py took 0.140 seconds
[2025-07-16T23:34:18.329+0000] {processor.py:161} INFO - Started process (PID=113) to work on /home/airflow/.local/lib/python3.8/site-packages/airflow/example_dags/example_local_kubernetes_executor.py
[2025-07-16T23:34:18.339+0000] {processor.py:830} INFO - Processing file /home/airflow/.local/lib/python3.8/site-packages/airflow/example_dags/example_local_kubernetes_executor.py for tasks to queue
[2025-07-16T23:34:18.351+0000] {logging_mixin.py:188} INFO - [2025-07-16T23:34:18.349+0000] {dagbag.py:538} INFO - Filling up the DagBag from /home/airflow/.local/lib/python3.8/site-packages/airflow/example_dags/example_local_kubernetes_executor.py
[2025-07-16T23:34:18.399+0000] {processor.py:840} INFO - DAG(s) 'example_local_kubernetes_executor' retrieved from /home/airflow/.local/lib/python3.8/site-packages/airflow/example_dags/example_local_kubernetes_executor.py
[2025-07-16T23:34:18.520+0000] {logging_mixin.py:188} INFO - [2025-07-16T23:34:18.519+0000] {dag.py:3036} INFO - Sync 1 DAGs
[2025-07-16T23:34:18.567+0000] {logging_mixin.py:188} INFO - [2025-07-16T23:34:18.566+0000] {dag.py:3823} INFO - Setting next_dagrun for example_local_kubernetes_executor to None, run_after=None
[2025-07-16T23:34:18.623+0000] {processor.py:183} INFO - Processing /home/airflow/.local/lib/python3.8/site-packages/airflow/example_dags/example_local_kubernetes_executor.py took 0.301 seconds
[2025-07-16T23:34:48.878+0000] {processor.py:161} INFO - Started process (PID=174) to work on /home/airflow/.local/lib/python3.8/site-packages/airflow/example_dags/example_local_kubernetes_executor.py
[2025-07-16T23:34:48.880+0000] {processor.py:830} INFO - Processing file /home/airflow/.local/lib/python3.8/site-packages/airflow/example_dags/example_local_kubernetes_executor.py for tasks to queue
[2025-07-16T23:34:48.887+0000] {logging_mixin.py:188} INFO - [2025-07-16T23:34:48.886+0000] {dagbag.py:538} INFO - Filling up the DagBag from /home/airflow/.local/lib/python3.8/site-packages/airflow/example_dags/example_local_kubernetes_executor.py
[2025-07-16T23:34:48.904+0000] {processor.py:840} INFO - DAG(s) 'example_local_kubernetes_executor' retrieved from /home/airflow/.local/lib/python3.8/site-packages/airflow/example_dags/example_local_kubernetes_executor.py
[2025-07-16T23:34:48.954+0000] {logging_mixin.py:188} INFO - [2025-07-16T23:34:48.953+0000] {dag.py:3036} INFO - Sync 1 DAGs
[2025-07-16T23:34:48.979+0000] {logging_mixin.py:188} INFO - [2025-07-16T23:34:48.978+0000] {dag.py:3823} INFO - Setting next_dagrun for example_local_kubernetes_executor to None, run_after=None
[2025-07-16T23:34:49.004+0000] {processor.py:183} INFO - Processing /home/airflow/.local/lib/python3.8/site-packages/airflow/example_dags/example_local_kubernetes_executor.py took 0.131 seconds
[2025-07-16T23:35:19.191+0000] {processor.py:161} INFO - Started process (PID=240) to work on /home/airflow/.local/lib/python3.8/site-packages/airflow/example_dags/example_local_kubernetes_executor.py
[2025-07-16T23:35:19.193+0000] {processor.py:830} INFO - Processing file /home/airflow/.local/lib/python3.8/site-packages/airflow/example_dags/example_local_kubernetes_executor.py for tasks to queue
[2025-07-16T23:35:19.198+0000] {logging_mixin.py:188} INFO - [2025-07-16T23:35:19.197+0000] {dagbag.py:538} INFO - Filling up the DagBag from /home/airflow/.local/lib/python3.8/site-packages/airflow/example_dags/example_local_kubernetes_executor.py
[2025-07-16T23:35:19.236+0000] {processor.py:840} INFO - DAG(s) 'example_local_kubernetes_executor' retrieved from /home/airflow/.local/lib/python3.8/site-packages/airflow/example_dags/example_local_kubernetes_executor.py
[2025-07-16T23:35:19.310+0000] {logging_mixin.py:188} INFO - [2025-07-16T23:35:19.310+0000] {dag.py:3036} INFO - Sync 1 DAGs
[2025-07-16T23:35:19.346+0000] {logging_mixin.py:188} INFO - [2025-07-16T23:35:19.346+0000] {dag.py:3823} INFO - Setting next_dagrun for example_local_kubernetes_executor to None, run_after=None
[2025-07-16T23:35:19.398+0000] {processor.py:183} INFO - Processing /home/airflow/.local/lib/python3.8/site-packages/airflow/example_dags/example_local_kubernetes_executor.py took 0.213 seconds
[2025-07-16T23:35:49.958+0000] {processor.py:161} INFO - Started process (PID=306) to work on /home/airflow/.local/lib/python3.8/site-packages/airflow/example_dags/example_local_kubernetes_executor.py
[2025-07-16T23:35:49.961+0000] {processor.py:830} INFO - Processing file /home/airflow/.local/lib/python3.8/site-packages/airflow/example_dags/example_local_kubernetes_executor.py for tasks to queue
[2025-07-16T23:35:49.968+0000] {logging_mixin.py:188} INFO - [2025-07-16T23:35:49.968+0000] {dagbag.py:538} INFO - Filling up the DagBag from /home/airflow/.local/lib/python3.8/site-packages/airflow/example_dags/example_local_kubernetes_executor.py
[2025-07-16T23:35:49.997+0000] {processor.py:840} INFO - DAG(s) 'example_local_kubernetes_executor' retrieved from /home/airflow/.local/lib/python3.8/site-packages/airflow/example_dags/example_local_kubernetes_executor.py
[2025-07-16T23:35:50.049+0000] {logging_mixin.py:188} INFO - [2025-07-16T23:35:50.048+0000] {dag.py:3036} INFO - Sync 1 DAGs
[2025-07-16T23:35:50.065+0000] {logging_mixin.py:188} INFO - [2025-07-16T23:35:50.065+0000] {dag.py:3823} INFO - Setting next_dagrun for example_local_kubernetes_executor to None, run_after=None
[2025-07-16T23:35:50.096+0000] {processor.py:183} INFO - Processing /home/airflow/.local/lib/python3.8/site-packages/airflow/example_dags/example_local_kubernetes_executor.py took 0.144 seconds
[2025-07-16T23:36:20.245+0000] {processor.py:161} INFO - Started process (PID=372) to work on /home/airflow/.local/lib/python3.8/site-packages/airflow/example_dags/example_local_kubernetes_executor.py
[2025-07-16T23:36:20.248+0000] {processor.py:830} INFO - Processing file /home/airflow/.local/lib/python3.8/site-packages/airflow/example_dags/example_local_kubernetes_executor.py for tasks to queue
[2025-07-16T23:36:20.252+0000] {logging_mixin.py:188} INFO - [2025-07-16T23:36:20.252+0000] {dagbag.py:538} INFO - Filling up the DagBag from /home/airflow/.local/lib/python3.8/site-packages/airflow/example_dags/example_local_kubernetes_executor.py
[2025-07-16T23:36:20.274+0000] {processor.py:840} INFO - DAG(s) 'example_local_kubernetes_executor' retrieved from /home/airflow/.local/lib/python3.8/site-packages/airflow/example_dags/example_local_kubernetes_executor.py
[2025-07-16T23:36:20.337+0000] {logging_mixin.py:188} INFO - [2025-07-16T23:36:20.336+0000] {dag.py:3036} INFO - Sync 1 DAGs
[2025-07-16T23:36:20.354+0000] {logging_mixin.py:188} INFO - [2025-07-16T23:36:20.353+0000] {dag.py:3823} INFO - Setting next_dagrun for example_local_kubernetes_executor to None, run_after=None
[2025-07-16T23:36:20.386+0000] {processor.py:183} INFO - Processing /home/airflow/.local/lib/python3.8/site-packages/airflow/example_dags/example_local_kubernetes_executor.py took 0.147 seconds
[2025-07-16T23:36:50.477+0000] {processor.py:161} INFO - Started process (PID=438) to work on /home/airflow/.local/lib/python3.8/site-packages/airflow/example_dags/example_local_kubernetes_executor.py
[2025-07-16T23:36:50.478+0000] {processor.py:830} INFO - Processing file /home/airflow/.local/lib/python3.8/site-packages/airflow/example_dags/example_local_kubernetes_executor.py for tasks to queue
[2025-07-16T23:36:50.482+0000] {logging_mixin.py:188} INFO - [2025-07-16T23:36:50.482+0000] {dagbag.py:538} INFO - Filling up the DagBag from /home/airflow/.local/lib/python3.8/site-packages/airflow/example_dags/example_local_kubernetes_executor.py
[2025-07-16T23:36:50.499+0000] {processor.py:840} INFO - DAG(s) 'example_local_kubernetes_executor' retrieved from /home/airflow/.local/lib/python3.8/site-packages/airflow/example_dags/example_local_kubernetes_executor.py
[2025-07-16T23:36:50.545+0000] {logging_mixin.py:188} INFO - [2025-07-16T23:36:50.544+0000] {dag.py:3036} INFO - Sync 1 DAGs
[2025-07-16T23:36:50.569+0000] {logging_mixin.py:188} INFO - [2025-07-16T23:36:50.569+0000] {dag.py:3823} INFO - Setting next_dagrun for example_local_kubernetes_executor to None, run_after=None
[2025-07-16T23:36:50.603+0000] {processor.py:183} INFO - Processing /home/airflow/.local/lib/python3.8/site-packages/airflow/example_dags/example_local_kubernetes_executor.py took 0.131 seconds
[2025-07-16T23:37:21.481+0000] {processor.py:161} INFO - Started process (PID=504) to work on /home/airflow/.local/lib/python3.8/site-packages/airflow/example_dags/example_local_kubernetes_executor.py
[2025-07-16T23:37:21.482+0000] {processor.py:830} INFO - Processing file /home/airflow/.local/lib/python3.8/site-packages/airflow/example_dags/example_local_kubernetes_executor.py for tasks to queue
[2025-07-16T23:37:21.486+0000] {logging_mixin.py:188} INFO - [2025-07-16T23:37:21.486+0000] {dagbag.py:538} INFO - Filling up the DagBag from /home/airflow/.local/lib/python3.8/site-packages/airflow/example_dags/example_local_kubernetes_executor.py
[2025-07-16T23:37:21.498+0000] {processor.py:840} INFO - DAG(s) 'example_local_kubernetes_executor' retrieved from /home/airflow/.local/lib/python3.8/site-packages/airflow/example_dags/example_local_kubernetes_executor.py
[2025-07-16T23:37:21.555+0000] {logging_mixin.py:188} INFO - [2025-07-16T23:37:21.555+0000] {dag.py:3036} INFO - Sync 1 DAGs
[2025-07-16T23:37:21.577+0000] {logging_mixin.py:188} INFO - [2025-07-16T23:37:21.576+0000] {dag.py:3823} INFO - Setting next_dagrun for example_local_kubernetes_executor to None, run_after=None
[2025-07-16T23:37:21.613+0000] {processor.py:183} INFO - Processing /home/airflow/.local/lib/python3.8/site-packages/airflow/example_dags/example_local_kubernetes_executor.py took 0.138 seconds
[2025-07-16T23:37:51.688+0000] {processor.py:161} INFO - Started process (PID=565) to work on /home/airflow/.local/lib/python3.8/site-packages/airflow/example_dags/example_local_kubernetes_executor.py
[2025-07-16T23:37:51.690+0000] {processor.py:830} INFO - Processing file /home/airflow/.local/lib/python3.8/site-packages/airflow/example_dags/example_local_kubernetes_executor.py for tasks to queue
[2025-07-16T23:37:51.693+0000] {logging_mixin.py:188} INFO - [2025-07-16T23:37:51.693+0000] {dagbag.py:538} INFO - Filling up the DagBag from /home/airflow/.local/lib/python3.8/site-packages/airflow/example_dags/example_local_kubernetes_executor.py
[2025-07-16T23:37:51.705+0000] {processor.py:840} INFO - DAG(s) 'example_local_kubernetes_executor' retrieved from /home/airflow/.local/lib/python3.8/site-packages/airflow/example_dags/example_local_kubernetes_executor.py
[2025-07-16T23:37:51.764+0000] {logging_mixin.py:188} INFO - [2025-07-16T23:37:51.764+0000] {dag.py:3036} INFO - Sync 1 DAGs
[2025-07-16T23:37:51.785+0000] {logging_mixin.py:188} INFO - [2025-07-16T23:37:51.784+0000] {dag.py:3823} INFO - Setting next_dagrun for example_local_kubernetes_executor to None, run_after=None
[2025-07-16T23:37:51.817+0000] {processor.py:183} INFO - Processing /home/airflow/.local/lib/python3.8/site-packages/airflow/example_dags/example_local_kubernetes_executor.py took 0.134 seconds
[2025-07-16T23:38:22.219+0000] {processor.py:161} INFO - Started process (PID=631) to work on /home/airflow/.local/lib/python3.8/site-packages/airflow/example_dags/example_local_kubernetes_executor.py
[2025-07-16T23:38:22.221+0000] {processor.py:830} INFO - Processing file /home/airflow/.local/lib/python3.8/site-packages/airflow/example_dags/example_local_kubernetes_executor.py for tasks to queue
[2025-07-16T23:38:22.233+0000] {logging_mixin.py:188} INFO - [2025-07-16T23:38:22.232+0000] {dagbag.py:538} INFO - Filling up the DagBag from /home/airflow/.local/lib/python3.8/site-packages/airflow/example_dags/example_local_kubernetes_executor.py
[2025-07-16T23:38:22.251+0000] {processor.py:840} INFO - DAG(s) 'example_local_kubernetes_executor' retrieved from /home/airflow/.local/lib/python3.8/site-packages/airflow/example_dags/example_local_kubernetes_executor.py
[2025-07-16T23:38:22.347+0000] {logging_mixin.py:188} INFO - [2025-07-16T23:38:22.347+0000] {dag.py:3036} INFO - Sync 1 DAGs
[2025-07-16T23:38:22.378+0000] {logging_mixin.py:188} INFO - [2025-07-16T23:38:22.378+0000] {dag.py:3823} INFO - Setting next_dagrun for example_local_kubernetes_executor to None, run_after=None
[2025-07-16T23:38:22.548+0000] {processor.py:183} INFO - Processing /home/airflow/.local/lib/python3.8/site-packages/airflow/example_dags/example_local_kubernetes_executor.py took 0.334 seconds
[2025-07-16T23:38:52.923+0000] {processor.py:161} INFO - Started process (PID=697) to work on /home/airflow/.local/lib/python3.8/site-packages/airflow/example_dags/example_local_kubernetes_executor.py
[2025-07-16T23:38:52.926+0000] {processor.py:830} INFO - Processing file /home/airflow/.local/lib/python3.8/site-packages/airflow/example_dags/example_local_kubernetes_executor.py for tasks to queue
[2025-07-16T23:38:52.933+0000] {logging_mixin.py:188} INFO - [2025-07-16T23:38:52.933+0000] {dagbag.py:538} INFO - Filling up the DagBag from /home/airflow/.local/lib/python3.8/site-packages/airflow/example_dags/example_local_kubernetes_executor.py
[2025-07-16T23:38:52.948+0000] {processor.py:840} INFO - DAG(s) 'example_local_kubernetes_executor' retrieved from /home/airflow/.local/lib/python3.8/site-packages/airflow/example_dags/example_local_kubernetes_executor.py
[2025-07-16T23:38:52.998+0000] {logging_mixin.py:188} INFO - [2025-07-16T23:38:52.998+0000] {dag.py:3036} INFO - Sync 1 DAGs
[2025-07-16T23:38:53.016+0000] {logging_mixin.py:188} INFO - [2025-07-16T23:38:53.015+0000] {dag.py:3823} INFO - Setting next_dagrun for example_local_kubernetes_executor to None, run_after=None
[2025-07-16T23:38:53.060+0000] {processor.py:183} INFO - Processing /home/airflow/.local/lib/python3.8/site-packages/airflow/example_dags/example_local_kubernetes_executor.py took 0.142 seconds
[2025-07-16T23:39:23.289+0000] {processor.py:161} INFO - Started process (PID=763) to work on /home/airflow/.local/lib/python3.8/site-packages/airflow/example_dags/example_local_kubernetes_executor.py
[2025-07-16T23:39:23.291+0000] {processor.py:830} INFO - Processing file /home/airflow/.local/lib/python3.8/site-packages/airflow/example_dags/example_local_kubernetes_executor.py for tasks to queue
[2025-07-16T23:39:23.295+0000] {logging_mixin.py:188} INFO - [2025-07-16T23:39:23.294+0000] {dagbag.py:538} INFO - Filling up the DagBag from /home/airflow/.local/lib/python3.8/site-packages/airflow/example_dags/example_local_kubernetes_executor.py
[2025-07-16T23:39:23.307+0000] {processor.py:840} INFO - DAG(s) 'example_local_kubernetes_executor' retrieved from /home/airflow/.local/lib/python3.8/site-packages/airflow/example_dags/example_local_kubernetes_executor.py
[2025-07-16T23:39:23.354+0000] {logging_mixin.py:188} INFO - [2025-07-16T23:39:23.354+0000] {dag.py:3036} INFO - Sync 1 DAGs
[2025-07-16T23:39:23.370+0000] {logging_mixin.py:188} INFO - [2025-07-16T23:39:23.370+0000] {dag.py:3823} INFO - Setting next_dagrun for example_local_kubernetes_executor to None, run_after=None
[2025-07-16T23:39:23.396+0000] {processor.py:183} INFO - Processing /home/airflow/.local/lib/python3.8/site-packages/airflow/example_dags/example_local_kubernetes_executor.py took 0.112 seconds
[2025-07-16T23:39:53.871+0000] {processor.py:161} INFO - Started process (PID=829) to work on /home/airflow/.local/lib/python3.8/site-packages/airflow/example_dags/example_local_kubernetes_executor.py
[2025-07-16T23:39:53.872+0000] {processor.py:830} INFO - Processing file /home/airflow/.local/lib/python3.8/site-packages/airflow/example_dags/example_local_kubernetes_executor.py for tasks to queue
[2025-07-16T23:39:53.878+0000] {logging_mixin.py:188} INFO - [2025-07-16T23:39:53.878+0000] {dagbag.py:538} INFO - Filling up the DagBag from /home/airflow/.local/lib/python3.8/site-packages/airflow/example_dags/example_local_kubernetes_executor.py
[2025-07-16T23:39:53.897+0000] {processor.py:840} INFO - DAG(s) 'example_local_kubernetes_executor' retrieved from /home/airflow/.local/lib/python3.8/site-packages/airflow/example_dags/example_local_kubernetes_executor.py
[2025-07-16T23:39:53.951+0000] {logging_mixin.py:188} INFO - [2025-07-16T23:39:53.950+0000] {dag.py:3036} INFO - Sync 1 DAGs
[2025-07-16T23:39:53.970+0000] {logging_mixin.py:188} INFO - [2025-07-16T23:39:53.970+0000] {dag.py:3823} INFO - Setting next_dagrun for example_local_kubernetes_executor to None, run_after=None
[2025-07-16T23:39:54.008+0000] {processor.py:183} INFO - Processing /home/airflow/.local/lib/python3.8/site-packages/airflow/example_dags/example_local_kubernetes_executor.py took 0.142 seconds
[2025-07-16T23:40:24.116+0000] {processor.py:161} INFO - Started process (PID=895) to work on /home/airflow/.local/lib/python3.8/site-packages/airflow/example_dags/example_local_kubernetes_executor.py
[2025-07-16T23:40:24.118+0000] {processor.py:830} INFO - Processing file /home/airflow/.local/lib/python3.8/site-packages/airflow/example_dags/example_local_kubernetes_executor.py for tasks to queue
[2025-07-16T23:40:24.122+0000] {logging_mixin.py:188} INFO - [2025-07-16T23:40:24.121+0000] {dagbag.py:538} INFO - Filling up the DagBag from /home/airflow/.local/lib/python3.8/site-packages/airflow/example_dags/example_local_kubernetes_executor.py
[2025-07-16T23:40:24.138+0000] {processor.py:840} INFO - DAG(s) 'example_local_kubernetes_executor' retrieved from /home/airflow/.local/lib/python3.8/site-packages/airflow/example_dags/example_local_kubernetes_executor.py
[2025-07-16T23:40:24.182+0000] {logging_mixin.py:188} INFO - [2025-07-16T23:40:24.182+0000] {dag.py:3036} INFO - Sync 1 DAGs
[2025-07-16T23:40:24.197+0000] {logging_mixin.py:188} INFO - [2025-07-16T23:40:24.197+0000] {dag.py:3823} INFO - Setting next_dagrun for example_local_kubernetes_executor to None, run_after=None
[2025-07-16T23:40:24.224+0000] {processor.py:183} INFO - Processing /home/airflow/.local/lib/python3.8/site-packages/airflow/example_dags/example_local_kubernetes_executor.py took 0.114 seconds
[2025-07-16T23:40:55.017+0000] {processor.py:161} INFO - Started process (PID=960) to work on /home/airflow/.local/lib/python3.8/site-packages/airflow/example_dags/example_local_kubernetes_executor.py
[2025-07-16T23:40:55.022+0000] {processor.py:830} INFO - Processing file /home/airflow/.local/lib/python3.8/site-packages/airflow/example_dags/example_local_kubernetes_executor.py for tasks to queue
[2025-07-16T23:40:55.026+0000] {logging_mixin.py:188} INFO - [2025-07-16T23:40:55.026+0000] {dagbag.py:538} INFO - Filling up the DagBag from /home/airflow/.local/lib/python3.8/site-packages/airflow/example_dags/example_local_kubernetes_executor.py
[2025-07-16T23:40:55.042+0000] {processor.py:840} INFO - DAG(s) 'example_local_kubernetes_executor' retrieved from /home/airflow/.local/lib/python3.8/site-packages/airflow/example_dags/example_local_kubernetes_executor.py
[2025-07-16T23:40:55.107+0000] {logging_mixin.py:188} INFO - [2025-07-16T23:40:55.107+0000] {dag.py:3036} INFO - Sync 1 DAGs
[2025-07-16T23:40:55.129+0000] {logging_mixin.py:188} INFO - [2025-07-16T23:40:55.128+0000] {dag.py:3823} INFO - Setting next_dagrun for example_local_kubernetes_executor to None, run_after=None
[2025-07-16T23:40:55.156+0000] {processor.py:183} INFO - Processing /home/airflow/.local/lib/python3.8/site-packages/airflow/example_dags/example_local_kubernetes_executor.py took 0.145 seconds
[2025-07-16T23:41:26.624+0000] {processor.py:161} INFO - Started process (PID=1025) to work on /home/airflow/.local/lib/python3.8/site-packages/airflow/example_dags/example_local_kubernetes_executor.py
[2025-07-16T23:41:26.625+0000] {processor.py:830} INFO - Processing file /home/airflow/.local/lib/python3.8/site-packages/airflow/example_dags/example_local_kubernetes_executor.py for tasks to queue
[2025-07-16T23:41:26.628+0000] {logging_mixin.py:188} INFO - [2025-07-16T23:41:26.628+0000] {dagbag.py:538} INFO - Filling up the DagBag from /home/airflow/.local/lib/python3.8/site-packages/airflow/example_dags/example_local_kubernetes_executor.py
[2025-07-16T23:41:26.643+0000] {processor.py:840} INFO - DAG(s) 'example_local_kubernetes_executor' retrieved from /home/airflow/.local/lib/python3.8/site-packages/airflow/example_dags/example_local_kubernetes_executor.py
[2025-07-16T23:41:26.701+0000] {logging_mixin.py:188} INFO - [2025-07-16T23:41:26.700+0000] {dag.py:3036} INFO - Sync 1 DAGs
[2025-07-16T23:41:26.722+0000] {logging_mixin.py:188} INFO - [2025-07-16T23:41:26.721+0000] {dag.py:3823} INFO - Setting next_dagrun for example_local_kubernetes_executor to None, run_after=None
[2025-07-16T23:41:26.765+0000] {processor.py:183} INFO - Processing /home/airflow/.local/lib/python3.8/site-packages/airflow/example_dags/example_local_kubernetes_executor.py took 0.147 seconds
[2025-07-16T23:41:58.700+0000] {processor.py:161} INFO - Started process (PID=1087) to work on /home/airflow/.local/lib/python3.8/site-packages/airflow/example_dags/example_local_kubernetes_executor.py
[2025-07-16T23:41:58.702+0000] {processor.py:830} INFO - Processing file /home/airflow/.local/lib/python3.8/site-packages/airflow/example_dags/example_local_kubernetes_executor.py for tasks to queue
[2025-07-16T23:41:58.707+0000] {logging_mixin.py:188} INFO - [2025-07-16T23:41:58.706+0000] {dagbag.py:538} INFO - Filling up the DagBag from /home/airflow/.local/lib/python3.8/site-packages/airflow/example_dags/example_local_kubernetes_executor.py
[2025-07-16T23:41:58.724+0000] {processor.py:840} INFO - DAG(s) 'example_local_kubernetes_executor' retrieved from /home/airflow/.local/lib/python3.8/site-packages/airflow/example_dags/example_local_kubernetes_executor.py
[2025-07-16T23:41:58.787+0000] {logging_mixin.py:188} INFO - [2025-07-16T23:41:58.786+0000] {dag.py:3036} INFO - Sync 1 DAGs
[2025-07-16T23:41:58.814+0000] {logging_mixin.py:188} INFO - [2025-07-16T23:41:58.814+0000] {dag.py:3823} INFO - Setting next_dagrun for example_local_kubernetes_executor to None, run_after=None
[2025-07-16T23:41:58.851+0000] {processor.py:183} INFO - Processing /home/airflow/.local/lib/python3.8/site-packages/airflow/example_dags/example_local_kubernetes_executor.py took 0.157 seconds
[2025-07-16T23:42:30.670+0000] {processor.py:161} INFO - Started process (PID=1152) to work on /home/airflow/.local/lib/python3.8/site-packages/airflow/example_dags/example_local_kubernetes_executor.py
[2025-07-16T23:42:30.672+0000] {processor.py:830} INFO - Processing file /home/airflow/.local/lib/python3.8/site-packages/airflow/example_dags/example_local_kubernetes_executor.py for tasks to queue
[2025-07-16T23:42:30.677+0000] {logging_mixin.py:188} INFO - [2025-07-16T23:42:30.677+0000] {dagbag.py:538} INFO - Filling up the DagBag from /home/airflow/.local/lib/python3.8/site-packages/airflow/example_dags/example_local_kubernetes_executor.py
[2025-07-16T23:42:30.707+0000] {processor.py:840} INFO - DAG(s) 'example_local_kubernetes_executor' retrieved from /home/airflow/.local/lib/python3.8/site-packages/airflow/example_dags/example_local_kubernetes_executor.py
[2025-07-16T23:42:30.794+0000] {logging_mixin.py:188} INFO - [2025-07-16T23:42:30.794+0000] {dag.py:3036} INFO - Sync 1 DAGs
[2025-07-16T23:42:30.826+0000] {logging_mixin.py:188} INFO - [2025-07-16T23:42:30.824+0000] {dag.py:3823} INFO - Setting next_dagrun for example_local_kubernetes_executor to None, run_after=None
[2025-07-16T23:42:30.912+0000] {processor.py:183} INFO - Processing /home/airflow/.local/lib/python3.8/site-packages/airflow/example_dags/example_local_kubernetes_executor.py took 0.249 seconds
[2025-07-16T23:43:01.289+0000] {processor.py:161} INFO - Started process (PID=1218) to work on /home/airflow/.local/lib/python3.8/site-packages/airflow/example_dags/example_local_kubernetes_executor.py
[2025-07-16T23:43:01.290+0000] {processor.py:830} INFO - Processing file /home/airflow/.local/lib/python3.8/site-packages/airflow/example_dags/example_local_kubernetes_executor.py for tasks to queue
[2025-07-16T23:43:01.294+0000] {logging_mixin.py:188} INFO - [2025-07-16T23:43:01.294+0000] {dagbag.py:538} INFO - Filling up the DagBag from /home/airflow/.local/lib/python3.8/site-packages/airflow/example_dags/example_local_kubernetes_executor.py
[2025-07-16T23:43:01.306+0000] {processor.py:840} INFO - DAG(s) 'example_local_kubernetes_executor' retrieved from /home/airflow/.local/lib/python3.8/site-packages/airflow/example_dags/example_local_kubernetes_executor.py
[2025-07-16T23:43:01.370+0000] {logging_mixin.py:188} INFO - [2025-07-16T23:43:01.369+0000] {dag.py:3036} INFO - Sync 1 DAGs
[2025-07-16T23:43:01.391+0000] {logging_mixin.py:188} INFO - [2025-07-16T23:43:01.390+0000] {dag.py:3823} INFO - Setting next_dagrun for example_local_kubernetes_executor to None, run_after=None
[2025-07-16T23:43:01.426+0000] {processor.py:183} INFO - Processing /home/airflow/.local/lib/python3.8/site-packages/airflow/example_dags/example_local_kubernetes_executor.py took 0.144 seconds
[2025-07-16T23:43:31.536+0000] {processor.py:161} INFO - Started process (PID=1282) to work on /home/airflow/.local/lib/python3.8/site-packages/airflow/example_dags/example_local_kubernetes_executor.py
[2025-07-16T23:43:31.537+0000] {processor.py:830} INFO - Processing file /home/airflow/.local/lib/python3.8/site-packages/airflow/example_dags/example_local_kubernetes_executor.py for tasks to queue
[2025-07-16T23:43:31.542+0000] {logging_mixin.py:188} INFO - [2025-07-16T23:43:31.541+0000] {dagbag.py:538} INFO - Filling up the DagBag from /home/airflow/.local/lib/python3.8/site-packages/airflow/example_dags/example_local_kubernetes_executor.py
[2025-07-16T23:43:31.554+0000] {processor.py:840} INFO - DAG(s) 'example_local_kubernetes_executor' retrieved from /home/airflow/.local/lib/python3.8/site-packages/airflow/example_dags/example_local_kubernetes_executor.py
[2025-07-16T23:43:31.614+0000] {logging_mixin.py:188} INFO - [2025-07-16T23:43:31.614+0000] {dag.py:3036} INFO - Sync 1 DAGs
[2025-07-16T23:43:31.638+0000] {logging_mixin.py:188} INFO - [2025-07-16T23:43:31.637+0000] {dag.py:3823} INFO - Setting next_dagrun for example_local_kubernetes_executor to None, run_after=None
[2025-07-16T23:43:31.668+0000] {processor.py:183} INFO - Processing /home/airflow/.local/lib/python3.8/site-packages/airflow/example_dags/example_local_kubernetes_executor.py took 0.138 seconds
[2025-07-16T23:44:02.123+0000] {processor.py:161} INFO - Started process (PID=1348) to work on /home/airflow/.local/lib/python3.8/site-packages/airflow/example_dags/example_local_kubernetes_executor.py
[2025-07-16T23:44:02.126+0000] {processor.py:830} INFO - Processing file /home/airflow/.local/lib/python3.8/site-packages/airflow/example_dags/example_local_kubernetes_executor.py for tasks to queue
[2025-07-16T23:44:02.134+0000] {logging_mixin.py:188} INFO - [2025-07-16T23:44:02.133+0000] {dagbag.py:538} INFO - Filling up the DagBag from /home/airflow/.local/lib/python3.8/site-packages/airflow/example_dags/example_local_kubernetes_executor.py
[2025-07-16T23:44:02.149+0000] {processor.py:840} INFO - DAG(s) 'example_local_kubernetes_executor' retrieved from /home/airflow/.local/lib/python3.8/site-packages/airflow/example_dags/example_local_kubernetes_executor.py
[2025-07-16T23:44:02.249+0000] {logging_mixin.py:188} INFO - [2025-07-16T23:44:02.248+0000] {dag.py:3036} INFO - Sync 1 DAGs
[2025-07-16T23:44:02.273+0000] {logging_mixin.py:188} INFO - [2025-07-16T23:44:02.273+0000] {dag.py:3823} INFO - Setting next_dagrun for example_local_kubernetes_executor to None, run_after=None
[2025-07-16T23:44:02.312+0000] {processor.py:183} INFO - Processing /home/airflow/.local/lib/python3.8/site-packages/airflow/example_dags/example_local_kubernetes_executor.py took 0.198 seconds
[2025-07-16T23:44:32.534+0000] {processor.py:161} INFO - Started process (PID=1414) to work on /home/airflow/.local/lib/python3.8/site-packages/airflow/example_dags/example_local_kubernetes_executor.py
[2025-07-16T23:44:32.537+0000] {processor.py:830} INFO - Processing file /home/airflow/.local/lib/python3.8/site-packages/airflow/example_dags/example_local_kubernetes_executor.py for tasks to queue
[2025-07-16T23:44:32.540+0000] {logging_mixin.py:188} INFO - [2025-07-16T23:44:32.539+0000] {dagbag.py:538} INFO - Filling up the DagBag from /home/airflow/.local/lib/python3.8/site-packages/airflow/example_dags/example_local_kubernetes_executor.py
[2025-07-16T23:44:32.551+0000] {processor.py:840} INFO - DAG(s) 'example_local_kubernetes_executor' retrieved from /home/airflow/.local/lib/python3.8/site-packages/airflow/example_dags/example_local_kubernetes_executor.py
[2025-07-16T23:44:32.605+0000] {logging_mixin.py:188} INFO - [2025-07-16T23:44:32.605+0000] {dag.py:3036} INFO - Sync 1 DAGs
[2025-07-16T23:44:32.632+0000] {logging_mixin.py:188} INFO - [2025-07-16T23:44:32.631+0000] {dag.py:3823} INFO - Setting next_dagrun for example_local_kubernetes_executor to None, run_after=None
[2025-07-16T23:44:32.679+0000] {processor.py:183} INFO - Processing /home/airflow/.local/lib/python3.8/site-packages/airflow/example_dags/example_local_kubernetes_executor.py took 0.153 seconds
[2025-07-16T23:45:02.987+0000] {processor.py:161} INFO - Started process (PID=1479) to work on /home/airflow/.local/lib/python3.8/site-packages/airflow/example_dags/example_local_kubernetes_executor.py
[2025-07-16T23:45:02.988+0000] {processor.py:830} INFO - Processing file /home/airflow/.local/lib/python3.8/site-packages/airflow/example_dags/example_local_kubernetes_executor.py for tasks to queue
[2025-07-16T23:45:02.991+0000] {logging_mixin.py:188} INFO - [2025-07-16T23:45:02.990+0000] {dagbag.py:538} INFO - Filling up the DagBag from /home/airflow/.local/lib/python3.8/site-packages/airflow/example_dags/example_local_kubernetes_executor.py
[2025-07-16T23:45:03.003+0000] {processor.py:840} INFO - DAG(s) 'example_local_kubernetes_executor' retrieved from /home/airflow/.local/lib/python3.8/site-packages/airflow/example_dags/example_local_kubernetes_executor.py
[2025-07-16T23:45:03.056+0000] {logging_mixin.py:188} INFO - [2025-07-16T23:45:03.056+0000] {dag.py:3036} INFO - Sync 1 DAGs
[2025-07-16T23:45:03.073+0000] {logging_mixin.py:188} INFO - [2025-07-16T23:45:03.073+0000] {dag.py:3823} INFO - Setting next_dagrun for example_local_kubernetes_executor to None, run_after=None
[2025-07-16T23:45:03.103+0000] {processor.py:183} INFO - Processing /home/airflow/.local/lib/python3.8/site-packages/airflow/example_dags/example_local_kubernetes_executor.py took 0.122 seconds
[2025-07-16T23:45:33.451+0000] {processor.py:161} INFO - Started process (PID=1540) to work on /home/airflow/.local/lib/python3.8/site-packages/airflow/example_dags/example_local_kubernetes_executor.py
[2025-07-16T23:45:33.453+0000] {processor.py:830} INFO - Processing file /home/airflow/.local/lib/python3.8/site-packages/airflow/example_dags/example_local_kubernetes_executor.py for tasks to queue
[2025-07-16T23:45:33.457+0000] {logging_mixin.py:188} INFO - [2025-07-16T23:45:33.457+0000] {dagbag.py:538} INFO - Filling up the DagBag from /home/airflow/.local/lib/python3.8/site-packages/airflow/example_dags/example_local_kubernetes_executor.py
[2025-07-16T23:45:33.470+0000] {processor.py:840} INFO - DAG(s) 'example_local_kubernetes_executor' retrieved from /home/airflow/.local/lib/python3.8/site-packages/airflow/example_dags/example_local_kubernetes_executor.py
[2025-07-16T23:45:33.528+0000] {logging_mixin.py:188} INFO - [2025-07-16T23:45:33.527+0000] {dag.py:3036} INFO - Sync 1 DAGs
[2025-07-16T23:45:33.552+0000] {logging_mixin.py:188} INFO - [2025-07-16T23:45:33.552+0000] {dag.py:3823} INFO - Setting next_dagrun for example_local_kubernetes_executor to None, run_after=None
[2025-07-16T23:45:33.586+0000] {processor.py:183} INFO - Processing /home/airflow/.local/lib/python3.8/site-packages/airflow/example_dags/example_local_kubernetes_executor.py took 0.140 seconds
[2025-07-16T23:46:04.077+0000] {processor.py:161} INFO - Started process (PID=1606) to work on /home/airflow/.local/lib/python3.8/site-packages/airflow/example_dags/example_local_kubernetes_executor.py
[2025-07-16T23:46:04.079+0000] {processor.py:830} INFO - Processing file /home/airflow/.local/lib/python3.8/site-packages/airflow/example_dags/example_local_kubernetes_executor.py for tasks to queue
[2025-07-16T23:46:04.082+0000] {logging_mixin.py:188} INFO - [2025-07-16T23:46:04.081+0000] {dagbag.py:538} INFO - Filling up the DagBag from /home/airflow/.local/lib/python3.8/site-packages/airflow/example_dags/example_local_kubernetes_executor.py
[2025-07-16T23:46:04.096+0000] {processor.py:840} INFO - DAG(s) 'example_local_kubernetes_executor' retrieved from /home/airflow/.local/lib/python3.8/site-packages/airflow/example_dags/example_local_kubernetes_executor.py
[2025-07-16T23:46:04.158+0000] {logging_mixin.py:188} INFO - [2025-07-16T23:46:04.157+0000] {dag.py:3036} INFO - Sync 1 DAGs
[2025-07-16T23:46:04.178+0000] {logging_mixin.py:188} INFO - [2025-07-16T23:46:04.177+0000] {dag.py:3823} INFO - Setting next_dagrun for example_local_kubernetes_executor to None, run_after=None
[2025-07-16T23:46:04.209+0000] {processor.py:183} INFO - Processing /home/airflow/.local/lib/python3.8/site-packages/airflow/example_dags/example_local_kubernetes_executor.py took 0.137 seconds
[2025-07-16T23:46:34.952+0000] {processor.py:161} INFO - Started process (PID=1670) to work on /home/airflow/.local/lib/python3.8/site-packages/airflow/example_dags/example_local_kubernetes_executor.py
[2025-07-16T23:46:34.954+0000] {processor.py:830} INFO - Processing file /home/airflow/.local/lib/python3.8/site-packages/airflow/example_dags/example_local_kubernetes_executor.py for tasks to queue
[2025-07-16T23:46:34.960+0000] {logging_mixin.py:188} INFO - [2025-07-16T23:46:34.960+0000] {dagbag.py:538} INFO - Filling up the DagBag from /home/airflow/.local/lib/python3.8/site-packages/airflow/example_dags/example_local_kubernetes_executor.py
[2025-07-16T23:46:34.979+0000] {processor.py:840} INFO - DAG(s) 'example_local_kubernetes_executor' retrieved from /home/airflow/.local/lib/python3.8/site-packages/airflow/example_dags/example_local_kubernetes_executor.py
[2025-07-16T23:46:35.072+0000] {logging_mixin.py:188} INFO - [2025-07-16T23:46:35.072+0000] {dag.py:3036} INFO - Sync 1 DAGs
[2025-07-16T23:46:35.098+0000] {logging_mixin.py:188} INFO - [2025-07-16T23:46:35.098+0000] {dag.py:3823} INFO - Setting next_dagrun for example_local_kubernetes_executor to None, run_after=None
[2025-07-16T23:46:35.170+0000] {processor.py:183} INFO - Processing /home/airflow/.local/lib/python3.8/site-packages/airflow/example_dags/example_local_kubernetes_executor.py took 0.225 seconds
[2025-07-16T23:47:05.251+0000] {processor.py:161} INFO - Started process (PID=1735) to work on /home/airflow/.local/lib/python3.8/site-packages/airflow/example_dags/example_local_kubernetes_executor.py
[2025-07-16T23:47:05.252+0000] {processor.py:830} INFO - Processing file /home/airflow/.local/lib/python3.8/site-packages/airflow/example_dags/example_local_kubernetes_executor.py for tasks to queue
[2025-07-16T23:47:05.255+0000] {logging_mixin.py:188} INFO - [2025-07-16T23:47:05.254+0000] {dagbag.py:538} INFO - Filling up the DagBag from /home/airflow/.local/lib/python3.8/site-packages/airflow/example_dags/example_local_kubernetes_executor.py
[2025-07-16T23:47:05.265+0000] {processor.py:840} INFO - DAG(s) 'example_local_kubernetes_executor' retrieved from /home/airflow/.local/lib/python3.8/site-packages/airflow/example_dags/example_local_kubernetes_executor.py
[2025-07-16T23:47:05.308+0000] {logging_mixin.py:188} INFO - [2025-07-16T23:47:05.308+0000] {dag.py:3036} INFO - Sync 1 DAGs
[2025-07-16T23:47:05.324+0000] {logging_mixin.py:188} INFO - [2025-07-16T23:47:05.324+0000] {dag.py:3823} INFO - Setting next_dagrun for example_local_kubernetes_executor to None, run_after=None
[2025-07-16T23:47:05.350+0000] {processor.py:183} INFO - Processing /home/airflow/.local/lib/python3.8/site-packages/airflow/example_dags/example_local_kubernetes_executor.py took 0.103 seconds
[2025-07-16T23:47:36.583+0000] {processor.py:161} INFO - Started process (PID=1801) to work on /home/airflow/.local/lib/python3.8/site-packages/airflow/example_dags/example_local_kubernetes_executor.py
[2025-07-16T23:47:36.585+0000] {processor.py:830} INFO - Processing file /home/airflow/.local/lib/python3.8/site-packages/airflow/example_dags/example_local_kubernetes_executor.py for tasks to queue
[2025-07-16T23:47:36.591+0000] {logging_mixin.py:188} INFO - [2025-07-16T23:47:36.591+0000] {dagbag.py:538} INFO - Filling up the DagBag from /home/airflow/.local/lib/python3.8/site-packages/airflow/example_dags/example_local_kubernetes_executor.py
[2025-07-16T23:47:36.608+0000] {processor.py:840} INFO - DAG(s) 'example_local_kubernetes_executor' retrieved from /home/airflow/.local/lib/python3.8/site-packages/airflow/example_dags/example_local_kubernetes_executor.py
[2025-07-16T23:47:36.678+0000] {logging_mixin.py:188} INFO - [2025-07-16T23:47:36.678+0000] {dag.py:3036} INFO - Sync 1 DAGs
[2025-07-16T23:47:36.709+0000] {logging_mixin.py:188} INFO - [2025-07-16T23:47:36.709+0000] {dag.py:3823} INFO - Setting next_dagrun for example_local_kubernetes_executor to None, run_after=None
[2025-07-16T23:47:36.746+0000] {processor.py:183} INFO - Processing /home/airflow/.local/lib/python3.8/site-packages/airflow/example_dags/example_local_kubernetes_executor.py took 0.169 seconds
[2025-07-16T23:48:07.836+0000] {processor.py:161} INFO - Started process (PID=1866) to work on /home/airflow/.local/lib/python3.8/site-packages/airflow/example_dags/example_local_kubernetes_executor.py
[2025-07-16T23:48:07.838+0000] {processor.py:830} INFO - Processing file /home/airflow/.local/lib/python3.8/site-packages/airflow/example_dags/example_local_kubernetes_executor.py for tasks to queue
[2025-07-16T23:48:07.843+0000] {logging_mixin.py:188} INFO - [2025-07-16T23:48:07.843+0000] {dagbag.py:538} INFO - Filling up the DagBag from /home/airflow/.local/lib/python3.8/site-packages/airflow/example_dags/example_local_kubernetes_executor.py
[2025-07-16T23:48:07.855+0000] {processor.py:840} INFO - DAG(s) 'example_local_kubernetes_executor' retrieved from /home/airflow/.local/lib/python3.8/site-packages/airflow/example_dags/example_local_kubernetes_executor.py
[2025-07-16T23:48:07.915+0000] {logging_mixin.py:188} INFO - [2025-07-16T23:48:07.914+0000] {dag.py:3036} INFO - Sync 1 DAGs
[2025-07-16T23:48:07.932+0000] {logging_mixin.py:188} INFO - [2025-07-16T23:48:07.932+0000] {dag.py:3823} INFO - Setting next_dagrun for example_local_kubernetes_executor to None, run_after=None
[2025-07-16T23:48:07.967+0000] {processor.py:183} INFO - Processing /home/airflow/.local/lib/python3.8/site-packages/airflow/example_dags/example_local_kubernetes_executor.py took 0.135 seconds
[2025-07-16T23:48:38.924+0000] {processor.py:161} INFO - Started process (PID=1931) to work on /home/airflow/.local/lib/python3.8/site-packages/airflow/example_dags/example_local_kubernetes_executor.py
[2025-07-16T23:48:38.927+0000] {processor.py:830} INFO - Processing file /home/airflow/.local/lib/python3.8/site-packages/airflow/example_dags/example_local_kubernetes_executor.py for tasks to queue
[2025-07-16T23:48:38.931+0000] {logging_mixin.py:188} INFO - [2025-07-16T23:48:38.930+0000] {dagbag.py:538} INFO - Filling up the DagBag from /home/airflow/.local/lib/python3.8/site-packages/airflow/example_dags/example_local_kubernetes_executor.py
[2025-07-16T23:48:38.954+0000] {processor.py:840} INFO - DAG(s) 'example_local_kubernetes_executor' retrieved from /home/airflow/.local/lib/python3.8/site-packages/airflow/example_dags/example_local_kubernetes_executor.py
[2025-07-16T23:48:39.175+0000] {logging_mixin.py:188} INFO - [2025-07-16T23:48:39.174+0000] {dag.py:3036} INFO - Sync 1 DAGs
[2025-07-16T23:48:39.199+0000] {logging_mixin.py:188} INFO - [2025-07-16T23:48:39.199+0000] {dag.py:3823} INFO - Setting next_dagrun for example_local_kubernetes_executor to None, run_after=None
[2025-07-16T23:48:39.266+0000] {processor.py:183} INFO - Processing /home/airflow/.local/lib/python3.8/site-packages/airflow/example_dags/example_local_kubernetes_executor.py took 0.349 seconds
[2025-07-16T23:49:09.442+0000] {processor.py:161} INFO - Started process (PID=1996) to work on /home/airflow/.local/lib/python3.8/site-packages/airflow/example_dags/example_local_kubernetes_executor.py
[2025-07-16T23:49:09.444+0000] {processor.py:830} INFO - Processing file /home/airflow/.local/lib/python3.8/site-packages/airflow/example_dags/example_local_kubernetes_executor.py for tasks to queue
[2025-07-16T23:49:09.448+0000] {logging_mixin.py:188} INFO - [2025-07-16T23:49:09.448+0000] {dagbag.py:538} INFO - Filling up the DagBag from /home/airflow/.local/lib/python3.8/site-packages/airflow/example_dags/example_local_kubernetes_executor.py
[2025-07-16T23:49:09.464+0000] {processor.py:840} INFO - DAG(s) 'example_local_kubernetes_executor' retrieved from /home/airflow/.local/lib/python3.8/site-packages/airflow/example_dags/example_local_kubernetes_executor.py
[2025-07-16T23:49:09.534+0000] {logging_mixin.py:188} INFO - [2025-07-16T23:49:09.533+0000] {dag.py:3036} INFO - Sync 1 DAGs
[2025-07-16T23:49:09.565+0000] {logging_mixin.py:188} INFO - [2025-07-16T23:49:09.564+0000] {dag.py:3823} INFO - Setting next_dagrun for example_local_kubernetes_executor to None, run_after=None
[2025-07-16T23:49:09.597+0000] {processor.py:183} INFO - Processing /home/airflow/.local/lib/python3.8/site-packages/airflow/example_dags/example_local_kubernetes_executor.py took 0.161 seconds
[2025-07-16T23:49:40.112+0000] {processor.py:161} INFO - Started process (PID=2059) to work on /home/airflow/.local/lib/python3.8/site-packages/airflow/example_dags/example_local_kubernetes_executor.py
[2025-07-16T23:49:40.113+0000] {processor.py:830} INFO - Processing file /home/airflow/.local/lib/python3.8/site-packages/airflow/example_dags/example_local_kubernetes_executor.py for tasks to queue
[2025-07-16T23:49:40.117+0000] {logging_mixin.py:188} INFO - [2025-07-16T23:49:40.116+0000] {dagbag.py:538} INFO - Filling up the DagBag from /home/airflow/.local/lib/python3.8/site-packages/airflow/example_dags/example_local_kubernetes_executor.py
[2025-07-16T23:49:40.130+0000] {processor.py:840} INFO - DAG(s) 'example_local_kubernetes_executor' retrieved from /home/airflow/.local/lib/python3.8/site-packages/airflow/example_dags/example_local_kubernetes_executor.py
[2025-07-16T23:49:40.187+0000] {logging_mixin.py:188} INFO - [2025-07-16T23:49:40.186+0000] {dag.py:3036} INFO - Sync 1 DAGs
[2025-07-16T23:49:40.209+0000] {logging_mixin.py:188} INFO - [2025-07-16T23:49:40.208+0000] {dag.py:3823} INFO - Setting next_dagrun for example_local_kubernetes_executor to None, run_after=None
[2025-07-16T23:49:40.247+0000] {processor.py:183} INFO - Processing /home/airflow/.local/lib/python3.8/site-packages/airflow/example_dags/example_local_kubernetes_executor.py took 0.141 seconds
[2025-07-16T23:50:11.096+0000] {processor.py:161} INFO - Started process (PID=2122) to work on /home/airflow/.local/lib/python3.8/site-packages/airflow/example_dags/example_local_kubernetes_executor.py
[2025-07-16T23:50:11.097+0000] {processor.py:830} INFO - Processing file /home/airflow/.local/lib/python3.8/site-packages/airflow/example_dags/example_local_kubernetes_executor.py for tasks to queue
[2025-07-16T23:50:11.101+0000] {logging_mixin.py:188} INFO - [2025-07-16T23:50:11.101+0000] {dagbag.py:538} INFO - Filling up the DagBag from /home/airflow/.local/lib/python3.8/site-packages/airflow/example_dags/example_local_kubernetes_executor.py
[2025-07-16T23:50:11.114+0000] {processor.py:840} INFO - DAG(s) 'example_local_kubernetes_executor' retrieved from /home/airflow/.local/lib/python3.8/site-packages/airflow/example_dags/example_local_kubernetes_executor.py
[2025-07-16T23:50:11.183+0000] {logging_mixin.py:188} INFO - [2025-07-16T23:50:11.182+0000] {dag.py:3036} INFO - Sync 1 DAGs
[2025-07-16T23:50:11.205+0000] {logging_mixin.py:188} INFO - [2025-07-16T23:50:11.205+0000] {dag.py:3823} INFO - Setting next_dagrun for example_local_kubernetes_executor to None, run_after=None
[2025-07-16T23:50:11.249+0000] {processor.py:183} INFO - Processing /home/airflow/.local/lib/python3.8/site-packages/airflow/example_dags/example_local_kubernetes_executor.py took 0.159 seconds
[2025-07-16T23:50:41.465+0000] {processor.py:161} INFO - Started process (PID=2187) to work on /home/airflow/.local/lib/python3.8/site-packages/airflow/example_dags/example_local_kubernetes_executor.py
[2025-07-16T23:50:41.467+0000] {processor.py:830} INFO - Processing file /home/airflow/.local/lib/python3.8/site-packages/airflow/example_dags/example_local_kubernetes_executor.py for tasks to queue
[2025-07-16T23:50:41.471+0000] {logging_mixin.py:188} INFO - [2025-07-16T23:50:41.471+0000] {dagbag.py:538} INFO - Filling up the DagBag from /home/airflow/.local/lib/python3.8/site-packages/airflow/example_dags/example_local_kubernetes_executor.py
[2025-07-16T23:50:41.486+0000] {processor.py:840} INFO - DAG(s) 'example_local_kubernetes_executor' retrieved from /home/airflow/.local/lib/python3.8/site-packages/airflow/example_dags/example_local_kubernetes_executor.py
[2025-07-16T23:50:41.558+0000] {logging_mixin.py:188} INFO - [2025-07-16T23:50:41.558+0000] {dag.py:3036} INFO - Sync 1 DAGs
[2025-07-16T23:50:41.585+0000] {logging_mixin.py:188} INFO - [2025-07-16T23:50:41.585+0000] {dag.py:3823} INFO - Setting next_dagrun for example_local_kubernetes_executor to None, run_after=None
[2025-07-16T23:50:41.621+0000] {processor.py:183} INFO - Processing /home/airflow/.local/lib/python3.8/site-packages/airflow/example_dags/example_local_kubernetes_executor.py took 0.162 seconds
[2025-07-16T23:51:12.139+0000] {processor.py:161} INFO - Started process (PID=2253) to work on /home/airflow/.local/lib/python3.8/site-packages/airflow/example_dags/example_local_kubernetes_executor.py
[2025-07-16T23:51:12.140+0000] {processor.py:830} INFO - Processing file /home/airflow/.local/lib/python3.8/site-packages/airflow/example_dags/example_local_kubernetes_executor.py for tasks to queue
[2025-07-16T23:51:12.144+0000] {logging_mixin.py:188} INFO - [2025-07-16T23:51:12.143+0000] {dagbag.py:538} INFO - Filling up the DagBag from /home/airflow/.local/lib/python3.8/site-packages/airflow/example_dags/example_local_kubernetes_executor.py
[2025-07-16T23:51:12.155+0000] {processor.py:840} INFO - DAG(s) 'example_local_kubernetes_executor' retrieved from /home/airflow/.local/lib/python3.8/site-packages/airflow/example_dags/example_local_kubernetes_executor.py
[2025-07-16T23:51:12.213+0000] {logging_mixin.py:188} INFO - [2025-07-16T23:51:12.213+0000] {dag.py:3036} INFO - Sync 1 DAGs
[2025-07-16T23:51:12.238+0000] {logging_mixin.py:188} INFO - [2025-07-16T23:51:12.237+0000] {dag.py:3823} INFO - Setting next_dagrun for example_local_kubernetes_executor to None, run_after=None
[2025-07-16T23:51:12.277+0000] {processor.py:183} INFO - Processing /home/airflow/.local/lib/python3.8/site-packages/airflow/example_dags/example_local_kubernetes_executor.py took 0.144 seconds
[2025-07-16T23:51:42.386+0000] {processor.py:161} INFO - Started process (PID=2319) to work on /home/airflow/.local/lib/python3.8/site-packages/airflow/example_dags/example_local_kubernetes_executor.py
[2025-07-16T23:51:42.389+0000] {processor.py:830} INFO - Processing file /home/airflow/.local/lib/python3.8/site-packages/airflow/example_dags/example_local_kubernetes_executor.py for tasks to queue
[2025-07-16T23:51:42.394+0000] {logging_mixin.py:188} INFO - [2025-07-16T23:51:42.394+0000] {dagbag.py:538} INFO - Filling up the DagBag from /home/airflow/.local/lib/python3.8/site-packages/airflow/example_dags/example_local_kubernetes_executor.py
[2025-07-16T23:51:42.408+0000] {processor.py:840} INFO - DAG(s) 'example_local_kubernetes_executor' retrieved from /home/airflow/.local/lib/python3.8/site-packages/airflow/example_dags/example_local_kubernetes_executor.py
[2025-07-16T23:51:42.483+0000] {logging_mixin.py:188} INFO - [2025-07-16T23:51:42.483+0000] {dag.py:3036} INFO - Sync 1 DAGs
[2025-07-16T23:51:42.737+0000] {logging_mixin.py:188} INFO - [2025-07-16T23:51:42.737+0000] {dag.py:3823} INFO - Setting next_dagrun for example_local_kubernetes_executor to None, run_after=None
[2025-07-16T23:51:42.778+0000] {processor.py:183} INFO - Processing /home/airflow/.local/lib/python3.8/site-packages/airflow/example_dags/example_local_kubernetes_executor.py took 0.398 seconds
[2025-07-16T23:52:12.917+0000] {processor.py:161} INFO - Started process (PID=2385) to work on /home/airflow/.local/lib/python3.8/site-packages/airflow/example_dags/example_local_kubernetes_executor.py
[2025-07-16T23:52:12.920+0000] {processor.py:830} INFO - Processing file /home/airflow/.local/lib/python3.8/site-packages/airflow/example_dags/example_local_kubernetes_executor.py for tasks to queue
[2025-07-16T23:52:12.925+0000] {logging_mixin.py:188} INFO - [2025-07-16T23:52:12.924+0000] {dagbag.py:538} INFO - Filling up the DagBag from /home/airflow/.local/lib/python3.8/site-packages/airflow/example_dags/example_local_kubernetes_executor.py
[2025-07-16T23:52:12.939+0000] {processor.py:840} INFO - DAG(s) 'example_local_kubernetes_executor' retrieved from /home/airflow/.local/lib/python3.8/site-packages/airflow/example_dags/example_local_kubernetes_executor.py
[2025-07-16T23:52:13.011+0000] {logging_mixin.py:188} INFO - [2025-07-16T23:52:13.011+0000] {dag.py:3036} INFO - Sync 1 DAGs
[2025-07-16T23:52:13.037+0000] {logging_mixin.py:188} INFO - [2025-07-16T23:52:13.037+0000] {dag.py:3823} INFO - Setting next_dagrun for example_local_kubernetes_executor to None, run_after=None
[2025-07-16T23:52:13.306+0000] {processor.py:183} INFO - Processing /home/airflow/.local/lib/python3.8/site-packages/airflow/example_dags/example_local_kubernetes_executor.py took 0.394 seconds
[2025-07-16T23:52:43.445+0000] {processor.py:161} INFO - Started process (PID=2451) to work on /home/airflow/.local/lib/python3.8/site-packages/airflow/example_dags/example_local_kubernetes_executor.py
[2025-07-16T23:52:43.447+0000] {processor.py:830} INFO - Processing file /home/airflow/.local/lib/python3.8/site-packages/airflow/example_dags/example_local_kubernetes_executor.py for tasks to queue
[2025-07-16T23:52:43.451+0000] {logging_mixin.py:188} INFO - [2025-07-16T23:52:43.451+0000] {dagbag.py:538} INFO - Filling up the DagBag from /home/airflow/.local/lib/python3.8/site-packages/airflow/example_dags/example_local_kubernetes_executor.py
[2025-07-16T23:52:43.465+0000] {processor.py:840} INFO - DAG(s) 'example_local_kubernetes_executor' retrieved from /home/airflow/.local/lib/python3.8/site-packages/airflow/example_dags/example_local_kubernetes_executor.py
[2025-07-16T23:52:43.519+0000] {logging_mixin.py:188} INFO - [2025-07-16T23:52:43.519+0000] {dag.py:3036} INFO - Sync 1 DAGs
[2025-07-16T23:52:43.541+0000] {logging_mixin.py:188} INFO - [2025-07-16T23:52:43.540+0000] {dag.py:3823} INFO - Setting next_dagrun for example_local_kubernetes_executor to None, run_after=None
[2025-07-16T23:52:43.573+0000] {processor.py:183} INFO - Processing /home/airflow/.local/lib/python3.8/site-packages/airflow/example_dags/example_local_kubernetes_executor.py took 0.134 seconds
[2025-07-16T23:53:14.065+0000] {processor.py:161} INFO - Started process (PID=2513) to work on /home/airflow/.local/lib/python3.8/site-packages/airflow/example_dags/example_local_kubernetes_executor.py
[2025-07-16T23:53:14.067+0000] {processor.py:830} INFO - Processing file /home/airflow/.local/lib/python3.8/site-packages/airflow/example_dags/example_local_kubernetes_executor.py for tasks to queue
[2025-07-16T23:53:14.072+0000] {logging_mixin.py:188} INFO - [2025-07-16T23:53:14.071+0000] {dagbag.py:538} INFO - Filling up the DagBag from /home/airflow/.local/lib/python3.8/site-packages/airflow/example_dags/example_local_kubernetes_executor.py
[2025-07-16T23:53:14.084+0000] {processor.py:840} INFO - DAG(s) 'example_local_kubernetes_executor' retrieved from /home/airflow/.local/lib/python3.8/site-packages/airflow/example_dags/example_local_kubernetes_executor.py
[2025-07-16T23:53:14.156+0000] {logging_mixin.py:188} INFO - [2025-07-16T23:53:14.156+0000] {dag.py:3036} INFO - Sync 1 DAGs
[2025-07-16T23:53:14.178+0000] {logging_mixin.py:188} INFO - [2025-07-16T23:53:14.178+0000] {dag.py:3823} INFO - Setting next_dagrun for example_local_kubernetes_executor to None, run_after=None
[2025-07-16T23:53:14.224+0000] {processor.py:183} INFO - Processing /home/airflow/.local/lib/python3.8/site-packages/airflow/example_dags/example_local_kubernetes_executor.py took 0.166 seconds
[2025-07-16T23:53:44.309+0000] {processor.py:161} INFO - Started process (PID=2577) to work on /home/airflow/.local/lib/python3.8/site-packages/airflow/example_dags/example_local_kubernetes_executor.py
[2025-07-16T23:53:44.310+0000] {processor.py:830} INFO - Processing file /home/airflow/.local/lib/python3.8/site-packages/airflow/example_dags/example_local_kubernetes_executor.py for tasks to queue
[2025-07-16T23:53:44.315+0000] {logging_mixin.py:188} INFO - [2025-07-16T23:53:44.314+0000] {dagbag.py:538} INFO - Filling up the DagBag from /home/airflow/.local/lib/python3.8/site-packages/airflow/example_dags/example_local_kubernetes_executor.py
[2025-07-16T23:53:44.328+0000] {processor.py:840} INFO - DAG(s) 'example_local_kubernetes_executor' retrieved from /home/airflow/.local/lib/python3.8/site-packages/airflow/example_dags/example_local_kubernetes_executor.py
[2025-07-16T23:53:44.378+0000] {logging_mixin.py:188} INFO - [2025-07-16T23:53:44.377+0000] {dag.py:3036} INFO - Sync 1 DAGs
[2025-07-16T23:53:44.399+0000] {logging_mixin.py:188} INFO - [2025-07-16T23:53:44.399+0000] {dag.py:3823} INFO - Setting next_dagrun for example_local_kubernetes_executor to None, run_after=None
[2025-07-16T23:53:44.428+0000] {processor.py:183} INFO - Processing /home/airflow/.local/lib/python3.8/site-packages/airflow/example_dags/example_local_kubernetes_executor.py took 0.126 seconds
[2025-07-16T23:54:14.999+0000] {processor.py:161} INFO - Started process (PID=2643) to work on /home/airflow/.local/lib/python3.8/site-packages/airflow/example_dags/example_local_kubernetes_executor.py
[2025-07-16T23:54:15.000+0000] {processor.py:830} INFO - Processing file /home/airflow/.local/lib/python3.8/site-packages/airflow/example_dags/example_local_kubernetes_executor.py for tasks to queue
[2025-07-16T23:54:15.004+0000] {logging_mixin.py:188} INFO - [2025-07-16T23:54:15.003+0000] {dagbag.py:538} INFO - Filling up the DagBag from /home/airflow/.local/lib/python3.8/site-packages/airflow/example_dags/example_local_kubernetes_executor.py
[2025-07-16T23:54:15.018+0000] {processor.py:840} INFO - DAG(s) 'example_local_kubernetes_executor' retrieved from /home/airflow/.local/lib/python3.8/site-packages/airflow/example_dags/example_local_kubernetes_executor.py
[2025-07-16T23:54:15.088+0000] {logging_mixin.py:188} INFO - [2025-07-16T23:54:15.087+0000] {dag.py:3036} INFO - Sync 1 DAGs
[2025-07-16T23:54:15.113+0000] {logging_mixin.py:188} INFO - [2025-07-16T23:54:15.112+0000] {dag.py:3823} INFO - Setting next_dagrun for example_local_kubernetes_executor to None, run_after=None
[2025-07-16T23:54:15.149+0000] {processor.py:183} INFO - Processing /home/airflow/.local/lib/python3.8/site-packages/airflow/example_dags/example_local_kubernetes_executor.py took 0.156 seconds
[2025-07-16T23:54:45.368+0000] {processor.py:161} INFO - Started process (PID=2709) to work on /home/airflow/.local/lib/python3.8/site-packages/airflow/example_dags/example_local_kubernetes_executor.py
[2025-07-16T23:54:45.370+0000] {processor.py:830} INFO - Processing file /home/airflow/.local/lib/python3.8/site-packages/airflow/example_dags/example_local_kubernetes_executor.py for tasks to queue
[2025-07-16T23:54:45.375+0000] {logging_mixin.py:188} INFO - [2025-07-16T23:54:45.374+0000] {dagbag.py:538} INFO - Filling up the DagBag from /home/airflow/.local/lib/python3.8/site-packages/airflow/example_dags/example_local_kubernetes_executor.py
[2025-07-16T23:54:45.391+0000] {processor.py:840} INFO - DAG(s) 'example_local_kubernetes_executor' retrieved from /home/airflow/.local/lib/python3.8/site-packages/airflow/example_dags/example_local_kubernetes_executor.py
[2025-07-16T23:54:45.464+0000] {logging_mixin.py:188} INFO - [2025-07-16T23:54:45.464+0000] {dag.py:3036} INFO - Sync 1 DAGs
[2025-07-16T23:54:45.489+0000] {logging_mixin.py:188} INFO - [2025-07-16T23:54:45.489+0000] {dag.py:3823} INFO - Setting next_dagrun for example_local_kubernetes_executor to None, run_after=None
[2025-07-16T23:54:45.532+0000] {processor.py:183} INFO - Processing /home/airflow/.local/lib/python3.8/site-packages/airflow/example_dags/example_local_kubernetes_executor.py took 0.171 seconds
[2025-07-16T23:55:15.641+0000] {processor.py:161} INFO - Started process (PID=2775) to work on /home/airflow/.local/lib/python3.8/site-packages/airflow/example_dags/example_local_kubernetes_executor.py
[2025-07-16T23:55:15.642+0000] {processor.py:830} INFO - Processing file /home/airflow/.local/lib/python3.8/site-packages/airflow/example_dags/example_local_kubernetes_executor.py for tasks to queue
[2025-07-16T23:55:15.647+0000] {logging_mixin.py:188} INFO - [2025-07-16T23:55:15.646+0000] {dagbag.py:538} INFO - Filling up the DagBag from /home/airflow/.local/lib/python3.8/site-packages/airflow/example_dags/example_local_kubernetes_executor.py
[2025-07-16T23:55:15.660+0000] {processor.py:840} INFO - DAG(s) 'example_local_kubernetes_executor' retrieved from /home/airflow/.local/lib/python3.8/site-packages/airflow/example_dags/example_local_kubernetes_executor.py
[2025-07-16T23:55:15.732+0000] {logging_mixin.py:188} INFO - [2025-07-16T23:55:15.732+0000] {dag.py:3036} INFO - Sync 1 DAGs
[2025-07-16T23:55:15.757+0000] {logging_mixin.py:188} INFO - [2025-07-16T23:55:15.757+0000] {dag.py:3823} INFO - Setting next_dagrun for example_local_kubernetes_executor to None, run_after=None
[2025-07-16T23:55:15.803+0000] {processor.py:183} INFO - Processing /home/airflow/.local/lib/python3.8/site-packages/airflow/example_dags/example_local_kubernetes_executor.py took 0.169 seconds
[2025-07-16T23:55:45.881+0000] {processor.py:161} INFO - Started process (PID=2841) to work on /home/airflow/.local/lib/python3.8/site-packages/airflow/example_dags/example_local_kubernetes_executor.py
[2025-07-16T23:55:45.883+0000] {processor.py:830} INFO - Processing file /home/airflow/.local/lib/python3.8/site-packages/airflow/example_dags/example_local_kubernetes_executor.py for tasks to queue
[2025-07-16T23:55:45.887+0000] {logging_mixin.py:188} INFO - [2025-07-16T23:55:45.886+0000] {dagbag.py:538} INFO - Filling up the DagBag from /home/airflow/.local/lib/python3.8/site-packages/airflow/example_dags/example_local_kubernetes_executor.py
[2025-07-16T23:55:45.899+0000] {processor.py:840} INFO - DAG(s) 'example_local_kubernetes_executor' retrieved from /home/airflow/.local/lib/python3.8/site-packages/airflow/example_dags/example_local_kubernetes_executor.py
[2025-07-16T23:55:45.960+0000] {logging_mixin.py:188} INFO - [2025-07-16T23:55:45.960+0000] {dag.py:3036} INFO - Sync 1 DAGs
[2025-07-16T23:55:45.985+0000] {logging_mixin.py:188} INFO - [2025-07-16T23:55:45.984+0000] {dag.py:3823} INFO - Setting next_dagrun for example_local_kubernetes_executor to None, run_after=None
[2025-07-16T23:55:46.035+0000] {processor.py:183} INFO - Processing /home/airflow/.local/lib/python3.8/site-packages/airflow/example_dags/example_local_kubernetes_executor.py took 0.160 seconds
[2025-07-16T23:56:16.576+0000] {processor.py:161} INFO - Started process (PID=2911) to work on /home/airflow/.local/lib/python3.8/site-packages/airflow/example_dags/example_local_kubernetes_executor.py
[2025-07-16T23:56:16.581+0000] {processor.py:830} INFO - Processing file /home/airflow/.local/lib/python3.8/site-packages/airflow/example_dags/example_local_kubernetes_executor.py for tasks to queue
[2025-07-16T23:56:16.594+0000] {logging_mixin.py:188} INFO - [2025-07-16T23:56:16.593+0000] {dagbag.py:538} INFO - Filling up the DagBag from /home/airflow/.local/lib/python3.8/site-packages/airflow/example_dags/example_local_kubernetes_executor.py
[2025-07-16T23:56:16.639+0000] {processor.py:840} INFO - DAG(s) 'example_local_kubernetes_executor' retrieved from /home/airflow/.local/lib/python3.8/site-packages/airflow/example_dags/example_local_kubernetes_executor.py
[2025-07-16T23:56:16.791+0000] {logging_mixin.py:188} INFO - [2025-07-16T23:56:16.790+0000] {dag.py:3036} INFO - Sync 1 DAGs
[2025-07-16T23:56:16.847+0000] {logging_mixin.py:188} INFO - [2025-07-16T23:56:16.847+0000] {dag.py:3823} INFO - Setting next_dagrun for example_local_kubernetes_executor to None, run_after=None
[2025-07-16T23:56:16.908+0000] {processor.py:183} INFO - Processing /home/airflow/.local/lib/python3.8/site-packages/airflow/example_dags/example_local_kubernetes_executor.py took 0.342 seconds
[2025-07-16T23:56:47.068+0000] {processor.py:161} INFO - Started process (PID=2972) to work on /home/airflow/.local/lib/python3.8/site-packages/airflow/example_dags/example_local_kubernetes_executor.py
[2025-07-16T23:56:47.069+0000] {processor.py:830} INFO - Processing file /home/airflow/.local/lib/python3.8/site-packages/airflow/example_dags/example_local_kubernetes_executor.py for tasks to queue
[2025-07-16T23:56:47.074+0000] {logging_mixin.py:188} INFO - [2025-07-16T23:56:47.073+0000] {dagbag.py:538} INFO - Filling up the DagBag from /home/airflow/.local/lib/python3.8/site-packages/airflow/example_dags/example_local_kubernetes_executor.py
[2025-07-16T23:56:47.088+0000] {processor.py:840} INFO - DAG(s) 'example_local_kubernetes_executor' retrieved from /home/airflow/.local/lib/python3.8/site-packages/airflow/example_dags/example_local_kubernetes_executor.py
[2025-07-16T23:56:47.155+0000] {logging_mixin.py:188} INFO - [2025-07-16T23:56:47.155+0000] {dag.py:3036} INFO - Sync 1 DAGs
[2025-07-16T23:56:47.183+0000] {logging_mixin.py:188} INFO - [2025-07-16T23:56:47.183+0000] {dag.py:3823} INFO - Setting next_dagrun for example_local_kubernetes_executor to None, run_after=None
[2025-07-16T23:56:47.228+0000] {processor.py:183} INFO - Processing /home/airflow/.local/lib/python3.8/site-packages/airflow/example_dags/example_local_kubernetes_executor.py took 0.166 seconds
[2025-07-16T23:57:17.376+0000] {processor.py:161} INFO - Started process (PID=3038) to work on /home/airflow/.local/lib/python3.8/site-packages/airflow/example_dags/example_local_kubernetes_executor.py
[2025-07-16T23:57:17.378+0000] {processor.py:830} INFO - Processing file /home/airflow/.local/lib/python3.8/site-packages/airflow/example_dags/example_local_kubernetes_executor.py for tasks to queue
[2025-07-16T23:57:17.383+0000] {logging_mixin.py:188} INFO - [2025-07-16T23:57:17.382+0000] {dagbag.py:538} INFO - Filling up the DagBag from /home/airflow/.local/lib/python3.8/site-packages/airflow/example_dags/example_local_kubernetes_executor.py
[2025-07-16T23:57:17.395+0000] {processor.py:840} INFO - DAG(s) 'example_local_kubernetes_executor' retrieved from /home/airflow/.local/lib/python3.8/site-packages/airflow/example_dags/example_local_kubernetes_executor.py
[2025-07-16T23:57:17.461+0000] {logging_mixin.py:188} INFO - [2025-07-16T23:57:17.460+0000] {dag.py:3036} INFO - Sync 1 DAGs
[2025-07-16T23:57:17.484+0000] {logging_mixin.py:188} INFO - [2025-07-16T23:57:17.484+0000] {dag.py:3823} INFO - Setting next_dagrun for example_local_kubernetes_executor to None, run_after=None
[2025-07-16T23:57:17.523+0000] {processor.py:183} INFO - Processing /home/airflow/.local/lib/python3.8/site-packages/airflow/example_dags/example_local_kubernetes_executor.py took 0.153 seconds
[2025-07-16T23:57:47.838+0000] {processor.py:161} INFO - Started process (PID=3105) to work on /home/airflow/.local/lib/python3.8/site-packages/airflow/example_dags/example_local_kubernetes_executor.py
[2025-07-16T23:57:47.839+0000] {processor.py:830} INFO - Processing file /home/airflow/.local/lib/python3.8/site-packages/airflow/example_dags/example_local_kubernetes_executor.py for tasks to queue
[2025-07-16T23:57:47.843+0000] {logging_mixin.py:188} INFO - [2025-07-16T23:57:47.843+0000] {dagbag.py:538} INFO - Filling up the DagBag from /home/airflow/.local/lib/python3.8/site-packages/airflow/example_dags/example_local_kubernetes_executor.py
[2025-07-16T23:57:47.855+0000] {processor.py:840} INFO - DAG(s) 'example_local_kubernetes_executor' retrieved from /home/airflow/.local/lib/python3.8/site-packages/airflow/example_dags/example_local_kubernetes_executor.py
[2025-07-16T23:57:47.910+0000] {logging_mixin.py:188} INFO - [2025-07-16T23:57:47.909+0000] {dag.py:3036} INFO - Sync 1 DAGs
[2025-07-16T23:57:47.930+0000] {logging_mixin.py:188} INFO - [2025-07-16T23:57:47.930+0000] {dag.py:3823} INFO - Setting next_dagrun for example_local_kubernetes_executor to None, run_after=None
[2025-07-16T23:57:47.970+0000] {processor.py:183} INFO - Processing /home/airflow/.local/lib/python3.8/site-packages/airflow/example_dags/example_local_kubernetes_executor.py took 0.138 seconds
[2025-07-16T23:58:18.428+0000] {processor.py:161} INFO - Started process (PID=3171) to work on /home/airflow/.local/lib/python3.8/site-packages/airflow/example_dags/example_local_kubernetes_executor.py
[2025-07-16T23:58:18.430+0000] {processor.py:830} INFO - Processing file /home/airflow/.local/lib/python3.8/site-packages/airflow/example_dags/example_local_kubernetes_executor.py for tasks to queue
[2025-07-16T23:58:18.434+0000] {logging_mixin.py:188} INFO - [2025-07-16T23:58:18.434+0000] {dagbag.py:538} INFO - Filling up the DagBag from /home/airflow/.local/lib/python3.8/site-packages/airflow/example_dags/example_local_kubernetes_executor.py
[2025-07-16T23:58:18.453+0000] {processor.py:840} INFO - DAG(s) 'example_local_kubernetes_executor' retrieved from /home/airflow/.local/lib/python3.8/site-packages/airflow/example_dags/example_local_kubernetes_executor.py
[2025-07-16T23:58:18.512+0000] {logging_mixin.py:188} INFO - [2025-07-16T23:58:18.512+0000] {dag.py:3036} INFO - Sync 1 DAGs
[2025-07-16T23:58:18.533+0000] {logging_mixin.py:188} INFO - [2025-07-16T23:58:18.532+0000] {dag.py:3823} INFO - Setting next_dagrun for example_local_kubernetes_executor to None, run_after=None
[2025-07-16T23:58:18.565+0000] {processor.py:183} INFO - Processing /home/airflow/.local/lib/python3.8/site-packages/airflow/example_dags/example_local_kubernetes_executor.py took 0.143 seconds
[2025-07-16T23:58:48.696+0000] {processor.py:161} INFO - Started process (PID=3236) to work on /home/airflow/.local/lib/python3.8/site-packages/airflow/example_dags/example_local_kubernetes_executor.py
[2025-07-16T23:58:48.698+0000] {processor.py:830} INFO - Processing file /home/airflow/.local/lib/python3.8/site-packages/airflow/example_dags/example_local_kubernetes_executor.py for tasks to queue
[2025-07-16T23:58:48.702+0000] {logging_mixin.py:188} INFO - [2025-07-16T23:58:48.701+0000] {dagbag.py:538} INFO - Filling up the DagBag from /home/airflow/.local/lib/python3.8/site-packages/airflow/example_dags/example_local_kubernetes_executor.py
[2025-07-16T23:58:48.718+0000] {processor.py:840} INFO - DAG(s) 'example_local_kubernetes_executor' retrieved from /home/airflow/.local/lib/python3.8/site-packages/airflow/example_dags/example_local_kubernetes_executor.py
[2025-07-16T23:58:48.785+0000] {logging_mixin.py:188} INFO - [2025-07-16T23:58:48.785+0000] {dag.py:3036} INFO - Sync 1 DAGs
[2025-07-16T23:58:48.820+0000] {logging_mixin.py:188} INFO - [2025-07-16T23:58:48.820+0000] {dag.py:3823} INFO - Setting next_dagrun for example_local_kubernetes_executor to None, run_after=None
[2025-07-16T23:58:48.865+0000] {processor.py:183} INFO - Processing /home/airflow/.local/lib/python3.8/site-packages/airflow/example_dags/example_local_kubernetes_executor.py took 0.174 seconds
[2025-07-16T23:59:19.731+0000] {processor.py:161} INFO - Started process (PID=3301) to work on /home/airflow/.local/lib/python3.8/site-packages/airflow/example_dags/example_local_kubernetes_executor.py
[2025-07-16T23:59:19.733+0000] {processor.py:830} INFO - Processing file /home/airflow/.local/lib/python3.8/site-packages/airflow/example_dags/example_local_kubernetes_executor.py for tasks to queue
[2025-07-16T23:59:19.737+0000] {logging_mixin.py:188} INFO - [2025-07-16T23:59:19.737+0000] {dagbag.py:538} INFO - Filling up the DagBag from /home/airflow/.local/lib/python3.8/site-packages/airflow/example_dags/example_local_kubernetes_executor.py
[2025-07-16T23:59:19.761+0000] {processor.py:840} INFO - DAG(s) 'example_local_kubernetes_executor' retrieved from /home/airflow/.local/lib/python3.8/site-packages/airflow/example_dags/example_local_kubernetes_executor.py
[2025-07-16T23:59:19.831+0000] {logging_mixin.py:188} INFO - [2025-07-16T23:59:19.831+0000] {dag.py:3036} INFO - Sync 1 DAGs
[2025-07-16T23:59:19.858+0000] {logging_mixin.py:188} INFO - [2025-07-16T23:59:19.857+0000] {dag.py:3823} INFO - Setting next_dagrun for example_local_kubernetes_executor to None, run_after=None
[2025-07-16T23:59:19.894+0000] {processor.py:183} INFO - Processing /home/airflow/.local/lib/python3.8/site-packages/airflow/example_dags/example_local_kubernetes_executor.py took 0.169 seconds
[2025-07-16T23:59:50.613+0000] {processor.py:161} INFO - Started process (PID=3364) to work on /home/airflow/.local/lib/python3.8/site-packages/airflow/example_dags/example_local_kubernetes_executor.py
[2025-07-16T23:59:50.615+0000] {processor.py:830} INFO - Processing file /home/airflow/.local/lib/python3.8/site-packages/airflow/example_dags/example_local_kubernetes_executor.py for tasks to queue
[2025-07-16T23:59:50.618+0000] {logging_mixin.py:188} INFO - [2025-07-16T23:59:50.618+0000] {dagbag.py:538} INFO - Filling up the DagBag from /home/airflow/.local/lib/python3.8/site-packages/airflow/example_dags/example_local_kubernetes_executor.py
[2025-07-16T23:59:50.633+0000] {processor.py:840} INFO - DAG(s) 'example_local_kubernetes_executor' retrieved from /home/airflow/.local/lib/python3.8/site-packages/airflow/example_dags/example_local_kubernetes_executor.py
[2025-07-16T23:59:50.695+0000] {logging_mixin.py:188} INFO - [2025-07-16T23:59:50.694+0000] {dag.py:3036} INFO - Sync 1 DAGs
[2025-07-16T23:59:50.714+0000] {logging_mixin.py:188} INFO - [2025-07-16T23:59:50.714+0000] {dag.py:3823} INFO - Setting next_dagrun for example_local_kubernetes_executor to None, run_after=None
[2025-07-16T23:59:50.751+0000] {processor.py:183} INFO - Processing /home/airflow/.local/lib/python3.8/site-packages/airflow/example_dags/example_local_kubernetes_executor.py took 0.143 seconds
