[2025-07-16T15:02:04.588+0000] {processor.py:161} INFO - Started process (PID=86) to work on /home/airflow/.local/lib/python3.8/site-packages/airflow/example_dags/example_bash_operator.py
[2025-07-16T15:02:04.607+0000] {processor.py:830} INFO - Processing file /home/airflow/.local/lib/python3.8/site-packages/airflow/example_dags/example_bash_operator.py for tasks to queue
[2025-07-16T15:02:04.611+0000] {logging_mixin.py:188} INFO - [2025-07-16T15:02:04.610+0000] {dagbag.py:538} INFO - Filling up the DagBag from /home/airflow/.local/lib/python3.8/site-packages/airflow/example_dags/example_bash_operator.py
[2025-07-16T15:02:04.734+0000] {processor.py:840} INFO - DAG(s) 'example_bash_operator' retrieved from /home/airflow/.local/lib/python3.8/site-packages/airflow/example_dags/example_bash_operator.py
[2025-07-16T15:02:04.927+0000] {logging_mixin.py:188} INFO - [2025-07-16T15:02:04.926+0000] {dag.py:3036} INFO - Sync 1 DAGs
[2025-07-16T15:02:05.074+0000] {logging_mixin.py:188} INFO - [2025-07-16T15:02:05.073+0000] {dag.py:3823} INFO - Setting next_dagrun for example_bash_operator to 2025-07-15 00:00:00+00:00, run_after=2025-07-16 00:00:00+00:00
[2025-07-16T15:02:05.147+0000] {processor.py:183} INFO - Processing /home/airflow/.local/lib/python3.8/site-packages/airflow/example_dags/example_bash_operator.py took 0.597 seconds
[2025-07-16T15:02:35.753+0000] {processor.py:161} INFO - Started process (PID=150) to work on /home/airflow/.local/lib/python3.8/site-packages/airflow/example_dags/example_bash_operator.py
[2025-07-16T15:02:35.754+0000] {processor.py:830} INFO - Processing file /home/airflow/.local/lib/python3.8/site-packages/airflow/example_dags/example_bash_operator.py for tasks to queue
[2025-07-16T15:02:35.757+0000] {logging_mixin.py:188} INFO - [2025-07-16T15:02:35.757+0000] {dagbag.py:538} INFO - Filling up the DagBag from /home/airflow/.local/lib/python3.8/site-packages/airflow/example_dags/example_bash_operator.py
[2025-07-16T15:02:35.777+0000] {processor.py:840} INFO - DAG(s) 'example_bash_operator' retrieved from /home/airflow/.local/lib/python3.8/site-packages/airflow/example_dags/example_bash_operator.py
[2025-07-16T15:02:35.820+0000] {logging_mixin.py:188} INFO - [2025-07-16T15:02:35.820+0000] {dag.py:3036} INFO - Sync 1 DAGs
[2025-07-16T15:02:35.855+0000] {logging_mixin.py:188} INFO - [2025-07-16T15:02:35.855+0000] {dag.py:3823} INFO - Setting next_dagrun for example_bash_operator to 2025-07-15 00:00:00+00:00, run_after=2025-07-16 00:00:00+00:00
[2025-07-16T15:02:35.886+0000] {processor.py:183} INFO - Processing /home/airflow/.local/lib/python3.8/site-packages/airflow/example_dags/example_bash_operator.py took 0.137 seconds
[2025-07-16T15:03:06.634+0000] {processor.py:161} INFO - Started process (PID=214) to work on /home/airflow/.local/lib/python3.8/site-packages/airflow/example_dags/example_bash_operator.py
[2025-07-16T15:03:06.635+0000] {processor.py:830} INFO - Processing file /home/airflow/.local/lib/python3.8/site-packages/airflow/example_dags/example_bash_operator.py for tasks to queue
[2025-07-16T15:03:06.639+0000] {logging_mixin.py:188} INFO - [2025-07-16T15:03:06.639+0000] {dagbag.py:538} INFO - Filling up the DagBag from /home/airflow/.local/lib/python3.8/site-packages/airflow/example_dags/example_bash_operator.py
[2025-07-16T15:03:06.655+0000] {processor.py:840} INFO - DAG(s) 'example_bash_operator' retrieved from /home/airflow/.local/lib/python3.8/site-packages/airflow/example_dags/example_bash_operator.py
[2025-07-16T15:03:06.695+0000] {logging_mixin.py:188} INFO - [2025-07-16T15:03:06.695+0000] {dag.py:3036} INFO - Sync 1 DAGs
[2025-07-16T15:03:06.730+0000] {logging_mixin.py:188} INFO - [2025-07-16T15:03:06.729+0000] {dag.py:3823} INFO - Setting next_dagrun for example_bash_operator to 2025-07-15 00:00:00+00:00, run_after=2025-07-16 00:00:00+00:00
[2025-07-16T15:03:06.764+0000] {processor.py:183} INFO - Processing /home/airflow/.local/lib/python3.8/site-packages/airflow/example_dags/example_bash_operator.py took 0.135 seconds
[2025-07-16T15:03:36.958+0000] {processor.py:161} INFO - Started process (PID=278) to work on /home/airflow/.local/lib/python3.8/site-packages/airflow/example_dags/example_bash_operator.py
[2025-07-16T15:03:36.960+0000] {processor.py:830} INFO - Processing file /home/airflow/.local/lib/python3.8/site-packages/airflow/example_dags/example_bash_operator.py for tasks to queue
[2025-07-16T15:03:36.963+0000] {logging_mixin.py:188} INFO - [2025-07-16T15:03:36.962+0000] {dagbag.py:538} INFO - Filling up the DagBag from /home/airflow/.local/lib/python3.8/site-packages/airflow/example_dags/example_bash_operator.py
[2025-07-16T15:03:36.983+0000] {processor.py:840} INFO - DAG(s) 'example_bash_operator' retrieved from /home/airflow/.local/lib/python3.8/site-packages/airflow/example_dags/example_bash_operator.py
[2025-07-16T15:03:37.043+0000] {logging_mixin.py:188} INFO - [2025-07-16T15:03:37.043+0000] {dag.py:3036} INFO - Sync 1 DAGs
[2025-07-16T15:03:37.092+0000] {logging_mixin.py:188} INFO - [2025-07-16T15:03:37.092+0000] {dag.py:3823} INFO - Setting next_dagrun for example_bash_operator to 2025-07-15 00:00:00+00:00, run_after=2025-07-16 00:00:00+00:00
[2025-07-16T15:03:37.129+0000] {processor.py:183} INFO - Processing /home/airflow/.local/lib/python3.8/site-packages/airflow/example_dags/example_bash_operator.py took 0.176 seconds
[2025-07-16T23:34:04.457+0000] {processor.py:161} INFO - Started process (PID=78) to work on /home/airflow/.local/lib/python3.8/site-packages/airflow/example_dags/example_bash_operator.py
[2025-07-16T23:34:04.469+0000] {processor.py:830} INFO - Processing file /home/airflow/.local/lib/python3.8/site-packages/airflow/example_dags/example_bash_operator.py for tasks to queue
[2025-07-16T23:34:04.481+0000] {logging_mixin.py:188} INFO - [2025-07-16T23:34:04.480+0000] {dagbag.py:538} INFO - Filling up the DagBag from /home/airflow/.local/lib/python3.8/site-packages/airflow/example_dags/example_bash_operator.py
[2025-07-16T23:34:04.603+0000] {processor.py:840} INFO - DAG(s) 'example_bash_operator' retrieved from /home/airflow/.local/lib/python3.8/site-packages/airflow/example_dags/example_bash_operator.py
[2025-07-16T23:34:04.791+0000] {logging_mixin.py:188} INFO - [2025-07-16T23:34:04.791+0000] {dag.py:3036} INFO - Sync 1 DAGs
[2025-07-16T23:34:04.910+0000] {logging_mixin.py:188} INFO - [2025-07-16T23:34:04.909+0000] {dag.py:3823} INFO - Setting next_dagrun for example_bash_operator to 2025-07-15 00:00:00+00:00, run_after=2025-07-16 00:00:00+00:00
[2025-07-16T23:34:05.000+0000] {processor.py:183} INFO - Processing /home/airflow/.local/lib/python3.8/site-packages/airflow/example_dags/example_bash_operator.py took 0.583 seconds
[2025-07-16T23:34:35.801+0000] {processor.py:161} INFO - Started process (PID=142) to work on /home/airflow/.local/lib/python3.8/site-packages/airflow/example_dags/example_bash_operator.py
[2025-07-16T23:34:35.802+0000] {processor.py:830} INFO - Processing file /home/airflow/.local/lib/python3.8/site-packages/airflow/example_dags/example_bash_operator.py for tasks to queue
[2025-07-16T23:34:35.807+0000] {logging_mixin.py:188} INFO - [2025-07-16T23:34:35.807+0000] {dagbag.py:538} INFO - Filling up the DagBag from /home/airflow/.local/lib/python3.8/site-packages/airflow/example_dags/example_bash_operator.py
[2025-07-16T23:34:35.832+0000] {processor.py:840} INFO - DAG(s) 'example_bash_operator' retrieved from /home/airflow/.local/lib/python3.8/site-packages/airflow/example_dags/example_bash_operator.py
[2025-07-16T23:34:35.892+0000] {logging_mixin.py:188} INFO - [2025-07-16T23:34:35.892+0000] {dag.py:3036} INFO - Sync 1 DAGs
[2025-07-16T23:34:35.952+0000] {logging_mixin.py:188} INFO - [2025-07-16T23:34:35.951+0000] {dag.py:3823} INFO - Setting next_dagrun for example_bash_operator to 2025-07-15 00:00:00+00:00, run_after=2025-07-16 00:00:00+00:00
[2025-07-16T23:34:35.980+0000] {processor.py:183} INFO - Processing /home/airflow/.local/lib/python3.8/site-packages/airflow/example_dags/example_bash_operator.py took 0.185 seconds
[2025-07-16T23:35:06.619+0000] {processor.py:161} INFO - Started process (PID=208) to work on /home/airflow/.local/lib/python3.8/site-packages/airflow/example_dags/example_bash_operator.py
[2025-07-16T23:35:06.621+0000] {processor.py:830} INFO - Processing file /home/airflow/.local/lib/python3.8/site-packages/airflow/example_dags/example_bash_operator.py for tasks to queue
[2025-07-16T23:35:06.623+0000] {logging_mixin.py:188} INFO - [2025-07-16T23:35:06.623+0000] {dagbag.py:538} INFO - Filling up the DagBag from /home/airflow/.local/lib/python3.8/site-packages/airflow/example_dags/example_bash_operator.py
[2025-07-16T23:35:06.639+0000] {processor.py:840} INFO - DAG(s) 'example_bash_operator' retrieved from /home/airflow/.local/lib/python3.8/site-packages/airflow/example_dags/example_bash_operator.py
[2025-07-16T23:35:06.682+0000] {logging_mixin.py:188} INFO - [2025-07-16T23:35:06.682+0000] {dag.py:3036} INFO - Sync 1 DAGs
[2025-07-16T23:35:06.711+0000] {logging_mixin.py:188} INFO - [2025-07-16T23:35:06.710+0000] {dag.py:3823} INFO - Setting next_dagrun for example_bash_operator to 2025-07-15 00:00:00+00:00, run_after=2025-07-16 00:00:00+00:00
[2025-07-16T23:35:06.739+0000] {processor.py:183} INFO - Processing /home/airflow/.local/lib/python3.8/site-packages/airflow/example_dags/example_bash_operator.py took 0.123 seconds
[2025-07-16T23:35:37.180+0000] {processor.py:161} INFO - Started process (PID=273) to work on /home/airflow/.local/lib/python3.8/site-packages/airflow/example_dags/example_bash_operator.py
[2025-07-16T23:35:37.187+0000] {processor.py:830} INFO - Processing file /home/airflow/.local/lib/python3.8/site-packages/airflow/example_dags/example_bash_operator.py for tasks to queue
[2025-07-16T23:35:37.199+0000] {logging_mixin.py:188} INFO - [2025-07-16T23:35:37.198+0000] {dagbag.py:538} INFO - Filling up the DagBag from /home/airflow/.local/lib/python3.8/site-packages/airflow/example_dags/example_bash_operator.py
[2025-07-16T23:35:37.238+0000] {processor.py:840} INFO - DAG(s) 'example_bash_operator' retrieved from /home/airflow/.local/lib/python3.8/site-packages/airflow/example_dags/example_bash_operator.py
[2025-07-16T23:35:37.320+0000] {logging_mixin.py:188} INFO - [2025-07-16T23:35:37.319+0000] {dag.py:3036} INFO - Sync 1 DAGs
[2025-07-16T23:35:37.358+0000] {logging_mixin.py:188} INFO - [2025-07-16T23:35:37.357+0000] {dag.py:3823} INFO - Setting next_dagrun for example_bash_operator to 2025-07-15 00:00:00+00:00, run_after=2025-07-16 00:00:00+00:00
[2025-07-16T23:35:37.397+0000] {processor.py:183} INFO - Processing /home/airflow/.local/lib/python3.8/site-packages/airflow/example_dags/example_bash_operator.py took 0.225 seconds
[2025-07-16T23:36:07.867+0000] {processor.py:161} INFO - Started process (PID=334) to work on /home/airflow/.local/lib/python3.8/site-packages/airflow/example_dags/example_bash_operator.py
[2025-07-16T23:36:07.869+0000] {processor.py:830} INFO - Processing file /home/airflow/.local/lib/python3.8/site-packages/airflow/example_dags/example_bash_operator.py for tasks to queue
[2025-07-16T23:36:07.872+0000] {logging_mixin.py:188} INFO - [2025-07-16T23:36:07.871+0000] {dagbag.py:538} INFO - Filling up the DagBag from /home/airflow/.local/lib/python3.8/site-packages/airflow/example_dags/example_bash_operator.py
[2025-07-16T23:36:07.894+0000] {processor.py:840} INFO - DAG(s) 'example_bash_operator' retrieved from /home/airflow/.local/lib/python3.8/site-packages/airflow/example_dags/example_bash_operator.py
[2025-07-16T23:36:07.956+0000] {logging_mixin.py:188} INFO - [2025-07-16T23:36:07.956+0000] {dag.py:3036} INFO - Sync 1 DAGs
[2025-07-16T23:36:07.999+0000] {logging_mixin.py:188} INFO - [2025-07-16T23:36:07.998+0000] {dag.py:3823} INFO - Setting next_dagrun for example_bash_operator to 2025-07-15 00:00:00+00:00, run_after=2025-07-16 00:00:00+00:00
[2025-07-16T23:36:08.032+0000] {processor.py:183} INFO - Processing /home/airflow/.local/lib/python3.8/site-packages/airflow/example_dags/example_bash_operator.py took 0.171 seconds
[2025-07-16T23:36:38.430+0000] {processor.py:161} INFO - Started process (PID=398) to work on /home/airflow/.local/lib/python3.8/site-packages/airflow/example_dags/example_bash_operator.py
[2025-07-16T23:36:38.432+0000] {processor.py:830} INFO - Processing file /home/airflow/.local/lib/python3.8/site-packages/airflow/example_dags/example_bash_operator.py for tasks to queue
[2025-07-16T23:36:38.436+0000] {logging_mixin.py:188} INFO - [2025-07-16T23:36:38.435+0000] {dagbag.py:538} INFO - Filling up the DagBag from /home/airflow/.local/lib/python3.8/site-packages/airflow/example_dags/example_bash_operator.py
[2025-07-16T23:36:38.462+0000] {processor.py:840} INFO - DAG(s) 'example_bash_operator' retrieved from /home/airflow/.local/lib/python3.8/site-packages/airflow/example_dags/example_bash_operator.py
[2025-07-16T23:36:38.525+0000] {logging_mixin.py:188} INFO - [2025-07-16T23:36:38.525+0000] {dag.py:3036} INFO - Sync 1 DAGs
[2025-07-16T23:36:38.582+0000] {logging_mixin.py:188} INFO - [2025-07-16T23:36:38.581+0000] {dag.py:3823} INFO - Setting next_dagrun for example_bash_operator to 2025-07-15 00:00:00+00:00, run_after=2025-07-16 00:00:00+00:00
[2025-07-16T23:36:38.621+0000] {processor.py:183} INFO - Processing /home/airflow/.local/lib/python3.8/site-packages/airflow/example_dags/example_bash_operator.py took 0.196 seconds
[2025-07-16T23:37:08.836+0000] {processor.py:161} INFO - Started process (PID=463) to work on /home/airflow/.local/lib/python3.8/site-packages/airflow/example_dags/example_bash_operator.py
[2025-07-16T23:37:08.837+0000] {processor.py:830} INFO - Processing file /home/airflow/.local/lib/python3.8/site-packages/airflow/example_dags/example_bash_operator.py for tasks to queue
[2025-07-16T23:37:08.840+0000] {logging_mixin.py:188} INFO - [2025-07-16T23:37:08.840+0000] {dagbag.py:538} INFO - Filling up the DagBag from /home/airflow/.local/lib/python3.8/site-packages/airflow/example_dags/example_bash_operator.py
[2025-07-16T23:37:08.862+0000] {processor.py:840} INFO - DAG(s) 'example_bash_operator' retrieved from /home/airflow/.local/lib/python3.8/site-packages/airflow/example_dags/example_bash_operator.py
[2025-07-16T23:37:08.920+0000] {logging_mixin.py:188} INFO - [2025-07-16T23:37:08.919+0000] {dag.py:3036} INFO - Sync 1 DAGs
[2025-07-16T23:37:08.963+0000] {logging_mixin.py:188} INFO - [2025-07-16T23:37:08.963+0000] {dag.py:3823} INFO - Setting next_dagrun for example_bash_operator to 2025-07-15 00:00:00+00:00, run_after=2025-07-16 00:00:00+00:00
[2025-07-16T23:37:08.998+0000] {processor.py:183} INFO - Processing /home/airflow/.local/lib/python3.8/site-packages/airflow/example_dags/example_bash_operator.py took 0.167 seconds
[2025-07-16T23:37:39.894+0000] {processor.py:161} INFO - Started process (PID=529) to work on /home/airflow/.local/lib/python3.8/site-packages/airflow/example_dags/example_bash_operator.py
[2025-07-16T23:37:39.897+0000] {processor.py:830} INFO - Processing file /home/airflow/.local/lib/python3.8/site-packages/airflow/example_dags/example_bash_operator.py for tasks to queue
[2025-07-16T23:37:39.901+0000] {logging_mixin.py:188} INFO - [2025-07-16T23:37:39.900+0000] {dagbag.py:538} INFO - Filling up the DagBag from /home/airflow/.local/lib/python3.8/site-packages/airflow/example_dags/example_bash_operator.py
[2025-07-16T23:37:39.926+0000] {processor.py:840} INFO - DAG(s) 'example_bash_operator' retrieved from /home/airflow/.local/lib/python3.8/site-packages/airflow/example_dags/example_bash_operator.py
[2025-07-16T23:37:39.984+0000] {logging_mixin.py:188} INFO - [2025-07-16T23:37:39.984+0000] {dag.py:3036} INFO - Sync 1 DAGs
[2025-07-16T23:37:40.026+0000] {logging_mixin.py:188} INFO - [2025-07-16T23:37:40.026+0000] {dag.py:3823} INFO - Setting next_dagrun for example_bash_operator to 2025-07-15 00:00:00+00:00, run_after=2025-07-16 00:00:00+00:00
[2025-07-16T23:37:40.062+0000] {processor.py:183} INFO - Processing /home/airflow/.local/lib/python3.8/site-packages/airflow/example_dags/example_bash_operator.py took 0.174 seconds
[2025-07-16T23:38:10.484+0000] {processor.py:161} INFO - Started process (PID=594) to work on /home/airflow/.local/lib/python3.8/site-packages/airflow/example_dags/example_bash_operator.py
[2025-07-16T23:38:10.485+0000] {processor.py:830} INFO - Processing file /home/airflow/.local/lib/python3.8/site-packages/airflow/example_dags/example_bash_operator.py for tasks to queue
[2025-07-16T23:38:10.488+0000] {logging_mixin.py:188} INFO - [2025-07-16T23:38:10.487+0000] {dagbag.py:538} INFO - Filling up the DagBag from /home/airflow/.local/lib/python3.8/site-packages/airflow/example_dags/example_bash_operator.py
[2025-07-16T23:38:10.504+0000] {processor.py:840} INFO - DAG(s) 'example_bash_operator' retrieved from /home/airflow/.local/lib/python3.8/site-packages/airflow/example_dags/example_bash_operator.py
[2025-07-16T23:38:10.547+0000] {logging_mixin.py:188} INFO - [2025-07-16T23:38:10.547+0000] {dag.py:3036} INFO - Sync 1 DAGs
[2025-07-16T23:38:10.586+0000] {logging_mixin.py:188} INFO - [2025-07-16T23:38:10.586+0000] {dag.py:3823} INFO - Setting next_dagrun for example_bash_operator to 2025-07-15 00:00:00+00:00, run_after=2025-07-16 00:00:00+00:00
[2025-07-16T23:38:10.620+0000] {processor.py:183} INFO - Processing /home/airflow/.local/lib/python3.8/site-packages/airflow/example_dags/example_bash_operator.py took 0.141 seconds
[2025-07-16T23:38:40.997+0000] {processor.py:161} INFO - Started process (PID=660) to work on /home/airflow/.local/lib/python3.8/site-packages/airflow/example_dags/example_bash_operator.py
[2025-07-16T23:38:40.998+0000] {processor.py:830} INFO - Processing file /home/airflow/.local/lib/python3.8/site-packages/airflow/example_dags/example_bash_operator.py for tasks to queue
[2025-07-16T23:38:41.003+0000] {logging_mixin.py:188} INFO - [2025-07-16T23:38:41.002+0000] {dagbag.py:538} INFO - Filling up the DagBag from /home/airflow/.local/lib/python3.8/site-packages/airflow/example_dags/example_bash_operator.py
[2025-07-16T23:38:41.034+0000] {processor.py:840} INFO - DAG(s) 'example_bash_operator' retrieved from /home/airflow/.local/lib/python3.8/site-packages/airflow/example_dags/example_bash_operator.py
[2025-07-16T23:38:41.110+0000] {logging_mixin.py:188} INFO - [2025-07-16T23:38:41.109+0000] {dag.py:3036} INFO - Sync 1 DAGs
[2025-07-16T23:38:41.160+0000] {logging_mixin.py:188} INFO - [2025-07-16T23:38:41.160+0000] {dag.py:3823} INFO - Setting next_dagrun for example_bash_operator to 2025-07-15 00:00:00+00:00, run_after=2025-07-16 00:00:00+00:00
[2025-07-16T23:38:41.197+0000] {processor.py:183} INFO - Processing /home/airflow/.local/lib/python3.8/site-packages/airflow/example_dags/example_bash_operator.py took 0.206 seconds
[2025-07-16T23:39:11.301+0000] {processor.py:161} INFO - Started process (PID=726) to work on /home/airflow/.local/lib/python3.8/site-packages/airflow/example_dags/example_bash_operator.py
[2025-07-16T23:39:11.302+0000] {processor.py:830} INFO - Processing file /home/airflow/.local/lib/python3.8/site-packages/airflow/example_dags/example_bash_operator.py for tasks to queue
[2025-07-16T23:39:11.305+0000] {logging_mixin.py:188} INFO - [2025-07-16T23:39:11.305+0000] {dagbag.py:538} INFO - Filling up the DagBag from /home/airflow/.local/lib/python3.8/site-packages/airflow/example_dags/example_bash_operator.py
[2025-07-16T23:39:11.321+0000] {processor.py:840} INFO - DAG(s) 'example_bash_operator' retrieved from /home/airflow/.local/lib/python3.8/site-packages/airflow/example_dags/example_bash_operator.py
[2025-07-16T23:39:11.368+0000] {logging_mixin.py:188} INFO - [2025-07-16T23:39:11.368+0000] {dag.py:3036} INFO - Sync 1 DAGs
[2025-07-16T23:39:11.414+0000] {logging_mixin.py:188} INFO - [2025-07-16T23:39:11.413+0000] {dag.py:3823} INFO - Setting next_dagrun for example_bash_operator to 2025-07-15 00:00:00+00:00, run_after=2025-07-16 00:00:00+00:00
[2025-07-16T23:39:11.445+0000] {processor.py:183} INFO - Processing /home/airflow/.local/lib/python3.8/site-packages/airflow/example_dags/example_bash_operator.py took 0.148 seconds
[2025-07-16T23:39:42.246+0000] {processor.py:161} INFO - Started process (PID=792) to work on /home/airflow/.local/lib/python3.8/site-packages/airflow/example_dags/example_bash_operator.py
[2025-07-16T23:39:42.247+0000] {processor.py:830} INFO - Processing file /home/airflow/.local/lib/python3.8/site-packages/airflow/example_dags/example_bash_operator.py for tasks to queue
[2025-07-16T23:39:42.250+0000] {logging_mixin.py:188} INFO - [2025-07-16T23:39:42.250+0000] {dagbag.py:538} INFO - Filling up the DagBag from /home/airflow/.local/lib/python3.8/site-packages/airflow/example_dags/example_bash_operator.py
[2025-07-16T23:39:42.270+0000] {processor.py:840} INFO - DAG(s) 'example_bash_operator' retrieved from /home/airflow/.local/lib/python3.8/site-packages/airflow/example_dags/example_bash_operator.py
[2025-07-16T23:39:42.326+0000] {logging_mixin.py:188} INFO - [2025-07-16T23:39:42.326+0000] {dag.py:3036} INFO - Sync 1 DAGs
[2025-07-16T23:39:42.371+0000] {logging_mixin.py:188} INFO - [2025-07-16T23:39:42.370+0000] {dag.py:3823} INFO - Setting next_dagrun for example_bash_operator to 2025-07-15 00:00:00+00:00, run_after=2025-07-16 00:00:00+00:00
[2025-07-16T23:39:42.408+0000] {processor.py:183} INFO - Processing /home/airflow/.local/lib/python3.8/site-packages/airflow/example_dags/example_bash_operator.py took 0.167 seconds
[2025-07-16T23:40:12.705+0000] {processor.py:161} INFO - Started process (PID=853) to work on /home/airflow/.local/lib/python3.8/site-packages/airflow/example_dags/example_bash_operator.py
[2025-07-16T23:40:12.708+0000] {processor.py:830} INFO - Processing file /home/airflow/.local/lib/python3.8/site-packages/airflow/example_dags/example_bash_operator.py for tasks to queue
[2025-07-16T23:40:12.711+0000] {logging_mixin.py:188} INFO - [2025-07-16T23:40:12.710+0000] {dagbag.py:538} INFO - Filling up the DagBag from /home/airflow/.local/lib/python3.8/site-packages/airflow/example_dags/example_bash_operator.py
[2025-07-16T23:40:12.738+0000] {processor.py:840} INFO - DAG(s) 'example_bash_operator' retrieved from /home/airflow/.local/lib/python3.8/site-packages/airflow/example_dags/example_bash_operator.py
[2025-07-16T23:40:12.791+0000] {logging_mixin.py:188} INFO - [2025-07-16T23:40:12.791+0000] {dag.py:3036} INFO - Sync 1 DAGs
[2025-07-16T23:40:12.835+0000] {logging_mixin.py:188} INFO - [2025-07-16T23:40:12.834+0000] {dag.py:3823} INFO - Setting next_dagrun for example_bash_operator to 2025-07-15 00:00:00+00:00, run_after=2025-07-16 00:00:00+00:00
[2025-07-16T23:40:12.872+0000] {processor.py:183} INFO - Processing /home/airflow/.local/lib/python3.8/site-packages/airflow/example_dags/example_bash_operator.py took 0.171 seconds
[2025-07-16T23:40:43.592+0000] {processor.py:161} INFO - Started process (PID=918) to work on /home/airflow/.local/lib/python3.8/site-packages/airflow/example_dags/example_bash_operator.py
[2025-07-16T23:40:43.593+0000] {processor.py:830} INFO - Processing file /home/airflow/.local/lib/python3.8/site-packages/airflow/example_dags/example_bash_operator.py for tasks to queue
[2025-07-16T23:40:43.597+0000] {logging_mixin.py:188} INFO - [2025-07-16T23:40:43.597+0000] {dagbag.py:538} INFO - Filling up the DagBag from /home/airflow/.local/lib/python3.8/site-packages/airflow/example_dags/example_bash_operator.py
[2025-07-16T23:40:43.614+0000] {processor.py:840} INFO - DAG(s) 'example_bash_operator' retrieved from /home/airflow/.local/lib/python3.8/site-packages/airflow/example_dags/example_bash_operator.py
[2025-07-16T23:40:43.668+0000] {logging_mixin.py:188} INFO - [2025-07-16T23:40:43.668+0000] {dag.py:3036} INFO - Sync 1 DAGs
[2025-07-16T23:40:43.708+0000] {logging_mixin.py:188} INFO - [2025-07-16T23:40:43.707+0000] {dag.py:3823} INFO - Setting next_dagrun for example_bash_operator to 2025-07-15 00:00:00+00:00, run_after=2025-07-16 00:00:00+00:00
[2025-07-16T23:40:43.735+0000] {processor.py:183} INFO - Processing /home/airflow/.local/lib/python3.8/site-packages/airflow/example_dags/example_bash_operator.py took 0.149 seconds
[2025-07-16T23:41:14.466+0000] {processor.py:161} INFO - Started process (PID=989) to work on /home/airflow/.local/lib/python3.8/site-packages/airflow/example_dags/example_bash_operator.py
[2025-07-16T23:41:14.468+0000] {processor.py:830} INFO - Processing file /home/airflow/.local/lib/python3.8/site-packages/airflow/example_dags/example_bash_operator.py for tasks to queue
[2025-07-16T23:41:14.481+0000] {logging_mixin.py:188} INFO - [2025-07-16T23:41:14.480+0000] {dagbag.py:538} INFO - Filling up the DagBag from /home/airflow/.local/lib/python3.8/site-packages/airflow/example_dags/example_bash_operator.py
[2025-07-16T23:41:14.528+0000] {processor.py:840} INFO - DAG(s) 'example_bash_operator' retrieved from /home/airflow/.local/lib/python3.8/site-packages/airflow/example_dags/example_bash_operator.py
[2025-07-16T23:41:14.617+0000] {logging_mixin.py:188} INFO - [2025-07-16T23:41:14.616+0000] {dag.py:3036} INFO - Sync 1 DAGs
[2025-07-16T23:41:14.682+0000] {logging_mixin.py:188} INFO - [2025-07-16T23:41:14.681+0000] {dag.py:3823} INFO - Setting next_dagrun for example_bash_operator to 2025-07-15 00:00:00+00:00, run_after=2025-07-16 00:00:00+00:00
[2025-07-16T23:41:14.764+0000] {processor.py:183} INFO - Processing /home/airflow/.local/lib/python3.8/site-packages/airflow/example_dags/example_bash_operator.py took 0.304 seconds
[2025-07-16T23:41:45.551+0000] {processor.py:161} INFO - Started process (PID=1055) to work on /home/airflow/.local/lib/python3.8/site-packages/airflow/example_dags/example_bash_operator.py
[2025-07-16T23:41:45.553+0000] {processor.py:830} INFO - Processing file /home/airflow/.local/lib/python3.8/site-packages/airflow/example_dags/example_bash_operator.py for tasks to queue
[2025-07-16T23:41:45.560+0000] {logging_mixin.py:188} INFO - [2025-07-16T23:41:45.557+0000] {dagbag.py:538} INFO - Filling up the DagBag from /home/airflow/.local/lib/python3.8/site-packages/airflow/example_dags/example_bash_operator.py
[2025-07-16T23:41:45.585+0000] {processor.py:840} INFO - DAG(s) 'example_bash_operator' retrieved from /home/airflow/.local/lib/python3.8/site-packages/airflow/example_dags/example_bash_operator.py
[2025-07-16T23:41:45.637+0000] {logging_mixin.py:188} INFO - [2025-07-16T23:41:45.636+0000] {dag.py:3036} INFO - Sync 1 DAGs
[2025-07-16T23:41:45.682+0000] {logging_mixin.py:188} INFO - [2025-07-16T23:41:45.682+0000] {dag.py:3823} INFO - Setting next_dagrun for example_bash_operator to 2025-07-15 00:00:00+00:00, run_after=2025-07-16 00:00:00+00:00
[2025-07-16T23:41:45.718+0000] {processor.py:183} INFO - Processing /home/airflow/.local/lib/python3.8/site-packages/airflow/example_dags/example_bash_operator.py took 0.174 seconds
[2025-07-16T23:42:16.347+0000] {processor.py:161} INFO - Started process (PID=1121) to work on /home/airflow/.local/lib/python3.8/site-packages/airflow/example_dags/example_bash_operator.py
[2025-07-16T23:42:16.350+0000] {processor.py:830} INFO - Processing file /home/airflow/.local/lib/python3.8/site-packages/airflow/example_dags/example_bash_operator.py for tasks to queue
[2025-07-16T23:42:16.357+0000] {logging_mixin.py:188} INFO - [2025-07-16T23:42:16.356+0000] {dagbag.py:538} INFO - Filling up the DagBag from /home/airflow/.local/lib/python3.8/site-packages/airflow/example_dags/example_bash_operator.py
[2025-07-16T23:42:16.395+0000] {processor.py:840} INFO - DAG(s) 'example_bash_operator' retrieved from /home/airflow/.local/lib/python3.8/site-packages/airflow/example_dags/example_bash_operator.py
[2025-07-16T23:42:16.468+0000] {logging_mixin.py:188} INFO - [2025-07-16T23:42:16.467+0000] {dag.py:3036} INFO - Sync 1 DAGs
[2025-07-16T23:42:16.542+0000] {logging_mixin.py:188} INFO - [2025-07-16T23:42:16.542+0000] {dag.py:3823} INFO - Setting next_dagrun for example_bash_operator to 2025-07-15 00:00:00+00:00, run_after=2025-07-16 00:00:00+00:00
[2025-07-16T23:42:16.786+0000] {processor.py:183} INFO - Processing /home/airflow/.local/lib/python3.8/site-packages/airflow/example_dags/example_bash_operator.py took 0.446 seconds
[2025-07-16T23:42:47.746+0000] {processor.py:161} INFO - Started process (PID=1187) to work on /home/airflow/.local/lib/python3.8/site-packages/airflow/example_dags/example_bash_operator.py
[2025-07-16T23:42:47.748+0000] {processor.py:830} INFO - Processing file /home/airflow/.local/lib/python3.8/site-packages/airflow/example_dags/example_bash_operator.py for tasks to queue
[2025-07-16T23:42:47.750+0000] {logging_mixin.py:188} INFO - [2025-07-16T23:42:47.750+0000] {dagbag.py:538} INFO - Filling up the DagBag from /home/airflow/.local/lib/python3.8/site-packages/airflow/example_dags/example_bash_operator.py
[2025-07-16T23:42:47.769+0000] {processor.py:840} INFO - DAG(s) 'example_bash_operator' retrieved from /home/airflow/.local/lib/python3.8/site-packages/airflow/example_dags/example_bash_operator.py
[2025-07-16T23:42:47.810+0000] {logging_mixin.py:188} INFO - [2025-07-16T23:42:47.809+0000] {dag.py:3036} INFO - Sync 1 DAGs
[2025-07-16T23:42:47.849+0000] {logging_mixin.py:188} INFO - [2025-07-16T23:42:47.849+0000] {dag.py:3823} INFO - Setting next_dagrun for example_bash_operator to 2025-07-15 00:00:00+00:00, run_after=2025-07-16 00:00:00+00:00
[2025-07-16T23:42:47.879+0000] {processor.py:183} INFO - Processing /home/airflow/.local/lib/python3.8/site-packages/airflow/example_dags/example_bash_operator.py took 0.138 seconds
[2025-07-16T23:43:18.054+0000] {processor.py:161} INFO - Started process (PID=1253) to work on /home/airflow/.local/lib/python3.8/site-packages/airflow/example_dags/example_bash_operator.py
[2025-07-16T23:43:18.055+0000] {processor.py:830} INFO - Processing file /home/airflow/.local/lib/python3.8/site-packages/airflow/example_dags/example_bash_operator.py for tasks to queue
[2025-07-16T23:43:18.058+0000] {logging_mixin.py:188} INFO - [2025-07-16T23:43:18.058+0000] {dagbag.py:538} INFO - Filling up the DagBag from /home/airflow/.local/lib/python3.8/site-packages/airflow/example_dags/example_bash_operator.py
[2025-07-16T23:43:18.075+0000] {processor.py:840} INFO - DAG(s) 'example_bash_operator' retrieved from /home/airflow/.local/lib/python3.8/site-packages/airflow/example_dags/example_bash_operator.py
[2025-07-16T23:43:18.116+0000] {logging_mixin.py:188} INFO - [2025-07-16T23:43:18.116+0000] {dag.py:3036} INFO - Sync 1 DAGs
[2025-07-16T23:43:18.147+0000] {logging_mixin.py:188} INFO - [2025-07-16T23:43:18.146+0000] {dag.py:3823} INFO - Setting next_dagrun for example_bash_operator to 2025-07-15 00:00:00+00:00, run_after=2025-07-16 00:00:00+00:00
[2025-07-16T23:43:18.176+0000] {processor.py:183} INFO - Processing /home/airflow/.local/lib/python3.8/site-packages/airflow/example_dags/example_bash_operator.py took 0.128 seconds
[2025-07-16T23:43:49.023+0000] {processor.py:161} INFO - Started process (PID=1315) to work on /home/airflow/.local/lib/python3.8/site-packages/airflow/example_dags/example_bash_operator.py
[2025-07-16T23:43:49.024+0000] {processor.py:830} INFO - Processing file /home/airflow/.local/lib/python3.8/site-packages/airflow/example_dags/example_bash_operator.py for tasks to queue
[2025-07-16T23:43:49.027+0000] {logging_mixin.py:188} INFO - [2025-07-16T23:43:49.027+0000] {dagbag.py:538} INFO - Filling up the DagBag from /home/airflow/.local/lib/python3.8/site-packages/airflow/example_dags/example_bash_operator.py
[2025-07-16T23:43:49.047+0000] {processor.py:840} INFO - DAG(s) 'example_bash_operator' retrieved from /home/airflow/.local/lib/python3.8/site-packages/airflow/example_dags/example_bash_operator.py
[2025-07-16T23:43:49.101+0000] {logging_mixin.py:188} INFO - [2025-07-16T23:43:49.100+0000] {dag.py:3036} INFO - Sync 1 DAGs
[2025-07-16T23:43:49.144+0000] {logging_mixin.py:188} INFO - [2025-07-16T23:43:49.144+0000] {dag.py:3823} INFO - Setting next_dagrun for example_bash_operator to 2025-07-15 00:00:00+00:00, run_after=2025-07-16 00:00:00+00:00
[2025-07-16T23:43:49.174+0000] {processor.py:183} INFO - Processing /home/airflow/.local/lib/python3.8/site-packages/airflow/example_dags/example_bash_operator.py took 0.157 seconds
[2025-07-16T23:44:19.440+0000] {processor.py:161} INFO - Started process (PID=1379) to work on /home/airflow/.local/lib/python3.8/site-packages/airflow/example_dags/example_bash_operator.py
[2025-07-16T23:44:19.442+0000] {processor.py:830} INFO - Processing file /home/airflow/.local/lib/python3.8/site-packages/airflow/example_dags/example_bash_operator.py for tasks to queue
[2025-07-16T23:44:19.445+0000] {logging_mixin.py:188} INFO - [2025-07-16T23:44:19.445+0000] {dagbag.py:538} INFO - Filling up the DagBag from /home/airflow/.local/lib/python3.8/site-packages/airflow/example_dags/example_bash_operator.py
[2025-07-16T23:44:19.464+0000] {processor.py:840} INFO - DAG(s) 'example_bash_operator' retrieved from /home/airflow/.local/lib/python3.8/site-packages/airflow/example_dags/example_bash_operator.py
[2025-07-16T23:44:19.513+0000] {logging_mixin.py:188} INFO - [2025-07-16T23:44:19.512+0000] {dag.py:3036} INFO - Sync 1 DAGs
[2025-07-16T23:44:19.544+0000] {logging_mixin.py:188} INFO - [2025-07-16T23:44:19.544+0000] {dag.py:3823} INFO - Setting next_dagrun for example_bash_operator to 2025-07-15 00:00:00+00:00, run_after=2025-07-16 00:00:00+00:00
[2025-07-16T23:44:19.573+0000] {processor.py:183} INFO - Processing /home/airflow/.local/lib/python3.8/site-packages/airflow/example_dags/example_bash_operator.py took 0.139 seconds
[2025-07-16T23:44:49.920+0000] {processor.py:161} INFO - Started process (PID=1445) to work on /home/airflow/.local/lib/python3.8/site-packages/airflow/example_dags/example_bash_operator.py
[2025-07-16T23:44:49.922+0000] {processor.py:830} INFO - Processing file /home/airflow/.local/lib/python3.8/site-packages/airflow/example_dags/example_bash_operator.py for tasks to queue
[2025-07-16T23:44:49.925+0000] {logging_mixin.py:188} INFO - [2025-07-16T23:44:49.925+0000] {dagbag.py:538} INFO - Filling up the DagBag from /home/airflow/.local/lib/python3.8/site-packages/airflow/example_dags/example_bash_operator.py
[2025-07-16T23:44:49.947+0000] {processor.py:840} INFO - DAG(s) 'example_bash_operator' retrieved from /home/airflow/.local/lib/python3.8/site-packages/airflow/example_dags/example_bash_operator.py
[2025-07-16T23:44:50.003+0000] {logging_mixin.py:188} INFO - [2025-07-16T23:44:50.003+0000] {dag.py:3036} INFO - Sync 1 DAGs
[2025-07-16T23:44:50.046+0000] {logging_mixin.py:188} INFO - [2025-07-16T23:44:50.046+0000] {dag.py:3823} INFO - Setting next_dagrun for example_bash_operator to 2025-07-15 00:00:00+00:00, run_after=2025-07-16 00:00:00+00:00
[2025-07-16T23:44:50.079+0000] {processor.py:183} INFO - Processing /home/airflow/.local/lib/python3.8/site-packages/airflow/example_dags/example_bash_operator.py took 0.164 seconds
[2025-07-16T23:45:20.352+0000] {processor.py:161} INFO - Started process (PID=1511) to work on /home/airflow/.local/lib/python3.8/site-packages/airflow/example_dags/example_bash_operator.py
[2025-07-16T23:45:20.353+0000] {processor.py:830} INFO - Processing file /home/airflow/.local/lib/python3.8/site-packages/airflow/example_dags/example_bash_operator.py for tasks to queue
[2025-07-16T23:45:20.356+0000] {logging_mixin.py:188} INFO - [2025-07-16T23:45:20.355+0000] {dagbag.py:538} INFO - Filling up the DagBag from /home/airflow/.local/lib/python3.8/site-packages/airflow/example_dags/example_bash_operator.py
[2025-07-16T23:45:20.371+0000] {processor.py:840} INFO - DAG(s) 'example_bash_operator' retrieved from /home/airflow/.local/lib/python3.8/site-packages/airflow/example_dags/example_bash_operator.py
[2025-07-16T23:45:20.412+0000] {logging_mixin.py:188} INFO - [2025-07-16T23:45:20.412+0000] {dag.py:3036} INFO - Sync 1 DAGs
[2025-07-16T23:45:20.444+0000] {logging_mixin.py:188} INFO - [2025-07-16T23:45:20.443+0000] {dag.py:3823} INFO - Setting next_dagrun for example_bash_operator to 2025-07-15 00:00:00+00:00, run_after=2025-07-16 00:00:00+00:00
[2025-07-16T23:45:20.476+0000] {processor.py:183} INFO - Processing /home/airflow/.local/lib/python3.8/site-packages/airflow/example_dags/example_bash_operator.py took 0.129 seconds
[2025-07-16T23:45:50.981+0000] {processor.py:161} INFO - Started process (PID=1577) to work on /home/airflow/.local/lib/python3.8/site-packages/airflow/example_dags/example_bash_operator.py
[2025-07-16T23:45:50.983+0000] {processor.py:830} INFO - Processing file /home/airflow/.local/lib/python3.8/site-packages/airflow/example_dags/example_bash_operator.py for tasks to queue
[2025-07-16T23:45:50.987+0000] {logging_mixin.py:188} INFO - [2025-07-16T23:45:50.986+0000] {dagbag.py:538} INFO - Filling up the DagBag from /home/airflow/.local/lib/python3.8/site-packages/airflow/example_dags/example_bash_operator.py
[2025-07-16T23:45:51.009+0000] {processor.py:840} INFO - DAG(s) 'example_bash_operator' retrieved from /home/airflow/.local/lib/python3.8/site-packages/airflow/example_dags/example_bash_operator.py
[2025-07-16T23:45:51.055+0000] {logging_mixin.py:188} INFO - [2025-07-16T23:45:51.055+0000] {dag.py:3036} INFO - Sync 1 DAGs
[2025-07-16T23:45:51.087+0000] {logging_mixin.py:188} INFO - [2025-07-16T23:45:51.086+0000] {dag.py:3823} INFO - Setting next_dagrun for example_bash_operator to 2025-07-15 00:00:00+00:00, run_after=2025-07-16 00:00:00+00:00
[2025-07-16T23:45:51.116+0000] {processor.py:183} INFO - Processing /home/airflow/.local/lib/python3.8/site-packages/airflow/example_dags/example_bash_operator.py took 0.141 seconds
[2025-07-16T23:46:21.270+0000] {processor.py:161} INFO - Started process (PID=1643) to work on /home/airflow/.local/lib/python3.8/site-packages/airflow/example_dags/example_bash_operator.py
[2025-07-16T23:46:21.271+0000] {processor.py:830} INFO - Processing file /home/airflow/.local/lib/python3.8/site-packages/airflow/example_dags/example_bash_operator.py for tasks to queue
[2025-07-16T23:46:21.274+0000] {logging_mixin.py:188} INFO - [2025-07-16T23:46:21.273+0000] {dagbag.py:538} INFO - Filling up the DagBag from /home/airflow/.local/lib/python3.8/site-packages/airflow/example_dags/example_bash_operator.py
[2025-07-16T23:46:21.289+0000] {processor.py:840} INFO - DAG(s) 'example_bash_operator' retrieved from /home/airflow/.local/lib/python3.8/site-packages/airflow/example_dags/example_bash_operator.py
[2025-07-16T23:46:21.334+0000] {logging_mixin.py:188} INFO - [2025-07-16T23:46:21.333+0000] {dag.py:3036} INFO - Sync 1 DAGs
[2025-07-16T23:46:21.365+0000] {logging_mixin.py:188} INFO - [2025-07-16T23:46:21.365+0000] {dag.py:3823} INFO - Setting next_dagrun for example_bash_operator to 2025-07-15 00:00:00+00:00, run_after=2025-07-16 00:00:00+00:00
[2025-07-16T23:46:21.401+0000] {processor.py:183} INFO - Processing /home/airflow/.local/lib/python3.8/site-packages/airflow/example_dags/example_bash_operator.py took 0.136 seconds
[2025-07-16T23:46:51.691+0000] {processor.py:161} INFO - Started process (PID=1709) to work on /home/airflow/.local/lib/python3.8/site-packages/airflow/example_dags/example_bash_operator.py
[2025-07-16T23:46:51.692+0000] {processor.py:830} INFO - Processing file /home/airflow/.local/lib/python3.8/site-packages/airflow/example_dags/example_bash_operator.py for tasks to queue
[2025-07-16T23:46:51.695+0000] {logging_mixin.py:188} INFO - [2025-07-16T23:46:51.695+0000] {dagbag.py:538} INFO - Filling up the DagBag from /home/airflow/.local/lib/python3.8/site-packages/airflow/example_dags/example_bash_operator.py
[2025-07-16T23:46:51.715+0000] {processor.py:840} INFO - DAG(s) 'example_bash_operator' retrieved from /home/airflow/.local/lib/python3.8/site-packages/airflow/example_dags/example_bash_operator.py
[2025-07-16T23:46:51.769+0000] {logging_mixin.py:188} INFO - [2025-07-16T23:46:51.769+0000] {dag.py:3036} INFO - Sync 1 DAGs
[2025-07-16T23:46:51.802+0000] {logging_mixin.py:188} INFO - [2025-07-16T23:46:51.802+0000] {dag.py:3823} INFO - Setting next_dagrun for example_bash_operator to 2025-07-15 00:00:00+00:00, run_after=2025-07-16 00:00:00+00:00
[2025-07-16T23:46:51.830+0000] {processor.py:183} INFO - Processing /home/airflow/.local/lib/python3.8/site-packages/airflow/example_dags/example_bash_operator.py took 0.143 seconds
[2025-07-16T23:47:22.100+0000] {processor.py:161} INFO - Started process (PID=1774) to work on /home/airflow/.local/lib/python3.8/site-packages/airflow/example_dags/example_bash_operator.py
[2025-07-16T23:47:22.104+0000] {processor.py:830} INFO - Processing file /home/airflow/.local/lib/python3.8/site-packages/airflow/example_dags/example_bash_operator.py for tasks to queue
[2025-07-16T23:47:22.114+0000] {logging_mixin.py:188} INFO - [2025-07-16T23:47:22.114+0000] {dagbag.py:538} INFO - Filling up the DagBag from /home/airflow/.local/lib/python3.8/site-packages/airflow/example_dags/example_bash_operator.py
[2025-07-16T23:47:22.176+0000] {processor.py:840} INFO - DAG(s) 'example_bash_operator' retrieved from /home/airflow/.local/lib/python3.8/site-packages/airflow/example_dags/example_bash_operator.py
[2025-07-16T23:47:22.273+0000] {logging_mixin.py:188} INFO - [2025-07-16T23:47:22.273+0000] {dag.py:3036} INFO - Sync 1 DAGs
[2025-07-16T23:47:22.320+0000] {logging_mixin.py:188} INFO - [2025-07-16T23:47:22.320+0000] {dag.py:3823} INFO - Setting next_dagrun for example_bash_operator to 2025-07-15 00:00:00+00:00, run_after=2025-07-16 00:00:00+00:00
[2025-07-16T23:47:22.349+0000] {processor.py:183} INFO - Processing /home/airflow/.local/lib/python3.8/site-packages/airflow/example_dags/example_bash_operator.py took 0.262 seconds
[2025-07-16T23:47:52.474+0000] {processor.py:161} INFO - Started process (PID=1832) to work on /home/airflow/.local/lib/python3.8/site-packages/airflow/example_dags/example_bash_operator.py
[2025-07-16T23:47:52.476+0000] {processor.py:830} INFO - Processing file /home/airflow/.local/lib/python3.8/site-packages/airflow/example_dags/example_bash_operator.py for tasks to queue
[2025-07-16T23:47:52.479+0000] {logging_mixin.py:188} INFO - [2025-07-16T23:47:52.479+0000] {dagbag.py:538} INFO - Filling up the DagBag from /home/airflow/.local/lib/python3.8/site-packages/airflow/example_dags/example_bash_operator.py
[2025-07-16T23:47:52.505+0000] {processor.py:840} INFO - DAG(s) 'example_bash_operator' retrieved from /home/airflow/.local/lib/python3.8/site-packages/airflow/example_dags/example_bash_operator.py
[2025-07-16T23:47:52.557+0000] {logging_mixin.py:188} INFO - [2025-07-16T23:47:52.557+0000] {dag.py:3036} INFO - Sync 1 DAGs
[2025-07-16T23:47:52.600+0000] {logging_mixin.py:188} INFO - [2025-07-16T23:47:52.599+0000] {dag.py:3823} INFO - Setting next_dagrun for example_bash_operator to 2025-07-15 00:00:00+00:00, run_after=2025-07-16 00:00:00+00:00
[2025-07-16T23:47:52.635+0000] {processor.py:183} INFO - Processing /home/airflow/.local/lib/python3.8/site-packages/airflow/example_dags/example_bash_operator.py took 0.167 seconds
[2025-07-16T23:48:22.832+0000] {processor.py:161} INFO - Started process (PID=1897) to work on /home/airflow/.local/lib/python3.8/site-packages/airflow/example_dags/example_bash_operator.py
[2025-07-16T23:48:22.833+0000] {processor.py:830} INFO - Processing file /home/airflow/.local/lib/python3.8/site-packages/airflow/example_dags/example_bash_operator.py for tasks to queue
[2025-07-16T23:48:22.836+0000] {logging_mixin.py:188} INFO - [2025-07-16T23:48:22.835+0000] {dagbag.py:538} INFO - Filling up the DagBag from /home/airflow/.local/lib/python3.8/site-packages/airflow/example_dags/example_bash_operator.py
[2025-07-16T23:48:22.852+0000] {processor.py:840} INFO - DAG(s) 'example_bash_operator' retrieved from /home/airflow/.local/lib/python3.8/site-packages/airflow/example_dags/example_bash_operator.py
[2025-07-16T23:48:22.896+0000] {logging_mixin.py:188} INFO - [2025-07-16T23:48:22.895+0000] {dag.py:3036} INFO - Sync 1 DAGs
[2025-07-16T23:48:22.928+0000] {logging_mixin.py:188} INFO - [2025-07-16T23:48:22.928+0000] {dag.py:3823} INFO - Setting next_dagrun for example_bash_operator to 2025-07-15 00:00:00+00:00, run_after=2025-07-16 00:00:00+00:00
[2025-07-16T23:48:22.959+0000] {processor.py:183} INFO - Processing /home/airflow/.local/lib/python3.8/site-packages/airflow/example_dags/example_bash_operator.py took 0.131 seconds
[2025-07-16T23:48:53.282+0000] {processor.py:161} INFO - Started process (PID=1963) to work on /home/airflow/.local/lib/python3.8/site-packages/airflow/example_dags/example_bash_operator.py
[2025-07-16T23:48:53.283+0000] {processor.py:830} INFO - Processing file /home/airflow/.local/lib/python3.8/site-packages/airflow/example_dags/example_bash_operator.py for tasks to queue
[2025-07-16T23:48:53.286+0000] {logging_mixin.py:188} INFO - [2025-07-16T23:48:53.285+0000] {dagbag.py:538} INFO - Filling up the DagBag from /home/airflow/.local/lib/python3.8/site-packages/airflow/example_dags/example_bash_operator.py
[2025-07-16T23:48:53.307+0000] {processor.py:840} INFO - DAG(s) 'example_bash_operator' retrieved from /home/airflow/.local/lib/python3.8/site-packages/airflow/example_dags/example_bash_operator.py
[2025-07-16T23:48:53.350+0000] {logging_mixin.py:188} INFO - [2025-07-16T23:48:53.349+0000] {dag.py:3036} INFO - Sync 1 DAGs
[2025-07-16T23:48:53.388+0000] {logging_mixin.py:188} INFO - [2025-07-16T23:48:53.387+0000] {dag.py:3823} INFO - Setting next_dagrun for example_bash_operator to 2025-07-15 00:00:00+00:00, run_after=2025-07-16 00:00:00+00:00
[2025-07-16T23:48:53.418+0000] {processor.py:183} INFO - Processing /home/airflow/.local/lib/python3.8/site-packages/airflow/example_dags/example_bash_operator.py took 0.142 seconds
[2025-07-16T23:49:23.550+0000] {processor.py:161} INFO - Started process (PID=2030) to work on /home/airflow/.local/lib/python3.8/site-packages/airflow/example_dags/example_bash_operator.py
[2025-07-16T23:49:23.552+0000] {processor.py:830} INFO - Processing file /home/airflow/.local/lib/python3.8/site-packages/airflow/example_dags/example_bash_operator.py for tasks to queue
[2025-07-16T23:49:23.555+0000] {logging_mixin.py:188} INFO - [2025-07-16T23:49:23.555+0000] {dagbag.py:538} INFO - Filling up the DagBag from /home/airflow/.local/lib/python3.8/site-packages/airflow/example_dags/example_bash_operator.py
[2025-07-16T23:49:23.575+0000] {processor.py:840} INFO - DAG(s) 'example_bash_operator' retrieved from /home/airflow/.local/lib/python3.8/site-packages/airflow/example_dags/example_bash_operator.py
[2025-07-16T23:49:23.633+0000] {logging_mixin.py:188} INFO - [2025-07-16T23:49:23.632+0000] {dag.py:3036} INFO - Sync 1 DAGs
[2025-07-16T23:49:23.674+0000] {logging_mixin.py:188} INFO - [2025-07-16T23:49:23.674+0000] {dag.py:3823} INFO - Setting next_dagrun for example_bash_operator to 2025-07-15 00:00:00+00:00, run_after=2025-07-16 00:00:00+00:00
[2025-07-16T23:49:23.703+0000] {processor.py:183} INFO - Processing /home/airflow/.local/lib/python3.8/site-packages/airflow/example_dags/example_bash_operator.py took 0.157 seconds
[2025-07-16T23:49:54.011+0000] {processor.py:161} INFO - Started process (PID=2095) to work on /home/airflow/.local/lib/python3.8/site-packages/airflow/example_dags/example_bash_operator.py
[2025-07-16T23:49:54.012+0000] {processor.py:830} INFO - Processing file /home/airflow/.local/lib/python3.8/site-packages/airflow/example_dags/example_bash_operator.py for tasks to queue
[2025-07-16T23:49:54.015+0000] {logging_mixin.py:188} INFO - [2025-07-16T23:49:54.015+0000] {dagbag.py:538} INFO - Filling up the DagBag from /home/airflow/.local/lib/python3.8/site-packages/airflow/example_dags/example_bash_operator.py
[2025-07-16T23:49:54.034+0000] {processor.py:840} INFO - DAG(s) 'example_bash_operator' retrieved from /home/airflow/.local/lib/python3.8/site-packages/airflow/example_dags/example_bash_operator.py
[2025-07-16T23:49:54.078+0000] {logging_mixin.py:188} INFO - [2025-07-16T23:49:54.078+0000] {dag.py:3036} INFO - Sync 1 DAGs
[2025-07-16T23:49:54.109+0000] {logging_mixin.py:188} INFO - [2025-07-16T23:49:54.109+0000] {dag.py:3823} INFO - Setting next_dagrun for example_bash_operator to 2025-07-15 00:00:00+00:00, run_after=2025-07-16 00:00:00+00:00
[2025-07-16T23:49:54.138+0000] {processor.py:183} INFO - Processing /home/airflow/.local/lib/python3.8/site-packages/airflow/example_dags/example_bash_operator.py took 0.132 seconds
[2025-07-16T23:50:24.400+0000] {processor.py:161} INFO - Started process (PID=2160) to work on /home/airflow/.local/lib/python3.8/site-packages/airflow/example_dags/example_bash_operator.py
[2025-07-16T23:50:24.402+0000] {processor.py:830} INFO - Processing file /home/airflow/.local/lib/python3.8/site-packages/airflow/example_dags/example_bash_operator.py for tasks to queue
[2025-07-16T23:50:24.405+0000] {logging_mixin.py:188} INFO - [2025-07-16T23:50:24.404+0000] {dagbag.py:538} INFO - Filling up the DagBag from /home/airflow/.local/lib/python3.8/site-packages/airflow/example_dags/example_bash_operator.py
[2025-07-16T23:50:24.425+0000] {processor.py:840} INFO - DAG(s) 'example_bash_operator' retrieved from /home/airflow/.local/lib/python3.8/site-packages/airflow/example_dags/example_bash_operator.py
[2025-07-16T23:50:24.466+0000] {logging_mixin.py:188} INFO - [2025-07-16T23:50:24.466+0000] {dag.py:3036} INFO - Sync 1 DAGs
[2025-07-16T23:50:24.647+0000] {logging_mixin.py:188} INFO - [2025-07-16T23:50:24.646+0000] {dag.py:3823} INFO - Setting next_dagrun for example_bash_operator to 2025-07-15 00:00:00+00:00, run_after=2025-07-16 00:00:00+00:00
[2025-07-16T23:50:24.672+0000] {processor.py:183} INFO - Processing /home/airflow/.local/lib/python3.8/site-packages/airflow/example_dags/example_bash_operator.py took 0.275 seconds
[2025-07-16T23:50:54.934+0000] {processor.py:161} INFO - Started process (PID=2226) to work on /home/airflow/.local/lib/python3.8/site-packages/airflow/example_dags/example_bash_operator.py
[2025-07-16T23:50:54.935+0000] {processor.py:830} INFO - Processing file /home/airflow/.local/lib/python3.8/site-packages/airflow/example_dags/example_bash_operator.py for tasks to queue
[2025-07-16T23:50:54.938+0000] {logging_mixin.py:188} INFO - [2025-07-16T23:50:54.937+0000] {dagbag.py:538} INFO - Filling up the DagBag from /home/airflow/.local/lib/python3.8/site-packages/airflow/example_dags/example_bash_operator.py
[2025-07-16T23:50:54.953+0000] {processor.py:840} INFO - DAG(s) 'example_bash_operator' retrieved from /home/airflow/.local/lib/python3.8/site-packages/airflow/example_dags/example_bash_operator.py
[2025-07-16T23:50:54.992+0000] {logging_mixin.py:188} INFO - [2025-07-16T23:50:54.992+0000] {dag.py:3036} INFO - Sync 1 DAGs
[2025-07-16T23:50:55.022+0000] {logging_mixin.py:188} INFO - [2025-07-16T23:50:55.022+0000] {dag.py:3823} INFO - Setting next_dagrun for example_bash_operator to 2025-07-15 00:00:00+00:00, run_after=2025-07-16 00:00:00+00:00
[2025-07-16T23:50:55.048+0000] {processor.py:183} INFO - Processing /home/airflow/.local/lib/python3.8/site-packages/airflow/example_dags/example_bash_operator.py took 0.118 seconds
[2025-07-16T23:51:26.289+0000] {processor.py:161} INFO - Started process (PID=2288) to work on /home/airflow/.local/lib/python3.8/site-packages/airflow/example_dags/example_bash_operator.py
[2025-07-16T23:51:26.291+0000] {processor.py:830} INFO - Processing file /home/airflow/.local/lib/python3.8/site-packages/airflow/example_dags/example_bash_operator.py for tasks to queue
[2025-07-16T23:51:26.294+0000] {logging_mixin.py:188} INFO - [2025-07-16T23:51:26.294+0000] {dagbag.py:538} INFO - Filling up the DagBag from /home/airflow/.local/lib/python3.8/site-packages/airflow/example_dags/example_bash_operator.py
[2025-07-16T23:51:26.322+0000] {processor.py:840} INFO - DAG(s) 'example_bash_operator' retrieved from /home/airflow/.local/lib/python3.8/site-packages/airflow/example_dags/example_bash_operator.py
[2025-07-16T23:51:26.405+0000] {logging_mixin.py:188} INFO - [2025-07-16T23:51:26.403+0000] {dag.py:3036} INFO - Sync 1 DAGs
[2025-07-16T23:51:26.504+0000] {logging_mixin.py:188} INFO - [2025-07-16T23:51:26.503+0000] {dag.py:3823} INFO - Setting next_dagrun for example_bash_operator to 2025-07-15 00:00:00+00:00, run_after=2025-07-16 00:00:00+00:00
[2025-07-16T23:51:26.549+0000] {processor.py:183} INFO - Processing /home/airflow/.local/lib/python3.8/site-packages/airflow/example_dags/example_bash_operator.py took 0.267 seconds
[2025-07-16T23:51:57.349+0000] {processor.py:161} INFO - Started process (PID=2352) to work on /home/airflow/.local/lib/python3.8/site-packages/airflow/example_dags/example_bash_operator.py
[2025-07-16T23:51:57.351+0000] {processor.py:830} INFO - Processing file /home/airflow/.local/lib/python3.8/site-packages/airflow/example_dags/example_bash_operator.py for tasks to queue
[2025-07-16T23:51:57.354+0000] {logging_mixin.py:188} INFO - [2025-07-16T23:51:57.353+0000] {dagbag.py:538} INFO - Filling up the DagBag from /home/airflow/.local/lib/python3.8/site-packages/airflow/example_dags/example_bash_operator.py
[2025-07-16T23:51:57.376+0000] {processor.py:840} INFO - DAG(s) 'example_bash_operator' retrieved from /home/airflow/.local/lib/python3.8/site-packages/airflow/example_dags/example_bash_operator.py
[2025-07-16T23:51:57.440+0000] {logging_mixin.py:188} INFO - [2025-07-16T23:51:57.440+0000] {dag.py:3036} INFO - Sync 1 DAGs
[2025-07-16T23:51:57.483+0000] {logging_mixin.py:188} INFO - [2025-07-16T23:51:57.482+0000] {dag.py:3823} INFO - Setting next_dagrun for example_bash_operator to 2025-07-15 00:00:00+00:00, run_after=2025-07-16 00:00:00+00:00
[2025-07-16T23:51:57.524+0000] {processor.py:183} INFO - Processing /home/airflow/.local/lib/python3.8/site-packages/airflow/example_dags/example_bash_operator.py took 0.180 seconds
[2025-07-16T23:52:28.164+0000] {processor.py:161} INFO - Started process (PID=2418) to work on /home/airflow/.local/lib/python3.8/site-packages/airflow/example_dags/example_bash_operator.py
[2025-07-16T23:52:28.167+0000] {processor.py:830} INFO - Processing file /home/airflow/.local/lib/python3.8/site-packages/airflow/example_dags/example_bash_operator.py for tasks to queue
[2025-07-16T23:52:28.171+0000] {logging_mixin.py:188} INFO - [2025-07-16T23:52:28.170+0000] {dagbag.py:538} INFO - Filling up the DagBag from /home/airflow/.local/lib/python3.8/site-packages/airflow/example_dags/example_bash_operator.py
[2025-07-16T23:52:28.195+0000] {processor.py:840} INFO - DAG(s) 'example_bash_operator' retrieved from /home/airflow/.local/lib/python3.8/site-packages/airflow/example_dags/example_bash_operator.py
[2025-07-16T23:52:28.441+0000] {logging_mixin.py:188} INFO - [2025-07-16T23:52:28.441+0000] {dag.py:3036} INFO - Sync 1 DAGs
[2025-07-16T23:52:28.475+0000] {logging_mixin.py:188} INFO - [2025-07-16T23:52:28.475+0000] {dag.py:3823} INFO - Setting next_dagrun for example_bash_operator to 2025-07-15 00:00:00+00:00, run_after=2025-07-16 00:00:00+00:00
[2025-07-16T23:52:28.530+0000] {processor.py:183} INFO - Processing /home/airflow/.local/lib/python3.8/site-packages/airflow/example_dags/example_bash_operator.py took 0.372 seconds
[2025-07-16T23:52:58.795+0000] {processor.py:161} INFO - Started process (PID=2483) to work on /home/airflow/.local/lib/python3.8/site-packages/airflow/example_dags/example_bash_operator.py
[2025-07-16T23:52:58.797+0000] {processor.py:830} INFO - Processing file /home/airflow/.local/lib/python3.8/site-packages/airflow/example_dags/example_bash_operator.py for tasks to queue
[2025-07-16T23:52:58.800+0000] {logging_mixin.py:188} INFO - [2025-07-16T23:52:58.799+0000] {dagbag.py:538} INFO - Filling up the DagBag from /home/airflow/.local/lib/python3.8/site-packages/airflow/example_dags/example_bash_operator.py
[2025-07-16T23:52:58.824+0000] {processor.py:840} INFO - DAG(s) 'example_bash_operator' retrieved from /home/airflow/.local/lib/python3.8/site-packages/airflow/example_dags/example_bash_operator.py
[2025-07-16T23:52:58.887+0000] {logging_mixin.py:188} INFO - [2025-07-16T23:52:58.886+0000] {dag.py:3036} INFO - Sync 1 DAGs
[2025-07-16T23:52:59.113+0000] {logging_mixin.py:188} INFO - [2025-07-16T23:52:59.113+0000] {dag.py:3823} INFO - Setting next_dagrun for example_bash_operator to 2025-07-15 00:00:00+00:00, run_after=2025-07-16 00:00:00+00:00
[2025-07-16T23:52:59.263+0000] {processor.py:183} INFO - Processing /home/airflow/.local/lib/python3.8/site-packages/airflow/example_dags/example_bash_operator.py took 0.475 seconds
[2025-07-16T23:53:29.395+0000] {processor.py:161} INFO - Started process (PID=2548) to work on /home/airflow/.local/lib/python3.8/site-packages/airflow/example_dags/example_bash_operator.py
[2025-07-16T23:53:29.396+0000] {processor.py:830} INFO - Processing file /home/airflow/.local/lib/python3.8/site-packages/airflow/example_dags/example_bash_operator.py for tasks to queue
[2025-07-16T23:53:29.399+0000] {logging_mixin.py:188} INFO - [2025-07-16T23:53:29.399+0000] {dagbag.py:538} INFO - Filling up the DagBag from /home/airflow/.local/lib/python3.8/site-packages/airflow/example_dags/example_bash_operator.py
[2025-07-16T23:53:29.418+0000] {processor.py:840} INFO - DAG(s) 'example_bash_operator' retrieved from /home/airflow/.local/lib/python3.8/site-packages/airflow/example_dags/example_bash_operator.py
[2025-07-16T23:53:29.462+0000] {logging_mixin.py:188} INFO - [2025-07-16T23:53:29.462+0000] {dag.py:3036} INFO - Sync 1 DAGs
[2025-07-16T23:53:29.496+0000] {logging_mixin.py:188} INFO - [2025-07-16T23:53:29.495+0000] {dag.py:3823} INFO - Setting next_dagrun for example_bash_operator to 2025-07-15 00:00:00+00:00, run_after=2025-07-16 00:00:00+00:00
[2025-07-16T23:53:29.522+0000] {processor.py:183} INFO - Processing /home/airflow/.local/lib/python3.8/site-packages/airflow/example_dags/example_bash_operator.py took 0.132 seconds
[2025-07-16T23:53:59.558+0000] {processor.py:161} INFO - Started process (PID=2614) to work on /home/airflow/.local/lib/python3.8/site-packages/airflow/example_dags/example_bash_operator.py
[2025-07-16T23:53:59.560+0000] {processor.py:830} INFO - Processing file /home/airflow/.local/lib/python3.8/site-packages/airflow/example_dags/example_bash_operator.py for tasks to queue
[2025-07-16T23:53:59.563+0000] {logging_mixin.py:188} INFO - [2025-07-16T23:53:59.563+0000] {dagbag.py:538} INFO - Filling up the DagBag from /home/airflow/.local/lib/python3.8/site-packages/airflow/example_dags/example_bash_operator.py
[2025-07-16T23:53:59.586+0000] {processor.py:840} INFO - DAG(s) 'example_bash_operator' retrieved from /home/airflow/.local/lib/python3.8/site-packages/airflow/example_dags/example_bash_operator.py
[2025-07-16T23:53:59.642+0000] {logging_mixin.py:188} INFO - [2025-07-16T23:53:59.642+0000] {dag.py:3036} INFO - Sync 1 DAGs
[2025-07-16T23:53:59.682+0000] {logging_mixin.py:188} INFO - [2025-07-16T23:53:59.681+0000] {dag.py:3823} INFO - Setting next_dagrun for example_bash_operator to 2025-07-15 00:00:00+00:00, run_after=2025-07-16 00:00:00+00:00
[2025-07-16T23:53:59.716+0000] {processor.py:183} INFO - Processing /home/airflow/.local/lib/python3.8/site-packages/airflow/example_dags/example_bash_operator.py took 0.164 seconds
[2025-07-16T23:54:30.038+0000] {processor.py:161} INFO - Started process (PID=2680) to work on /home/airflow/.local/lib/python3.8/site-packages/airflow/example_dags/example_bash_operator.py
[2025-07-16T23:54:30.039+0000] {processor.py:830} INFO - Processing file /home/airflow/.local/lib/python3.8/site-packages/airflow/example_dags/example_bash_operator.py for tasks to queue
[2025-07-16T23:54:30.044+0000] {logging_mixin.py:188} INFO - [2025-07-16T23:54:30.042+0000] {dagbag.py:538} INFO - Filling up the DagBag from /home/airflow/.local/lib/python3.8/site-packages/airflow/example_dags/example_bash_operator.py
[2025-07-16T23:54:30.063+0000] {processor.py:840} INFO - DAG(s) 'example_bash_operator' retrieved from /home/airflow/.local/lib/python3.8/site-packages/airflow/example_dags/example_bash_operator.py
[2025-07-16T23:54:30.123+0000] {logging_mixin.py:188} INFO - [2025-07-16T23:54:30.122+0000] {dag.py:3036} INFO - Sync 1 DAGs
[2025-07-16T23:54:30.163+0000] {logging_mixin.py:188} INFO - [2025-07-16T23:54:30.163+0000] {dag.py:3823} INFO - Setting next_dagrun for example_bash_operator to 2025-07-15 00:00:00+00:00, run_after=2025-07-16 00:00:00+00:00
[2025-07-16T23:54:30.196+0000] {processor.py:183} INFO - Processing /home/airflow/.local/lib/python3.8/site-packages/airflow/example_dags/example_bash_operator.py took 0.164 seconds
[2025-07-16T23:55:00.417+0000] {processor.py:161} INFO - Started process (PID=2742) to work on /home/airflow/.local/lib/python3.8/site-packages/airflow/example_dags/example_bash_operator.py
[2025-07-16T23:55:00.418+0000] {processor.py:830} INFO - Processing file /home/airflow/.local/lib/python3.8/site-packages/airflow/example_dags/example_bash_operator.py for tasks to queue
[2025-07-16T23:55:00.421+0000] {logging_mixin.py:188} INFO - [2025-07-16T23:55:00.421+0000] {dagbag.py:538} INFO - Filling up the DagBag from /home/airflow/.local/lib/python3.8/site-packages/airflow/example_dags/example_bash_operator.py
[2025-07-16T23:55:00.441+0000] {processor.py:840} INFO - DAG(s) 'example_bash_operator' retrieved from /home/airflow/.local/lib/python3.8/site-packages/airflow/example_dags/example_bash_operator.py
[2025-07-16T23:55:00.499+0000] {logging_mixin.py:188} INFO - [2025-07-16T23:55:00.498+0000] {dag.py:3036} INFO - Sync 1 DAGs
[2025-07-16T23:55:00.538+0000] {logging_mixin.py:188} INFO - [2025-07-16T23:55:00.538+0000] {dag.py:3823} INFO - Setting next_dagrun for example_bash_operator to 2025-07-15 00:00:00+00:00, run_after=2025-07-16 00:00:00+00:00
[2025-07-16T23:55:00.570+0000] {processor.py:183} INFO - Processing /home/airflow/.local/lib/python3.8/site-packages/airflow/example_dags/example_bash_operator.py took 0.159 seconds
[2025-07-16T23:55:30.763+0000] {processor.py:161} INFO - Started process (PID=2806) to work on /home/airflow/.local/lib/python3.8/site-packages/airflow/example_dags/example_bash_operator.py
[2025-07-16T23:55:30.764+0000] {processor.py:830} INFO - Processing file /home/airflow/.local/lib/python3.8/site-packages/airflow/example_dags/example_bash_operator.py for tasks to queue
[2025-07-16T23:55:30.767+0000] {logging_mixin.py:188} INFO - [2025-07-16T23:55:30.767+0000] {dagbag.py:538} INFO - Filling up the DagBag from /home/airflow/.local/lib/python3.8/site-packages/airflow/example_dags/example_bash_operator.py
[2025-07-16T23:55:30.789+0000] {processor.py:840} INFO - DAG(s) 'example_bash_operator' retrieved from /home/airflow/.local/lib/python3.8/site-packages/airflow/example_dags/example_bash_operator.py
[2025-07-16T23:55:30.833+0000] {logging_mixin.py:188} INFO - [2025-07-16T23:55:30.832+0000] {dag.py:3036} INFO - Sync 1 DAGs
[2025-07-16T23:55:30.867+0000] {logging_mixin.py:188} INFO - [2025-07-16T23:55:30.867+0000] {dag.py:3823} INFO - Setting next_dagrun for example_bash_operator to 2025-07-15 00:00:00+00:00, run_after=2025-07-16 00:00:00+00:00
[2025-07-16T23:55:30.901+0000] {processor.py:183} INFO - Processing /home/airflow/.local/lib/python3.8/site-packages/airflow/example_dags/example_bash_operator.py took 0.143 seconds
[2025-07-16T23:56:01.010+0000] {processor.py:161} INFO - Started process (PID=2870) to work on /home/airflow/.local/lib/python3.8/site-packages/airflow/example_dags/example_bash_operator.py
[2025-07-16T23:56:01.012+0000] {processor.py:830} INFO - Processing file /home/airflow/.local/lib/python3.8/site-packages/airflow/example_dags/example_bash_operator.py for tasks to queue
[2025-07-16T23:56:01.018+0000] {logging_mixin.py:188} INFO - [2025-07-16T23:56:01.017+0000] {dagbag.py:538} INFO - Filling up the DagBag from /home/airflow/.local/lib/python3.8/site-packages/airflow/example_dags/example_bash_operator.py
[2025-07-16T23:56:01.041+0000] {processor.py:840} INFO - DAG(s) 'example_bash_operator' retrieved from /home/airflow/.local/lib/python3.8/site-packages/airflow/example_dags/example_bash_operator.py
[2025-07-16T23:56:01.100+0000] {logging_mixin.py:188} INFO - [2025-07-16T23:56:01.099+0000] {dag.py:3036} INFO - Sync 1 DAGs
[2025-07-16T23:56:01.139+0000] {logging_mixin.py:188} INFO - [2025-07-16T23:56:01.139+0000] {dag.py:3823} INFO - Setting next_dagrun for example_bash_operator to 2025-07-15 00:00:00+00:00, run_after=2025-07-16 00:00:00+00:00
[2025-07-16T23:56:01.175+0000] {processor.py:183} INFO - Processing /home/airflow/.local/lib/python3.8/site-packages/airflow/example_dags/example_bash_operator.py took 0.170 seconds
[2025-07-16T23:56:31.360+0000] {processor.py:161} INFO - Started process (PID=2934) to work on /home/airflow/.local/lib/python3.8/site-packages/airflow/example_dags/example_bash_operator.py
[2025-07-16T23:56:31.361+0000] {processor.py:830} INFO - Processing file /home/airflow/.local/lib/python3.8/site-packages/airflow/example_dags/example_bash_operator.py for tasks to queue
[2025-07-16T23:56:31.364+0000] {logging_mixin.py:188} INFO - [2025-07-16T23:56:31.364+0000] {dagbag.py:538} INFO - Filling up the DagBag from /home/airflow/.local/lib/python3.8/site-packages/airflow/example_dags/example_bash_operator.py
[2025-07-16T23:56:31.381+0000] {processor.py:840} INFO - DAG(s) 'example_bash_operator' retrieved from /home/airflow/.local/lib/python3.8/site-packages/airflow/example_dags/example_bash_operator.py
[2025-07-16T23:56:31.426+0000] {logging_mixin.py:188} INFO - [2025-07-16T23:56:31.425+0000] {dag.py:3036} INFO - Sync 1 DAGs
[2025-07-16T23:56:31.459+0000] {logging_mixin.py:188} INFO - [2025-07-16T23:56:31.458+0000] {dag.py:3823} INFO - Setting next_dagrun for example_bash_operator to 2025-07-15 00:00:00+00:00, run_after=2025-07-16 00:00:00+00:00
[2025-07-16T23:56:31.487+0000] {processor.py:183} INFO - Processing /home/airflow/.local/lib/python3.8/site-packages/airflow/example_dags/example_bash_operator.py took 0.132 seconds
[2025-07-16T23:57:01.726+0000] {processor.py:161} INFO - Started process (PID=3000) to work on /home/airflow/.local/lib/python3.8/site-packages/airflow/example_dags/example_bash_operator.py
[2025-07-16T23:57:01.728+0000] {processor.py:830} INFO - Processing file /home/airflow/.local/lib/python3.8/site-packages/airflow/example_dags/example_bash_operator.py for tasks to queue
[2025-07-16T23:57:01.731+0000] {logging_mixin.py:188} INFO - [2025-07-16T23:57:01.731+0000] {dagbag.py:538} INFO - Filling up the DagBag from /home/airflow/.local/lib/python3.8/site-packages/airflow/example_dags/example_bash_operator.py
[2025-07-16T23:57:01.746+0000] {processor.py:840} INFO - DAG(s) 'example_bash_operator' retrieved from /home/airflow/.local/lib/python3.8/site-packages/airflow/example_dags/example_bash_operator.py
[2025-07-16T23:57:01.790+0000] {logging_mixin.py:188} INFO - [2025-07-16T23:57:01.790+0000] {dag.py:3036} INFO - Sync 1 DAGs
[2025-07-16T23:57:01.822+0000] {logging_mixin.py:188} INFO - [2025-07-16T23:57:01.821+0000] {dag.py:3823} INFO - Setting next_dagrun for example_bash_operator to 2025-07-15 00:00:00+00:00, run_after=2025-07-16 00:00:00+00:00
[2025-07-16T23:57:01.852+0000] {processor.py:183} INFO - Processing /home/airflow/.local/lib/python3.8/site-packages/airflow/example_dags/example_bash_operator.py took 0.131 seconds
[2025-07-16T23:57:32.100+0000] {processor.py:161} INFO - Started process (PID=3066) to work on /home/airflow/.local/lib/python3.8/site-packages/airflow/example_dags/example_bash_operator.py
[2025-07-16T23:57:32.102+0000] {processor.py:830} INFO - Processing file /home/airflow/.local/lib/python3.8/site-packages/airflow/example_dags/example_bash_operator.py for tasks to queue
[2025-07-16T23:57:32.105+0000] {logging_mixin.py:188} INFO - [2025-07-16T23:57:32.105+0000] {dagbag.py:538} INFO - Filling up the DagBag from /home/airflow/.local/lib/python3.8/site-packages/airflow/example_dags/example_bash_operator.py
[2025-07-16T23:57:32.128+0000] {processor.py:840} INFO - DAG(s) 'example_bash_operator' retrieved from /home/airflow/.local/lib/python3.8/site-packages/airflow/example_dags/example_bash_operator.py
[2025-07-16T23:57:32.190+0000] {logging_mixin.py:188} INFO - [2025-07-16T23:57:32.190+0000] {dag.py:3036} INFO - Sync 1 DAGs
[2025-07-16T23:57:32.231+0000] {logging_mixin.py:188} INFO - [2025-07-16T23:57:32.231+0000] {dag.py:3823} INFO - Setting next_dagrun for example_bash_operator to 2025-07-15 00:00:00+00:00, run_after=2025-07-16 00:00:00+00:00
[2025-07-16T23:57:32.267+0000] {processor.py:183} INFO - Processing /home/airflow/.local/lib/python3.8/site-packages/airflow/example_dags/example_bash_operator.py took 0.173 seconds
[2025-07-16T23:58:03.162+0000] {processor.py:161} INFO - Started process (PID=3128) to work on /home/airflow/.local/lib/python3.8/site-packages/airflow/example_dags/example_bash_operator.py
[2025-07-16T23:58:03.165+0000] {processor.py:830} INFO - Processing file /home/airflow/.local/lib/python3.8/site-packages/airflow/example_dags/example_bash_operator.py for tasks to queue
[2025-07-16T23:58:03.170+0000] {logging_mixin.py:188} INFO - [2025-07-16T23:58:03.170+0000] {dagbag.py:538} INFO - Filling up the DagBag from /home/airflow/.local/lib/python3.8/site-packages/airflow/example_dags/example_bash_operator.py
[2025-07-16T23:58:03.195+0000] {processor.py:840} INFO - DAG(s) 'example_bash_operator' retrieved from /home/airflow/.local/lib/python3.8/site-packages/airflow/example_dags/example_bash_operator.py
[2025-07-16T23:58:03.263+0000] {logging_mixin.py:188} INFO - [2025-07-16T23:58:03.262+0000] {dag.py:3036} INFO - Sync 1 DAGs
[2025-07-16T23:58:03.309+0000] {logging_mixin.py:188} INFO - [2025-07-16T23:58:03.308+0000] {dag.py:3823} INFO - Setting next_dagrun for example_bash_operator to 2025-07-15 00:00:00+00:00, run_after=2025-07-16 00:00:00+00:00
[2025-07-16T23:58:03.343+0000] {processor.py:183} INFO - Processing /home/airflow/.local/lib/python3.8/site-packages/airflow/example_dags/example_bash_operator.py took 0.187 seconds
[2025-07-16T23:58:33.450+0000] {processor.py:161} INFO - Started process (PID=3193) to work on /home/airflow/.local/lib/python3.8/site-packages/airflow/example_dags/example_bash_operator.py
[2025-07-16T23:58:33.452+0000] {processor.py:830} INFO - Processing file /home/airflow/.local/lib/python3.8/site-packages/airflow/example_dags/example_bash_operator.py for tasks to queue
[2025-07-16T23:58:33.454+0000] {logging_mixin.py:188} INFO - [2025-07-16T23:58:33.454+0000] {dagbag.py:538} INFO - Filling up the DagBag from /home/airflow/.local/lib/python3.8/site-packages/airflow/example_dags/example_bash_operator.py
[2025-07-16T23:58:33.470+0000] {processor.py:840} INFO - DAG(s) 'example_bash_operator' retrieved from /home/airflow/.local/lib/python3.8/site-packages/airflow/example_dags/example_bash_operator.py
[2025-07-16T23:58:33.515+0000] {logging_mixin.py:188} INFO - [2025-07-16T23:58:33.515+0000] {dag.py:3036} INFO - Sync 1 DAGs
[2025-07-16T23:58:33.547+0000] {logging_mixin.py:188} INFO - [2025-07-16T23:58:33.547+0000] {dag.py:3823} INFO - Setting next_dagrun for example_bash_operator to 2025-07-15 00:00:00+00:00, run_after=2025-07-16 00:00:00+00:00
[2025-07-16T23:58:33.577+0000] {processor.py:183} INFO - Processing /home/airflow/.local/lib/python3.8/site-packages/airflow/example_dags/example_bash_operator.py took 0.131 seconds
[2025-07-16T23:59:04.000+0000] {processor.py:161} INFO - Started process (PID=3258) to work on /home/airflow/.local/lib/python3.8/site-packages/airflow/example_dags/example_bash_operator.py
[2025-07-16T23:59:04.001+0000] {processor.py:830} INFO - Processing file /home/airflow/.local/lib/python3.8/site-packages/airflow/example_dags/example_bash_operator.py for tasks to queue
[2025-07-16T23:59:04.005+0000] {logging_mixin.py:188} INFO - [2025-07-16T23:59:04.004+0000] {dagbag.py:538} INFO - Filling up the DagBag from /home/airflow/.local/lib/python3.8/site-packages/airflow/example_dags/example_bash_operator.py
[2025-07-16T23:59:04.020+0000] {processor.py:840} INFO - DAG(s) 'example_bash_operator' retrieved from /home/airflow/.local/lib/python3.8/site-packages/airflow/example_dags/example_bash_operator.py
[2025-07-16T23:59:04.060+0000] {logging_mixin.py:188} INFO - [2025-07-16T23:59:04.059+0000] {dag.py:3036} INFO - Sync 1 DAGs
[2025-07-16T23:59:04.089+0000] {logging_mixin.py:188} INFO - [2025-07-16T23:59:04.088+0000] {dag.py:3823} INFO - Setting next_dagrun for example_bash_operator to 2025-07-15 00:00:00+00:00, run_after=2025-07-16 00:00:00+00:00
[2025-07-16T23:59:04.116+0000] {processor.py:183} INFO - Processing /home/airflow/.local/lib/python3.8/site-packages/airflow/example_dags/example_bash_operator.py took 0.120 seconds
[2025-07-16T23:59:34.257+0000] {processor.py:161} INFO - Started process (PID=3324) to work on /home/airflow/.local/lib/python3.8/site-packages/airflow/example_dags/example_bash_operator.py
[2025-07-16T23:59:34.258+0000] {processor.py:830} INFO - Processing file /home/airflow/.local/lib/python3.8/site-packages/airflow/example_dags/example_bash_operator.py for tasks to queue
[2025-07-16T23:59:34.260+0000] {logging_mixin.py:188} INFO - [2025-07-16T23:59:34.260+0000] {dagbag.py:538} INFO - Filling up the DagBag from /home/airflow/.local/lib/python3.8/site-packages/airflow/example_dags/example_bash_operator.py
[2025-07-16T23:59:34.281+0000] {processor.py:840} INFO - DAG(s) 'example_bash_operator' retrieved from /home/airflow/.local/lib/python3.8/site-packages/airflow/example_dags/example_bash_operator.py
[2025-07-16T23:59:34.329+0000] {logging_mixin.py:188} INFO - [2025-07-16T23:59:34.329+0000] {dag.py:3036} INFO - Sync 1 DAGs
[2025-07-16T23:59:34.361+0000] {logging_mixin.py:188} INFO - [2025-07-16T23:59:34.360+0000] {dag.py:3823} INFO - Setting next_dagrun for example_bash_operator to 2025-07-15 00:00:00+00:00, run_after=2025-07-16 00:00:00+00:00
[2025-07-16T23:59:34.390+0000] {processor.py:183} INFO - Processing /home/airflow/.local/lib/python3.8/site-packages/airflow/example_dags/example_bash_operator.py took 0.137 seconds
