[2025-07-16T15:02:20.682+0000] {processor.py:161} INFO - Started process (PID=110) to work on /home/airflow/.local/lib/python3.8/site-packages/airflow/example_dags/example_dynamic_task_mapping.py
[2025-07-16T15:02:20.687+0000] {processor.py:830} INFO - Processing file /home/airflow/.local/lib/python3.8/site-packages/airflow/example_dags/example_dynamic_task_mapping.py for tasks to queue
[2025-07-16T15:02:20.691+0000] {logging_mixin.py:188} INFO - [2025-07-16T15:02:20.690+0000] {dagbag.py:538} INFO - Filling up the DagBag from /home/airflow/.local/lib/python3.8/site-packages/airflow/example_dags/example_dynamic_task_mapping.py
[2025-07-16T15:02:20.709+0000] {processor.py:840} INFO - DAG(s) 'example_dynamic_task_mapping' retrieved from /home/airflow/.local/lib/python3.8/site-packages/airflow/example_dags/example_dynamic_task_mapping.py
[2025-07-16T15:02:20.789+0000] {logging_mixin.py:188} INFO - [2025-07-16T15:02:20.788+0000] {dag.py:3036} INFO - Sync 1 DAGs
[2025-07-16T15:02:20.964+0000] {logging_mixin.py:188} INFO - [2025-07-16T15:02:20.963+0000] {dag.py:3823} INFO - Setting next_dagrun for example_dynamic_task_mapping to 2022-03-04 00:00:00+00:00, run_after=2022-03-05 00:00:00+00:00
[2025-07-16T15:02:21.038+0000] {processor.py:183} INFO - Processing /home/airflow/.local/lib/python3.8/site-packages/airflow/example_dags/example_dynamic_task_mapping.py took 0.367 seconds
[2025-07-16T15:02:51.317+0000] {processor.py:161} INFO - Started process (PID=171) to work on /home/airflow/.local/lib/python3.8/site-packages/airflow/example_dags/example_dynamic_task_mapping.py
[2025-07-16T15:02:51.318+0000] {processor.py:830} INFO - Processing file /home/airflow/.local/lib/python3.8/site-packages/airflow/example_dags/example_dynamic_task_mapping.py for tasks to queue
[2025-07-16T15:02:51.321+0000] {logging_mixin.py:188} INFO - [2025-07-16T15:02:51.320+0000] {dagbag.py:538} INFO - Filling up the DagBag from /home/airflow/.local/lib/python3.8/site-packages/airflow/example_dags/example_dynamic_task_mapping.py
[2025-07-16T15:02:51.330+0000] {processor.py:840} INFO - DAG(s) 'example_dynamic_task_mapping' retrieved from /home/airflow/.local/lib/python3.8/site-packages/airflow/example_dags/example_dynamic_task_mapping.py
[2025-07-16T15:02:51.357+0000] {logging_mixin.py:188} INFO - [2025-07-16T15:02:51.357+0000] {dag.py:3036} INFO - Sync 1 DAGs
[2025-07-16T15:02:51.387+0000] {logging_mixin.py:188} INFO - [2025-07-16T15:02:51.387+0000] {dag.py:3823} INFO - Setting next_dagrun for example_dynamic_task_mapping to 2022-03-04 00:00:00+00:00, run_after=2022-03-05 00:00:00+00:00
[2025-07-16T15:02:51.421+0000] {processor.py:183} INFO - Processing /home/airflow/.local/lib/python3.8/site-packages/airflow/example_dags/example_dynamic_task_mapping.py took 0.109 seconds
[2025-07-16T15:03:21.709+0000] {processor.py:161} INFO - Started process (PID=235) to work on /home/airflow/.local/lib/python3.8/site-packages/airflow/example_dags/example_dynamic_task_mapping.py
[2025-07-16T15:03:21.711+0000] {processor.py:830} INFO - Processing file /home/airflow/.local/lib/python3.8/site-packages/airflow/example_dags/example_dynamic_task_mapping.py for tasks to queue
[2025-07-16T15:03:21.715+0000] {logging_mixin.py:188} INFO - [2025-07-16T15:03:21.714+0000] {dagbag.py:538} INFO - Filling up the DagBag from /home/airflow/.local/lib/python3.8/site-packages/airflow/example_dags/example_dynamic_task_mapping.py
[2025-07-16T15:03:21.731+0000] {processor.py:840} INFO - DAG(s) 'example_dynamic_task_mapping' retrieved from /home/airflow/.local/lib/python3.8/site-packages/airflow/example_dags/example_dynamic_task_mapping.py
[2025-07-16T15:03:21.770+0000] {logging_mixin.py:188} INFO - [2025-07-16T15:03:21.766+0000] {dag.py:3036} INFO - Sync 1 DAGs
[2025-07-16T15:03:21.813+0000] {logging_mixin.py:188} INFO - [2025-07-16T15:03:21.813+0000] {dag.py:3823} INFO - Setting next_dagrun for example_dynamic_task_mapping to 2022-03-04 00:00:00+00:00, run_after=2022-03-05 00:00:00+00:00
[2025-07-16T15:03:21.852+0000] {processor.py:183} INFO - Processing /home/airflow/.local/lib/python3.8/site-packages/airflow/example_dags/example_dynamic_task_mapping.py took 0.149 seconds
[2025-07-16T15:03:52.283+0000] {processor.py:161} INFO - Started process (PID=300) to work on /home/airflow/.local/lib/python3.8/site-packages/airflow/example_dags/example_dynamic_task_mapping.py
[2025-07-16T15:03:52.292+0000] {processor.py:830} INFO - Processing file /home/airflow/.local/lib/python3.8/site-packages/airflow/example_dags/example_dynamic_task_mapping.py for tasks to queue
[2025-07-16T15:03:52.306+0000] {logging_mixin.py:188} INFO - [2025-07-16T15:03:52.305+0000] {dagbag.py:538} INFO - Filling up the DagBag from /home/airflow/.local/lib/python3.8/site-packages/airflow/example_dags/example_dynamic_task_mapping.py
[2025-07-16T15:03:52.327+0000] {processor.py:840} INFO - DAG(s) 'example_dynamic_task_mapping' retrieved from /home/airflow/.local/lib/python3.8/site-packages/airflow/example_dags/example_dynamic_task_mapping.py
[2025-07-16T15:03:52.385+0000] {logging_mixin.py:188} INFO - [2025-07-16T15:03:52.384+0000] {dag.py:3036} INFO - Sync 1 DAGs
[2025-07-16T15:03:52.451+0000] {logging_mixin.py:188} INFO - [2025-07-16T15:03:52.450+0000] {dag.py:3823} INFO - Setting next_dagrun for example_dynamic_task_mapping to 2022-03-04 00:00:00+00:00, run_after=2022-03-05 00:00:00+00:00
[2025-07-16T15:03:52.525+0000] {processor.py:183} INFO - Processing /home/airflow/.local/lib/python3.8/site-packages/airflow/example_dags/example_dynamic_task_mapping.py took 0.253 seconds
[2025-07-16T23:34:16.355+0000] {processor.py:161} INFO - Started process (PID=108) to work on /home/airflow/.local/lib/python3.8/site-packages/airflow/example_dags/example_dynamic_task_mapping.py
[2025-07-16T23:34:16.373+0000] {processor.py:830} INFO - Processing file /home/airflow/.local/lib/python3.8/site-packages/airflow/example_dags/example_dynamic_task_mapping.py for tasks to queue
[2025-07-16T23:34:16.382+0000] {logging_mixin.py:188} INFO - [2025-07-16T23:34:16.381+0000] {dagbag.py:538} INFO - Filling up the DagBag from /home/airflow/.local/lib/python3.8/site-packages/airflow/example_dags/example_dynamic_task_mapping.py
[2025-07-16T23:34:16.581+0000] {processor.py:840} INFO - DAG(s) 'example_dynamic_task_mapping' retrieved from /home/airflow/.local/lib/python3.8/site-packages/airflow/example_dags/example_dynamic_task_mapping.py
[2025-07-16T23:34:16.668+0000] {logging_mixin.py:188} INFO - [2025-07-16T23:34:16.665+0000] {dag.py:3036} INFO - Sync 1 DAGs
[2025-07-16T23:34:16.740+0000] {logging_mixin.py:188} INFO - [2025-07-16T23:34:16.739+0000] {dag.py:3823} INFO - Setting next_dagrun for example_dynamic_task_mapping to 2022-03-04 00:00:00+00:00, run_after=2022-03-05 00:00:00+00:00
[2025-07-16T23:34:16.952+0000] {processor.py:183} INFO - Processing /home/airflow/.local/lib/python3.8/site-packages/airflow/example_dags/example_dynamic_task_mapping.py took 0.620 seconds
[2025-07-16T23:34:47.262+0000] {processor.py:161} INFO - Started process (PID=169) to work on /home/airflow/.local/lib/python3.8/site-packages/airflow/example_dags/example_dynamic_task_mapping.py
[2025-07-16T23:34:47.264+0000] {processor.py:830} INFO - Processing file /home/airflow/.local/lib/python3.8/site-packages/airflow/example_dags/example_dynamic_task_mapping.py for tasks to queue
[2025-07-16T23:34:47.267+0000] {logging_mixin.py:188} INFO - [2025-07-16T23:34:47.266+0000] {dagbag.py:538} INFO - Filling up the DagBag from /home/airflow/.local/lib/python3.8/site-packages/airflow/example_dags/example_dynamic_task_mapping.py
[2025-07-16T23:34:47.275+0000] {processor.py:840} INFO - DAG(s) 'example_dynamic_task_mapping' retrieved from /home/airflow/.local/lib/python3.8/site-packages/airflow/example_dags/example_dynamic_task_mapping.py
[2025-07-16T23:34:47.303+0000] {logging_mixin.py:188} INFO - [2025-07-16T23:34:47.302+0000] {dag.py:3036} INFO - Sync 1 DAGs
[2025-07-16T23:34:47.334+0000] {logging_mixin.py:188} INFO - [2025-07-16T23:34:47.334+0000] {dag.py:3823} INFO - Setting next_dagrun for example_dynamic_task_mapping to 2022-03-04 00:00:00+00:00, run_after=2022-03-05 00:00:00+00:00
[2025-07-16T23:34:47.365+0000] {processor.py:183} INFO - Processing /home/airflow/.local/lib/python3.8/site-packages/airflow/example_dags/example_dynamic_task_mapping.py took 0.107 seconds
[2025-07-16T23:35:17.643+0000] {processor.py:161} INFO - Started process (PID=235) to work on /home/airflow/.local/lib/python3.8/site-packages/airflow/example_dags/example_dynamic_task_mapping.py
[2025-07-16T23:35:17.645+0000] {processor.py:830} INFO - Processing file /home/airflow/.local/lib/python3.8/site-packages/airflow/example_dags/example_dynamic_task_mapping.py for tasks to queue
[2025-07-16T23:35:17.647+0000] {logging_mixin.py:188} INFO - [2025-07-16T23:35:17.647+0000] {dagbag.py:538} INFO - Filling up the DagBag from /home/airflow/.local/lib/python3.8/site-packages/airflow/example_dags/example_dynamic_task_mapping.py
[2025-07-16T23:35:17.657+0000] {processor.py:840} INFO - DAG(s) 'example_dynamic_task_mapping' retrieved from /home/airflow/.local/lib/python3.8/site-packages/airflow/example_dags/example_dynamic_task_mapping.py
[2025-07-16T23:35:17.684+0000] {logging_mixin.py:188} INFO - [2025-07-16T23:35:17.684+0000] {dag.py:3036} INFO - Sync 1 DAGs
[2025-07-16T23:35:17.715+0000] {logging_mixin.py:188} INFO - [2025-07-16T23:35:17.714+0000] {dag.py:3823} INFO - Setting next_dagrun for example_dynamic_task_mapping to 2022-03-04 00:00:00+00:00, run_after=2022-03-05 00:00:00+00:00
[2025-07-16T23:35:17.745+0000] {processor.py:183} INFO - Processing /home/airflow/.local/lib/python3.8/site-packages/airflow/example_dags/example_dynamic_task_mapping.py took 0.106 seconds
[2025-07-16T23:35:48.555+0000] {processor.py:161} INFO - Started process (PID=301) to work on /home/airflow/.local/lib/python3.8/site-packages/airflow/example_dags/example_dynamic_task_mapping.py
[2025-07-16T23:35:48.556+0000] {processor.py:830} INFO - Processing file /home/airflow/.local/lib/python3.8/site-packages/airflow/example_dags/example_dynamic_task_mapping.py for tasks to queue
[2025-07-16T23:35:48.559+0000] {logging_mixin.py:188} INFO - [2025-07-16T23:35:48.558+0000] {dagbag.py:538} INFO - Filling up the DagBag from /home/airflow/.local/lib/python3.8/site-packages/airflow/example_dags/example_dynamic_task_mapping.py
[2025-07-16T23:35:48.567+0000] {processor.py:840} INFO - DAG(s) 'example_dynamic_task_mapping' retrieved from /home/airflow/.local/lib/python3.8/site-packages/airflow/example_dags/example_dynamic_task_mapping.py
[2025-07-16T23:35:48.598+0000] {logging_mixin.py:188} INFO - [2025-07-16T23:35:48.598+0000] {dag.py:3036} INFO - Sync 1 DAGs
[2025-07-16T23:35:48.629+0000] {logging_mixin.py:188} INFO - [2025-07-16T23:35:48.629+0000] {dag.py:3823} INFO - Setting next_dagrun for example_dynamic_task_mapping to 2022-03-04 00:00:00+00:00, run_after=2022-03-05 00:00:00+00:00
[2025-07-16T23:35:48.692+0000] {processor.py:183} INFO - Processing /home/airflow/.local/lib/python3.8/site-packages/airflow/example_dags/example_dynamic_task_mapping.py took 0.142 seconds
[2025-07-16T23:36:18.843+0000] {processor.py:161} INFO - Started process (PID=367) to work on /home/airflow/.local/lib/python3.8/site-packages/airflow/example_dags/example_dynamic_task_mapping.py
[2025-07-16T23:36:18.844+0000] {processor.py:830} INFO - Processing file /home/airflow/.local/lib/python3.8/site-packages/airflow/example_dags/example_dynamic_task_mapping.py for tasks to queue
[2025-07-16T23:36:18.847+0000] {logging_mixin.py:188} INFO - [2025-07-16T23:36:18.846+0000] {dagbag.py:538} INFO - Filling up the DagBag from /home/airflow/.local/lib/python3.8/site-packages/airflow/example_dags/example_dynamic_task_mapping.py
[2025-07-16T23:36:18.856+0000] {processor.py:840} INFO - DAG(s) 'example_dynamic_task_mapping' retrieved from /home/airflow/.local/lib/python3.8/site-packages/airflow/example_dags/example_dynamic_task_mapping.py
[2025-07-16T23:36:18.887+0000] {logging_mixin.py:188} INFO - [2025-07-16T23:36:18.887+0000] {dag.py:3036} INFO - Sync 1 DAGs
[2025-07-16T23:36:18.924+0000] {logging_mixin.py:188} INFO - [2025-07-16T23:36:18.924+0000] {dag.py:3823} INFO - Setting next_dagrun for example_dynamic_task_mapping to 2022-03-04 00:00:00+00:00, run_after=2022-03-05 00:00:00+00:00
[2025-07-16T23:36:18.955+0000] {processor.py:183} INFO - Processing /home/airflow/.local/lib/python3.8/site-packages/airflow/example_dags/example_dynamic_task_mapping.py took 0.116 seconds
[2025-07-16T23:36:49.107+0000] {processor.py:161} INFO - Started process (PID=433) to work on /home/airflow/.local/lib/python3.8/site-packages/airflow/example_dags/example_dynamic_task_mapping.py
[2025-07-16T23:36:49.109+0000] {processor.py:830} INFO - Processing file /home/airflow/.local/lib/python3.8/site-packages/airflow/example_dags/example_dynamic_task_mapping.py for tasks to queue
[2025-07-16T23:36:49.112+0000] {logging_mixin.py:188} INFO - [2025-07-16T23:36:49.112+0000] {dagbag.py:538} INFO - Filling up the DagBag from /home/airflow/.local/lib/python3.8/site-packages/airflow/example_dags/example_dynamic_task_mapping.py
[2025-07-16T23:36:49.124+0000] {processor.py:840} INFO - DAG(s) 'example_dynamic_task_mapping' retrieved from /home/airflow/.local/lib/python3.8/site-packages/airflow/example_dags/example_dynamic_task_mapping.py
[2025-07-16T23:36:49.151+0000] {logging_mixin.py:188} INFO - [2025-07-16T23:36:49.150+0000] {dag.py:3036} INFO - Sync 1 DAGs
[2025-07-16T23:36:49.181+0000] {logging_mixin.py:188} INFO - [2025-07-16T23:36:49.181+0000] {dag.py:3823} INFO - Setting next_dagrun for example_dynamic_task_mapping to 2022-03-04 00:00:00+00:00, run_after=2022-03-05 00:00:00+00:00
[2025-07-16T23:36:49.209+0000] {processor.py:183} INFO - Processing /home/airflow/.local/lib/python3.8/site-packages/airflow/example_dags/example_dynamic_task_mapping.py took 0.106 seconds
[2025-07-16T23:37:19.811+0000] {processor.py:161} INFO - Started process (PID=496) to work on /home/airflow/.local/lib/python3.8/site-packages/airflow/example_dags/example_dynamic_task_mapping.py
[2025-07-16T23:37:19.813+0000] {processor.py:830} INFO - Processing file /home/airflow/.local/lib/python3.8/site-packages/airflow/example_dags/example_dynamic_task_mapping.py for tasks to queue
[2025-07-16T23:37:19.817+0000] {logging_mixin.py:188} INFO - [2025-07-16T23:37:19.816+0000] {dagbag.py:538} INFO - Filling up the DagBag from /home/airflow/.local/lib/python3.8/site-packages/airflow/example_dags/example_dynamic_task_mapping.py
[2025-07-16T23:37:19.828+0000] {processor.py:840} INFO - DAG(s) 'example_dynamic_task_mapping' retrieved from /home/airflow/.local/lib/python3.8/site-packages/airflow/example_dags/example_dynamic_task_mapping.py
[2025-07-16T23:37:19.857+0000] {logging_mixin.py:188} INFO - [2025-07-16T23:37:19.857+0000] {dag.py:3036} INFO - Sync 1 DAGs
[2025-07-16T23:37:19.895+0000] {logging_mixin.py:188} INFO - [2025-07-16T23:37:19.895+0000] {dag.py:3823} INFO - Setting next_dagrun for example_dynamic_task_mapping to 2022-03-04 00:00:00+00:00, run_after=2022-03-05 00:00:00+00:00
[2025-07-16T23:37:19.925+0000] {processor.py:183} INFO - Processing /home/airflow/.local/lib/python3.8/site-packages/airflow/example_dags/example_dynamic_task_mapping.py took 0.119 seconds
[2025-07-16T23:37:49.987+0000] {processor.py:161} INFO - Started process (PID=560) to work on /home/airflow/.local/lib/python3.8/site-packages/airflow/example_dags/example_dynamic_task_mapping.py
[2025-07-16T23:37:49.990+0000] {processor.py:830} INFO - Processing file /home/airflow/.local/lib/python3.8/site-packages/airflow/example_dags/example_dynamic_task_mapping.py for tasks to queue
[2025-07-16T23:37:49.993+0000] {logging_mixin.py:188} INFO - [2025-07-16T23:37:49.993+0000] {dagbag.py:538} INFO - Filling up the DagBag from /home/airflow/.local/lib/python3.8/site-packages/airflow/example_dags/example_dynamic_task_mapping.py
[2025-07-16T23:37:50.013+0000] {processor.py:840} INFO - DAG(s) 'example_dynamic_task_mapping' retrieved from /home/airflow/.local/lib/python3.8/site-packages/airflow/example_dags/example_dynamic_task_mapping.py
[2025-07-16T23:37:50.068+0000] {logging_mixin.py:188} INFO - [2025-07-16T23:37:50.067+0000] {dag.py:3036} INFO - Sync 1 DAGs
[2025-07-16T23:37:50.112+0000] {logging_mixin.py:188} INFO - [2025-07-16T23:37:50.112+0000] {dag.py:3823} INFO - Setting next_dagrun for example_dynamic_task_mapping to 2022-03-04 00:00:00+00:00, run_after=2022-03-05 00:00:00+00:00
[2025-07-16T23:37:50.170+0000] {processor.py:183} INFO - Processing /home/airflow/.local/lib/python3.8/site-packages/airflow/example_dags/example_dynamic_task_mapping.py took 0.189 seconds
[2025-07-16T23:38:20.707+0000] {processor.py:161} INFO - Started process (PID=626) to work on /home/airflow/.local/lib/python3.8/site-packages/airflow/example_dags/example_dynamic_task_mapping.py
[2025-07-16T23:38:20.708+0000] {processor.py:830} INFO - Processing file /home/airflow/.local/lib/python3.8/site-packages/airflow/example_dags/example_dynamic_task_mapping.py for tasks to queue
[2025-07-16T23:38:20.711+0000] {logging_mixin.py:188} INFO - [2025-07-16T23:38:20.711+0000] {dagbag.py:538} INFO - Filling up the DagBag from /home/airflow/.local/lib/python3.8/site-packages/airflow/example_dags/example_dynamic_task_mapping.py
[2025-07-16T23:38:20.722+0000] {processor.py:840} INFO - DAG(s) 'example_dynamic_task_mapping' retrieved from /home/airflow/.local/lib/python3.8/site-packages/airflow/example_dags/example_dynamic_task_mapping.py
[2025-07-16T23:38:20.753+0000] {logging_mixin.py:188} INFO - [2025-07-16T23:38:20.753+0000] {dag.py:3036} INFO - Sync 1 DAGs
[2025-07-16T23:38:20.793+0000] {logging_mixin.py:188} INFO - [2025-07-16T23:38:20.792+0000] {dag.py:3823} INFO - Setting next_dagrun for example_dynamic_task_mapping to 2022-03-04 00:00:00+00:00, run_after=2022-03-05 00:00:00+00:00
[2025-07-16T23:38:20.829+0000] {processor.py:183} INFO - Processing /home/airflow/.local/lib/python3.8/site-packages/airflow/example_dags/example_dynamic_task_mapping.py took 0.127 seconds
[2025-07-16T23:38:51.366+0000] {processor.py:161} INFO - Started process (PID=692) to work on /home/airflow/.local/lib/python3.8/site-packages/airflow/example_dags/example_dynamic_task_mapping.py
[2025-07-16T23:38:51.367+0000] {processor.py:830} INFO - Processing file /home/airflow/.local/lib/python3.8/site-packages/airflow/example_dags/example_dynamic_task_mapping.py for tasks to queue
[2025-07-16T23:38:51.370+0000] {logging_mixin.py:188} INFO - [2025-07-16T23:38:51.370+0000] {dagbag.py:538} INFO - Filling up the DagBag from /home/airflow/.local/lib/python3.8/site-packages/airflow/example_dags/example_dynamic_task_mapping.py
[2025-07-16T23:38:51.378+0000] {processor.py:840} INFO - DAG(s) 'example_dynamic_task_mapping' retrieved from /home/airflow/.local/lib/python3.8/site-packages/airflow/example_dags/example_dynamic_task_mapping.py
[2025-07-16T23:38:51.413+0000] {logging_mixin.py:188} INFO - [2025-07-16T23:38:51.413+0000] {dag.py:3036} INFO - Sync 1 DAGs
[2025-07-16T23:38:51.454+0000] {logging_mixin.py:188} INFO - [2025-07-16T23:38:51.453+0000] {dag.py:3823} INFO - Setting next_dagrun for example_dynamic_task_mapping to 2022-03-04 00:00:00+00:00, run_after=2022-03-05 00:00:00+00:00
[2025-07-16T23:38:51.487+0000] {processor.py:183} INFO - Processing /home/airflow/.local/lib/python3.8/site-packages/airflow/example_dags/example_dynamic_task_mapping.py took 0.126 seconds
[2025-07-16T23:39:21.887+0000] {processor.py:161} INFO - Started process (PID=758) to work on /home/airflow/.local/lib/python3.8/site-packages/airflow/example_dags/example_dynamic_task_mapping.py
[2025-07-16T23:39:21.888+0000] {processor.py:830} INFO - Processing file /home/airflow/.local/lib/python3.8/site-packages/airflow/example_dags/example_dynamic_task_mapping.py for tasks to queue
[2025-07-16T23:39:21.891+0000] {logging_mixin.py:188} INFO - [2025-07-16T23:39:21.890+0000] {dagbag.py:538} INFO - Filling up the DagBag from /home/airflow/.local/lib/python3.8/site-packages/airflow/example_dags/example_dynamic_task_mapping.py
[2025-07-16T23:39:21.900+0000] {processor.py:840} INFO - DAG(s) 'example_dynamic_task_mapping' retrieved from /home/airflow/.local/lib/python3.8/site-packages/airflow/example_dags/example_dynamic_task_mapping.py
[2025-07-16T23:39:21.929+0000] {logging_mixin.py:188} INFO - [2025-07-16T23:39:21.928+0000] {dag.py:3036} INFO - Sync 1 DAGs
[2025-07-16T23:39:21.959+0000] {logging_mixin.py:188} INFO - [2025-07-16T23:39:21.959+0000] {dag.py:3823} INFO - Setting next_dagrun for example_dynamic_task_mapping to 2022-03-04 00:00:00+00:00, run_after=2022-03-05 00:00:00+00:00
[2025-07-16T23:39:21.988+0000] {processor.py:183} INFO - Processing /home/airflow/.local/lib/python3.8/site-packages/airflow/example_dags/example_dynamic_task_mapping.py took 0.105 seconds
[2025-07-16T23:39:52.359+0000] {processor.py:161} INFO - Started process (PID=824) to work on /home/airflow/.local/lib/python3.8/site-packages/airflow/example_dags/example_dynamic_task_mapping.py
[2025-07-16T23:39:52.361+0000] {processor.py:830} INFO - Processing file /home/airflow/.local/lib/python3.8/site-packages/airflow/example_dags/example_dynamic_task_mapping.py for tasks to queue
[2025-07-16T23:39:52.364+0000] {logging_mixin.py:188} INFO - [2025-07-16T23:39:52.363+0000] {dagbag.py:538} INFO - Filling up the DagBag from /home/airflow/.local/lib/python3.8/site-packages/airflow/example_dags/example_dynamic_task_mapping.py
[2025-07-16T23:39:52.374+0000] {processor.py:840} INFO - DAG(s) 'example_dynamic_task_mapping' retrieved from /home/airflow/.local/lib/python3.8/site-packages/airflow/example_dags/example_dynamic_task_mapping.py
[2025-07-16T23:39:52.406+0000] {logging_mixin.py:188} INFO - [2025-07-16T23:39:52.405+0000] {dag.py:3036} INFO - Sync 1 DAGs
[2025-07-16T23:39:52.450+0000] {logging_mixin.py:188} INFO - [2025-07-16T23:39:52.449+0000] {dag.py:3823} INFO - Setting next_dagrun for example_dynamic_task_mapping to 2022-03-04 00:00:00+00:00, run_after=2022-03-05 00:00:00+00:00
[2025-07-16T23:39:52.481+0000] {processor.py:183} INFO - Processing /home/airflow/.local/lib/python3.8/site-packages/airflow/example_dags/example_dynamic_task_mapping.py took 0.127 seconds
[2025-07-16T23:40:22.629+0000] {processor.py:161} INFO - Started process (PID=890) to work on /home/airflow/.local/lib/python3.8/site-packages/airflow/example_dags/example_dynamic_task_mapping.py
[2025-07-16T23:40:22.630+0000] {processor.py:830} INFO - Processing file /home/airflow/.local/lib/python3.8/site-packages/airflow/example_dags/example_dynamic_task_mapping.py for tasks to queue
[2025-07-16T23:40:22.633+0000] {logging_mixin.py:188} INFO - [2025-07-16T23:40:22.632+0000] {dagbag.py:538} INFO - Filling up the DagBag from /home/airflow/.local/lib/python3.8/site-packages/airflow/example_dags/example_dynamic_task_mapping.py
[2025-07-16T23:40:22.641+0000] {processor.py:840} INFO - DAG(s) 'example_dynamic_task_mapping' retrieved from /home/airflow/.local/lib/python3.8/site-packages/airflow/example_dags/example_dynamic_task_mapping.py
[2025-07-16T23:40:22.672+0000] {logging_mixin.py:188} INFO - [2025-07-16T23:40:22.672+0000] {dag.py:3036} INFO - Sync 1 DAGs
[2025-07-16T23:40:22.706+0000] {logging_mixin.py:188} INFO - [2025-07-16T23:40:22.705+0000] {dag.py:3823} INFO - Setting next_dagrun for example_dynamic_task_mapping to 2022-03-04 00:00:00+00:00, run_after=2022-03-05 00:00:00+00:00
[2025-07-16T23:40:22.733+0000] {processor.py:183} INFO - Processing /home/airflow/.local/lib/python3.8/site-packages/airflow/example_dags/example_dynamic_task_mapping.py took 0.108 seconds
[2025-07-16T23:40:53.207+0000] {processor.py:161} INFO - Started process (PID=955) to work on /home/airflow/.local/lib/python3.8/site-packages/airflow/example_dags/example_dynamic_task_mapping.py
[2025-07-16T23:40:53.209+0000] {processor.py:830} INFO - Processing file /home/airflow/.local/lib/python3.8/site-packages/airflow/example_dags/example_dynamic_task_mapping.py for tasks to queue
[2025-07-16T23:40:53.211+0000] {logging_mixin.py:188} INFO - [2025-07-16T23:40:53.211+0000] {dagbag.py:538} INFO - Filling up the DagBag from /home/airflow/.local/lib/python3.8/site-packages/airflow/example_dags/example_dynamic_task_mapping.py
[2025-07-16T23:40:53.221+0000] {processor.py:840} INFO - DAG(s) 'example_dynamic_task_mapping' retrieved from /home/airflow/.local/lib/python3.8/site-packages/airflow/example_dags/example_dynamic_task_mapping.py
[2025-07-16T23:40:53.256+0000] {logging_mixin.py:188} INFO - [2025-07-16T23:40:53.256+0000] {dag.py:3036} INFO - Sync 1 DAGs
[2025-07-16T23:40:53.301+0000] {logging_mixin.py:188} INFO - [2025-07-16T23:40:53.300+0000] {dag.py:3823} INFO - Setting next_dagrun for example_dynamic_task_mapping to 2022-03-04 00:00:00+00:00, run_after=2022-03-05 00:00:00+00:00
[2025-07-16T23:40:53.336+0000] {processor.py:183} INFO - Processing /home/airflow/.local/lib/python3.8/site-packages/airflow/example_dags/example_dynamic_task_mapping.py took 0.134 seconds
[2025-07-16T23:41:25.498+0000] {processor.py:161} INFO - Started process (PID=1017) to work on /home/airflow/.local/lib/python3.8/site-packages/airflow/example_dags/example_dynamic_task_mapping.py
[2025-07-16T23:41:25.500+0000] {processor.py:830} INFO - Processing file /home/airflow/.local/lib/python3.8/site-packages/airflow/example_dags/example_dynamic_task_mapping.py for tasks to queue
[2025-07-16T23:41:25.503+0000] {logging_mixin.py:188} INFO - [2025-07-16T23:41:25.502+0000] {dagbag.py:538} INFO - Filling up the DagBag from /home/airflow/.local/lib/python3.8/site-packages/airflow/example_dags/example_dynamic_task_mapping.py
[2025-07-16T23:41:25.513+0000] {processor.py:840} INFO - DAG(s) 'example_dynamic_task_mapping' retrieved from /home/airflow/.local/lib/python3.8/site-packages/airflow/example_dags/example_dynamic_task_mapping.py
[2025-07-16T23:41:25.544+0000] {logging_mixin.py:188} INFO - [2025-07-16T23:41:25.544+0000] {dag.py:3036} INFO - Sync 1 DAGs
[2025-07-16T23:41:25.584+0000] {logging_mixin.py:188} INFO - [2025-07-16T23:41:25.583+0000] {dag.py:3823} INFO - Setting next_dagrun for example_dynamic_task_mapping to 2022-03-04 00:00:00+00:00, run_after=2022-03-05 00:00:00+00:00
[2025-07-16T23:41:25.650+0000] {processor.py:183} INFO - Processing /home/airflow/.local/lib/python3.8/site-packages/airflow/example_dags/example_dynamic_task_mapping.py took 0.158 seconds
[2025-07-16T23:41:58.081+0000] {processor.py:161} INFO - Started process (PID=1081) to work on /home/airflow/.local/lib/python3.8/site-packages/airflow/example_dags/example_dynamic_task_mapping.py
[2025-07-16T23:41:58.083+0000] {processor.py:830} INFO - Processing file /home/airflow/.local/lib/python3.8/site-packages/airflow/example_dags/example_dynamic_task_mapping.py for tasks to queue
[2025-07-16T23:41:58.086+0000] {logging_mixin.py:188} INFO - [2025-07-16T23:41:58.085+0000] {dagbag.py:538} INFO - Filling up the DagBag from /home/airflow/.local/lib/python3.8/site-packages/airflow/example_dags/example_dynamic_task_mapping.py
[2025-07-16T23:41:58.102+0000] {processor.py:840} INFO - DAG(s) 'example_dynamic_task_mapping' retrieved from /home/airflow/.local/lib/python3.8/site-packages/airflow/example_dags/example_dynamic_task_mapping.py
[2025-07-16T23:41:58.166+0000] {logging_mixin.py:188} INFO - [2025-07-16T23:41:58.165+0000] {dag.py:3036} INFO - Sync 1 DAGs
[2025-07-16T23:41:58.215+0000] {logging_mixin.py:188} INFO - [2025-07-16T23:41:58.215+0000] {dag.py:3823} INFO - Setting next_dagrun for example_dynamic_task_mapping to 2022-03-04 00:00:00+00:00, run_after=2022-03-05 00:00:00+00:00
[2025-07-16T23:41:58.257+0000] {processor.py:183} INFO - Processing /home/airflow/.local/lib/python3.8/site-packages/airflow/example_dags/example_dynamic_task_mapping.py took 0.182 seconds
[2025-07-16T23:42:29.158+0000] {processor.py:161} INFO - Started process (PID=1146) to work on /home/airflow/.local/lib/python3.8/site-packages/airflow/example_dags/example_dynamic_task_mapping.py
[2025-07-16T23:42:29.204+0000] {processor.py:830} INFO - Processing file /home/airflow/.local/lib/python3.8/site-packages/airflow/example_dags/example_dynamic_task_mapping.py for tasks to queue
[2025-07-16T23:42:29.207+0000] {logging_mixin.py:188} INFO - [2025-07-16T23:42:29.207+0000] {dagbag.py:538} INFO - Filling up the DagBag from /home/airflow/.local/lib/python3.8/site-packages/airflow/example_dags/example_dynamic_task_mapping.py
[2025-07-16T23:42:29.219+0000] {processor.py:840} INFO - DAG(s) 'example_dynamic_task_mapping' retrieved from /home/airflow/.local/lib/python3.8/site-packages/airflow/example_dags/example_dynamic_task_mapping.py
[2025-07-16T23:42:29.261+0000] {logging_mixin.py:188} INFO - [2025-07-16T23:42:29.261+0000] {dag.py:3036} INFO - Sync 1 DAGs
[2025-07-16T23:42:29.327+0000] {logging_mixin.py:188} INFO - [2025-07-16T23:42:29.327+0000] {dag.py:3823} INFO - Setting next_dagrun for example_dynamic_task_mapping to 2022-03-04 00:00:00+00:00, run_after=2022-03-05 00:00:00+00:00
[2025-07-16T23:42:29.383+0000] {processor.py:183} INFO - Processing /home/airflow/.local/lib/python3.8/site-packages/airflow/example_dags/example_dynamic_task_mapping.py took 0.232 seconds
[2025-07-16T23:42:59.601+0000] {processor.py:161} INFO - Started process (PID=1211) to work on /home/airflow/.local/lib/python3.8/site-packages/airflow/example_dags/example_dynamic_task_mapping.py
[2025-07-16T23:42:59.603+0000] {processor.py:830} INFO - Processing file /home/airflow/.local/lib/python3.8/site-packages/airflow/example_dags/example_dynamic_task_mapping.py for tasks to queue
[2025-07-16T23:42:59.607+0000] {logging_mixin.py:188} INFO - [2025-07-16T23:42:59.606+0000] {dagbag.py:538} INFO - Filling up the DagBag from /home/airflow/.local/lib/python3.8/site-packages/airflow/example_dags/example_dynamic_task_mapping.py
[2025-07-16T23:42:59.622+0000] {processor.py:840} INFO - DAG(s) 'example_dynamic_task_mapping' retrieved from /home/airflow/.local/lib/python3.8/site-packages/airflow/example_dags/example_dynamic_task_mapping.py
[2025-07-16T23:42:59.663+0000] {logging_mixin.py:188} INFO - [2025-07-16T23:42:59.663+0000] {dag.py:3036} INFO - Sync 1 DAGs
[2025-07-16T23:42:59.708+0000] {logging_mixin.py:188} INFO - [2025-07-16T23:42:59.708+0000] {dag.py:3823} INFO - Setting next_dagrun for example_dynamic_task_mapping to 2022-03-04 00:00:00+00:00, run_after=2022-03-05 00:00:00+00:00
[2025-07-16T23:42:59.747+0000] {processor.py:183} INFO - Processing /home/airflow/.local/lib/python3.8/site-packages/airflow/example_dags/example_dynamic_task_mapping.py took 0.151 seconds
[2025-07-16T23:43:30.142+0000] {processor.py:161} INFO - Started process (PID=1277) to work on /home/airflow/.local/lib/python3.8/site-packages/airflow/example_dags/example_dynamic_task_mapping.py
[2025-07-16T23:43:30.144+0000] {processor.py:830} INFO - Processing file /home/airflow/.local/lib/python3.8/site-packages/airflow/example_dags/example_dynamic_task_mapping.py for tasks to queue
[2025-07-16T23:43:30.148+0000] {logging_mixin.py:188} INFO - [2025-07-16T23:43:30.147+0000] {dagbag.py:538} INFO - Filling up the DagBag from /home/airflow/.local/lib/python3.8/site-packages/airflow/example_dags/example_dynamic_task_mapping.py
[2025-07-16T23:43:30.159+0000] {processor.py:840} INFO - DAG(s) 'example_dynamic_task_mapping' retrieved from /home/airflow/.local/lib/python3.8/site-packages/airflow/example_dags/example_dynamic_task_mapping.py
[2025-07-16T23:43:30.209+0000] {logging_mixin.py:188} INFO - [2025-07-16T23:43:30.208+0000] {dag.py:3036} INFO - Sync 1 DAGs
[2025-07-16T23:43:30.256+0000] {logging_mixin.py:188} INFO - [2025-07-16T23:43:30.256+0000] {dag.py:3823} INFO - Setting next_dagrun for example_dynamic_task_mapping to 2022-03-04 00:00:00+00:00, run_after=2022-03-05 00:00:00+00:00
[2025-07-16T23:43:30.293+0000] {processor.py:183} INFO - Processing /home/airflow/.local/lib/python3.8/site-packages/airflow/example_dags/example_dynamic_task_mapping.py took 0.157 seconds
[2025-07-16T23:44:00.707+0000] {processor.py:161} INFO - Started process (PID=1343) to work on /home/airflow/.local/lib/python3.8/site-packages/airflow/example_dags/example_dynamic_task_mapping.py
[2025-07-16T23:44:00.710+0000] {processor.py:830} INFO - Processing file /home/airflow/.local/lib/python3.8/site-packages/airflow/example_dags/example_dynamic_task_mapping.py for tasks to queue
[2025-07-16T23:44:00.712+0000] {logging_mixin.py:188} INFO - [2025-07-16T23:44:00.712+0000] {dagbag.py:538} INFO - Filling up the DagBag from /home/airflow/.local/lib/python3.8/site-packages/airflow/example_dags/example_dynamic_task_mapping.py
[2025-07-16T23:44:00.722+0000] {processor.py:840} INFO - DAG(s) 'example_dynamic_task_mapping' retrieved from /home/airflow/.local/lib/python3.8/site-packages/airflow/example_dags/example_dynamic_task_mapping.py
[2025-07-16T23:44:00.755+0000] {logging_mixin.py:188} INFO - [2025-07-16T23:44:00.754+0000] {dag.py:3036} INFO - Sync 1 DAGs
[2025-07-16T23:44:00.809+0000] {logging_mixin.py:188} INFO - [2025-07-16T23:44:00.809+0000] {dag.py:3823} INFO - Setting next_dagrun for example_dynamic_task_mapping to 2022-03-04 00:00:00+00:00, run_after=2022-03-05 00:00:00+00:00
[2025-07-16T23:44:00.853+0000] {processor.py:183} INFO - Processing /home/airflow/.local/lib/python3.8/site-packages/airflow/example_dags/example_dynamic_task_mapping.py took 0.151 seconds
[2025-07-16T23:44:31.110+0000] {processor.py:161} INFO - Started process (PID=1409) to work on /home/airflow/.local/lib/python3.8/site-packages/airflow/example_dags/example_dynamic_task_mapping.py
[2025-07-16T23:44:31.112+0000] {processor.py:830} INFO - Processing file /home/airflow/.local/lib/python3.8/site-packages/airflow/example_dags/example_dynamic_task_mapping.py for tasks to queue
[2025-07-16T23:44:31.116+0000] {logging_mixin.py:188} INFO - [2025-07-16T23:44:31.116+0000] {dagbag.py:538} INFO - Filling up the DagBag from /home/airflow/.local/lib/python3.8/site-packages/airflow/example_dags/example_dynamic_task_mapping.py
[2025-07-16T23:44:31.129+0000] {processor.py:840} INFO - DAG(s) 'example_dynamic_task_mapping' retrieved from /home/airflow/.local/lib/python3.8/site-packages/airflow/example_dags/example_dynamic_task_mapping.py
[2025-07-16T23:44:31.181+0000] {logging_mixin.py:188} INFO - [2025-07-16T23:44:31.180+0000] {dag.py:3036} INFO - Sync 1 DAGs
[2025-07-16T23:44:31.242+0000] {logging_mixin.py:188} INFO - [2025-07-16T23:44:31.242+0000] {dag.py:3823} INFO - Setting next_dagrun for example_dynamic_task_mapping to 2022-03-04 00:00:00+00:00, run_after=2022-03-05 00:00:00+00:00
[2025-07-16T23:44:31.285+0000] {processor.py:183} INFO - Processing /home/airflow/.local/lib/python3.8/site-packages/airflow/example_dags/example_dynamic_task_mapping.py took 0.182 seconds
[2025-07-16T23:45:02.185+0000] {processor.py:161} INFO - Started process (PID=1474) to work on /home/airflow/.local/lib/python3.8/site-packages/airflow/example_dags/example_dynamic_task_mapping.py
[2025-07-16T23:45:02.187+0000] {processor.py:830} INFO - Processing file /home/airflow/.local/lib/python3.8/site-packages/airflow/example_dags/example_dynamic_task_mapping.py for tasks to queue
[2025-07-16T23:45:02.191+0000] {logging_mixin.py:188} INFO - [2025-07-16T23:45:02.190+0000] {dagbag.py:538} INFO - Filling up the DagBag from /home/airflow/.local/lib/python3.8/site-packages/airflow/example_dags/example_dynamic_task_mapping.py
[2025-07-16T23:45:02.202+0000] {processor.py:840} INFO - DAG(s) 'example_dynamic_task_mapping' retrieved from /home/airflow/.local/lib/python3.8/site-packages/airflow/example_dags/example_dynamic_task_mapping.py
[2025-07-16T23:45:02.241+0000] {logging_mixin.py:188} INFO - [2025-07-16T23:45:02.241+0000] {dag.py:3036} INFO - Sync 1 DAGs
[2025-07-16T23:45:02.277+0000] {logging_mixin.py:188} INFO - [2025-07-16T23:45:02.277+0000] {dag.py:3823} INFO - Setting next_dagrun for example_dynamic_task_mapping to 2022-03-04 00:00:00+00:00, run_after=2022-03-05 00:00:00+00:00
[2025-07-16T23:45:02.311+0000] {processor.py:183} INFO - Processing /home/airflow/.local/lib/python3.8/site-packages/airflow/example_dags/example_dynamic_task_mapping.py took 0.132 seconds
[2025-07-16T23:45:32.800+0000] {processor.py:161} INFO - Started process (PID=1534) to work on /home/airflow/.local/lib/python3.8/site-packages/airflow/example_dags/example_dynamic_task_mapping.py
[2025-07-16T23:45:32.801+0000] {processor.py:830} INFO - Processing file /home/airflow/.local/lib/python3.8/site-packages/airflow/example_dags/example_dynamic_task_mapping.py for tasks to queue
[2025-07-16T23:45:32.805+0000] {logging_mixin.py:188} INFO - [2025-07-16T23:45:32.804+0000] {dagbag.py:538} INFO - Filling up the DagBag from /home/airflow/.local/lib/python3.8/site-packages/airflow/example_dags/example_dynamic_task_mapping.py
[2025-07-16T23:45:32.816+0000] {processor.py:840} INFO - DAG(s) 'example_dynamic_task_mapping' retrieved from /home/airflow/.local/lib/python3.8/site-packages/airflow/example_dags/example_dynamic_task_mapping.py
[2025-07-16T23:45:32.852+0000] {logging_mixin.py:188} INFO - [2025-07-16T23:45:32.852+0000] {dag.py:3036} INFO - Sync 1 DAGs
[2025-07-16T23:45:32.891+0000] {logging_mixin.py:188} INFO - [2025-07-16T23:45:32.891+0000] {dag.py:3823} INFO - Setting next_dagrun for example_dynamic_task_mapping to 2022-03-04 00:00:00+00:00, run_after=2022-03-05 00:00:00+00:00
[2025-07-16T23:45:32.925+0000] {processor.py:183} INFO - Processing /home/airflow/.local/lib/python3.8/site-packages/airflow/example_dags/example_dynamic_task_mapping.py took 0.130 seconds
[2025-07-16T23:46:03.252+0000] {processor.py:161} INFO - Started process (PID=1598) to work on /home/airflow/.local/lib/python3.8/site-packages/airflow/example_dags/example_dynamic_task_mapping.py
[2025-07-16T23:46:03.254+0000] {processor.py:830} INFO - Processing file /home/airflow/.local/lib/python3.8/site-packages/airflow/example_dags/example_dynamic_task_mapping.py for tasks to queue
[2025-07-16T23:46:03.257+0000] {logging_mixin.py:188} INFO - [2025-07-16T23:46:03.257+0000] {dagbag.py:538} INFO - Filling up the DagBag from /home/airflow/.local/lib/python3.8/site-packages/airflow/example_dags/example_dynamic_task_mapping.py
[2025-07-16T23:46:03.269+0000] {processor.py:840} INFO - DAG(s) 'example_dynamic_task_mapping' retrieved from /home/airflow/.local/lib/python3.8/site-packages/airflow/example_dags/example_dynamic_task_mapping.py
[2025-07-16T23:46:03.308+0000] {logging_mixin.py:188} INFO - [2025-07-16T23:46:03.308+0000] {dag.py:3036} INFO - Sync 1 DAGs
[2025-07-16T23:46:03.335+0000] {logging_mixin.py:188} INFO - [2025-07-16T23:46:03.335+0000] {dag.py:3823} INFO - Setting next_dagrun for example_dynamic_task_mapping to 2022-03-04 00:00:00+00:00, run_after=2022-03-05 00:00:00+00:00
[2025-07-16T23:46:03.364+0000] {processor.py:183} INFO - Processing /home/airflow/.local/lib/python3.8/site-packages/airflow/example_dags/example_dynamic_task_mapping.py took 0.119 seconds
[2025-07-16T23:46:33.989+0000] {processor.py:161} INFO - Started process (PID=1664) to work on /home/airflow/.local/lib/python3.8/site-packages/airflow/example_dags/example_dynamic_task_mapping.py
[2025-07-16T23:46:33.991+0000] {processor.py:830} INFO - Processing file /home/airflow/.local/lib/python3.8/site-packages/airflow/example_dags/example_dynamic_task_mapping.py for tasks to queue
[2025-07-16T23:46:33.996+0000] {logging_mixin.py:188} INFO - [2025-07-16T23:46:33.995+0000] {dagbag.py:538} INFO - Filling up the DagBag from /home/airflow/.local/lib/python3.8/site-packages/airflow/example_dags/example_dynamic_task_mapping.py
[2025-07-16T23:46:34.012+0000] {processor.py:840} INFO - DAG(s) 'example_dynamic_task_mapping' retrieved from /home/airflow/.local/lib/python3.8/site-packages/airflow/example_dags/example_dynamic_task_mapping.py
[2025-07-16T23:46:34.067+0000] {logging_mixin.py:188} INFO - [2025-07-16T23:46:34.067+0000] {dag.py:3036} INFO - Sync 1 DAGs
[2025-07-16T23:46:34.133+0000] {logging_mixin.py:188} INFO - [2025-07-16T23:46:34.133+0000] {dag.py:3823} INFO - Setting next_dagrun for example_dynamic_task_mapping to 2022-03-04 00:00:00+00:00, run_after=2022-03-05 00:00:00+00:00
[2025-07-16T23:46:34.176+0000] {processor.py:183} INFO - Processing /home/airflow/.local/lib/python3.8/site-packages/airflow/example_dags/example_dynamic_task_mapping.py took 0.193 seconds
[2025-07-16T23:47:04.640+0000] {processor.py:161} INFO - Started process (PID=1730) to work on /home/airflow/.local/lib/python3.8/site-packages/airflow/example_dags/example_dynamic_task_mapping.py
[2025-07-16T23:47:04.642+0000] {processor.py:830} INFO - Processing file /home/airflow/.local/lib/python3.8/site-packages/airflow/example_dags/example_dynamic_task_mapping.py for tasks to queue
[2025-07-16T23:47:04.645+0000] {logging_mixin.py:188} INFO - [2025-07-16T23:47:04.645+0000] {dagbag.py:538} INFO - Filling up the DagBag from /home/airflow/.local/lib/python3.8/site-packages/airflow/example_dags/example_dynamic_task_mapping.py
[2025-07-16T23:47:04.657+0000] {processor.py:840} INFO - DAG(s) 'example_dynamic_task_mapping' retrieved from /home/airflow/.local/lib/python3.8/site-packages/airflow/example_dags/example_dynamic_task_mapping.py
[2025-07-16T23:47:04.693+0000] {logging_mixin.py:188} INFO - [2025-07-16T23:47:04.692+0000] {dag.py:3036} INFO - Sync 1 DAGs
[2025-07-16T23:47:04.731+0000] {logging_mixin.py:188} INFO - [2025-07-16T23:47:04.730+0000] {dag.py:3823} INFO - Setting next_dagrun for example_dynamic_task_mapping to 2022-03-04 00:00:00+00:00, run_after=2022-03-05 00:00:00+00:00
[2025-07-16T23:47:04.775+0000] {processor.py:183} INFO - Processing /home/airflow/.local/lib/python3.8/site-packages/airflow/example_dags/example_dynamic_task_mapping.py took 0.141 seconds
[2025-07-16T23:47:35.681+0000] {processor.py:161} INFO - Started process (PID=1796) to work on /home/airflow/.local/lib/python3.8/site-packages/airflow/example_dags/example_dynamic_task_mapping.py
[2025-07-16T23:47:35.682+0000] {processor.py:830} INFO - Processing file /home/airflow/.local/lib/python3.8/site-packages/airflow/example_dags/example_dynamic_task_mapping.py for tasks to queue
[2025-07-16T23:47:35.689+0000] {logging_mixin.py:188} INFO - [2025-07-16T23:47:35.687+0000] {dagbag.py:538} INFO - Filling up the DagBag from /home/airflow/.local/lib/python3.8/site-packages/airflow/example_dags/example_dynamic_task_mapping.py
[2025-07-16T23:47:35.700+0000] {processor.py:840} INFO - DAG(s) 'example_dynamic_task_mapping' retrieved from /home/airflow/.local/lib/python3.8/site-packages/airflow/example_dags/example_dynamic_task_mapping.py
[2025-07-16T23:47:35.730+0000] {logging_mixin.py:188} INFO - [2025-07-16T23:47:35.730+0000] {dag.py:3036} INFO - Sync 1 DAGs
[2025-07-16T23:47:35.771+0000] {logging_mixin.py:188} INFO - [2025-07-16T23:47:35.770+0000] {dag.py:3823} INFO - Setting next_dagrun for example_dynamic_task_mapping to 2022-03-04 00:00:00+00:00, run_after=2022-03-05 00:00:00+00:00
[2025-07-16T23:47:35.805+0000] {processor.py:183} INFO - Processing /home/airflow/.local/lib/python3.8/site-packages/airflow/example_dags/example_dynamic_task_mapping.py took 0.132 seconds
[2025-07-16T23:48:05.841+0000] {processor.py:161} INFO - Started process (PID=1860) to work on /home/airflow/.local/lib/python3.8/site-packages/airflow/example_dags/example_dynamic_task_mapping.py
[2025-07-16T23:48:05.842+0000] {processor.py:830} INFO - Processing file /home/airflow/.local/lib/python3.8/site-packages/airflow/example_dags/example_dynamic_task_mapping.py for tasks to queue
[2025-07-16T23:48:05.845+0000] {logging_mixin.py:188} INFO - [2025-07-16T23:48:05.844+0000] {dagbag.py:538} INFO - Filling up the DagBag from /home/airflow/.local/lib/python3.8/site-packages/airflow/example_dags/example_dynamic_task_mapping.py
[2025-07-16T23:48:05.853+0000] {processor.py:840} INFO - DAG(s) 'example_dynamic_task_mapping' retrieved from /home/airflow/.local/lib/python3.8/site-packages/airflow/example_dags/example_dynamic_task_mapping.py
[2025-07-16T23:48:05.881+0000] {logging_mixin.py:188} INFO - [2025-07-16T23:48:05.881+0000] {dag.py:3036} INFO - Sync 1 DAGs
[2025-07-16T23:48:05.911+0000] {logging_mixin.py:188} INFO - [2025-07-16T23:48:05.911+0000] {dag.py:3823} INFO - Setting next_dagrun for example_dynamic_task_mapping to 2022-03-04 00:00:00+00:00, run_after=2022-03-05 00:00:00+00:00
[2025-07-16T23:48:05.942+0000] {processor.py:183} INFO - Processing /home/airflow/.local/lib/python3.8/site-packages/airflow/example_dags/example_dynamic_task_mapping.py took 0.106 seconds
[2025-07-16T23:48:36.304+0000] {processor.py:161} INFO - Started process (PID=1925) to work on /home/airflow/.local/lib/python3.8/site-packages/airflow/example_dags/example_dynamic_task_mapping.py
[2025-07-16T23:48:36.306+0000] {processor.py:830} INFO - Processing file /home/airflow/.local/lib/python3.8/site-packages/airflow/example_dags/example_dynamic_task_mapping.py for tasks to queue
[2025-07-16T23:48:36.308+0000] {logging_mixin.py:188} INFO - [2025-07-16T23:48:36.308+0000] {dagbag.py:538} INFO - Filling up the DagBag from /home/airflow/.local/lib/python3.8/site-packages/airflow/example_dags/example_dynamic_task_mapping.py
[2025-07-16T23:48:36.316+0000] {processor.py:840} INFO - DAG(s) 'example_dynamic_task_mapping' retrieved from /home/airflow/.local/lib/python3.8/site-packages/airflow/example_dags/example_dynamic_task_mapping.py
[2025-07-16T23:48:36.341+0000] {logging_mixin.py:188} INFO - [2025-07-16T23:48:36.341+0000] {dag.py:3036} INFO - Sync 1 DAGs
[2025-07-16T23:48:36.373+0000] {logging_mixin.py:188} INFO - [2025-07-16T23:48:36.372+0000] {dag.py:3823} INFO - Setting next_dagrun for example_dynamic_task_mapping to 2022-03-04 00:00:00+00:00, run_after=2022-03-05 00:00:00+00:00
[2025-07-16T23:48:36.400+0000] {processor.py:183} INFO - Processing /home/airflow/.local/lib/python3.8/site-packages/airflow/example_dags/example_dynamic_task_mapping.py took 0.100 seconds
[2025-07-16T23:49:06.783+0000] {processor.py:161} INFO - Started process (PID=1990) to work on /home/airflow/.local/lib/python3.8/site-packages/airflow/example_dags/example_dynamic_task_mapping.py
[2025-07-16T23:49:06.784+0000] {processor.py:830} INFO - Processing file /home/airflow/.local/lib/python3.8/site-packages/airflow/example_dags/example_dynamic_task_mapping.py for tasks to queue
[2025-07-16T23:49:06.788+0000] {logging_mixin.py:188} INFO - [2025-07-16T23:49:06.787+0000] {dagbag.py:538} INFO - Filling up the DagBag from /home/airflow/.local/lib/python3.8/site-packages/airflow/example_dags/example_dynamic_task_mapping.py
[2025-07-16T23:49:06.798+0000] {processor.py:840} INFO - DAG(s) 'example_dynamic_task_mapping' retrieved from /home/airflow/.local/lib/python3.8/site-packages/airflow/example_dags/example_dynamic_task_mapping.py
[2025-07-16T23:49:06.830+0000] {logging_mixin.py:188} INFO - [2025-07-16T23:49:06.830+0000] {dag.py:3036} INFO - Sync 1 DAGs
[2025-07-16T23:49:07.112+0000] {logging_mixin.py:188} INFO - [2025-07-16T23:49:07.112+0000] {dag.py:3823} INFO - Setting next_dagrun for example_dynamic_task_mapping to 2022-03-04 00:00:00+00:00, run_after=2022-03-05 00:00:00+00:00
[2025-07-16T23:49:07.152+0000] {processor.py:183} INFO - Processing /home/airflow/.local/lib/python3.8/site-packages/airflow/example_dags/example_dynamic_task_mapping.py took 0.375 seconds
[2025-07-16T23:49:37.567+0000] {processor.py:161} INFO - Started process (PID=2052) to work on /home/airflow/.local/lib/python3.8/site-packages/airflow/example_dags/example_dynamic_task_mapping.py
[2025-07-16T23:49:37.568+0000] {processor.py:830} INFO - Processing file /home/airflow/.local/lib/python3.8/site-packages/airflow/example_dags/example_dynamic_task_mapping.py for tasks to queue
[2025-07-16T23:49:37.570+0000] {logging_mixin.py:188} INFO - [2025-07-16T23:49:37.570+0000] {dagbag.py:538} INFO - Filling up the DagBag from /home/airflow/.local/lib/python3.8/site-packages/airflow/example_dags/example_dynamic_task_mapping.py
[2025-07-16T23:49:37.579+0000] {processor.py:840} INFO - DAG(s) 'example_dynamic_task_mapping' retrieved from /home/airflow/.local/lib/python3.8/site-packages/airflow/example_dags/example_dynamic_task_mapping.py
[2025-07-16T23:49:37.612+0000] {logging_mixin.py:188} INFO - [2025-07-16T23:49:37.611+0000] {dag.py:3036} INFO - Sync 1 DAGs
[2025-07-16T23:49:37.651+0000] {logging_mixin.py:188} INFO - [2025-07-16T23:49:37.650+0000] {dag.py:3823} INFO - Setting next_dagrun for example_dynamic_task_mapping to 2022-03-04 00:00:00+00:00, run_after=2022-03-05 00:00:00+00:00
[2025-07-16T23:49:37.682+0000] {processor.py:183} INFO - Processing /home/airflow/.local/lib/python3.8/site-packages/airflow/example_dags/example_dynamic_task_mapping.py took 0.120 seconds
[2025-07-16T23:50:07.724+0000] {processor.py:161} INFO - Started process (PID=2117) to work on /home/airflow/.local/lib/python3.8/site-packages/airflow/example_dags/example_dynamic_task_mapping.py
[2025-07-16T23:50:07.726+0000] {processor.py:830} INFO - Processing file /home/airflow/.local/lib/python3.8/site-packages/airflow/example_dags/example_dynamic_task_mapping.py for tasks to queue
[2025-07-16T23:50:07.729+0000] {logging_mixin.py:188} INFO - [2025-07-16T23:50:07.729+0000] {dagbag.py:538} INFO - Filling up the DagBag from /home/airflow/.local/lib/python3.8/site-packages/airflow/example_dags/example_dynamic_task_mapping.py
[2025-07-16T23:50:07.741+0000] {processor.py:840} INFO - DAG(s) 'example_dynamic_task_mapping' retrieved from /home/airflow/.local/lib/python3.8/site-packages/airflow/example_dags/example_dynamic_task_mapping.py
[2025-07-16T23:50:07.782+0000] {logging_mixin.py:188} INFO - [2025-07-16T23:50:07.782+0000] {dag.py:3036} INFO - Sync 1 DAGs
[2025-07-16T23:50:07.825+0000] {logging_mixin.py:188} INFO - [2025-07-16T23:50:07.825+0000] {dag.py:3823} INFO - Setting next_dagrun for example_dynamic_task_mapping to 2022-03-04 00:00:00+00:00, run_after=2022-03-05 00:00:00+00:00
[2025-07-16T23:50:07.860+0000] {processor.py:183} INFO - Processing /home/airflow/.local/lib/python3.8/site-packages/airflow/example_dags/example_dynamic_task_mapping.py took 0.142 seconds
[2025-07-16T23:50:38.231+0000] {processor.py:161} INFO - Started process (PID=2182) to work on /home/airflow/.local/lib/python3.8/site-packages/airflow/example_dags/example_dynamic_task_mapping.py
[2025-07-16T23:50:38.232+0000] {processor.py:830} INFO - Processing file /home/airflow/.local/lib/python3.8/site-packages/airflow/example_dags/example_dynamic_task_mapping.py for tasks to queue
[2025-07-16T23:50:38.236+0000] {logging_mixin.py:188} INFO - [2025-07-16T23:50:38.235+0000] {dagbag.py:538} INFO - Filling up the DagBag from /home/airflow/.local/lib/python3.8/site-packages/airflow/example_dags/example_dynamic_task_mapping.py
[2025-07-16T23:50:38.251+0000] {processor.py:840} INFO - DAG(s) 'example_dynamic_task_mapping' retrieved from /home/airflow/.local/lib/python3.8/site-packages/airflow/example_dags/example_dynamic_task_mapping.py
[2025-07-16T23:50:38.277+0000] {logging_mixin.py:188} INFO - [2025-07-16T23:50:38.277+0000] {dag.py:3036} INFO - Sync 1 DAGs
[2025-07-16T23:50:38.311+0000] {logging_mixin.py:188} INFO - [2025-07-16T23:50:38.310+0000] {dag.py:3823} INFO - Setting next_dagrun for example_dynamic_task_mapping to 2022-03-04 00:00:00+00:00, run_after=2022-03-05 00:00:00+00:00
[2025-07-16T23:50:38.336+0000] {processor.py:183} INFO - Processing /home/airflow/.local/lib/python3.8/site-packages/airflow/example_dags/example_dynamic_task_mapping.py took 0.111 seconds
[2025-07-16T23:51:08.889+0000] {processor.py:161} INFO - Started process (PID=2248) to work on /home/airflow/.local/lib/python3.8/site-packages/airflow/example_dags/example_dynamic_task_mapping.py
[2025-07-16T23:51:08.890+0000] {processor.py:830} INFO - Processing file /home/airflow/.local/lib/python3.8/site-packages/airflow/example_dags/example_dynamic_task_mapping.py for tasks to queue
[2025-07-16T23:51:08.894+0000] {logging_mixin.py:188} INFO - [2025-07-16T23:51:08.893+0000] {dagbag.py:538} INFO - Filling up the DagBag from /home/airflow/.local/lib/python3.8/site-packages/airflow/example_dags/example_dynamic_task_mapping.py
[2025-07-16T23:51:08.904+0000] {processor.py:840} INFO - DAG(s) 'example_dynamic_task_mapping' retrieved from /home/airflow/.local/lib/python3.8/site-packages/airflow/example_dags/example_dynamic_task_mapping.py
[2025-07-16T23:51:08.937+0000] {logging_mixin.py:188} INFO - [2025-07-16T23:51:08.937+0000] {dag.py:3036} INFO - Sync 1 DAGs
[2025-07-16T23:51:08.976+0000] {logging_mixin.py:188} INFO - [2025-07-16T23:51:08.975+0000] {dag.py:3823} INFO - Setting next_dagrun for example_dynamic_task_mapping to 2022-03-04 00:00:00+00:00, run_after=2022-03-05 00:00:00+00:00
[2025-07-16T23:51:09.008+0000] {processor.py:183} INFO - Processing /home/airflow/.local/lib/python3.8/site-packages/airflow/example_dags/example_dynamic_task_mapping.py took 0.125 seconds
[2025-07-16T23:51:39.432+0000] {processor.py:161} INFO - Started process (PID=2314) to work on /home/airflow/.local/lib/python3.8/site-packages/airflow/example_dags/example_dynamic_task_mapping.py
[2025-07-16T23:51:39.435+0000] {processor.py:830} INFO - Processing file /home/airflow/.local/lib/python3.8/site-packages/airflow/example_dags/example_dynamic_task_mapping.py for tasks to queue
[2025-07-16T23:51:39.438+0000] {logging_mixin.py:188} INFO - [2025-07-16T23:51:39.438+0000] {dagbag.py:538} INFO - Filling up the DagBag from /home/airflow/.local/lib/python3.8/site-packages/airflow/example_dags/example_dynamic_task_mapping.py
[2025-07-16T23:51:39.450+0000] {processor.py:840} INFO - DAG(s) 'example_dynamic_task_mapping' retrieved from /home/airflow/.local/lib/python3.8/site-packages/airflow/example_dags/example_dynamic_task_mapping.py
[2025-07-16T23:51:39.495+0000] {logging_mixin.py:188} INFO - [2025-07-16T23:51:39.495+0000] {dag.py:3036} INFO - Sync 1 DAGs
[2025-07-16T23:51:39.768+0000] {logging_mixin.py:188} INFO - [2025-07-16T23:51:39.768+0000] {dag.py:3823} INFO - Setting next_dagrun for example_dynamic_task_mapping to 2022-03-04 00:00:00+00:00, run_after=2022-03-05 00:00:00+00:00
[2025-07-16T23:51:39.802+0000] {processor.py:183} INFO - Processing /home/airflow/.local/lib/python3.8/site-packages/airflow/example_dags/example_dynamic_task_mapping.py took 0.376 seconds
[2025-07-16T23:52:10.083+0000] {processor.py:161} INFO - Started process (PID=2380) to work on /home/airflow/.local/lib/python3.8/site-packages/airflow/example_dags/example_dynamic_task_mapping.py
[2025-07-16T23:52:10.084+0000] {processor.py:830} INFO - Processing file /home/airflow/.local/lib/python3.8/site-packages/airflow/example_dags/example_dynamic_task_mapping.py for tasks to queue
[2025-07-16T23:52:10.088+0000] {logging_mixin.py:188} INFO - [2025-07-16T23:52:10.087+0000] {dagbag.py:538} INFO - Filling up the DagBag from /home/airflow/.local/lib/python3.8/site-packages/airflow/example_dags/example_dynamic_task_mapping.py
[2025-07-16T23:52:10.100+0000] {processor.py:840} INFO - DAG(s) 'example_dynamic_task_mapping' retrieved from /home/airflow/.local/lib/python3.8/site-packages/airflow/example_dags/example_dynamic_task_mapping.py
[2025-07-16T23:52:10.125+0000] {logging_mixin.py:188} INFO - [2025-07-16T23:52:10.125+0000] {dag.py:3036} INFO - Sync 1 DAGs
[2025-07-16T23:52:10.310+0000] {logging_mixin.py:188} INFO - [2025-07-16T23:52:10.310+0000] {dag.py:3823} INFO - Setting next_dagrun for example_dynamic_task_mapping to 2022-03-04 00:00:00+00:00, run_after=2022-03-05 00:00:00+00:00
[2025-07-16T23:52:10.338+0000] {processor.py:183} INFO - Processing /home/airflow/.local/lib/python3.8/site-packages/airflow/example_dags/example_dynamic_task_mapping.py took 0.261 seconds
[2025-07-16T23:52:40.825+0000] {processor.py:161} INFO - Started process (PID=2445) to work on /home/airflow/.local/lib/python3.8/site-packages/airflow/example_dags/example_dynamic_task_mapping.py
[2025-07-16T23:52:40.827+0000] {processor.py:830} INFO - Processing file /home/airflow/.local/lib/python3.8/site-packages/airflow/example_dags/example_dynamic_task_mapping.py for tasks to queue
[2025-07-16T23:52:40.830+0000] {logging_mixin.py:188} INFO - [2025-07-16T23:52:40.829+0000] {dagbag.py:538} INFO - Filling up the DagBag from /home/airflow/.local/lib/python3.8/site-packages/airflow/example_dags/example_dynamic_task_mapping.py
[2025-07-16T23:52:40.838+0000] {processor.py:840} INFO - DAG(s) 'example_dynamic_task_mapping' retrieved from /home/airflow/.local/lib/python3.8/site-packages/airflow/example_dags/example_dynamic_task_mapping.py
[2025-07-16T23:52:40.869+0000] {logging_mixin.py:188} INFO - [2025-07-16T23:52:40.868+0000] {dag.py:3036} INFO - Sync 1 DAGs
[2025-07-16T23:52:40.904+0000] {logging_mixin.py:188} INFO - [2025-07-16T23:52:40.904+0000] {dag.py:3823} INFO - Setting next_dagrun for example_dynamic_task_mapping to 2022-03-04 00:00:00+00:00, run_after=2022-03-05 00:00:00+00:00
[2025-07-16T23:52:40.938+0000] {processor.py:183} INFO - Processing /home/airflow/.local/lib/python3.8/site-packages/airflow/example_dags/example_dynamic_task_mapping.py took 0.118 seconds
[2025-07-16T23:53:11.547+0000] {processor.py:161} INFO - Started process (PID=2506) to work on /home/airflow/.local/lib/python3.8/site-packages/airflow/example_dags/example_dynamic_task_mapping.py
[2025-07-16T23:53:11.549+0000] {processor.py:830} INFO - Processing file /home/airflow/.local/lib/python3.8/site-packages/airflow/example_dags/example_dynamic_task_mapping.py for tasks to queue
[2025-07-16T23:53:11.551+0000] {logging_mixin.py:188} INFO - [2025-07-16T23:53:11.551+0000] {dagbag.py:538} INFO - Filling up the DagBag from /home/airflow/.local/lib/python3.8/site-packages/airflow/example_dags/example_dynamic_task_mapping.py
[2025-07-16T23:53:11.559+0000] {processor.py:840} INFO - DAG(s) 'example_dynamic_task_mapping' retrieved from /home/airflow/.local/lib/python3.8/site-packages/airflow/example_dags/example_dynamic_task_mapping.py
[2025-07-16T23:53:11.585+0000] {logging_mixin.py:188} INFO - [2025-07-16T23:53:11.585+0000] {dag.py:3036} INFO - Sync 1 DAGs
[2025-07-16T23:53:11.615+0000] {logging_mixin.py:188} INFO - [2025-07-16T23:53:11.614+0000] {dag.py:3823} INFO - Setting next_dagrun for example_dynamic_task_mapping to 2022-03-04 00:00:00+00:00, run_after=2022-03-05 00:00:00+00:00
[2025-07-16T23:53:11.643+0000] {processor.py:183} INFO - Processing /home/airflow/.local/lib/python3.8/site-packages/airflow/example_dags/example_dynamic_task_mapping.py took 0.102 seconds
[2025-07-16T23:53:41.949+0000] {processor.py:161} INFO - Started process (PID=2572) to work on /home/airflow/.local/lib/python3.8/site-packages/airflow/example_dags/example_dynamic_task_mapping.py
[2025-07-16T23:53:41.951+0000] {processor.py:830} INFO - Processing file /home/airflow/.local/lib/python3.8/site-packages/airflow/example_dags/example_dynamic_task_mapping.py for tasks to queue
[2025-07-16T23:53:41.953+0000] {logging_mixin.py:188} INFO - [2025-07-16T23:53:41.953+0000] {dagbag.py:538} INFO - Filling up the DagBag from /home/airflow/.local/lib/python3.8/site-packages/airflow/example_dags/example_dynamic_task_mapping.py
[2025-07-16T23:53:41.962+0000] {processor.py:840} INFO - DAG(s) 'example_dynamic_task_mapping' retrieved from /home/airflow/.local/lib/python3.8/site-packages/airflow/example_dags/example_dynamic_task_mapping.py
[2025-07-16T23:53:41.988+0000] {logging_mixin.py:188} INFO - [2025-07-16T23:53:41.988+0000] {dag.py:3036} INFO - Sync 1 DAGs
[2025-07-16T23:53:42.016+0000] {logging_mixin.py:188} INFO - [2025-07-16T23:53:42.015+0000] {dag.py:3823} INFO - Setting next_dagrun for example_dynamic_task_mapping to 2022-03-04 00:00:00+00:00, run_after=2022-03-05 00:00:00+00:00
[2025-07-16T23:53:42.042+0000] {processor.py:183} INFO - Processing /home/airflow/.local/lib/python3.8/site-packages/airflow/example_dags/example_dynamic_task_mapping.py took 0.097 seconds
[2025-07-16T23:54:12.767+0000] {processor.py:161} INFO - Started process (PID=2638) to work on /home/airflow/.local/lib/python3.8/site-packages/airflow/example_dags/example_dynamic_task_mapping.py
[2025-07-16T23:54:12.769+0000] {processor.py:830} INFO - Processing file /home/airflow/.local/lib/python3.8/site-packages/airflow/example_dags/example_dynamic_task_mapping.py for tasks to queue
[2025-07-16T23:54:12.772+0000] {logging_mixin.py:188} INFO - [2025-07-16T23:54:12.772+0000] {dagbag.py:538} INFO - Filling up the DagBag from /home/airflow/.local/lib/python3.8/site-packages/airflow/example_dags/example_dynamic_task_mapping.py
[2025-07-16T23:54:12.782+0000] {processor.py:840} INFO - DAG(s) 'example_dynamic_task_mapping' retrieved from /home/airflow/.local/lib/python3.8/site-packages/airflow/example_dags/example_dynamic_task_mapping.py
[2025-07-16T23:54:12.810+0000] {logging_mixin.py:188} INFO - [2025-07-16T23:54:12.809+0000] {dag.py:3036} INFO - Sync 1 DAGs
[2025-07-16T23:54:12.859+0000] {logging_mixin.py:188} INFO - [2025-07-16T23:54:12.858+0000] {dag.py:3823} INFO - Setting next_dagrun for example_dynamic_task_mapping to 2022-03-04 00:00:00+00:00, run_after=2022-03-05 00:00:00+00:00
[2025-07-16T23:54:12.892+0000] {processor.py:183} INFO - Processing /home/airflow/.local/lib/python3.8/site-packages/airflow/example_dags/example_dynamic_task_mapping.py took 0.130 seconds
[2025-07-16T23:54:43.113+0000] {processor.py:161} INFO - Started process (PID=2704) to work on /home/airflow/.local/lib/python3.8/site-packages/airflow/example_dags/example_dynamic_task_mapping.py
[2025-07-16T23:54:43.115+0000] {processor.py:830} INFO - Processing file /home/airflow/.local/lib/python3.8/site-packages/airflow/example_dags/example_dynamic_task_mapping.py for tasks to queue
[2025-07-16T23:54:43.119+0000] {logging_mixin.py:188} INFO - [2025-07-16T23:54:43.118+0000] {dagbag.py:538} INFO - Filling up the DagBag from /home/airflow/.local/lib/python3.8/site-packages/airflow/example_dags/example_dynamic_task_mapping.py
[2025-07-16T23:54:43.135+0000] {processor.py:840} INFO - DAG(s) 'example_dynamic_task_mapping' retrieved from /home/airflow/.local/lib/python3.8/site-packages/airflow/example_dags/example_dynamic_task_mapping.py
[2025-07-16T23:54:43.167+0000] {logging_mixin.py:188} INFO - [2025-07-16T23:54:43.167+0000] {dag.py:3036} INFO - Sync 1 DAGs
[2025-07-16T23:54:43.203+0000] {logging_mixin.py:188} INFO - [2025-07-16T23:54:43.202+0000] {dag.py:3823} INFO - Setting next_dagrun for example_dynamic_task_mapping to 2022-03-04 00:00:00+00:00, run_after=2022-03-05 00:00:00+00:00
[2025-07-16T23:54:43.239+0000] {processor.py:183} INFO - Processing /home/airflow/.local/lib/python3.8/site-packages/airflow/example_dags/example_dynamic_task_mapping.py took 0.131 seconds
[2025-07-16T23:55:13.399+0000] {processor.py:161} INFO - Started process (PID=2770) to work on /home/airflow/.local/lib/python3.8/site-packages/airflow/example_dags/example_dynamic_task_mapping.py
[2025-07-16T23:55:13.400+0000] {processor.py:830} INFO - Processing file /home/airflow/.local/lib/python3.8/site-packages/airflow/example_dags/example_dynamic_task_mapping.py for tasks to queue
[2025-07-16T23:55:13.403+0000] {logging_mixin.py:188} INFO - [2025-07-16T23:55:13.403+0000] {dagbag.py:538} INFO - Filling up the DagBag from /home/airflow/.local/lib/python3.8/site-packages/airflow/example_dags/example_dynamic_task_mapping.py
[2025-07-16T23:55:13.414+0000] {processor.py:840} INFO - DAG(s) 'example_dynamic_task_mapping' retrieved from /home/airflow/.local/lib/python3.8/site-packages/airflow/example_dags/example_dynamic_task_mapping.py
[2025-07-16T23:55:13.467+0000] {logging_mixin.py:188} INFO - [2025-07-16T23:55:13.467+0000] {dag.py:3036} INFO - Sync 1 DAGs
[2025-07-16T23:55:13.512+0000] {logging_mixin.py:188} INFO - [2025-07-16T23:55:13.512+0000] {dag.py:3823} INFO - Setting next_dagrun for example_dynamic_task_mapping to 2022-03-04 00:00:00+00:00, run_after=2022-03-05 00:00:00+00:00
[2025-07-16T23:55:13.550+0000] {processor.py:183} INFO - Processing /home/airflow/.local/lib/python3.8/site-packages/airflow/example_dags/example_dynamic_task_mapping.py took 0.156 seconds
[2025-07-16T23:55:43.613+0000] {processor.py:161} INFO - Started process (PID=2836) to work on /home/airflow/.local/lib/python3.8/site-packages/airflow/example_dags/example_dynamic_task_mapping.py
[2025-07-16T23:55:43.615+0000] {processor.py:830} INFO - Processing file /home/airflow/.local/lib/python3.8/site-packages/airflow/example_dags/example_dynamic_task_mapping.py for tasks to queue
[2025-07-16T23:55:43.617+0000] {logging_mixin.py:188} INFO - [2025-07-16T23:55:43.617+0000] {dagbag.py:538} INFO - Filling up the DagBag from /home/airflow/.local/lib/python3.8/site-packages/airflow/example_dags/example_dynamic_task_mapping.py
[2025-07-16T23:55:43.626+0000] {processor.py:840} INFO - DAG(s) 'example_dynamic_task_mapping' retrieved from /home/airflow/.local/lib/python3.8/site-packages/airflow/example_dags/example_dynamic_task_mapping.py
[2025-07-16T23:55:43.659+0000] {logging_mixin.py:188} INFO - [2025-07-16T23:55:43.658+0000] {dag.py:3036} INFO - Sync 1 DAGs
[2025-07-16T23:55:43.700+0000] {logging_mixin.py:188} INFO - [2025-07-16T23:55:43.700+0000] {dag.py:3823} INFO - Setting next_dagrun for example_dynamic_task_mapping to 2022-03-04 00:00:00+00:00, run_after=2022-03-05 00:00:00+00:00
[2025-07-16T23:55:43.737+0000] {processor.py:183} INFO - Processing /home/airflow/.local/lib/python3.8/site-packages/airflow/example_dags/example_dynamic_task_mapping.py took 0.129 seconds
[2025-07-16T23:56:14.422+0000] {processor.py:161} INFO - Started process (PID=2898) to work on /home/airflow/.local/lib/python3.8/site-packages/airflow/example_dags/example_dynamic_task_mapping.py
[2025-07-16T23:56:14.424+0000] {processor.py:830} INFO - Processing file /home/airflow/.local/lib/python3.8/site-packages/airflow/example_dags/example_dynamic_task_mapping.py for tasks to queue
[2025-07-16T23:56:14.427+0000] {logging_mixin.py:188} INFO - [2025-07-16T23:56:14.426+0000] {dagbag.py:538} INFO - Filling up the DagBag from /home/airflow/.local/lib/python3.8/site-packages/airflow/example_dags/example_dynamic_task_mapping.py
[2025-07-16T23:56:14.438+0000] {processor.py:840} INFO - DAG(s) 'example_dynamic_task_mapping' retrieved from /home/airflow/.local/lib/python3.8/site-packages/airflow/example_dags/example_dynamic_task_mapping.py
[2025-07-16T23:56:14.481+0000] {logging_mixin.py:188} INFO - [2025-07-16T23:56:14.480+0000] {dag.py:3036} INFO - Sync 1 DAGs
[2025-07-16T23:56:14.527+0000] {logging_mixin.py:188} INFO - [2025-07-16T23:56:14.526+0000] {dag.py:3823} INFO - Setting next_dagrun for example_dynamic_task_mapping to 2022-03-04 00:00:00+00:00, run_after=2022-03-05 00:00:00+00:00
[2025-07-16T23:56:14.571+0000] {processor.py:183} INFO - Processing /home/airflow/.local/lib/python3.8/site-packages/airflow/example_dags/example_dynamic_task_mapping.py took 0.155 seconds
[2025-07-16T23:56:44.667+0000] {processor.py:161} INFO - Started process (PID=2961) to work on /home/airflow/.local/lib/python3.8/site-packages/airflow/example_dags/example_dynamic_task_mapping.py
[2025-07-16T23:56:44.670+0000] {processor.py:830} INFO - Processing file /home/airflow/.local/lib/python3.8/site-packages/airflow/example_dags/example_dynamic_task_mapping.py for tasks to queue
[2025-07-16T23:56:44.673+0000] {logging_mixin.py:188} INFO - [2025-07-16T23:56:44.672+0000] {dagbag.py:538} INFO - Filling up the DagBag from /home/airflow/.local/lib/python3.8/site-packages/airflow/example_dags/example_dynamic_task_mapping.py
[2025-07-16T23:56:44.684+0000] {processor.py:840} INFO - DAG(s) 'example_dynamic_task_mapping' retrieved from /home/airflow/.local/lib/python3.8/site-packages/airflow/example_dags/example_dynamic_task_mapping.py
[2025-07-16T23:56:44.710+0000] {logging_mixin.py:188} INFO - [2025-07-16T23:56:44.710+0000] {dag.py:3036} INFO - Sync 1 DAGs
[2025-07-16T23:56:44.743+0000] {logging_mixin.py:188} INFO - [2025-07-16T23:56:44.743+0000] {dag.py:3823} INFO - Setting next_dagrun for example_dynamic_task_mapping to 2022-03-04 00:00:00+00:00, run_after=2022-03-05 00:00:00+00:00
[2025-07-16T23:56:44.774+0000] {processor.py:183} INFO - Processing /home/airflow/.local/lib/python3.8/site-packages/airflow/example_dags/example_dynamic_task_mapping.py took 0.113 seconds
[2025-07-16T23:57:15.023+0000] {processor.py:161} INFO - Started process (PID=3027) to work on /home/airflow/.local/lib/python3.8/site-packages/airflow/example_dags/example_dynamic_task_mapping.py
[2025-07-16T23:57:15.025+0000] {processor.py:830} INFO - Processing file /home/airflow/.local/lib/python3.8/site-packages/airflow/example_dags/example_dynamic_task_mapping.py for tasks to queue
[2025-07-16T23:57:15.028+0000] {logging_mixin.py:188} INFO - [2025-07-16T23:57:15.028+0000] {dagbag.py:538} INFO - Filling up the DagBag from /home/airflow/.local/lib/python3.8/site-packages/airflow/example_dags/example_dynamic_task_mapping.py
[2025-07-16T23:57:15.038+0000] {processor.py:840} INFO - DAG(s) 'example_dynamic_task_mapping' retrieved from /home/airflow/.local/lib/python3.8/site-packages/airflow/example_dags/example_dynamic_task_mapping.py
[2025-07-16T23:57:15.064+0000] {logging_mixin.py:188} INFO - [2025-07-16T23:57:15.064+0000] {dag.py:3036} INFO - Sync 1 DAGs
[2025-07-16T23:57:15.099+0000] {logging_mixin.py:188} INFO - [2025-07-16T23:57:15.099+0000] {dag.py:3823} INFO - Setting next_dagrun for example_dynamic_task_mapping to 2022-03-04 00:00:00+00:00, run_after=2022-03-05 00:00:00+00:00
[2025-07-16T23:57:15.124+0000] {processor.py:183} INFO - Processing /home/airflow/.local/lib/python3.8/site-packages/airflow/example_dags/example_dynamic_task_mapping.py took 0.105 seconds
[2025-07-16T23:57:45.434+0000] {processor.py:161} INFO - Started process (PID=3093) to work on /home/airflow/.local/lib/python3.8/site-packages/airflow/example_dags/example_dynamic_task_mapping.py
[2025-07-16T23:57:45.435+0000] {processor.py:830} INFO - Processing file /home/airflow/.local/lib/python3.8/site-packages/airflow/example_dags/example_dynamic_task_mapping.py for tasks to queue
[2025-07-16T23:57:45.440+0000] {logging_mixin.py:188} INFO - [2025-07-16T23:57:45.438+0000] {dagbag.py:538} INFO - Filling up the DagBag from /home/airflow/.local/lib/python3.8/site-packages/airflow/example_dags/example_dynamic_task_mapping.py
[2025-07-16T23:57:45.450+0000] {processor.py:840} INFO - DAG(s) 'example_dynamic_task_mapping' retrieved from /home/airflow/.local/lib/python3.8/site-packages/airflow/example_dags/example_dynamic_task_mapping.py
[2025-07-16T23:57:45.486+0000] {logging_mixin.py:188} INFO - [2025-07-16T23:57:45.485+0000] {dag.py:3036} INFO - Sync 1 DAGs
[2025-07-16T23:57:45.522+0000] {logging_mixin.py:188} INFO - [2025-07-16T23:57:45.522+0000] {dag.py:3823} INFO - Setting next_dagrun for example_dynamic_task_mapping to 2022-03-04 00:00:00+00:00, run_after=2022-03-05 00:00:00+00:00
[2025-07-16T23:57:45.548+0000] {processor.py:183} INFO - Processing /home/airflow/.local/lib/python3.8/site-packages/airflow/example_dags/example_dynamic_task_mapping.py took 0.120 seconds
[2025-07-16T23:58:16.082+0000] {processor.py:161} INFO - Started process (PID=3160) to work on /home/airflow/.local/lib/python3.8/site-packages/airflow/example_dags/example_dynamic_task_mapping.py
[2025-07-16T23:58:16.084+0000] {processor.py:830} INFO - Processing file /home/airflow/.local/lib/python3.8/site-packages/airflow/example_dags/example_dynamic_task_mapping.py for tasks to queue
[2025-07-16T23:58:16.086+0000] {logging_mixin.py:188} INFO - [2025-07-16T23:58:16.086+0000] {dagbag.py:538} INFO - Filling up the DagBag from /home/airflow/.local/lib/python3.8/site-packages/airflow/example_dags/example_dynamic_task_mapping.py
[2025-07-16T23:58:16.094+0000] {processor.py:840} INFO - DAG(s) 'example_dynamic_task_mapping' retrieved from /home/airflow/.local/lib/python3.8/site-packages/airflow/example_dags/example_dynamic_task_mapping.py
[2025-07-16T23:58:16.124+0000] {logging_mixin.py:188} INFO - [2025-07-16T23:58:16.124+0000] {dag.py:3036} INFO - Sync 1 DAGs
[2025-07-16T23:58:16.157+0000] {logging_mixin.py:188} INFO - [2025-07-16T23:58:16.157+0000] {dag.py:3823} INFO - Setting next_dagrun for example_dynamic_task_mapping to 2022-03-04 00:00:00+00:00, run_after=2022-03-05 00:00:00+00:00
[2025-07-16T23:58:16.181+0000] {processor.py:183} INFO - Processing /home/airflow/.local/lib/python3.8/site-packages/airflow/example_dags/example_dynamic_task_mapping.py took 0.103 seconds
[2025-07-16T23:58:46.879+0000] {processor.py:161} INFO - Started process (PID=3229) to work on /home/airflow/.local/lib/python3.8/site-packages/airflow/example_dags/example_dynamic_task_mapping.py
[2025-07-16T23:58:46.882+0000] {processor.py:830} INFO - Processing file /home/airflow/.local/lib/python3.8/site-packages/airflow/example_dags/example_dynamic_task_mapping.py for tasks to queue
[2025-07-16T23:58:46.886+0000] {logging_mixin.py:188} INFO - [2025-07-16T23:58:46.886+0000] {dagbag.py:538} INFO - Filling up the DagBag from /home/airflow/.local/lib/python3.8/site-packages/airflow/example_dags/example_dynamic_task_mapping.py
[2025-07-16T23:58:46.900+0000] {processor.py:840} INFO - DAG(s) 'example_dynamic_task_mapping' retrieved from /home/airflow/.local/lib/python3.8/site-packages/airflow/example_dags/example_dynamic_task_mapping.py
[2025-07-16T23:58:46.936+0000] {logging_mixin.py:188} INFO - [2025-07-16T23:58:46.935+0000] {dag.py:3036} INFO - Sync 1 DAGs
[2025-07-16T23:58:46.974+0000] {logging_mixin.py:188} INFO - [2025-07-16T23:58:46.974+0000] {dag.py:3823} INFO - Setting next_dagrun for example_dynamic_task_mapping to 2022-03-04 00:00:00+00:00, run_after=2022-03-05 00:00:00+00:00
[2025-07-16T23:58:47.005+0000] {processor.py:183} INFO - Processing /home/airflow/.local/lib/python3.8/site-packages/airflow/example_dags/example_dynamic_task_mapping.py took 0.131 seconds
[2025-07-16T23:59:17.370+0000] {processor.py:161} INFO - Started process (PID=3291) to work on /home/airflow/.local/lib/python3.8/site-packages/airflow/example_dags/example_dynamic_task_mapping.py
[2025-07-16T23:59:17.372+0000] {processor.py:830} INFO - Processing file /home/airflow/.local/lib/python3.8/site-packages/airflow/example_dags/example_dynamic_task_mapping.py for tasks to queue
[2025-07-16T23:59:17.377+0000] {logging_mixin.py:188} INFO - [2025-07-16T23:59:17.376+0000] {dagbag.py:538} INFO - Filling up the DagBag from /home/airflow/.local/lib/python3.8/site-packages/airflow/example_dags/example_dynamic_task_mapping.py
[2025-07-16T23:59:17.388+0000] {processor.py:840} INFO - DAG(s) 'example_dynamic_task_mapping' retrieved from /home/airflow/.local/lib/python3.8/site-packages/airflow/example_dags/example_dynamic_task_mapping.py
[2025-07-16T23:59:17.443+0000] {logging_mixin.py:188} INFO - [2025-07-16T23:59:17.443+0000] {dag.py:3036} INFO - Sync 1 DAGs
[2025-07-16T23:59:17.497+0000] {logging_mixin.py:188} INFO - [2025-07-16T23:59:17.496+0000] {dag.py:3823} INFO - Setting next_dagrun for example_dynamic_task_mapping to 2022-03-04 00:00:00+00:00, run_after=2022-03-05 00:00:00+00:00
[2025-07-16T23:59:17.533+0000] {processor.py:183} INFO - Processing /home/airflow/.local/lib/python3.8/site-packages/airflow/example_dags/example_dynamic_task_mapping.py took 0.168 seconds
[2025-07-16T23:59:47.756+0000] {processor.py:161} INFO - Started process (PID=3355) to work on /home/airflow/.local/lib/python3.8/site-packages/airflow/example_dags/example_dynamic_task_mapping.py
[2025-07-16T23:59:47.758+0000] {processor.py:830} INFO - Processing file /home/airflow/.local/lib/python3.8/site-packages/airflow/example_dags/example_dynamic_task_mapping.py for tasks to queue
[2025-07-16T23:59:47.764+0000] {logging_mixin.py:188} INFO - [2025-07-16T23:59:47.763+0000] {dagbag.py:538} INFO - Filling up the DagBag from /home/airflow/.local/lib/python3.8/site-packages/airflow/example_dags/example_dynamic_task_mapping.py
[2025-07-16T23:59:47.775+0000] {processor.py:840} INFO - DAG(s) 'example_dynamic_task_mapping' retrieved from /home/airflow/.local/lib/python3.8/site-packages/airflow/example_dags/example_dynamic_task_mapping.py
[2025-07-16T23:59:47.811+0000] {logging_mixin.py:188} INFO - [2025-07-16T23:59:47.811+0000] {dag.py:3036} INFO - Sync 1 DAGs
[2025-07-16T23:59:47.856+0000] {logging_mixin.py:188} INFO - [2025-07-16T23:59:47.855+0000] {dag.py:3823} INFO - Setting next_dagrun for example_dynamic_task_mapping to 2022-03-04 00:00:00+00:00, run_after=2022-03-05 00:00:00+00:00
[2025-07-16T23:59:47.891+0000] {processor.py:183} INFO - Processing /home/airflow/.local/lib/python3.8/site-packages/airflow/example_dags/example_dynamic_task_mapping.py took 0.141 seconds
