[2025-07-16T15:02:12.209+0000] {processor.py:161} INFO - Started process (PID=93) to work on /home/airflow/.local/lib/python3.8/site-packages/airflow/example_dags/example_complex.py
[2025-07-16T15:02:12.213+0000] {processor.py:830} INFO - Processing file /home/airflow/.local/lib/python3.8/site-packages/airflow/example_dags/example_complex.py for tasks to queue
[2025-07-16T15:02:12.223+0000] {logging_mixin.py:188} INFO - [2025-07-16T15:02:12.222+0000] {dagbag.py:538} INFO - Filling up the DagBag from /home/airflow/.local/lib/python3.8/site-packages/airflow/example_dags/example_complex.py
[2025-07-16T15:02:12.287+0000] {processor.py:840} INFO - DAG(s) 'example_complex' retrieved from /home/airflow/.local/lib/python3.8/site-packages/airflow/example_dags/example_complex.py
[2025-07-16T15:02:12.404+0000] {logging_mixin.py:188} INFO - [2025-07-16T15:02:12.403+0000] {dag.py:3036} INFO - Sync 1 DAGs
[2025-07-16T15:02:12.484+0000] {logging_mixin.py:188} INFO - [2025-07-16T15:02:12.483+0000] {dag.py:3823} INFO - Setting next_dagrun for example_complex to None, run_after=None
[2025-07-16T15:02:12.568+0000] {processor.py:183} INFO - Processing /home/airflow/.local/lib/python3.8/site-packages/airflow/example_dags/example_complex.py took 0.368 seconds
[2025-07-16T15:02:42.790+0000] {processor.py:161} INFO - Started process (PID=157) to work on /home/airflow/.local/lib/python3.8/site-packages/airflow/example_dags/example_complex.py
[2025-07-16T15:02:42.792+0000] {processor.py:830} INFO - Processing file /home/airflow/.local/lib/python3.8/site-packages/airflow/example_dags/example_complex.py for tasks to queue
[2025-07-16T15:02:42.796+0000] {logging_mixin.py:188} INFO - [2025-07-16T15:02:42.795+0000] {dagbag.py:538} INFO - Filling up the DagBag from /home/airflow/.local/lib/python3.8/site-packages/airflow/example_dags/example_complex.py
[2025-07-16T15:02:42.848+0000] {processor.py:840} INFO - DAG(s) 'example_complex' retrieved from /home/airflow/.local/lib/python3.8/site-packages/airflow/example_dags/example_complex.py
[2025-07-16T15:02:42.934+0000] {logging_mixin.py:188} INFO - [2025-07-16T15:02:42.934+0000] {dag.py:3036} INFO - Sync 1 DAGs
[2025-07-16T15:02:42.969+0000] {logging_mixin.py:188} INFO - [2025-07-16T15:02:42.969+0000] {dag.py:3823} INFO - Setting next_dagrun for example_complex to None, run_after=None
[2025-07-16T15:02:43.015+0000] {processor.py:183} INFO - Processing /home/airflow/.local/lib/python3.8/site-packages/airflow/example_dags/example_complex.py took 0.231 seconds
[2025-07-16T15:03:13.341+0000] {processor.py:161} INFO - Started process (PID=221) to work on /home/airflow/.local/lib/python3.8/site-packages/airflow/example_dags/example_complex.py
[2025-07-16T15:03:13.342+0000] {processor.py:830} INFO - Processing file /home/airflow/.local/lib/python3.8/site-packages/airflow/example_dags/example_complex.py for tasks to queue
[2025-07-16T15:03:13.347+0000] {logging_mixin.py:188} INFO - [2025-07-16T15:03:13.344+0000] {dagbag.py:538} INFO - Filling up the DagBag from /home/airflow/.local/lib/python3.8/site-packages/airflow/example_dags/example_complex.py
[2025-07-16T15:03:13.362+0000] {processor.py:840} INFO - DAG(s) 'example_complex' retrieved from /home/airflow/.local/lib/python3.8/site-packages/airflow/example_dags/example_complex.py
[2025-07-16T15:03:13.412+0000] {logging_mixin.py:188} INFO - [2025-07-16T15:03:13.411+0000] {dag.py:3036} INFO - Sync 1 DAGs
[2025-07-16T15:03:13.433+0000] {logging_mixin.py:188} INFO - [2025-07-16T15:03:13.433+0000] {dag.py:3823} INFO - Setting next_dagrun for example_complex to None, run_after=None
[2025-07-16T15:03:13.461+0000] {processor.py:183} INFO - Processing /home/airflow/.local/lib/python3.8/site-packages/airflow/example_dags/example_complex.py took 0.124 seconds
[2025-07-16T15:03:43.797+0000] {processor.py:161} INFO - Started process (PID=285) to work on /home/airflow/.local/lib/python3.8/site-packages/airflow/example_dags/example_complex.py
[2025-07-16T15:03:43.798+0000] {processor.py:830} INFO - Processing file /home/airflow/.local/lib/python3.8/site-packages/airflow/example_dags/example_complex.py for tasks to queue
[2025-07-16T15:03:43.802+0000] {logging_mixin.py:188} INFO - [2025-07-16T15:03:43.801+0000] {dagbag.py:538} INFO - Filling up the DagBag from /home/airflow/.local/lib/python3.8/site-packages/airflow/example_dags/example_complex.py
[2025-07-16T15:03:43.823+0000] {processor.py:840} INFO - DAG(s) 'example_complex' retrieved from /home/airflow/.local/lib/python3.8/site-packages/airflow/example_dags/example_complex.py
[2025-07-16T15:03:43.869+0000] {logging_mixin.py:188} INFO - [2025-07-16T15:03:43.868+0000] {dag.py:3036} INFO - Sync 1 DAGs
[2025-07-16T15:03:43.884+0000] {logging_mixin.py:188} INFO - [2025-07-16T15:03:43.884+0000] {dag.py:3823} INFO - Setting next_dagrun for example_complex to None, run_after=None
[2025-07-16T15:03:43.910+0000] {processor.py:183} INFO - Processing /home/airflow/.local/lib/python3.8/site-packages/airflow/example_dags/example_complex.py took 0.120 seconds
[2025-07-16T23:34:09.855+0000] {processor.py:161} INFO - Started process (PID=85) to work on /home/airflow/.local/lib/python3.8/site-packages/airflow/example_dags/example_complex.py
[2025-07-16T23:34:09.860+0000] {processor.py:830} INFO - Processing file /home/airflow/.local/lib/python3.8/site-packages/airflow/example_dags/example_complex.py for tasks to queue
[2025-07-16T23:34:09.864+0000] {logging_mixin.py:188} INFO - [2025-07-16T23:34:09.863+0000] {dagbag.py:538} INFO - Filling up the DagBag from /home/airflow/.local/lib/python3.8/site-packages/airflow/example_dags/example_complex.py
[2025-07-16T23:34:09.895+0000] {processor.py:840} INFO - DAG(s) 'example_complex' retrieved from /home/airflow/.local/lib/python3.8/site-packages/airflow/example_dags/example_complex.py
[2025-07-16T23:34:09.958+0000] {logging_mixin.py:188} INFO - [2025-07-16T23:34:09.957+0000] {dag.py:3036} INFO - Sync 1 DAGs
[2025-07-16T23:34:09.979+0000] {logging_mixin.py:188} INFO - [2025-07-16T23:34:09.979+0000] {dag.py:3823} INFO - Setting next_dagrun for example_complex to None, run_after=None
[2025-07-16T23:34:10.010+0000] {processor.py:183} INFO - Processing /home/airflow/.local/lib/python3.8/site-packages/airflow/example_dags/example_complex.py took 0.161 seconds
[2025-07-16T23:34:40.277+0000] {processor.py:161} INFO - Started process (PID=149) to work on /home/airflow/.local/lib/python3.8/site-packages/airflow/example_dags/example_complex.py
[2025-07-16T23:34:40.279+0000] {processor.py:830} INFO - Processing file /home/airflow/.local/lib/python3.8/site-packages/airflow/example_dags/example_complex.py for tasks to queue
[2025-07-16T23:34:40.284+0000] {logging_mixin.py:188} INFO - [2025-07-16T23:34:40.284+0000] {dagbag.py:538} INFO - Filling up the DagBag from /home/airflow/.local/lib/python3.8/site-packages/airflow/example_dags/example_complex.py
[2025-07-16T23:34:40.307+0000] {processor.py:840} INFO - DAG(s) 'example_complex' retrieved from /home/airflow/.local/lib/python3.8/site-packages/airflow/example_dags/example_complex.py
[2025-07-16T23:34:40.356+0000] {logging_mixin.py:188} INFO - [2025-07-16T23:34:40.355+0000] {dag.py:3036} INFO - Sync 1 DAGs
[2025-07-16T23:34:40.372+0000] {logging_mixin.py:188} INFO - [2025-07-16T23:34:40.372+0000] {dag.py:3823} INFO - Setting next_dagrun for example_complex to None, run_after=None
[2025-07-16T23:34:40.399+0000] {processor.py:183} INFO - Processing /home/airflow/.local/lib/python3.8/site-packages/airflow/example_dags/example_complex.py took 0.127 seconds
[2025-07-16T23:35:10.507+0000] {processor.py:161} INFO - Started process (PID=215) to work on /home/airflow/.local/lib/python3.8/site-packages/airflow/example_dags/example_complex.py
[2025-07-16T23:35:10.510+0000] {processor.py:830} INFO - Processing file /home/airflow/.local/lib/python3.8/site-packages/airflow/example_dags/example_complex.py for tasks to queue
[2025-07-16T23:35:10.513+0000] {logging_mixin.py:188} INFO - [2025-07-16T23:35:10.513+0000] {dagbag.py:538} INFO - Filling up the DagBag from /home/airflow/.local/lib/python3.8/site-packages/airflow/example_dags/example_complex.py
[2025-07-16T23:35:10.532+0000] {processor.py:840} INFO - DAG(s) 'example_complex' retrieved from /home/airflow/.local/lib/python3.8/site-packages/airflow/example_dags/example_complex.py
[2025-07-16T23:35:10.579+0000] {logging_mixin.py:188} INFO - [2025-07-16T23:35:10.579+0000] {dag.py:3036} INFO - Sync 1 DAGs
[2025-07-16T23:35:10.595+0000] {logging_mixin.py:188} INFO - [2025-07-16T23:35:10.595+0000] {dag.py:3823} INFO - Setting next_dagrun for example_complex to None, run_after=None
[2025-07-16T23:35:10.621+0000] {processor.py:183} INFO - Processing /home/airflow/.local/lib/python3.8/site-packages/airflow/example_dags/example_complex.py took 0.120 seconds
[2025-07-16T23:35:41.010+0000] {processor.py:161} INFO - Started process (PID=281) to work on /home/airflow/.local/lib/python3.8/site-packages/airflow/example_dags/example_complex.py
[2025-07-16T23:35:41.012+0000] {processor.py:830} INFO - Processing file /home/airflow/.local/lib/python3.8/site-packages/airflow/example_dags/example_complex.py for tasks to queue
[2025-07-16T23:35:41.016+0000] {logging_mixin.py:188} INFO - [2025-07-16T23:35:41.015+0000] {dagbag.py:538} INFO - Filling up the DagBag from /home/airflow/.local/lib/python3.8/site-packages/airflow/example_dags/example_complex.py
[2025-07-16T23:35:41.046+0000] {processor.py:840} INFO - DAG(s) 'example_complex' retrieved from /home/airflow/.local/lib/python3.8/site-packages/airflow/example_dags/example_complex.py
[2025-07-16T23:35:41.204+0000] {logging_mixin.py:188} INFO - [2025-07-16T23:35:41.203+0000] {dag.py:3036} INFO - Sync 1 DAGs
[2025-07-16T23:35:41.246+0000] {logging_mixin.py:188} INFO - [2025-07-16T23:35:41.246+0000] {dag.py:3823} INFO - Setting next_dagrun for example_complex to None, run_after=None
[2025-07-16T23:35:41.331+0000] {processor.py:183} INFO - Processing /home/airflow/.local/lib/python3.8/site-packages/airflow/example_dags/example_complex.py took 0.330 seconds
[2025-07-16T23:36:12.185+0000] {processor.py:161} INFO - Started process (PID=347) to work on /home/airflow/.local/lib/python3.8/site-packages/airflow/example_dags/example_complex.py
[2025-07-16T23:36:12.187+0000] {processor.py:830} INFO - Processing file /home/airflow/.local/lib/python3.8/site-packages/airflow/example_dags/example_complex.py for tasks to queue
[2025-07-16T23:36:12.191+0000] {logging_mixin.py:188} INFO - [2025-07-16T23:36:12.190+0000] {dagbag.py:538} INFO - Filling up the DagBag from /home/airflow/.local/lib/python3.8/site-packages/airflow/example_dags/example_complex.py
[2025-07-16T23:36:12.211+0000] {processor.py:840} INFO - DAG(s) 'example_complex' retrieved from /home/airflow/.local/lib/python3.8/site-packages/airflow/example_dags/example_complex.py
[2025-07-16T23:36:12.274+0000] {logging_mixin.py:188} INFO - [2025-07-16T23:36:12.273+0000] {dag.py:3036} INFO - Sync 1 DAGs
[2025-07-16T23:36:12.296+0000] {logging_mixin.py:188} INFO - [2025-07-16T23:36:12.296+0000] {dag.py:3823} INFO - Setting next_dagrun for example_complex to None, run_after=None
[2025-07-16T23:36:12.338+0000] {processor.py:183} INFO - Processing /home/airflow/.local/lib/python3.8/site-packages/airflow/example_dags/example_complex.py took 0.157 seconds
[2025-07-16T23:36:42.545+0000] {processor.py:161} INFO - Started process (PID=408) to work on /home/airflow/.local/lib/python3.8/site-packages/airflow/example_dags/example_complex.py
[2025-07-16T23:36:42.549+0000] {processor.py:830} INFO - Processing file /home/airflow/.local/lib/python3.8/site-packages/airflow/example_dags/example_complex.py for tasks to queue
[2025-07-16T23:36:42.552+0000] {logging_mixin.py:188} INFO - [2025-07-16T23:36:42.552+0000] {dagbag.py:538} INFO - Filling up the DagBag from /home/airflow/.local/lib/python3.8/site-packages/airflow/example_dags/example_complex.py
[2025-07-16T23:36:42.577+0000] {processor.py:840} INFO - DAG(s) 'example_complex' retrieved from /home/airflow/.local/lib/python3.8/site-packages/airflow/example_dags/example_complex.py
[2025-07-16T23:36:42.649+0000] {logging_mixin.py:188} INFO - [2025-07-16T23:36:42.648+0000] {dag.py:3036} INFO - Sync 1 DAGs
[2025-07-16T23:36:42.674+0000] {logging_mixin.py:188} INFO - [2025-07-16T23:36:42.673+0000] {dag.py:3823} INFO - Setting next_dagrun for example_complex to None, run_after=None
[2025-07-16T23:36:42.712+0000] {processor.py:183} INFO - Processing /home/airflow/.local/lib/python3.8/site-packages/airflow/example_dags/example_complex.py took 0.175 seconds
[2025-07-16T23:37:13.925+0000] {processor.py:161} INFO - Started process (PID=480) to work on /home/airflow/.local/lib/python3.8/site-packages/airflow/example_dags/example_complex.py
[2025-07-16T23:37:13.928+0000] {processor.py:830} INFO - Processing file /home/airflow/.local/lib/python3.8/site-packages/airflow/example_dags/example_complex.py for tasks to queue
[2025-07-16T23:37:13.933+0000] {logging_mixin.py:188} INFO - [2025-07-16T23:37:13.932+0000] {dagbag.py:538} INFO - Filling up the DagBag from /home/airflow/.local/lib/python3.8/site-packages/airflow/example_dags/example_complex.py
[2025-07-16T23:37:13.958+0000] {processor.py:840} INFO - DAG(s) 'example_complex' retrieved from /home/airflow/.local/lib/python3.8/site-packages/airflow/example_dags/example_complex.py
[2025-07-16T23:37:14.109+0000] {logging_mixin.py:188} INFO - [2025-07-16T23:37:14.107+0000] {dag.py:3036} INFO - Sync 1 DAGs
[2025-07-16T23:37:14.154+0000] {logging_mixin.py:188} INFO - [2025-07-16T23:37:14.154+0000] {dag.py:3823} INFO - Setting next_dagrun for example_complex to None, run_after=None
[2025-07-16T23:37:14.214+0000] {processor.py:183} INFO - Processing /home/airflow/.local/lib/python3.8/site-packages/airflow/example_dags/example_complex.py took 0.296 seconds
[2025-07-16T23:37:44.399+0000] {processor.py:161} INFO - Started process (PID=545) to work on /home/airflow/.local/lib/python3.8/site-packages/airflow/example_dags/example_complex.py
[2025-07-16T23:37:44.401+0000] {processor.py:830} INFO - Processing file /home/airflow/.local/lib/python3.8/site-packages/airflow/example_dags/example_complex.py for tasks to queue
[2025-07-16T23:37:44.404+0000] {logging_mixin.py:188} INFO - [2025-07-16T23:37:44.403+0000] {dagbag.py:538} INFO - Filling up the DagBag from /home/airflow/.local/lib/python3.8/site-packages/airflow/example_dags/example_complex.py
[2025-07-16T23:37:44.427+0000] {processor.py:840} INFO - DAG(s) 'example_complex' retrieved from /home/airflow/.local/lib/python3.8/site-packages/airflow/example_dags/example_complex.py
[2025-07-16T23:37:44.492+0000] {logging_mixin.py:188} INFO - [2025-07-16T23:37:44.491+0000] {dag.py:3036} INFO - Sync 1 DAGs
[2025-07-16T23:37:44.513+0000] {logging_mixin.py:188} INFO - [2025-07-16T23:37:44.512+0000] {dag.py:3823} INFO - Setting next_dagrun for example_complex to None, run_after=None
[2025-07-16T23:37:44.550+0000] {processor.py:183} INFO - Processing /home/airflow/.local/lib/python3.8/site-packages/airflow/example_dags/example_complex.py took 0.156 seconds
[2025-07-16T23:38:14.720+0000] {processor.py:161} INFO - Started process (PID=609) to work on /home/airflow/.local/lib/python3.8/site-packages/airflow/example_dags/example_complex.py
[2025-07-16T23:38:14.721+0000] {processor.py:830} INFO - Processing file /home/airflow/.local/lib/python3.8/site-packages/airflow/example_dags/example_complex.py for tasks to queue
[2025-07-16T23:38:14.725+0000] {logging_mixin.py:188} INFO - [2025-07-16T23:38:14.724+0000] {dagbag.py:538} INFO - Filling up the DagBag from /home/airflow/.local/lib/python3.8/site-packages/airflow/example_dags/example_complex.py
[2025-07-16T23:38:14.740+0000] {processor.py:840} INFO - DAG(s) 'example_complex' retrieved from /home/airflow/.local/lib/python3.8/site-packages/airflow/example_dags/example_complex.py
[2025-07-16T23:38:14.779+0000] {logging_mixin.py:188} INFO - [2025-07-16T23:38:14.779+0000] {dag.py:3036} INFO - Sync 1 DAGs
[2025-07-16T23:38:14.795+0000] {logging_mixin.py:188} INFO - [2025-07-16T23:38:14.795+0000] {dag.py:3823} INFO - Setting next_dagrun for example_complex to None, run_after=None
[2025-07-16T23:38:14.820+0000] {processor.py:183} INFO - Processing /home/airflow/.local/lib/python3.8/site-packages/airflow/example_dags/example_complex.py took 0.105 seconds
[2025-07-16T23:38:45.152+0000] {processor.py:161} INFO - Started process (PID=675) to work on /home/airflow/.local/lib/python3.8/site-packages/airflow/example_dags/example_complex.py
[2025-07-16T23:38:45.154+0000] {processor.py:830} INFO - Processing file /home/airflow/.local/lib/python3.8/site-packages/airflow/example_dags/example_complex.py for tasks to queue
[2025-07-16T23:38:45.158+0000] {logging_mixin.py:188} INFO - [2025-07-16T23:38:45.157+0000] {dagbag.py:538} INFO - Filling up the DagBag from /home/airflow/.local/lib/python3.8/site-packages/airflow/example_dags/example_complex.py
[2025-07-16T23:38:45.176+0000] {processor.py:840} INFO - DAG(s) 'example_complex' retrieved from /home/airflow/.local/lib/python3.8/site-packages/airflow/example_dags/example_complex.py
[2025-07-16T23:38:45.219+0000] {logging_mixin.py:188} INFO - [2025-07-16T23:38:45.219+0000] {dag.py:3036} INFO - Sync 1 DAGs
[2025-07-16T23:38:45.235+0000] {logging_mixin.py:188} INFO - [2025-07-16T23:38:45.235+0000] {dag.py:3823} INFO - Setting next_dagrun for example_complex to None, run_after=None
[2025-07-16T23:38:45.259+0000] {processor.py:183} INFO - Processing /home/airflow/.local/lib/python3.8/site-packages/airflow/example_dags/example_complex.py took 0.113 seconds
[2025-07-16T23:39:15.637+0000] {processor.py:161} INFO - Started process (PID=741) to work on /home/airflow/.local/lib/python3.8/site-packages/airflow/example_dags/example_complex.py
[2025-07-16T23:39:15.639+0000] {processor.py:830} INFO - Processing file /home/airflow/.local/lib/python3.8/site-packages/airflow/example_dags/example_complex.py for tasks to queue
[2025-07-16T23:39:15.642+0000] {logging_mixin.py:188} INFO - [2025-07-16T23:39:15.642+0000] {dagbag.py:538} INFO - Filling up the DagBag from /home/airflow/.local/lib/python3.8/site-packages/airflow/example_dags/example_complex.py
[2025-07-16T23:39:15.668+0000] {processor.py:840} INFO - DAG(s) 'example_complex' retrieved from /home/airflow/.local/lib/python3.8/site-packages/airflow/example_dags/example_complex.py
[2025-07-16T23:39:15.783+0000] {logging_mixin.py:188} INFO - [2025-07-16T23:39:15.782+0000] {dag.py:3036} INFO - Sync 1 DAGs
[2025-07-16T23:39:15.827+0000] {logging_mixin.py:188} INFO - [2025-07-16T23:39:15.827+0000] {dag.py:3823} INFO - Setting next_dagrun for example_complex to None, run_after=None
[2025-07-16T23:39:15.876+0000] {processor.py:183} INFO - Processing /home/airflow/.local/lib/python3.8/site-packages/airflow/example_dags/example_complex.py took 0.245 seconds
[2025-07-16T23:39:46.233+0000] {processor.py:161} INFO - Started process (PID=806) to work on /home/airflow/.local/lib/python3.8/site-packages/airflow/example_dags/example_complex.py
[2025-07-16T23:39:46.234+0000] {processor.py:830} INFO - Processing file /home/airflow/.local/lib/python3.8/site-packages/airflow/example_dags/example_complex.py for tasks to queue
[2025-07-16T23:39:46.238+0000] {logging_mixin.py:188} INFO - [2025-07-16T23:39:46.237+0000] {dagbag.py:538} INFO - Filling up the DagBag from /home/airflow/.local/lib/python3.8/site-packages/airflow/example_dags/example_complex.py
[2025-07-16T23:39:46.261+0000] {processor.py:840} INFO - DAG(s) 'example_complex' retrieved from /home/airflow/.local/lib/python3.8/site-packages/airflow/example_dags/example_complex.py
[2025-07-16T23:39:46.339+0000] {logging_mixin.py:188} INFO - [2025-07-16T23:39:46.339+0000] {dag.py:3036} INFO - Sync 1 DAGs
[2025-07-16T23:39:46.372+0000] {logging_mixin.py:188} INFO - [2025-07-16T23:39:46.371+0000] {dag.py:3823} INFO - Setting next_dagrun for example_complex to None, run_after=None
[2025-07-16T23:39:46.407+0000] {processor.py:183} INFO - Processing /home/airflow/.local/lib/python3.8/site-packages/airflow/example_dags/example_complex.py took 0.182 seconds
[2025-07-16T23:40:16.471+0000] {processor.py:161} INFO - Started process (PID=869) to work on /home/airflow/.local/lib/python3.8/site-packages/airflow/example_dags/example_complex.py
[2025-07-16T23:40:16.473+0000] {processor.py:830} INFO - Processing file /home/airflow/.local/lib/python3.8/site-packages/airflow/example_dags/example_complex.py for tasks to queue
[2025-07-16T23:40:16.476+0000] {logging_mixin.py:188} INFO - [2025-07-16T23:40:16.475+0000] {dagbag.py:538} INFO - Filling up the DagBag from /home/airflow/.local/lib/python3.8/site-packages/airflow/example_dags/example_complex.py
[2025-07-16T23:40:16.497+0000] {processor.py:840} INFO - DAG(s) 'example_complex' retrieved from /home/airflow/.local/lib/python3.8/site-packages/airflow/example_dags/example_complex.py
[2025-07-16T23:40:16.550+0000] {logging_mixin.py:188} INFO - [2025-07-16T23:40:16.549+0000] {dag.py:3036} INFO - Sync 1 DAGs
[2025-07-16T23:40:16.570+0000] {logging_mixin.py:188} INFO - [2025-07-16T23:40:16.569+0000] {dag.py:3823} INFO - Setting next_dagrun for example_complex to None, run_after=None
[2025-07-16T23:40:16.602+0000] {processor.py:183} INFO - Processing /home/airflow/.local/lib/python3.8/site-packages/airflow/example_dags/example_complex.py took 0.135 seconds
[2025-07-16T23:40:47.248+0000] {processor.py:161} INFO - Started process (PID=929) to work on /home/airflow/.local/lib/python3.8/site-packages/airflow/example_dags/example_complex.py
[2025-07-16T23:40:47.249+0000] {processor.py:830} INFO - Processing file /home/airflow/.local/lib/python3.8/site-packages/airflow/example_dags/example_complex.py for tasks to queue
[2025-07-16T23:40:47.253+0000] {logging_mixin.py:188} INFO - [2025-07-16T23:40:47.252+0000] {dagbag.py:538} INFO - Filling up the DagBag from /home/airflow/.local/lib/python3.8/site-packages/airflow/example_dags/example_complex.py
[2025-07-16T23:40:47.278+0000] {processor.py:840} INFO - DAG(s) 'example_complex' retrieved from /home/airflow/.local/lib/python3.8/site-packages/airflow/example_dags/example_complex.py
[2025-07-16T23:40:47.339+0000] {logging_mixin.py:188} INFO - [2025-07-16T23:40:47.339+0000] {dag.py:3036} INFO - Sync 1 DAGs
[2025-07-16T23:40:47.362+0000] {logging_mixin.py:188} INFO - [2025-07-16T23:40:47.362+0000] {dag.py:3823} INFO - Setting next_dagrun for example_complex to None, run_after=None
[2025-07-16T23:40:47.394+0000] {processor.py:183} INFO - Processing /home/airflow/.local/lib/python3.8/site-packages/airflow/example_dags/example_complex.py took 0.152 seconds
[2025-07-16T23:41:18.093+0000] {processor.py:161} INFO - Started process (PID=995) to work on /home/airflow/.local/lib/python3.8/site-packages/airflow/example_dags/example_complex.py
[2025-07-16T23:41:18.095+0000] {processor.py:830} INFO - Processing file /home/airflow/.local/lib/python3.8/site-packages/airflow/example_dags/example_complex.py for tasks to queue
[2025-07-16T23:41:18.099+0000] {logging_mixin.py:188} INFO - [2025-07-16T23:41:18.099+0000] {dagbag.py:538} INFO - Filling up the DagBag from /home/airflow/.local/lib/python3.8/site-packages/airflow/example_dags/example_complex.py
[2025-07-16T23:41:18.127+0000] {processor.py:840} INFO - DAG(s) 'example_complex' retrieved from /home/airflow/.local/lib/python3.8/site-packages/airflow/example_dags/example_complex.py
[2025-07-16T23:41:18.197+0000] {logging_mixin.py:188} INFO - [2025-07-16T23:41:18.197+0000] {dag.py:3036} INFO - Sync 1 DAGs
[2025-07-16T23:41:18.222+0000] {logging_mixin.py:188} INFO - [2025-07-16T23:41:18.222+0000] {dag.py:3823} INFO - Setting next_dagrun for example_complex to None, run_after=None
[2025-07-16T23:41:18.278+0000] {processor.py:183} INFO - Processing /home/airflow/.local/lib/python3.8/site-packages/airflow/example_dags/example_complex.py took 0.192 seconds
[2025-07-16T23:41:48.942+0000] {processor.py:161} INFO - Started process (PID=1061) to work on /home/airflow/.local/lib/python3.8/site-packages/airflow/example_dags/example_complex.py
[2025-07-16T23:41:48.944+0000] {processor.py:830} INFO - Processing file /home/airflow/.local/lib/python3.8/site-packages/airflow/example_dags/example_complex.py for tasks to queue
[2025-07-16T23:41:48.949+0000] {logging_mixin.py:188} INFO - [2025-07-16T23:41:48.947+0000] {dagbag.py:538} INFO - Filling up the DagBag from /home/airflow/.local/lib/python3.8/site-packages/airflow/example_dags/example_complex.py
[2025-07-16T23:41:48.997+0000] {processor.py:840} INFO - DAG(s) 'example_complex' retrieved from /home/airflow/.local/lib/python3.8/site-packages/airflow/example_dags/example_complex.py
[2025-07-16T23:41:49.168+0000] {logging_mixin.py:188} INFO - [2025-07-16T23:41:49.168+0000] {dag.py:3036} INFO - Sync 1 DAGs
[2025-07-16T23:41:49.196+0000] {logging_mixin.py:188} INFO - [2025-07-16T23:41:49.196+0000] {dag.py:3823} INFO - Setting next_dagrun for example_complex to None, run_after=None
[2025-07-16T23:41:49.244+0000] {processor.py:183} INFO - Processing /home/airflow/.local/lib/python3.8/site-packages/airflow/example_dags/example_complex.py took 0.307 seconds
[2025-07-16T23:42:19.537+0000] {processor.py:161} INFO - Started process (PID=1127) to work on /home/airflow/.local/lib/python3.8/site-packages/airflow/example_dags/example_complex.py
[2025-07-16T23:42:19.539+0000] {processor.py:830} INFO - Processing file /home/airflow/.local/lib/python3.8/site-packages/airflow/example_dags/example_complex.py for tasks to queue
[2025-07-16T23:42:19.544+0000] {logging_mixin.py:188} INFO - [2025-07-16T23:42:19.543+0000] {dagbag.py:538} INFO - Filling up the DagBag from /home/airflow/.local/lib/python3.8/site-packages/airflow/example_dags/example_complex.py
[2025-07-16T23:42:19.573+0000] {processor.py:840} INFO - DAG(s) 'example_complex' retrieved from /home/airflow/.local/lib/python3.8/site-packages/airflow/example_dags/example_complex.py
[2025-07-16T23:42:19.638+0000] {logging_mixin.py:188} INFO - [2025-07-16T23:42:19.638+0000] {dag.py:3036} INFO - Sync 1 DAGs
[2025-07-16T23:42:19.661+0000] {logging_mixin.py:188} INFO - [2025-07-16T23:42:19.661+0000] {dag.py:3823} INFO - Setting next_dagrun for example_complex to None, run_after=None
[2025-07-16T23:42:19.691+0000] {processor.py:183} INFO - Processing /home/airflow/.local/lib/python3.8/site-packages/airflow/example_dags/example_complex.py took 0.160 seconds
[2025-07-16T23:42:50.403+0000] {processor.py:161} INFO - Started process (PID=1193) to work on /home/airflow/.local/lib/python3.8/site-packages/airflow/example_dags/example_complex.py
[2025-07-16T23:42:50.404+0000] {processor.py:830} INFO - Processing file /home/airflow/.local/lib/python3.8/site-packages/airflow/example_dags/example_complex.py for tasks to queue
[2025-07-16T23:42:50.408+0000] {logging_mixin.py:188} INFO - [2025-07-16T23:42:50.407+0000] {dagbag.py:538} INFO - Filling up the DagBag from /home/airflow/.local/lib/python3.8/site-packages/airflow/example_dags/example_complex.py
[2025-07-16T23:42:50.425+0000] {processor.py:840} INFO - DAG(s) 'example_complex' retrieved from /home/airflow/.local/lib/python3.8/site-packages/airflow/example_dags/example_complex.py
[2025-07-16T23:42:50.470+0000] {logging_mixin.py:188} INFO - [2025-07-16T23:42:50.470+0000] {dag.py:3036} INFO - Sync 1 DAGs
[2025-07-16T23:42:50.486+0000] {logging_mixin.py:188} INFO - [2025-07-16T23:42:50.486+0000] {dag.py:3823} INFO - Setting next_dagrun for example_complex to None, run_after=None
[2025-07-16T23:42:50.513+0000] {processor.py:183} INFO - Processing /home/airflow/.local/lib/python3.8/site-packages/airflow/example_dags/example_complex.py took 0.116 seconds
[2025-07-16T23:43:20.632+0000] {processor.py:161} INFO - Started process (PID=1259) to work on /home/airflow/.local/lib/python3.8/site-packages/airflow/example_dags/example_complex.py
[2025-07-16T23:43:20.634+0000] {processor.py:830} INFO - Processing file /home/airflow/.local/lib/python3.8/site-packages/airflow/example_dags/example_complex.py for tasks to queue
[2025-07-16T23:43:20.638+0000] {logging_mixin.py:188} INFO - [2025-07-16T23:43:20.637+0000] {dagbag.py:538} INFO - Filling up the DagBag from /home/airflow/.local/lib/python3.8/site-packages/airflow/example_dags/example_complex.py
[2025-07-16T23:43:20.660+0000] {processor.py:840} INFO - DAG(s) 'example_complex' retrieved from /home/airflow/.local/lib/python3.8/site-packages/airflow/example_dags/example_complex.py
[2025-07-16T23:43:20.731+0000] {logging_mixin.py:188} INFO - [2025-07-16T23:43:20.730+0000] {dag.py:3036} INFO - Sync 1 DAGs
[2025-07-16T23:43:20.750+0000] {logging_mixin.py:188} INFO - [2025-07-16T23:43:20.749+0000] {dag.py:3823} INFO - Setting next_dagrun for example_complex to None, run_after=None
[2025-07-16T23:43:20.781+0000] {processor.py:183} INFO - Processing /home/airflow/.local/lib/python3.8/site-packages/airflow/example_dags/example_complex.py took 0.155 seconds
[2025-07-16T23:43:51.736+0000] {processor.py:161} INFO - Started process (PID=1324) to work on /home/airflow/.local/lib/python3.8/site-packages/airflow/example_dags/example_complex.py
[2025-07-16T23:43:51.738+0000] {processor.py:830} INFO - Processing file /home/airflow/.local/lib/python3.8/site-packages/airflow/example_dags/example_complex.py for tasks to queue
[2025-07-16T23:43:51.741+0000] {logging_mixin.py:188} INFO - [2025-07-16T23:43:51.740+0000] {dagbag.py:538} INFO - Filling up the DagBag from /home/airflow/.local/lib/python3.8/site-packages/airflow/example_dags/example_complex.py
[2025-07-16T23:43:51.759+0000] {processor.py:840} INFO - DAG(s) 'example_complex' retrieved from /home/airflow/.local/lib/python3.8/site-packages/airflow/example_dags/example_complex.py
[2025-07-16T23:43:51.815+0000] {logging_mixin.py:188} INFO - [2025-07-16T23:43:51.814+0000] {dag.py:3036} INFO - Sync 1 DAGs
[2025-07-16T23:43:51.834+0000] {logging_mixin.py:188} INFO - [2025-07-16T23:43:51.833+0000] {dag.py:3823} INFO - Setting next_dagrun for example_complex to None, run_after=None
[2025-07-16T23:43:51.867+0000] {processor.py:183} INFO - Processing /home/airflow/.local/lib/python3.8/site-packages/airflow/example_dags/example_complex.py took 0.135 seconds
[2025-07-16T23:44:21.950+0000] {processor.py:161} INFO - Started process (PID=1385) to work on /home/airflow/.local/lib/python3.8/site-packages/airflow/example_dags/example_complex.py
[2025-07-16T23:44:21.952+0000] {processor.py:830} INFO - Processing file /home/airflow/.local/lib/python3.8/site-packages/airflow/example_dags/example_complex.py for tasks to queue
[2025-07-16T23:44:21.955+0000] {logging_mixin.py:188} INFO - [2025-07-16T23:44:21.954+0000] {dagbag.py:538} INFO - Filling up the DagBag from /home/airflow/.local/lib/python3.8/site-packages/airflow/example_dags/example_complex.py
[2025-07-16T23:44:21.975+0000] {processor.py:840} INFO - DAG(s) 'example_complex' retrieved from /home/airflow/.local/lib/python3.8/site-packages/airflow/example_dags/example_complex.py
[2025-07-16T23:44:22.016+0000] {logging_mixin.py:188} INFO - [2025-07-16T23:44:22.016+0000] {dag.py:3036} INFO - Sync 1 DAGs
[2025-07-16T23:44:22.032+0000] {logging_mixin.py:188} INFO - [2025-07-16T23:44:22.031+0000] {dag.py:3823} INFO - Setting next_dagrun for example_complex to None, run_after=None
[2025-07-16T23:44:22.065+0000] {processor.py:183} INFO - Processing /home/airflow/.local/lib/python3.8/site-packages/airflow/example_dags/example_complex.py took 0.121 seconds
[2025-07-16T23:44:52.693+0000] {processor.py:161} INFO - Started process (PID=1451) to work on /home/airflow/.local/lib/python3.8/site-packages/airflow/example_dags/example_complex.py
[2025-07-16T23:44:52.704+0000] {processor.py:830} INFO - Processing file /home/airflow/.local/lib/python3.8/site-packages/airflow/example_dags/example_complex.py for tasks to queue
[2025-07-16T23:44:52.708+0000] {logging_mixin.py:188} INFO - [2025-07-16T23:44:52.707+0000] {dagbag.py:538} INFO - Filling up the DagBag from /home/airflow/.local/lib/python3.8/site-packages/airflow/example_dags/example_complex.py
[2025-07-16T23:44:52.736+0000] {processor.py:840} INFO - DAG(s) 'example_complex' retrieved from /home/airflow/.local/lib/python3.8/site-packages/airflow/example_dags/example_complex.py
[2025-07-16T23:44:52.790+0000] {logging_mixin.py:188} INFO - [2025-07-16T23:44:52.790+0000] {dag.py:3036} INFO - Sync 1 DAGs
[2025-07-16T23:44:52.816+0000] {logging_mixin.py:188} INFO - [2025-07-16T23:44:52.816+0000] {dag.py:3823} INFO - Setting next_dagrun for example_complex to None, run_after=None
[2025-07-16T23:44:52.851+0000] {processor.py:183} INFO - Processing /home/airflow/.local/lib/python3.8/site-packages/airflow/example_dags/example_complex.py took 0.166 seconds
[2025-07-16T23:45:22.919+0000] {processor.py:161} INFO - Started process (PID=1517) to work on /home/airflow/.local/lib/python3.8/site-packages/airflow/example_dags/example_complex.py
[2025-07-16T23:45:22.921+0000] {processor.py:830} INFO - Processing file /home/airflow/.local/lib/python3.8/site-packages/airflow/example_dags/example_complex.py for tasks to queue
[2025-07-16T23:45:22.924+0000] {logging_mixin.py:188} INFO - [2025-07-16T23:45:22.924+0000] {dagbag.py:538} INFO - Filling up the DagBag from /home/airflow/.local/lib/python3.8/site-packages/airflow/example_dags/example_complex.py
[2025-07-16T23:45:22.946+0000] {processor.py:840} INFO - DAG(s) 'example_complex' retrieved from /home/airflow/.local/lib/python3.8/site-packages/airflow/example_dags/example_complex.py
[2025-07-16T23:45:23.002+0000] {logging_mixin.py:188} INFO - [2025-07-16T23:45:23.001+0000] {dag.py:3036} INFO - Sync 1 DAGs
[2025-07-16T23:45:23.023+0000] {logging_mixin.py:188} INFO - [2025-07-16T23:45:23.023+0000] {dag.py:3823} INFO - Setting next_dagrun for example_complex to None, run_after=None
[2025-07-16T23:45:23.049+0000] {processor.py:183} INFO - Processing /home/airflow/.local/lib/python3.8/site-packages/airflow/example_dags/example_complex.py took 0.139 seconds
[2025-07-16T23:45:53.448+0000] {processor.py:161} INFO - Started process (PID=1583) to work on /home/airflow/.local/lib/python3.8/site-packages/airflow/example_dags/example_complex.py
[2025-07-16T23:45:53.449+0000] {processor.py:830} INFO - Processing file /home/airflow/.local/lib/python3.8/site-packages/airflow/example_dags/example_complex.py for tasks to queue
[2025-07-16T23:45:53.453+0000] {logging_mixin.py:188} INFO - [2025-07-16T23:45:53.453+0000] {dagbag.py:538} INFO - Filling up the DagBag from /home/airflow/.local/lib/python3.8/site-packages/airflow/example_dags/example_complex.py
[2025-07-16T23:45:53.475+0000] {processor.py:840} INFO - DAG(s) 'example_complex' retrieved from /home/airflow/.local/lib/python3.8/site-packages/airflow/example_dags/example_complex.py
[2025-07-16T23:45:53.521+0000] {logging_mixin.py:188} INFO - [2025-07-16T23:45:53.521+0000] {dag.py:3036} INFO - Sync 1 DAGs
[2025-07-16T23:45:53.539+0000] {logging_mixin.py:188} INFO - [2025-07-16T23:45:53.539+0000] {dag.py:3823} INFO - Setting next_dagrun for example_complex to None, run_after=None
[2025-07-16T23:45:53.568+0000] {processor.py:183} INFO - Processing /home/airflow/.local/lib/python3.8/site-packages/airflow/example_dags/example_complex.py took 0.127 seconds
[2025-07-16T23:46:23.828+0000] {processor.py:161} INFO - Started process (PID=1649) to work on /home/airflow/.local/lib/python3.8/site-packages/airflow/example_dags/example_complex.py
[2025-07-16T23:46:23.829+0000] {processor.py:830} INFO - Processing file /home/airflow/.local/lib/python3.8/site-packages/airflow/example_dags/example_complex.py for tasks to queue
[2025-07-16T23:46:23.832+0000] {logging_mixin.py:188} INFO - [2025-07-16T23:46:23.831+0000] {dagbag.py:538} INFO - Filling up the DagBag from /home/airflow/.local/lib/python3.8/site-packages/airflow/example_dags/example_complex.py
[2025-07-16T23:46:23.854+0000] {processor.py:840} INFO - DAG(s) 'example_complex' retrieved from /home/airflow/.local/lib/python3.8/site-packages/airflow/example_dags/example_complex.py
[2025-07-16T23:46:23.898+0000] {logging_mixin.py:188} INFO - [2025-07-16T23:46:23.897+0000] {dag.py:3036} INFO - Sync 1 DAGs
[2025-07-16T23:46:23.915+0000] {logging_mixin.py:188} INFO - [2025-07-16T23:46:23.915+0000] {dag.py:3823} INFO - Setting next_dagrun for example_complex to None, run_after=None
[2025-07-16T23:46:23.941+0000] {processor.py:183} INFO - Processing /home/airflow/.local/lib/python3.8/site-packages/airflow/example_dags/example_complex.py took 0.118 seconds
[2025-07-16T23:46:54.173+0000] {processor.py:161} INFO - Started process (PID=1715) to work on /home/airflow/.local/lib/python3.8/site-packages/airflow/example_dags/example_complex.py
[2025-07-16T23:46:54.175+0000] {processor.py:830} INFO - Processing file /home/airflow/.local/lib/python3.8/site-packages/airflow/example_dags/example_complex.py for tasks to queue
[2025-07-16T23:46:54.178+0000] {logging_mixin.py:188} INFO - [2025-07-16T23:46:54.178+0000] {dagbag.py:538} INFO - Filling up the DagBag from /home/airflow/.local/lib/python3.8/site-packages/airflow/example_dags/example_complex.py
[2025-07-16T23:46:54.200+0000] {processor.py:840} INFO - DAG(s) 'example_complex' retrieved from /home/airflow/.local/lib/python3.8/site-packages/airflow/example_dags/example_complex.py
[2025-07-16T23:46:54.244+0000] {logging_mixin.py:188} INFO - [2025-07-16T23:46:54.244+0000] {dag.py:3036} INFO - Sync 1 DAGs
[2025-07-16T23:46:54.263+0000] {logging_mixin.py:188} INFO - [2025-07-16T23:46:54.262+0000] {dag.py:3823} INFO - Setting next_dagrun for example_complex to None, run_after=None
[2025-07-16T23:46:54.292+0000] {processor.py:183} INFO - Processing /home/airflow/.local/lib/python3.8/site-packages/airflow/example_dags/example_complex.py took 0.126 seconds
[2025-07-16T23:47:24.420+0000] {processor.py:161} INFO - Started process (PID=1781) to work on /home/airflow/.local/lib/python3.8/site-packages/airflow/example_dags/example_complex.py
[2025-07-16T23:47:24.422+0000] {processor.py:830} INFO - Processing file /home/airflow/.local/lib/python3.8/site-packages/airflow/example_dags/example_complex.py for tasks to queue
[2025-07-16T23:47:24.425+0000] {logging_mixin.py:188} INFO - [2025-07-16T23:47:24.425+0000] {dagbag.py:538} INFO - Filling up the DagBag from /home/airflow/.local/lib/python3.8/site-packages/airflow/example_dags/example_complex.py
[2025-07-16T23:47:24.447+0000] {processor.py:840} INFO - DAG(s) 'example_complex' retrieved from /home/airflow/.local/lib/python3.8/site-packages/airflow/example_dags/example_complex.py
[2025-07-16T23:47:24.489+0000] {logging_mixin.py:188} INFO - [2025-07-16T23:47:24.489+0000] {dag.py:3036} INFO - Sync 1 DAGs
[2025-07-16T23:47:24.509+0000] {logging_mixin.py:188} INFO - [2025-07-16T23:47:24.509+0000] {dag.py:3823} INFO - Setting next_dagrun for example_complex to None, run_after=None
[2025-07-16T23:47:24.536+0000] {processor.py:183} INFO - Processing /home/airflow/.local/lib/python3.8/site-packages/airflow/example_dags/example_complex.py took 0.121 seconds
[2025-07-16T23:47:54.908+0000] {processor.py:161} INFO - Started process (PID=1842) to work on /home/airflow/.local/lib/python3.8/site-packages/airflow/example_dags/example_complex.py
[2025-07-16T23:47:54.909+0000] {processor.py:830} INFO - Processing file /home/airflow/.local/lib/python3.8/site-packages/airflow/example_dags/example_complex.py for tasks to queue
[2025-07-16T23:47:54.913+0000] {logging_mixin.py:188} INFO - [2025-07-16T23:47:54.912+0000] {dagbag.py:538} INFO - Filling up the DagBag from /home/airflow/.local/lib/python3.8/site-packages/airflow/example_dags/example_complex.py
[2025-07-16T23:47:54.933+0000] {processor.py:840} INFO - DAG(s) 'example_complex' retrieved from /home/airflow/.local/lib/python3.8/site-packages/airflow/example_dags/example_complex.py
[2025-07-16T23:47:54.992+0000] {logging_mixin.py:188} INFO - [2025-07-16T23:47:54.992+0000] {dag.py:3036} INFO - Sync 1 DAGs
[2025-07-16T23:47:55.030+0000] {logging_mixin.py:188} INFO - [2025-07-16T23:47:55.030+0000] {dag.py:3823} INFO - Setting next_dagrun for example_complex to None, run_after=None
[2025-07-16T23:47:55.070+0000] {processor.py:183} INFO - Processing /home/airflow/.local/lib/python3.8/site-packages/airflow/example_dags/example_complex.py took 0.167 seconds
[2025-07-16T23:48:25.962+0000] {processor.py:161} INFO - Started process (PID=1905) to work on /home/airflow/.local/lib/python3.8/site-packages/airflow/example_dags/example_complex.py
[2025-07-16T23:48:25.963+0000] {processor.py:830} INFO - Processing file /home/airflow/.local/lib/python3.8/site-packages/airflow/example_dags/example_complex.py for tasks to queue
[2025-07-16T23:48:25.966+0000] {logging_mixin.py:188} INFO - [2025-07-16T23:48:25.966+0000] {dagbag.py:538} INFO - Filling up the DagBag from /home/airflow/.local/lib/python3.8/site-packages/airflow/example_dags/example_complex.py
[2025-07-16T23:48:25.981+0000] {processor.py:840} INFO - DAG(s) 'example_complex' retrieved from /home/airflow/.local/lib/python3.8/site-packages/airflow/example_dags/example_complex.py
[2025-07-16T23:48:26.042+0000] {logging_mixin.py:188} INFO - [2025-07-16T23:48:26.041+0000] {dag.py:3036} INFO - Sync 1 DAGs
[2025-07-16T23:48:26.072+0000] {logging_mixin.py:188} INFO - [2025-07-16T23:48:26.072+0000] {dag.py:3823} INFO - Setting next_dagrun for example_complex to None, run_after=None
[2025-07-16T23:48:26.119+0000] {processor.py:183} INFO - Processing /home/airflow/.local/lib/python3.8/site-packages/airflow/example_dags/example_complex.py took 0.162 seconds
[2025-07-16T23:48:56.804+0000] {processor.py:161} INFO - Started process (PID=1971) to work on /home/airflow/.local/lib/python3.8/site-packages/airflow/example_dags/example_complex.py
[2025-07-16T23:48:56.805+0000] {processor.py:830} INFO - Processing file /home/airflow/.local/lib/python3.8/site-packages/airflow/example_dags/example_complex.py for tasks to queue
[2025-07-16T23:48:56.808+0000] {logging_mixin.py:188} INFO - [2025-07-16T23:48:56.808+0000] {dagbag.py:538} INFO - Filling up the DagBag from /home/airflow/.local/lib/python3.8/site-packages/airflow/example_dags/example_complex.py
[2025-07-16T23:48:56.833+0000] {processor.py:840} INFO - DAG(s) 'example_complex' retrieved from /home/airflow/.local/lib/python3.8/site-packages/airflow/example_dags/example_complex.py
[2025-07-16T23:48:56.919+0000] {logging_mixin.py:188} INFO - [2025-07-16T23:48:56.918+0000] {dag.py:3036} INFO - Sync 1 DAGs
[2025-07-16T23:48:56.946+0000] {logging_mixin.py:188} INFO - [2025-07-16T23:48:56.946+0000] {dag.py:3823} INFO - Setting next_dagrun for example_complex to None, run_after=None
[2025-07-16T23:48:56.986+0000] {processor.py:183} INFO - Processing /home/airflow/.local/lib/python3.8/site-packages/airflow/example_dags/example_complex.py took 0.191 seconds
[2025-07-16T23:49:27.030+0000] {processor.py:161} INFO - Started process (PID=2036) to work on /home/airflow/.local/lib/python3.8/site-packages/airflow/example_dags/example_complex.py
[2025-07-16T23:49:27.031+0000] {processor.py:830} INFO - Processing file /home/airflow/.local/lib/python3.8/site-packages/airflow/example_dags/example_complex.py for tasks to queue
[2025-07-16T23:49:27.035+0000] {logging_mixin.py:188} INFO - [2025-07-16T23:49:27.034+0000] {dagbag.py:538} INFO - Filling up the DagBag from /home/airflow/.local/lib/python3.8/site-packages/airflow/example_dags/example_complex.py
[2025-07-16T23:49:27.062+0000] {processor.py:840} INFO - DAG(s) 'example_complex' retrieved from /home/airflow/.local/lib/python3.8/site-packages/airflow/example_dags/example_complex.py
[2025-07-16T23:49:27.125+0000] {logging_mixin.py:188} INFO - [2025-07-16T23:49:27.124+0000] {dag.py:3036} INFO - Sync 1 DAGs
[2025-07-16T23:49:27.151+0000] {logging_mixin.py:188} INFO - [2025-07-16T23:49:27.151+0000] {dag.py:3823} INFO - Setting next_dagrun for example_complex to None, run_after=None
[2025-07-16T23:49:27.193+0000] {processor.py:183} INFO - Processing /home/airflow/.local/lib/python3.8/site-packages/airflow/example_dags/example_complex.py took 0.169 seconds
[2025-07-16T23:49:57.535+0000] {processor.py:161} INFO - Started process (PID=2101) to work on /home/airflow/.local/lib/python3.8/site-packages/airflow/example_dags/example_complex.py
[2025-07-16T23:49:57.536+0000] {processor.py:830} INFO - Processing file /home/airflow/.local/lib/python3.8/site-packages/airflow/example_dags/example_complex.py for tasks to queue
[2025-07-16T23:49:57.539+0000] {logging_mixin.py:188} INFO - [2025-07-16T23:49:57.539+0000] {dagbag.py:538} INFO - Filling up the DagBag from /home/airflow/.local/lib/python3.8/site-packages/airflow/example_dags/example_complex.py
[2025-07-16T23:49:57.562+0000] {processor.py:840} INFO - DAG(s) 'example_complex' retrieved from /home/airflow/.local/lib/python3.8/site-packages/airflow/example_dags/example_complex.py
[2025-07-16T23:49:57.615+0000] {logging_mixin.py:188} INFO - [2025-07-16T23:49:57.614+0000] {dag.py:3036} INFO - Sync 1 DAGs
[2025-07-16T23:49:57.635+0000] {logging_mixin.py:188} INFO - [2025-07-16T23:49:57.634+0000] {dag.py:3823} INFO - Setting next_dagrun for example_complex to None, run_after=None
[2025-07-16T23:49:57.671+0000] {processor.py:183} INFO - Processing /home/airflow/.local/lib/python3.8/site-packages/airflow/example_dags/example_complex.py took 0.142 seconds
[2025-07-16T23:50:28.231+0000] {processor.py:161} INFO - Started process (PID=2166) to work on /home/airflow/.local/lib/python3.8/site-packages/airflow/example_dags/example_complex.py
[2025-07-16T23:50:28.233+0000] {processor.py:830} INFO - Processing file /home/airflow/.local/lib/python3.8/site-packages/airflow/example_dags/example_complex.py for tasks to queue
[2025-07-16T23:50:28.236+0000] {logging_mixin.py:188} INFO - [2025-07-16T23:50:28.236+0000] {dagbag.py:538} INFO - Filling up the DagBag from /home/airflow/.local/lib/python3.8/site-packages/airflow/example_dags/example_complex.py
[2025-07-16T23:50:28.252+0000] {processor.py:840} INFO - DAG(s) 'example_complex' retrieved from /home/airflow/.local/lib/python3.8/site-packages/airflow/example_dags/example_complex.py
[2025-07-16T23:50:28.312+0000] {logging_mixin.py:188} INFO - [2025-07-16T23:50:28.312+0000] {dag.py:3036} INFO - Sync 1 DAGs
[2025-07-16T23:50:28.329+0000] {logging_mixin.py:188} INFO - [2025-07-16T23:50:28.328+0000] {dag.py:3823} INFO - Setting next_dagrun for example_complex to None, run_after=None
[2025-07-16T23:50:28.359+0000] {processor.py:183} INFO - Processing /home/airflow/.local/lib/python3.8/site-packages/airflow/example_dags/example_complex.py took 0.132 seconds
[2025-07-16T23:50:58.692+0000] {processor.py:161} INFO - Started process (PID=2232) to work on /home/airflow/.local/lib/python3.8/site-packages/airflow/example_dags/example_complex.py
[2025-07-16T23:50:58.693+0000] {processor.py:830} INFO - Processing file /home/airflow/.local/lib/python3.8/site-packages/airflow/example_dags/example_complex.py for tasks to queue
[2025-07-16T23:50:58.696+0000] {logging_mixin.py:188} INFO - [2025-07-16T23:50:58.696+0000] {dagbag.py:538} INFO - Filling up the DagBag from /home/airflow/.local/lib/python3.8/site-packages/airflow/example_dags/example_complex.py
[2025-07-16T23:50:58.712+0000] {processor.py:840} INFO - DAG(s) 'example_complex' retrieved from /home/airflow/.local/lib/python3.8/site-packages/airflow/example_dags/example_complex.py
[2025-07-16T23:50:58.756+0000] {logging_mixin.py:188} INFO - [2025-07-16T23:50:58.756+0000] {dag.py:3036} INFO - Sync 1 DAGs
[2025-07-16T23:50:58.775+0000] {logging_mixin.py:188} INFO - [2025-07-16T23:50:58.774+0000] {dag.py:3823} INFO - Setting next_dagrun for example_complex to None, run_after=None
[2025-07-16T23:50:58.956+0000] {processor.py:183} INFO - Processing /home/airflow/.local/lib/python3.8/site-packages/airflow/example_dags/example_complex.py took 0.268 seconds
[2025-07-16T23:51:29.146+0000] {processor.py:161} INFO - Started process (PID=2297) to work on /home/airflow/.local/lib/python3.8/site-packages/airflow/example_dags/example_complex.py
[2025-07-16T23:51:29.147+0000] {processor.py:830} INFO - Processing file /home/airflow/.local/lib/python3.8/site-packages/airflow/example_dags/example_complex.py for tasks to queue
[2025-07-16T23:51:29.151+0000] {logging_mixin.py:188} INFO - [2025-07-16T23:51:29.150+0000] {dagbag.py:538} INFO - Filling up the DagBag from /home/airflow/.local/lib/python3.8/site-packages/airflow/example_dags/example_complex.py
[2025-07-16T23:51:29.175+0000] {processor.py:840} INFO - DAG(s) 'example_complex' retrieved from /home/airflow/.local/lib/python3.8/site-packages/airflow/example_dags/example_complex.py
[2025-07-16T23:51:29.245+0000] {logging_mixin.py:188} INFO - [2025-07-16T23:51:29.245+0000] {dag.py:3036} INFO - Sync 1 DAGs
[2025-07-16T23:51:29.273+0000] {logging_mixin.py:188} INFO - [2025-07-16T23:51:29.272+0000] {dag.py:3823} INFO - Setting next_dagrun for example_complex to None, run_after=None
[2025-07-16T23:51:29.421+0000] {processor.py:183} INFO - Processing /home/airflow/.local/lib/python3.8/site-packages/airflow/example_dags/example_complex.py took 0.281 seconds
[2025-07-16T23:51:59.919+0000] {processor.py:161} INFO - Started process (PID=2358) to work on /home/airflow/.local/lib/python3.8/site-packages/airflow/example_dags/example_complex.py
[2025-07-16T23:51:59.921+0000] {processor.py:830} INFO - Processing file /home/airflow/.local/lib/python3.8/site-packages/airflow/example_dags/example_complex.py for tasks to queue
[2025-07-16T23:51:59.924+0000] {logging_mixin.py:188} INFO - [2025-07-16T23:51:59.923+0000] {dagbag.py:538} INFO - Filling up the DagBag from /home/airflow/.local/lib/python3.8/site-packages/airflow/example_dags/example_complex.py
[2025-07-16T23:51:59.943+0000] {processor.py:840} INFO - DAG(s) 'example_complex' retrieved from /home/airflow/.local/lib/python3.8/site-packages/airflow/example_dags/example_complex.py
[2025-07-16T23:51:59.989+0000] {logging_mixin.py:188} INFO - [2025-07-16T23:51:59.989+0000] {dag.py:3036} INFO - Sync 1 DAGs
[2025-07-16T23:52:00.013+0000] {logging_mixin.py:188} INFO - [2025-07-16T23:52:00.013+0000] {dag.py:3823} INFO - Setting next_dagrun for example_complex to None, run_after=None
[2025-07-16T23:52:00.047+0000] {processor.py:183} INFO - Processing /home/airflow/.local/lib/python3.8/site-packages/airflow/example_dags/example_complex.py took 0.134 seconds
[2025-07-16T23:52:30.971+0000] {processor.py:161} INFO - Started process (PID=2424) to work on /home/airflow/.local/lib/python3.8/site-packages/airflow/example_dags/example_complex.py
[2025-07-16T23:52:30.973+0000] {processor.py:830} INFO - Processing file /home/airflow/.local/lib/python3.8/site-packages/airflow/example_dags/example_complex.py for tasks to queue
[2025-07-16T23:52:30.975+0000] {logging_mixin.py:188} INFO - [2025-07-16T23:52:30.975+0000] {dagbag.py:538} INFO - Filling up the DagBag from /home/airflow/.local/lib/python3.8/site-packages/airflow/example_dags/example_complex.py
[2025-07-16T23:52:30.990+0000] {processor.py:840} INFO - DAG(s) 'example_complex' retrieved from /home/airflow/.local/lib/python3.8/site-packages/airflow/example_dags/example_complex.py
[2025-07-16T23:52:31.044+0000] {logging_mixin.py:188} INFO - [2025-07-16T23:52:31.044+0000] {dag.py:3036} INFO - Sync 1 DAGs
[2025-07-16T23:52:31.068+0000] {logging_mixin.py:188} INFO - [2025-07-16T23:52:31.068+0000] {dag.py:3823} INFO - Setting next_dagrun for example_complex to None, run_after=None
[2025-07-16T23:52:31.099+0000] {processor.py:183} INFO - Processing /home/airflow/.local/lib/python3.8/site-packages/airflow/example_dags/example_complex.py took 0.132 seconds
[2025-07-16T23:53:01.556+0000] {processor.py:161} INFO - Started process (PID=2490) to work on /home/airflow/.local/lib/python3.8/site-packages/airflow/example_dags/example_complex.py
[2025-07-16T23:53:01.557+0000] {processor.py:830} INFO - Processing file /home/airflow/.local/lib/python3.8/site-packages/airflow/example_dags/example_complex.py for tasks to queue
[2025-07-16T23:53:01.560+0000] {logging_mixin.py:188} INFO - [2025-07-16T23:53:01.559+0000] {dagbag.py:538} INFO - Filling up the DagBag from /home/airflow/.local/lib/python3.8/site-packages/airflow/example_dags/example_complex.py
[2025-07-16T23:53:01.575+0000] {processor.py:840} INFO - DAG(s) 'example_complex' retrieved from /home/airflow/.local/lib/python3.8/site-packages/airflow/example_dags/example_complex.py
[2025-07-16T23:53:01.779+0000] {logging_mixin.py:188} INFO - [2025-07-16T23:53:01.778+0000] {dag.py:3036} INFO - Sync 1 DAGs
[2025-07-16T23:53:01.796+0000] {logging_mixin.py:188} INFO - [2025-07-16T23:53:01.796+0000] {dag.py:3823} INFO - Setting next_dagrun for example_complex to None, run_after=None
[2025-07-16T23:53:01.822+0000] {processor.py:183} INFO - Processing /home/airflow/.local/lib/python3.8/site-packages/airflow/example_dags/example_complex.py took 0.271 seconds
[2025-07-16T23:53:32.348+0000] {processor.py:161} INFO - Started process (PID=2556) to work on /home/airflow/.local/lib/python3.8/site-packages/airflow/example_dags/example_complex.py
[2025-07-16T23:53:32.350+0000] {processor.py:830} INFO - Processing file /home/airflow/.local/lib/python3.8/site-packages/airflow/example_dags/example_complex.py for tasks to queue
[2025-07-16T23:53:32.353+0000] {logging_mixin.py:188} INFO - [2025-07-16T23:53:32.353+0000] {dagbag.py:538} INFO - Filling up the DagBag from /home/airflow/.local/lib/python3.8/site-packages/airflow/example_dags/example_complex.py
[2025-07-16T23:53:32.372+0000] {processor.py:840} INFO - DAG(s) 'example_complex' retrieved from /home/airflow/.local/lib/python3.8/site-packages/airflow/example_dags/example_complex.py
[2025-07-16T23:53:32.429+0000] {logging_mixin.py:188} INFO - [2025-07-16T23:53:32.429+0000] {dag.py:3036} INFO - Sync 1 DAGs
[2025-07-16T23:53:32.446+0000] {logging_mixin.py:188} INFO - [2025-07-16T23:53:32.446+0000] {dag.py:3823} INFO - Setting next_dagrun for example_complex to None, run_after=None
[2025-07-16T23:53:32.478+0000] {processor.py:183} INFO - Processing /home/airflow/.local/lib/python3.8/site-packages/airflow/example_dags/example_complex.py took 0.136 seconds
[2025-07-16T23:54:03.427+0000] {processor.py:161} INFO - Started process (PID=2622) to work on /home/airflow/.local/lib/python3.8/site-packages/airflow/example_dags/example_complex.py
[2025-07-16T23:54:03.428+0000] {processor.py:830} INFO - Processing file /home/airflow/.local/lib/python3.8/site-packages/airflow/example_dags/example_complex.py for tasks to queue
[2025-07-16T23:54:03.431+0000] {logging_mixin.py:188} INFO - [2025-07-16T23:54:03.430+0000] {dagbag.py:538} INFO - Filling up the DagBag from /home/airflow/.local/lib/python3.8/site-packages/airflow/example_dags/example_complex.py
[2025-07-16T23:54:03.446+0000] {processor.py:840} INFO - DAG(s) 'example_complex' retrieved from /home/airflow/.local/lib/python3.8/site-packages/airflow/example_dags/example_complex.py
[2025-07-16T23:54:03.488+0000] {logging_mixin.py:188} INFO - [2025-07-16T23:54:03.488+0000] {dag.py:3036} INFO - Sync 1 DAGs
[2025-07-16T23:54:03.505+0000] {logging_mixin.py:188} INFO - [2025-07-16T23:54:03.505+0000] {dag.py:3823} INFO - Setting next_dagrun for example_complex to None, run_after=None
[2025-07-16T23:54:03.535+0000] {processor.py:183} INFO - Processing /home/airflow/.local/lib/python3.8/site-packages/airflow/example_dags/example_complex.py took 0.113 seconds
[2025-07-16T23:54:33.620+0000] {processor.py:161} INFO - Started process (PID=2688) to work on /home/airflow/.local/lib/python3.8/site-packages/airflow/example_dags/example_complex.py
[2025-07-16T23:54:33.622+0000] {processor.py:830} INFO - Processing file /home/airflow/.local/lib/python3.8/site-packages/airflow/example_dags/example_complex.py for tasks to queue
[2025-07-16T23:54:33.625+0000] {logging_mixin.py:188} INFO - [2025-07-16T23:54:33.625+0000] {dagbag.py:538} INFO - Filling up the DagBag from /home/airflow/.local/lib/python3.8/site-packages/airflow/example_dags/example_complex.py
[2025-07-16T23:54:33.647+0000] {processor.py:840} INFO - DAG(s) 'example_complex' retrieved from /home/airflow/.local/lib/python3.8/site-packages/airflow/example_dags/example_complex.py
[2025-07-16T23:54:33.702+0000] {logging_mixin.py:188} INFO - [2025-07-16T23:54:33.702+0000] {dag.py:3036} INFO - Sync 1 DAGs
[2025-07-16T23:54:33.723+0000] {logging_mixin.py:188} INFO - [2025-07-16T23:54:33.723+0000] {dag.py:3823} INFO - Setting next_dagrun for example_complex to None, run_after=None
[2025-07-16T23:54:33.757+0000] {processor.py:183} INFO - Processing /home/airflow/.local/lib/python3.8/site-packages/airflow/example_dags/example_complex.py took 0.143 seconds
[2025-07-16T23:55:04.686+0000] {processor.py:161} INFO - Started process (PID=2754) to work on /home/airflow/.local/lib/python3.8/site-packages/airflow/example_dags/example_complex.py
[2025-07-16T23:55:04.688+0000] {processor.py:830} INFO - Processing file /home/airflow/.local/lib/python3.8/site-packages/airflow/example_dags/example_complex.py for tasks to queue
[2025-07-16T23:55:04.691+0000] {logging_mixin.py:188} INFO - [2025-07-16T23:55:04.691+0000] {dagbag.py:538} INFO - Filling up the DagBag from /home/airflow/.local/lib/python3.8/site-packages/airflow/example_dags/example_complex.py
[2025-07-16T23:55:04.719+0000] {processor.py:840} INFO - DAG(s) 'example_complex' retrieved from /home/airflow/.local/lib/python3.8/site-packages/airflow/example_dags/example_complex.py
[2025-07-16T23:55:04.780+0000] {logging_mixin.py:188} INFO - [2025-07-16T23:55:04.780+0000] {dag.py:3036} INFO - Sync 1 DAGs
[2025-07-16T23:55:04.806+0000] {logging_mixin.py:188} INFO - [2025-07-16T23:55:04.805+0000] {dag.py:3823} INFO - Setting next_dagrun for example_complex to None, run_after=None
[2025-07-16T23:55:04.837+0000] {processor.py:183} INFO - Processing /home/airflow/.local/lib/python3.8/site-packages/airflow/example_dags/example_complex.py took 0.158 seconds
[2025-07-16T23:55:36.191+0000] {processor.py:161} INFO - Started process (PID=2816) to work on /home/airflow/.local/lib/python3.8/site-packages/airflow/example_dags/example_complex.py
[2025-07-16T23:55:36.192+0000] {processor.py:830} INFO - Processing file /home/airflow/.local/lib/python3.8/site-packages/airflow/example_dags/example_complex.py for tasks to queue
[2025-07-16T23:55:36.195+0000] {logging_mixin.py:188} INFO - [2025-07-16T23:55:36.195+0000] {dagbag.py:538} INFO - Filling up the DagBag from /home/airflow/.local/lib/python3.8/site-packages/airflow/example_dags/example_complex.py
[2025-07-16T23:55:36.219+0000] {processor.py:840} INFO - DAG(s) 'example_complex' retrieved from /home/airflow/.local/lib/python3.8/site-packages/airflow/example_dags/example_complex.py
[2025-07-16T23:55:36.344+0000] {logging_mixin.py:188} INFO - [2025-07-16T23:55:36.341+0000] {dag.py:3036} INFO - Sync 1 DAGs
[2025-07-16T23:55:36.376+0000] {logging_mixin.py:188} INFO - [2025-07-16T23:55:36.376+0000] {dag.py:3823} INFO - Setting next_dagrun for example_complex to None, run_after=None
[2025-07-16T23:55:36.434+0000] {processor.py:183} INFO - Processing /home/airflow/.local/lib/python3.8/site-packages/airflow/example_dags/example_complex.py took 0.249 seconds
[2025-07-16T23:56:06.617+0000] {processor.py:161} INFO - Started process (PID=2879) to work on /home/airflow/.local/lib/python3.8/site-packages/airflow/example_dags/example_complex.py
[2025-07-16T23:56:06.624+0000] {processor.py:830} INFO - Processing file /home/airflow/.local/lib/python3.8/site-packages/airflow/example_dags/example_complex.py for tasks to queue
[2025-07-16T23:56:06.632+0000] {logging_mixin.py:188} INFO - [2025-07-16T23:56:06.631+0000] {dagbag.py:538} INFO - Filling up the DagBag from /home/airflow/.local/lib/python3.8/site-packages/airflow/example_dags/example_complex.py
[2025-07-16T23:56:06.659+0000] {processor.py:840} INFO - DAG(s) 'example_complex' retrieved from /home/airflow/.local/lib/python3.8/site-packages/airflow/example_dags/example_complex.py
[2025-07-16T23:56:06.708+0000] {logging_mixin.py:188} INFO - [2025-07-16T23:56:06.707+0000] {dag.py:3036} INFO - Sync 1 DAGs
[2025-07-16T23:56:06.729+0000] {logging_mixin.py:188} INFO - [2025-07-16T23:56:06.728+0000] {dag.py:3823} INFO - Setting next_dagrun for example_complex to None, run_after=None
[2025-07-16T23:56:06.766+0000] {processor.py:183} INFO - Processing /home/airflow/.local/lib/python3.8/site-packages/airflow/example_dags/example_complex.py took 0.157 seconds
[2025-07-16T23:56:36.825+0000] {processor.py:161} INFO - Started process (PID=2943) to work on /home/airflow/.local/lib/python3.8/site-packages/airflow/example_dags/example_complex.py
[2025-07-16T23:56:36.826+0000] {processor.py:830} INFO - Processing file /home/airflow/.local/lib/python3.8/site-packages/airflow/example_dags/example_complex.py for tasks to queue
[2025-07-16T23:56:36.830+0000] {logging_mixin.py:188} INFO - [2025-07-16T23:56:36.829+0000] {dagbag.py:538} INFO - Filling up the DagBag from /home/airflow/.local/lib/python3.8/site-packages/airflow/example_dags/example_complex.py
[2025-07-16T23:56:36.851+0000] {processor.py:840} INFO - DAG(s) 'example_complex' retrieved from /home/airflow/.local/lib/python3.8/site-packages/airflow/example_dags/example_complex.py
[2025-07-16T23:56:36.896+0000] {logging_mixin.py:188} INFO - [2025-07-16T23:56:36.896+0000] {dag.py:3036} INFO - Sync 1 DAGs
[2025-07-16T23:56:36.913+0000] {logging_mixin.py:188} INFO - [2025-07-16T23:56:36.913+0000] {dag.py:3823} INFO - Setting next_dagrun for example_complex to None, run_after=None
[2025-07-16T23:56:36.939+0000] {processor.py:183} INFO - Processing /home/airflow/.local/lib/python3.8/site-packages/airflow/example_dags/example_complex.py took 0.120 seconds
[2025-07-16T23:57:07.633+0000] {processor.py:161} INFO - Started process (PID=3009) to work on /home/airflow/.local/lib/python3.8/site-packages/airflow/example_dags/example_complex.py
[2025-07-16T23:57:07.635+0000] {processor.py:830} INFO - Processing file /home/airflow/.local/lib/python3.8/site-packages/airflow/example_dags/example_complex.py for tasks to queue
[2025-07-16T23:57:07.638+0000] {logging_mixin.py:188} INFO - [2025-07-16T23:57:07.637+0000] {dagbag.py:538} INFO - Filling up the DagBag from /home/airflow/.local/lib/python3.8/site-packages/airflow/example_dags/example_complex.py
[2025-07-16T23:57:07.663+0000] {processor.py:840} INFO - DAG(s) 'example_complex' retrieved from /home/airflow/.local/lib/python3.8/site-packages/airflow/example_dags/example_complex.py
[2025-07-16T23:57:07.844+0000] {logging_mixin.py:188} INFO - [2025-07-16T23:57:07.843+0000] {dag.py:3036} INFO - Sync 1 DAGs
[2025-07-16T23:57:07.860+0000] {logging_mixin.py:188} INFO - [2025-07-16T23:57:07.860+0000] {dag.py:3823} INFO - Setting next_dagrun for example_complex to None, run_after=None
[2025-07-16T23:57:07.889+0000] {processor.py:183} INFO - Processing /home/airflow/.local/lib/python3.8/site-packages/airflow/example_dags/example_complex.py took 0.263 seconds
[2025-07-16T23:57:38.570+0000] {processor.py:161} INFO - Started process (PID=3075) to work on /home/airflow/.local/lib/python3.8/site-packages/airflow/example_dags/example_complex.py
[2025-07-16T23:57:38.571+0000] {processor.py:830} INFO - Processing file /home/airflow/.local/lib/python3.8/site-packages/airflow/example_dags/example_complex.py for tasks to queue
[2025-07-16T23:57:38.574+0000] {logging_mixin.py:188} INFO - [2025-07-16T23:57:38.573+0000] {dagbag.py:538} INFO - Filling up the DagBag from /home/airflow/.local/lib/python3.8/site-packages/airflow/example_dags/example_complex.py
[2025-07-16T23:57:38.589+0000] {processor.py:840} INFO - DAG(s) 'example_complex' retrieved from /home/airflow/.local/lib/python3.8/site-packages/airflow/example_dags/example_complex.py
[2025-07-16T23:57:38.636+0000] {logging_mixin.py:188} INFO - [2025-07-16T23:57:38.635+0000] {dag.py:3036} INFO - Sync 1 DAGs
[2025-07-16T23:57:38.665+0000] {logging_mixin.py:188} INFO - [2025-07-16T23:57:38.664+0000] {dag.py:3823} INFO - Setting next_dagrun for example_complex to None, run_after=None
[2025-07-16T23:57:38.708+0000] {processor.py:183} INFO - Processing /home/airflow/.local/lib/python3.8/site-packages/airflow/example_dags/example_complex.py took 0.142 seconds
[2025-07-16T23:58:08.757+0000] {processor.py:161} INFO - Started process (PID=3142) to work on /home/airflow/.local/lib/python3.8/site-packages/airflow/example_dags/example_complex.py
[2025-07-16T23:58:08.758+0000] {processor.py:830} INFO - Processing file /home/airflow/.local/lib/python3.8/site-packages/airflow/example_dags/example_complex.py for tasks to queue
[2025-07-16T23:58:08.761+0000] {logging_mixin.py:188} INFO - [2025-07-16T23:58:08.760+0000] {dagbag.py:538} INFO - Filling up the DagBag from /home/airflow/.local/lib/python3.8/site-packages/airflow/example_dags/example_complex.py
[2025-07-16T23:58:08.776+0000] {processor.py:840} INFO - DAG(s) 'example_complex' retrieved from /home/airflow/.local/lib/python3.8/site-packages/airflow/example_dags/example_complex.py
[2025-07-16T23:58:08.825+0000] {logging_mixin.py:188} INFO - [2025-07-16T23:58:08.824+0000] {dag.py:3036} INFO - Sync 1 DAGs
[2025-07-16T23:58:08.846+0000] {logging_mixin.py:188} INFO - [2025-07-16T23:58:08.846+0000] {dag.py:3823} INFO - Setting next_dagrun for example_complex to None, run_after=None
[2025-07-16T23:58:08.891+0000] {processor.py:183} INFO - Processing /home/airflow/.local/lib/python3.8/site-packages/airflow/example_dags/example_complex.py took 0.138 seconds
[2025-07-16T23:58:39.079+0000] {processor.py:161} INFO - Started process (PID=3203) to work on /home/airflow/.local/lib/python3.8/site-packages/airflow/example_dags/example_complex.py
[2025-07-16T23:58:39.082+0000] {processor.py:830} INFO - Processing file /home/airflow/.local/lib/python3.8/site-packages/airflow/example_dags/example_complex.py for tasks to queue
[2025-07-16T23:58:39.085+0000] {logging_mixin.py:188} INFO - [2025-07-16T23:58:39.085+0000] {dagbag.py:538} INFO - Filling up the DagBag from /home/airflow/.local/lib/python3.8/site-packages/airflow/example_dags/example_complex.py
[2025-07-16T23:58:39.110+0000] {processor.py:840} INFO - DAG(s) 'example_complex' retrieved from /home/airflow/.local/lib/python3.8/site-packages/airflow/example_dags/example_complex.py
[2025-07-16T23:58:39.183+0000] {logging_mixin.py:188} INFO - [2025-07-16T23:58:39.182+0000] {dag.py:3036} INFO - Sync 1 DAGs
[2025-07-16T23:58:39.211+0000] {logging_mixin.py:188} INFO - [2025-07-16T23:58:39.211+0000] {dag.py:3823} INFO - Setting next_dagrun for example_complex to None, run_after=None
[2025-07-16T23:58:39.249+0000] {processor.py:183} INFO - Processing /home/airflow/.local/lib/python3.8/site-packages/airflow/example_dags/example_complex.py took 0.176 seconds
[2025-07-16T23:59:09.809+0000] {processor.py:161} INFO - Started process (PID=3265) to work on /home/airflow/.local/lib/python3.8/site-packages/airflow/example_dags/example_complex.py
[2025-07-16T23:59:09.812+0000] {processor.py:830} INFO - Processing file /home/airflow/.local/lib/python3.8/site-packages/airflow/example_dags/example_complex.py for tasks to queue
[2025-07-16T23:59:09.817+0000] {logging_mixin.py:188} INFO - [2025-07-16T23:59:09.816+0000] {dagbag.py:538} INFO - Filling up the DagBag from /home/airflow/.local/lib/python3.8/site-packages/airflow/example_dags/example_complex.py
[2025-07-16T23:59:09.843+0000] {processor.py:840} INFO - DAG(s) 'example_complex' retrieved from /home/airflow/.local/lib/python3.8/site-packages/airflow/example_dags/example_complex.py
[2025-07-16T23:59:09.905+0000] {logging_mixin.py:188} INFO - [2025-07-16T23:59:09.905+0000] {dag.py:3036} INFO - Sync 1 DAGs
[2025-07-16T23:59:09.929+0000] {logging_mixin.py:188} INFO - [2025-07-16T23:59:09.928+0000] {dag.py:3823} INFO - Setting next_dagrun for example_complex to None, run_after=None
[2025-07-16T23:59:09.964+0000] {processor.py:183} INFO - Processing /home/airflow/.local/lib/python3.8/site-packages/airflow/example_dags/example_complex.py took 0.161 seconds
[2025-07-16T23:59:40.709+0000] {processor.py:161} INFO - Started process (PID=3331) to work on /home/airflow/.local/lib/python3.8/site-packages/airflow/example_dags/example_complex.py
[2025-07-16T23:59:40.710+0000] {processor.py:830} INFO - Processing file /home/airflow/.local/lib/python3.8/site-packages/airflow/example_dags/example_complex.py for tasks to queue
[2025-07-16T23:59:40.715+0000] {logging_mixin.py:188} INFO - [2025-07-16T23:59:40.714+0000] {dagbag.py:538} INFO - Filling up the DagBag from /home/airflow/.local/lib/python3.8/site-packages/airflow/example_dags/example_complex.py
[2025-07-16T23:59:40.735+0000] {processor.py:840} INFO - DAG(s) 'example_complex' retrieved from /home/airflow/.local/lib/python3.8/site-packages/airflow/example_dags/example_complex.py
[2025-07-16T23:59:40.792+0000] {logging_mixin.py:188} INFO - [2025-07-16T23:59:40.791+0000] {dag.py:3036} INFO - Sync 1 DAGs
[2025-07-16T23:59:40.817+0000] {logging_mixin.py:188} INFO - [2025-07-16T23:59:40.817+0000] {dag.py:3823} INFO - Setting next_dagrun for example_complex to None, run_after=None
[2025-07-16T23:59:40.855+0000] {processor.py:183} INFO - Processing /home/airflow/.local/lib/python3.8/site-packages/airflow/example_dags/example_complex.py took 0.151 seconds
