[2025-07-16T15:02:24.624+0000] {processor.py:161} INFO - Started process (PID=124) to work on /home/airflow/.local/lib/python3.8/site-packages/airflow/example_dags/example_branch_day_of_week_operator.py
[2025-07-16T15:02:24.626+0000] {processor.py:830} INFO - Processing file /home/airflow/.local/lib/python3.8/site-packages/airflow/example_dags/example_branch_day_of_week_operator.py for tasks to queue
[2025-07-16T15:02:24.630+0000] {logging_mixin.py:188} INFO - [2025-07-16T15:02:24.629+0000] {dagbag.py:538} INFO - Filling up the DagBag from /home/airflow/.local/lib/python3.8/site-packages/airflow/example_dags/example_branch_day_of_week_operator.py
[2025-07-16T15:02:24.659+0000] {processor.py:840} INFO - DAG(s) 'example_weekday_branch_operator' retrieved from /home/airflow/.local/lib/python3.8/site-packages/airflow/example_dags/example_branch_day_of_week_operator.py
[2025-07-16T15:02:24.785+0000] {logging_mixin.py:188} INFO - [2025-07-16T15:02:24.784+0000] {dag.py:3036} INFO - Sync 1 DAGs
[2025-07-16T15:02:24.867+0000] {logging_mixin.py:188} INFO - [2025-07-16T15:02:24.866+0000] {dag.py:3823} INFO - Setting next_dagrun for example_weekday_branch_operator to 2025-07-15 00:00:00+00:00, run_after=2025-07-16 00:00:00+00:00
[2025-07-16T15:02:24.923+0000] {processor.py:183} INFO - Processing /home/airflow/.local/lib/python3.8/site-packages/airflow/example_dags/example_branch_day_of_week_operator.py took 0.307 seconds
[2025-07-16T15:02:59.812+0000] {processor.py:161} INFO - Started process (PID=190) to work on /home/airflow/.local/lib/python3.8/site-packages/airflow/example_dags/example_branch_day_of_week_operator.py
[2025-07-16T15:02:59.814+0000] {processor.py:830} INFO - Processing file /home/airflow/.local/lib/python3.8/site-packages/airflow/example_dags/example_branch_day_of_week_operator.py for tasks to queue
[2025-07-16T15:02:59.816+0000] {logging_mixin.py:188} INFO - [2025-07-16T15:02:59.816+0000] {dagbag.py:538} INFO - Filling up the DagBag from /home/airflow/.local/lib/python3.8/site-packages/airflow/example_dags/example_branch_day_of_week_operator.py
[2025-07-16T15:02:59.826+0000] {processor.py:840} INFO - DAG(s) 'example_weekday_branch_operator' retrieved from /home/airflow/.local/lib/python3.8/site-packages/airflow/example_dags/example_branch_day_of_week_operator.py
[2025-07-16T15:02:59.856+0000] {logging_mixin.py:188} INFO - [2025-07-16T15:02:59.856+0000] {dag.py:3036} INFO - Sync 1 DAGs
[2025-07-16T15:02:59.892+0000] {logging_mixin.py:188} INFO - [2025-07-16T15:02:59.892+0000] {dag.py:3823} INFO - Setting next_dagrun for example_weekday_branch_operator to 2025-07-15 00:00:00+00:00, run_after=2025-07-16 00:00:00+00:00
[2025-07-16T15:02:59.918+0000] {processor.py:183} INFO - Processing /home/airflow/.local/lib/python3.8/site-packages/airflow/example_dags/example_branch_day_of_week_operator.py took 0.111 seconds
[2025-07-16T15:03:31.058+0000] {processor.py:161} INFO - Started process (PID=250) to work on /home/airflow/.local/lib/python3.8/site-packages/airflow/example_dags/example_branch_day_of_week_operator.py
[2025-07-16T15:03:31.060+0000] {processor.py:830} INFO - Processing file /home/airflow/.local/lib/python3.8/site-packages/airflow/example_dags/example_branch_day_of_week_operator.py for tasks to queue
[2025-07-16T15:03:31.063+0000] {logging_mixin.py:188} INFO - [2025-07-16T15:03:31.062+0000] {dagbag.py:538} INFO - Filling up the DagBag from /home/airflow/.local/lib/python3.8/site-packages/airflow/example_dags/example_branch_day_of_week_operator.py
[2025-07-16T15:03:31.074+0000] {processor.py:840} INFO - DAG(s) 'example_weekday_branch_operator' retrieved from /home/airflow/.local/lib/python3.8/site-packages/airflow/example_dags/example_branch_day_of_week_operator.py
[2025-07-16T15:03:31.112+0000] {logging_mixin.py:188} INFO - [2025-07-16T15:03:31.112+0000] {dag.py:3036} INFO - Sync 1 DAGs
[2025-07-16T15:03:31.154+0000] {logging_mixin.py:188} INFO - [2025-07-16T15:03:31.154+0000] {dag.py:3823} INFO - Setting next_dagrun for example_weekday_branch_operator to 2025-07-15 00:00:00+00:00, run_after=2025-07-16 00:00:00+00:00
[2025-07-16T15:03:31.188+0000] {processor.py:183} INFO - Processing /home/airflow/.local/lib/python3.8/site-packages/airflow/example_dags/example_branch_day_of_week_operator.py took 0.135 seconds
[2025-07-16T23:34:20.212+0000] {processor.py:161} INFO - Started process (PID=122) to work on /home/airflow/.local/lib/python3.8/site-packages/airflow/example_dags/example_branch_day_of_week_operator.py
[2025-07-16T23:34:20.213+0000] {processor.py:830} INFO - Processing file /home/airflow/.local/lib/python3.8/site-packages/airflow/example_dags/example_branch_day_of_week_operator.py for tasks to queue
[2025-07-16T23:34:20.217+0000] {logging_mixin.py:188} INFO - [2025-07-16T23:34:20.216+0000] {dagbag.py:538} INFO - Filling up the DagBag from /home/airflow/.local/lib/python3.8/site-packages/airflow/example_dags/example_branch_day_of_week_operator.py
[2025-07-16T23:34:20.243+0000] {processor.py:840} INFO - DAG(s) 'example_weekday_branch_operator' retrieved from /home/airflow/.local/lib/python3.8/site-packages/airflow/example_dags/example_branch_day_of_week_operator.py
[2025-07-16T23:34:20.308+0000] {logging_mixin.py:188} INFO - [2025-07-16T23:34:20.307+0000] {dag.py:3036} INFO - Sync 1 DAGs
[2025-07-16T23:34:20.370+0000] {logging_mixin.py:188} INFO - [2025-07-16T23:34:20.369+0000] {dag.py:3823} INFO - Setting next_dagrun for example_weekday_branch_operator to 2025-07-15 00:00:00+00:00, run_after=2025-07-16 00:00:00+00:00
[2025-07-16T23:34:20.413+0000] {processor.py:183} INFO - Processing /home/airflow/.local/lib/python3.8/site-packages/airflow/example_dags/example_branch_day_of_week_operator.py took 0.207 seconds
[2025-07-16T23:34:51.998+0000] {processor.py:161} INFO - Started process (PID=184) to work on /home/airflow/.local/lib/python3.8/site-packages/airflow/example_dags/example_branch_day_of_week_operator.py
[2025-07-16T23:34:52.001+0000] {processor.py:830} INFO - Processing file /home/airflow/.local/lib/python3.8/site-packages/airflow/example_dags/example_branch_day_of_week_operator.py for tasks to queue
[2025-07-16T23:34:52.007+0000] {logging_mixin.py:188} INFO - [2025-07-16T23:34:52.006+0000] {dagbag.py:538} INFO - Filling up the DagBag from /home/airflow/.local/lib/python3.8/site-packages/airflow/example_dags/example_branch_day_of_week_operator.py
[2025-07-16T23:34:52.044+0000] {processor.py:840} INFO - DAG(s) 'example_weekday_branch_operator' retrieved from /home/airflow/.local/lib/python3.8/site-packages/airflow/example_dags/example_branch_day_of_week_operator.py
[2025-07-16T23:34:52.119+0000] {logging_mixin.py:188} INFO - [2025-07-16T23:34:52.118+0000] {dag.py:3036} INFO - Sync 1 DAGs
[2025-07-16T23:34:52.204+0000] {logging_mixin.py:188} INFO - [2025-07-16T23:34:52.204+0000] {dag.py:3823} INFO - Setting next_dagrun for example_weekday_branch_operator to 2025-07-15 00:00:00+00:00, run_after=2025-07-16 00:00:00+00:00
[2025-07-16T23:34:52.282+0000] {processor.py:183} INFO - Processing /home/airflow/.local/lib/python3.8/site-packages/airflow/example_dags/example_branch_day_of_week_operator.py took 0.292 seconds
[2025-07-16T23:35:22.825+0000] {processor.py:161} INFO - Started process (PID=248) to work on /home/airflow/.local/lib/python3.8/site-packages/airflow/example_dags/example_branch_day_of_week_operator.py
[2025-07-16T23:35:22.827+0000] {processor.py:830} INFO - Processing file /home/airflow/.local/lib/python3.8/site-packages/airflow/example_dags/example_branch_day_of_week_operator.py for tasks to queue
[2025-07-16T23:35:22.831+0000] {logging_mixin.py:188} INFO - [2025-07-16T23:35:22.830+0000] {dagbag.py:538} INFO - Filling up the DagBag from /home/airflow/.local/lib/python3.8/site-packages/airflow/example_dags/example_branch_day_of_week_operator.py
[2025-07-16T23:35:22.847+0000] {processor.py:840} INFO - DAG(s) 'example_weekday_branch_operator' retrieved from /home/airflow/.local/lib/python3.8/site-packages/airflow/example_dags/example_branch_day_of_week_operator.py
[2025-07-16T23:35:22.887+0000] {logging_mixin.py:188} INFO - [2025-07-16T23:35:22.887+0000] {dag.py:3036} INFO - Sync 1 DAGs
[2025-07-16T23:35:22.935+0000] {logging_mixin.py:188} INFO - [2025-07-16T23:35:22.934+0000] {dag.py:3823} INFO - Setting next_dagrun for example_weekday_branch_operator to 2025-07-15 00:00:00+00:00, run_after=2025-07-16 00:00:00+00:00
[2025-07-16T23:35:22.975+0000] {processor.py:183} INFO - Processing /home/airflow/.local/lib/python3.8/site-packages/airflow/example_dags/example_branch_day_of_week_operator.py took 0.155 seconds
[2025-07-16T23:35:53.753+0000] {processor.py:161} INFO - Started process (PID=314) to work on /home/airflow/.local/lib/python3.8/site-packages/airflow/example_dags/example_branch_day_of_week_operator.py
[2025-07-16T23:35:53.755+0000] {processor.py:830} INFO - Processing file /home/airflow/.local/lib/python3.8/site-packages/airflow/example_dags/example_branch_day_of_week_operator.py for tasks to queue
[2025-07-16T23:35:53.759+0000] {logging_mixin.py:188} INFO - [2025-07-16T23:35:53.759+0000] {dagbag.py:538} INFO - Filling up the DagBag from /home/airflow/.local/lib/python3.8/site-packages/airflow/example_dags/example_branch_day_of_week_operator.py
[2025-07-16T23:35:53.779+0000] {processor.py:840} INFO - DAG(s) 'example_weekday_branch_operator' retrieved from /home/airflow/.local/lib/python3.8/site-packages/airflow/example_dags/example_branch_day_of_week_operator.py
[2025-07-16T23:35:53.829+0000] {logging_mixin.py:188} INFO - [2025-07-16T23:35:53.828+0000] {dag.py:3036} INFO - Sync 1 DAGs
[2025-07-16T23:35:53.876+0000] {logging_mixin.py:188} INFO - [2025-07-16T23:35:53.875+0000] {dag.py:3823} INFO - Setting next_dagrun for example_weekday_branch_operator to 2025-07-15 00:00:00+00:00, run_after=2025-07-16 00:00:00+00:00
[2025-07-16T23:35:53.913+0000] {processor.py:183} INFO - Processing /home/airflow/.local/lib/python3.8/site-packages/airflow/example_dags/example_branch_day_of_week_operator.py took 0.166 seconds
[2025-07-16T23:36:24.134+0000] {processor.py:161} INFO - Started process (PID=380) to work on /home/airflow/.local/lib/python3.8/site-packages/airflow/example_dags/example_branch_day_of_week_operator.py
[2025-07-16T23:36:24.137+0000] {processor.py:830} INFO - Processing file /home/airflow/.local/lib/python3.8/site-packages/airflow/example_dags/example_branch_day_of_week_operator.py for tasks to queue
[2025-07-16T23:36:24.142+0000] {logging_mixin.py:188} INFO - [2025-07-16T23:36:24.141+0000] {dagbag.py:538} INFO - Filling up the DagBag from /home/airflow/.local/lib/python3.8/site-packages/airflow/example_dags/example_branch_day_of_week_operator.py
[2025-07-16T23:36:24.161+0000] {processor.py:840} INFO - DAG(s) 'example_weekday_branch_operator' retrieved from /home/airflow/.local/lib/python3.8/site-packages/airflow/example_dags/example_branch_day_of_week_operator.py
[2025-07-16T23:36:24.207+0000] {logging_mixin.py:188} INFO - [2025-07-16T23:36:24.206+0000] {dag.py:3036} INFO - Sync 1 DAGs
[2025-07-16T23:36:24.256+0000] {logging_mixin.py:188} INFO - [2025-07-16T23:36:24.256+0000] {dag.py:3823} INFO - Setting next_dagrun for example_weekday_branch_operator to 2025-07-15 00:00:00+00:00, run_after=2025-07-16 00:00:00+00:00
[2025-07-16T23:36:24.297+0000] {processor.py:183} INFO - Processing /home/airflow/.local/lib/python3.8/site-packages/airflow/example_dags/example_branch_day_of_week_operator.py took 0.169 seconds
[2025-07-16T23:36:55.236+0000] {processor.py:161} INFO - Started process (PID=446) to work on /home/airflow/.local/lib/python3.8/site-packages/airflow/example_dags/example_branch_day_of_week_operator.py
[2025-07-16T23:36:55.238+0000] {processor.py:830} INFO - Processing file /home/airflow/.local/lib/python3.8/site-packages/airflow/example_dags/example_branch_day_of_week_operator.py for tasks to queue
[2025-07-16T23:36:55.243+0000] {logging_mixin.py:188} INFO - [2025-07-16T23:36:55.241+0000] {dagbag.py:538} INFO - Filling up the DagBag from /home/airflow/.local/lib/python3.8/site-packages/airflow/example_dags/example_branch_day_of_week_operator.py
[2025-07-16T23:36:55.260+0000] {processor.py:840} INFO - DAG(s) 'example_weekday_branch_operator' retrieved from /home/airflow/.local/lib/python3.8/site-packages/airflow/example_dags/example_branch_day_of_week_operator.py
[2025-07-16T23:36:55.318+0000] {logging_mixin.py:188} INFO - [2025-07-16T23:36:55.318+0000] {dag.py:3036} INFO - Sync 1 DAGs
[2025-07-16T23:36:55.374+0000] {logging_mixin.py:188} INFO - [2025-07-16T23:36:55.373+0000] {dag.py:3823} INFO - Setting next_dagrun for example_weekday_branch_operator to 2025-07-15 00:00:00+00:00, run_after=2025-07-16 00:00:00+00:00
[2025-07-16T23:36:55.417+0000] {processor.py:183} INFO - Processing /home/airflow/.local/lib/python3.8/site-packages/airflow/example_dags/example_branch_day_of_week_operator.py took 0.185 seconds
[2025-07-16T23:37:26.067+0000] {processor.py:161} INFO - Started process (PID=513) to work on /home/airflow/.local/lib/python3.8/site-packages/airflow/example_dags/example_branch_day_of_week_operator.py
[2025-07-16T23:37:26.068+0000] {processor.py:830} INFO - Processing file /home/airflow/.local/lib/python3.8/site-packages/airflow/example_dags/example_branch_day_of_week_operator.py for tasks to queue
[2025-07-16T23:37:26.074+0000] {logging_mixin.py:188} INFO - [2025-07-16T23:37:26.073+0000] {dagbag.py:538} INFO - Filling up the DagBag from /home/airflow/.local/lib/python3.8/site-packages/airflow/example_dags/example_branch_day_of_week_operator.py
[2025-07-16T23:37:26.092+0000] {processor.py:840} INFO - DAG(s) 'example_weekday_branch_operator' retrieved from /home/airflow/.local/lib/python3.8/site-packages/airflow/example_dags/example_branch_day_of_week_operator.py
[2025-07-16T23:37:26.143+0000] {logging_mixin.py:188} INFO - [2025-07-16T23:37:26.142+0000] {dag.py:3036} INFO - Sync 1 DAGs
[2025-07-16T23:37:26.185+0000] {logging_mixin.py:188} INFO - [2025-07-16T23:37:26.185+0000] {dag.py:3823} INFO - Setting next_dagrun for example_weekday_branch_operator to 2025-07-15 00:00:00+00:00, run_after=2025-07-16 00:00:00+00:00
[2025-07-16T23:37:26.222+0000] {processor.py:183} INFO - Processing /home/airflow/.local/lib/python3.8/site-packages/airflow/example_dags/example_branch_day_of_week_operator.py took 0.160 seconds
[2025-07-16T23:37:56.387+0000] {processor.py:161} INFO - Started process (PID=578) to work on /home/airflow/.local/lib/python3.8/site-packages/airflow/example_dags/example_branch_day_of_week_operator.py
[2025-07-16T23:37:56.388+0000] {processor.py:830} INFO - Processing file /home/airflow/.local/lib/python3.8/site-packages/airflow/example_dags/example_branch_day_of_week_operator.py for tasks to queue
[2025-07-16T23:37:56.391+0000] {logging_mixin.py:188} INFO - [2025-07-16T23:37:56.390+0000] {dagbag.py:538} INFO - Filling up the DagBag from /home/airflow/.local/lib/python3.8/site-packages/airflow/example_dags/example_branch_day_of_week_operator.py
[2025-07-16T23:37:56.401+0000] {processor.py:840} INFO - DAG(s) 'example_weekday_branch_operator' retrieved from /home/airflow/.local/lib/python3.8/site-packages/airflow/example_dags/example_branch_day_of_week_operator.py
[2025-07-16T23:37:56.431+0000] {logging_mixin.py:188} INFO - [2025-07-16T23:37:56.431+0000] {dag.py:3036} INFO - Sync 1 DAGs
[2025-07-16T23:37:56.472+0000] {logging_mixin.py:188} INFO - [2025-07-16T23:37:56.472+0000] {dag.py:3823} INFO - Setting next_dagrun for example_weekday_branch_operator to 2025-07-15 00:00:00+00:00, run_after=2025-07-16 00:00:00+00:00
[2025-07-16T23:37:56.500+0000] {processor.py:183} INFO - Processing /home/airflow/.local/lib/python3.8/site-packages/airflow/example_dags/example_branch_day_of_week_operator.py took 0.119 seconds
[2025-07-16T23:38:27.229+0000] {processor.py:161} INFO - Started process (PID=639) to work on /home/airflow/.local/lib/python3.8/site-packages/airflow/example_dags/example_branch_day_of_week_operator.py
[2025-07-16T23:38:27.231+0000] {processor.py:830} INFO - Processing file /home/airflow/.local/lib/python3.8/site-packages/airflow/example_dags/example_branch_day_of_week_operator.py for tasks to queue
[2025-07-16T23:38:27.235+0000] {logging_mixin.py:188} INFO - [2025-07-16T23:38:27.234+0000] {dagbag.py:538} INFO - Filling up the DagBag from /home/airflow/.local/lib/python3.8/site-packages/airflow/example_dags/example_branch_day_of_week_operator.py
[2025-07-16T23:38:27.252+0000] {processor.py:840} INFO - DAG(s) 'example_weekday_branch_operator' retrieved from /home/airflow/.local/lib/python3.8/site-packages/airflow/example_dags/example_branch_day_of_week_operator.py
[2025-07-16T23:38:27.296+0000] {logging_mixin.py:188} INFO - [2025-07-16T23:38:27.296+0000] {dag.py:3036} INFO - Sync 1 DAGs
[2025-07-16T23:38:27.347+0000] {logging_mixin.py:188} INFO - [2025-07-16T23:38:27.346+0000] {dag.py:3823} INFO - Setting next_dagrun for example_weekday_branch_operator to 2025-07-15 00:00:00+00:00, run_after=2025-07-16 00:00:00+00:00
[2025-07-16T23:38:27.391+0000] {processor.py:183} INFO - Processing /home/airflow/.local/lib/python3.8/site-packages/airflow/example_dags/example_branch_day_of_week_operator.py took 0.168 seconds
[2025-07-16T23:38:57.516+0000] {processor.py:161} INFO - Started process (PID=705) to work on /home/airflow/.local/lib/python3.8/site-packages/airflow/example_dags/example_branch_day_of_week_operator.py
[2025-07-16T23:38:57.518+0000] {processor.py:830} INFO - Processing file /home/airflow/.local/lib/python3.8/site-packages/airflow/example_dags/example_branch_day_of_week_operator.py for tasks to queue
[2025-07-16T23:38:57.522+0000] {logging_mixin.py:188} INFO - [2025-07-16T23:38:57.521+0000] {dagbag.py:538} INFO - Filling up the DagBag from /home/airflow/.local/lib/python3.8/site-packages/airflow/example_dags/example_branch_day_of_week_operator.py
[2025-07-16T23:38:57.541+0000] {processor.py:840} INFO - DAG(s) 'example_weekday_branch_operator' retrieved from /home/airflow/.local/lib/python3.8/site-packages/airflow/example_dags/example_branch_day_of_week_operator.py
[2025-07-16T23:38:57.595+0000] {logging_mixin.py:188} INFO - [2025-07-16T23:38:57.595+0000] {dag.py:3036} INFO - Sync 1 DAGs
[2025-07-16T23:38:57.651+0000] {logging_mixin.py:188} INFO - [2025-07-16T23:38:57.650+0000] {dag.py:3823} INFO - Setting next_dagrun for example_weekday_branch_operator to 2025-07-15 00:00:00+00:00, run_after=2025-07-16 00:00:00+00:00
[2025-07-16T23:38:57.721+0000] {processor.py:183} INFO - Processing /home/airflow/.local/lib/python3.8/site-packages/airflow/example_dags/example_branch_day_of_week_operator.py took 0.213 seconds
[2025-07-16T23:39:27.957+0000] {processor.py:161} INFO - Started process (PID=771) to work on /home/airflow/.local/lib/python3.8/site-packages/airflow/example_dags/example_branch_day_of_week_operator.py
[2025-07-16T23:39:27.960+0000] {processor.py:830} INFO - Processing file /home/airflow/.local/lib/python3.8/site-packages/airflow/example_dags/example_branch_day_of_week_operator.py for tasks to queue
[2025-07-16T23:39:27.964+0000] {logging_mixin.py:188} INFO - [2025-07-16T23:39:27.963+0000] {dagbag.py:538} INFO - Filling up the DagBag from /home/airflow/.local/lib/python3.8/site-packages/airflow/example_dags/example_branch_day_of_week_operator.py
[2025-07-16T23:39:27.984+0000] {processor.py:840} INFO - DAG(s) 'example_weekday_branch_operator' retrieved from /home/airflow/.local/lib/python3.8/site-packages/airflow/example_dags/example_branch_day_of_week_operator.py
[2025-07-16T23:39:28.018+0000] {logging_mixin.py:188} INFO - [2025-07-16T23:39:28.018+0000] {dag.py:3036} INFO - Sync 1 DAGs
[2025-07-16T23:39:28.081+0000] {logging_mixin.py:188} INFO - [2025-07-16T23:39:28.081+0000] {dag.py:3823} INFO - Setting next_dagrun for example_weekday_branch_operator to 2025-07-15 00:00:00+00:00, run_after=2025-07-16 00:00:00+00:00
[2025-07-16T23:39:28.129+0000] {processor.py:183} INFO - Processing /home/airflow/.local/lib/python3.8/site-packages/airflow/example_dags/example_branch_day_of_week_operator.py took 0.177 seconds
[2025-07-16T23:39:58.505+0000] {processor.py:161} INFO - Started process (PID=837) to work on /home/airflow/.local/lib/python3.8/site-packages/airflow/example_dags/example_branch_day_of_week_operator.py
[2025-07-16T23:39:58.507+0000] {processor.py:830} INFO - Processing file /home/airflow/.local/lib/python3.8/site-packages/airflow/example_dags/example_branch_day_of_week_operator.py for tasks to queue
[2025-07-16T23:39:58.511+0000] {logging_mixin.py:188} INFO - [2025-07-16T23:39:58.511+0000] {dagbag.py:538} INFO - Filling up the DagBag from /home/airflow/.local/lib/python3.8/site-packages/airflow/example_dags/example_branch_day_of_week_operator.py
[2025-07-16T23:39:58.529+0000] {processor.py:840} INFO - DAG(s) 'example_weekday_branch_operator' retrieved from /home/airflow/.local/lib/python3.8/site-packages/airflow/example_dags/example_branch_day_of_week_operator.py
[2025-07-16T23:39:58.572+0000] {logging_mixin.py:188} INFO - [2025-07-16T23:39:58.572+0000] {dag.py:3036} INFO - Sync 1 DAGs
[2025-07-16T23:39:58.624+0000] {logging_mixin.py:188} INFO - [2025-07-16T23:39:58.624+0000] {dag.py:3823} INFO - Setting next_dagrun for example_weekday_branch_operator to 2025-07-15 00:00:00+00:00, run_after=2025-07-16 00:00:00+00:00
[2025-07-16T23:39:58.691+0000] {processor.py:183} INFO - Processing /home/airflow/.local/lib/python3.8/site-packages/airflow/example_dags/example_branch_day_of_week_operator.py took 0.193 seconds
[2025-07-16T23:40:28.756+0000] {processor.py:161} INFO - Started process (PID=903) to work on /home/airflow/.local/lib/python3.8/site-packages/airflow/example_dags/example_branch_day_of_week_operator.py
[2025-07-16T23:40:28.758+0000] {processor.py:830} INFO - Processing file /home/airflow/.local/lib/python3.8/site-packages/airflow/example_dags/example_branch_day_of_week_operator.py for tasks to queue
[2025-07-16T23:40:28.764+0000] {logging_mixin.py:188} INFO - [2025-07-16T23:40:28.764+0000] {dagbag.py:538} INFO - Filling up the DagBag from /home/airflow/.local/lib/python3.8/site-packages/airflow/example_dags/example_branch_day_of_week_operator.py
[2025-07-16T23:40:28.859+0000] {processor.py:840} INFO - DAG(s) 'example_weekday_branch_operator' retrieved from /home/airflow/.local/lib/python3.8/site-packages/airflow/example_dags/example_branch_day_of_week_operator.py
[2025-07-16T23:40:28.927+0000] {logging_mixin.py:188} INFO - [2025-07-16T23:40:28.927+0000] {dag.py:3036} INFO - Sync 1 DAGs
[2025-07-16T23:40:28.971+0000] {logging_mixin.py:188} INFO - [2025-07-16T23:40:28.971+0000] {dag.py:3823} INFO - Setting next_dagrun for example_weekday_branch_operator to 2025-07-15 00:00:00+00:00, run_after=2025-07-16 00:00:00+00:00
[2025-07-16T23:40:29.007+0000] {processor.py:183} INFO - Processing /home/airflow/.local/lib/python3.8/site-packages/airflow/example_dags/example_branch_day_of_week_operator.py took 0.258 seconds
[2025-07-16T23:40:59.682+0000] {processor.py:161} INFO - Started process (PID=968) to work on /home/airflow/.local/lib/python3.8/site-packages/airflow/example_dags/example_branch_day_of_week_operator.py
[2025-07-16T23:40:59.685+0000] {processor.py:830} INFO - Processing file /home/airflow/.local/lib/python3.8/site-packages/airflow/example_dags/example_branch_day_of_week_operator.py for tasks to queue
[2025-07-16T23:40:59.689+0000] {logging_mixin.py:188} INFO - [2025-07-16T23:40:59.688+0000] {dagbag.py:538} INFO - Filling up the DagBag from /home/airflow/.local/lib/python3.8/site-packages/airflow/example_dags/example_branch_day_of_week_operator.py
[2025-07-16T23:40:59.707+0000] {processor.py:840} INFO - DAG(s) 'example_weekday_branch_operator' retrieved from /home/airflow/.local/lib/python3.8/site-packages/airflow/example_dags/example_branch_day_of_week_operator.py
[2025-07-16T23:40:59.754+0000] {logging_mixin.py:188} INFO - [2025-07-16T23:40:59.754+0000] {dag.py:3036} INFO - Sync 1 DAGs
[2025-07-16T23:40:59.798+0000] {logging_mixin.py:188} INFO - [2025-07-16T23:40:59.797+0000] {dag.py:3823} INFO - Setting next_dagrun for example_weekday_branch_operator to 2025-07-15 00:00:00+00:00, run_after=2025-07-16 00:00:00+00:00
[2025-07-16T23:40:59.837+0000] {processor.py:183} INFO - Processing /home/airflow/.local/lib/python3.8/site-packages/airflow/example_dags/example_branch_day_of_week_operator.py took 0.162 seconds
[2025-07-16T23:41:30.414+0000] {processor.py:161} INFO - Started process (PID=1034) to work on /home/airflow/.local/lib/python3.8/site-packages/airflow/example_dags/example_branch_day_of_week_operator.py
[2025-07-16T23:41:30.417+0000] {processor.py:830} INFO - Processing file /home/airflow/.local/lib/python3.8/site-packages/airflow/example_dags/example_branch_day_of_week_operator.py for tasks to queue
[2025-07-16T23:41:30.423+0000] {logging_mixin.py:188} INFO - [2025-07-16T23:41:30.422+0000] {dagbag.py:538} INFO - Filling up the DagBag from /home/airflow/.local/lib/python3.8/site-packages/airflow/example_dags/example_branch_day_of_week_operator.py
[2025-07-16T23:41:30.438+0000] {processor.py:840} INFO - DAG(s) 'example_weekday_branch_operator' retrieved from /home/airflow/.local/lib/python3.8/site-packages/airflow/example_dags/example_branch_day_of_week_operator.py
[2025-07-16T23:41:30.522+0000] {logging_mixin.py:188} INFO - [2025-07-16T23:41:30.522+0000] {dag.py:3036} INFO - Sync 1 DAGs
[2025-07-16T23:41:30.574+0000] {logging_mixin.py:188} INFO - [2025-07-16T23:41:30.574+0000] {dag.py:3823} INFO - Setting next_dagrun for example_weekday_branch_operator to 2025-07-15 00:00:00+00:00, run_after=2025-07-16 00:00:00+00:00
[2025-07-16T23:41:30.613+0000] {processor.py:183} INFO - Processing /home/airflow/.local/lib/python3.8/site-packages/airflow/example_dags/example_branch_day_of_week_operator.py took 0.206 seconds
[2025-07-16T23:42:01.521+0000] {processor.py:161} INFO - Started process (PID=1096) to work on /home/airflow/.local/lib/python3.8/site-packages/airflow/example_dags/example_branch_day_of_week_operator.py
[2025-07-16T23:42:01.523+0000] {processor.py:830} INFO - Processing file /home/airflow/.local/lib/python3.8/site-packages/airflow/example_dags/example_branch_day_of_week_operator.py for tasks to queue
[2025-07-16T23:42:01.527+0000] {logging_mixin.py:188} INFO - [2025-07-16T23:42:01.526+0000] {dagbag.py:538} INFO - Filling up the DagBag from /home/airflow/.local/lib/python3.8/site-packages/airflow/example_dags/example_branch_day_of_week_operator.py
[2025-07-16T23:42:01.544+0000] {processor.py:840} INFO - DAG(s) 'example_weekday_branch_operator' retrieved from /home/airflow/.local/lib/python3.8/site-packages/airflow/example_dags/example_branch_day_of_week_operator.py
[2025-07-16T23:42:01.586+0000] {logging_mixin.py:188} INFO - [2025-07-16T23:42:01.586+0000] {dag.py:3036} INFO - Sync 1 DAGs
[2025-07-16T23:42:01.638+0000] {logging_mixin.py:188} INFO - [2025-07-16T23:42:01.637+0000] {dag.py:3823} INFO - Setting next_dagrun for example_weekday_branch_operator to 2025-07-15 00:00:00+00:00, run_after=2025-07-16 00:00:00+00:00
[2025-07-16T23:42:01.676+0000] {processor.py:183} INFO - Processing /home/airflow/.local/lib/python3.8/site-packages/airflow/example_dags/example_branch_day_of_week_operator.py took 0.160 seconds
[2025-07-16T23:42:31.888+0000] {processor.py:161} INFO - Started process (PID=1160) to work on /home/airflow/.local/lib/python3.8/site-packages/airflow/example_dags/example_branch_day_of_week_operator.py
[2025-07-16T23:42:31.896+0000] {processor.py:830} INFO - Processing file /home/airflow/.local/lib/python3.8/site-packages/airflow/example_dags/example_branch_day_of_week_operator.py for tasks to queue
[2025-07-16T23:42:31.903+0000] {logging_mixin.py:188} INFO - [2025-07-16T23:42:31.902+0000] {dagbag.py:538} INFO - Filling up the DagBag from /home/airflow/.local/lib/python3.8/site-packages/airflow/example_dags/example_branch_day_of_week_operator.py
[2025-07-16T23:42:31.927+0000] {processor.py:840} INFO - DAG(s) 'example_weekday_branch_operator' retrieved from /home/airflow/.local/lib/python3.8/site-packages/airflow/example_dags/example_branch_day_of_week_operator.py
[2025-07-16T23:42:32.010+0000] {logging_mixin.py:188} INFO - [2025-07-16T23:42:32.010+0000] {dag.py:3036} INFO - Sync 1 DAGs
[2025-07-16T23:42:32.084+0000] {logging_mixin.py:188} INFO - [2025-07-16T23:42:32.083+0000] {dag.py:3823} INFO - Setting next_dagrun for example_weekday_branch_operator to 2025-07-15 00:00:00+00:00, run_after=2025-07-16 00:00:00+00:00
[2025-07-16T23:42:32.146+0000] {processor.py:183} INFO - Processing /home/airflow/.local/lib/python3.8/site-packages/airflow/example_dags/example_branch_day_of_week_operator.py took 0.267 seconds
[2025-07-16T23:43:02.314+0000] {processor.py:161} INFO - Started process (PID=1226) to work on /home/airflow/.local/lib/python3.8/site-packages/airflow/example_dags/example_branch_day_of_week_operator.py
[2025-07-16T23:43:02.317+0000] {processor.py:830} INFO - Processing file /home/airflow/.local/lib/python3.8/site-packages/airflow/example_dags/example_branch_day_of_week_operator.py for tasks to queue
[2025-07-16T23:43:02.322+0000] {logging_mixin.py:188} INFO - [2025-07-16T23:43:02.321+0000] {dagbag.py:538} INFO - Filling up the DagBag from /home/airflow/.local/lib/python3.8/site-packages/airflow/example_dags/example_branch_day_of_week_operator.py
[2025-07-16T23:43:02.338+0000] {processor.py:840} INFO - DAG(s) 'example_weekday_branch_operator' retrieved from /home/airflow/.local/lib/python3.8/site-packages/airflow/example_dags/example_branch_day_of_week_operator.py
[2025-07-16T23:43:02.384+0000] {logging_mixin.py:188} INFO - [2025-07-16T23:43:02.384+0000] {dag.py:3036} INFO - Sync 1 DAGs
[2025-07-16T23:43:02.439+0000] {logging_mixin.py:188} INFO - [2025-07-16T23:43:02.438+0000] {dag.py:3823} INFO - Setting next_dagrun for example_weekday_branch_operator to 2025-07-15 00:00:00+00:00, run_after=2025-07-16 00:00:00+00:00
[2025-07-16T23:43:02.484+0000] {processor.py:183} INFO - Processing /home/airflow/.local/lib/python3.8/site-packages/airflow/example_dags/example_branch_day_of_week_operator.py took 0.176 seconds
[2025-07-16T23:43:32.839+0000] {processor.py:161} INFO - Started process (PID=1292) to work on /home/airflow/.local/lib/python3.8/site-packages/airflow/example_dags/example_branch_day_of_week_operator.py
[2025-07-16T23:43:32.840+0000] {processor.py:830} INFO - Processing file /home/airflow/.local/lib/python3.8/site-packages/airflow/example_dags/example_branch_day_of_week_operator.py for tasks to queue
[2025-07-16T23:43:32.843+0000] {logging_mixin.py:188} INFO - [2025-07-16T23:43:32.843+0000] {dagbag.py:538} INFO - Filling up the DagBag from /home/airflow/.local/lib/python3.8/site-packages/airflow/example_dags/example_branch_day_of_week_operator.py
[2025-07-16T23:43:32.857+0000] {processor.py:840} INFO - DAG(s) 'example_weekday_branch_operator' retrieved from /home/airflow/.local/lib/python3.8/site-packages/airflow/example_dags/example_branch_day_of_week_operator.py
[2025-07-16T23:43:32.889+0000] {logging_mixin.py:188} INFO - [2025-07-16T23:43:32.888+0000] {dag.py:3036} INFO - Sync 1 DAGs
[2025-07-16T23:43:32.926+0000] {logging_mixin.py:188} INFO - [2025-07-16T23:43:32.926+0000] {dag.py:3823} INFO - Setting next_dagrun for example_weekday_branch_operator to 2025-07-15 00:00:00+00:00, run_after=2025-07-16 00:00:00+00:00
[2025-07-16T23:43:32.957+0000] {processor.py:183} INFO - Processing /home/airflow/.local/lib/python3.8/site-packages/airflow/example_dags/example_branch_day_of_week_operator.py took 0.123 seconds
[2025-07-16T23:44:03.089+0000] {processor.py:161} INFO - Started process (PID=1356) to work on /home/airflow/.local/lib/python3.8/site-packages/airflow/example_dags/example_branch_day_of_week_operator.py
[2025-07-16T23:44:03.091+0000] {processor.py:830} INFO - Processing file /home/airflow/.local/lib/python3.8/site-packages/airflow/example_dags/example_branch_day_of_week_operator.py for tasks to queue
[2025-07-16T23:44:03.093+0000] {logging_mixin.py:188} INFO - [2025-07-16T23:44:03.093+0000] {dagbag.py:538} INFO - Filling up the DagBag from /home/airflow/.local/lib/python3.8/site-packages/airflow/example_dags/example_branch_day_of_week_operator.py
[2025-07-16T23:44:03.105+0000] {processor.py:840} INFO - DAG(s) 'example_weekday_branch_operator' retrieved from /home/airflow/.local/lib/python3.8/site-packages/airflow/example_dags/example_branch_day_of_week_operator.py
[2025-07-16T23:44:03.132+0000] {logging_mixin.py:188} INFO - [2025-07-16T23:44:03.132+0000] {dag.py:3036} INFO - Sync 1 DAGs
[2025-07-16T23:44:03.161+0000] {logging_mixin.py:188} INFO - [2025-07-16T23:44:03.161+0000] {dag.py:3823} INFO - Setting next_dagrun for example_weekday_branch_operator to 2025-07-15 00:00:00+00:00, run_after=2025-07-16 00:00:00+00:00
[2025-07-16T23:44:03.188+0000] {processor.py:183} INFO - Processing /home/airflow/.local/lib/python3.8/site-packages/airflow/example_dags/example_branch_day_of_week_operator.py took 0.102 seconds
[2025-07-16T23:44:33.359+0000] {processor.py:161} INFO - Started process (PID=1422) to work on /home/airflow/.local/lib/python3.8/site-packages/airflow/example_dags/example_branch_day_of_week_operator.py
[2025-07-16T23:44:33.361+0000] {processor.py:830} INFO - Processing file /home/airflow/.local/lib/python3.8/site-packages/airflow/example_dags/example_branch_day_of_week_operator.py for tasks to queue
[2025-07-16T23:44:33.364+0000] {logging_mixin.py:188} INFO - [2025-07-16T23:44:33.364+0000] {dagbag.py:538} INFO - Filling up the DagBag from /home/airflow/.local/lib/python3.8/site-packages/airflow/example_dags/example_branch_day_of_week_operator.py
[2025-07-16T23:44:33.379+0000] {processor.py:840} INFO - DAG(s) 'example_weekday_branch_operator' retrieved from /home/airflow/.local/lib/python3.8/site-packages/airflow/example_dags/example_branch_day_of_week_operator.py
[2025-07-16T23:44:33.418+0000] {logging_mixin.py:188} INFO - [2025-07-16T23:44:33.418+0000] {dag.py:3036} INFO - Sync 1 DAGs
[2025-07-16T23:44:33.462+0000] {logging_mixin.py:188} INFO - [2025-07-16T23:44:33.462+0000] {dag.py:3823} INFO - Setting next_dagrun for example_weekday_branch_operator to 2025-07-15 00:00:00+00:00, run_after=2025-07-16 00:00:00+00:00
[2025-07-16T23:44:33.496+0000] {processor.py:183} INFO - Processing /home/airflow/.local/lib/python3.8/site-packages/airflow/example_dags/example_branch_day_of_week_operator.py took 0.142 seconds
[2025-07-16T23:45:03.837+0000] {processor.py:161} INFO - Started process (PID=1488) to work on /home/airflow/.local/lib/python3.8/site-packages/airflow/example_dags/example_branch_day_of_week_operator.py
[2025-07-16T23:45:03.841+0000] {processor.py:830} INFO - Processing file /home/airflow/.local/lib/python3.8/site-packages/airflow/example_dags/example_branch_day_of_week_operator.py for tasks to queue
[2025-07-16T23:45:03.846+0000] {logging_mixin.py:188} INFO - [2025-07-16T23:45:03.845+0000] {dagbag.py:538} INFO - Filling up the DagBag from /home/airflow/.local/lib/python3.8/site-packages/airflow/example_dags/example_branch_day_of_week_operator.py
[2025-07-16T23:45:03.861+0000] {processor.py:840} INFO - DAG(s) 'example_weekday_branch_operator' retrieved from /home/airflow/.local/lib/python3.8/site-packages/airflow/example_dags/example_branch_day_of_week_operator.py
[2025-07-16T23:45:03.902+0000] {logging_mixin.py:188} INFO - [2025-07-16T23:45:03.902+0000] {dag.py:3036} INFO - Sync 1 DAGs
[2025-07-16T23:45:03.943+0000] {logging_mixin.py:188} INFO - [2025-07-16T23:45:03.942+0000] {dag.py:3823} INFO - Setting next_dagrun for example_weekday_branch_operator to 2025-07-15 00:00:00+00:00, run_after=2025-07-16 00:00:00+00:00
[2025-07-16T23:45:03.980+0000] {processor.py:183} INFO - Processing /home/airflow/.local/lib/python3.8/site-packages/airflow/example_dags/example_branch_day_of_week_operator.py took 0.148 seconds
[2025-07-16T23:45:34.843+0000] {processor.py:161} INFO - Started process (PID=1550) to work on /home/airflow/.local/lib/python3.8/site-packages/airflow/example_dags/example_branch_day_of_week_operator.py
[2025-07-16T23:45:34.845+0000] {processor.py:830} INFO - Processing file /home/airflow/.local/lib/python3.8/site-packages/airflow/example_dags/example_branch_day_of_week_operator.py for tasks to queue
[2025-07-16T23:45:34.848+0000] {logging_mixin.py:188} INFO - [2025-07-16T23:45:34.848+0000] {dagbag.py:538} INFO - Filling up the DagBag from /home/airflow/.local/lib/python3.8/site-packages/airflow/example_dags/example_branch_day_of_week_operator.py
[2025-07-16T23:45:34.862+0000] {processor.py:840} INFO - DAG(s) 'example_weekday_branch_operator' retrieved from /home/airflow/.local/lib/python3.8/site-packages/airflow/example_dags/example_branch_day_of_week_operator.py
[2025-07-16T23:45:34.897+0000] {logging_mixin.py:188} INFO - [2025-07-16T23:45:34.897+0000] {dag.py:3036} INFO - Sync 1 DAGs
[2025-07-16T23:45:34.933+0000] {logging_mixin.py:188} INFO - [2025-07-16T23:45:34.933+0000] {dag.py:3823} INFO - Setting next_dagrun for example_weekday_branch_operator to 2025-07-15 00:00:00+00:00, run_after=2025-07-16 00:00:00+00:00
[2025-07-16T23:45:34.969+0000] {processor.py:183} INFO - Processing /home/airflow/.local/lib/python3.8/site-packages/airflow/example_dags/example_branch_day_of_week_operator.py took 0.132 seconds
[2025-07-16T23:46:05.098+0000] {processor.py:161} INFO - Started process (PID=1614) to work on /home/airflow/.local/lib/python3.8/site-packages/airflow/example_dags/example_branch_day_of_week_operator.py
[2025-07-16T23:46:05.100+0000] {processor.py:830} INFO - Processing file /home/airflow/.local/lib/python3.8/site-packages/airflow/example_dags/example_branch_day_of_week_operator.py for tasks to queue
[2025-07-16T23:46:05.103+0000] {logging_mixin.py:188} INFO - [2025-07-16T23:46:05.102+0000] {dagbag.py:538} INFO - Filling up the DagBag from /home/airflow/.local/lib/python3.8/site-packages/airflow/example_dags/example_branch_day_of_week_operator.py
[2025-07-16T23:46:05.113+0000] {processor.py:840} INFO - DAG(s) 'example_weekday_branch_operator' retrieved from /home/airflow/.local/lib/python3.8/site-packages/airflow/example_dags/example_branch_day_of_week_operator.py
[2025-07-16T23:46:05.143+0000] {logging_mixin.py:188} INFO - [2025-07-16T23:46:05.142+0000] {dag.py:3036} INFO - Sync 1 DAGs
[2025-07-16T23:46:05.178+0000] {logging_mixin.py:188} INFO - [2025-07-16T23:46:05.178+0000] {dag.py:3823} INFO - Setting next_dagrun for example_weekday_branch_operator to 2025-07-15 00:00:00+00:00, run_after=2025-07-16 00:00:00+00:00
[2025-07-16T23:46:05.211+0000] {processor.py:183} INFO - Processing /home/airflow/.local/lib/python3.8/site-packages/airflow/example_dags/example_branch_day_of_week_operator.py took 0.118 seconds
[2025-07-16T23:46:36.885+0000] {processor.py:161} INFO - Started process (PID=1680) to work on /home/airflow/.local/lib/python3.8/site-packages/airflow/example_dags/example_branch_day_of_week_operator.py
[2025-07-16T23:46:36.888+0000] {processor.py:830} INFO - Processing file /home/airflow/.local/lib/python3.8/site-packages/airflow/example_dags/example_branch_day_of_week_operator.py for tasks to queue
[2025-07-16T23:46:36.893+0000] {logging_mixin.py:188} INFO - [2025-07-16T23:46:36.892+0000] {dagbag.py:538} INFO - Filling up the DagBag from /home/airflow/.local/lib/python3.8/site-packages/airflow/example_dags/example_branch_day_of_week_operator.py
[2025-07-16T23:46:36.907+0000] {processor.py:840} INFO - DAG(s) 'example_weekday_branch_operator' retrieved from /home/airflow/.local/lib/python3.8/site-packages/airflow/example_dags/example_branch_day_of_week_operator.py
[2025-07-16T23:46:36.946+0000] {logging_mixin.py:188} INFO - [2025-07-16T23:46:36.946+0000] {dag.py:3036} INFO - Sync 1 DAGs
[2025-07-16T23:46:37.044+0000] {logging_mixin.py:188} INFO - [2025-07-16T23:46:37.044+0000] {dag.py:3823} INFO - Setting next_dagrun for example_weekday_branch_operator to 2025-07-15 00:00:00+00:00, run_after=2025-07-16 00:00:00+00:00
[2025-07-16T23:46:37.130+0000] {processor.py:183} INFO - Processing /home/airflow/.local/lib/python3.8/site-packages/airflow/example_dags/example_branch_day_of_week_operator.py took 0.251 seconds
[2025-07-16T23:47:07.768+0000] {processor.py:161} INFO - Started process (PID=1746) to work on /home/airflow/.local/lib/python3.8/site-packages/airflow/example_dags/example_branch_day_of_week_operator.py
[2025-07-16T23:47:07.770+0000] {processor.py:830} INFO - Processing file /home/airflow/.local/lib/python3.8/site-packages/airflow/example_dags/example_branch_day_of_week_operator.py for tasks to queue
[2025-07-16T23:47:07.773+0000] {logging_mixin.py:188} INFO - [2025-07-16T23:47:07.772+0000] {dagbag.py:538} INFO - Filling up the DagBag from /home/airflow/.local/lib/python3.8/site-packages/airflow/example_dags/example_branch_day_of_week_operator.py
[2025-07-16T23:47:07.789+0000] {processor.py:840} INFO - DAG(s) 'example_weekday_branch_operator' retrieved from /home/airflow/.local/lib/python3.8/site-packages/airflow/example_dags/example_branch_day_of_week_operator.py
[2025-07-16T23:47:07.828+0000] {logging_mixin.py:188} INFO - [2025-07-16T23:47:07.828+0000] {dag.py:3036} INFO - Sync 1 DAGs
[2025-07-16T23:47:07.879+0000] {logging_mixin.py:188} INFO - [2025-07-16T23:47:07.879+0000] {dag.py:3823} INFO - Setting next_dagrun for example_weekday_branch_operator to 2025-07-15 00:00:00+00:00, run_after=2025-07-16 00:00:00+00:00
[2025-07-16T23:47:07.934+0000] {processor.py:183} INFO - Processing /home/airflow/.local/lib/python3.8/site-packages/airflow/example_dags/example_branch_day_of_week_operator.py took 0.172 seconds
[2025-07-16T23:47:38.422+0000] {processor.py:161} INFO - Started process (PID=1809) to work on /home/airflow/.local/lib/python3.8/site-packages/airflow/example_dags/example_branch_day_of_week_operator.py
[2025-07-16T23:47:38.424+0000] {processor.py:830} INFO - Processing file /home/airflow/.local/lib/python3.8/site-packages/airflow/example_dags/example_branch_day_of_week_operator.py for tasks to queue
[2025-07-16T23:47:38.431+0000] {logging_mixin.py:188} INFO - [2025-07-16T23:47:38.431+0000] {dagbag.py:538} INFO - Filling up the DagBag from /home/airflow/.local/lib/python3.8/site-packages/airflow/example_dags/example_branch_day_of_week_operator.py
[2025-07-16T23:47:38.451+0000] {processor.py:840} INFO - DAG(s) 'example_weekday_branch_operator' retrieved from /home/airflow/.local/lib/python3.8/site-packages/airflow/example_dags/example_branch_day_of_week_operator.py
[2025-07-16T23:47:38.522+0000] {logging_mixin.py:188} INFO - [2025-07-16T23:47:38.521+0000] {dag.py:3036} INFO - Sync 1 DAGs
[2025-07-16T23:47:38.575+0000] {logging_mixin.py:188} INFO - [2025-07-16T23:47:38.574+0000] {dag.py:3823} INFO - Setting next_dagrun for example_weekday_branch_operator to 2025-07-15 00:00:00+00:00, run_after=2025-07-16 00:00:00+00:00
[2025-07-16T23:47:38.630+0000] {processor.py:183} INFO - Processing /home/airflow/.local/lib/python3.8/site-packages/airflow/example_dags/example_branch_day_of_week_operator.py took 0.215 seconds
[2025-07-16T23:48:08.744+0000] {processor.py:161} INFO - Started process (PID=1874) to work on /home/airflow/.local/lib/python3.8/site-packages/airflow/example_dags/example_branch_day_of_week_operator.py
[2025-07-16T23:48:08.748+0000] {processor.py:830} INFO - Processing file /home/airflow/.local/lib/python3.8/site-packages/airflow/example_dags/example_branch_day_of_week_operator.py for tasks to queue
[2025-07-16T23:48:08.752+0000] {logging_mixin.py:188} INFO - [2025-07-16T23:48:08.752+0000] {dagbag.py:538} INFO - Filling up the DagBag from /home/airflow/.local/lib/python3.8/site-packages/airflow/example_dags/example_branch_day_of_week_operator.py
[2025-07-16T23:48:08.771+0000] {processor.py:840} INFO - DAG(s) 'example_weekday_branch_operator' retrieved from /home/airflow/.local/lib/python3.8/site-packages/airflow/example_dags/example_branch_day_of_week_operator.py
[2025-07-16T23:48:08.808+0000] {logging_mixin.py:188} INFO - [2025-07-16T23:48:08.808+0000] {dag.py:3036} INFO - Sync 1 DAGs
[2025-07-16T23:48:08.852+0000] {logging_mixin.py:188} INFO - [2025-07-16T23:48:08.852+0000] {dag.py:3823} INFO - Setting next_dagrun for example_weekday_branch_operator to 2025-07-15 00:00:00+00:00, run_after=2025-07-16 00:00:00+00:00
[2025-07-16T23:48:08.884+0000] {processor.py:183} INFO - Processing /home/airflow/.local/lib/python3.8/site-packages/airflow/example_dags/example_branch_day_of_week_operator.py took 0.147 seconds
[2025-07-16T23:48:40.052+0000] {processor.py:161} INFO - Started process (PID=1939) to work on /home/airflow/.local/lib/python3.8/site-packages/airflow/example_dags/example_branch_day_of_week_operator.py
[2025-07-16T23:48:40.054+0000] {processor.py:830} INFO - Processing file /home/airflow/.local/lib/python3.8/site-packages/airflow/example_dags/example_branch_day_of_week_operator.py for tasks to queue
[2025-07-16T23:48:40.058+0000] {logging_mixin.py:188} INFO - [2025-07-16T23:48:40.057+0000] {dagbag.py:538} INFO - Filling up the DagBag from /home/airflow/.local/lib/python3.8/site-packages/airflow/example_dags/example_branch_day_of_week_operator.py
[2025-07-16T23:48:40.074+0000] {processor.py:840} INFO - DAG(s) 'example_weekday_branch_operator' retrieved from /home/airflow/.local/lib/python3.8/site-packages/airflow/example_dags/example_branch_day_of_week_operator.py
[2025-07-16T23:48:40.116+0000] {logging_mixin.py:188} INFO - [2025-07-16T23:48:40.115+0000] {dag.py:3036} INFO - Sync 1 DAGs
[2025-07-16T23:48:40.162+0000] {logging_mixin.py:188} INFO - [2025-07-16T23:48:40.161+0000] {dag.py:3823} INFO - Setting next_dagrun for example_weekday_branch_operator to 2025-07-15 00:00:00+00:00, run_after=2025-07-16 00:00:00+00:00
[2025-07-16T23:48:40.199+0000] {processor.py:183} INFO - Processing /home/airflow/.local/lib/python3.8/site-packages/airflow/example_dags/example_branch_day_of_week_operator.py took 0.152 seconds
[2025-07-16T23:49:10.528+0000] {processor.py:161} INFO - Started process (PID=2005) to work on /home/airflow/.local/lib/python3.8/site-packages/airflow/example_dags/example_branch_day_of_week_operator.py
[2025-07-16T23:49:10.530+0000] {processor.py:830} INFO - Processing file /home/airflow/.local/lib/python3.8/site-packages/airflow/example_dags/example_branch_day_of_week_operator.py for tasks to queue
[2025-07-16T23:49:10.534+0000] {logging_mixin.py:188} INFO - [2025-07-16T23:49:10.533+0000] {dagbag.py:538} INFO - Filling up the DagBag from /home/airflow/.local/lib/python3.8/site-packages/airflow/example_dags/example_branch_day_of_week_operator.py
[2025-07-16T23:49:10.548+0000] {processor.py:840} INFO - DAG(s) 'example_weekday_branch_operator' retrieved from /home/airflow/.local/lib/python3.8/site-packages/airflow/example_dags/example_branch_day_of_week_operator.py
[2025-07-16T23:49:10.590+0000] {logging_mixin.py:188} INFO - [2025-07-16T23:49:10.590+0000] {dag.py:3036} INFO - Sync 1 DAGs
[2025-07-16T23:49:10.634+0000] {logging_mixin.py:188} INFO - [2025-07-16T23:49:10.634+0000] {dag.py:3823} INFO - Setting next_dagrun for example_weekday_branch_operator to 2025-07-15 00:00:00+00:00, run_after=2025-07-16 00:00:00+00:00
[2025-07-16T23:49:10.673+0000] {processor.py:183} INFO - Processing /home/airflow/.local/lib/python3.8/site-packages/airflow/example_dags/example_branch_day_of_week_operator.py took 0.153 seconds
[2025-07-16T23:49:42.852+0000] {processor.py:161} INFO - Started process (PID=2071) to work on /home/airflow/.local/lib/python3.8/site-packages/airflow/example_dags/example_branch_day_of_week_operator.py
[2025-07-16T23:49:42.854+0000] {processor.py:830} INFO - Processing file /home/airflow/.local/lib/python3.8/site-packages/airflow/example_dags/example_branch_day_of_week_operator.py for tasks to queue
[2025-07-16T23:49:42.857+0000] {logging_mixin.py:188} INFO - [2025-07-16T23:49:42.857+0000] {dagbag.py:538} INFO - Filling up the DagBag from /home/airflow/.local/lib/python3.8/site-packages/airflow/example_dags/example_branch_day_of_week_operator.py
[2025-07-16T23:49:42.870+0000] {processor.py:840} INFO - DAG(s) 'example_weekday_branch_operator' retrieved from /home/airflow/.local/lib/python3.8/site-packages/airflow/example_dags/example_branch_day_of_week_operator.py
[2025-07-16T23:49:42.904+0000] {logging_mixin.py:188} INFO - [2025-07-16T23:49:42.904+0000] {dag.py:3036} INFO - Sync 1 DAGs
[2025-07-16T23:49:42.940+0000] {logging_mixin.py:188} INFO - [2025-07-16T23:49:42.940+0000] {dag.py:3823} INFO - Setting next_dagrun for example_weekday_branch_operator to 2025-07-15 00:00:00+00:00, run_after=2025-07-16 00:00:00+00:00
[2025-07-16T23:49:43.149+0000] {processor.py:183} INFO - Processing /home/airflow/.local/lib/python3.8/site-packages/airflow/example_dags/example_branch_day_of_week_operator.py took 0.303 seconds
[2025-07-16T23:50:13.439+0000] {processor.py:161} INFO - Started process (PID=2131) to work on /home/airflow/.local/lib/python3.8/site-packages/airflow/example_dags/example_branch_day_of_week_operator.py
[2025-07-16T23:50:13.440+0000] {processor.py:830} INFO - Processing file /home/airflow/.local/lib/python3.8/site-packages/airflow/example_dags/example_branch_day_of_week_operator.py for tasks to queue
[2025-07-16T23:50:13.444+0000] {logging_mixin.py:188} INFO - [2025-07-16T23:50:13.443+0000] {dagbag.py:538} INFO - Filling up the DagBag from /home/airflow/.local/lib/python3.8/site-packages/airflow/example_dags/example_branch_day_of_week_operator.py
[2025-07-16T23:50:13.462+0000] {processor.py:840} INFO - DAG(s) 'example_weekday_branch_operator' retrieved from /home/airflow/.local/lib/python3.8/site-packages/airflow/example_dags/example_branch_day_of_week_operator.py
[2025-07-16T23:50:13.507+0000] {logging_mixin.py:188} INFO - [2025-07-16T23:50:13.507+0000] {dag.py:3036} INFO - Sync 1 DAGs
[2025-07-16T23:50:13.552+0000] {logging_mixin.py:188} INFO - [2025-07-16T23:50:13.551+0000] {dag.py:3823} INFO - Setting next_dagrun for example_weekday_branch_operator to 2025-07-15 00:00:00+00:00, run_after=2025-07-16 00:00:00+00:00
[2025-07-16T23:50:13.582+0000] {processor.py:183} INFO - Processing /home/airflow/.local/lib/python3.8/site-packages/airflow/example_dags/example_branch_day_of_week_operator.py took 0.149 seconds
[2025-07-16T23:50:44.397+0000] {processor.py:161} INFO - Started process (PID=2196) to work on /home/airflow/.local/lib/python3.8/site-packages/airflow/example_dags/example_branch_day_of_week_operator.py
[2025-07-16T23:50:44.402+0000] {processor.py:830} INFO - Processing file /home/airflow/.local/lib/python3.8/site-packages/airflow/example_dags/example_branch_day_of_week_operator.py for tasks to queue
[2025-07-16T23:50:44.409+0000] {logging_mixin.py:188} INFO - [2025-07-16T23:50:44.408+0000] {dagbag.py:538} INFO - Filling up the DagBag from /home/airflow/.local/lib/python3.8/site-packages/airflow/example_dags/example_branch_day_of_week_operator.py
[2025-07-16T23:50:44.433+0000] {processor.py:840} INFO - DAG(s) 'example_weekday_branch_operator' retrieved from /home/airflow/.local/lib/python3.8/site-packages/airflow/example_dags/example_branch_day_of_week_operator.py
[2025-07-16T23:50:44.480+0000] {logging_mixin.py:188} INFO - [2025-07-16T23:50:44.480+0000] {dag.py:3036} INFO - Sync 1 DAGs
[2025-07-16T23:50:44.532+0000] {logging_mixin.py:188} INFO - [2025-07-16T23:50:44.531+0000] {dag.py:3823} INFO - Setting next_dagrun for example_weekday_branch_operator to 2025-07-15 00:00:00+00:00, run_after=2025-07-16 00:00:00+00:00
[2025-07-16T23:50:44.570+0000] {processor.py:183} INFO - Processing /home/airflow/.local/lib/python3.8/site-packages/airflow/example_dags/example_branch_day_of_week_operator.py took 0.182 seconds
[2025-07-16T23:51:15.014+0000] {processor.py:161} INFO - Started process (PID=2262) to work on /home/airflow/.local/lib/python3.8/site-packages/airflow/example_dags/example_branch_day_of_week_operator.py
[2025-07-16T23:51:15.016+0000] {processor.py:830} INFO - Processing file /home/airflow/.local/lib/python3.8/site-packages/airflow/example_dags/example_branch_day_of_week_operator.py for tasks to queue
[2025-07-16T23:51:15.019+0000] {logging_mixin.py:188} INFO - [2025-07-16T23:51:15.018+0000] {dagbag.py:538} INFO - Filling up the DagBag from /home/airflow/.local/lib/python3.8/site-packages/airflow/example_dags/example_branch_day_of_week_operator.py
[2025-07-16T23:51:15.033+0000] {processor.py:840} INFO - DAG(s) 'example_weekday_branch_operator' retrieved from /home/airflow/.local/lib/python3.8/site-packages/airflow/example_dags/example_branch_day_of_week_operator.py
[2025-07-16T23:51:15.070+0000] {logging_mixin.py:188} INFO - [2025-07-16T23:51:15.070+0000] {dag.py:3036} INFO - Sync 1 DAGs
[2025-07-16T23:51:15.111+0000] {logging_mixin.py:188} INFO - [2025-07-16T23:51:15.110+0000] {dag.py:3823} INFO - Setting next_dagrun for example_weekday_branch_operator to 2025-07-15 00:00:00+00:00, run_after=2025-07-16 00:00:00+00:00
[2025-07-16T23:51:15.148+0000] {processor.py:183} INFO - Processing /home/airflow/.local/lib/python3.8/site-packages/airflow/example_dags/example_branch_day_of_week_operator.py took 0.140 seconds
[2025-07-16T23:51:45.987+0000] {processor.py:161} INFO - Started process (PID=2334) to work on /home/airflow/.local/lib/python3.8/site-packages/airflow/example_dags/example_branch_day_of_week_operator.py
[2025-07-16T23:51:45.989+0000] {processor.py:830} INFO - Processing file /home/airflow/.local/lib/python3.8/site-packages/airflow/example_dags/example_branch_day_of_week_operator.py for tasks to queue
[2025-07-16T23:51:45.993+0000] {logging_mixin.py:188} INFO - [2025-07-16T23:51:45.993+0000] {dagbag.py:538} INFO - Filling up the DagBag from /home/airflow/.local/lib/python3.8/site-packages/airflow/example_dags/example_branch_day_of_week_operator.py
[2025-07-16T23:51:46.013+0000] {processor.py:840} INFO - DAG(s) 'example_weekday_branch_operator' retrieved from /home/airflow/.local/lib/python3.8/site-packages/airflow/example_dags/example_branch_day_of_week_operator.py
[2025-07-16T23:51:46.076+0000] {logging_mixin.py:188} INFO - [2025-07-16T23:51:46.076+0000] {dag.py:3036} INFO - Sync 1 DAGs
[2025-07-16T23:51:46.178+0000] {logging_mixin.py:188} INFO - [2025-07-16T23:51:46.177+0000] {dag.py:3823} INFO - Setting next_dagrun for example_weekday_branch_operator to 2025-07-15 00:00:00+00:00, run_after=2025-07-16 00:00:00+00:00
[2025-07-16T23:51:46.221+0000] {processor.py:183} INFO - Processing /home/airflow/.local/lib/python3.8/site-packages/airflow/example_dags/example_branch_day_of_week_operator.py took 0.241 seconds
[2025-07-16T23:52:16.950+0000] {processor.py:161} INFO - Started process (PID=2400) to work on /home/airflow/.local/lib/python3.8/site-packages/airflow/example_dags/example_branch_day_of_week_operator.py
[2025-07-16T23:52:16.951+0000] {processor.py:830} INFO - Processing file /home/airflow/.local/lib/python3.8/site-packages/airflow/example_dags/example_branch_day_of_week_operator.py for tasks to queue
[2025-07-16T23:52:16.955+0000] {logging_mixin.py:188} INFO - [2025-07-16T23:52:16.954+0000] {dagbag.py:538} INFO - Filling up the DagBag from /home/airflow/.local/lib/python3.8/site-packages/airflow/example_dags/example_branch_day_of_week_operator.py
[2025-07-16T23:52:16.970+0000] {processor.py:840} INFO - DAG(s) 'example_weekday_branch_operator' retrieved from /home/airflow/.local/lib/python3.8/site-packages/airflow/example_dags/example_branch_day_of_week_operator.py
[2025-07-16T23:52:17.033+0000] {logging_mixin.py:188} INFO - [2025-07-16T23:52:17.033+0000] {dag.py:3036} INFO - Sync 1 DAGs
[2025-07-16T23:52:17.282+0000] {logging_mixin.py:188} INFO - [2025-07-16T23:52:17.281+0000] {dag.py:3823} INFO - Setting next_dagrun for example_weekday_branch_operator to 2025-07-15 00:00:00+00:00, run_after=2025-07-16 00:00:00+00:00
[2025-07-16T23:52:17.321+0000] {processor.py:183} INFO - Processing /home/airflow/.local/lib/python3.8/site-packages/airflow/example_dags/example_branch_day_of_week_operator.py took 0.378 seconds
[2025-07-16T23:52:47.800+0000] {processor.py:161} INFO - Started process (PID=2466) to work on /home/airflow/.local/lib/python3.8/site-packages/airflow/example_dags/example_branch_day_of_week_operator.py
[2025-07-16T23:52:47.802+0000] {processor.py:830} INFO - Processing file /home/airflow/.local/lib/python3.8/site-packages/airflow/example_dags/example_branch_day_of_week_operator.py for tasks to queue
[2025-07-16T23:52:47.805+0000] {logging_mixin.py:188} INFO - [2025-07-16T23:52:47.805+0000] {dagbag.py:538} INFO - Filling up the DagBag from /home/airflow/.local/lib/python3.8/site-packages/airflow/example_dags/example_branch_day_of_week_operator.py
[2025-07-16T23:52:47.821+0000] {processor.py:840} INFO - DAG(s) 'example_weekday_branch_operator' retrieved from /home/airflow/.local/lib/python3.8/site-packages/airflow/example_dags/example_branch_day_of_week_operator.py
[2025-07-16T23:52:47.860+0000] {logging_mixin.py:188} INFO - [2025-07-16T23:52:47.859+0000] {dag.py:3036} INFO - Sync 1 DAGs
[2025-07-16T23:52:47.914+0000] {logging_mixin.py:188} INFO - [2025-07-16T23:52:47.914+0000] {dag.py:3823} INFO - Setting next_dagrun for example_weekday_branch_operator to 2025-07-15 00:00:00+00:00, run_after=2025-07-16 00:00:00+00:00
[2025-07-16T23:52:48.189+0000] {processor.py:183} INFO - Processing /home/airflow/.local/lib/python3.8/site-packages/airflow/example_dags/example_branch_day_of_week_operator.py took 0.394 seconds
[2025-07-16T23:53:19.109+0000] {processor.py:161} INFO - Started process (PID=2532) to work on /home/airflow/.local/lib/python3.8/site-packages/airflow/example_dags/example_branch_day_of_week_operator.py
[2025-07-16T23:53:19.111+0000] {processor.py:830} INFO - Processing file /home/airflow/.local/lib/python3.8/site-packages/airflow/example_dags/example_branch_day_of_week_operator.py for tasks to queue
[2025-07-16T23:53:19.114+0000] {logging_mixin.py:188} INFO - [2025-07-16T23:53:19.113+0000] {dagbag.py:538} INFO - Filling up the DagBag from /home/airflow/.local/lib/python3.8/site-packages/airflow/example_dags/example_branch_day_of_week_operator.py
[2025-07-16T23:53:19.129+0000] {processor.py:840} INFO - DAG(s) 'example_weekday_branch_operator' retrieved from /home/airflow/.local/lib/python3.8/site-packages/airflow/example_dags/example_branch_day_of_week_operator.py
[2025-07-16T23:53:19.165+0000] {logging_mixin.py:188} INFO - [2025-07-16T23:53:19.165+0000] {dag.py:3036} INFO - Sync 1 DAGs
[2025-07-16T23:53:19.213+0000] {logging_mixin.py:188} INFO - [2025-07-16T23:53:19.213+0000] {dag.py:3823} INFO - Setting next_dagrun for example_weekday_branch_operator to 2025-07-15 00:00:00+00:00, run_after=2025-07-16 00:00:00+00:00
[2025-07-16T23:53:19.251+0000] {processor.py:183} INFO - Processing /home/airflow/.local/lib/python3.8/site-packages/airflow/example_dags/example_branch_day_of_week_operator.py took 0.148 seconds
[2025-07-16T23:53:49.368+0000] {processor.py:161} INFO - Started process (PID=2593) to work on /home/airflow/.local/lib/python3.8/site-packages/airflow/example_dags/example_branch_day_of_week_operator.py
[2025-07-16T23:53:49.369+0000] {processor.py:830} INFO - Processing file /home/airflow/.local/lib/python3.8/site-packages/airflow/example_dags/example_branch_day_of_week_operator.py for tasks to queue
[2025-07-16T23:53:49.374+0000] {logging_mixin.py:188} INFO - [2025-07-16T23:53:49.373+0000] {dagbag.py:538} INFO - Filling up the DagBag from /home/airflow/.local/lib/python3.8/site-packages/airflow/example_dags/example_branch_day_of_week_operator.py
[2025-07-16T23:53:49.397+0000] {processor.py:840} INFO - DAG(s) 'example_weekday_branch_operator' retrieved from /home/airflow/.local/lib/python3.8/site-packages/airflow/example_dags/example_branch_day_of_week_operator.py
[2025-07-16T23:53:49.440+0000] {logging_mixin.py:188} INFO - [2025-07-16T23:53:49.440+0000] {dag.py:3036} INFO - Sync 1 DAGs
[2025-07-16T23:53:49.480+0000] {logging_mixin.py:188} INFO - [2025-07-16T23:53:49.480+0000] {dag.py:3823} INFO - Setting next_dagrun for example_weekday_branch_operator to 2025-07-15 00:00:00+00:00, run_after=2025-07-16 00:00:00+00:00
[2025-07-16T23:53:49.512+0000] {processor.py:183} INFO - Processing /home/airflow/.local/lib/python3.8/site-packages/airflow/example_dags/example_branch_day_of_week_operator.py took 0.149 seconds
[2025-07-16T23:54:19.750+0000] {processor.py:161} INFO - Started process (PID=2657) to work on /home/airflow/.local/lib/python3.8/site-packages/airflow/example_dags/example_branch_day_of_week_operator.py
[2025-07-16T23:54:19.751+0000] {processor.py:830} INFO - Processing file /home/airflow/.local/lib/python3.8/site-packages/airflow/example_dags/example_branch_day_of_week_operator.py for tasks to queue
[2025-07-16T23:54:19.754+0000] {logging_mixin.py:188} INFO - [2025-07-16T23:54:19.754+0000] {dagbag.py:538} INFO - Filling up the DagBag from /home/airflow/.local/lib/python3.8/site-packages/airflow/example_dags/example_branch_day_of_week_operator.py
[2025-07-16T23:54:19.767+0000] {processor.py:840} INFO - DAG(s) 'example_weekday_branch_operator' retrieved from /home/airflow/.local/lib/python3.8/site-packages/airflow/example_dags/example_branch_day_of_week_operator.py
[2025-07-16T23:54:19.808+0000] {logging_mixin.py:188} INFO - [2025-07-16T23:54:19.808+0000] {dag.py:3036} INFO - Sync 1 DAGs
[2025-07-16T23:54:19.851+0000] {logging_mixin.py:188} INFO - [2025-07-16T23:54:19.851+0000] {dag.py:3823} INFO - Setting next_dagrun for example_weekday_branch_operator to 2025-07-15 00:00:00+00:00, run_after=2025-07-16 00:00:00+00:00
[2025-07-16T23:54:19.886+0000] {processor.py:183} INFO - Processing /home/airflow/.local/lib/python3.8/site-packages/airflow/example_dags/example_branch_day_of_week_operator.py took 0.142 seconds
[2025-07-16T23:54:49.975+0000] {processor.py:161} INFO - Started process (PID=2723) to work on /home/airflow/.local/lib/python3.8/site-packages/airflow/example_dags/example_branch_day_of_week_operator.py
[2025-07-16T23:54:49.977+0000] {processor.py:830} INFO - Processing file /home/airflow/.local/lib/python3.8/site-packages/airflow/example_dags/example_branch_day_of_week_operator.py for tasks to queue
[2025-07-16T23:54:49.981+0000] {logging_mixin.py:188} INFO - [2025-07-16T23:54:49.980+0000] {dagbag.py:538} INFO - Filling up the DagBag from /home/airflow/.local/lib/python3.8/site-packages/airflow/example_dags/example_branch_day_of_week_operator.py
[2025-07-16T23:54:49.993+0000] {processor.py:840} INFO - DAG(s) 'example_weekday_branch_operator' retrieved from /home/airflow/.local/lib/python3.8/site-packages/airflow/example_dags/example_branch_day_of_week_operator.py
[2025-07-16T23:54:50.033+0000] {logging_mixin.py:188} INFO - [2025-07-16T23:54:50.033+0000] {dag.py:3036} INFO - Sync 1 DAGs
[2025-07-16T23:54:50.079+0000] {logging_mixin.py:188} INFO - [2025-07-16T23:54:50.079+0000] {dag.py:3823} INFO - Setting next_dagrun for example_weekday_branch_operator to 2025-07-15 00:00:00+00:00, run_after=2025-07-16 00:00:00+00:00
[2025-07-16T23:54:50.115+0000] {processor.py:183} INFO - Processing /home/airflow/.local/lib/python3.8/site-packages/airflow/example_dags/example_branch_day_of_week_operator.py took 0.146 seconds
[2025-07-16T23:55:20.433+0000] {processor.py:161} INFO - Started process (PID=2789) to work on /home/airflow/.local/lib/python3.8/site-packages/airflow/example_dags/example_branch_day_of_week_operator.py
[2025-07-16T23:55:20.434+0000] {processor.py:830} INFO - Processing file /home/airflow/.local/lib/python3.8/site-packages/airflow/example_dags/example_branch_day_of_week_operator.py for tasks to queue
[2025-07-16T23:55:20.437+0000] {logging_mixin.py:188} INFO - [2025-07-16T23:55:20.437+0000] {dagbag.py:538} INFO - Filling up the DagBag from /home/airflow/.local/lib/python3.8/site-packages/airflow/example_dags/example_branch_day_of_week_operator.py
[2025-07-16T23:55:20.450+0000] {processor.py:840} INFO - DAG(s) 'example_weekday_branch_operator' retrieved from /home/airflow/.local/lib/python3.8/site-packages/airflow/example_dags/example_branch_day_of_week_operator.py
[2025-07-16T23:55:20.480+0000] {logging_mixin.py:188} INFO - [2025-07-16T23:55:20.479+0000] {dag.py:3036} INFO - Sync 1 DAGs
[2025-07-16T23:55:20.516+0000] {logging_mixin.py:188} INFO - [2025-07-16T23:55:20.515+0000] {dag.py:3823} INFO - Setting next_dagrun for example_weekday_branch_operator to 2025-07-15 00:00:00+00:00, run_after=2025-07-16 00:00:00+00:00
[2025-07-16T23:55:20.544+0000] {processor.py:183} INFO - Processing /home/airflow/.local/lib/python3.8/site-packages/airflow/example_dags/example_branch_day_of_week_operator.py took 0.117 seconds
[2025-07-16T23:55:50.790+0000] {processor.py:161} INFO - Started process (PID=2855) to work on /home/airflow/.local/lib/python3.8/site-packages/airflow/example_dags/example_branch_day_of_week_operator.py
[2025-07-16T23:55:50.791+0000] {processor.py:830} INFO - Processing file /home/airflow/.local/lib/python3.8/site-packages/airflow/example_dags/example_branch_day_of_week_operator.py for tasks to queue
[2025-07-16T23:55:50.795+0000] {logging_mixin.py:188} INFO - [2025-07-16T23:55:50.795+0000] {dagbag.py:538} INFO - Filling up the DagBag from /home/airflow/.local/lib/python3.8/site-packages/airflow/example_dags/example_branch_day_of_week_operator.py
[2025-07-16T23:55:50.809+0000] {processor.py:840} INFO - DAG(s) 'example_weekday_branch_operator' retrieved from /home/airflow/.local/lib/python3.8/site-packages/airflow/example_dags/example_branch_day_of_week_operator.py
[2025-07-16T23:55:50.849+0000] {logging_mixin.py:188} INFO - [2025-07-16T23:55:50.849+0000] {dag.py:3036} INFO - Sync 1 DAGs
[2025-07-16T23:55:50.897+0000] {logging_mixin.py:188} INFO - [2025-07-16T23:55:50.896+0000] {dag.py:3823} INFO - Setting next_dagrun for example_weekday_branch_operator to 2025-07-15 00:00:00+00:00, run_after=2025-07-16 00:00:00+00:00
[2025-07-16T23:55:50.924+0000] {processor.py:183} INFO - Processing /home/airflow/.local/lib/python3.8/site-packages/airflow/example_dags/example_branch_day_of_week_operator.py took 0.141 seconds
[2025-07-16T23:56:21.165+0000] {processor.py:161} INFO - Started process (PID=2920) to work on /home/airflow/.local/lib/python3.8/site-packages/airflow/example_dags/example_branch_day_of_week_operator.py
[2025-07-16T23:56:21.167+0000] {processor.py:830} INFO - Processing file /home/airflow/.local/lib/python3.8/site-packages/airflow/example_dags/example_branch_day_of_week_operator.py for tasks to queue
[2025-07-16T23:56:21.171+0000] {logging_mixin.py:188} INFO - [2025-07-16T23:56:21.170+0000] {dagbag.py:538} INFO - Filling up the DagBag from /home/airflow/.local/lib/python3.8/site-packages/airflow/example_dags/example_branch_day_of_week_operator.py
[2025-07-16T23:56:21.184+0000] {processor.py:840} INFO - DAG(s) 'example_weekday_branch_operator' retrieved from /home/airflow/.local/lib/python3.8/site-packages/airflow/example_dags/example_branch_day_of_week_operator.py
[2025-07-16T23:56:21.218+0000] {logging_mixin.py:188} INFO - [2025-07-16T23:56:21.218+0000] {dag.py:3036} INFO - Sync 1 DAGs
[2025-07-16T23:56:21.262+0000] {logging_mixin.py:188} INFO - [2025-07-16T23:56:21.261+0000] {dag.py:3823} INFO - Setting next_dagrun for example_weekday_branch_operator to 2025-07-15 00:00:00+00:00, run_after=2025-07-16 00:00:00+00:00
[2025-07-16T23:56:21.295+0000] {processor.py:183} INFO - Processing /home/airflow/.local/lib/python3.8/site-packages/airflow/example_dags/example_branch_day_of_week_operator.py took 0.136 seconds
[2025-07-16T23:56:52.175+0000] {processor.py:161} INFO - Started process (PID=2982) to work on /home/airflow/.local/lib/python3.8/site-packages/airflow/example_dags/example_branch_day_of_week_operator.py
[2025-07-16T23:56:52.177+0000] {processor.py:830} INFO - Processing file /home/airflow/.local/lib/python3.8/site-packages/airflow/example_dags/example_branch_day_of_week_operator.py for tasks to queue
[2025-07-16T23:56:52.181+0000] {logging_mixin.py:188} INFO - [2025-07-16T23:56:52.180+0000] {dagbag.py:538} INFO - Filling up the DagBag from /home/airflow/.local/lib/python3.8/site-packages/airflow/example_dags/example_branch_day_of_week_operator.py
[2025-07-16T23:56:52.216+0000] {processor.py:840} INFO - DAG(s) 'example_weekday_branch_operator' retrieved from /home/airflow/.local/lib/python3.8/site-packages/airflow/example_dags/example_branch_day_of_week_operator.py
[2025-07-16T23:56:52.260+0000] {logging_mixin.py:188} INFO - [2025-07-16T23:56:52.259+0000] {dag.py:3036} INFO - Sync 1 DAGs
[2025-07-16T23:56:52.333+0000] {logging_mixin.py:188} INFO - [2025-07-16T23:56:52.332+0000] {dag.py:3823} INFO - Setting next_dagrun for example_weekday_branch_operator to 2025-07-15 00:00:00+00:00, run_after=2025-07-16 00:00:00+00:00
[2025-07-16T23:56:52.504+0000] {processor.py:183} INFO - Processing /home/airflow/.local/lib/python3.8/site-packages/airflow/example_dags/example_branch_day_of_week_operator.py took 0.337 seconds
[2025-07-16T23:57:23.181+0000] {processor.py:161} INFO - Started process (PID=3046) to work on /home/airflow/.local/lib/python3.8/site-packages/airflow/example_dags/example_branch_day_of_week_operator.py
[2025-07-16T23:57:23.183+0000] {processor.py:830} INFO - Processing file /home/airflow/.local/lib/python3.8/site-packages/airflow/example_dags/example_branch_day_of_week_operator.py for tasks to queue
[2025-07-16T23:57:23.186+0000] {logging_mixin.py:188} INFO - [2025-07-16T23:57:23.185+0000] {dagbag.py:538} INFO - Filling up the DagBag from /home/airflow/.local/lib/python3.8/site-packages/airflow/example_dags/example_branch_day_of_week_operator.py
[2025-07-16T23:57:23.201+0000] {processor.py:840} INFO - DAG(s) 'example_weekday_branch_operator' retrieved from /home/airflow/.local/lib/python3.8/site-packages/airflow/example_dags/example_branch_day_of_week_operator.py
[2025-07-16T23:57:23.241+0000] {logging_mixin.py:188} INFO - [2025-07-16T23:57:23.241+0000] {dag.py:3036} INFO - Sync 1 DAGs
[2025-07-16T23:57:23.295+0000] {logging_mixin.py:188} INFO - [2025-07-16T23:57:23.295+0000] {dag.py:3823} INFO - Setting next_dagrun for example_weekday_branch_operator to 2025-07-15 00:00:00+00:00, run_after=2025-07-16 00:00:00+00:00
[2025-07-16T23:57:23.336+0000] {processor.py:183} INFO - Processing /home/airflow/.local/lib/python3.8/site-packages/airflow/example_dags/example_branch_day_of_week_operator.py took 0.160 seconds
[2025-07-16T23:57:53.516+0000] {processor.py:161} INFO - Started process (PID=3113) to work on /home/airflow/.local/lib/python3.8/site-packages/airflow/example_dags/example_branch_day_of_week_operator.py
[2025-07-16T23:57:53.517+0000] {processor.py:830} INFO - Processing file /home/airflow/.local/lib/python3.8/site-packages/airflow/example_dags/example_branch_day_of_week_operator.py for tasks to queue
[2025-07-16T23:57:53.521+0000] {logging_mixin.py:188} INFO - [2025-07-16T23:57:53.520+0000] {dagbag.py:538} INFO - Filling up the DagBag from /home/airflow/.local/lib/python3.8/site-packages/airflow/example_dags/example_branch_day_of_week_operator.py
[2025-07-16T23:57:53.531+0000] {processor.py:840} INFO - DAG(s) 'example_weekday_branch_operator' retrieved from /home/airflow/.local/lib/python3.8/site-packages/airflow/example_dags/example_branch_day_of_week_operator.py
[2025-07-16T23:57:53.561+0000] {logging_mixin.py:188} INFO - [2025-07-16T23:57:53.561+0000] {dag.py:3036} INFO - Sync 1 DAGs
[2025-07-16T23:57:53.606+0000] {logging_mixin.py:188} INFO - [2025-07-16T23:57:53.605+0000] {dag.py:3823} INFO - Setting next_dagrun for example_weekday_branch_operator to 2025-07-15 00:00:00+00:00, run_after=2025-07-16 00:00:00+00:00
[2025-07-16T23:57:53.648+0000] {processor.py:183} INFO - Processing /home/airflow/.local/lib/python3.8/site-packages/airflow/example_dags/example_branch_day_of_week_operator.py took 0.136 seconds
[2025-07-16T23:58:24.144+0000] {processor.py:161} INFO - Started process (PID=3179) to work on /home/airflow/.local/lib/python3.8/site-packages/airflow/example_dags/example_branch_day_of_week_operator.py
[2025-07-16T23:58:24.145+0000] {processor.py:830} INFO - Processing file /home/airflow/.local/lib/python3.8/site-packages/airflow/example_dags/example_branch_day_of_week_operator.py for tasks to queue
[2025-07-16T23:58:24.148+0000] {logging_mixin.py:188} INFO - [2025-07-16T23:58:24.148+0000] {dagbag.py:538} INFO - Filling up the DagBag from /home/airflow/.local/lib/python3.8/site-packages/airflow/example_dags/example_branch_day_of_week_operator.py
[2025-07-16T23:58:24.159+0000] {processor.py:840} INFO - DAG(s) 'example_weekday_branch_operator' retrieved from /home/airflow/.local/lib/python3.8/site-packages/airflow/example_dags/example_branch_day_of_week_operator.py
[2025-07-16T23:58:24.206+0000] {logging_mixin.py:188} INFO - [2025-07-16T23:58:24.206+0000] {dag.py:3036} INFO - Sync 1 DAGs
[2025-07-16T23:58:24.241+0000] {logging_mixin.py:188} INFO - [2025-07-16T23:58:24.241+0000] {dag.py:3823} INFO - Setting next_dagrun for example_weekday_branch_operator to 2025-07-15 00:00:00+00:00, run_after=2025-07-16 00:00:00+00:00
[2025-07-16T23:58:24.269+0000] {processor.py:183} INFO - Processing /home/airflow/.local/lib/python3.8/site-packages/airflow/example_dags/example_branch_day_of_week_operator.py took 0.130 seconds
[2025-07-16T23:58:54.478+0000] {processor.py:161} INFO - Started process (PID=3244) to work on /home/airflow/.local/lib/python3.8/site-packages/airflow/example_dags/example_branch_day_of_week_operator.py
[2025-07-16T23:58:54.480+0000] {processor.py:830} INFO - Processing file /home/airflow/.local/lib/python3.8/site-packages/airflow/example_dags/example_branch_day_of_week_operator.py for tasks to queue
[2025-07-16T23:58:54.483+0000] {logging_mixin.py:188} INFO - [2025-07-16T23:58:54.483+0000] {dagbag.py:538} INFO - Filling up the DagBag from /home/airflow/.local/lib/python3.8/site-packages/airflow/example_dags/example_branch_day_of_week_operator.py
[2025-07-16T23:58:54.496+0000] {processor.py:840} INFO - DAG(s) 'example_weekday_branch_operator' retrieved from /home/airflow/.local/lib/python3.8/site-packages/airflow/example_dags/example_branch_day_of_week_operator.py
[2025-07-16T23:58:54.539+0000] {logging_mixin.py:188} INFO - [2025-07-16T23:58:54.538+0000] {dag.py:3036} INFO - Sync 1 DAGs
[2025-07-16T23:58:54.574+0000] {logging_mixin.py:188} INFO - [2025-07-16T23:58:54.574+0000] {dag.py:3823} INFO - Setting next_dagrun for example_weekday_branch_operator to 2025-07-15 00:00:00+00:00, run_after=2025-07-16 00:00:00+00:00
[2025-07-16T23:58:54.609+0000] {processor.py:183} INFO - Processing /home/airflow/.local/lib/python3.8/site-packages/airflow/example_dags/example_branch_day_of_week_operator.py took 0.136 seconds
[2025-07-16T23:59:24.735+0000] {processor.py:161} INFO - Started process (PID=3310) to work on /home/airflow/.local/lib/python3.8/site-packages/airflow/example_dags/example_branch_day_of_week_operator.py
[2025-07-16T23:59:24.738+0000] {processor.py:830} INFO - Processing file /home/airflow/.local/lib/python3.8/site-packages/airflow/example_dags/example_branch_day_of_week_operator.py for tasks to queue
[2025-07-16T23:59:24.743+0000] {logging_mixin.py:188} INFO - [2025-07-16T23:59:24.742+0000] {dagbag.py:538} INFO - Filling up the DagBag from /home/airflow/.local/lib/python3.8/site-packages/airflow/example_dags/example_branch_day_of_week_operator.py
[2025-07-16T23:59:24.756+0000] {processor.py:840} INFO - DAG(s) 'example_weekday_branch_operator' retrieved from /home/airflow/.local/lib/python3.8/site-packages/airflow/example_dags/example_branch_day_of_week_operator.py
[2025-07-16T23:59:24.789+0000] {logging_mixin.py:188} INFO - [2025-07-16T23:59:24.788+0000] {dag.py:3036} INFO - Sync 1 DAGs
[2025-07-16T23:59:24.832+0000] {logging_mixin.py:188} INFO - [2025-07-16T23:59:24.832+0000] {dag.py:3823} INFO - Setting next_dagrun for example_weekday_branch_operator to 2025-07-15 00:00:00+00:00, run_after=2025-07-16 00:00:00+00:00
[2025-07-16T23:59:24.867+0000] {processor.py:183} INFO - Processing /home/airflow/.local/lib/python3.8/site-packages/airflow/example_dags/example_branch_day_of_week_operator.py took 0.137 seconds
[2025-07-16T23:59:55.262+0000] {processor.py:161} INFO - Started process (PID=3376) to work on /home/airflow/.local/lib/python3.8/site-packages/airflow/example_dags/example_branch_day_of_week_operator.py
[2025-07-16T23:59:55.263+0000] {processor.py:830} INFO - Processing file /home/airflow/.local/lib/python3.8/site-packages/airflow/example_dags/example_branch_day_of_week_operator.py for tasks to queue
[2025-07-16T23:59:55.267+0000] {logging_mixin.py:188} INFO - [2025-07-16T23:59:55.266+0000] {dagbag.py:538} INFO - Filling up the DagBag from /home/airflow/.local/lib/python3.8/site-packages/airflow/example_dags/example_branch_day_of_week_operator.py
[2025-07-16T23:59:55.280+0000] {processor.py:840} INFO - DAG(s) 'example_weekday_branch_operator' retrieved from /home/airflow/.local/lib/python3.8/site-packages/airflow/example_dags/example_branch_day_of_week_operator.py
[2025-07-16T23:59:55.314+0000] {logging_mixin.py:188} INFO - [2025-07-16T23:59:55.314+0000] {dag.py:3036} INFO - Sync 1 DAGs
[2025-07-16T23:59:55.349+0000] {logging_mixin.py:188} INFO - [2025-07-16T23:59:55.349+0000] {dag.py:3823} INFO - Setting next_dagrun for example_weekday_branch_operator to 2025-07-15 00:00:00+00:00, run_after=2025-07-16 00:00:00+00:00
[2025-07-16T23:59:55.380+0000] {processor.py:183} INFO - Processing /home/airflow/.local/lib/python3.8/site-packages/airflow/example_dags/example_branch_day_of_week_operator.py took 0.123 seconds
