[2025-07-16T15:02:11.389+0000] {processor.py:161} INFO - Started process (PID=91) to work on /home/airflow/.local/lib/python3.8/site-packages/airflow/example_dags/tutorial_objectstorage.py
[2025-07-16T15:02:11.397+0000] {processor.py:830} INFO - Processing file /home/airflow/.local/lib/python3.8/site-packages/airflow/example_dags/tutorial_objectstorage.py for tasks to queue
[2025-07-16T15:02:11.401+0000] {logging_mixin.py:188} INFO - [2025-07-16T15:02:11.401+0000] {dagbag.py:538} INFO - Filling up the DagBag from /home/airflow/.local/lib/python3.8/site-packages/airflow/example_dags/tutorial_objectstorage.py
[2025-07-16T15:02:11.437+0000] {processor.py:840} INFO - DAG(s) 'tutorial_objectstorage' retrieved from /home/airflow/.local/lib/python3.8/site-packages/airflow/example_dags/tutorial_objectstorage.py
[2025-07-16T15:02:11.534+0000] {logging_mixin.py:188} INFO - [2025-07-16T15:02:11.533+0000] {dag.py:3036} INFO - Sync 1 DAGs
[2025-07-16T15:02:11.621+0000] {logging_mixin.py:188} INFO - [2025-07-16T15:02:11.621+0000] {dag.py:3823} INFO - Setting next_dagrun for tutorial_objectstorage to None, run_after=None
[2025-07-16T15:02:11.784+0000] {processor.py:183} INFO - Processing /home/airflow/.local/lib/python3.8/site-packages/airflow/example_dags/tutorial_objectstorage.py took 0.410 seconds
[2025-07-16T15:02:42.385+0000] {processor.py:161} INFO - Started process (PID=155) to work on /home/airflow/.local/lib/python3.8/site-packages/airflow/example_dags/tutorial_objectstorage.py
[2025-07-16T15:02:42.386+0000] {processor.py:830} INFO - Processing file /home/airflow/.local/lib/python3.8/site-packages/airflow/example_dags/tutorial_objectstorage.py for tasks to queue
[2025-07-16T15:02:42.390+0000] {logging_mixin.py:188} INFO - [2025-07-16T15:02:42.390+0000] {dagbag.py:538} INFO - Filling up the DagBag from /home/airflow/.local/lib/python3.8/site-packages/airflow/example_dags/tutorial_objectstorage.py
[2025-07-16T15:02:42.401+0000] {processor.py:840} INFO - DAG(s) 'tutorial_objectstorage' retrieved from /home/airflow/.local/lib/python3.8/site-packages/airflow/example_dags/tutorial_objectstorage.py
[2025-07-16T15:02:42.438+0000] {logging_mixin.py:188} INFO - [2025-07-16T15:02:42.437+0000] {dag.py:3036} INFO - Sync 1 DAGs
[2025-07-16T15:02:42.465+0000] {logging_mixin.py:188} INFO - [2025-07-16T15:02:42.465+0000] {dag.py:3823} INFO - Setting next_dagrun for tutorial_objectstorage to None, run_after=None
[2025-07-16T15:02:42.503+0000] {processor.py:183} INFO - Processing /home/airflow/.local/lib/python3.8/site-packages/airflow/example_dags/tutorial_objectstorage.py took 0.124 seconds
[2025-07-16T15:03:13.102+0000] {processor.py:161} INFO - Started process (PID=219) to work on /home/airflow/.local/lib/python3.8/site-packages/airflow/example_dags/tutorial_objectstorage.py
[2025-07-16T15:03:13.104+0000] {processor.py:830} INFO - Processing file /home/airflow/.local/lib/python3.8/site-packages/airflow/example_dags/tutorial_objectstorage.py for tasks to queue
[2025-07-16T15:03:13.107+0000] {logging_mixin.py:188} INFO - [2025-07-16T15:03:13.107+0000] {dagbag.py:538} INFO - Filling up the DagBag from /home/airflow/.local/lib/python3.8/site-packages/airflow/example_dags/tutorial_objectstorage.py
[2025-07-16T15:03:13.116+0000] {processor.py:840} INFO - DAG(s) 'tutorial_objectstorage' retrieved from /home/airflow/.local/lib/python3.8/site-packages/airflow/example_dags/tutorial_objectstorage.py
[2025-07-16T15:03:13.147+0000] {logging_mixin.py:188} INFO - [2025-07-16T15:03:13.147+0000] {dag.py:3036} INFO - Sync 1 DAGs
[2025-07-16T15:03:13.163+0000] {logging_mixin.py:188} INFO - [2025-07-16T15:03:13.162+0000] {dag.py:3823} INFO - Setting next_dagrun for tutorial_objectstorage to None, run_after=None
[2025-07-16T15:03:13.190+0000] {processor.py:183} INFO - Processing /home/airflow/.local/lib/python3.8/site-packages/airflow/example_dags/tutorial_objectstorage.py took 0.093 seconds
[2025-07-16T15:03:43.640+0000] {processor.py:161} INFO - Started process (PID=283) to work on /home/airflow/.local/lib/python3.8/site-packages/airflow/example_dags/tutorial_objectstorage.py
[2025-07-16T15:03:43.641+0000] {processor.py:830} INFO - Processing file /home/airflow/.local/lib/python3.8/site-packages/airflow/example_dags/tutorial_objectstorage.py for tasks to queue
[2025-07-16T15:03:43.644+0000] {logging_mixin.py:188} INFO - [2025-07-16T15:03:43.644+0000] {dagbag.py:538} INFO - Filling up the DagBag from /home/airflow/.local/lib/python3.8/site-packages/airflow/example_dags/tutorial_objectstorage.py
[2025-07-16T15:03:43.656+0000] {processor.py:840} INFO - DAG(s) 'tutorial_objectstorage' retrieved from /home/airflow/.local/lib/python3.8/site-packages/airflow/example_dags/tutorial_objectstorage.py
[2025-07-16T15:03:43.694+0000] {logging_mixin.py:188} INFO - [2025-07-16T15:03:43.693+0000] {dag.py:3036} INFO - Sync 1 DAGs
[2025-07-16T15:03:43.719+0000] {logging_mixin.py:188} INFO - [2025-07-16T15:03:43.718+0000] {dag.py:3823} INFO - Setting next_dagrun for tutorial_objectstorage to None, run_after=None
[2025-07-16T15:03:43.756+0000] {processor.py:183} INFO - Processing /home/airflow/.local/lib/python3.8/site-packages/airflow/example_dags/tutorial_objectstorage.py took 0.123 seconds
[2025-07-16T23:34:09.381+0000] {processor.py:161} INFO - Started process (PID=83) to work on /home/airflow/.local/lib/python3.8/site-packages/airflow/example_dags/tutorial_objectstorage.py
[2025-07-16T23:34:09.383+0000] {processor.py:830} INFO - Processing file /home/airflow/.local/lib/python3.8/site-packages/airflow/example_dags/tutorial_objectstorage.py for tasks to queue
[2025-07-16T23:34:09.387+0000] {logging_mixin.py:188} INFO - [2025-07-16T23:34:09.386+0000] {dagbag.py:538} INFO - Filling up the DagBag from /home/airflow/.local/lib/python3.8/site-packages/airflow/example_dags/tutorial_objectstorage.py
[2025-07-16T23:34:09.405+0000] {processor.py:840} INFO - DAG(s) 'tutorial_objectstorage' retrieved from /home/airflow/.local/lib/python3.8/site-packages/airflow/example_dags/tutorial_objectstorage.py
[2025-07-16T23:34:09.459+0000] {logging_mixin.py:188} INFO - [2025-07-16T23:34:09.458+0000] {dag.py:3036} INFO - Sync 1 DAGs
[2025-07-16T23:34:09.497+0000] {logging_mixin.py:188} INFO - [2025-07-16T23:34:09.497+0000] {dag.py:3823} INFO - Setting next_dagrun for tutorial_objectstorage to None, run_after=None
[2025-07-16T23:34:09.542+0000] {processor.py:183} INFO - Processing /home/airflow/.local/lib/python3.8/site-packages/airflow/example_dags/tutorial_objectstorage.py took 0.166 seconds
[2025-07-16T23:34:40.102+0000] {processor.py:161} INFO - Started process (PID=147) to work on /home/airflow/.local/lib/python3.8/site-packages/airflow/example_dags/tutorial_objectstorage.py
[2025-07-16T23:34:40.104+0000] {processor.py:830} INFO - Processing file /home/airflow/.local/lib/python3.8/site-packages/airflow/example_dags/tutorial_objectstorage.py for tasks to queue
[2025-07-16T23:34:40.107+0000] {logging_mixin.py:188} INFO - [2025-07-16T23:34:40.106+0000] {dagbag.py:538} INFO - Filling up the DagBag from /home/airflow/.local/lib/python3.8/site-packages/airflow/example_dags/tutorial_objectstorage.py
[2025-07-16T23:34:40.119+0000] {processor.py:840} INFO - DAG(s) 'tutorial_objectstorage' retrieved from /home/airflow/.local/lib/python3.8/site-packages/airflow/example_dags/tutorial_objectstorage.py
[2025-07-16T23:34:40.164+0000] {logging_mixin.py:188} INFO - [2025-07-16T23:34:40.164+0000] {dag.py:3036} INFO - Sync 1 DAGs
[2025-07-16T23:34:40.192+0000] {logging_mixin.py:188} INFO - [2025-07-16T23:34:40.192+0000] {dag.py:3823} INFO - Setting next_dagrun for tutorial_objectstorage to None, run_after=None
[2025-07-16T23:34:40.236+0000] {processor.py:183} INFO - Processing /home/airflow/.local/lib/python3.8/site-packages/airflow/example_dags/tutorial_objectstorage.py took 0.140 seconds
[2025-07-16T23:35:10.368+0000] {processor.py:161} INFO - Started process (PID=213) to work on /home/airflow/.local/lib/python3.8/site-packages/airflow/example_dags/tutorial_objectstorage.py
[2025-07-16T23:35:10.369+0000] {processor.py:830} INFO - Processing file /home/airflow/.local/lib/python3.8/site-packages/airflow/example_dags/tutorial_objectstorage.py for tasks to queue
[2025-07-16T23:35:10.374+0000] {logging_mixin.py:188} INFO - [2025-07-16T23:35:10.374+0000] {dagbag.py:538} INFO - Filling up the DagBag from /home/airflow/.local/lib/python3.8/site-packages/airflow/example_dags/tutorial_objectstorage.py
[2025-07-16T23:35:10.387+0000] {processor.py:840} INFO - DAG(s) 'tutorial_objectstorage' retrieved from /home/airflow/.local/lib/python3.8/site-packages/airflow/example_dags/tutorial_objectstorage.py
[2025-07-16T23:35:10.420+0000] {logging_mixin.py:188} INFO - [2025-07-16T23:35:10.419+0000] {dag.py:3036} INFO - Sync 1 DAGs
[2025-07-16T23:35:10.439+0000] {logging_mixin.py:188} INFO - [2025-07-16T23:35:10.438+0000] {dag.py:3823} INFO - Setting next_dagrun for tutorial_objectstorage to None, run_after=None
[2025-07-16T23:35:10.472+0000] {processor.py:183} INFO - Processing /home/airflow/.local/lib/python3.8/site-packages/airflow/example_dags/tutorial_objectstorage.py took 0.109 seconds
[2025-07-16T23:35:40.632+0000] {processor.py:161} INFO - Started process (PID=279) to work on /home/airflow/.local/lib/python3.8/site-packages/airflow/example_dags/tutorial_objectstorage.py
[2025-07-16T23:35:40.635+0000] {processor.py:830} INFO - Processing file /home/airflow/.local/lib/python3.8/site-packages/airflow/example_dags/tutorial_objectstorage.py for tasks to queue
[2025-07-16T23:35:40.639+0000] {logging_mixin.py:188} INFO - [2025-07-16T23:35:40.638+0000] {dagbag.py:538} INFO - Filling up the DagBag from /home/airflow/.local/lib/python3.8/site-packages/airflow/example_dags/tutorial_objectstorage.py
[2025-07-16T23:35:40.649+0000] {processor.py:840} INFO - DAG(s) 'tutorial_objectstorage' retrieved from /home/airflow/.local/lib/python3.8/site-packages/airflow/example_dags/tutorial_objectstorage.py
[2025-07-16T23:35:40.686+0000] {logging_mixin.py:188} INFO - [2025-07-16T23:35:40.686+0000] {dag.py:3036} INFO - Sync 1 DAGs
[2025-07-16T23:35:40.703+0000] {logging_mixin.py:188} INFO - [2025-07-16T23:35:40.702+0000] {dag.py:3823} INFO - Setting next_dagrun for tutorial_objectstorage to None, run_after=None
[2025-07-16T23:35:40.741+0000] {processor.py:183} INFO - Processing /home/airflow/.local/lib/python3.8/site-packages/airflow/example_dags/tutorial_objectstorage.py took 0.115 seconds
[2025-07-16T23:36:11.026+0000] {processor.py:161} INFO - Started process (PID=344) to work on /home/airflow/.local/lib/python3.8/site-packages/airflow/example_dags/tutorial_objectstorage.py
[2025-07-16T23:36:11.028+0000] {processor.py:830} INFO - Processing file /home/airflow/.local/lib/python3.8/site-packages/airflow/example_dags/tutorial_objectstorage.py for tasks to queue
[2025-07-16T23:36:11.031+0000] {logging_mixin.py:188} INFO - [2025-07-16T23:36:11.031+0000] {dagbag.py:538} INFO - Filling up the DagBag from /home/airflow/.local/lib/python3.8/site-packages/airflow/example_dags/tutorial_objectstorage.py
[2025-07-16T23:36:11.043+0000] {processor.py:840} INFO - DAG(s) 'tutorial_objectstorage' retrieved from /home/airflow/.local/lib/python3.8/site-packages/airflow/example_dags/tutorial_objectstorage.py
[2025-07-16T23:36:11.079+0000] {logging_mixin.py:188} INFO - [2025-07-16T23:36:11.079+0000] {dag.py:3036} INFO - Sync 1 DAGs
[2025-07-16T23:36:11.097+0000] {logging_mixin.py:188} INFO - [2025-07-16T23:36:11.097+0000] {dag.py:3823} INFO - Setting next_dagrun for tutorial_objectstorage to None, run_after=None
[2025-07-16T23:36:11.133+0000] {processor.py:183} INFO - Processing /home/airflow/.local/lib/python3.8/site-packages/airflow/example_dags/tutorial_objectstorage.py took 0.113 seconds
[2025-07-16T23:36:42.181+0000] {processor.py:161} INFO - Started process (PID=406) to work on /home/airflow/.local/lib/python3.8/site-packages/airflow/example_dags/tutorial_objectstorage.py
[2025-07-16T23:36:42.182+0000] {processor.py:830} INFO - Processing file /home/airflow/.local/lib/python3.8/site-packages/airflow/example_dags/tutorial_objectstorage.py for tasks to queue
[2025-07-16T23:36:42.186+0000] {logging_mixin.py:188} INFO - [2025-07-16T23:36:42.185+0000] {dagbag.py:538} INFO - Filling up the DagBag from /home/airflow/.local/lib/python3.8/site-packages/airflow/example_dags/tutorial_objectstorage.py
[2025-07-16T23:36:42.197+0000] {processor.py:840} INFO - DAG(s) 'tutorial_objectstorage' retrieved from /home/airflow/.local/lib/python3.8/site-packages/airflow/example_dags/tutorial_objectstorage.py
[2025-07-16T23:36:42.235+0000] {logging_mixin.py:188} INFO - [2025-07-16T23:36:42.235+0000] {dag.py:3036} INFO - Sync 1 DAGs
[2025-07-16T23:36:42.261+0000] {logging_mixin.py:188} INFO - [2025-07-16T23:36:42.261+0000] {dag.py:3823} INFO - Setting next_dagrun for tutorial_objectstorage to None, run_after=None
[2025-07-16T23:36:42.301+0000] {processor.py:183} INFO - Processing /home/airflow/.local/lib/python3.8/site-packages/airflow/example_dags/tutorial_objectstorage.py took 0.126 seconds
[2025-07-16T23:37:13.263+0000] {processor.py:161} INFO - Started process (PID=470) to work on /home/airflow/.local/lib/python3.8/site-packages/airflow/example_dags/tutorial_objectstorage.py
[2025-07-16T23:37:13.265+0000] {processor.py:830} INFO - Processing file /home/airflow/.local/lib/python3.8/site-packages/airflow/example_dags/tutorial_objectstorage.py for tasks to queue
[2025-07-16T23:37:13.268+0000] {logging_mixin.py:188} INFO - [2025-07-16T23:37:13.267+0000] {dagbag.py:538} INFO - Filling up the DagBag from /home/airflow/.local/lib/python3.8/site-packages/airflow/example_dags/tutorial_objectstorage.py
[2025-07-16T23:37:13.282+0000] {processor.py:840} INFO - DAG(s) 'tutorial_objectstorage' retrieved from /home/airflow/.local/lib/python3.8/site-packages/airflow/example_dags/tutorial_objectstorage.py
[2025-07-16T23:37:13.420+0000] {logging_mixin.py:188} INFO - [2025-07-16T23:37:13.420+0000] {dag.py:3036} INFO - Sync 1 DAGs
[2025-07-16T23:37:13.490+0000] {logging_mixin.py:188} INFO - [2025-07-16T23:37:13.490+0000] {dag.py:3823} INFO - Setting next_dagrun for tutorial_objectstorage to None, run_after=None
[2025-07-16T23:37:13.563+0000] {processor.py:183} INFO - Processing /home/airflow/.local/lib/python3.8/site-packages/airflow/example_dags/tutorial_objectstorage.py took 0.306 seconds
[2025-07-16T23:37:44.072+0000] {processor.py:161} INFO - Started process (PID=542) to work on /home/airflow/.local/lib/python3.8/site-packages/airflow/example_dags/tutorial_objectstorage.py
[2025-07-16T23:37:44.075+0000] {processor.py:830} INFO - Processing file /home/airflow/.local/lib/python3.8/site-packages/airflow/example_dags/tutorial_objectstorage.py for tasks to queue
[2025-07-16T23:37:44.080+0000] {logging_mixin.py:188} INFO - [2025-07-16T23:37:44.080+0000] {dagbag.py:538} INFO - Filling up the DagBag from /home/airflow/.local/lib/python3.8/site-packages/airflow/example_dags/tutorial_objectstorage.py
[2025-07-16T23:37:44.092+0000] {processor.py:840} INFO - DAG(s) 'tutorial_objectstorage' retrieved from /home/airflow/.local/lib/python3.8/site-packages/airflow/example_dags/tutorial_objectstorage.py
[2025-07-16T23:37:44.127+0000] {logging_mixin.py:188} INFO - [2025-07-16T23:37:44.127+0000] {dag.py:3036} INFO - Sync 1 DAGs
[2025-07-16T23:37:44.156+0000] {logging_mixin.py:188} INFO - [2025-07-16T23:37:44.155+0000] {dag.py:3823} INFO - Setting next_dagrun for tutorial_objectstorage to None, run_after=None
[2025-07-16T23:37:44.207+0000] {processor.py:183} INFO - Processing /home/airflow/.local/lib/python3.8/site-packages/airflow/example_dags/tutorial_objectstorage.py took 0.141 seconds
[2025-07-16T23:38:14.544+0000] {processor.py:161} INFO - Started process (PID=607) to work on /home/airflow/.local/lib/python3.8/site-packages/airflow/example_dags/tutorial_objectstorage.py
[2025-07-16T23:38:14.547+0000] {processor.py:830} INFO - Processing file /home/airflow/.local/lib/python3.8/site-packages/airflow/example_dags/tutorial_objectstorage.py for tasks to queue
[2025-07-16T23:38:14.551+0000] {logging_mixin.py:188} INFO - [2025-07-16T23:38:14.550+0000] {dagbag.py:538} INFO - Filling up the DagBag from /home/airflow/.local/lib/python3.8/site-packages/airflow/example_dags/tutorial_objectstorage.py
[2025-07-16T23:38:14.562+0000] {processor.py:840} INFO - DAG(s) 'tutorial_objectstorage' retrieved from /home/airflow/.local/lib/python3.8/site-packages/airflow/example_dags/tutorial_objectstorage.py
[2025-07-16T23:38:14.605+0000] {logging_mixin.py:188} INFO - [2025-07-16T23:38:14.604+0000] {dag.py:3036} INFO - Sync 1 DAGs
[2025-07-16T23:38:14.630+0000] {logging_mixin.py:188} INFO - [2025-07-16T23:38:14.630+0000] {dag.py:3823} INFO - Setting next_dagrun for tutorial_objectstorage to None, run_after=None
[2025-07-16T23:38:14.683+0000] {processor.py:183} INFO - Processing /home/airflow/.local/lib/python3.8/site-packages/airflow/example_dags/tutorial_objectstorage.py took 0.145 seconds
[2025-07-16T23:38:44.992+0000] {processor.py:161} INFO - Started process (PID=673) to work on /home/airflow/.local/lib/python3.8/site-packages/airflow/example_dags/tutorial_objectstorage.py
[2025-07-16T23:38:44.994+0000] {processor.py:830} INFO - Processing file /home/airflow/.local/lib/python3.8/site-packages/airflow/example_dags/tutorial_objectstorage.py for tasks to queue
[2025-07-16T23:38:44.999+0000] {logging_mixin.py:188} INFO - [2025-07-16T23:38:44.998+0000] {dagbag.py:538} INFO - Filling up the DagBag from /home/airflow/.local/lib/python3.8/site-packages/airflow/example_dags/tutorial_objectstorage.py
[2025-07-16T23:38:45.013+0000] {processor.py:840} INFO - DAG(s) 'tutorial_objectstorage' retrieved from /home/airflow/.local/lib/python3.8/site-packages/airflow/example_dags/tutorial_objectstorage.py
[2025-07-16T23:38:45.049+0000] {logging_mixin.py:188} INFO - [2025-07-16T23:38:45.049+0000] {dag.py:3036} INFO - Sync 1 DAGs
[2025-07-16T23:38:45.070+0000] {logging_mixin.py:188} INFO - [2025-07-16T23:38:45.070+0000] {dag.py:3823} INFO - Setting next_dagrun for tutorial_objectstorage to None, run_after=None
[2025-07-16T23:38:45.115+0000] {processor.py:183} INFO - Processing /home/airflow/.local/lib/python3.8/site-packages/airflow/example_dags/tutorial_objectstorage.py took 0.129 seconds
[2025-07-16T23:39:15.440+0000] {processor.py:161} INFO - Started process (PID=739) to work on /home/airflow/.local/lib/python3.8/site-packages/airflow/example_dags/tutorial_objectstorage.py
[2025-07-16T23:39:15.442+0000] {processor.py:830} INFO - Processing file /home/airflow/.local/lib/python3.8/site-packages/airflow/example_dags/tutorial_objectstorage.py for tasks to queue
[2025-07-16T23:39:15.445+0000] {logging_mixin.py:188} INFO - [2025-07-16T23:39:15.445+0000] {dagbag.py:538} INFO - Filling up the DagBag from /home/airflow/.local/lib/python3.8/site-packages/airflow/example_dags/tutorial_objectstorage.py
[2025-07-16T23:39:15.458+0000] {processor.py:840} INFO - DAG(s) 'tutorial_objectstorage' retrieved from /home/airflow/.local/lib/python3.8/site-packages/airflow/example_dags/tutorial_objectstorage.py
[2025-07-16T23:39:15.504+0000] {logging_mixin.py:188} INFO - [2025-07-16T23:39:15.504+0000] {dag.py:3036} INFO - Sync 1 DAGs
[2025-07-16T23:39:15.529+0000] {logging_mixin.py:188} INFO - [2025-07-16T23:39:15.528+0000] {dag.py:3823} INFO - Setting next_dagrun for tutorial_objectstorage to None, run_after=None
[2025-07-16T23:39:15.584+0000] {processor.py:183} INFO - Processing /home/airflow/.local/lib/python3.8/site-packages/airflow/example_dags/tutorial_objectstorage.py took 0.149 seconds
[2025-07-16T23:39:45.765+0000] {processor.py:161} INFO - Started process (PID=803) to work on /home/airflow/.local/lib/python3.8/site-packages/airflow/example_dags/tutorial_objectstorage.py
[2025-07-16T23:39:45.767+0000] {processor.py:830} INFO - Processing file /home/airflow/.local/lib/python3.8/site-packages/airflow/example_dags/tutorial_objectstorage.py for tasks to queue
[2025-07-16T23:39:45.774+0000] {logging_mixin.py:188} INFO - [2025-07-16T23:39:45.773+0000] {dagbag.py:538} INFO - Filling up the DagBag from /home/airflow/.local/lib/python3.8/site-packages/airflow/example_dags/tutorial_objectstorage.py
[2025-07-16T23:39:45.798+0000] {processor.py:840} INFO - DAG(s) 'tutorial_objectstorage' retrieved from /home/airflow/.local/lib/python3.8/site-packages/airflow/example_dags/tutorial_objectstorage.py
[2025-07-16T23:39:45.840+0000] {logging_mixin.py:188} INFO - [2025-07-16T23:39:45.840+0000] {dag.py:3036} INFO - Sync 1 DAGs
[2025-07-16T23:39:45.880+0000] {logging_mixin.py:188} INFO - [2025-07-16T23:39:45.879+0000] {dag.py:3823} INFO - Setting next_dagrun for tutorial_objectstorage to None, run_after=None
[2025-07-16T23:39:45.927+0000] {processor.py:183} INFO - Processing /home/airflow/.local/lib/python3.8/site-packages/airflow/example_dags/tutorial_objectstorage.py took 0.167 seconds
[2025-07-16T23:40:16.189+0000] {processor.py:161} INFO - Started process (PID=867) to work on /home/airflow/.local/lib/python3.8/site-packages/airflow/example_dags/tutorial_objectstorage.py
[2025-07-16T23:40:16.190+0000] {processor.py:830} INFO - Processing file /home/airflow/.local/lib/python3.8/site-packages/airflow/example_dags/tutorial_objectstorage.py for tasks to queue
[2025-07-16T23:40:16.194+0000] {logging_mixin.py:188} INFO - [2025-07-16T23:40:16.193+0000] {dagbag.py:538} INFO - Filling up the DagBag from /home/airflow/.local/lib/python3.8/site-packages/airflow/example_dags/tutorial_objectstorage.py
[2025-07-16T23:40:16.204+0000] {processor.py:840} INFO - DAG(s) 'tutorial_objectstorage' retrieved from /home/airflow/.local/lib/python3.8/site-packages/airflow/example_dags/tutorial_objectstorage.py
[2025-07-16T23:40:16.236+0000] {logging_mixin.py:188} INFO - [2025-07-16T23:40:16.235+0000] {dag.py:3036} INFO - Sync 1 DAGs
[2025-07-16T23:40:16.254+0000] {logging_mixin.py:188} INFO - [2025-07-16T23:40:16.254+0000] {dag.py:3823} INFO - Setting next_dagrun for tutorial_objectstorage to None, run_after=None
[2025-07-16T23:40:16.282+0000] {processor.py:183} INFO - Processing /home/airflow/.local/lib/python3.8/site-packages/airflow/example_dags/tutorial_objectstorage.py took 0.098 seconds
[2025-07-16T23:40:47.066+0000] {processor.py:161} INFO - Started process (PID=927) to work on /home/airflow/.local/lib/python3.8/site-packages/airflow/example_dags/tutorial_objectstorage.py
[2025-07-16T23:40:47.069+0000] {processor.py:830} INFO - Processing file /home/airflow/.local/lib/python3.8/site-packages/airflow/example_dags/tutorial_objectstorage.py for tasks to queue
[2025-07-16T23:40:47.074+0000] {logging_mixin.py:188} INFO - [2025-07-16T23:40:47.073+0000] {dagbag.py:538} INFO - Filling up the DagBag from /home/airflow/.local/lib/python3.8/site-packages/airflow/example_dags/tutorial_objectstorage.py
[2025-07-16T23:40:47.089+0000] {processor.py:840} INFO - DAG(s) 'tutorial_objectstorage' retrieved from /home/airflow/.local/lib/python3.8/site-packages/airflow/example_dags/tutorial_objectstorage.py
[2025-07-16T23:40:47.134+0000] {logging_mixin.py:188} INFO - [2025-07-16T23:40:47.133+0000] {dag.py:3036} INFO - Sync 1 DAGs
[2025-07-16T23:40:47.167+0000] {logging_mixin.py:188} INFO - [2025-07-16T23:40:47.166+0000] {dag.py:3823} INFO - Setting next_dagrun for tutorial_objectstorage to None, run_after=None
[2025-07-16T23:40:47.209+0000] {processor.py:183} INFO - Processing /home/airflow/.local/lib/python3.8/site-packages/airflow/example_dags/tutorial_objectstorage.py took 0.150 seconds
[2025-07-16T23:41:17.903+0000] {processor.py:161} INFO - Started process (PID=993) to work on /home/airflow/.local/lib/python3.8/site-packages/airflow/example_dags/tutorial_objectstorage.py
[2025-07-16T23:41:17.906+0000] {processor.py:830} INFO - Processing file /home/airflow/.local/lib/python3.8/site-packages/airflow/example_dags/tutorial_objectstorage.py for tasks to queue
[2025-07-16T23:41:17.910+0000] {logging_mixin.py:188} INFO - [2025-07-16T23:41:17.909+0000] {dagbag.py:538} INFO - Filling up the DagBag from /home/airflow/.local/lib/python3.8/site-packages/airflow/example_dags/tutorial_objectstorage.py
[2025-07-16T23:41:17.926+0000] {processor.py:840} INFO - DAG(s) 'tutorial_objectstorage' retrieved from /home/airflow/.local/lib/python3.8/site-packages/airflow/example_dags/tutorial_objectstorage.py
[2025-07-16T23:41:17.974+0000] {logging_mixin.py:188} INFO - [2025-07-16T23:41:17.974+0000] {dag.py:3036} INFO - Sync 1 DAGs
[2025-07-16T23:41:18.007+0000] {logging_mixin.py:188} INFO - [2025-07-16T23:41:18.005+0000] {dag.py:3823} INFO - Setting next_dagrun for tutorial_objectstorage to None, run_after=None
[2025-07-16T23:41:18.052+0000] {processor.py:183} INFO - Processing /home/airflow/.local/lib/python3.8/site-packages/airflow/example_dags/tutorial_objectstorage.py took 0.157 seconds
[2025-07-16T23:41:48.731+0000] {processor.py:161} INFO - Started process (PID=1059) to work on /home/airflow/.local/lib/python3.8/site-packages/airflow/example_dags/tutorial_objectstorage.py
[2025-07-16T23:41:48.733+0000] {processor.py:830} INFO - Processing file /home/airflow/.local/lib/python3.8/site-packages/airflow/example_dags/tutorial_objectstorage.py for tasks to queue
[2025-07-16T23:41:48.736+0000] {logging_mixin.py:188} INFO - [2025-07-16T23:41:48.735+0000] {dagbag.py:538} INFO - Filling up the DagBag from /home/airflow/.local/lib/python3.8/site-packages/airflow/example_dags/tutorial_objectstorage.py
[2025-07-16T23:41:48.749+0000] {processor.py:840} INFO - DAG(s) 'tutorial_objectstorage' retrieved from /home/airflow/.local/lib/python3.8/site-packages/airflow/example_dags/tutorial_objectstorage.py
[2025-07-16T23:41:48.815+0000] {logging_mixin.py:188} INFO - [2025-07-16T23:41:48.814+0000] {dag.py:3036} INFO - Sync 1 DAGs
[2025-07-16T23:41:48.842+0000] {logging_mixin.py:188} INFO - [2025-07-16T23:41:48.842+0000] {dag.py:3823} INFO - Setting next_dagrun for tutorial_objectstorage to None, run_after=None
[2025-07-16T23:41:48.893+0000] {processor.py:183} INFO - Processing /home/airflow/.local/lib/python3.8/site-packages/airflow/example_dags/tutorial_objectstorage.py took 0.168 seconds
[2025-07-16T23:42:19.265+0000] {processor.py:161} INFO - Started process (PID=1125) to work on /home/airflow/.local/lib/python3.8/site-packages/airflow/example_dags/tutorial_objectstorage.py
[2025-07-16T23:42:19.267+0000] {processor.py:830} INFO - Processing file /home/airflow/.local/lib/python3.8/site-packages/airflow/example_dags/tutorial_objectstorage.py for tasks to queue
[2025-07-16T23:42:19.322+0000] {logging_mixin.py:188} INFO - [2025-07-16T23:42:19.274+0000] {dagbag.py:538} INFO - Filling up the DagBag from /home/airflow/.local/lib/python3.8/site-packages/airflow/example_dags/tutorial_objectstorage.py
[2025-07-16T23:42:19.338+0000] {processor.py:840} INFO - DAG(s) 'tutorial_objectstorage' retrieved from /home/airflow/.local/lib/python3.8/site-packages/airflow/example_dags/tutorial_objectstorage.py
[2025-07-16T23:42:19.387+0000] {logging_mixin.py:188} INFO - [2025-07-16T23:42:19.387+0000] {dag.py:3036} INFO - Sync 1 DAGs
[2025-07-16T23:42:19.436+0000] {logging_mixin.py:188} INFO - [2025-07-16T23:42:19.436+0000] {dag.py:3823} INFO - Setting next_dagrun for tutorial_objectstorage to None, run_after=None
[2025-07-16T23:42:19.494+0000] {processor.py:183} INFO - Processing /home/airflow/.local/lib/python3.8/site-packages/airflow/example_dags/tutorial_objectstorage.py took 0.236 seconds
[2025-07-16T23:42:50.230+0000] {processor.py:161} INFO - Started process (PID=1191) to work on /home/airflow/.local/lib/python3.8/site-packages/airflow/example_dags/tutorial_objectstorage.py
[2025-07-16T23:42:50.232+0000] {processor.py:830} INFO - Processing file /home/airflow/.local/lib/python3.8/site-packages/airflow/example_dags/tutorial_objectstorage.py for tasks to queue
[2025-07-16T23:42:50.235+0000] {logging_mixin.py:188} INFO - [2025-07-16T23:42:50.234+0000] {dagbag.py:538} INFO - Filling up the DagBag from /home/airflow/.local/lib/python3.8/site-packages/airflow/example_dags/tutorial_objectstorage.py
[2025-07-16T23:42:50.247+0000] {processor.py:840} INFO - DAG(s) 'tutorial_objectstorage' retrieved from /home/airflow/.local/lib/python3.8/site-packages/airflow/example_dags/tutorial_objectstorage.py
[2025-07-16T23:42:50.292+0000] {logging_mixin.py:188} INFO - [2025-07-16T23:42:50.291+0000] {dag.py:3036} INFO - Sync 1 DAGs
[2025-07-16T23:42:50.321+0000] {logging_mixin.py:188} INFO - [2025-07-16T23:42:50.320+0000] {dag.py:3823} INFO - Setting next_dagrun for tutorial_objectstorage to None, run_after=None
[2025-07-16T23:42:50.365+0000] {processor.py:183} INFO - Processing /home/airflow/.local/lib/python3.8/site-packages/airflow/example_dags/tutorial_objectstorage.py took 0.141 seconds
[2025-07-16T23:43:20.464+0000] {processor.py:161} INFO - Started process (PID=1257) to work on /home/airflow/.local/lib/python3.8/site-packages/airflow/example_dags/tutorial_objectstorage.py
[2025-07-16T23:43:20.465+0000] {processor.py:830} INFO - Processing file /home/airflow/.local/lib/python3.8/site-packages/airflow/example_dags/tutorial_objectstorage.py for tasks to queue
[2025-07-16T23:43:20.469+0000] {logging_mixin.py:188} INFO - [2025-07-16T23:43:20.468+0000] {dagbag.py:538} INFO - Filling up the DagBag from /home/airflow/.local/lib/python3.8/site-packages/airflow/example_dags/tutorial_objectstorage.py
[2025-07-16T23:43:20.481+0000] {processor.py:840} INFO - DAG(s) 'tutorial_objectstorage' retrieved from /home/airflow/.local/lib/python3.8/site-packages/airflow/example_dags/tutorial_objectstorage.py
[2025-07-16T23:43:20.522+0000] {logging_mixin.py:188} INFO - [2025-07-16T23:43:20.522+0000] {dag.py:3036} INFO - Sync 1 DAGs
[2025-07-16T23:43:20.550+0000] {logging_mixin.py:188} INFO - [2025-07-16T23:43:20.550+0000] {dag.py:3823} INFO - Setting next_dagrun for tutorial_objectstorage to None, run_after=None
[2025-07-16T23:43:20.597+0000] {processor.py:183} INFO - Processing /home/airflow/.local/lib/python3.8/site-packages/airflow/example_dags/tutorial_objectstorage.py took 0.139 seconds
[2025-07-16T23:43:51.470+0000] {processor.py:161} INFO - Started process (PID=1322) to work on /home/airflow/.local/lib/python3.8/site-packages/airflow/example_dags/tutorial_objectstorage.py
[2025-07-16T23:43:51.471+0000] {processor.py:830} INFO - Processing file /home/airflow/.local/lib/python3.8/site-packages/airflow/example_dags/tutorial_objectstorage.py for tasks to queue
[2025-07-16T23:43:51.474+0000] {logging_mixin.py:188} INFO - [2025-07-16T23:43:51.474+0000] {dagbag.py:538} INFO - Filling up the DagBag from /home/airflow/.local/lib/python3.8/site-packages/airflow/example_dags/tutorial_objectstorage.py
[2025-07-16T23:43:51.485+0000] {processor.py:840} INFO - DAG(s) 'tutorial_objectstorage' retrieved from /home/airflow/.local/lib/python3.8/site-packages/airflow/example_dags/tutorial_objectstorage.py
[2025-07-16T23:43:51.516+0000] {logging_mixin.py:188} INFO - [2025-07-16T23:43:51.516+0000] {dag.py:3036} INFO - Sync 1 DAGs
[2025-07-16T23:43:51.535+0000] {logging_mixin.py:188} INFO - [2025-07-16T23:43:51.535+0000] {dag.py:3823} INFO - Setting next_dagrun for tutorial_objectstorage to None, run_after=None
[2025-07-16T23:43:51.565+0000] {processor.py:183} INFO - Processing /home/airflow/.local/lib/python3.8/site-packages/airflow/example_dags/tutorial_objectstorage.py took 0.099 seconds
[2025-07-16T23:44:21.785+0000] {processor.py:161} INFO - Started process (PID=1383) to work on /home/airflow/.local/lib/python3.8/site-packages/airflow/example_dags/tutorial_objectstorage.py
[2025-07-16T23:44:21.787+0000] {processor.py:830} INFO - Processing file /home/airflow/.local/lib/python3.8/site-packages/airflow/example_dags/tutorial_objectstorage.py for tasks to queue
[2025-07-16T23:44:21.793+0000] {logging_mixin.py:188} INFO - [2025-07-16T23:44:21.792+0000] {dagbag.py:538} INFO - Filling up the DagBag from /home/airflow/.local/lib/python3.8/site-packages/airflow/example_dags/tutorial_objectstorage.py
[2025-07-16T23:44:21.806+0000] {processor.py:840} INFO - DAG(s) 'tutorial_objectstorage' retrieved from /home/airflow/.local/lib/python3.8/site-packages/airflow/example_dags/tutorial_objectstorage.py
[2025-07-16T23:44:21.845+0000] {logging_mixin.py:188} INFO - [2025-07-16T23:44:21.845+0000] {dag.py:3036} INFO - Sync 1 DAGs
[2025-07-16T23:44:21.869+0000] {logging_mixin.py:188} INFO - [2025-07-16T23:44:21.869+0000] {dag.py:3823} INFO - Setting next_dagrun for tutorial_objectstorage to None, run_after=None
[2025-07-16T23:44:21.914+0000] {processor.py:183} INFO - Processing /home/airflow/.local/lib/python3.8/site-packages/airflow/example_dags/tutorial_objectstorage.py took 0.134 seconds
[2025-07-16T23:44:52.345+0000] {processor.py:161} INFO - Started process (PID=1449) to work on /home/airflow/.local/lib/python3.8/site-packages/airflow/example_dags/tutorial_objectstorage.py
[2025-07-16T23:44:52.347+0000] {processor.py:830} INFO - Processing file /home/airflow/.local/lib/python3.8/site-packages/airflow/example_dags/tutorial_objectstorage.py for tasks to queue
[2025-07-16T23:44:52.351+0000] {logging_mixin.py:188} INFO - [2025-07-16T23:44:52.350+0000] {dagbag.py:538} INFO - Filling up the DagBag from /home/airflow/.local/lib/python3.8/site-packages/airflow/example_dags/tutorial_objectstorage.py
[2025-07-16T23:44:52.377+0000] {processor.py:840} INFO - DAG(s) 'tutorial_objectstorage' retrieved from /home/airflow/.local/lib/python3.8/site-packages/airflow/example_dags/tutorial_objectstorage.py
[2025-07-16T23:44:52.441+0000] {logging_mixin.py:188} INFO - [2025-07-16T23:44:52.440+0000] {dag.py:3036} INFO - Sync 1 DAGs
[2025-07-16T23:44:52.617+0000] {logging_mixin.py:188} INFO - [2025-07-16T23:44:52.617+0000] {dag.py:3823} INFO - Setting next_dagrun for tutorial_objectstorage to None, run_after=None
[2025-07-16T23:44:52.655+0000] {processor.py:183} INFO - Processing /home/airflow/.local/lib/python3.8/site-packages/airflow/example_dags/tutorial_objectstorage.py took 0.316 seconds
[2025-07-16T23:45:22.739+0000] {processor.py:161} INFO - Started process (PID=1515) to work on /home/airflow/.local/lib/python3.8/site-packages/airflow/example_dags/tutorial_objectstorage.py
[2025-07-16T23:45:22.740+0000] {processor.py:830} INFO - Processing file /home/airflow/.local/lib/python3.8/site-packages/airflow/example_dags/tutorial_objectstorage.py for tasks to queue
[2025-07-16T23:45:22.743+0000] {logging_mixin.py:188} INFO - [2025-07-16T23:45:22.743+0000] {dagbag.py:538} INFO - Filling up the DagBag from /home/airflow/.local/lib/python3.8/site-packages/airflow/example_dags/tutorial_objectstorage.py
[2025-07-16T23:45:22.756+0000] {processor.py:840} INFO - DAG(s) 'tutorial_objectstorage' retrieved from /home/airflow/.local/lib/python3.8/site-packages/airflow/example_dags/tutorial_objectstorage.py
[2025-07-16T23:45:22.800+0000] {logging_mixin.py:188} INFO - [2025-07-16T23:45:22.799+0000] {dag.py:3036} INFO - Sync 1 DAGs
[2025-07-16T23:45:22.827+0000] {logging_mixin.py:188} INFO - [2025-07-16T23:45:22.826+0000] {dag.py:3823} INFO - Setting next_dagrun for tutorial_objectstorage to None, run_after=None
[2025-07-16T23:45:22.868+0000] {processor.py:183} INFO - Processing /home/airflow/.local/lib/python3.8/site-packages/airflow/example_dags/tutorial_objectstorage.py took 0.135 seconds
[2025-07-16T23:45:53.294+0000] {processor.py:161} INFO - Started process (PID=1581) to work on /home/airflow/.local/lib/python3.8/site-packages/airflow/example_dags/tutorial_objectstorage.py
[2025-07-16T23:45:53.296+0000] {processor.py:830} INFO - Processing file /home/airflow/.local/lib/python3.8/site-packages/airflow/example_dags/tutorial_objectstorage.py for tasks to queue
[2025-07-16T23:45:53.301+0000] {logging_mixin.py:188} INFO - [2025-07-16T23:45:53.301+0000] {dagbag.py:538} INFO - Filling up the DagBag from /home/airflow/.local/lib/python3.8/site-packages/airflow/example_dags/tutorial_objectstorage.py
[2025-07-16T23:45:53.315+0000] {processor.py:840} INFO - DAG(s) 'tutorial_objectstorage' retrieved from /home/airflow/.local/lib/python3.8/site-packages/airflow/example_dags/tutorial_objectstorage.py
[2025-07-16T23:45:53.352+0000] {logging_mixin.py:188} INFO - [2025-07-16T23:45:53.351+0000] {dag.py:3036} INFO - Sync 1 DAGs
[2025-07-16T23:45:53.375+0000] {logging_mixin.py:188} INFO - [2025-07-16T23:45:53.375+0000] {dag.py:3823} INFO - Setting next_dagrun for tutorial_objectstorage to None, run_after=None
[2025-07-16T23:45:53.410+0000] {processor.py:183} INFO - Processing /home/airflow/.local/lib/python3.8/site-packages/airflow/example_dags/tutorial_objectstorage.py took 0.123 seconds
[2025-07-16T23:46:23.653+0000] {processor.py:161} INFO - Started process (PID=1647) to work on /home/airflow/.local/lib/python3.8/site-packages/airflow/example_dags/tutorial_objectstorage.py
[2025-07-16T23:46:23.657+0000] {processor.py:830} INFO - Processing file /home/airflow/.local/lib/python3.8/site-packages/airflow/example_dags/tutorial_objectstorage.py for tasks to queue
[2025-07-16T23:46:23.661+0000] {logging_mixin.py:188} INFO - [2025-07-16T23:46:23.660+0000] {dagbag.py:538} INFO - Filling up the DagBag from /home/airflow/.local/lib/python3.8/site-packages/airflow/example_dags/tutorial_objectstorage.py
[2025-07-16T23:46:23.679+0000] {processor.py:840} INFO - DAG(s) 'tutorial_objectstorage' retrieved from /home/airflow/.local/lib/python3.8/site-packages/airflow/example_dags/tutorial_objectstorage.py
[2025-07-16T23:46:23.721+0000] {logging_mixin.py:188} INFO - [2025-07-16T23:46:23.721+0000] {dag.py:3036} INFO - Sync 1 DAGs
[2025-07-16T23:46:23.743+0000] {logging_mixin.py:188} INFO - [2025-07-16T23:46:23.742+0000] {dag.py:3823} INFO - Setting next_dagrun for tutorial_objectstorage to None, run_after=None
[2025-07-16T23:46:23.793+0000] {processor.py:183} INFO - Processing /home/airflow/.local/lib/python3.8/site-packages/airflow/example_dags/tutorial_objectstorage.py took 0.145 seconds
[2025-07-16T23:46:54.006+0000] {processor.py:161} INFO - Started process (PID=1713) to work on /home/airflow/.local/lib/python3.8/site-packages/airflow/example_dags/tutorial_objectstorage.py
[2025-07-16T23:46:54.007+0000] {processor.py:830} INFO - Processing file /home/airflow/.local/lib/python3.8/site-packages/airflow/example_dags/tutorial_objectstorage.py for tasks to queue
[2025-07-16T23:46:54.011+0000] {logging_mixin.py:188} INFO - [2025-07-16T23:46:54.010+0000] {dagbag.py:538} INFO - Filling up the DagBag from /home/airflow/.local/lib/python3.8/site-packages/airflow/example_dags/tutorial_objectstorage.py
[2025-07-16T23:46:54.024+0000] {processor.py:840} INFO - DAG(s) 'tutorial_objectstorage' retrieved from /home/airflow/.local/lib/python3.8/site-packages/airflow/example_dags/tutorial_objectstorage.py
[2025-07-16T23:46:54.065+0000] {logging_mixin.py:188} INFO - [2025-07-16T23:46:54.064+0000] {dag.py:3036} INFO - Sync 1 DAGs
[2025-07-16T23:46:54.093+0000] {logging_mixin.py:188} INFO - [2025-07-16T23:46:54.093+0000] {dag.py:3823} INFO - Setting next_dagrun for tutorial_objectstorage to None, run_after=None
[2025-07-16T23:46:54.134+0000] {processor.py:183} INFO - Processing /home/airflow/.local/lib/python3.8/site-packages/airflow/example_dags/tutorial_objectstorage.py took 0.134 seconds
[2025-07-16T23:47:24.260+0000] {processor.py:161} INFO - Started process (PID=1779) to work on /home/airflow/.local/lib/python3.8/site-packages/airflow/example_dags/tutorial_objectstorage.py
[2025-07-16T23:47:24.261+0000] {processor.py:830} INFO - Processing file /home/airflow/.local/lib/python3.8/site-packages/airflow/example_dags/tutorial_objectstorage.py for tasks to queue
[2025-07-16T23:47:24.265+0000] {logging_mixin.py:188} INFO - [2025-07-16T23:47:24.264+0000] {dagbag.py:538} INFO - Filling up the DagBag from /home/airflow/.local/lib/python3.8/site-packages/airflow/example_dags/tutorial_objectstorage.py
[2025-07-16T23:47:24.278+0000] {processor.py:840} INFO - DAG(s) 'tutorial_objectstorage' retrieved from /home/airflow/.local/lib/python3.8/site-packages/airflow/example_dags/tutorial_objectstorage.py
[2025-07-16T23:47:24.320+0000] {logging_mixin.py:188} INFO - [2025-07-16T23:47:24.320+0000] {dag.py:3036} INFO - Sync 1 DAGs
[2025-07-16T23:47:24.349+0000] {logging_mixin.py:188} INFO - [2025-07-16T23:47:24.349+0000] {dag.py:3823} INFO - Setting next_dagrun for tutorial_objectstorage to None, run_after=None
[2025-07-16T23:47:24.387+0000] {processor.py:183} INFO - Processing /home/airflow/.local/lib/python3.8/site-packages/airflow/example_dags/tutorial_objectstorage.py took 0.133 seconds
[2025-07-16T23:47:54.604+0000] {processor.py:161} INFO - Started process (PID=1840) to work on /home/airflow/.local/lib/python3.8/site-packages/airflow/example_dags/tutorial_objectstorage.py
[2025-07-16T23:47:54.606+0000] {processor.py:830} INFO - Processing file /home/airflow/.local/lib/python3.8/site-packages/airflow/example_dags/tutorial_objectstorage.py for tasks to queue
[2025-07-16T23:47:54.609+0000] {logging_mixin.py:188} INFO - [2025-07-16T23:47:54.608+0000] {dagbag.py:538} INFO - Filling up the DagBag from /home/airflow/.local/lib/python3.8/site-packages/airflow/example_dags/tutorial_objectstorage.py
[2025-07-16T23:47:54.621+0000] {processor.py:840} INFO - DAG(s) 'tutorial_objectstorage' retrieved from /home/airflow/.local/lib/python3.8/site-packages/airflow/example_dags/tutorial_objectstorage.py
[2025-07-16T23:47:54.657+0000] {logging_mixin.py:188} INFO - [2025-07-16T23:47:54.656+0000] {dag.py:3036} INFO - Sync 1 DAGs
[2025-07-16T23:47:54.680+0000] {logging_mixin.py:188} INFO - [2025-07-16T23:47:54.679+0000] {dag.py:3823} INFO - Setting next_dagrun for tutorial_objectstorage to None, run_after=None
[2025-07-16T23:47:54.721+0000] {processor.py:183} INFO - Processing /home/airflow/.local/lib/python3.8/site-packages/airflow/example_dags/tutorial_objectstorage.py took 0.123 seconds
[2025-07-16T23:48:24.842+0000] {processor.py:161} INFO - Started process (PID=1903) to work on /home/airflow/.local/lib/python3.8/site-packages/airflow/example_dags/tutorial_objectstorage.py
[2025-07-16T23:48:24.843+0000] {processor.py:830} INFO - Processing file /home/airflow/.local/lib/python3.8/site-packages/airflow/example_dags/tutorial_objectstorage.py for tasks to queue
[2025-07-16T23:48:24.846+0000] {logging_mixin.py:188} INFO - [2025-07-16T23:48:24.845+0000] {dagbag.py:538} INFO - Filling up the DagBag from /home/airflow/.local/lib/python3.8/site-packages/airflow/example_dags/tutorial_objectstorage.py
[2025-07-16T23:48:24.855+0000] {processor.py:840} INFO - DAG(s) 'tutorial_objectstorage' retrieved from /home/airflow/.local/lib/python3.8/site-packages/airflow/example_dags/tutorial_objectstorage.py
[2025-07-16T23:48:24.881+0000] {logging_mixin.py:188} INFO - [2025-07-16T23:48:24.880+0000] {dag.py:3036} INFO - Sync 1 DAGs
[2025-07-16T23:48:24.897+0000] {logging_mixin.py:188} INFO - [2025-07-16T23:48:24.897+0000] {dag.py:3823} INFO - Setting next_dagrun for tutorial_objectstorage to None, run_after=None
[2025-07-16T23:48:24.923+0000] {processor.py:183} INFO - Processing /home/airflow/.local/lib/python3.8/site-packages/airflow/example_dags/tutorial_objectstorage.py took 0.086 seconds
[2025-07-16T23:48:55.603+0000] {processor.py:161} INFO - Started process (PID=1967) to work on /home/airflow/.local/lib/python3.8/site-packages/airflow/example_dags/tutorial_objectstorage.py
[2025-07-16T23:48:55.605+0000] {processor.py:830} INFO - Processing file /home/airflow/.local/lib/python3.8/site-packages/airflow/example_dags/tutorial_objectstorage.py for tasks to queue
[2025-07-16T23:48:55.608+0000] {logging_mixin.py:188} INFO - [2025-07-16T23:48:55.607+0000] {dagbag.py:538} INFO - Filling up the DagBag from /home/airflow/.local/lib/python3.8/site-packages/airflow/example_dags/tutorial_objectstorage.py
[2025-07-16T23:48:55.622+0000] {processor.py:840} INFO - DAG(s) 'tutorial_objectstorage' retrieved from /home/airflow/.local/lib/python3.8/site-packages/airflow/example_dags/tutorial_objectstorage.py
[2025-07-16T23:48:55.671+0000] {logging_mixin.py:188} INFO - [2025-07-16T23:48:55.671+0000] {dag.py:3036} INFO - Sync 1 DAGs
[2025-07-16T23:48:55.707+0000] {logging_mixin.py:188} INFO - [2025-07-16T23:48:55.707+0000] {dag.py:3823} INFO - Setting next_dagrun for tutorial_objectstorage to None, run_after=None
[2025-07-16T23:48:55.761+0000] {processor.py:183} INFO - Processing /home/airflow/.local/lib/python3.8/site-packages/airflow/example_dags/tutorial_objectstorage.py took 0.164 seconds
[2025-07-16T23:49:25.876+0000] {processor.py:161} INFO - Started process (PID=2034) to work on /home/airflow/.local/lib/python3.8/site-packages/airflow/example_dags/tutorial_objectstorage.py
[2025-07-16T23:49:25.878+0000] {processor.py:830} INFO - Processing file /home/airflow/.local/lib/python3.8/site-packages/airflow/example_dags/tutorial_objectstorage.py for tasks to queue
[2025-07-16T23:49:25.880+0000] {logging_mixin.py:188} INFO - [2025-07-16T23:49:25.880+0000] {dagbag.py:538} INFO - Filling up the DagBag from /home/airflow/.local/lib/python3.8/site-packages/airflow/example_dags/tutorial_objectstorage.py
[2025-07-16T23:49:25.894+0000] {processor.py:840} INFO - DAG(s) 'tutorial_objectstorage' retrieved from /home/airflow/.local/lib/python3.8/site-packages/airflow/example_dags/tutorial_objectstorage.py
[2025-07-16T23:49:25.931+0000] {logging_mixin.py:188} INFO - [2025-07-16T23:49:25.930+0000] {dag.py:3036} INFO - Sync 1 DAGs
[2025-07-16T23:49:25.956+0000] {logging_mixin.py:188} INFO - [2025-07-16T23:49:25.955+0000] {dag.py:3823} INFO - Setting next_dagrun for tutorial_objectstorage to None, run_after=None
[2025-07-16T23:49:25.991+0000] {processor.py:183} INFO - Processing /home/airflow/.local/lib/python3.8/site-packages/airflow/example_dags/tutorial_objectstorage.py took 0.121 seconds
[2025-07-16T23:49:56.280+0000] {processor.py:161} INFO - Started process (PID=2099) to work on /home/airflow/.local/lib/python3.8/site-packages/airflow/example_dags/tutorial_objectstorage.py
[2025-07-16T23:49:56.282+0000] {processor.py:830} INFO - Processing file /home/airflow/.local/lib/python3.8/site-packages/airflow/example_dags/tutorial_objectstorage.py for tasks to queue
[2025-07-16T23:49:56.289+0000] {logging_mixin.py:188} INFO - [2025-07-16T23:49:56.288+0000] {dagbag.py:538} INFO - Filling up the DagBag from /home/airflow/.local/lib/python3.8/site-packages/airflow/example_dags/tutorial_objectstorage.py
[2025-07-16T23:49:56.315+0000] {processor.py:840} INFO - DAG(s) 'tutorial_objectstorage' retrieved from /home/airflow/.local/lib/python3.8/site-packages/airflow/example_dags/tutorial_objectstorage.py
[2025-07-16T23:49:56.424+0000] {logging_mixin.py:188} INFO - [2025-07-16T23:49:56.424+0000] {dag.py:3036} INFO - Sync 1 DAGs
[2025-07-16T23:49:56.453+0000] {logging_mixin.py:188} INFO - [2025-07-16T23:49:56.453+0000] {dag.py:3823} INFO - Setting next_dagrun for tutorial_objectstorage to None, run_after=None
[2025-07-16T23:49:56.492+0000] {processor.py:183} INFO - Processing /home/airflow/.local/lib/python3.8/site-packages/airflow/example_dags/tutorial_objectstorage.py took 0.219 seconds
[2025-07-16T23:50:26.861+0000] {processor.py:161} INFO - Started process (PID=2164) to work on /home/airflow/.local/lib/python3.8/site-packages/airflow/example_dags/tutorial_objectstorage.py
[2025-07-16T23:50:26.862+0000] {processor.py:830} INFO - Processing file /home/airflow/.local/lib/python3.8/site-packages/airflow/example_dags/tutorial_objectstorage.py for tasks to queue
[2025-07-16T23:50:26.865+0000] {logging_mixin.py:188} INFO - [2025-07-16T23:50:26.865+0000] {dagbag.py:538} INFO - Filling up the DagBag from /home/airflow/.local/lib/python3.8/site-packages/airflow/example_dags/tutorial_objectstorage.py
[2025-07-16T23:50:26.875+0000] {processor.py:840} INFO - DAG(s) 'tutorial_objectstorage' retrieved from /home/airflow/.local/lib/python3.8/site-packages/airflow/example_dags/tutorial_objectstorage.py
[2025-07-16T23:50:26.924+0000] {logging_mixin.py:188} INFO - [2025-07-16T23:50:26.924+0000] {dag.py:3036} INFO - Sync 1 DAGs
[2025-07-16T23:50:26.952+0000] {logging_mixin.py:188} INFO - [2025-07-16T23:50:26.952+0000] {dag.py:3823} INFO - Setting next_dagrun for tutorial_objectstorage to None, run_after=None
[2025-07-16T23:50:27.190+0000] {processor.py:183} INFO - Processing /home/airflow/.local/lib/python3.8/site-packages/airflow/example_dags/tutorial_objectstorage.py took 0.335 seconds
[2025-07-16T23:50:57.515+0000] {processor.py:161} INFO - Started process (PID=2230) to work on /home/airflow/.local/lib/python3.8/site-packages/airflow/example_dags/tutorial_objectstorage.py
[2025-07-16T23:50:57.517+0000] {processor.py:830} INFO - Processing file /home/airflow/.local/lib/python3.8/site-packages/airflow/example_dags/tutorial_objectstorage.py for tasks to queue
[2025-07-16T23:50:57.521+0000] {logging_mixin.py:188} INFO - [2025-07-16T23:50:57.520+0000] {dagbag.py:538} INFO - Filling up the DagBag from /home/airflow/.local/lib/python3.8/site-packages/airflow/example_dags/tutorial_objectstorage.py
[2025-07-16T23:50:57.532+0000] {processor.py:840} INFO - DAG(s) 'tutorial_objectstorage' retrieved from /home/airflow/.local/lib/python3.8/site-packages/airflow/example_dags/tutorial_objectstorage.py
[2025-07-16T23:50:57.579+0000] {logging_mixin.py:188} INFO - [2025-07-16T23:50:57.579+0000] {dag.py:3036} INFO - Sync 1 DAGs
[2025-07-16T23:50:57.608+0000] {logging_mixin.py:188} INFO - [2025-07-16T23:50:57.607+0000] {dag.py:3823} INFO - Setting next_dagrun for tutorial_objectstorage to None, run_after=None
[2025-07-16T23:50:57.651+0000] {processor.py:183} INFO - Processing /home/airflow/.local/lib/python3.8/site-packages/airflow/example_dags/tutorial_objectstorage.py took 0.142 seconds
[2025-07-16T23:51:27.995+0000] {processor.py:161} INFO - Started process (PID=2292) to work on /home/airflow/.local/lib/python3.8/site-packages/airflow/example_dags/tutorial_objectstorage.py
[2025-07-16T23:51:27.997+0000] {processor.py:830} INFO - Processing file /home/airflow/.local/lib/python3.8/site-packages/airflow/example_dags/tutorial_objectstorage.py for tasks to queue
[2025-07-16T23:51:27.999+0000] {logging_mixin.py:188} INFO - [2025-07-16T23:51:27.999+0000] {dagbag.py:538} INFO - Filling up the DagBag from /home/airflow/.local/lib/python3.8/site-packages/airflow/example_dags/tutorial_objectstorage.py
[2025-07-16T23:51:28.010+0000] {processor.py:840} INFO - DAG(s) 'tutorial_objectstorage' retrieved from /home/airflow/.local/lib/python3.8/site-packages/airflow/example_dags/tutorial_objectstorage.py
[2025-07-16T23:51:28.044+0000] {logging_mixin.py:188} INFO - [2025-07-16T23:51:28.043+0000] {dag.py:3036} INFO - Sync 1 DAGs
[2025-07-16T23:51:28.062+0000] {logging_mixin.py:188} INFO - [2025-07-16T23:51:28.062+0000] {dag.py:3823} INFO - Setting next_dagrun for tutorial_objectstorage to None, run_after=None
[2025-07-16T23:51:28.095+0000] {processor.py:183} INFO - Processing /home/airflow/.local/lib/python3.8/site-packages/airflow/example_dags/tutorial_objectstorage.py took 0.104 seconds
[2025-07-16T23:51:58.737+0000] {processor.py:161} INFO - Started process (PID=2356) to work on /home/airflow/.local/lib/python3.8/site-packages/airflow/example_dags/tutorial_objectstorage.py
[2025-07-16T23:51:58.738+0000] {processor.py:830} INFO - Processing file /home/airflow/.local/lib/python3.8/site-packages/airflow/example_dags/tutorial_objectstorage.py for tasks to queue
[2025-07-16T23:51:58.741+0000] {logging_mixin.py:188} INFO - [2025-07-16T23:51:58.741+0000] {dagbag.py:538} INFO - Filling up the DagBag from /home/airflow/.local/lib/python3.8/site-packages/airflow/example_dags/tutorial_objectstorage.py
[2025-07-16T23:51:58.754+0000] {processor.py:840} INFO - DAG(s) 'tutorial_objectstorage' retrieved from /home/airflow/.local/lib/python3.8/site-packages/airflow/example_dags/tutorial_objectstorage.py
[2025-07-16T23:51:58.800+0000] {logging_mixin.py:188} INFO - [2025-07-16T23:51:58.800+0000] {dag.py:3036} INFO - Sync 1 DAGs
[2025-07-16T23:51:58.831+0000] {logging_mixin.py:188} INFO - [2025-07-16T23:51:58.831+0000] {dag.py:3823} INFO - Setting next_dagrun for tutorial_objectstorage to None, run_after=None
[2025-07-16T23:51:58.875+0000] {processor.py:183} INFO - Processing /home/airflow/.local/lib/python3.8/site-packages/airflow/example_dags/tutorial_objectstorage.py took 0.145 seconds
[2025-07-16T23:52:29.792+0000] {processor.py:161} INFO - Started process (PID=2422) to work on /home/airflow/.local/lib/python3.8/site-packages/airflow/example_dags/tutorial_objectstorage.py
[2025-07-16T23:52:29.794+0000] {processor.py:830} INFO - Processing file /home/airflow/.local/lib/python3.8/site-packages/airflow/example_dags/tutorial_objectstorage.py for tasks to queue
[2025-07-16T23:52:29.798+0000] {logging_mixin.py:188} INFO - [2025-07-16T23:52:29.797+0000] {dagbag.py:538} INFO - Filling up the DagBag from /home/airflow/.local/lib/python3.8/site-packages/airflow/example_dags/tutorial_objectstorage.py
[2025-07-16T23:52:29.811+0000] {processor.py:840} INFO - DAG(s) 'tutorial_objectstorage' retrieved from /home/airflow/.local/lib/python3.8/site-packages/airflow/example_dags/tutorial_objectstorage.py
[2025-07-16T23:52:29.852+0000] {logging_mixin.py:188} INFO - [2025-07-16T23:52:29.852+0000] {dag.py:3036} INFO - Sync 1 DAGs
[2025-07-16T23:52:29.880+0000] {logging_mixin.py:188} INFO - [2025-07-16T23:52:29.879+0000] {dag.py:3823} INFO - Setting next_dagrun for tutorial_objectstorage to None, run_after=None
[2025-07-16T23:52:29.930+0000] {processor.py:183} INFO - Processing /home/airflow/.local/lib/python3.8/site-packages/airflow/example_dags/tutorial_objectstorage.py took 0.144 seconds
[2025-07-16T23:53:00.165+0000] {processor.py:161} INFO - Started process (PID=2488) to work on /home/airflow/.local/lib/python3.8/site-packages/airflow/example_dags/tutorial_objectstorage.py
[2025-07-16T23:53:00.166+0000] {processor.py:830} INFO - Processing file /home/airflow/.local/lib/python3.8/site-packages/airflow/example_dags/tutorial_objectstorage.py for tasks to queue
[2025-07-16T23:53:00.169+0000] {logging_mixin.py:188} INFO - [2025-07-16T23:53:00.169+0000] {dagbag.py:538} INFO - Filling up the DagBag from /home/airflow/.local/lib/python3.8/site-packages/airflow/example_dags/tutorial_objectstorage.py
[2025-07-16T23:53:00.186+0000] {processor.py:840} INFO - DAG(s) 'tutorial_objectstorage' retrieved from /home/airflow/.local/lib/python3.8/site-packages/airflow/example_dags/tutorial_objectstorage.py
[2025-07-16T23:53:00.401+0000] {logging_mixin.py:188} INFO - [2025-07-16T23:53:00.400+0000] {dag.py:3036} INFO - Sync 1 DAGs
[2025-07-16T23:53:00.422+0000] {logging_mixin.py:188} INFO - [2025-07-16T23:53:00.421+0000] {dag.py:3823} INFO - Setting next_dagrun for tutorial_objectstorage to None, run_after=None
[2025-07-16T23:53:00.461+0000] {processor.py:183} INFO - Processing /home/airflow/.local/lib/python3.8/site-packages/airflow/example_dags/tutorial_objectstorage.py took 0.301 seconds
[2025-07-16T23:53:31.053+0000] {processor.py:161} INFO - Started process (PID=2554) to work on /home/airflow/.local/lib/python3.8/site-packages/airflow/example_dags/tutorial_objectstorage.py
[2025-07-16T23:53:31.055+0000] {processor.py:830} INFO - Processing file /home/airflow/.local/lib/python3.8/site-packages/airflow/example_dags/tutorial_objectstorage.py for tasks to queue
[2025-07-16T23:53:31.058+0000] {logging_mixin.py:188} INFO - [2025-07-16T23:53:31.057+0000] {dagbag.py:538} INFO - Filling up the DagBag from /home/airflow/.local/lib/python3.8/site-packages/airflow/example_dags/tutorial_objectstorage.py
[2025-07-16T23:53:31.066+0000] {processor.py:840} INFO - DAG(s) 'tutorial_objectstorage' retrieved from /home/airflow/.local/lib/python3.8/site-packages/airflow/example_dags/tutorial_objectstorage.py
[2025-07-16T23:53:31.094+0000] {logging_mixin.py:188} INFO - [2025-07-16T23:53:31.093+0000] {dag.py:3036} INFO - Sync 1 DAGs
[2025-07-16T23:53:31.117+0000] {logging_mixin.py:188} INFO - [2025-07-16T23:53:31.116+0000] {dag.py:3823} INFO - Setting next_dagrun for tutorial_objectstorage to None, run_after=None
[2025-07-16T23:53:31.149+0000] {processor.py:183} INFO - Processing /home/airflow/.local/lib/python3.8/site-packages/airflow/example_dags/tutorial_objectstorage.py took 0.100 seconds
[2025-07-16T23:54:01.384+0000] {processor.py:161} INFO - Started process (PID=2618) to work on /home/airflow/.local/lib/python3.8/site-packages/airflow/example_dags/tutorial_objectstorage.py
[2025-07-16T23:54:01.386+0000] {processor.py:830} INFO - Processing file /home/airflow/.local/lib/python3.8/site-packages/airflow/example_dags/tutorial_objectstorage.py for tasks to queue
[2025-07-16T23:54:01.389+0000] {logging_mixin.py:188} INFO - [2025-07-16T23:54:01.389+0000] {dagbag.py:538} INFO - Filling up the DagBag from /home/airflow/.local/lib/python3.8/site-packages/airflow/example_dags/tutorial_objectstorage.py
[2025-07-16T23:54:01.403+0000] {processor.py:840} INFO - DAG(s) 'tutorial_objectstorage' retrieved from /home/airflow/.local/lib/python3.8/site-packages/airflow/example_dags/tutorial_objectstorage.py
[2025-07-16T23:54:01.447+0000] {logging_mixin.py:188} INFO - [2025-07-16T23:54:01.447+0000] {dag.py:3036} INFO - Sync 1 DAGs
[2025-07-16T23:54:01.476+0000] {logging_mixin.py:188} INFO - [2025-07-16T23:54:01.475+0000] {dag.py:3823} INFO - Setting next_dagrun for tutorial_objectstorage to None, run_after=None
[2025-07-16T23:54:01.518+0000] {processor.py:183} INFO - Processing /home/airflow/.local/lib/python3.8/site-packages/airflow/example_dags/tutorial_objectstorage.py took 0.140 seconds
[2025-07-16T23:54:31.644+0000] {processor.py:161} INFO - Started process (PID=2684) to work on /home/airflow/.local/lib/python3.8/site-packages/airflow/example_dags/tutorial_objectstorage.py
[2025-07-16T23:54:31.646+0000] {processor.py:830} INFO - Processing file /home/airflow/.local/lib/python3.8/site-packages/airflow/example_dags/tutorial_objectstorage.py for tasks to queue
[2025-07-16T23:54:31.649+0000] {logging_mixin.py:188} INFO - [2025-07-16T23:54:31.648+0000] {dagbag.py:538} INFO - Filling up the DagBag from /home/airflow/.local/lib/python3.8/site-packages/airflow/example_dags/tutorial_objectstorage.py
[2025-07-16T23:54:31.662+0000] {processor.py:840} INFO - DAG(s) 'tutorial_objectstorage' retrieved from /home/airflow/.local/lib/python3.8/site-packages/airflow/example_dags/tutorial_objectstorage.py
[2025-07-16T23:54:31.701+0000] {logging_mixin.py:188} INFO - [2025-07-16T23:54:31.700+0000] {dag.py:3036} INFO - Sync 1 DAGs
[2025-07-16T23:54:31.724+0000] {logging_mixin.py:188} INFO - [2025-07-16T23:54:31.724+0000] {dag.py:3823} INFO - Setting next_dagrun for tutorial_objectstorage to None, run_after=None
[2025-07-16T23:54:31.771+0000] {processor.py:183} INFO - Processing /home/airflow/.local/lib/python3.8/site-packages/airflow/example_dags/tutorial_objectstorage.py took 0.133 seconds
[2025-07-16T23:55:02.278+0000] {processor.py:161} INFO - Started process (PID=2749) to work on /home/airflow/.local/lib/python3.8/site-packages/airflow/example_dags/tutorial_objectstorage.py
[2025-07-16T23:55:02.280+0000] {processor.py:830} INFO - Processing file /home/airflow/.local/lib/python3.8/site-packages/airflow/example_dags/tutorial_objectstorage.py for tasks to queue
[2025-07-16T23:55:02.283+0000] {logging_mixin.py:188} INFO - [2025-07-16T23:55:02.282+0000] {dagbag.py:538} INFO - Filling up the DagBag from /home/airflow/.local/lib/python3.8/site-packages/airflow/example_dags/tutorial_objectstorage.py
[2025-07-16T23:55:02.294+0000] {processor.py:840} INFO - DAG(s) 'tutorial_objectstorage' retrieved from /home/airflow/.local/lib/python3.8/site-packages/airflow/example_dags/tutorial_objectstorage.py
[2025-07-16T23:55:02.330+0000] {logging_mixin.py:188} INFO - [2025-07-16T23:55:02.329+0000] {dag.py:3036} INFO - Sync 1 DAGs
[2025-07-16T23:55:02.353+0000] {logging_mixin.py:188} INFO - [2025-07-16T23:55:02.352+0000] {dag.py:3823} INFO - Setting next_dagrun for tutorial_objectstorage to None, run_after=None
[2025-07-16T23:55:02.390+0000] {processor.py:183} INFO - Processing /home/airflow/.local/lib/python3.8/site-packages/airflow/example_dags/tutorial_objectstorage.py took 0.118 seconds
[2025-07-16T23:55:33.020+0000] {processor.py:161} INFO - Started process (PID=2810) to work on /home/airflow/.local/lib/python3.8/site-packages/airflow/example_dags/tutorial_objectstorage.py
[2025-07-16T23:55:33.021+0000] {processor.py:830} INFO - Processing file /home/airflow/.local/lib/python3.8/site-packages/airflow/example_dags/tutorial_objectstorage.py for tasks to queue
[2025-07-16T23:55:33.024+0000] {logging_mixin.py:188} INFO - [2025-07-16T23:55:33.024+0000] {dagbag.py:538} INFO - Filling up the DagBag from /home/airflow/.local/lib/python3.8/site-packages/airflow/example_dags/tutorial_objectstorage.py
[2025-07-16T23:55:33.036+0000] {processor.py:840} INFO - DAG(s) 'tutorial_objectstorage' retrieved from /home/airflow/.local/lib/python3.8/site-packages/airflow/example_dags/tutorial_objectstorage.py
[2025-07-16T23:55:33.085+0000] {logging_mixin.py:188} INFO - [2025-07-16T23:55:33.084+0000] {dag.py:3036} INFO - Sync 1 DAGs
[2025-07-16T23:55:33.109+0000] {logging_mixin.py:188} INFO - [2025-07-16T23:55:33.108+0000] {dag.py:3823} INFO - Setting next_dagrun for tutorial_objectstorage to None, run_after=None
[2025-07-16T23:55:33.148+0000] {processor.py:183} INFO - Processing /home/airflow/.local/lib/python3.8/site-packages/airflow/example_dags/tutorial_objectstorage.py took 0.133 seconds
[2025-07-16T23:56:03.253+0000] {processor.py:161} INFO - Started process (PID=2875) to work on /home/airflow/.local/lib/python3.8/site-packages/airflow/example_dags/tutorial_objectstorage.py
[2025-07-16T23:56:03.256+0000] {processor.py:830} INFO - Processing file /home/airflow/.local/lib/python3.8/site-packages/airflow/example_dags/tutorial_objectstorage.py for tasks to queue
[2025-07-16T23:56:03.260+0000] {logging_mixin.py:188} INFO - [2025-07-16T23:56:03.260+0000] {dagbag.py:538} INFO - Filling up the DagBag from /home/airflow/.local/lib/python3.8/site-packages/airflow/example_dags/tutorial_objectstorage.py
[2025-07-16T23:56:03.273+0000] {processor.py:840} INFO - DAG(s) 'tutorial_objectstorage' retrieved from /home/airflow/.local/lib/python3.8/site-packages/airflow/example_dags/tutorial_objectstorage.py
[2025-07-16T23:56:03.308+0000] {logging_mixin.py:188} INFO - [2025-07-16T23:56:03.308+0000] {dag.py:3036} INFO - Sync 1 DAGs
[2025-07-16T23:56:03.326+0000] {logging_mixin.py:188} INFO - [2025-07-16T23:56:03.326+0000] {dag.py:3823} INFO - Setting next_dagrun for tutorial_objectstorage to None, run_after=None
[2025-07-16T23:56:03.361+0000] {processor.py:183} INFO - Processing /home/airflow/.local/lib/python3.8/site-packages/airflow/example_dags/tutorial_objectstorage.py took 0.114 seconds
[2025-07-16T23:56:33.519+0000] {processor.py:161} INFO - Started process (PID=2940) to work on /home/airflow/.local/lib/python3.8/site-packages/airflow/example_dags/tutorial_objectstorage.py
[2025-07-16T23:56:33.520+0000] {processor.py:830} INFO - Processing file /home/airflow/.local/lib/python3.8/site-packages/airflow/example_dags/tutorial_objectstorage.py for tasks to queue
[2025-07-16T23:56:33.523+0000] {logging_mixin.py:188} INFO - [2025-07-16T23:56:33.522+0000] {dagbag.py:538} INFO - Filling up the DagBag from /home/airflow/.local/lib/python3.8/site-packages/airflow/example_dags/tutorial_objectstorage.py
[2025-07-16T23:56:33.531+0000] {processor.py:840} INFO - DAG(s) 'tutorial_objectstorage' retrieved from /home/airflow/.local/lib/python3.8/site-packages/airflow/example_dags/tutorial_objectstorage.py
[2025-07-16T23:56:33.557+0000] {logging_mixin.py:188} INFO - [2025-07-16T23:56:33.557+0000] {dag.py:3036} INFO - Sync 1 DAGs
[2025-07-16T23:56:33.576+0000] {logging_mixin.py:188} INFO - [2025-07-16T23:56:33.576+0000] {dag.py:3823} INFO - Setting next_dagrun for tutorial_objectstorage to None, run_after=None
[2025-07-16T23:56:33.607+0000] {processor.py:183} INFO - Processing /home/airflow/.local/lib/python3.8/site-packages/airflow/example_dags/tutorial_objectstorage.py took 0.092 seconds
[2025-07-16T23:57:04.330+0000] {processor.py:161} INFO - Started process (PID=3007) to work on /home/airflow/.local/lib/python3.8/site-packages/airflow/example_dags/tutorial_objectstorage.py
[2025-07-16T23:57:04.331+0000] {processor.py:830} INFO - Processing file /home/airflow/.local/lib/python3.8/site-packages/airflow/example_dags/tutorial_objectstorage.py for tasks to queue
[2025-07-16T23:57:04.335+0000] {logging_mixin.py:188} INFO - [2025-07-16T23:57:04.334+0000] {dagbag.py:538} INFO - Filling up the DagBag from /home/airflow/.local/lib/python3.8/site-packages/airflow/example_dags/tutorial_objectstorage.py
[2025-07-16T23:57:04.345+0000] {processor.py:840} INFO - DAG(s) 'tutorial_objectstorage' retrieved from /home/airflow/.local/lib/python3.8/site-packages/airflow/example_dags/tutorial_objectstorage.py
[2025-07-16T23:57:04.376+0000] {logging_mixin.py:188} INFO - [2025-07-16T23:57:04.375+0000] {dag.py:3036} INFO - Sync 1 DAGs
[2025-07-16T23:57:04.397+0000] {logging_mixin.py:188} INFO - [2025-07-16T23:57:04.397+0000] {dag.py:3823} INFO - Setting next_dagrun for tutorial_objectstorage to None, run_after=None
[2025-07-16T23:57:04.426+0000] {processor.py:183} INFO - Processing /home/airflow/.local/lib/python3.8/site-packages/airflow/example_dags/tutorial_objectstorage.py took 0.102 seconds
[2025-07-16T23:57:34.548+0000] {processor.py:161} INFO - Started process (PID=3070) to work on /home/airflow/.local/lib/python3.8/site-packages/airflow/example_dags/tutorial_objectstorage.py
[2025-07-16T23:57:34.550+0000] {processor.py:830} INFO - Processing file /home/airflow/.local/lib/python3.8/site-packages/airflow/example_dags/tutorial_objectstorage.py for tasks to queue
[2025-07-16T23:57:34.553+0000] {logging_mixin.py:188} INFO - [2025-07-16T23:57:34.552+0000] {dagbag.py:538} INFO - Filling up the DagBag from /home/airflow/.local/lib/python3.8/site-packages/airflow/example_dags/tutorial_objectstorage.py
[2025-07-16T23:57:34.562+0000] {processor.py:840} INFO - DAG(s) 'tutorial_objectstorage' retrieved from /home/airflow/.local/lib/python3.8/site-packages/airflow/example_dags/tutorial_objectstorage.py
[2025-07-16T23:57:34.587+0000] {logging_mixin.py:188} INFO - [2025-07-16T23:57:34.587+0000] {dag.py:3036} INFO - Sync 1 DAGs
[2025-07-16T23:57:34.603+0000] {logging_mixin.py:188} INFO - [2025-07-16T23:57:34.603+0000] {dag.py:3823} INFO - Setting next_dagrun for tutorial_objectstorage to None, run_after=None
[2025-07-16T23:57:34.631+0000] {processor.py:183} INFO - Processing /home/airflow/.local/lib/python3.8/site-packages/airflow/example_dags/tutorial_objectstorage.py took 0.088 seconds
[2025-07-16T23:58:05.888+0000] {processor.py:161} INFO - Started process (PID=3133) to work on /home/airflow/.local/lib/python3.8/site-packages/airflow/example_dags/tutorial_objectstorage.py
[2025-07-16T23:58:05.890+0000] {processor.py:830} INFO - Processing file /home/airflow/.local/lib/python3.8/site-packages/airflow/example_dags/tutorial_objectstorage.py for tasks to queue
[2025-07-16T23:58:05.893+0000] {logging_mixin.py:188} INFO - [2025-07-16T23:58:05.892+0000] {dagbag.py:538} INFO - Filling up the DagBag from /home/airflow/.local/lib/python3.8/site-packages/airflow/example_dags/tutorial_objectstorage.py
[2025-07-16T23:58:05.902+0000] {processor.py:840} INFO - DAG(s) 'tutorial_objectstorage' retrieved from /home/airflow/.local/lib/python3.8/site-packages/airflow/example_dags/tutorial_objectstorage.py
[2025-07-16T23:58:05.933+0000] {logging_mixin.py:188} INFO - [2025-07-16T23:58:05.933+0000] {dag.py:3036} INFO - Sync 1 DAGs
[2025-07-16T23:58:05.957+0000] {logging_mixin.py:188} INFO - [2025-07-16T23:58:05.956+0000] {dag.py:3823} INFO - Setting next_dagrun for tutorial_objectstorage to None, run_after=None
[2025-07-16T23:58:05.983+0000] {processor.py:183} INFO - Processing /home/airflow/.local/lib/python3.8/site-packages/airflow/example_dags/tutorial_objectstorage.py took 0.100 seconds
[2025-07-16T23:58:36.977+0000] {processor.py:161} INFO - Started process (PID=3197) to work on /home/airflow/.local/lib/python3.8/site-packages/airflow/example_dags/tutorial_objectstorage.py
[2025-07-16T23:58:36.980+0000] {processor.py:830} INFO - Processing file /home/airflow/.local/lib/python3.8/site-packages/airflow/example_dags/tutorial_objectstorage.py for tasks to queue
[2025-07-16T23:58:36.987+0000] {logging_mixin.py:188} INFO - [2025-07-16T23:58:36.986+0000] {dagbag.py:538} INFO - Filling up the DagBag from /home/airflow/.local/lib/python3.8/site-packages/airflow/example_dags/tutorial_objectstorage.py
[2025-07-16T23:58:37.004+0000] {processor.py:840} INFO - DAG(s) 'tutorial_objectstorage' retrieved from /home/airflow/.local/lib/python3.8/site-packages/airflow/example_dags/tutorial_objectstorage.py
[2025-07-16T23:58:37.069+0000] {logging_mixin.py:188} INFO - [2025-07-16T23:58:37.069+0000] {dag.py:3036} INFO - Sync 1 DAGs
[2025-07-16T23:58:37.148+0000] {logging_mixin.py:188} INFO - [2025-07-16T23:58:37.144+0000] {dag.py:3823} INFO - Setting next_dagrun for tutorial_objectstorage to None, run_after=None
[2025-07-16T23:58:37.206+0000] {processor.py:183} INFO - Processing /home/airflow/.local/lib/python3.8/site-packages/airflow/example_dags/tutorial_objectstorage.py took 0.237 seconds
[2025-07-16T23:59:07.613+0000] {processor.py:161} INFO - Started process (PID=3262) to work on /home/airflow/.local/lib/python3.8/site-packages/airflow/example_dags/tutorial_objectstorage.py
[2025-07-16T23:59:07.614+0000] {processor.py:830} INFO - Processing file /home/airflow/.local/lib/python3.8/site-packages/airflow/example_dags/tutorial_objectstorage.py for tasks to queue
[2025-07-16T23:59:07.617+0000] {logging_mixin.py:188} INFO - [2025-07-16T23:59:07.617+0000] {dagbag.py:538} INFO - Filling up the DagBag from /home/airflow/.local/lib/python3.8/site-packages/airflow/example_dags/tutorial_objectstorage.py
[2025-07-16T23:59:07.627+0000] {processor.py:840} INFO - DAG(s) 'tutorial_objectstorage' retrieved from /home/airflow/.local/lib/python3.8/site-packages/airflow/example_dags/tutorial_objectstorage.py
[2025-07-16T23:59:07.671+0000] {logging_mixin.py:188} INFO - [2025-07-16T23:59:07.671+0000] {dag.py:3036} INFO - Sync 1 DAGs
[2025-07-16T23:59:07.700+0000] {logging_mixin.py:188} INFO - [2025-07-16T23:59:07.700+0000] {dag.py:3823} INFO - Setting next_dagrun for tutorial_objectstorage to None, run_after=None
[2025-07-16T23:59:07.740+0000] {processor.py:183} INFO - Processing /home/airflow/.local/lib/python3.8/site-packages/airflow/example_dags/tutorial_objectstorage.py took 0.133 seconds
[2025-07-16T23:59:38.509+0000] {processor.py:161} INFO - Started process (PID=3328) to work on /home/airflow/.local/lib/python3.8/site-packages/airflow/example_dags/tutorial_objectstorage.py
[2025-07-16T23:59:38.511+0000] {processor.py:830} INFO - Processing file /home/airflow/.local/lib/python3.8/site-packages/airflow/example_dags/tutorial_objectstorage.py for tasks to queue
[2025-07-16T23:59:38.515+0000] {logging_mixin.py:188} INFO - [2025-07-16T23:59:38.514+0000] {dagbag.py:538} INFO - Filling up the DagBag from /home/airflow/.local/lib/python3.8/site-packages/airflow/example_dags/tutorial_objectstorage.py
[2025-07-16T23:59:38.528+0000] {processor.py:840} INFO - DAG(s) 'tutorial_objectstorage' retrieved from /home/airflow/.local/lib/python3.8/site-packages/airflow/example_dags/tutorial_objectstorage.py
[2025-07-16T23:59:38.561+0000] {logging_mixin.py:188} INFO - [2025-07-16T23:59:38.561+0000] {dag.py:3036} INFO - Sync 1 DAGs
[2025-07-16T23:59:38.591+0000] {logging_mixin.py:188} INFO - [2025-07-16T23:59:38.591+0000] {dag.py:3823} INFO - Setting next_dagrun for tutorial_objectstorage to None, run_after=None
[2025-07-16T23:59:38.629+0000] {processor.py:183} INFO - Processing /home/airflow/.local/lib/python3.8/site-packages/airflow/example_dags/tutorial_objectstorage.py took 0.125 seconds
