[2025-07-13T04:44:24.316+0000] {taskinstance.py:1956} INFO - Dependencies all met for dep_context=non-requeueable deps ti=<TaskInstance: s3_ingestion.upload_to_s3 manual__2025-07-13T04:39:13.118437+00:00 [queued]>
[2025-07-13T04:44:24.346+0000] {taskinstance.py:1956} INFO - Dependencies all met for dep_context=requeueable deps ti=<TaskInstance: s3_ingestion.upload_to_s3 manual__2025-07-13T04:39:13.118437+00:00 [queued]>
[2025-07-13T04:44:24.348+0000] {taskinstance.py:2170} INFO - Starting attempt 2 of 3
[2025-07-13T04:44:24.387+0000] {taskinstance.py:2191} INFO - Executing <Task(PythonOperator): upload_to_s3> on 2025-07-13 04:39:13.118437+00:00
[2025-07-13T04:44:24.402+0000] {standard_task_runner.py:60} INFO - Started process 3043 to run task
[2025-07-13T04:44:24.409+0000] {standard_task_runner.py:87} INFO - Running: ['***', 'tasks', 'run', 's3_ingestion', 'upload_to_s3', 'manual__2025-07-13T04:39:13.118437+00:00', '--job-id', '5', '--raw', '--subdir', 'DAGS_FOLDER/s3_ingestion_dag.py', '--cfg-path', '/tmp/tmp1w5o38wx']
[2025-07-13T04:44:24.527+0000] {standard_task_runner.py:88} INFO - Job 5: Subtask upload_to_s3
[2025-07-13T04:44:24.771+0000] {task_command.py:423} INFO - Running <TaskInstance: s3_ingestion.upload_to_s3 manual__2025-07-13T04:39:13.118437+00:00 [running]> on host a01d149c224b
[2025-07-13T04:44:25.344+0000] {taskinstance.py:2480} INFO - Exporting env vars: AIRFLOW_CTX_DAG_OWNER='mark' AIRFLOW_CTX_DAG_ID='s3_ingestion' AIRFLOW_CTX_TASK_ID='upload_to_s3' AIRFLOW_CTX_EXECUTION_DATE='2025-07-13T04:39:13.118437+00:00' AIRFLOW_CTX_TRY_NUMBER='2' AIRFLOW_CTX_DAG_RUN_ID='manual__2025-07-13T04:39:13.118437+00:00'
[2025-07-13T04:44:27.661+0000] {taskinstance.py:2698} ERROR - Task failed with exception
Traceback (most recent call last):
  File "/home/airflow/.local/lib/python3.8/site-packages/airflow/models/taskinstance.py", line 433, in _execute_task
    result = execute_callable(context=context, **execute_callable_kwargs)
  File "/home/airflow/.local/lib/python3.8/site-packages/airflow/operators/python.py", line 199, in execute
    return_value = self.execute_callable()
  File "/home/airflow/.local/lib/python3.8/site-packages/airflow/operators/python.py", line 216, in execute_callable
    return self.python_callable(*self.op_args, **self.op_kwargs)
  File "/opt/airflow/dags/s3_ingestion_dag.py", line 8, in upload_to_s3
    with open('/app/data/dataset.csv', 'rb') as f:
FileNotFoundError: [Errno 2] No such file or directory: '/app/data/dataset.csv'
[2025-07-13T04:44:27.678+0000] {taskinstance.py:1138} INFO - Marking task as UP_FOR_RETRY. dag_id=s3_ingestion, task_id=upload_to_s3, execution_date=20250713T043913, start_date=20250713T044424, end_date=20250713T044427
[2025-07-13T04:44:27.697+0000] {standard_task_runner.py:107} ERROR - Failed to execute job 5 for task upload_to_s3 ([Errno 2] No such file or directory: '/app/data/dataset.csv'; 3043)
[2025-07-13T04:44:27.733+0000] {local_task_job_runner.py:234} INFO - Task exited with return code 1
[2025-07-13T04:44:27.764+0000] {taskinstance.py:3280} INFO - 0 downstream tasks scheduled from follow-on schedule check
